-- The C compiler identification is GNU 9.4.0
-- The CXX compiler identification is GNU 9.4.0
-- Check for working C compiler: /usr/bin/cc
-- Check for working C compiler: /usr/bin/cc -- works
-- Detecting C compiler ABI info
-- Detecting C compiler ABI info - done
-- Detecting C compile features
-- Detecting C compile features - done
-- Check for working CXX compiler: /usr/bin/c++
-- Check for working CXX compiler: /usr/bin/c++ -- works
-- Detecting CXX compiler ABI info
-- Detecting CXX compiler ABI info - done
-- Detecting CXX compile features
-- Detecting CXX compile features - done
-- Found ament_cmake_ros: 0.9.2 (/opt/ros/galactic/share/ament_cmake_ros/cmake)
-- Found PythonInterp: /usr/bin/python3 (found suitable version "3.8.10", minimum required is "3") 
-- Using PYTHON_EXECUTABLE: /usr/bin/python3
CMake Error at CMakeLists.txt:6 (find_package):
  By not providing "Findasync_web_server_cpp.cmake" in CMAKE_MODULE_PATH this
  project has asked CMake to find a package configuration file provided by
  "async_web_server_cpp", but CMake did not find one.

  Could not find a package configuration file provided by
  "async_web_server_cpp" with any of the following names:

    async_web_server_cppConfig.cmake
    async_web_server_cpp-config.cmake

  Add the installation prefix of "async_web_server_cpp" to CMAKE_PREFIX_PATH
  or set "async_web_server_cpp_DIR" to a directory containing one of the
  above files.  If "async_web_server_cpp" provides a separate development
  package or SDK, be sure it has been installed.


-- Configuring incomplete, errors occurred!
See also "/home/wheeltec/wheeltec_ros2/build/web_video_server/CMakeFiles/CMakeOutput.log".
