[0.122s] Invoking command in '/home/wheeltec/wheeltec_ros2/build/wheeltec_robot_rtab': CMAKE_PREFIX_PATH=${CMAKE_PREFIX_PATH}:/home/wheeltec/wheeltec_ros2/install/simple_follower_ros2:/home/wheeltec/wheeltec_ros2/install/wheeltec_robot_keyboard:/home/wheeltec/wheeltec_ros2/install/tf2_tools:/home/wheeltec/wheeltec_ros2/install/nav2_simple_commander:/home/wheeltec/wheeltec_ros2/install/nav2_gazebo_spawner:/opt/ros/galactic /usr/bin/cmake --build /home/wheeltec/wheeltec_ros2/build/wheeltec_robot_rtab -- -j4 -l4
[0.399s] Invoked command in '/home/wheeltec/wheeltec_ros2/build/wheeltec_robot_rtab' returned '0': CMAKE_PREFIX_PATH=${CMAKE_PREFIX_PATH}:/home/wheeltec/wheeltec_ros2/install/simple_follower_ros2:/home/wheeltec/wheeltec_ros2/install/wheeltec_robot_keyboard:/home/wheeltec/wheeltec_ros2/install/tf2_tools:/home/wheeltec/wheeltec_ros2/install/nav2_simple_commander:/home/wheeltec/wheeltec_ros2/install/nav2_gazebo_spawner:/opt/ros/galactic /usr/bin/cmake --build /home/wheeltec/wheeltec_ros2/build/wheeltec_robot_rtab -- -j4 -l4
[0.555s] Invoking command in '/home/wheeltec/wheeltec_ros2/build/wheeltec_robot_rtab': CMAKE_PREFIX_PATH=${CMAKE_PREFIX_PATH}:/home/wheeltec/wheeltec_ros2/install/simple_follower_ros2:/home/wheeltec/wheeltec_ros2/install/wheeltec_robot_keyboard:/home/wheeltec/wheeltec_ros2/install/tf2_tools:/home/wheeltec/wheeltec_ros2/install/nav2_simple_commander:/home/wheeltec/wheeltec_ros2/install/nav2_gazebo_spawner:/opt/ros/galactic /usr/bin/cmake --install /home/wheeltec/wheeltec_ros2/build/wheeltec_robot_rtab
[0.625s] -- Install configuration: ""
[0.627s] -- Up-to-date: /home/wheeltec/wheeltec_ros2/install/wheeltec_robot_rtab/share/wheeltec_robot_rtab/launch
[0.629s] -- Up-to-date: /home/wheeltec/wheeltec_ros2/install/wheeltec_robot_rtab/share/wheeltec_robot_rtab/launch/wheeltec_nav2_rtab.launch.py
[0.630s] -- Up-to-date: /home/wheeltec/wheeltec_ros2/install/wheeltec_robot_rtab/share/wheeltec_robot_rtab/launch/wheeltec_slam_rtab.launch.py
[0.632s] -- Up-to-date: /home/wheeltec/wheeltec_ros2/install/wheeltec_robot_rtab/share/ament_index/resource_index/package_run_dependencies/wheeltec_robot_rtab
[0.634s] -- Up-to-date: /home/wheeltec/wheeltec_ros2/install/wheeltec_robot_rtab/share/ament_index/resource_index/parent_prefix_path/wheeltec_robot_rtab
[0.636s] -- Up-to-date: /home/wheeltec/wheeltec_ros2/install/wheeltec_robot_rtab/share/wheeltec_robot_rtab/environment/ament_prefix_path.sh
[0.637s] -- Up-to-date: /home/wheeltec/wheeltec_ros2/install/wheeltec_robot_rtab/share/wheeltec_robot_rtab/environment/ament_prefix_path.dsv
[0.638s] -- Up-to-date: /home/wheeltec/wheeltec_ros2/install/wheeltec_robot_rtab/share/wheeltec_robot_rtab/environment/path.sh
[0.639s] -- Up-to-date: /home/wheeltec/wheeltec_ros2/install/wheeltec_robot_rtab/share/wheeltec_robot_rtab/environment/path.dsv
[0.641s] -- Up-to-date: /home/wheeltec/wheeltec_ros2/install/wheeltec_robot_rtab/share/wheeltec_robot_rtab/local_setup.bash
[0.642s] -- Up-to-date: /home/wheeltec/wheeltec_ros2/install/wheeltec_robot_rtab/share/wheeltec_robot_rtab/local_setup.sh
[0.643s] -- Up-to-date: /home/wheeltec/wheeltec_ros2/install/wheeltec_robot_rtab/share/wheeltec_robot_rtab/local_setup.zsh
[0.643s] -- Up-to-date: /home/wheeltec/wheeltec_ros2/install/wheeltec_robot_rtab/share/wheeltec_robot_rtab/local_setup.dsv
[0.647s] -- Up-to-date: /home/wheeltec/wheeltec_ros2/install/wheeltec_robot_rtab/share/wheeltec_robot_rtab/package.dsv
[0.648s] -- Up-to-date: /home/wheeltec/wheeltec_ros2/install/wheeltec_robot_rtab/share/ament_index/resource_index/packages/wheeltec_robot_rtab
[0.649s] -- Up-to-date: /home/wheeltec/wheeltec_ros2/install/wheeltec_robot_rtab/share/wheeltec_robot_rtab/cmake/wheeltec_robot_rtabConfig.cmake
[0.650s] -- Up-to-date: /home/wheeltec/wheeltec_ros2/install/wheeltec_robot_rtab/share/wheeltec_robot_rtab/cmake/wheeltec_robot_rtabConfig-version.cmake
[0.651s] -- Up-to-date: /home/wheeltec/wheeltec_ros2/install/wheeltec_robot_rtab/share/wheeltec_robot_rtab/package.xml
[0.664s] Invoked command in '/home/wheeltec/wheeltec_ros2/build/wheeltec_robot_rtab' returned '0': CMAKE_PREFIX_PATH=${CMAKE_PREFIX_PATH}:/home/wheeltec/wheeltec_ros2/install/simple_follower_ros2:/home/wheeltec/wheeltec_ros2/install/wheeltec_robot_keyboard:/home/wheeltec/wheeltec_ros2/install/tf2_tools:/home/wheeltec/wheeltec_ros2/install/nav2_simple_commander:/home/wheeltec/wheeltec_ros2/install/nav2_gazebo_spawner:/opt/ros/galactic /usr/bin/cmake --install /home/wheeltec/wheeltec_ros2/build/wheeltec_robot_rtab
