[0.111s] Invoking command in '/home/wheeltec/wheeltec_ros2/build/wheeltec_rrt_msg': CMAKE_PREFIX_PATH=${CMAKE_PREFIX_PATH}:/home/wheeltec/wheeltec_ros2/install/simple_follower_ros2:/home/wheeltec/wheeltec_ros2/install/wheeltec_robot_keyboard:/home/wheeltec/wheeltec_ros2/install/tf2_tools:/home/wheeltec/wheeltec_ros2/install/nav2_simple_commander:/home/wheeltec/wheeltec_ros2/install/nav2_gazebo_spawner:/opt/ros/galactic /usr/bin/cmake --build /home/wheeltec/wheeltec_ros2/build/wheeltec_rrt_msg -- -j4 -l4
[0.555s] [ 11%] Built target wheeltec_rrt_msg__rosidl_generator_c
[0.710s] [ 12%] Built target wheeltec_rrt_msg__cpp
[0.934s] [ 23%] Built target wheeltec_rrt_msg__rosidl_typesupport_introspection_c
[1.164s] [ 34%] Built target wheeltec_rrt_msg__rosidl_typesupport_fastrtps_cpp
[1.345s] [ 46%] Built target wheeltec_rrt_msg__rosidl_typesupport_introspection_cpp
[1.564s] [ 57%] Built target wheeltec_rrt_msg__rosidl_typesupport_fastrtps_c
[1.798s] [ 68%] Built target wheeltec_rrt_msg__rosidl_typesupport_cpp
[1.988s] [ 79%] Built target wheeltec_rrt_msg__rosidl_typesupport_c
[2.131s] [ 79%] Built target wheeltec_rrt_msg
[2.293s] [ 80%] Built target wheeltec_rrt_msg__py
[2.533s] [ 90%] Built target wheeltec_rrt_msg__python
[2.740s] [ 93%] Built target wheeltec_rrt_msg__rosidl_typesupport_c__pyext
[2.935s] [ 96%] Built target wheeltec_rrt_msg__rosidl_typesupport_introspection_c__pyext
[3.141s] [100%] Built target wheeltec_rrt_msg__rosidl_typesupport_fastrtps_c__pyext
[3.214s] Invoked command in '/home/wheeltec/wheeltec_ros2/build/wheeltec_rrt_msg' returned '0': CMAKE_PREFIX_PATH=${CMAKE_PREFIX_PATH}:/home/wheeltec/wheeltec_ros2/install/simple_follower_ros2:/home/wheeltec/wheeltec_ros2/install/wheeltec_robot_keyboard:/home/wheeltec/wheeltec_ros2/install/tf2_tools:/home/wheeltec/wheeltec_ros2/install/nav2_simple_commander:/home/wheeltec/wheeltec_ros2/install/nav2_gazebo_spawner:/opt/ros/galactic /usr/bin/cmake --build /home/wheeltec/wheeltec_ros2/build/wheeltec_rrt_msg -- -j4 -l4
[4.416s] Invoking command in '/home/wheeltec/wheeltec_ros2/build/wheeltec_rrt_msg': CMAKE_PREFIX_PATH=${CMAKE_PREFIX_PATH}:/home/wheeltec/wheeltec_ros2/install/simple_follower_ros2:/home/wheeltec/wheeltec_ros2/install/wheeltec_robot_keyboard:/home/wheeltec/wheeltec_ros2/install/tf2_tools:/home/wheeltec/wheeltec_ros2/install/nav2_simple_commander:/home/wheeltec/wheeltec_ros2/install/nav2_gazebo_spawner:/opt/ros/galactic /usr/bin/cmake --install /home/wheeltec/wheeltec_ros2/build/wheeltec_rrt_msg
[4.481s] -- Install configuration: ""
[4.482s] -- Up-to-date: /home/wheeltec/wheeltec_ros2/install/wheeltec_rrt_msg/share/ament_index/resource_index/rosidl_interfaces/wheeltec_rrt_msg
[4.483s] -- Up-to-date: /home/wheeltec/wheeltec_ros2/install/wheeltec_rrt_msg/include/wheeltec_rrt_msg
[4.484s] -- Up-to-date: /home/wheeltec/wheeltec_ros2/install/wheeltec_rrt_msg/include/wheeltec_rrt_msg/action
[4.484s] -- Up-to-date: /home/wheeltec/wheeltec_ros2/install/wheeltec_rrt_msg/include/wheeltec_rrt_msg/action/detail
[4.485s] -- Up-to-date: /home/wheeltec/wheeltec_ros2/install/wheeltec_rrt_msg/include/wheeltec_rrt_msg/action/detail/find_coloured_box__struct.h
[4.486s] -- Up-to-date: /home/wheeltec/wheeltec_ros2/install/wheeltec_rrt_msg/include/wheeltec_rrt_msg/action/detail/find_coloured_box__type_support.h
[4.486s] -- Up-to-date: /home/wheeltec/wheeltec_ros2/install/wheeltec_rrt_msg/include/wheeltec_rrt_msg/action/detail/pick_coloured_box__type_support.h
[4.487s] -- Up-to-date: /home/wheeltec/wheeltec_ros2/install/wheeltec_rrt_msg/include/wheeltec_rrt_msg/action/detail/change_position__functions.c
[4.487s] -- Up-to-date: /home/wheeltec/wheeltec_ros2/install/wheeltec_rrt_msg/include/wheeltec_rrt_msg/action/detail/pick_coloured_box__functions.c
[4.487s] -- Up-to-date: /home/wheeltec/wheeltec_ros2/install/wheeltec_rrt_msg/include/wheeltec_rrt_msg/action/detail/pick_coloured_box__struct.h
[4.488s] -- Up-to-date: /home/wheeltec/wheeltec_ros2/install/wheeltec_rrt_msg/include/wheeltec_rrt_msg/action/detail/find_coloured_box__functions.c
[4.489s] -- Up-to-date: /home/wheeltec/wheeltec_ros2/install/wheeltec_rrt_msg/include/wheeltec_rrt_msg/action/detail/find_coloured_box__functions.h
[4.490s] -- Up-to-date: /home/wheeltec/wheeltec_ros2/install/wheeltec_rrt_msg/include/wheeltec_rrt_msg/action/detail/pick_coloured_box__functions.h
[4.490s] -- Up-to-date: /home/wheeltec/wheeltec_ros2/install/wheeltec_rrt_msg/include/wheeltec_rrt_msg/action/detail/change_position__functions.h
[4.491s] -- Up-to-date: /home/wheeltec/wheeltec_ros2/install/wheeltec_rrt_msg/include/wheeltec_rrt_msg/action/detail/change_position__type_support.h
[4.491s] -- Up-to-date: /home/wheeltec/wheeltec_ros2/install/wheeltec_rrt_msg/include/wheeltec_rrt_msg/action/detail/change_position__struct.h
[4.492s] -- Up-to-date: /home/wheeltec/wheeltec_ros2/install/wheeltec_rrt_msg/include/wheeltec_rrt_msg/action/find_coloured_box.h
[4.492s] -- Up-to-date: /home/wheeltec/wheeltec_ros2/install/wheeltec_rrt_msg/include/wheeltec_rrt_msg/action/change_position.h
[4.493s] -- Up-to-date: /home/wheeltec/wheeltec_ros2/install/wheeltec_rrt_msg/include/wheeltec_rrt_msg/action/pick_coloured_box.h
[4.493s] -- Up-to-date: /home/wheeltec/wheeltec_ros2/install/wheeltec_rrt_msg/include/wheeltec_rrt_msg/msg
[4.494s] -- Up-to-date: /home/wheeltec/wheeltec_ros2/install/wheeltec_rrt_msg/include/wheeltec_rrt_msg/msg/detail
[4.495s] -- Up-to-date: /home/wheeltec/wheeltec_ros2/install/wheeltec_rrt_msg/include/wheeltec_rrt_msg/msg/detail/point_array__type_support.h
[4.496s] -- Up-to-date: /home/wheeltec/wheeltec_ros2/install/wheeltec_rrt_msg/include/wheeltec_rrt_msg/msg/detail/point_array__functions.c
[4.496s] -- Up-to-date: /home/wheeltec/wheeltec_ros2/install/wheeltec_rrt_msg/include/wheeltec_rrt_msg/msg/detail/point_array__struct.h
[4.497s] -- Up-to-date: /home/wheeltec/wheeltec_ros2/install/wheeltec_rrt_msg/include/wheeltec_rrt_msg/msg/detail/point_array__functions.h
[4.497s] -- Up-to-date: /home/wheeltec/wheeltec_ros2/install/wheeltec_rrt_msg/include/wheeltec_rrt_msg/msg/rosidl_generator_c__visibility_control.h
[4.498s] -- Up-to-date: /home/wheeltec/wheeltec_ros2/install/wheeltec_rrt_msg/include/wheeltec_rrt_msg/msg/point_array.h
[4.498s] -- Up-to-date: /home/wheeltec/wheeltec_ros2/install/wheeltec_rrt_msg/include/wheeltec_rrt_msg/srv
[4.499s] -- Up-to-date: /home/wheeltec/wheeltec_ros2/install/wheeltec_rrt_msg/include/wheeltec_rrt_msg/srv/detail
[4.500s] -- Up-to-date: /home/wheeltec/wheeltec_ros2/install/wheeltec_rrt_msg/include/wheeltec_rrt_msg/srv/detail/delete_shape__type_support.h
[4.502s] -- Up-to-date: /home/wheeltec/wheeltec_ros2/install/wheeltec_rrt_msg/include/wheeltec_rrt_msg/srv/detail/delete_shape__struct.h
[4.502s] -- Up-to-date: /home/wheeltec/wheeltec_ros2/install/wheeltec_rrt_msg/include/wheeltec_rrt_msg/srv/detail/delete_shape__functions.c
[4.503s] -- Up-to-date: /home/wheeltec/wheeltec_ros2/install/wheeltec_rrt_msg/include/wheeltec_rrt_msg/srv/detail/delete_shape__functions.h
[4.503s] -- Up-to-date: /home/wheeltec/wheeltec_ros2/install/wheeltec_rrt_msg/include/wheeltec_rrt_msg/srv/delete_shape.h
[4.504s] -- Up-to-date: /home/wheeltec/wheeltec_ros2/install/wheeltec_rrt_msg/share/wheeltec_rrt_msg/environment/library_path.sh
[4.504s] -- Up-to-date: /home/wheeltec/wheeltec_ros2/install/wheeltec_rrt_msg/share/wheeltec_rrt_msg/environment/library_path.dsv
[4.504s] -- Up-to-date: /home/wheeltec/wheeltec_ros2/install/wheeltec_rrt_msg/lib/libwheeltec_rrt_msg__rosidl_generator_c.so
[4.505s] -- Up-to-date: /home/wheeltec/wheeltec_ros2/install/wheeltec_rrt_msg/include/wheeltec_rrt_msg
[4.506s] -- Up-to-date: /home/wheeltec/wheeltec_ros2/install/wheeltec_rrt_msg/include/wheeltec_rrt_msg/action
[4.507s] -- Up-to-date: /home/wheeltec/wheeltec_ros2/install/wheeltec_rrt_msg/include/wheeltec_rrt_msg/action/detail
[4.507s] -- Up-to-date: /home/wheeltec/wheeltec_ros2/install/wheeltec_rrt_msg/include/wheeltec_rrt_msg/action/detail/find_coloured_box__rosidl_typesupport_fastrtps_c.h
[4.508s] -- Up-to-date: /home/wheeltec/wheeltec_ros2/install/wheeltec_rrt_msg/include/wheeltec_rrt_msg/action/detail/change_position__rosidl_typesupport_fastrtps_c.h
[4.509s] -- Up-to-date: /home/wheeltec/wheeltec_ros2/install/wheeltec_rrt_msg/include/wheeltec_rrt_msg/action/detail/pick_coloured_box__rosidl_typesupport_fastrtps_c.h
[4.509s] -- Up-to-date: /home/wheeltec/wheeltec_ros2/install/wheeltec_rrt_msg/include/wheeltec_rrt_msg/msg
[4.509s] -- Up-to-date: /home/wheeltec/wheeltec_ros2/install/wheeltec_rrt_msg/include/wheeltec_rrt_msg/msg/detail
[4.510s] -- Up-to-date: /home/wheeltec/wheeltec_ros2/install/wheeltec_rrt_msg/include/wheeltec_rrt_msg/msg/detail/point_array__rosidl_typesupport_fastrtps_c.h
[4.511s] -- Up-to-date: /home/wheeltec/wheeltec_ros2/install/wheeltec_rrt_msg/include/wheeltec_rrt_msg/msg/rosidl_typesupport_fastrtps_c__visibility_control.h
[4.511s] -- Up-to-date: /home/wheeltec/wheeltec_ros2/install/wheeltec_rrt_msg/include/wheeltec_rrt_msg/srv
[4.512s] -- Up-to-date: /home/wheeltec/wheeltec_ros2/install/wheeltec_rrt_msg/include/wheeltec_rrt_msg/srv/detail
[4.512s] -- Up-to-date: /home/wheeltec/wheeltec_ros2/install/wheeltec_rrt_msg/include/wheeltec_rrt_msg/srv/detail/delete_shape__rosidl_typesupport_fastrtps_c.h
[4.512s] -- Up-to-date: /home/wheeltec/wheeltec_ros2/install/wheeltec_rrt_msg/lib/libwheeltec_rrt_msg__rosidl_typesupport_fastrtps_c.so
[4.513s] -- Up-to-date: /home/wheeltec/wheeltec_ros2/install/wheeltec_rrt_msg/include/wheeltec_rrt_msg
[4.513s] -- Up-to-date: /home/wheeltec/wheeltec_ros2/install/wheeltec_rrt_msg/include/wheeltec_rrt_msg/action
[4.514s] -- Up-to-date: /home/wheeltec/wheeltec_ros2/install/wheeltec_rrt_msg/include/wheeltec_rrt_msg/action/detail
[4.514s] -- Up-to-date: /home/wheeltec/wheeltec_ros2/install/wheeltec_rrt_msg/include/wheeltec_rrt_msg/action/detail/change_position__rosidl_typesupport_fastrtps_cpp.hpp
[4.515s] -- Up-to-date: /home/wheeltec/wheeltec_ros2/install/wheeltec_rrt_msg/include/wheeltec_rrt_msg/action/detail/pick_coloured_box__rosidl_typesupport_fastrtps_cpp.hpp
[4.516s] -- Up-to-date: /home/wheeltec/wheeltec_ros2/install/wheeltec_rrt_msg/include/wheeltec_rrt_msg/action/detail/find_coloured_box__rosidl_typesupport_fastrtps_cpp.hpp
[4.517s] -- Up-to-date: /home/wheeltec/wheeltec_ros2/install/wheeltec_rrt_msg/include/wheeltec_rrt_msg/action/detail/dds_fastrtps
[4.518s] -- Up-to-date: /home/wheeltec/wheeltec_ros2/install/wheeltec_rrt_msg/include/wheeltec_rrt_msg/msg
[4.519s] -- Up-to-date: /home/wheeltec/wheeltec_ros2/install/wheeltec_rrt_msg/include/wheeltec_rrt_msg/msg/rosidl_typesupport_fastrtps_cpp__visibility_control.h
[4.520s] -- Up-to-date: /home/wheeltec/wheeltec_ros2/install/wheeltec_rrt_msg/include/wheeltec_rrt_msg/msg/detail
[4.520s] -- Up-to-date: /home/wheeltec/wheeltec_ros2/install/wheeltec_rrt_msg/include/wheeltec_rrt_msg/msg/detail/dds_fastrtps
[4.522s] -- Up-to-date: /home/wheeltec/wheeltec_ros2/install/wheeltec_rrt_msg/include/wheeltec_rrt_msg/msg/detail/point_array__rosidl_typesupport_fastrtps_cpp.hpp
[4.522s] -- Up-to-date: /home/wheeltec/wheeltec_ros2/install/wheeltec_rrt_msg/include/wheeltec_rrt_msg/srv
[4.523s] -- Up-to-date: /home/wheeltec/wheeltec_ros2/install/wheeltec_rrt_msg/include/wheeltec_rrt_msg/srv/detail
[4.523s] -- Up-to-date: /home/wheeltec/wheeltec_ros2/install/wheeltec_rrt_msg/include/wheeltec_rrt_msg/srv/detail/dds_fastrtps
[4.524s] -- Up-to-date: /home/wheeltec/wheeltec_ros2/install/wheeltec_rrt_msg/include/wheeltec_rrt_msg/srv/detail/delete_shape__rosidl_typesupport_fastrtps_cpp.hpp
[4.524s] -- Up-to-date: /home/wheeltec/wheeltec_ros2/install/wheeltec_rrt_msg/lib/libwheeltec_rrt_msg__rosidl_typesupport_fastrtps_cpp.so
[4.525s] -- Up-to-date: /home/wheeltec/wheeltec_ros2/install/wheeltec_rrt_msg/include/wheeltec_rrt_msg
[4.525s] -- Up-to-date: /home/wheeltec/wheeltec_ros2/install/wheeltec_rrt_msg/include/wheeltec_rrt_msg/action
[4.525s] -- Up-to-date: /home/wheeltec/wheeltec_ros2/install/wheeltec_rrt_msg/include/wheeltec_rrt_msg/action/detail
[4.526s] -- Up-to-date: /home/wheeltec/wheeltec_ros2/install/wheeltec_rrt_msg/include/wheeltec_rrt_msg/action/detail/change_position__type_support.c
[4.526s] -- Up-to-date: /home/wheeltec/wheeltec_ros2/install/wheeltec_rrt_msg/include/wheeltec_rrt_msg/action/detail/change_position__rosidl_typesupport_introspection_c.h
[4.527s] -- Up-to-date: /home/wheeltec/wheeltec_ros2/install/wheeltec_rrt_msg/include/wheeltec_rrt_msg/action/detail/find_coloured_box__type_support.c
[4.527s] -- Up-to-date: /home/wheeltec/wheeltec_ros2/install/wheeltec_rrt_msg/include/wheeltec_rrt_msg/action/detail/pick_coloured_box__rosidl_typesupport_introspection_c.h
[4.528s] -- Up-to-date: /home/wheeltec/wheeltec_ros2/install/wheeltec_rrt_msg/include/wheeltec_rrt_msg/action/detail/find_coloured_box__rosidl_typesupport_introspection_c.h
[4.528s] -- Up-to-date: /home/wheeltec/wheeltec_ros2/install/wheeltec_rrt_msg/include/wheeltec_rrt_msg/action/detail/pick_coloured_box__type_support.c
[4.529s] -- Up-to-date: /home/wheeltec/wheeltec_ros2/install/wheeltec_rrt_msg/include/wheeltec_rrt_msg/msg
[4.529s] -- Up-to-date: /home/wheeltec/wheeltec_ros2/install/wheeltec_rrt_msg/include/wheeltec_rrt_msg/msg/detail
[4.530s] -- Up-to-date: /home/wheeltec/wheeltec_ros2/install/wheeltec_rrt_msg/include/wheeltec_rrt_msg/msg/detail/point_array__type_support.c
[4.530s] -- Up-to-date: /home/wheeltec/wheeltec_ros2/install/wheeltec_rrt_msg/include/wheeltec_rrt_msg/msg/detail/point_array__rosidl_typesupport_introspection_c.h
[4.531s] -- Up-to-date: /home/wheeltec/wheeltec_ros2/install/wheeltec_rrt_msg/include/wheeltec_rrt_msg/msg/rosidl_typesupport_introspection_c__visibility_control.h
[4.531s] -- Up-to-date: /home/wheeltec/wheeltec_ros2/install/wheeltec_rrt_msg/include/wheeltec_rrt_msg/srv
[4.531s] -- Up-to-date: /home/wheeltec/wheeltec_ros2/install/wheeltec_rrt_msg/include/wheeltec_rrt_msg/srv/detail
[4.532s] -- Up-to-date: /home/wheeltec/wheeltec_ros2/install/wheeltec_rrt_msg/include/wheeltec_rrt_msg/srv/detail/delete_shape__rosidl_typesupport_introspection_c.h
[4.532s] -- Up-to-date: /home/wheeltec/wheeltec_ros2/install/wheeltec_rrt_msg/include/wheeltec_rrt_msg/srv/detail/delete_shape__type_support.c
[4.532s] -- Up-to-date: /home/wheeltec/wheeltec_ros2/install/wheeltec_rrt_msg/lib/libwheeltec_rrt_msg__rosidl_typesupport_introspection_c.so
[4.533s] -- Up-to-date: /home/wheeltec/wheeltec_ros2/install/wheeltec_rrt_msg/lib/libwheeltec_rrt_msg__rosidl_typesupport_c.so
[4.533s] -- Up-to-date: /home/wheeltec/wheeltec_ros2/install/wheeltec_rrt_msg/include/wheeltec_rrt_msg
[4.533s] -- Up-to-date: /home/wheeltec/wheeltec_ros2/install/wheeltec_rrt_msg/include/wheeltec_rrt_msg/action
[4.534s] -- Up-to-date: /home/wheeltec/wheeltec_ros2/install/wheeltec_rrt_msg/include/wheeltec_rrt_msg/action/change_position.hpp
[4.534s] -- Up-to-date: /home/wheeltec/wheeltec_ros2/install/wheeltec_rrt_msg/include/wheeltec_rrt_msg/action/detail
[4.535s] -- Up-to-date: /home/wheeltec/wheeltec_ros2/install/wheeltec_rrt_msg/include/wheeltec_rrt_msg/action/detail/pick_coloured_box__builder.hpp
[4.535s] -- Up-to-date: /home/wheeltec/wheeltec_ros2/install/wheeltec_rrt_msg/include/wheeltec_rrt_msg/action/detail/find_coloured_box__traits.hpp
[4.535s] -- Up-to-date: /home/wheeltec/wheeltec_ros2/install/wheeltec_rrt_msg/include/wheeltec_rrt_msg/action/detail/change_position__traits.hpp
[4.536s] -- Up-to-date: /home/wheeltec/wheeltec_ros2/install/wheeltec_rrt_msg/include/wheeltec_rrt_msg/action/detail/change_position__builder.hpp
[4.537s] -- Up-to-date: /home/wheeltec/wheeltec_ros2/install/wheeltec_rrt_msg/include/wheeltec_rrt_msg/action/detail/change_position__struct.hpp
[4.537s] -- Up-to-date: /home/wheeltec/wheeltec_ros2/install/wheeltec_rrt_msg/include/wheeltec_rrt_msg/action/detail/find_coloured_box__struct.hpp
[4.538s] -- Up-to-date: /home/wheeltec/wheeltec_ros2/install/wheeltec_rrt_msg/include/wheeltec_rrt_msg/action/detail/find_coloured_box__builder.hpp
[4.538s] -- Up-to-date: /home/wheeltec/wheeltec_ros2/install/wheeltec_rrt_msg/include/wheeltec_rrt_msg/action/detail/pick_coloured_box__traits.hpp
[4.538s] -- Up-to-date: /home/wheeltec/wheeltec_ros2/install/wheeltec_rrt_msg/include/wheeltec_rrt_msg/action/detail/pick_coloured_box__struct.hpp
[4.539s] -- Up-to-date: /home/wheeltec/wheeltec_ros2/install/wheeltec_rrt_msg/include/wheeltec_rrt_msg/action/pick_coloured_box.hpp
[4.539s] -- Up-to-date: /home/wheeltec/wheeltec_ros2/install/wheeltec_rrt_msg/include/wheeltec_rrt_msg/action/find_coloured_box.hpp
[4.540s] -- Up-to-date: /home/wheeltec/wheeltec_ros2/install/wheeltec_rrt_msg/include/wheeltec_rrt_msg/msg
[4.540s] -- Up-to-date: /home/wheeltec/wheeltec_ros2/install/wheeltec_rrt_msg/include/wheeltec_rrt_msg/msg/detail
[4.540s] -- Up-to-date: /home/wheeltec/wheeltec_ros2/install/wheeltec_rrt_msg/include/wheeltec_rrt_msg/msg/detail/point_array__builder.hpp
[4.541s] -- Up-to-date: /home/wheeltec/wheeltec_ros2/install/wheeltec_rrt_msg/include/wheeltec_rrt_msg/msg/detail/point_array__struct.hpp
[4.541s] -- Up-to-date: /home/wheeltec/wheeltec_ros2/install/wheeltec_rrt_msg/include/wheeltec_rrt_msg/msg/detail/point_array__traits.hpp
[4.542s] -- Up-to-date: /home/wheeltec/wheeltec_ros2/install/wheeltec_rrt_msg/include/wheeltec_rrt_msg/msg/point_array.hpp
[4.542s] -- Up-to-date: /home/wheeltec/wheeltec_ros2/install/wheeltec_rrt_msg/include/wheeltec_rrt_msg/srv
[4.542s] -- Up-to-date: /home/wheeltec/wheeltec_ros2/install/wheeltec_rrt_msg/include/wheeltec_rrt_msg/srv/detail
[4.543s] -- Up-to-date: /home/wheeltec/wheeltec_ros2/install/wheeltec_rrt_msg/include/wheeltec_rrt_msg/srv/detail/delete_shape__traits.hpp
[4.543s] -- Up-to-date: /home/wheeltec/wheeltec_ros2/install/wheeltec_rrt_msg/include/wheeltec_rrt_msg/srv/detail/delete_shape__builder.hpp
[4.544s] -- Up-to-date: /home/wheeltec/wheeltec_ros2/install/wheeltec_rrt_msg/include/wheeltec_rrt_msg/srv/detail/delete_shape__struct.hpp
[4.545s] -- Up-to-date: /home/wheeltec/wheeltec_ros2/install/wheeltec_rrt_msg/include/wheeltec_rrt_msg/srv/delete_shape.hpp
[4.545s] -- Up-to-date: /home/wheeltec/wheeltec_ros2/install/wheeltec_rrt_msg/include/wheeltec_rrt_msg
[4.546s] -- Up-to-date: /home/wheeltec/wheeltec_ros2/install/wheeltec_rrt_msg/include/wheeltec_rrt_msg/action
[4.546s] -- Up-to-date: /home/wheeltec/wheeltec_ros2/install/wheeltec_rrt_msg/include/wheeltec_rrt_msg/action/detail
[4.546s] -- Up-to-date: /home/wheeltec/wheeltec_ros2/install/wheeltec_rrt_msg/include/wheeltec_rrt_msg/action/detail/pick_coloured_box__type_support.cpp
[4.547s] -- Up-to-date: /home/wheeltec/wheeltec_ros2/install/wheeltec_rrt_msg/include/wheeltec_rrt_msg/action/detail/pick_coloured_box__rosidl_typesupport_introspection_cpp.hpp
[4.547s] -- Up-to-date: /home/wheeltec/wheeltec_ros2/install/wheeltec_rrt_msg/include/wheeltec_rrt_msg/action/detail/change_position__rosidl_typesupport_introspection_cpp.hpp
[4.548s] -- Up-to-date: /home/wheeltec/wheeltec_ros2/install/wheeltec_rrt_msg/include/wheeltec_rrt_msg/action/detail/find_coloured_box__type_support.cpp
[4.548s] -- Up-to-date: /home/wheeltec/wheeltec_ros2/install/wheeltec_rrt_msg/include/wheeltec_rrt_msg/action/detail/find_coloured_box__rosidl_typesupport_introspection_cpp.hpp
[4.549s] -- Up-to-date: /home/wheeltec/wheeltec_ros2/install/wheeltec_rrt_msg/include/wheeltec_rrt_msg/action/detail/change_position__type_support.cpp
[4.549s] -- Up-to-date: /home/wheeltec/wheeltec_ros2/install/wheeltec_rrt_msg/include/wheeltec_rrt_msg/msg
[4.549s] -- Up-to-date: /home/wheeltec/wheeltec_ros2/install/wheeltec_rrt_msg/include/wheeltec_rrt_msg/msg/detail
[4.550s] -- Up-to-date: /home/wheeltec/wheeltec_ros2/install/wheeltec_rrt_msg/include/wheeltec_rrt_msg/msg/detail/point_array__rosidl_typesupport_introspection_cpp.hpp
[4.550s] -- Up-to-date: /home/wheeltec/wheeltec_ros2/install/wheeltec_rrt_msg/include/wheeltec_rrt_msg/msg/detail/point_array__type_support.cpp
[4.551s] -- Up-to-date: /home/wheeltec/wheeltec_ros2/install/wheeltec_rrt_msg/include/wheeltec_rrt_msg/srv
[4.551s] -- Up-to-date: /home/wheeltec/wheeltec_ros2/install/wheeltec_rrt_msg/include/wheeltec_rrt_msg/srv/detail
[4.551s] -- Up-to-date: /home/wheeltec/wheeltec_ros2/install/wheeltec_rrt_msg/include/wheeltec_rrt_msg/srv/detail/delete_shape__type_support.cpp
[4.552s] -- Up-to-date: /home/wheeltec/wheeltec_ros2/install/wheeltec_rrt_msg/include/wheeltec_rrt_msg/srv/detail/delete_shape__rosidl_typesupport_introspection_cpp.hpp
[4.552s] -- Up-to-date: /home/wheeltec/wheeltec_ros2/install/wheeltec_rrt_msg/lib/libwheeltec_rrt_msg__rosidl_typesupport_introspection_cpp.so
[4.553s] -- Up-to-date: /home/wheeltec/wheeltec_ros2/install/wheeltec_rrt_msg/lib/libwheeltec_rrt_msg__rosidl_typesupport_cpp.so
[4.553s] -- Up-to-date: /home/wheeltec/wheeltec_ros2/install/wheeltec_rrt_msg/share/wheeltec_rrt_msg/environment/pythonpath.sh
[4.553s] -- Up-to-date: /home/wheeltec/wheeltec_ros2/install/wheeltec_rrt_msg/share/wheeltec_rrt_msg/environment/pythonpath.dsv
[4.554s] -- Up-to-date: /home/wheeltec/wheeltec_ros2/install/wheeltec_rrt_msg/lib/python3.8/site-packages/wheeltec_rrt_msg/__init__.py
[4.749s] -- Up-to-date: /home/wheeltec/wheeltec_ros2/install/wheeltec_rrt_msg/lib/python3.8/site-packages/wheeltec_rrt_msg/action
[4.749s] -- Up-to-date: /home/wheeltec/wheeltec_ros2/install/wheeltec_rrt_msg/lib/python3.8/site-packages/wheeltec_rrt_msg/action/__init__.py
[4.751s] -- Up-to-date: /home/wheeltec/wheeltec_ros2/install/wheeltec_rrt_msg/lib/python3.8/site-packages/wheeltec_rrt_msg/action/_find_coloured_box_s.c
[4.752s] -- Up-to-date: /home/wheeltec/wheeltec_ros2/install/wheeltec_rrt_msg/lib/python3.8/site-packages/wheeltec_rrt_msg/action/_find_coloured_box.py
[4.753s] -- Up-to-date: /home/wheeltec/wheeltec_ros2/install/wheeltec_rrt_msg/lib/python3.8/site-packages/wheeltec_rrt_msg/action/_pick_coloured_box_s.c
[4.755s] -- Up-to-date: /home/wheeltec/wheeltec_ros2/install/wheeltec_rrt_msg/lib/python3.8/site-packages/wheeltec_rrt_msg/action/_change_position.py
[4.755s] -- Up-to-date: /home/wheeltec/wheeltec_ros2/install/wheeltec_rrt_msg/lib/python3.8/site-packages/wheeltec_rrt_msg/action/_change_position_s.c
[4.756s] -- Up-to-date: /home/wheeltec/wheeltec_ros2/install/wheeltec_rrt_msg/lib/python3.8/site-packages/wheeltec_rrt_msg/action/_pick_coloured_box.py
[4.756s] -- Up-to-date: /home/wheeltec/wheeltec_ros2/install/wheeltec_rrt_msg/lib/python3.8/site-packages/wheeltec_rrt_msg/srv
[4.757s] -- Up-to-date: /home/wheeltec/wheeltec_ros2/install/wheeltec_rrt_msg/lib/python3.8/site-packages/wheeltec_rrt_msg/srv/__init__.py
[4.757s] -- Up-to-date: /home/wheeltec/wheeltec_ros2/install/wheeltec_rrt_msg/lib/python3.8/site-packages/wheeltec_rrt_msg/srv/_delete_shape.py
[4.757s] -- Up-to-date: /home/wheeltec/wheeltec_ros2/install/wheeltec_rrt_msg/lib/python3.8/site-packages/wheeltec_rrt_msg/srv/_delete_shape_s.c
[4.758s] -- Up-to-date: /home/wheeltec/wheeltec_ros2/install/wheeltec_rrt_msg/lib/python3.8/site-packages/wheeltec_rrt_msg/msg
[4.761s] -- Up-to-date: /home/wheeltec/wheeltec_ros2/install/wheeltec_rrt_msg/lib/python3.8/site-packages/wheeltec_rrt_msg/msg/__init__.py
[4.762s] -- Up-to-date: /home/wheeltec/wheeltec_ros2/install/wheeltec_rrt_msg/lib/python3.8/site-packages/wheeltec_rrt_msg/msg/_point_array_s.c
[4.762s] -- Up-to-date: /home/wheeltec/wheeltec_ros2/install/wheeltec_rrt_msg/lib/python3.8/site-packages/wheeltec_rrt_msg/msg/_point_array.py
[4.764s] -- Up-to-date: /home/wheeltec/wheeltec_ros2/install/wheeltec_rrt_msg/lib/python3.8/site-packages/wheeltec_rrt_msg/wheeltec_rrt_msg_s__rosidl_typesupport_fastrtps_c.cpython-38-aarch64-linux-gnu.so
[4.765s] -- Up-to-date: /home/wheeltec/wheeltec_ros2/install/wheeltec_rrt_msg/lib/python3.8/site-packages/wheeltec_rrt_msg/wheeltec_rrt_msg_s__rosidl_typesupport_introspection_c.cpython-38-aarch64-linux-gnu.so
[4.767s] -- Up-to-date: /home/wheeltec/wheeltec_ros2/install/wheeltec_rrt_msg/lib/python3.8/site-packages/wheeltec_rrt_msg/wheeltec_rrt_msg_s__rosidl_typesupport_c.cpython-38-aarch64-linux-gnu.so
[4.773s] -- Up-to-date: /home/wheeltec/wheeltec_ros2/install/wheeltec_rrt_msg/lib/libwheeltec_rrt_msg__python.so
[4.774s] -- Up-to-date: /home/wheeltec/wheeltec_ros2/install/wheeltec_rrt_msg/share/wheeltec_rrt_msg/action/ChangePosition.idl
[4.776s] -- Up-to-date: /home/wheeltec/wheeltec_ros2/install/wheeltec_rrt_msg/share/wheeltec_rrt_msg/action/FindColouredBox.idl
[4.777s] -- Up-to-date: /home/wheeltec/wheeltec_ros2/install/wheeltec_rrt_msg/share/wheeltec_rrt_msg/action/PickColouredBox.idl
[4.785s] -- Up-to-date: /home/wheeltec/wheeltec_ros2/install/wheeltec_rrt_msg/share/wheeltec_rrt_msg/srv/DeleteShape.idl
[4.787s] -- Up-to-date: /home/wheeltec/wheeltec_ros2/install/wheeltec_rrt_msg/share/wheeltec_rrt_msg/msg/PointArray.idl
[4.795s] -- Up-to-date: /home/wheeltec/wheeltec_ros2/install/wheeltec_rrt_msg/share/wheeltec_rrt_msg/action/ChangePosition.action
[4.797s] -- Up-to-date: /home/wheeltec/wheeltec_ros2/install/wheeltec_rrt_msg/share/wheeltec_rrt_msg/action/FindColouredBox.action
[4.798s] -- Up-to-date: /home/wheeltec/wheeltec_ros2/install/wheeltec_rrt_msg/share/wheeltec_rrt_msg/action/PickColouredBox.action
[4.799s] -- Up-to-date: /home/wheeltec/wheeltec_ros2/install/wheeltec_rrt_msg/share/wheeltec_rrt_msg/srv/DeleteShape.srv
[4.799s] -- Up-to-date: /home/wheeltec/wheeltec_ros2/install/wheeltec_rrt_msg/share/wheeltec_rrt_msg/srv/DeleteShape_Request.msg
[4.800s] -- Up-to-date: /home/wheeltec/wheeltec_ros2/install/wheeltec_rrt_msg/share/wheeltec_rrt_msg/srv/DeleteShape_Response.msg
[4.800s] -- Up-to-date: /home/wheeltec/wheeltec_ros2/install/wheeltec_rrt_msg/share/wheeltec_rrt_msg/msg/PointArray.msg
[4.801s] -- Up-to-date: /home/wheeltec/wheeltec_ros2/install/wheeltec_rrt_msg/share/ament_index/resource_index/package_run_dependencies/wheeltec_rrt_msg
[4.806s] -- Up-to-date: /home/wheeltec/wheeltec_ros2/install/wheeltec_rrt_msg/share/ament_index/resource_index/parent_prefix_path/wheeltec_rrt_msg
[4.807s] -- Up-to-date: /home/wheeltec/wheeltec_ros2/install/wheeltec_rrt_msg/share/wheeltec_rrt_msg/environment/ament_prefix_path.sh
[4.809s] -- Up-to-date: /home/wheeltec/wheeltec_ros2/install/wheeltec_rrt_msg/share/wheeltec_rrt_msg/environment/ament_prefix_path.dsv
[4.810s] -- Up-to-date: /home/wheeltec/wheeltec_ros2/install/wheeltec_rrt_msg/share/wheeltec_rrt_msg/environment/path.sh
[4.810s] -- Up-to-date: /home/wheeltec/wheeltec_ros2/install/wheeltec_rrt_msg/share/wheeltec_rrt_msg/environment/path.dsv
[4.811s] -- Up-to-date: /home/wheeltec/wheeltec_ros2/install/wheeltec_rrt_msg/share/wheeltec_rrt_msg/local_setup.bash
[4.812s] -- Up-to-date: /home/wheeltec/wheeltec_ros2/install/wheeltec_rrt_msg/share/wheeltec_rrt_msg/local_setup.sh
[4.814s] -- Up-to-date: /home/wheeltec/wheeltec_ros2/install/wheeltec_rrt_msg/share/wheeltec_rrt_msg/local_setup.zsh
[4.814s] -- Up-to-date: /home/wheeltec/wheeltec_ros2/install/wheeltec_rrt_msg/share/wheeltec_rrt_msg/local_setup.dsv
[4.815s] -- Installing: /home/wheeltec/wheeltec_ros2/install/wheeltec_rrt_msg/share/wheeltec_rrt_msg/package.dsv
[4.815s] -- Up-to-date: /home/wheeltec/wheeltec_ros2/install/wheeltec_rrt_msg/share/ament_index/resource_index/packages/wheeltec_rrt_msg
[4.815s] -- Up-to-date: /home/wheeltec/wheeltec_ros2/install/wheeltec_rrt_msg/share/wheeltec_rrt_msg/cmake/wheeltec_rrt_msg__rosidl_generator_cExport.cmake
[4.816s] -- Up-to-date: /home/wheeltec/wheeltec_ros2/install/wheeltec_rrt_msg/share/wheeltec_rrt_msg/cmake/wheeltec_rrt_msg__rosidl_generator_cExport-noconfig.cmake
[4.816s] -- Up-to-date: /home/wheeltec/wheeltec_ros2/install/wheeltec_rrt_msg/share/wheeltec_rrt_msg/cmake/wheeltec_rrt_msg__rosidl_typesupport_introspection_cExport.cmake
[4.818s] -- Up-to-date: /home/wheeltec/wheeltec_ros2/install/wheeltec_rrt_msg/share/wheeltec_rrt_msg/cmake/wheeltec_rrt_msg__rosidl_typesupport_introspection_cExport-noconfig.cmake
[4.821s] -- Up-to-date: /home/wheeltec/wheeltec_ros2/install/wheeltec_rrt_msg/share/wheeltec_rrt_msg/cmake/wheeltec_rrt_msg__rosidl_typesupport_cExport.cmake
[4.821s] -- Up-to-date: /home/wheeltec/wheeltec_ros2/install/wheeltec_rrt_msg/share/wheeltec_rrt_msg/cmake/wheeltec_rrt_msg__rosidl_typesupport_cExport-noconfig.cmake
[4.822s] -- Up-to-date: /home/wheeltec/wheeltec_ros2/install/wheeltec_rrt_msg/share/wheeltec_rrt_msg/cmake/wheeltec_rrt_msg__rosidl_generator_cppExport.cmake
[4.823s] -- Up-to-date: /home/wheeltec/wheeltec_ros2/install/wheeltec_rrt_msg/share/wheeltec_rrt_msg/cmake/wheeltec_rrt_msg__rosidl_typesupport_introspection_cppExport.cmake
[4.824s] -- Up-to-date: /home/wheeltec/wheeltec_ros2/install/wheeltec_rrt_msg/share/wheeltec_rrt_msg/cmake/wheeltec_rrt_msg__rosidl_typesupport_introspection_cppExport-noconfig.cmake
[4.824s] -- Up-to-date: /home/wheeltec/wheeltec_ros2/install/wheeltec_rrt_msg/share/wheeltec_rrt_msg/cmake/wheeltec_rrt_msg__rosidl_typesupport_cppExport.cmake
[4.824s] -- Up-to-date: /home/wheeltec/wheeltec_ros2/install/wheeltec_rrt_msg/share/wheeltec_rrt_msg/cmake/wheeltec_rrt_msg__rosidl_typesupport_cppExport-noconfig.cmake
[4.825s] -- Up-to-date: /home/wheeltec/wheeltec_ros2/install/wheeltec_rrt_msg/share/wheeltec_rrt_msg/cmake/rosidl_cmake-extras.cmake
[4.826s] -- Up-to-date: /home/wheeltec/wheeltec_ros2/install/wheeltec_rrt_msg/share/wheeltec_rrt_msg/cmake/ament_cmake_export_dependencies-extras.cmake
[4.827s] -- Up-to-date: /home/wheeltec/wheeltec_ros2/install/wheeltec_rrt_msg/share/wheeltec_rrt_msg/cmake/ament_cmake_export_libraries-extras.cmake
[4.828s] -- Up-to-date: /home/wheeltec/wheeltec_ros2/install/wheeltec_rrt_msg/share/wheeltec_rrt_msg/cmake/ament_cmake_export_targets-extras.cmake
[4.829s] -- Up-to-date: /home/wheeltec/wheeltec_ros2/install/wheeltec_rrt_msg/share/wheeltec_rrt_msg/cmake/ament_cmake_export_include_directories-extras.cmake
[4.830s] -- Up-to-date: /home/wheeltec/wheeltec_ros2/install/wheeltec_rrt_msg/share/wheeltec_rrt_msg/cmake/rosidl_cmake_export_typesupport_libraries-extras.cmake
[4.831s] -- Up-to-date: /home/wheeltec/wheeltec_ros2/install/wheeltec_rrt_msg/share/wheeltec_rrt_msg/cmake/rosidl_cmake_export_typesupport_targets-extras.cmake
[4.832s] -- Up-to-date: /home/wheeltec/wheeltec_ros2/install/wheeltec_rrt_msg/share/wheeltec_rrt_msg/cmake/wheeltec_rrt_msgConfig.cmake
[4.833s] -- Up-to-date: /home/wheeltec/wheeltec_ros2/install/wheeltec_rrt_msg/share/wheeltec_rrt_msg/cmake/wheeltec_rrt_msgConfig-version.cmake
[4.834s] -- Up-to-date: /home/wheeltec/wheeltec_ros2/install/wheeltec_rrt_msg/share/wheeltec_rrt_msg/package.xml
[4.853s] Invoked command in '/home/wheeltec/wheeltec_ros2/build/wheeltec_rrt_msg' returned '0': CMAKE_PREFIX_PATH=${CMAKE_PREFIX_PATH}:/home/wheeltec/wheeltec_ros2/install/simple_follower_ros2:/home/wheeltec/wheeltec_ros2/install/wheeltec_robot_keyboard:/home/wheeltec/wheeltec_ros2/install/tf2_tools:/home/wheeltec/wheeltec_ros2/install/nav2_simple_commander:/home/wheeltec/wheeltec_ros2/install/nav2_gazebo_spawner:/opt/ros/galactic /usr/bin/cmake --install /home/wheeltec/wheeltec_ros2/build/wheeltec_rrt_msg
