[0.102s] Invoking command in '/home/wheeltec/wheeltec_ros2/build/wheeltec_rrt_msg': CMAKE_PREFIX_PATH=${CMAKE_PREFIX_PATH}:/home/wheeltec/wheeltec_ros2/install/simple_follower_ros2:/home/wheeltec/wheeltec_ros2/install/wheeltec_robot_keyboard:/home/wheeltec/wheeltec_ros2/install/tf2_tools:/home/wheeltec/wheeltec_ros2/install/nav2_simple_commander:/home/wheeltec/wheeltec_ros2/install/nav2_gazebo_spawner:/opt/ros/galactic /usr/bin/cmake --build /home/wheeltec/wheeltec_ros2/build/wheeltec_rrt_msg -- -j4 -l4
[0.498s] [ 11%] Built target wheeltec_rrt_msg__rosidl_generator_c
[0.655s] [ 12%] Built target wheeltec_rrt_msg__cpp
[0.830s] [ 23%] Built target wheeltec_rrt_msg__rosidl_typesupport_introspection_c
[1.076s] [ 34%] Built target wheeltec_rrt_msg__rosidl_typesupport_fastrtps_cpp
[1.255s] [ 46%] Built target wheeltec_rrt_msg__rosidl_typesupport_introspection_cpp
[1.470s] [ 57%] Built target wheeltec_rrt_msg__rosidl_typesupport_fastrtps_c
[1.662s] [ 68%] Built target wheeltec_rrt_msg__rosidl_typesupport_cpp
[1.839s] [ 79%] Built target wheeltec_rrt_msg__rosidl_typesupport_c
[2.006s] [ 79%] Built target wheeltec_rrt_msg
[2.163s] [ 80%] Built target wheeltec_rrt_msg__py
[2.371s] [ 90%] Built target wheeltec_rrt_msg__python
[2.565s] [ 93%] Built target wheeltec_rrt_msg__rosidl_typesupport_c__pyext
[2.750s] [ 96%] Built target wheeltec_rrt_msg__rosidl_typesupport_introspection_c__pyext
[2.933s] [100%] Built target wheeltec_rrt_msg__rosidl_typesupport_fastrtps_c__pyext
[3.006s] Invoked command in '/home/wheeltec/wheeltec_ros2/build/wheeltec_rrt_msg' returned '0': CMAKE_PREFIX_PATH=${CMAKE_PREFIX_PATH}:/home/wheeltec/wheeltec_ros2/install/simple_follower_ros2:/home/wheeltec/wheeltec_ros2/install/wheeltec_robot_keyboard:/home/wheeltec/wheeltec_ros2/install/tf2_tools:/home/wheeltec/wheeltec_ros2/install/nav2_simple_commander:/home/wheeltec/wheeltec_ros2/install/nav2_gazebo_spawner:/opt/ros/galactic /usr/bin/cmake --build /home/wheeltec/wheeltec_ros2/build/wheeltec_rrt_msg -- -j4 -l4
[4.103s] Invoking command in '/home/wheeltec/wheeltec_ros2/build/wheeltec_rrt_msg': CMAKE_PREFIX_PATH=${CMAKE_PREFIX_PATH}:/home/wheeltec/wheeltec_ros2/install/simple_follower_ros2:/home/wheeltec/wheeltec_ros2/install/wheeltec_robot_keyboard:/home/wheeltec/wheeltec_ros2/install/tf2_tools:/home/wheeltec/wheeltec_ros2/install/nav2_simple_commander:/home/wheeltec/wheeltec_ros2/install/nav2_gazebo_spawner:/opt/ros/galactic /usr/bin/cmake --install /home/wheeltec/wheeltec_ros2/build/wheeltec_rrt_msg
[4.170s] -- Install configuration: ""
[4.171s] -- Up-to-date: /home/wheeltec/wheeltec_ros2/install/wheeltec_rrt_msg/share/ament_index/resource_index/rosidl_interfaces/wheeltec_rrt_msg
[4.171s] -- Up-to-date: /home/wheeltec/wheeltec_ros2/install/wheeltec_rrt_msg/include/wheeltec_rrt_msg
[4.172s] -- Up-to-date: /home/wheeltec/wheeltec_ros2/install/wheeltec_rrt_msg/include/wheeltec_rrt_msg/action
[4.172s] -- Up-to-date: /home/wheeltec/wheeltec_ros2/install/wheeltec_rrt_msg/include/wheeltec_rrt_msg/action/detail
[4.174s] -- Up-to-date: /home/wheeltec/wheeltec_ros2/install/wheeltec_rrt_msg/include/wheeltec_rrt_msg/action/detail/find_coloured_box__struct.h
[4.174s] -- Up-to-date: /home/wheeltec/wheeltec_ros2/install/wheeltec_rrt_msg/include/wheeltec_rrt_msg/action/detail/find_coloured_box__type_support.h
[4.175s] -- Up-to-date: /home/wheeltec/wheeltec_ros2/install/wheeltec_rrt_msg/include/wheeltec_rrt_msg/action/detail/pick_coloured_box__type_support.h
[4.175s] -- Up-to-date: /home/wheeltec/wheeltec_ros2/install/wheeltec_rrt_msg/include/wheeltec_rrt_msg/action/detail/change_position__functions.c
[4.176s] -- Up-to-date: /home/wheeltec/wheeltec_ros2/install/wheeltec_rrt_msg/include/wheeltec_rrt_msg/action/detail/pick_coloured_box__functions.c
[4.176s] -- Up-to-date: /home/wheeltec/wheeltec_ros2/install/wheeltec_rrt_msg/include/wheeltec_rrt_msg/action/detail/pick_coloured_box__struct.h
[4.176s] -- Up-to-date: /home/wheeltec/wheeltec_ros2/install/wheeltec_rrt_msg/include/wheeltec_rrt_msg/action/detail/find_coloured_box__functions.c
[4.177s] -- Up-to-date: /home/wheeltec/wheeltec_ros2/install/wheeltec_rrt_msg/include/wheeltec_rrt_msg/action/detail/find_coloured_box__functions.h
[4.177s] -- Up-to-date: /home/wheeltec/wheeltec_ros2/install/wheeltec_rrt_msg/include/wheeltec_rrt_msg/action/detail/pick_coloured_box__functions.h
[4.178s] -- Up-to-date: /home/wheeltec/wheeltec_ros2/install/wheeltec_rrt_msg/include/wheeltec_rrt_msg/action/detail/change_position__functions.h
[4.183s] -- Up-to-date: /home/wheeltec/wheeltec_ros2/install/wheeltec_rrt_msg/include/wheeltec_rrt_msg/action/detail/change_position__type_support.h
[4.184s] -- Up-to-date: /home/wheeltec/wheeltec_ros2/install/wheeltec_rrt_msg/include/wheeltec_rrt_msg/action/detail/change_position__struct.h
[4.185s] -- Up-to-date: /home/wheeltec/wheeltec_ros2/install/wheeltec_rrt_msg/include/wheeltec_rrt_msg/action/find_coloured_box.h
[4.186s] -- Up-to-date: /home/wheeltec/wheeltec_ros2/install/wheeltec_rrt_msg/include/wheeltec_rrt_msg/action/change_position.h
[4.187s] -- Up-to-date: /home/wheeltec/wheeltec_ros2/install/wheeltec_rrt_msg/include/wheeltec_rrt_msg/action/pick_coloured_box.h
[4.187s] -- Up-to-date: /home/wheeltec/wheeltec_ros2/install/wheeltec_rrt_msg/include/wheeltec_rrt_msg/msg
[4.187s] -- Up-to-date: /home/wheeltec/wheeltec_ros2/install/wheeltec_rrt_msg/include/wheeltec_rrt_msg/msg/detail
[4.188s] -- Up-to-date: /home/wheeltec/wheeltec_ros2/install/wheeltec_rrt_msg/include/wheeltec_rrt_msg/msg/detail/point_array__type_support.h
[4.188s] -- Up-to-date: /home/wheeltec/wheeltec_ros2/install/wheeltec_rrt_msg/include/wheeltec_rrt_msg/msg/detail/point_array__functions.c
[4.188s] -- Up-to-date: /home/wheeltec/wheeltec_ros2/install/wheeltec_rrt_msg/include/wheeltec_rrt_msg/msg/detail/point_array__struct.h
[4.193s] -- Up-to-date: /home/wheeltec/wheeltec_ros2/install/wheeltec_rrt_msg/include/wheeltec_rrt_msg/msg/detail/point_array__functions.h
[4.193s] -- Up-to-date: /home/wheeltec/wheeltec_ros2/install/wheeltec_rrt_msg/include/wheeltec_rrt_msg/msg/rosidl_generator_c__visibility_control.h
[4.194s] -- Up-to-date: /home/wheeltec/wheeltec_ros2/install/wheeltec_rrt_msg/include/wheeltec_rrt_msg/msg/point_array.h
[4.194s] -- Up-to-date: /home/wheeltec/wheeltec_ros2/install/wheeltec_rrt_msg/include/wheeltec_rrt_msg/srv
[4.194s] -- Up-to-date: /home/wheeltec/wheeltec_ros2/install/wheeltec_rrt_msg/include/wheeltec_rrt_msg/srv/detail
[4.199s] -- Up-to-date: /home/wheeltec/wheeltec_ros2/install/wheeltec_rrt_msg/include/wheeltec_rrt_msg/srv/detail/delete_shape__type_support.h
[4.200s] -- Up-to-date: /home/wheeltec/wheeltec_ros2/install/wheeltec_rrt_msg/include/wheeltec_rrt_msg/srv/detail/delete_shape__struct.h
[4.200s] -- Up-to-date: /home/wheeltec/wheeltec_ros2/install/wheeltec_rrt_msg/include/wheeltec_rrt_msg/srv/detail/delete_shape__functions.c
[4.201s] -- Up-to-date: /home/wheeltec/wheeltec_ros2/install/wheeltec_rrt_msg/include/wheeltec_rrt_msg/srv/detail/delete_shape__functions.h
[4.201s] -- Up-to-date: /home/wheeltec/wheeltec_ros2/install/wheeltec_rrt_msg/include/wheeltec_rrt_msg/srv/delete_shape.h
[4.207s] -- Up-to-date: /home/wheeltec/wheeltec_ros2/install/wheeltec_rrt_msg/share/wheeltec_rrt_msg/environment/library_path.sh
[4.208s] -- Up-to-date: /home/wheeltec/wheeltec_ros2/install/wheeltec_rrt_msg/share/wheeltec_rrt_msg/environment/library_path.dsv
[4.209s] -- Up-to-date: /home/wheeltec/wheeltec_ros2/install/wheeltec_rrt_msg/lib/libwheeltec_rrt_msg__rosidl_generator_c.so
[4.209s] -- Up-to-date: /home/wheeltec/wheeltec_ros2/install/wheeltec_rrt_msg/include/wheeltec_rrt_msg
[4.210s] -- Up-to-date: /home/wheeltec/wheeltec_ros2/install/wheeltec_rrt_msg/include/wheeltec_rrt_msg/action
[4.210s] -- Up-to-date: /home/wheeltec/wheeltec_ros2/install/wheeltec_rrt_msg/include/wheeltec_rrt_msg/action/detail
[4.211s] -- Up-to-date: /home/wheeltec/wheeltec_ros2/install/wheeltec_rrt_msg/include/wheeltec_rrt_msg/action/detail/find_coloured_box__rosidl_typesupport_fastrtps_c.h
[4.211s] -- Up-to-date: /home/wheeltec/wheeltec_ros2/install/wheeltec_rrt_msg/include/wheeltec_rrt_msg/action/detail/change_position__rosidl_typesupport_fastrtps_c.h
[4.212s] -- Up-to-date: /home/wheeltec/wheeltec_ros2/install/wheeltec_rrt_msg/include/wheeltec_rrt_msg/action/detail/pick_coloured_box__rosidl_typesupport_fastrtps_c.h
[4.212s] -- Up-to-date: /home/wheeltec/wheeltec_ros2/install/wheeltec_rrt_msg/include/wheeltec_rrt_msg/msg
[4.213s] -- Up-to-date: /home/wheeltec/wheeltec_ros2/install/wheeltec_rrt_msg/include/wheeltec_rrt_msg/msg/detail
[4.213s] -- Up-to-date: /home/wheeltec/wheeltec_ros2/install/wheeltec_rrt_msg/include/wheeltec_rrt_msg/msg/detail/point_array__rosidl_typesupport_fastrtps_c.h
[4.214s] -- Up-to-date: /home/wheeltec/wheeltec_ros2/install/wheeltec_rrt_msg/include/wheeltec_rrt_msg/msg/rosidl_typesupport_fastrtps_c__visibility_control.h
[4.214s] -- Up-to-date: /home/wheeltec/wheeltec_ros2/install/wheeltec_rrt_msg/include/wheeltec_rrt_msg/srv
[4.214s] -- Up-to-date: /home/wheeltec/wheeltec_ros2/install/wheeltec_rrt_msg/include/wheeltec_rrt_msg/srv/detail
[4.215s] -- Up-to-date: /home/wheeltec/wheeltec_ros2/install/wheeltec_rrt_msg/include/wheeltec_rrt_msg/srv/detail/delete_shape__rosidl_typesupport_fastrtps_c.h
[4.215s] -- Up-to-date: /home/wheeltec/wheeltec_ros2/install/wheeltec_rrt_msg/lib/libwheeltec_rrt_msg__rosidl_typesupport_fastrtps_c.so
[4.216s] -- Up-to-date: /home/wheeltec/wheeltec_ros2/install/wheeltec_rrt_msg/include/wheeltec_rrt_msg
[4.216s] -- Up-to-date: /home/wheeltec/wheeltec_ros2/install/wheeltec_rrt_msg/include/wheeltec_rrt_msg/action
[4.217s] -- Up-to-date: /home/wheeltec/wheeltec_ros2/install/wheeltec_rrt_msg/include/wheeltec_rrt_msg/action/detail
[4.217s] -- Up-to-date: /home/wheeltec/wheeltec_ros2/install/wheeltec_rrt_msg/include/wheeltec_rrt_msg/action/detail/change_position__rosidl_typesupport_fastrtps_cpp.hpp
[4.218s] -- Up-to-date: /home/wheeltec/wheeltec_ros2/install/wheeltec_rrt_msg/include/wheeltec_rrt_msg/action/detail/pick_coloured_box__rosidl_typesupport_fastrtps_cpp.hpp
[4.218s] -- Up-to-date: /home/wheeltec/wheeltec_ros2/install/wheeltec_rrt_msg/include/wheeltec_rrt_msg/action/detail/find_coloured_box__rosidl_typesupport_fastrtps_cpp.hpp
[4.218s] -- Up-to-date: /home/wheeltec/wheeltec_ros2/install/wheeltec_rrt_msg/include/wheeltec_rrt_msg/action/detail/dds_fastrtps
[4.219s] -- Up-to-date: /home/wheeltec/wheeltec_ros2/install/wheeltec_rrt_msg/include/wheeltec_rrt_msg/msg
[4.219s] -- Up-to-date: /home/wheeltec/wheeltec_ros2/install/wheeltec_rrt_msg/include/wheeltec_rrt_msg/msg/rosidl_typesupport_fastrtps_cpp__visibility_control.h
[4.220s] -- Up-to-date: /home/wheeltec/wheeltec_ros2/install/wheeltec_rrt_msg/include/wheeltec_rrt_msg/msg/detail
[4.220s] -- Up-to-date: /home/wheeltec/wheeltec_ros2/install/wheeltec_rrt_msg/include/wheeltec_rrt_msg/msg/detail/dds_fastrtps
[4.221s] -- Up-to-date: /home/wheeltec/wheeltec_ros2/install/wheeltec_rrt_msg/include/wheeltec_rrt_msg/msg/detail/point_array__rosidl_typesupport_fastrtps_cpp.hpp
[4.221s] -- Up-to-date: /home/wheeltec/wheeltec_ros2/install/wheeltec_rrt_msg/include/wheeltec_rrt_msg/srv
[4.221s] -- Up-to-date: /home/wheeltec/wheeltec_ros2/install/wheeltec_rrt_msg/include/wheeltec_rrt_msg/srv/detail
[4.222s] -- Up-to-date: /home/wheeltec/wheeltec_ros2/install/wheeltec_rrt_msg/include/wheeltec_rrt_msg/srv/detail/dds_fastrtps
[4.222s] -- Up-to-date: /home/wheeltec/wheeltec_ros2/install/wheeltec_rrt_msg/include/wheeltec_rrt_msg/srv/detail/delete_shape__rosidl_typesupport_fastrtps_cpp.hpp
[4.223s] -- Up-to-date: /home/wheeltec/wheeltec_ros2/install/wheeltec_rrt_msg/lib/libwheeltec_rrt_msg__rosidl_typesupport_fastrtps_cpp.so
[4.223s] -- Up-to-date: /home/wheeltec/wheeltec_ros2/install/wheeltec_rrt_msg/include/wheeltec_rrt_msg
[4.224s] -- Up-to-date: /home/wheeltec/wheeltec_ros2/install/wheeltec_rrt_msg/include/wheeltec_rrt_msg/action
[4.224s] -- Up-to-date: /home/wheeltec/wheeltec_ros2/install/wheeltec_rrt_msg/include/wheeltec_rrt_msg/action/detail
[4.224s] -- Up-to-date: /home/wheeltec/wheeltec_ros2/install/wheeltec_rrt_msg/include/wheeltec_rrt_msg/action/detail/change_position__type_support.c
[4.225s] -- Up-to-date: /home/wheeltec/wheeltec_ros2/install/wheeltec_rrt_msg/include/wheeltec_rrt_msg/action/detail/change_position__rosidl_typesupport_introspection_c.h
[4.225s] -- Up-to-date: /home/wheeltec/wheeltec_ros2/install/wheeltec_rrt_msg/include/wheeltec_rrt_msg/action/detail/find_coloured_box__type_support.c
[4.225s] -- Up-to-date: /home/wheeltec/wheeltec_ros2/install/wheeltec_rrt_msg/include/wheeltec_rrt_msg/action/detail/pick_coloured_box__rosidl_typesupport_introspection_c.h
[4.226s] -- Up-to-date: /home/wheeltec/wheeltec_ros2/install/wheeltec_rrt_msg/include/wheeltec_rrt_msg/action/detail/find_coloured_box__rosidl_typesupport_introspection_c.h
[4.226s] -- Up-to-date: /home/wheeltec/wheeltec_ros2/install/wheeltec_rrt_msg/include/wheeltec_rrt_msg/action/detail/pick_coloured_box__type_support.c
[4.226s] -- Up-to-date: /home/wheeltec/wheeltec_ros2/install/wheeltec_rrt_msg/include/wheeltec_rrt_msg/msg
[4.227s] -- Up-to-date: /home/wheeltec/wheeltec_ros2/install/wheeltec_rrt_msg/include/wheeltec_rrt_msg/msg/detail
[4.227s] -- Up-to-date: /home/wheeltec/wheeltec_ros2/install/wheeltec_rrt_msg/include/wheeltec_rrt_msg/msg/detail/point_array__type_support.c
[4.228s] -- Up-to-date: /home/wheeltec/wheeltec_ros2/install/wheeltec_rrt_msg/include/wheeltec_rrt_msg/msg/detail/point_array__rosidl_typesupport_introspection_c.h
[4.229s] -- Up-to-date: /home/wheeltec/wheeltec_ros2/install/wheeltec_rrt_msg/include/wheeltec_rrt_msg/msg/rosidl_typesupport_introspection_c__visibility_control.h
[4.230s] -- Up-to-date: /home/wheeltec/wheeltec_ros2/install/wheeltec_rrt_msg/include/wheeltec_rrt_msg/srv
[4.230s] -- Up-to-date: /home/wheeltec/wheeltec_ros2/install/wheeltec_rrt_msg/include/wheeltec_rrt_msg/srv/detail
[4.231s] -- Up-to-date: /home/wheeltec/wheeltec_ros2/install/wheeltec_rrt_msg/include/wheeltec_rrt_msg/srv/detail/delete_shape__rosidl_typesupport_introspection_c.h
[4.231s] -- Up-to-date: /home/wheeltec/wheeltec_ros2/install/wheeltec_rrt_msg/include/wheeltec_rrt_msg/srv/detail/delete_shape__type_support.c
[4.231s] -- Up-to-date: /home/wheeltec/wheeltec_ros2/install/wheeltec_rrt_msg/lib/libwheeltec_rrt_msg__rosidl_typesupport_introspection_c.so
[4.232s] -- Up-to-date: /home/wheeltec/wheeltec_ros2/install/wheeltec_rrt_msg/lib/libwheeltec_rrt_msg__rosidl_typesupport_c.so
[4.232s] -- Up-to-date: /home/wheeltec/wheeltec_ros2/install/wheeltec_rrt_msg/include/wheeltec_rrt_msg
[4.232s] -- Up-to-date: /home/wheeltec/wheeltec_ros2/install/wheeltec_rrt_msg/include/wheeltec_rrt_msg/action
[4.233s] -- Up-to-date: /home/wheeltec/wheeltec_ros2/install/wheeltec_rrt_msg/include/wheeltec_rrt_msg/action/change_position.hpp
[4.233s] -- Up-to-date: /home/wheeltec/wheeltec_ros2/install/wheeltec_rrt_msg/include/wheeltec_rrt_msg/action/detail
[4.233s] -- Up-to-date: /home/wheeltec/wheeltec_ros2/install/wheeltec_rrt_msg/include/wheeltec_rrt_msg/action/detail/pick_coloured_box__builder.hpp
[4.234s] -- Up-to-date: /home/wheeltec/wheeltec_ros2/install/wheeltec_rrt_msg/include/wheeltec_rrt_msg/action/detail/find_coloured_box__traits.hpp
[4.234s] -- Up-to-date: /home/wheeltec/wheeltec_ros2/install/wheeltec_rrt_msg/include/wheeltec_rrt_msg/action/detail/change_position__traits.hpp
[4.235s] -- Up-to-date: /home/wheeltec/wheeltec_ros2/install/wheeltec_rrt_msg/include/wheeltec_rrt_msg/action/detail/change_position__builder.hpp
[4.235s] -- Up-to-date: /home/wheeltec/wheeltec_ros2/install/wheeltec_rrt_msg/include/wheeltec_rrt_msg/action/detail/change_position__struct.hpp
[4.235s] -- Up-to-date: /home/wheeltec/wheeltec_ros2/install/wheeltec_rrt_msg/include/wheeltec_rrt_msg/action/detail/find_coloured_box__struct.hpp
[4.236s] -- Up-to-date: /home/wheeltec/wheeltec_ros2/install/wheeltec_rrt_msg/include/wheeltec_rrt_msg/action/detail/find_coloured_box__builder.hpp
[4.236s] -- Up-to-date: /home/wheeltec/wheeltec_ros2/install/wheeltec_rrt_msg/include/wheeltec_rrt_msg/action/detail/pick_coloured_box__traits.hpp
[4.237s] -- Up-to-date: /home/wheeltec/wheeltec_ros2/install/wheeltec_rrt_msg/include/wheeltec_rrt_msg/action/detail/pick_coloured_box__struct.hpp
[4.237s] -- Up-to-date: /home/wheeltec/wheeltec_ros2/install/wheeltec_rrt_msg/include/wheeltec_rrt_msg/action/pick_coloured_box.hpp
[4.238s] -- Up-to-date: /home/wheeltec/wheeltec_ros2/install/wheeltec_rrt_msg/include/wheeltec_rrt_msg/action/find_coloured_box.hpp
[4.238s] -- Up-to-date: /home/wheeltec/wheeltec_ros2/install/wheeltec_rrt_msg/include/wheeltec_rrt_msg/msg
[4.239s] -- Up-to-date: /home/wheeltec/wheeltec_ros2/install/wheeltec_rrt_msg/include/wheeltec_rrt_msg/msg/detail
[4.239s] -- Up-to-date: /home/wheeltec/wheeltec_ros2/install/wheeltec_rrt_msg/include/wheeltec_rrt_msg/msg/detail/point_array__builder.hpp
[4.240s] -- Up-to-date: /home/wheeltec/wheeltec_ros2/install/wheeltec_rrt_msg/include/wheeltec_rrt_msg/msg/detail/point_array__struct.hpp
[4.240s] -- Up-to-date: /home/wheeltec/wheeltec_ros2/install/wheeltec_rrt_msg/include/wheeltec_rrt_msg/msg/detail/point_array__traits.hpp
[4.240s] -- Up-to-date: /home/wheeltec/wheeltec_ros2/install/wheeltec_rrt_msg/include/wheeltec_rrt_msg/msg/point_array.hpp
[4.241s] -- Up-to-date: /home/wheeltec/wheeltec_ros2/install/wheeltec_rrt_msg/include/wheeltec_rrt_msg/srv
[4.241s] -- Up-to-date: /home/wheeltec/wheeltec_ros2/install/wheeltec_rrt_msg/include/wheeltec_rrt_msg/srv/detail
[4.242s] -- Up-to-date: /home/wheeltec/wheeltec_ros2/install/wheeltec_rrt_msg/include/wheeltec_rrt_msg/srv/detail/delete_shape__traits.hpp
[4.242s] -- Up-to-date: /home/wheeltec/wheeltec_ros2/install/wheeltec_rrt_msg/include/wheeltec_rrt_msg/srv/detail/delete_shape__builder.hpp
[4.243s] -- Up-to-date: /home/wheeltec/wheeltec_ros2/install/wheeltec_rrt_msg/include/wheeltec_rrt_msg/srv/detail/delete_shape__struct.hpp
[4.243s] -- Up-to-date: /home/wheeltec/wheeltec_ros2/install/wheeltec_rrt_msg/include/wheeltec_rrt_msg/srv/delete_shape.hpp
[4.243s] -- Up-to-date: /home/wheeltec/wheeltec_ros2/install/wheeltec_rrt_msg/include/wheeltec_rrt_msg
[4.244s] -- Up-to-date: /home/wheeltec/wheeltec_ros2/install/wheeltec_rrt_msg/include/wheeltec_rrt_msg/action
[4.244s] -- Up-to-date: /home/wheeltec/wheeltec_ros2/install/wheeltec_rrt_msg/include/wheeltec_rrt_msg/action/detail
[4.245s] -- Up-to-date: /home/wheeltec/wheeltec_ros2/install/wheeltec_rrt_msg/include/wheeltec_rrt_msg/action/detail/pick_coloured_box__type_support.cpp
[4.245s] -- Up-to-date: /home/wheeltec/wheeltec_ros2/install/wheeltec_rrt_msg/include/wheeltec_rrt_msg/action/detail/pick_coloured_box__rosidl_typesupport_introspection_cpp.hpp
[4.245s] -- Up-to-date: /home/wheeltec/wheeltec_ros2/install/wheeltec_rrt_msg/include/wheeltec_rrt_msg/action/detail/change_position__rosidl_typesupport_introspection_cpp.hpp
[4.246s] -- Up-to-date: /home/wheeltec/wheeltec_ros2/install/wheeltec_rrt_msg/include/wheeltec_rrt_msg/action/detail/find_coloured_box__type_support.cpp
[4.246s] -- Up-to-date: /home/wheeltec/wheeltec_ros2/install/wheeltec_rrt_msg/include/wheeltec_rrt_msg/action/detail/find_coloured_box__rosidl_typesupport_introspection_cpp.hpp
[4.247s] -- Up-to-date: /home/wheeltec/wheeltec_ros2/install/wheeltec_rrt_msg/include/wheeltec_rrt_msg/action/detail/change_position__type_support.cpp
[4.247s] -- Up-to-date: /home/wheeltec/wheeltec_ros2/install/wheeltec_rrt_msg/include/wheeltec_rrt_msg/msg
[4.248s] -- Up-to-date: /home/wheeltec/wheeltec_ros2/install/wheeltec_rrt_msg/include/wheeltec_rrt_msg/msg/detail
[4.248s] -- Up-to-date: /home/wheeltec/wheeltec_ros2/install/wheeltec_rrt_msg/include/wheeltec_rrt_msg/msg/detail/point_array__rosidl_typesupport_introspection_cpp.hpp
[4.248s] -- Up-to-date: /home/wheeltec/wheeltec_ros2/install/wheeltec_rrt_msg/include/wheeltec_rrt_msg/msg/detail/point_array__type_support.cpp
[4.249s] -- Up-to-date: /home/wheeltec/wheeltec_ros2/install/wheeltec_rrt_msg/include/wheeltec_rrt_msg/srv
[4.249s] -- Up-to-date: /home/wheeltec/wheeltec_ros2/install/wheeltec_rrt_msg/include/wheeltec_rrt_msg/srv/detail
[4.250s] -- Up-to-date: /home/wheeltec/wheeltec_ros2/install/wheeltec_rrt_msg/include/wheeltec_rrt_msg/srv/detail/delete_shape__type_support.cpp
[4.250s] -- Up-to-date: /home/wheeltec/wheeltec_ros2/install/wheeltec_rrt_msg/include/wheeltec_rrt_msg/srv/detail/delete_shape__rosidl_typesupport_introspection_cpp.hpp
[4.250s] -- Up-to-date: /home/wheeltec/wheeltec_ros2/install/wheeltec_rrt_msg/lib/libwheeltec_rrt_msg__rosidl_typesupport_introspection_cpp.so
[4.251s] -- Up-to-date: /home/wheeltec/wheeltec_ros2/install/wheeltec_rrt_msg/lib/libwheeltec_rrt_msg__rosidl_typesupport_cpp.so
[4.251s] -- Up-to-date: /home/wheeltec/wheeltec_ros2/install/wheeltec_rrt_msg/share/wheeltec_rrt_msg/environment/pythonpath.sh
[4.252s] -- Up-to-date: /home/wheeltec/wheeltec_ros2/install/wheeltec_rrt_msg/share/wheeltec_rrt_msg/environment/pythonpath.dsv
[4.252s] -- Up-to-date: /home/wheeltec/wheeltec_ros2/install/wheeltec_rrt_msg/lib/python3.8/site-packages/wheeltec_rrt_msg/__init__.py
[4.446s] -- Up-to-date: /home/wheeltec/wheeltec_ros2/install/wheeltec_rrt_msg/lib/python3.8/site-packages/wheeltec_rrt_msg/action
[4.447s] -- Up-to-date: /home/wheeltec/wheeltec_ros2/install/wheeltec_rrt_msg/lib/python3.8/site-packages/wheeltec_rrt_msg/action/__init__.py
[4.448s] -- Up-to-date: /home/wheeltec/wheeltec_ros2/install/wheeltec_rrt_msg/lib/python3.8/site-packages/wheeltec_rrt_msg/action/_find_coloured_box_s.c
[4.450s] -- Up-to-date: /home/wheeltec/wheeltec_ros2/install/wheeltec_rrt_msg/lib/python3.8/site-packages/wheeltec_rrt_msg/action/_find_coloured_box.py
[4.450s] -- Up-to-date: /home/wheeltec/wheeltec_ros2/install/wheeltec_rrt_msg/lib/python3.8/site-packages/wheeltec_rrt_msg/action/_pick_coloured_box_s.c
[4.451s] -- Up-to-date: /home/wheeltec/wheeltec_ros2/install/wheeltec_rrt_msg/lib/python3.8/site-packages/wheeltec_rrt_msg/action/_change_position.py
[4.451s] -- Up-to-date: /home/wheeltec/wheeltec_ros2/install/wheeltec_rrt_msg/lib/python3.8/site-packages/wheeltec_rrt_msg/action/_change_position_s.c
[4.453s] -- Up-to-date: /home/wheeltec/wheeltec_ros2/install/wheeltec_rrt_msg/lib/python3.8/site-packages/wheeltec_rrt_msg/action/_pick_coloured_box.py
[4.453s] -- Up-to-date: /home/wheeltec/wheeltec_ros2/install/wheeltec_rrt_msg/lib/python3.8/site-packages/wheeltec_rrt_msg/srv
[4.457s] -- Up-to-date: /home/wheeltec/wheeltec_ros2/install/wheeltec_rrt_msg/lib/python3.8/site-packages/wheeltec_rrt_msg/srv/__init__.py
[4.457s] -- Up-to-date: /home/wheeltec/wheeltec_ros2/install/wheeltec_rrt_msg/lib/python3.8/site-packages/wheeltec_rrt_msg/srv/_delete_shape.py
[4.458s] -- Up-to-date: /home/wheeltec/wheeltec_ros2/install/wheeltec_rrt_msg/lib/python3.8/site-packages/wheeltec_rrt_msg/srv/_delete_shape_s.c
[4.458s] -- Up-to-date: /home/wheeltec/wheeltec_ros2/install/wheeltec_rrt_msg/lib/python3.8/site-packages/wheeltec_rrt_msg/msg
[4.458s] -- Up-to-date: /home/wheeltec/wheeltec_ros2/install/wheeltec_rrt_msg/lib/python3.8/site-packages/wheeltec_rrt_msg/msg/__init__.py
[4.459s] -- Up-to-date: /home/wheeltec/wheeltec_ros2/install/wheeltec_rrt_msg/lib/python3.8/site-packages/wheeltec_rrt_msg/msg/_point_array_s.c
[4.459s] -- Up-to-date: /home/wheeltec/wheeltec_ros2/install/wheeltec_rrt_msg/lib/python3.8/site-packages/wheeltec_rrt_msg/msg/_point_array.py
[4.459s] -- Up-to-date: /home/wheeltec/wheeltec_ros2/install/wheeltec_rrt_msg/lib/python3.8/site-packages/wheeltec_rrt_msg/wheeltec_rrt_msg_s__rosidl_typesupport_fastrtps_c.cpython-38-aarch64-linux-gnu.so
[4.463s] -- Up-to-date: /home/wheeltec/wheeltec_ros2/install/wheeltec_rrt_msg/lib/python3.8/site-packages/wheeltec_rrt_msg/wheeltec_rrt_msg_s__rosidl_typesupport_introspection_c.cpython-38-aarch64-linux-gnu.so
[4.465s] -- Up-to-date: /home/wheeltec/wheeltec_ros2/install/wheeltec_rrt_msg/lib/python3.8/site-packages/wheeltec_rrt_msg/wheeltec_rrt_msg_s__rosidl_typesupport_c.cpython-38-aarch64-linux-gnu.so
[4.475s] -- Up-to-date: /home/wheeltec/wheeltec_ros2/install/wheeltec_rrt_msg/lib/libwheeltec_rrt_msg__python.so
[4.477s] -- Up-to-date: /home/wheeltec/wheeltec_ros2/install/wheeltec_rrt_msg/share/wheeltec_rrt_msg/action/ChangePosition.idl
[4.478s] -- Up-to-date: /home/wheeltec/wheeltec_ros2/install/wheeltec_rrt_msg/share/wheeltec_rrt_msg/action/FindColouredBox.idl
[4.479s] -- Up-to-date: /home/wheeltec/wheeltec_ros2/install/wheeltec_rrt_msg/share/wheeltec_rrt_msg/action/PickColouredBox.idl
[4.481s] -- Up-to-date: /home/wheeltec/wheeltec_ros2/install/wheeltec_rrt_msg/share/wheeltec_rrt_msg/srv/DeleteShape.idl
[4.482s] -- Up-to-date: /home/wheeltec/wheeltec_ros2/install/wheeltec_rrt_msg/share/wheeltec_rrt_msg/msg/PointArray.idl
[4.484s] -- Up-to-date: /home/wheeltec/wheeltec_ros2/install/wheeltec_rrt_msg/share/wheeltec_rrt_msg/action/ChangePosition.action
[4.485s] -- Up-to-date: /home/wheeltec/wheeltec_ros2/install/wheeltec_rrt_msg/share/wheeltec_rrt_msg/action/FindColouredBox.action
[4.486s] -- Up-to-date: /home/wheeltec/wheeltec_ros2/install/wheeltec_rrt_msg/share/wheeltec_rrt_msg/action/PickColouredBox.action
[4.488s] -- Up-to-date: /home/wheeltec/wheeltec_ros2/install/wheeltec_rrt_msg/share/wheeltec_rrt_msg/srv/DeleteShape.srv
[4.489s] -- Up-to-date: /home/wheeltec/wheeltec_ros2/install/wheeltec_rrt_msg/share/wheeltec_rrt_msg/srv/DeleteShape_Request.msg
[4.489s] -- Up-to-date: /home/wheeltec/wheeltec_ros2/install/wheeltec_rrt_msg/share/wheeltec_rrt_msg/srv/DeleteShape_Response.msg
[4.490s] -- Up-to-date: /home/wheeltec/wheeltec_ros2/install/wheeltec_rrt_msg/share/wheeltec_rrt_msg/msg/PointArray.msg
[4.490s] -- Up-to-date: /home/wheeltec/wheeltec_ros2/install/wheeltec_rrt_msg/share/ament_index/resource_index/package_run_dependencies/wheeltec_rrt_msg
[4.494s] -- Up-to-date: /home/wheeltec/wheeltec_ros2/install/wheeltec_rrt_msg/share/ament_index/resource_index/parent_prefix_path/wheeltec_rrt_msg
[4.495s] -- Up-to-date: /home/wheeltec/wheeltec_ros2/install/wheeltec_rrt_msg/share/wheeltec_rrt_msg/environment/ament_prefix_path.sh
[4.495s] -- Up-to-date: /home/wheeltec/wheeltec_ros2/install/wheeltec_rrt_msg/share/wheeltec_rrt_msg/environment/ament_prefix_path.dsv
[4.495s] -- Up-to-date: /home/wheeltec/wheeltec_ros2/install/wheeltec_rrt_msg/share/wheeltec_rrt_msg/environment/path.sh
[4.496s] -- Up-to-date: /home/wheeltec/wheeltec_ros2/install/wheeltec_rrt_msg/share/wheeltec_rrt_msg/environment/path.dsv
[4.496s] -- Up-to-date: /home/wheeltec/wheeltec_ros2/install/wheeltec_rrt_msg/share/wheeltec_rrt_msg/local_setup.bash
[4.497s] -- Up-to-date: /home/wheeltec/wheeltec_ros2/install/wheeltec_rrt_msg/share/wheeltec_rrt_msg/local_setup.sh
[4.497s] -- Up-to-date: /home/wheeltec/wheeltec_ros2/install/wheeltec_rrt_msg/share/wheeltec_rrt_msg/local_setup.zsh
[4.497s] -- Up-to-date: /home/wheeltec/wheeltec_ros2/install/wheeltec_rrt_msg/share/wheeltec_rrt_msg/local_setup.dsv
[4.498s] -- Installing: /home/wheeltec/wheeltec_ros2/install/wheeltec_rrt_msg/share/wheeltec_rrt_msg/package.dsv
[4.501s] -- Up-to-date: /home/wheeltec/wheeltec_ros2/install/wheeltec_rrt_msg/share/ament_index/resource_index/packages/wheeltec_rrt_msg
[4.504s] -- Up-to-date: /home/wheeltec/wheeltec_ros2/install/wheeltec_rrt_msg/share/wheeltec_rrt_msg/cmake/wheeltec_rrt_msg__rosidl_generator_cExport.cmake
[4.505s] -- Up-to-date: /home/wheeltec/wheeltec_ros2/install/wheeltec_rrt_msg/share/wheeltec_rrt_msg/cmake/wheeltec_rrt_msg__rosidl_generator_cExport-noconfig.cmake
[4.506s] -- Up-to-date: /home/wheeltec/wheeltec_ros2/install/wheeltec_rrt_msg/share/wheeltec_rrt_msg/cmake/wheeltec_rrt_msg__rosidl_typesupport_introspection_cExport.cmake
[4.508s] -- Up-to-date: /home/wheeltec/wheeltec_ros2/install/wheeltec_rrt_msg/share/wheeltec_rrt_msg/cmake/wheeltec_rrt_msg__rosidl_typesupport_introspection_cExport-noconfig.cmake
[4.510s] -- Up-to-date: /home/wheeltec/wheeltec_ros2/install/wheeltec_rrt_msg/share/wheeltec_rrt_msg/cmake/wheeltec_rrt_msg__rosidl_typesupport_cExport.cmake
[4.510s] -- Up-to-date: /home/wheeltec/wheeltec_ros2/install/wheeltec_rrt_msg/share/wheeltec_rrt_msg/cmake/wheeltec_rrt_msg__rosidl_typesupport_cExport-noconfig.cmake
[4.512s] -- Up-to-date: /home/wheeltec/wheeltec_ros2/install/wheeltec_rrt_msg/share/wheeltec_rrt_msg/cmake/wheeltec_rrt_msg__rosidl_generator_cppExport.cmake
[4.514s] -- Up-to-date: /home/wheeltec/wheeltec_ros2/install/wheeltec_rrt_msg/share/wheeltec_rrt_msg/cmake/wheeltec_rrt_msg__rosidl_typesupport_introspection_cppExport.cmake
[4.515s] -- Up-to-date: /home/wheeltec/wheeltec_ros2/install/wheeltec_rrt_msg/share/wheeltec_rrt_msg/cmake/wheeltec_rrt_msg__rosidl_typesupport_introspection_cppExport-noconfig.cmake
[4.536s] -- Up-to-date: /home/wheeltec/wheeltec_ros2/install/wheeltec_rrt_msg/share/wheeltec_rrt_msg/cmake/wheeltec_rrt_msg__rosidl_typesupport_cppExport.cmake
[4.537s] -- Up-to-date: /home/wheeltec/wheeltec_ros2/install/wheeltec_rrt_msg/share/wheeltec_rrt_msg/cmake/wheeltec_rrt_msg__rosidl_typesupport_cppExport-noconfig.cmake
[4.537s] -- Up-to-date: /home/wheeltec/wheeltec_ros2/install/wheeltec_rrt_msg/share/wheeltec_rrt_msg/cmake/rosidl_cmake-extras.cmake
[4.537s] -- Up-to-date: /home/wheeltec/wheeltec_ros2/install/wheeltec_rrt_msg/share/wheeltec_rrt_msg/cmake/ament_cmake_export_dependencies-extras.cmake
[4.539s] -- Up-to-date: /home/wheeltec/wheeltec_ros2/install/wheeltec_rrt_msg/share/wheeltec_rrt_msg/cmake/ament_cmake_export_libraries-extras.cmake
[4.539s] -- Up-to-date: /home/wheeltec/wheeltec_ros2/install/wheeltec_rrt_msg/share/wheeltec_rrt_msg/cmake/ament_cmake_export_targets-extras.cmake
[4.539s] -- Up-to-date: /home/wheeltec/wheeltec_ros2/install/wheeltec_rrt_msg/share/wheeltec_rrt_msg/cmake/ament_cmake_export_include_directories-extras.cmake
[4.540s] -- Up-to-date: /home/wheeltec/wheeltec_ros2/install/wheeltec_rrt_msg/share/wheeltec_rrt_msg/cmake/rosidl_cmake_export_typesupport_libraries-extras.cmake
[4.540s] -- Up-to-date: /home/wheeltec/wheeltec_ros2/install/wheeltec_rrt_msg/share/wheeltec_rrt_msg/cmake/rosidl_cmake_export_typesupport_targets-extras.cmake
[4.540s] -- Up-to-date: /home/wheeltec/wheeltec_ros2/install/wheeltec_rrt_msg/share/wheeltec_rrt_msg/cmake/wheeltec_rrt_msgConfig.cmake
[4.541s] -- Up-to-date: /home/wheeltec/wheeltec_ros2/install/wheeltec_rrt_msg/share/wheeltec_rrt_msg/cmake/wheeltec_rrt_msgConfig-version.cmake
[4.541s] -- Up-to-date: /home/wheeltec/wheeltec_ros2/install/wheeltec_rrt_msg/share/wheeltec_rrt_msg/package.xml
[4.542s] Invoked command in '/home/wheeltec/wheeltec_ros2/build/wheeltec_rrt_msg' returned '0': CMAKE_PREFIX_PATH=${CMAKE_PREFIX_PATH}:/home/wheeltec/wheeltec_ros2/install/simple_follower_ros2:/home/wheeltec/wheeltec_ros2/install/wheeltec_robot_keyboard:/home/wheeltec/wheeltec_ros2/install/tf2_tools:/home/wheeltec/wheeltec_ros2/install/nav2_simple_commander:/home/wheeltec/wheeltec_ros2/install/nav2_gazebo_spawner:/opt/ros/galactic /usr/bin/cmake --install /home/wheeltec/wheeltec_ros2/build/wheeltec_rrt_msg
