[0.072s] Invoking command in '/home/wheeltec/wheeltec_ros2/build/ar_track_alvar_msgs': CMAKE_PREFIX_PATH=/opt/ros/galactic /usr/bin/cmake /home/wheeltec/wheeltec_ros2/src/ar_track/ar_track_alvar-ros2-devel/ar_track_alvar_msgs -DCMAKE_INSTALL_PREFIX=/home/wheeltec/wheeltec_ros2/install/ar_track_alvar_msgs
[0.812s] -- The C compiler identification is GNU 9.4.0
[1.301s] -- The CXX compiler identification is GNU 9.4.0
[1.344s] -- Check for working C compiler: /usr/bin/cc
[1.855s] -- Check for working C compiler: /usr/bin/cc -- works
[1.858s] -- Detecting C compiler ABI info
[2.343s] -- Detecting C compiler ABI info - done
[2.389s] -- Detecting C compile features
[2.392s] -- Detecting C compile features - done
[2.402s] -- Check for working CXX compiler: /usr/bin/c++
[2.691s] -- Check for working CXX compiler: /usr/bin/c++ -- works
[2.695s] -- Detecting CXX compiler ABI info
[3.116s] -- Detecting CXX compiler ABI info - done
[3.178s] -- Detecting CXX compile features
[3.182s] -- Detecting CXX compile features - done
[3.199s] -- Found ament_cmake: 1.1.5 (/opt/ros/galactic/share/ament_cmake/cmake)
[3.393s] -- Found PythonInterp: /usr/bin/python3 (found suitable version "3.8.10", minimum required is "3") 
[3.394s] -- Using PYTHON_EXECUTABLE: /usr/bin/python3
[3.988s] -- Found std_msgs: 2.2.4 (/opt/ros/galactic/share/std_msgs/cmake)
[4.456s] -- Using all available rosidl_typesupport_c: rosidl_typesupport_fastrtps_c;rosidl_typesupport_introspection_c
[4.514s] -- Found rosidl_adapter: 2.2.2 (/opt/ros/galactic/share/rosidl_adapter/cmake)
[5.115s] -- Found OpenSSL: /usr/lib/aarch64-linux-gnu/libcrypto.so (found version "1.1.1f")  
[5.279s] -- Found FastRTPS: /opt/ros/galactic/include  
[5.842s] -- Using all available rosidl_typesupport_cpp: rosidl_typesupport_fastrtps_cpp;rosidl_typesupport_introspection_cpp
[6.054s] -- Found geometry_msgs: 2.2.4 (/opt/ros/galactic/share/geometry_msgs/cmake)
[6.260s] -- Found rosidl_default_generators: 1.1.1 (/opt/ros/galactic/share/rosidl_default_generators/cmake)
[6.565s] -- Found PythonInterp: /usr/bin/python3 (found version "3.8.10") 
[7.591s] -- Found ament_cmake_ros: 0.9.2 (/opt/ros/galactic/share/ament_cmake_ros/cmake)
[8.884s] -- Using all available rosidl_typesupport_c: rosidl_typesupport_fastrtps_c;rosidl_typesupport_introspection_c
[9.540s] -- Using all available rosidl_typesupport_cpp: rosidl_typesupport_fastrtps_cpp;rosidl_typesupport_introspection_cpp
[9.675s] -- Found PythonInterp: /usr/bin/python3 (found suitable version "3.8.10", minimum required is "3.5") 
[9.685s] -- Found python_cmake_module: 0.8.1 (/opt/ros/galactic/share/python_cmake_module/cmake)
[9.808s] -- Found PythonLibs: /usr/lib/aarch64-linux-gnu/libpython3.8.so (found suitable version "3.8.10", minimum required is "3.5") 
[9.809s] -- Using PYTHON_EXECUTABLE: /usr/bin/python3
[9.809s] -- Using PYTHON_INCLUDE_DIRS: /usr/include/python3.8
[9.810s] -- Using PYTHON_LIBRARIES: /usr/lib/aarch64-linux-gnu/libpython3.8.so
[9.974s] -- Found PythonExtra: .so  
[12.358s] -- Configuring done
[12.596s] -- Generating done
[12.609s] -- Build files have been written to: /home/wheeltec/wheeltec_ros2/build/ar_track_alvar_msgs
[12.654s] Invoked command in '/home/wheeltec/wheeltec_ros2/build/ar_track_alvar_msgs' returned '0': CMAKE_PREFIX_PATH=/opt/ros/galactic /usr/bin/cmake /home/wheeltec/wheeltec_ros2/src/ar_track/ar_track_alvar-ros2-devel/ar_track_alvar_msgs -DCMAKE_INSTALL_PREFIX=/home/wheeltec/wheeltec_ros2/install/ar_track_alvar_msgs
[12.658s] Invoking command in '/home/wheeltec/wheeltec_ros2/build/ar_track_alvar_msgs': CMAKE_PREFIX_PATH=/opt/ros/galactic /usr/bin/cmake --build /home/wheeltec/wheeltec_ros2/build/ar_track_alvar_msgs -- -j4 -l4
[12.817s] [35m[1mScanning dependencies of target ar_track_alvar_msgs__cpp[0m
[12.860s] [  2%] [34m[1mGenerating C++ code for ROS interfaces[0m
[14.775s] [  2%] Built target ar_track_alvar_msgs__cpp
[14.928s] [  5%] [34m[1mGenerating C code for ROS interfaces[0m
[17.333s] [35m[1mScanning dependencies of target ar_track_alvar_msgs__rosidl_generator_c[0m
[17.467s] [  7%] [32mBuilding C object CMakeFiles/ar_track_alvar_msgs__rosidl_generator_c.dir/rosidl_generator_c/ar_track_alvar_msgs/msg/detail/alvar_markers__functions.c.o[0m
[17.790s] [ 10%] [32mBuilding C object CMakeFiles/ar_track_alvar_msgs__rosidl_generator_c.dir/rosidl_generator_c/ar_track_alvar_msgs/msg/detail/alvar_marker__functions.c.o[0m
[18.174s] [ 12%] [32m[1mLinking C shared library libar_track_alvar_msgs__rosidl_generator_c.so[0m
[18.396s] [ 12%] Built target ar_track_alvar_msgs__rosidl_generator_c
[18.514s] [ 15%] [34m[1mGenerating C++ type support dispatch for ROS interfaces[0m
[20.123s] [35m[1mScanning dependencies of target ar_track_alvar_msgs__rosidl_typesupport_cpp[0m
[20.257s] [ 17%] [32mBuilding CXX object CMakeFiles/ar_track_alvar_msgs__rosidl_typesupport_cpp.dir/rosidl_typesupport_cpp/ar_track_alvar_msgs/msg/alvar_markers__type_support.cpp.o[0m
[22.409s] [ 20%] [32mBuilding CXX object CMakeFiles/ar_track_alvar_msgs__rosidl_typesupport_cpp.dir/rosidl_typesupport_cpp/ar_track_alvar_msgs/msg/alvar_marker__type_support.cpp.o[0m
[24.475s] [ 23%] [32m[1mLinking CXX shared library libar_track_alvar_msgs__rosidl_typesupport_cpp.so[0m
[24.739s] [ 23%] Built target ar_track_alvar_msgs__rosidl_typesupport_cpp
[24.823s] [ 25%] [34m[1mGenerating C introspection for ROS interfaces[0m
[26.617s] [35m[1mScanning dependencies of target ar_track_alvar_msgs__rosidl_typesupport_introspection_c[0m
[26.755s] [ 28%] [32mBuilding C object CMakeFiles/ar_track_alvar_msgs__rosidl_typesupport_introspection_c.dir/rosidl_typesupport_introspection_c/ar_track_alvar_msgs/msg/detail/alvar_markers__type_support.c.o[0m
[26.966s] [ 30%] [32mBuilding C object CMakeFiles/ar_track_alvar_msgs__rosidl_typesupport_introspection_c.dir/rosidl_typesupport_introspection_c/ar_track_alvar_msgs/msg/detail/alvar_marker__type_support.c.o[0m
[27.289s] [ 33%] [32m[1mLinking C shared library libar_track_alvar_msgs__rosidl_typesupport_introspection_c.so[0m
[27.580s] [ 33%] Built target ar_track_alvar_msgs__rosidl_typesupport_introspection_c
[27.721s] [ 35%] [34m[1mGenerating C type support dispatch for ROS interfaces[0m
[29.739s] [35m[1mScanning dependencies of target ar_track_alvar_msgs__rosidl_typesupport_c[0m
[29.841s] [ 38%] [32mBuilding CXX object CMakeFiles/ar_track_alvar_msgs__rosidl_typesupport_c.dir/rosidl_typesupport_c/ar_track_alvar_msgs/msg/alvar_markers__type_support.cpp.o[0m
[30.166s] [ 41%] [32mBuilding CXX object CMakeFiles/ar_track_alvar_msgs__rosidl_typesupport_c.dir/rosidl_typesupport_c/ar_track_alvar_msgs/msg/alvar_marker__type_support.cpp.o[0m
[30.474s] [ 43%] [32m[1mLinking CXX shared library libar_track_alvar_msgs__rosidl_typesupport_c.so[0m
[30.747s] [ 43%] Built target ar_track_alvar_msgs__rosidl_typesupport_c
[30.865s] [ 46%] [34m[1mGenerating C++ introspection for ROS interfaces[0m
[32.393s] [35m[1mScanning dependencies of target ar_track_alvar_msgs__rosidl_typesupport_introspection_cpp[0m
[32.546s] [ 48%] [32mBuilding CXX object CMakeFiles/ar_track_alvar_msgs__rosidl_typesupport_introspection_cpp.dir/rosidl_typesupport_introspection_cpp/ar_track_alvar_msgs/msg/detail/alvar_markers__type_support.cpp.o[0m
[34.676s] [ 51%] [32mBuilding CXX object CMakeFiles/ar_track_alvar_msgs__rosidl_typesupport_introspection_cpp.dir/rosidl_typesupport_introspection_cpp/ar_track_alvar_msgs/msg/detail/alvar_marker__type_support.cpp.o[0m
[36.405s] [ 53%] [32m[1mLinking CXX shared library libar_track_alvar_msgs__rosidl_typesupport_introspection_cpp.so[0m
[36.860s] [ 53%] Built target ar_track_alvar_msgs__rosidl_typesupport_introspection_cpp
[36.900s] [ 56%] [34m[1mGenerating C++ type support for eProsima Fast-RTPS[0m
[39.509s] [35m[1mScanning dependencies of target ar_track_alvar_msgs__rosidl_typesupport_fastrtps_cpp[0m
[39.670s] [ 58%] [32mBuilding CXX object CMakeFiles/ar_track_alvar_msgs__rosidl_typesupport_fastrtps_cpp.dir/rosidl_typesupport_fastrtps_cpp/ar_track_alvar_msgs/msg/detail/dds_fastrtps/alvar_markers__type_support.cpp.o[0m
[41.925s] [ 61%] [32mBuilding CXX object CMakeFiles/ar_track_alvar_msgs__rosidl_typesupport_fastrtps_cpp.dir/rosidl_typesupport_fastrtps_cpp/ar_track_alvar_msgs/msg/detail/dds_fastrtps/alvar_marker__type_support.cpp.o[0m
[44.132s] [ 64%] [32m[1mLinking CXX shared library libar_track_alvar_msgs__rosidl_typesupport_fastrtps_cpp.so[0m
[44.796s] [ 64%] Built target ar_track_alvar_msgs__rosidl_typesupport_fastrtps_cpp
[44.884s] [ 66%] [34m[1mGenerating C type support for eProsima Fast-RTPS[0m
[46.980s] [35m[1mScanning dependencies of target ar_track_alvar_msgs__rosidl_typesupport_fastrtps_c[0m
[47.128s] [ 69%] [32mBuilding CXX object CMakeFiles/ar_track_alvar_msgs__rosidl_typesupport_fastrtps_c.dir/rosidl_typesupport_fastrtps_c/ar_track_alvar_msgs/msg/detail/alvar_markers__type_support_c.cpp.o[0m
[49.183s] [ 71%] [32mBuilding CXX object CMakeFiles/ar_track_alvar_msgs__rosidl_typesupport_fastrtps_c.dir/rosidl_typesupport_fastrtps_c/ar_track_alvar_msgs/msg/detail/alvar_marker__type_support_c.cpp.o[0m
[51.978s] [ 74%] [32m[1mLinking CXX shared library libar_track_alvar_msgs__rosidl_typesupport_fastrtps_c.so[0m
[52.880s] [ 74%] Built target ar_track_alvar_msgs__rosidl_typesupport_fastrtps_c
[52.995s] [35m[1mScanning dependencies of target ar_track_alvar_msgs[0m
[53.081s] [ 74%] Built target ar_track_alvar_msgs
[53.186s] [35m[1mScanning dependencies of target ar_track_alvar_msgs__py[0m
[53.311s] [ 76%] [34m[1mGenerating Python code for ROS interfaces[0m
[57.582s] [ 76%] Built target ar_track_alvar_msgs__py
[57.673s] [35m[1mScanning dependencies of target ar_track_alvar_msgs__python[0m
[57.885s] [ 79%] [32mBuilding C object CMakeFiles/ar_track_alvar_msgs__python.dir/rosidl_generator_py/ar_track_alvar_msgs/msg/_alvar_markers_s.c.o[0m
[58.450s] [ 82%] [32mBuilding C object CMakeFiles/ar_track_alvar_msgs__python.dir/rosidl_generator_py/ar_track_alvar_msgs/msg/_alvar_marker_s.c.o[0m
[59.026s] [ 84%] [32m[1mLinking C shared library rosidl_generator_py/ar_track_alvar_msgs/libar_track_alvar_msgs__python.so[0m
[59.360s] [ 84%] Built target ar_track_alvar_msgs__python
[59.440s] [35m[1mScanning dependencies of target ar_track_alvar_msgs__rosidl_typesupport_c__pyext[0m
[59.566s] [ 87%] [32mBuilding C object CMakeFiles/ar_track_alvar_msgs__rosidl_typesupport_c__pyext.dir/rosidl_generator_py/ar_track_alvar_msgs/_ar_track_alvar_msgs_s.ep.rosidl_typesupport_c.c.o[0m
[60.044s] [ 89%] [32m[1mLinking C shared library rosidl_generator_py/ar_track_alvar_msgs/ar_track_alvar_msgs_s__rosidl_typesupport_c.cpython-38-aarch64-linux-gnu.so[0m
[60.317s] [ 89%] Built target ar_track_alvar_msgs__rosidl_typesupport_c__pyext
[60.368s] [35m[1mScanning dependencies of target ar_track_alvar_msgs__rosidl_typesupport_fastrtps_c__pyext[0m
[60.513s] [ 92%] [32mBuilding C object CMakeFiles/ar_track_alvar_msgs__rosidl_typesupport_fastrtps_c__pyext.dir/rosidl_generator_py/ar_track_alvar_msgs/_ar_track_alvar_msgs_s.ep.rosidl_typesupport_fastrtps_c.c.o[0m
[60.953s] [ 94%] [32m[1mLinking CXX shared library rosidl_generator_py/ar_track_alvar_msgs/ar_track_alvar_msgs_s__rosidl_typesupport_fastrtps_c.cpython-38-aarch64-linux-gnu.so[0m
[61.490s] [ 94%] Built target ar_track_alvar_msgs__rosidl_typesupport_fastrtps_c__pyext
[61.600s] [35m[1mScanning dependencies of target ar_track_alvar_msgs__rosidl_typesupport_introspection_c__pyext[0m
[61.757s] [ 97%] [32mBuilding C object CMakeFiles/ar_track_alvar_msgs__rosidl_typesupport_introspection_c__pyext.dir/rosidl_generator_py/ar_track_alvar_msgs/_ar_track_alvar_msgs_s.ep.rosidl_typesupport_introspection_c.c.o[0m
[62.396s] [100%] [32m[1mLinking C shared library rosidl_generator_py/ar_track_alvar_msgs/ar_track_alvar_msgs_s__rosidl_typesupport_introspection_c.cpython-38-aarch64-linux-gnu.so[0m
[62.758s] [100%] Built target ar_track_alvar_msgs__rosidl_typesupport_introspection_c__pyext
[62.816s] Invoked command in '/home/wheeltec/wheeltec_ros2/build/ar_track_alvar_msgs' returned '0': CMAKE_PREFIX_PATH=/opt/ros/galactic /usr/bin/cmake --build /home/wheeltec/wheeltec_ros2/build/ar_track_alvar_msgs -- -j4 -l4
[63.343s] Invoking command in '/home/wheeltec/wheeltec_ros2/build/ar_track_alvar_msgs': CMAKE_PREFIX_PATH=/opt/ros/galactic /usr/bin/cmake --install /home/wheeltec/wheeltec_ros2/build/ar_track_alvar_msgs
[63.414s] -- Install configuration: ""
[63.416s] -- Installing: /home/wheeltec/wheeltec_ros2/install/ar_track_alvar_msgs/share/ament_index/resource_index/rosidl_interfaces/ar_track_alvar_msgs
[63.418s] -- Installing: /home/wheeltec/wheeltec_ros2/install/ar_track_alvar_msgs/include/ar_track_alvar_msgs
[63.418s] -- Installing: /home/wheeltec/wheeltec_ros2/install/ar_track_alvar_msgs/include/ar_track_alvar_msgs/msg
[63.419s] -- Installing: /home/wheeltec/wheeltec_ros2/install/ar_track_alvar_msgs/include/ar_track_alvar_msgs/msg/alvar_marker.h
[63.420s] -- Installing: /home/wheeltec/wheeltec_ros2/install/ar_track_alvar_msgs/include/ar_track_alvar_msgs/msg/alvar_markers.h
[63.421s] -- Installing: /home/wheeltec/wheeltec_ros2/install/ar_track_alvar_msgs/include/ar_track_alvar_msgs/msg/detail
[63.422s] -- Installing: /home/wheeltec/wheeltec_ros2/install/ar_track_alvar_msgs/include/ar_track_alvar_msgs/msg/detail/alvar_markers__functions.h
[63.423s] -- Installing: /home/wheeltec/wheeltec_ros2/install/ar_track_alvar_msgs/include/ar_track_alvar_msgs/msg/detail/alvar_markers__struct.h
[63.423s] -- Installing: /home/wheeltec/wheeltec_ros2/install/ar_track_alvar_msgs/include/ar_track_alvar_msgs/msg/detail/alvar_markers__functions.c
[63.424s] -- Installing: /home/wheeltec/wheeltec_ros2/install/ar_track_alvar_msgs/include/ar_track_alvar_msgs/msg/detail/alvar_markers__type_support.h
[63.425s] -- Installing: /home/wheeltec/wheeltec_ros2/install/ar_track_alvar_msgs/include/ar_track_alvar_msgs/msg/detail/alvar_marker__type_support.h
[63.425s] -- Installing: /home/wheeltec/wheeltec_ros2/install/ar_track_alvar_msgs/include/ar_track_alvar_msgs/msg/detail/alvar_marker__functions.h
[63.426s] -- Installing: /home/wheeltec/wheeltec_ros2/install/ar_track_alvar_msgs/include/ar_track_alvar_msgs/msg/detail/alvar_marker__functions.c
[63.427s] -- Installing: /home/wheeltec/wheeltec_ros2/install/ar_track_alvar_msgs/include/ar_track_alvar_msgs/msg/detail/alvar_marker__struct.h
[63.428s] -- Installing: /home/wheeltec/wheeltec_ros2/install/ar_track_alvar_msgs/include/ar_track_alvar_msgs/msg/rosidl_generator_c__visibility_control.h
[63.440s] -- Installing: /home/wheeltec/wheeltec_ros2/install/ar_track_alvar_msgs/share/ar_track_alvar_msgs/environment/library_path.sh
[63.442s] -- Installing: /home/wheeltec/wheeltec_ros2/install/ar_track_alvar_msgs/share/ar_track_alvar_msgs/environment/library_path.dsv
[63.445s] -- Installing: /home/wheeltec/wheeltec_ros2/install/ar_track_alvar_msgs/lib/libar_track_alvar_msgs__rosidl_generator_c.so
[63.447s] -- Set runtime path of "/home/wheeltec/wheeltec_ros2/install/ar_track_alvar_msgs/lib/libar_track_alvar_msgs__rosidl_generator_c.so" to ""
[63.448s] -- Up-to-date: /home/wheeltec/wheeltec_ros2/install/ar_track_alvar_msgs/include/ar_track_alvar_msgs
[63.449s] -- Up-to-date: /home/wheeltec/wheeltec_ros2/install/ar_track_alvar_msgs/include/ar_track_alvar_msgs/msg
[63.450s] -- Installing: /home/wheeltec/wheeltec_ros2/install/ar_track_alvar_msgs/include/ar_track_alvar_msgs/msg/rosidl_typesupport_fastrtps_c__visibility_control.h
[63.450s] -- Up-to-date: /home/wheeltec/wheeltec_ros2/install/ar_track_alvar_msgs/include/ar_track_alvar_msgs/msg/detail
[63.451s] -- Installing: /home/wheeltec/wheeltec_ros2/install/ar_track_alvar_msgs/include/ar_track_alvar_msgs/msg/detail/alvar_markers__rosidl_typesupport_fastrtps_c.h
[63.451s] -- Installing: /home/wheeltec/wheeltec_ros2/install/ar_track_alvar_msgs/include/ar_track_alvar_msgs/msg/detail/alvar_marker__rosidl_typesupport_fastrtps_c.h
[63.459s] -- Installing: /home/wheeltec/wheeltec_ros2/install/ar_track_alvar_msgs/lib/libar_track_alvar_msgs__rosidl_typesupport_fastrtps_c.so
[63.460s] -- Set runtime path of "/home/wheeltec/wheeltec_ros2/install/ar_track_alvar_msgs/lib/libar_track_alvar_msgs__rosidl_typesupport_fastrtps_c.so" to ""
[63.460s] -- Up-to-date: /home/wheeltec/wheeltec_ros2/install/ar_track_alvar_msgs/include/ar_track_alvar_msgs
[63.461s] -- Up-to-date: /home/wheeltec/wheeltec_ros2/install/ar_track_alvar_msgs/include/ar_track_alvar_msgs/msg
[63.461s] -- Up-to-date: /home/wheeltec/wheeltec_ros2/install/ar_track_alvar_msgs/include/ar_track_alvar_msgs/msg/detail
[63.462s] -- Installing: /home/wheeltec/wheeltec_ros2/install/ar_track_alvar_msgs/include/ar_track_alvar_msgs/msg/detail/dds_fastrtps
[63.462s] -- Installing: /home/wheeltec/wheeltec_ros2/install/ar_track_alvar_msgs/include/ar_track_alvar_msgs/msg/detail/alvar_markers__rosidl_typesupport_fastrtps_cpp.hpp
[63.466s] -- Installing: /home/wheeltec/wheeltec_ros2/install/ar_track_alvar_msgs/include/ar_track_alvar_msgs/msg/detail/alvar_marker__rosidl_typesupport_fastrtps_cpp.hpp
[63.475s] -- Installing: /home/wheeltec/wheeltec_ros2/install/ar_track_alvar_msgs/include/ar_track_alvar_msgs/msg/rosidl_typesupport_fastrtps_cpp__visibility_control.h
[63.476s] -- Installing: /home/wheeltec/wheeltec_ros2/install/ar_track_alvar_msgs/lib/libar_track_alvar_msgs__rosidl_typesupport_fastrtps_cpp.so
[63.476s] -- Set runtime path of "/home/wheeltec/wheeltec_ros2/install/ar_track_alvar_msgs/lib/libar_track_alvar_msgs__rosidl_typesupport_fastrtps_cpp.so" to ""
[63.477s] -- Up-to-date: /home/wheeltec/wheeltec_ros2/install/ar_track_alvar_msgs/include/ar_track_alvar_msgs
[63.477s] -- Up-to-date: /home/wheeltec/wheeltec_ros2/install/ar_track_alvar_msgs/include/ar_track_alvar_msgs/msg
[63.478s] -- Installing: /home/wheeltec/wheeltec_ros2/install/ar_track_alvar_msgs/include/ar_track_alvar_msgs/msg/rosidl_typesupport_introspection_c__visibility_control.h
[63.479s] -- Up-to-date: /home/wheeltec/wheeltec_ros2/install/ar_track_alvar_msgs/include/ar_track_alvar_msgs/msg/detail
[63.479s] -- Installing: /home/wheeltec/wheeltec_ros2/install/ar_track_alvar_msgs/include/ar_track_alvar_msgs/msg/detail/alvar_markers__type_support.c
[63.479s] -- Installing: /home/wheeltec/wheeltec_ros2/install/ar_track_alvar_msgs/include/ar_track_alvar_msgs/msg/detail/alvar_marker__type_support.c
[63.480s] -- Installing: /home/wheeltec/wheeltec_ros2/install/ar_track_alvar_msgs/include/ar_track_alvar_msgs/msg/detail/alvar_markers__rosidl_typesupport_introspection_c.h
[63.481s] -- Installing: /home/wheeltec/wheeltec_ros2/install/ar_track_alvar_msgs/include/ar_track_alvar_msgs/msg/detail/alvar_marker__rosidl_typesupport_introspection_c.h
[63.482s] -- Installing: /home/wheeltec/wheeltec_ros2/install/ar_track_alvar_msgs/lib/libar_track_alvar_msgs__rosidl_typesupport_introspection_c.so
[63.482s] -- Set runtime path of "/home/wheeltec/wheeltec_ros2/install/ar_track_alvar_msgs/lib/libar_track_alvar_msgs__rosidl_typesupport_introspection_c.so" to ""
[63.483s] -- Installing: /home/wheeltec/wheeltec_ros2/install/ar_track_alvar_msgs/lib/libar_track_alvar_msgs__rosidl_typesupport_c.so
[63.483s] -- Set runtime path of "/home/wheeltec/wheeltec_ros2/install/ar_track_alvar_msgs/lib/libar_track_alvar_msgs__rosidl_typesupport_c.so" to ""
[63.484s] -- Up-to-date: /home/wheeltec/wheeltec_ros2/install/ar_track_alvar_msgs/include/ar_track_alvar_msgs
[63.485s] -- Up-to-date: /home/wheeltec/wheeltec_ros2/install/ar_track_alvar_msgs/include/ar_track_alvar_msgs/msg
[63.485s] -- Installing: /home/wheeltec/wheeltec_ros2/install/ar_track_alvar_msgs/include/ar_track_alvar_msgs/msg/alvar_markers.hpp
[63.486s] -- Up-to-date: /home/wheeltec/wheeltec_ros2/install/ar_track_alvar_msgs/include/ar_track_alvar_msgs/msg/detail
[63.486s] -- Installing: /home/wheeltec/wheeltec_ros2/install/ar_track_alvar_msgs/include/ar_track_alvar_msgs/msg/detail/alvar_marker__struct.hpp
[63.486s] -- Installing: /home/wheeltec/wheeltec_ros2/install/ar_track_alvar_msgs/include/ar_track_alvar_msgs/msg/detail/alvar_marker__builder.hpp
[63.487s] -- Installing: /home/wheeltec/wheeltec_ros2/install/ar_track_alvar_msgs/include/ar_track_alvar_msgs/msg/detail/alvar_marker__traits.hpp
[63.490s] -- Installing: /home/wheeltec/wheeltec_ros2/install/ar_track_alvar_msgs/include/ar_track_alvar_msgs/msg/detail/alvar_markers__struct.hpp
[63.494s] -- Installing: /home/wheeltec/wheeltec_ros2/install/ar_track_alvar_msgs/include/ar_track_alvar_msgs/msg/detail/alvar_markers__traits.hpp
[63.502s] -- Installing: /home/wheeltec/wheeltec_ros2/install/ar_track_alvar_msgs/include/ar_track_alvar_msgs/msg/detail/alvar_markers__builder.hpp
[63.504s] -- Installing: /home/wheeltec/wheeltec_ros2/install/ar_track_alvar_msgs/include/ar_track_alvar_msgs/msg/alvar_marker.hpp
[63.505s] -- Up-to-date: /home/wheeltec/wheeltec_ros2/install/ar_track_alvar_msgs/include/ar_track_alvar_msgs
[63.506s] -- Up-to-date: /home/wheeltec/wheeltec_ros2/install/ar_track_alvar_msgs/include/ar_track_alvar_msgs/msg
[63.506s] -- Up-to-date: /home/wheeltec/wheeltec_ros2/install/ar_track_alvar_msgs/include/ar_track_alvar_msgs/msg/detail
[63.507s] -- Installing: /home/wheeltec/wheeltec_ros2/install/ar_track_alvar_msgs/include/ar_track_alvar_msgs/msg/detail/alvar_markers__rosidl_typesupport_introspection_cpp.hpp
[63.507s] -- Installing: /home/wheeltec/wheeltec_ros2/install/ar_track_alvar_msgs/include/ar_track_alvar_msgs/msg/detail/alvar_marker__rosidl_typesupport_introspection_cpp.hpp
[63.508s] -- Installing: /home/wheeltec/wheeltec_ros2/install/ar_track_alvar_msgs/include/ar_track_alvar_msgs/msg/detail/alvar_markers__type_support.cpp
[63.508s] -- Installing: /home/wheeltec/wheeltec_ros2/install/ar_track_alvar_msgs/include/ar_track_alvar_msgs/msg/detail/alvar_marker__type_support.cpp
[63.510s] -- Installing: /home/wheeltec/wheeltec_ros2/install/ar_track_alvar_msgs/lib/libar_track_alvar_msgs__rosidl_typesupport_introspection_cpp.so
[63.518s] -- Set runtime path of "/home/wheeltec/wheeltec_ros2/install/ar_track_alvar_msgs/lib/libar_track_alvar_msgs__rosidl_typesupport_introspection_cpp.so" to ""
[63.519s] -- Installing: /home/wheeltec/wheeltec_ros2/install/ar_track_alvar_msgs/lib/libar_track_alvar_msgs__rosidl_typesupport_cpp.so
[63.521s] -- Set runtime path of "/home/wheeltec/wheeltec_ros2/install/ar_track_alvar_msgs/lib/libar_track_alvar_msgs__rosidl_typesupport_cpp.so" to ""
[63.521s] -- Installing: /home/wheeltec/wheeltec_ros2/install/ar_track_alvar_msgs/share/ar_track_alvar_msgs/environment/pythonpath.sh
[63.524s] -- Installing: /home/wheeltec/wheeltec_ros2/install/ar_track_alvar_msgs/share/ar_track_alvar_msgs/environment/pythonpath.dsv
[63.525s] -- Installing: /home/wheeltec/wheeltec_ros2/install/ar_track_alvar_msgs/lib/python3.8/site-packages/ar_track_alvar_msgs/__init__.py
[63.708s] Compiling '/home/wheeltec/wheeltec_ros2/install/ar_track_alvar_msgs/lib/python3.8/site-packages/ar_track_alvar_msgs/__init__.py'...
[63.733s] -- Installing: /home/wheeltec/wheeltec_ros2/install/ar_track_alvar_msgs/lib/python3.8/site-packages/ar_track_alvar_msgs/msg
[63.734s] -- Installing: /home/wheeltec/wheeltec_ros2/install/ar_track_alvar_msgs/lib/python3.8/site-packages/ar_track_alvar_msgs/msg/__init__.py
[63.734s] -- Installing: /home/wheeltec/wheeltec_ros2/install/ar_track_alvar_msgs/lib/python3.8/site-packages/ar_track_alvar_msgs/msg/_alvar_markers.py
[63.735s] -- Installing: /home/wheeltec/wheeltec_ros2/install/ar_track_alvar_msgs/lib/python3.8/site-packages/ar_track_alvar_msgs/msg/_alvar_markers_s.c
[63.736s] -- Installing: /home/wheeltec/wheeltec_ros2/install/ar_track_alvar_msgs/lib/python3.8/site-packages/ar_track_alvar_msgs/msg/_alvar_marker.py
[63.736s] -- Installing: /home/wheeltec/wheeltec_ros2/install/ar_track_alvar_msgs/lib/python3.8/site-packages/ar_track_alvar_msgs/msg/_alvar_marker_s.c
[63.738s] -- Installing: /home/wheeltec/wheeltec_ros2/install/ar_track_alvar_msgs/lib/python3.8/site-packages/ar_track_alvar_msgs/ar_track_alvar_msgs_s__rosidl_typesupport_fastrtps_c.cpython-38-aarch64-linux-gnu.so
[63.740s] -- Set runtime path of "/home/wheeltec/wheeltec_ros2/install/ar_track_alvar_msgs/lib/python3.8/site-packages/ar_track_alvar_msgs/ar_track_alvar_msgs_s__rosidl_typesupport_fastrtps_c.cpython-38-aarch64-linux-gnu.so" to ""
[63.740s] -- Installing: /home/wheeltec/wheeltec_ros2/install/ar_track_alvar_msgs/lib/python3.8/site-packages/ar_track_alvar_msgs/ar_track_alvar_msgs_s__rosidl_typesupport_introspection_c.cpython-38-aarch64-linux-gnu.so
[63.743s] -- Set runtime path of "/home/wheeltec/wheeltec_ros2/install/ar_track_alvar_msgs/lib/python3.8/site-packages/ar_track_alvar_msgs/ar_track_alvar_msgs_s__rosidl_typesupport_introspection_c.cpython-38-aarch64-linux-gnu.so" to ""
[63.744s] -- Installing: /home/wheeltec/wheeltec_ros2/install/ar_track_alvar_msgs/lib/python3.8/site-packages/ar_track_alvar_msgs/ar_track_alvar_msgs_s__rosidl_typesupport_c.cpython-38-aarch64-linux-gnu.so
[63.748s] -- Set runtime path of "/home/wheeltec/wheeltec_ros2/install/ar_track_alvar_msgs/lib/python3.8/site-packages/ar_track_alvar_msgs/ar_track_alvar_msgs_s__rosidl_typesupport_c.cpython-38-aarch64-linux-gnu.so" to ""
[63.752s] -- Installing: /home/wheeltec/wheeltec_ros2/install/ar_track_alvar_msgs/lib/libar_track_alvar_msgs__python.so
[63.757s] -- Set runtime path of "/home/wheeltec/wheeltec_ros2/install/ar_track_alvar_msgs/lib/libar_track_alvar_msgs__python.so" to ""
[63.758s] -- Installing: /home/wheeltec/wheeltec_ros2/install/ar_track_alvar_msgs/share/ar_track_alvar_msgs/msg/AlvarMarkers.idl
[63.759s] -- Installing: /home/wheeltec/wheeltec_ros2/install/ar_track_alvar_msgs/share/ar_track_alvar_msgs/msg/AlvarMarker.idl
[63.759s] -- Installing: /home/wheeltec/wheeltec_ros2/install/ar_track_alvar_msgs/share/ar_track_alvar_msgs/msg/AlvarMarkers.msg
[63.764s] -- Installing: /home/wheeltec/wheeltec_ros2/install/ar_track_alvar_msgs/share/ar_track_alvar_msgs/msg/AlvarMarker.msg
[63.769s] -- Installing: /home/wheeltec/wheeltec_ros2/install/ar_track_alvar_msgs/share/ament_index/resource_index/package_run_dependencies/ar_track_alvar_msgs
[63.770s] -- Installing: /home/wheeltec/wheeltec_ros2/install/ar_track_alvar_msgs/share/ament_index/resource_index/parent_prefix_path/ar_track_alvar_msgs
[63.783s] -- Installing: /home/wheeltec/wheeltec_ros2/install/ar_track_alvar_msgs/share/ar_track_alvar_msgs/environment/ament_prefix_path.sh
[63.784s] -- Installing: /home/wheeltec/wheeltec_ros2/install/ar_track_alvar_msgs/share/ar_track_alvar_msgs/environment/ament_prefix_path.dsv
[63.786s] -- Installing: /home/wheeltec/wheeltec_ros2/install/ar_track_alvar_msgs/share/ar_track_alvar_msgs/environment/path.sh
[63.787s] -- Installing: /home/wheeltec/wheeltec_ros2/install/ar_track_alvar_msgs/share/ar_track_alvar_msgs/environment/path.dsv
[63.788s] -- Installing: /home/wheeltec/wheeltec_ros2/install/ar_track_alvar_msgs/share/ar_track_alvar_msgs/local_setup.bash
[63.789s] -- Installing: /home/wheeltec/wheeltec_ros2/install/ar_track_alvar_msgs/share/ar_track_alvar_msgs/local_setup.sh
[63.790s] -- Installing: /home/wheeltec/wheeltec_ros2/install/ar_track_alvar_msgs/share/ar_track_alvar_msgs/local_setup.zsh
[63.792s] -- Installing: /home/wheeltec/wheeltec_ros2/install/ar_track_alvar_msgs/share/ar_track_alvar_msgs/local_setup.dsv
[63.793s] -- Installing: /home/wheeltec/wheeltec_ros2/install/ar_track_alvar_msgs/share/ar_track_alvar_msgs/package.dsv
[63.795s] -- Installing: /home/wheeltec/wheeltec_ros2/install/ar_track_alvar_msgs/share/ament_index/resource_index/packages/ar_track_alvar_msgs
[63.796s] -- Installing: /home/wheeltec/wheeltec_ros2/install/ar_track_alvar_msgs/share/ar_track_alvar_msgs/cmake/ar_track_alvar_msgs__rosidl_generator_cExport.cmake
[63.798s] -- Installing: /home/wheeltec/wheeltec_ros2/install/ar_track_alvar_msgs/share/ar_track_alvar_msgs/cmake/ar_track_alvar_msgs__rosidl_generator_cExport-noconfig.cmake
[63.799s] -- Installing: /home/wheeltec/wheeltec_ros2/install/ar_track_alvar_msgs/share/ar_track_alvar_msgs/cmake/ar_track_alvar_msgs__rosidl_typesupport_introspection_cExport.cmake
[63.801s] -- Installing: /home/wheeltec/wheeltec_ros2/install/ar_track_alvar_msgs/share/ar_track_alvar_msgs/cmake/ar_track_alvar_msgs__rosidl_typesupport_introspection_cExport-noconfig.cmake
[63.810s] -- Installing: /home/wheeltec/wheeltec_ros2/install/ar_track_alvar_msgs/share/ar_track_alvar_msgs/cmake/ar_track_alvar_msgs__rosidl_typesupport_cExport.cmake
[63.811s] -- Installing: /home/wheeltec/wheeltec_ros2/install/ar_track_alvar_msgs/share/ar_track_alvar_msgs/cmake/ar_track_alvar_msgs__rosidl_typesupport_cExport-noconfig.cmake
[63.813s] -- Installing: /home/wheeltec/wheeltec_ros2/install/ar_track_alvar_msgs/share/ar_track_alvar_msgs/cmake/ar_track_alvar_msgs__rosidl_generator_cppExport.cmake
[63.815s] -- Installing: /home/wheeltec/wheeltec_ros2/install/ar_track_alvar_msgs/share/ar_track_alvar_msgs/cmake/ar_track_alvar_msgs__rosidl_typesupport_introspection_cppExport.cmake
[63.816s] -- Installing: /home/wheeltec/wheeltec_ros2/install/ar_track_alvar_msgs/share/ar_track_alvar_msgs/cmake/ar_track_alvar_msgs__rosidl_typesupport_introspection_cppExport-noconfig.cmake
[63.817s] -- Installing: /home/wheeltec/wheeltec_ros2/install/ar_track_alvar_msgs/share/ar_track_alvar_msgs/cmake/ar_track_alvar_msgs__rosidl_typesupport_cppExport.cmake
[63.819s] -- Installing: /home/wheeltec/wheeltec_ros2/install/ar_track_alvar_msgs/share/ar_track_alvar_msgs/cmake/ar_track_alvar_msgs__rosidl_typesupport_cppExport-noconfig.cmake
[63.820s] -- Installing: /home/wheeltec/wheeltec_ros2/install/ar_track_alvar_msgs/share/ar_track_alvar_msgs/cmake/rosidl_cmake-extras.cmake
[63.821s] -- Installing: /home/wheeltec/wheeltec_ros2/install/ar_track_alvar_msgs/share/ar_track_alvar_msgs/cmake/ament_cmake_export_dependencies-extras.cmake
[63.824s] -- Installing: /home/wheeltec/wheeltec_ros2/install/ar_track_alvar_msgs/share/ar_track_alvar_msgs/cmake/ament_cmake_export_libraries-extras.cmake
[63.826s] -- Installing: /home/wheeltec/wheeltec_ros2/install/ar_track_alvar_msgs/share/ar_track_alvar_msgs/cmake/ament_cmake_export_targets-extras.cmake
[63.827s] -- Installing: /home/wheeltec/wheeltec_ros2/install/ar_track_alvar_msgs/share/ar_track_alvar_msgs/cmake/ament_cmake_export_include_directories-extras.cmake
[63.831s] -- Installing: /home/wheeltec/wheeltec_ros2/install/ar_track_alvar_msgs/share/ar_track_alvar_msgs/cmake/rosidl_cmake_export_typesupport_libraries-extras.cmake
[63.832s] -- Installing: /home/wheeltec/wheeltec_ros2/install/ar_track_alvar_msgs/share/ar_track_alvar_msgs/cmake/rosidl_cmake_export_typesupport_targets-extras.cmake
[63.833s] -- Installing: /home/wheeltec/wheeltec_ros2/install/ar_track_alvar_msgs/share/ar_track_alvar_msgs/cmake/ar_track_alvar_msgsConfig.cmake
[63.834s] -- Installing: /home/wheeltec/wheeltec_ros2/install/ar_track_alvar_msgs/share/ar_track_alvar_msgs/cmake/ar_track_alvar_msgsConfig-version.cmake
[63.836s] -- Installing: /home/wheeltec/wheeltec_ros2/install/ar_track_alvar_msgs/share/ar_track_alvar_msgs/package.xml
[63.856s] Invoked command in '/home/wheeltec/wheeltec_ros2/build/ar_track_alvar_msgs' returned '0': CMAKE_PREFIX_PATH=/opt/ros/galactic /usr/bin/cmake --install /home/wheeltec/wheeltec_ros2/build/ar_track_alvar_msgs
