[0.174s] Invoking command in '/home/wheeltec/wheeltec_ros2/build/nav2_behavior_tree': CMAKE_PREFIX_PATH=/home/wheeltec/wheeltec_ros2/install/nav2_util:/home/wheeltec/wheeltec_ros2/install/nav2_msgs:/home/wheeltec/wheeltec_ros2/install/nav2_common:/home/wheeltec/wheeltec_ros2/install/wheeltec_slam_toolbox:/home/wheeltec/wheeltec_ros2/install/wheeltec_rrt_msg:/home/wheeltec/wheeltec_ros2/install/wheeltec_robot_urdf:/home/wheeltec/wheeltec_ros2/install/wheeltec_robot_rtab:/home/wheeltec/wheeltec_ros2/install/wheeltec_robot_rrt:/home/wheeltec/wheeltec_ros2/install/turn_on_wheeltec_robot:/home/wheeltec/wheeltec_ros2/install/wheeltec_robot_msg:/home/wheeltec/wheeltec_ros2/install/wheeltec_nav2:/home/wheeltec/wheeltec_ros2/install/wheeltec_joy:/home/wheeltec/wheeltec_ros2/install/wheeltec_cartographer:/home/wheeltec/wheeltec_ros2/install/web_video_server:/home/wheeltec/wheeltec_ros2/install/usb_cam:/home/wheeltec/wheeltec_ros2/install/slam_gmapping:/home/wheeltec/wheeltec_ros2/install/serial:/home/wheeltec/wheeltec_ros2/install/rplidar_ros2:/home/wheeltec/wheeltec_ros2/install/ros2_astra_camera:/home/wheeltec/wheeltec_ros2/install/ar_track_alvar:/home/wheeltec/wheeltec_ros2/install/perception_pcl:/home/wheeltec/wheeltec_ros2/install/pcl_ros:/home/wheeltec/wheeltec_ros2/install/lslidar_driver:/home/wheeltec/wheeltec_ros2/install/pcl_conversions:/home/wheeltec/wheeltec_ros2/install/openslam_gmapping:/home/wheeltec/wheeltec_ros2/install/nav2_system_tests:/home/wheeltec/wheeltec_ros2/install/nav2_bringup:/home/wheeltec/wheeltec_ros2/install/navigation2:/home/wheeltec/wheeltec_ros2/install/nav2_dwb_controller:/home/wheeltec/wheeltec_ros2/install/nav2_controller:/home/wheeltec/wheeltec_ros2/install/dwb_plugins:/home/wheeltec/wheeltec_ros2/install/dwb_critics:/home/wheeltec/wheeltec_ros2/install/dwb_core:/home/wheeltec/wheeltec_ros2/install/nav_2d_utils:/home/wheeltec/wheeltec_ros2/install/dwb_msgs:/home/wheeltec/wheeltec_ros2/install/nav_2d_msgs:/home/wheeltec/wheeltec_ros2/install/nav2_waypoint_follower:/home/wheeltec/wheeltec_ros2/install/nav2_theta_star_planner:/home/wheeltec/wheeltec_ros2/install/nav2_smac_planner:/home/wheeltec/wheeltec_ros2/install/nav2_rotation_shim_controller:/home/wheeltec/wheeltec_ros2/install/nav2_regulated_pure_pursuit_controller:/home/wheeltec/wheeltec_ros2/install/nav2_recoveries:/home/wheeltec/wheeltec_ros2/install/nav2_planner:/home/wheeltec/wheeltec_ros2/install/nav2_navfn_planner:/home/wheeltec/wheeltec_ros2/install/nav2_bt_navigator:/home/wheeltec/wheeltec_ros2/install/nav2_core:/home/wheeltec/wheeltec_ros2/install/costmap_queue:/home/wheeltec/wheeltec_ros2/install/nav2_costmap_2d:/home/wheeltec/wheeltec_ros2/install/nav2_voxel_grid:/home/wheeltec/wheeltec_ros2/install/nav2_rviz_plugins:/home/wheeltec/wheeltec_ros2/install/nav2_map_server:/home/wheeltec/wheeltec_ros2/install/nav2_lifecycle_manager:/home/wheeltec/wheeltec_ros2/install/nav2_behavior_tree:/home/wheeltec/wheeltec_ros2/install/nav2_amcl:/home/wheeltec/wheeltec_ros2/install/lsn10:/home/wheeltec/wheeltec_ros2/install/lsm10_v2:/home/wheeltec/wheeltec_ros2/install/lslidar_msgs:/home/wheeltec/wheeltec_ros2/install/lidar_ros2:/home/wheeltec/wheeltec_ros2/install/ldlidar_stl_ros2:/home/wheeltec/wheeltec_ros2/install/ldlidar_sl_ros2:/home/wheeltec/wheeltec_ros2/install/astra_msgs:/home/wheeltec/wheeltec_ros2/install/astra_camera:/home/wheeltec/wheeltec_ros2/install/astra_camera_msgs:/home/wheeltec/wheeltec_ros2/install/ar_track_alvar_msgs:/home/wheeltec/wheeltec_ros2/install/ackermann_msgs:/home/wheeltec/wheeltec_ros2/install/simple_follower_ros2:/home/wheeltec/wheeltec_ros2/install/wheeltec_robot_keyboard:/home/wheeltec/wheeltec_ros2/install/tf2_tools:/home/wheeltec/wheeltec_ros2/install/nav2_simple_commander:/home/wheeltec/wheeltec_ros2/install/nav2_gazebo_spawner:/opt/ros/galactic LD_LIBRARY_PATH=/home/wheeltec/wheeltec_ros2/install/nav2_util/lib:/home/wheeltec/wheeltec_ros2/install/nav2_msgs/lib:/home/wheeltec/wheeltec_ros2/install/wheeltec_rrt_msg/lib:/home/wheeltec/wheeltec_ros2/install/wheeltec_robot_rrt/lib:/home/wheeltec/wheeltec_ros2/install/turn_on_wheeltec_robot/lib:/home/wheeltec/wheeltec_ros2/install/wheeltec_robot_msg/lib:/home/wheeltec/wheeltec_ros2/install/usb_cam/lib:/home/wheeltec/wheeltec_ros2/install/serial/lib:/home/wheeltec/wheeltec_ros2/install/ros2_astra_camera/lib:/home/wheeltec/wheeltec_ros2/install/ar_track_alvar/lib:/home/wheeltec/wheeltec_ros2/install/pcl_ros/lib:/home/wheeltec/wheeltec_ros2/install/openslam_gmapping/lib:/home/wheeltec/wheeltec_ros2/install/nav2_controller/lib:/home/wheeltec/wheeltec_ros2/install/dwb_plugins/lib:/home/wheeltec/wheeltec_ros2/install/dwb_critics/lib:/home/wheeltec/wheeltec_ros2/install/dwb_core/lib:/home/wheeltec/wheeltec_ros2/install/nav_2d_utils/lib:/home/wheeltec/wheeltec_ros2/install/dwb_msgs/lib:/home/wheeltec/wheeltec_ros2/install/nav_2d_msgs/lib:/home/wheeltec/wheeltec_ros2/install/nav2_waypoint_follower/lib:/home/wheeltec/wheeltec_ros2/install/nav2_theta_star_planner/lib:/home/wheeltec/wheeltec_ros2/install/nav2_smac_planner/lib:/home/wheeltec/wheeltec_ros2/install/nav2_rotation_shim_controller/lib:/home/wheeltec/wheeltec_ros2/install/nav2_regulated_pure_pursuit_controller/lib:/home/wheeltec/wheeltec_ros2/install/nav2_recoveries/lib:/home/wheeltec/wheeltec_ros2/install/nav2_planner/lib:/home/wheeltec/wheeltec_ros2/install/nav2_navfn_planner/lib:/home/wheeltec/wheeltec_ros2/install/nav2_bt_navigator/lib:/home/wheeltec/wheeltec_ros2/install/costmap_queue/lib:/home/wheeltec/wheeltec_ros2/install/nav2_costmap_2d/lib:/home/wheeltec/wheeltec_ros2/install/nav2_voxel_grid/lib:/home/wheeltec/wheeltec_ros2/install/nav2_rviz_plugins/lib:/home/wheeltec/wheeltec_ros2/install/nav2_map_server/lib:/home/wheeltec/wheeltec_ros2/install/nav2_lifecycle_manager/lib:/home/wheeltec/wheeltec_ros2/install/nav2_behavior_tree/lib:/home/wheeltec/wheeltec_ros2/install/nav2_amcl/lib:/home/wheeltec/wheeltec_ros2/install/lsm10_v2/lib:/home/wheeltec/wheeltec_ros2/install/lslidar_msgs/lib:/home/wheeltec/wheeltec_ros2/install/astra_msgs/lib:/home/wheeltec/wheeltec_ros2/install/astra_camera/lib:/home/wheeltec/wheeltec_ros2/install/astra_camera_msgs/lib:/home/wheeltec/wheeltec_ros2/install/ar_track_alvar_msgs/lib:/home/wheeltec/wheeltec_ros2/install/ackermann_msgs/lib:/usr/lib/aarch64-linux-gnu/gazebo-11/plugins:/opt/ros/galactic/opt/yaml_cpp_vendor/lib:/opt/ros/galactic/opt/rviz_ogre_vendor/lib:/opt/ros/galactic/lib/aarch64-linux-gnu:/opt/ros/galactic/lib:/home/wheeltec/wheeltec_ros2/src/ros2_astra_camera-main/ros2_astra_camera/lib/openni2_redist/x64 PYTHONPATH=/home/wheeltec/wheeltec_ros2/install/nav2_msgs/lib/python3.8/site-packages:/home/wheeltec/wheeltec_ros2/install/nav2_common/lib/python3.8/site-packages:/home/wheeltec/wheeltec_ros2/install/wheeltec_rrt_msg/lib/python3.8/site-packages:/home/wheeltec/wheeltec_ros2/install/simple_follower_ros2/lib/python3.8/site-packages:/home/wheeltec/wheeltec_ros2/install/turn_on_wheeltec_robot/lib/python3.8/site-packages:/home/wheeltec/wheeltec_ros2/install/wheeltec_robot_msg/lib/python3.8/site-packages:/home/wheeltec/wheeltec_ros2/install/wheeltec_robot_keyboard/lib/python3.8/site-packages:/home/wheeltec/wheeltec_ros2/install/tf2_tools/lib/python3.8/site-packages:/home/wheeltec/wheeltec_ros2/install/dwb_msgs/lib/python3.8/site-packages:/home/wheeltec/wheeltec_ros2/install/nav_2d_msgs/lib/python3.8/site-packages:/home/wheeltec/wheeltec_ros2/install/nav2_simple_commander/lib/python3.8/site-packages:/home/wheeltec/wheeltec_ros2/install/nav2_gazebo_spawner/lib/python3.8/site-packages:/home/wheeltec/wheeltec_ros2/install/lsm10_v2/lib/python3.8/site-packages:/home/wheeltec/wheeltec_ros2/install/lslidar_msgs/lib/python3.8/site-packages:/home/wheeltec/wheeltec_ros2/install/astra_msgs/lib/python3.8/site-packages:/home/wheeltec/wheeltec_ros2/install/astra_camera_msgs/lib/python3.8/site-packages:/home/wheeltec/wheeltec_ros2/install/ar_track_alvar_msgs/lib/python3.8/site-packages:/home/wheeltec/wheeltec_ros2/install/ackermann_msgs/lib/python3.8/site-packages:/opt/ros/galactic/lib/python3.8/site-packages /usr/bin/cmake --build /home/wheeltec/wheeltec_ros2/build/nav2_behavior_tree -- -j4 -l4
[0.393s] -- Found ament_cmake: 1.1.6 (/opt/ros/galactic/share/ament_cmake/cmake)
[0.545s] -- Using PYTHON_EXECUTABLE: /usr/bin/python3
[0.924s] -- Found nav2_common: 1.0.12 (/home/wheeltec/wheeltec_ros2/install/nav2_common/share/nav2_common/cmake)
[0.927s] -- Found rclcpp: 9.2.2 (/opt/ros/galactic/share/rclcpp/cmake)
[1.147s] -- Using all available rosidl_typesupport_c: rosidl_typesupport_fastrtps_c;rosidl_typesupport_introspection_c
[1.162s] -- Found rosidl_adapter: 2.2.3 (/opt/ros/galactic/share/rosidl_adapter/cmake)
[1.861s] -- Using all available rosidl_typesupport_cpp: rosidl_typesupport_fastrtps_cpp;rosidl_typesupport_introspection_cpp
[2.097s] -- Found rmw_implementation_cmake: 3.3.1 (/opt/ros/galactic/share/rmw_implementation_cmake/cmake)
[2.121s] -- Found rmw_cyclonedds_cpp: 0.22.6 (/opt/ros/galactic/share/rmw_cyclonedds_cpp/cmake)
[2.214s] -- Using RMW implementation 'rmw_cyclonedds_cpp' as default
[2.924s] -- Found rclcpp_action: 9.2.2 (/opt/ros/galactic/share/rclcpp_action/cmake)
[3.249s] -- Found rclcpp_lifecycle: 9.2.2 (/opt/ros/galactic/share/rclcpp_lifecycle/cmake)
[3.406s] -- Found geometry_msgs: 2.2.4 (/opt/ros/galactic/share/geometry_msgs/cmake)
[3.574s] -- Found sensor_msgs: 2.2.4 (/opt/ros/galactic/share/sensor_msgs/cmake)
[3.920s] -- Found nav2_msgs: 1.0.12 (/home/wheeltec/wheeltec_ros2/install/nav2_msgs/share/nav2_msgs/cmake)
[5.250s] -- Found behaviortree_cpp_v3: 3.8.0 (/opt/ros/galactic/share/behaviortree_cpp_v3/cmake)
[5.262s] -- Found tf2_ros: 0.17.5 (/opt/ros/galactic/share/tf2_ros/cmake)
[6.429s] -- Found tf2_geometry_msgs: 0.17.5 (/opt/ros/galactic/share/tf2_geometry_msgs/cmake)
[6.457s] -- Found eigen3_cmake_module: 0.1.1 (/opt/ros/galactic/share/eigen3_cmake_module/cmake)
[6.591s] -- Found std_srvs: 2.2.4 (/opt/ros/galactic/share/std_srvs/cmake)
[6.643s] -- Found nav2_util: 1.0.12 (/home/wheeltec/wheeltec_ros2/install/nav2_util/share/nav2_util/cmake)
[44.356s] -- Found ament_lint_auto: 0.10.7 (/opt/ros/galactic/share/ament_lint_auto/cmake)
[45.052s] -- Found gtest sources under '/opt/ros/galactic/src/gtest_vendor': C++ tests using 'Google Test' will be built
[83.923s] -- Added test 'copyright' to check source files copyright and LICENSE
[83.967s] -- Added test 'cppcheck' to perform static code analysis on C / C++ code
[83.986s] -- Configured cppcheck include dirs: /home/wheeltec/wheeltec_ros2/src/navigation2-galactic/nav2_behavior_tree/include
[83.987s] -- Configured cppcheck exclude dirs and/or files: 
[84.020s] -- Added test 'cpplint' to check C / C++ code against the Google style
[84.021s] -- Configured cpplint exclude dirs and/or files: 
[84.036s] -- Added test 'lint_cmake' to check CMake code style
[84.079s] -- Added test 'uncrustify' to check C / C++ code style
[84.079s] -- Configured uncrustify additional arguments: 
[84.085s] -- Added test 'xmllint' to check XML markup files
[84.121s] -- Configuring done
[92.803s] -- Generating done
[92.857s] -- Build files have been written to: /home/wheeltec/wheeltec_ros2/build/nav2_behavior_tree
[93.141s] [35m[1mScanning dependencies of target nav2_goal_checker_selector_bt_node[0m
[93.425s] [  1%] [32mBuilding CXX object CMakeFiles/nav2_goal_checker_selector_bt_node.dir/plugins/action/goal_checker_selector_node.cpp.o[0m
[144.352s] [  1%] [32m[1mLinking CXX shared library libnav2_goal_checker_selector_bt_node.so[0m
[145.830s] [  1%] Built target nav2_goal_checker_selector_bt_node
[145.905s] [35m[1mScanning dependencies of target nav2_single_trigger_bt_node[0m
[146.010s] [  2%] [32mBuilding CXX object CMakeFiles/nav2_single_trigger_bt_node.dir/plugins/decorator/single_trigger_node.cpp.o[0m
[153.869s] [  2%] [32m[1mLinking CXX shared library libnav2_single_trigger_bt_node.so[0m
[154.464s] [  2%] Built target nav2_single_trigger_bt_node
[154.563s] [35m[1mScanning dependencies of target nav2_transform_available_condition_bt_node[0m
[154.975s] [  3%] [32mBuilding CXX object CMakeFiles/nav2_transform_available_condition_bt_node.dir/plugins/condition/transform_available_condition.cpp.o[0m
[177.876s] [  3%] [32m[1mLinking CXX shared library libnav2_transform_available_condition_bt_node.so[0m
[178.783s] [  3%] Built target nav2_transform_available_condition_bt_node
[178.862s] [35m[1mScanning dependencies of target nav2_pipeline_sequence_bt_node[0m
[178.974s] [  4%] [32mBuilding CXX object CMakeFiles/nav2_pipeline_sequence_bt_node.dir/plugins/control/pipeline_sequence.cpp.o[0m
[187.375s] [  5%] [32m[1mLinking CXX shared library libnav2_pipeline_sequence_bt_node.so[0m
[187.981s] [  5%] Built target nav2_pipeline_sequence_bt_node
[188.078s] [35m[1mScanning dependencies of target nav2_wait_action_bt_node[0m
[188.548s] [  6%] [32mBuilding CXX object CMakeFiles/nav2_wait_action_bt_node.dir/plugins/action/wait_action.cpp.o[0m
[220.628s] [  6%] [32m[1mLinking CXX shared library libnav2_wait_action_bt_node.so[0m
[221.641s] [  6%] Built target nav2_wait_action_bt_node
[221.728s] [35m[1mScanning dependencies of target nav2_spin_action_bt_node[0m
[222.011s] [  7%] [32mBuilding CXX object CMakeFiles/nav2_spin_action_bt_node.dir/plugins/action/spin_action.cpp.o[0m
[254.032s] [  7%] [32m[1mLinking CXX shared library libnav2_spin_action_bt_node.so[0m
[255.085s] [  7%] Built target nav2_spin_action_bt_node
[255.185s] [35m[1mScanning dependencies of target nav2_compute_path_through_poses_action_bt_node[0m
[255.469s] [  8%] [32mBuilding CXX object CMakeFiles/nav2_compute_path_through_poses_action_bt_node.dir/plugins/action/compute_path_through_poses_action.cpp.o[0m
[289.985s] [  8%] [32m[1mLinking CXX shared library libnav2_compute_path_through_poses_action_bt_node.so[0m
[291.063s] [  8%] Built target nav2_compute_path_through_poses_action_bt_node
[291.156s] [35m[1mScanning dependencies of target nav2_compute_path_to_pose_action_bt_node[0m
[291.441s] [  9%] [32mBuilding CXX object CMakeFiles/nav2_compute_path_to_pose_action_bt_node.dir/plugins/action/compute_path_to_pose_action.cpp.o[0m
[325.250s] [ 10%] [32m[1mLinking CXX shared library libnav2_compute_path_to_pose_action_bt_node.so[0m
[326.319s] [ 10%] Built target nav2_compute_path_to_pose_action_bt_node
[326.398s] [35m[1mScanning dependencies of target nav2_goal_updated_condition_bt_node[0m
[326.517s] [ 11%] [32mBuilding CXX object CMakeFiles/nav2_goal_updated_condition_bt_node.dir/plugins/condition/goal_updated_condition.cpp.o[0m
[338.670s] [ 11%] [32m[1mLinking CXX shared library libnav2_goal_updated_condition_bt_node.so[0m
[339.267s] [ 11%] Built target nav2_goal_updated_condition_bt_node
[339.355s] [35m[1mScanning dependencies of target nav2_is_stuck_condition_bt_node[0m
[339.602s] [ 12%] [32mBuilding CXX object CMakeFiles/nav2_is_stuck_condition_bt_node.dir/plugins/condition/is_stuck_condition.cpp.o[0m
[389.862s] [ 12%] [32m[1mLinking CXX shared library libnav2_is_stuck_condition_bt_node.so[0m
[390.969s] [ 12%] Built target nav2_is_stuck_condition_bt_node
[391.058s] [35m[1mScanning dependencies of target nav2_behavior_tree[0m
[391.287s] [ 13%] [32mBuilding CXX object CMakeFiles/nav2_behavior_tree.dir/src/behavior_tree_engine.cpp.o[0m
[406.103s] [ 13%] [32m[1mLinking CXX shared library libnav2_behavior_tree.so[0m
[406.927s] [ 13%] Built target nav2_behavior_tree
[407.006s] [35m[1mScanning dependencies of target nav2_goal_updater_node_bt_node[0m
[407.214s] [ 14%] [32mBuilding CXX object CMakeFiles/nav2_goal_updater_node_bt_node.dir/plugins/decorator/goal_updater_node.cpp.o[0m
[413.300s] [35m[1mScanning dependencies of target nav2_follow_path_action_bt_node[0m
[413.786s] [ 15%] [32mBuilding CXX object CMakeFiles/nav2_follow_path_action_bt_node.dir/plugins/action/follow_path_action.cpp.o[0m
[414.697s] [35m[1mScanning dependencies of target nav2_planner_selector_bt_node[0m
[415.140s] [ 16%] [32mBuilding CXX object CMakeFiles/nav2_planner_selector_bt_node.dir/plugins/action/planner_selector_node.cpp.o[0m
[417.346s] [35m[1mScanning dependencies of target nav2_controller_selector_bt_node[0m
[418.177s] [ 17%] [32mBuilding CXX object CMakeFiles/nav2_controller_selector_bt_node.dir/plugins/action/controller_selector_node.cpp.o[0m
[589.825s] [ 18%] [32m[1mLinking CXX shared library libnav2_follow_path_action_bt_node.so[0m
[592.171s] [ 18%] Built target nav2_follow_path_action_bt_node
[606.956s] [ 19%] [32m[1mLinking CXX shared library libnav2_goal_updater_node_bt_node.so[0m
[609.264s] [ 19%] Built target nav2_goal_updater_node_bt_node
[613.871s] [ 19%] [32m[1mLinking CXX shared library libnav2_planner_selector_bt_node.so[0m
[613.893s] [ 19%] [32m[1mLinking CXX shared library libnav2_controller_selector_bt_node.so[0m
[615.006s] [ 19%] Built target nav2_planner_selector_bt_node
[615.045s] [ 19%] Built target nav2_controller_selector_bt_node
[615.240s] [35m[1mScanning dependencies of target nav2_navigate_through_poses_action_bt_node[0m
[615.654s] [ 20%] [32mBuilding CXX object CMakeFiles/nav2_navigate_through_poses_action_bt_node.dir/plugins/action/navigate_through_poses_action.cpp.o[0m
[644.217s] [ 21%] [32m[1mLinking CXX shared library libnav2_navigate_through_poses_action_bt_node.so[0m
[645.150s] [ 21%] Built target nav2_navigate_through_poses_action_bt_node
[645.233s] [35m[1mScanning dependencies of target nav2_remove_passed_goals_action_bt_node[0m
[645.486s] [ 22%] [32mBuilding CXX object CMakeFiles/nav2_remove_passed_goals_action_bt_node.dir/plugins/action/remove_passed_goals_action.cpp.o[0m
[666.180s] [ 22%] [32m[1mLinking CXX shared library libnav2_remove_passed_goals_action_bt_node.so[0m
[667.052s] [ 22%] Built target nav2_remove_passed_goals_action_bt_node
[667.122s] [35m[1mScanning dependencies of target nav2_initial_pose_received_condition_bt_node[0m
[667.205s] [ 23%] [32mBuilding CXX object CMakeFiles/nav2_initial_pose_received_condition_bt_node.dir/plugins/condition/initial_pose_received_condition.cpp.o[0m
[674.442s] [ 23%] [32m[1mLinking CXX shared library libnav2_initial_pose_received_condition_bt_node.so[0m
[674.964s] [ 23%] Built target nav2_initial_pose_received_condition_bt_node
[675.039s] [35m[1mScanning dependencies of target nav2_time_expired_condition_bt_node[0m
[675.230s] [ 24%] [32mBuilding CXX object CMakeFiles/nav2_time_expired_condition_bt_node.dir/plugins/condition/time_expired_condition.cpp.o[0m
[692.246s] [ 25%] [32m[1mLinking CXX shared library libnav2_time_expired_condition_bt_node.so[0m
[693.044s] [ 25%] Built target nav2_time_expired_condition_bt_node
[693.122s] [35m[1mScanning dependencies of target nav2_distance_traveled_condition_bt_node[0m
[693.346s] [ 26%] [32mBuilding CXX object CMakeFiles/nav2_distance_traveled_condition_bt_node.dir/plugins/condition/distance_traveled_condition.cpp.o[0m
[714.161s] [ 26%] [32m[1mLinking CXX shared library libnav2_distance_traveled_condition_bt_node.so[0m
[715.035s] [ 26%] Built target nav2_distance_traveled_condition_bt_node
[715.110s] [35m[1mScanning dependencies of target nav2_is_battery_low_condition_bt_node[0m
[715.311s] [ 27%] [32mBuilding CXX object CMakeFiles/nav2_is_battery_low_condition_bt_node.dir/plugins/condition/is_battery_low_condition.cpp.o[0m
[723.332s] [35m[1mScanning dependencies of target nav2_reinitialize_global_localization_service_bt_node[0m
[723.526s] [35m[1mScanning dependencies of target nav2_round_robin_node_bt_node[0m
[723.554s] [ 28%] [32mBuilding CXX object CMakeFiles/nav2_reinitialize_global_localization_service_bt_node.dir/plugins/action/reinitialize_global_localization_service.cpp.o[0m
[723.620s] [ 29%] [32mBuilding CXX object CMakeFiles/nav2_round_robin_node_bt_node.dir/plugins/control/round_robin_node.cpp.o[0m
[724.752s] [35m[1mScanning dependencies of target nav2_goal_reached_condition_bt_node[0m
[725.074s] [ 30%] [32mBuilding CXX object CMakeFiles/nav2_goal_reached_condition_bt_node.dir/plugins/condition/goal_reached_condition.cpp.o[0m
[733.142s] [ 31%] [32m[1mLinking CXX shared library libnav2_round_robin_node_bt_node.so[0m
[734.168s] [ 31%] Built target nav2_round_robin_node_bt_node
[750.184s] [ 32%] [32m[1mLinking CXX shared library libnav2_reinitialize_global_localization_service_bt_node.so[0m
[751.273s] [ 32%] Built target nav2_reinitialize_global_localization_service_bt_node
[751.380s] [ 33%] [32m[1mLinking CXX shared library libnav2_goal_reached_condition_bt_node.so[0m
[752.296s] [ 33%] Built target nav2_goal_reached_condition_bt_node
[758.382s] [35m[1mScanning dependencies of target nav2_clear_costmap_service_bt_node[0m
[758.635s] [35m[1mScanning dependencies of target nav2_distance_controller_bt_node[0m
[758.677s] [ 34%] [32mBuilding CXX object CMakeFiles/nav2_clear_costmap_service_bt_node.dir/plugins/action/clear_costmap_service.cpp.o[0m
[759.008s] [ 35%] [32mBuilding CXX object CMakeFiles/nav2_distance_controller_bt_node.dir/plugins/decorator/distance_controller.cpp.o[0m
[760.024s] [35m[1mScanning dependencies of target nav2_rate_controller_bt_node[0m
[760.236s] [ 36%] [32mBuilding CXX object CMakeFiles/nav2_rate_controller_bt_node.dir/plugins/decorator/rate_controller.cpp.o[0m
[772.046s] [ 37%] [32m[1mLinking CXX shared library libnav2_is_battery_low_condition_bt_node.so[0m
[773.986s] [ 37%] Built target nav2_is_battery_low_condition_bt_node
[781.219s] [ 38%] [32m[1mLinking CXX shared library libnav2_rate_controller_bt_node.so[0m
[782.504s] [ 38%] Built target nav2_rate_controller_bt_node
[799.925s] [ 39%] [32m[1mLinking CXX shared library libnav2_distance_controller_bt_node.so[0m
[801.302s] [ 39%] Built target nav2_distance_controller_bt_node
[811.590s] [ 40%] [32m[1mLinking CXX shared library libnav2_clear_costmap_service_bt_node.so[0m
[812.988s] [ 40%] Built target nav2_clear_costmap_service_bt_node
[813.180s] [35m[1mScanning dependencies of target nav2_navigate_to_pose_action_bt_node[0m
[813.649s] [ 41%] [32mBuilding CXX object CMakeFiles/nav2_navigate_to_pose_action_bt_node.dir/plugins/action/navigate_to_pose_action.cpp.o[0m
[848.920s] [ 41%] [32m[1mLinking CXX shared library libnav2_navigate_to_pose_action_bt_node.so[0m
[849.994s] [ 41%] Built target nav2_navigate_to_pose_action_bt_node
[850.088s] [35m[1mScanning dependencies of target nav2_back_up_action_bt_node[0m
[850.360s] [ 42%] [32mBuilding CXX object CMakeFiles/nav2_back_up_action_bt_node.dir/plugins/action/back_up_action.cpp.o[0m
[883.753s] [ 43%] [32m[1mLinking CXX shared library libnav2_back_up_action_bt_node.so[0m
[884.825s] [ 43%] Built target nav2_back_up_action_bt_node
[884.905s] [35m[1mScanning dependencies of target nav2_recovery_node_bt_node[0m
[885.005s] [ 44%] [32mBuilding CXX object CMakeFiles/nav2_recovery_node_bt_node.dir/plugins/control/recovery_node.cpp.o[0m
[895.829s] [ 44%] [32m[1mLinking CXX shared library libnav2_recovery_node_bt_node.so[0m
[896.353s] [ 44%] Built target nav2_recovery_node_bt_node
[896.485s] [ 45%] Built target gtest
[896.614s] [ 46%] Built target gtest_main
[896.691s] [35m[1mScanning dependencies of target nav2_truncate_path_action_bt_node[0m
[896.909s] [ 47%] [32mBuilding CXX object CMakeFiles/nav2_truncate_path_action_bt_node.dir/plugins/action/truncate_path_action.cpp.o[0m
[908.938s] [35m[1mScanning dependencies of target test_condition_distance_traveled[0m
[909.225s] [ 48%] [32mBuilding CXX object test/plugins/condition/CMakeFiles/test_condition_distance_traveled.dir/test_distance_traveled.cpp.o[0m
[910.292s] [35m[1mScanning dependencies of target test_bt_conversions[0m
[910.608s] [ 48%] [32mBuilding CXX object test/CMakeFiles/test_bt_conversions.dir/test_bt_conversions.cpp.o[0m
[910.640s] [35m[1mScanning dependencies of target nav2_speed_controller_bt_node[0m
[911.178s] [ 49%] [32mBuilding CXX object CMakeFiles/nav2_speed_controller_bt_node.dir/plugins/decorator/speed_controller.cpp.o[0m
[928.404s] [ 50%] [32m[1mLinking CXX shared library libnav2_truncate_path_action_bt_node.so[0m
[930.188s] [ 50%] Built target nav2_truncate_path_action_bt_node
[951.706s] [ 51%] [32m[1mLinking CXX executable test_bt_conversions[0m
[953.702s] [ 51%] Built target test_bt_conversions
[954.638s] [ 52%] [32m[1mLinking CXX shared library libnav2_speed_controller_bt_node.so[0m
[955.638s] [ 52%] Built target nav2_speed_controller_bt_node
[966.167s] [ 53%] [32m[1mLinking CXX executable test_condition_distance_traveled[0m
[967.461s] [ 53%] Built target test_condition_distance_traveled
[967.561s] [35m[1mScanning dependencies of target test_condition_initial_pose_received[0m
[967.979s] [ 53%] [32mBuilding CXX object test/plugins/condition/CMakeFiles/test_condition_initial_pose_received.dir/test_initial_pose_received.cpp.o[0m
[999.000s] [35m[1mScanning dependencies of target test_condition_is_battery_low[0m
[999.278s] [ 54%] [32mBuilding CXX object test/plugins/condition/CMakeFiles/test_condition_is_battery_low.dir/test_is_battery_low.cpp.o[0m
[1001.370s] [35m[1mScanning dependencies of target test_condition_goal_updated[0m
[1001.883s] [ 55%] [32mBuilding CXX object test/plugins/condition/CMakeFiles/test_condition_goal_updated.dir/test_goal_updated.cpp.o[0m
[1002.907s] [35m[1mScanning dependencies of target test_condition_time_expired[0m
[1003.505s] [ 56%] [32mBuilding CXX object test/plugins/condition/CMakeFiles/test_condition_time_expired.dir/test_time_expired.cpp.o[0m
[1003.849s] [ 57%] [32m[1mLinking CXX executable test_condition_initial_pose_received[0m
[1006.815s] [ 57%] Built target test_condition_initial_pose_received
[1068.952s] [ 58%] [32m[1mLinking CXX executable test_condition_time_expired[0m
[1069.254s] [ 59%] [32m[1mLinking CXX executable test_condition_goal_updated[0m
[1069.905s] [ 60%] [32m[1mLinking CXX executable test_condition_is_battery_low[0m
[1071.825s] [ 60%] Built target test_condition_is_battery_low
[1071.929s] [ 60%] Built target test_condition_time_expired
[1072.012s] [ 60%] Built target test_condition_goal_updated
[1072.139s] [35m[1mScanning dependencies of target test_condition_goal_reached[0m
[1072.511s] [ 60%] [32mBuilding CXX object test/plugins/condition/CMakeFiles/test_condition_goal_reached.dir/test_goal_reached.cpp.o[0m
[1111.491s] [ 61%] [32m[1mLinking CXX executable test_condition_goal_reached[0m
[1112.739s] [ 61%] Built target test_condition_goal_reached
[1112.817s] [35m[1mScanning dependencies of target test_single_trigger_node[0m
[1113.058s] [ 61%] [32mBuilding CXX object test/plugins/decorator/CMakeFiles/test_single_trigger_node.dir/test_single_trigger_node.cpp.o[0m
[1129.064s] [35m[1mScanning dependencies of target test_goal_updater_node[0m
[1129.312s] [ 62%] [32mBuilding CXX object test/plugins/decorator/CMakeFiles/test_goal_updater_node.dir/test_goal_updater_node.cpp.o[0m
[1131.402s] [35m[1mScanning dependencies of target test_condition_is_stuck[0m
[1132.013s] [ 62%] [32mBuilding CXX object test/plugins/condition/CMakeFiles/test_condition_is_stuck.dir/test_is_stuck.cpp.o[0m
[1132.975s] [35m[1mScanning dependencies of target test_condition_transform_available[0m
[1133.569s] [ 62%] [32mBuilding CXX object test/plugins/condition/CMakeFiles/test_condition_transform_available.dir/test_transform_available.cpp.o[0m
[1169.418s] [ 63%] [32m[1mLinking CXX executable test_single_trigger_node[0m
[1171.933s] [ 63%] Built target test_single_trigger_node
[1187.932s] [ 64%] [32m[1mLinking CXX executable test_goal_updater_node[0m
[1189.226s] [ 64%] Built target test_goal_updater_node
[1194.198s] [ 65%] [32m[1mLinking CXX executable test_condition_transform_available[0m
[1195.521s] [ 65%] Built target test_condition_transform_available
[1196.315s] [ 66%] [32m[1mLinking CXX executable test_condition_is_stuck[0m
[1197.584s] [ 66%] Built target test_condition_is_stuck
[1197.663s] [35m[1mScanning dependencies of target test_decorator_distance_controller[0m
[1197.915s] [ 67%] [32mBuilding CXX object test/plugins/decorator/CMakeFiles/test_decorator_distance_controller.dir/test_distance_controller.cpp.o[0m
[1228.940s] [35m[1mScanning dependencies of target test_control_round_robin_node[0m
[1229.191s] [ 68%] [32mBuilding CXX object test/plugins/control/CMakeFiles/test_control_round_robin_node.dir/test_round_robin_node.cpp.o[0m
[1230.189s] [35m[1mScanning dependencies of target test_decorator_speed_controller[0m
[1230.570s] [ 69%] [32mBuilding CXX object test/plugins/decorator/CMakeFiles/test_decorator_speed_controller.dir/test_speed_controller.cpp.o[0m
[1230.572s] [35m[1mScanning dependencies of target test_decorator_rate_controller[0m
[1230.990s] [ 69%] [32mBuilding CXX object test/plugins/decorator/CMakeFiles/test_decorator_rate_controller.dir/test_rate_controller.cpp.o[0m
[1233.424s] [ 70%] [32m[1mLinking CXX executable test_decorator_distance_controller[0m
[1235.422s] [ 70%] Built target test_decorator_distance_controller
[1235.621s] [35m[1mScanning dependencies of target test_control_pipeline_sequence[0m
[1236.113s] [ 71%] [32mBuilding CXX object test/plugins/control/CMakeFiles/test_control_pipeline_sequence.dir/test_pipeline_sequence.cpp.o[0m
[1282.177s] [ 72%] [32m[1mLinking CXX executable test_control_round_robin_node[0m
[1282.444s] [ 73%] [32m[1mLinking CXX executable test_decorator_rate_controller[0m
[1284.048s] [ 73%] Built target test_control_round_robin_node
[1284.678s] [ 73%] Built target test_decorator_rate_controller
[1286.841s] [ 74%] [32m[1mLinking CXX executable test_decorator_speed_controller[0m
[1287.404s] [ 75%] [32m[1mLinking CXX executable test_control_pipeline_sequence[0m
[1288.240s] [ 75%] Built target test_decorator_speed_controller
[1288.739s] [ 75%] Built target test_control_pipeline_sequence
[1288.820s] [35m[1mScanning dependencies of target test_controller_selector_node[0m
[1289.050s] [ 75%] [32mBuilding CXX object test/plugins/action/CMakeFiles/test_controller_selector_node.dir/test_controller_selector_node.cpp.o[0m
[1314.070s] [35m[1mScanning dependencies of target test_planner_selector_node[0m
[1314.306s] [ 75%] [32mBuilding CXX object test/plugins/action/CMakeFiles/test_planner_selector_node.dir/test_planner_selector_node.cpp.o[0m
[1315.309s] [35m[1mScanning dependencies of target test_goal_checker_selector_node[0m
[1315.653s] [ 75%] [32mBuilding CXX object test/plugins/action/CMakeFiles/test_goal_checker_selector_node.dir/test_goal_checker_selector_node.cpp.o[0m
[1315.658s] [35m[1mScanning dependencies of target test_control_recovery_node[0m
[1316.130s] [ 75%] [32mBuilding CXX object test/plugins/control/CMakeFiles/test_control_recovery_node.dir/test_recovery_node.cpp.o[0m
[1324.824s] [ 76%] [32m[1mLinking CXX executable test_controller_selector_node[0m
[1326.789s] [ 76%] Built target test_controller_selector_node
[1355.582s] [ 77%] [32m[1mLinking CXX executable test_planner_selector_node[0m
[1356.855s] [ 77%] Built target test_planner_selector_node
[1356.892s] [ 78%] [32m[1mLinking CXX executable test_goal_checker_selector_node[0m
[1358.088s] [ 78%] Built target test_goal_checker_selector_node
[1359.352s] [ 79%] [32m[1mLinking CXX executable test_control_recovery_node[0m
[1360.608s] [ 79%] Built target test_control_recovery_node
[1360.684s] [35m[1mScanning dependencies of target test_action_back_up_action[0m
[1360.921s] [ 80%] [32mBuilding CXX object test/plugins/action/CMakeFiles/test_action_back_up_action.dir/test_back_up_action.cpp.o[0m
[1363.915s] [35m[1mScanning dependencies of target test_action_wait_action[0m
[1364.145s] [ 80%] [32mBuilding CXX object test/plugins/action/CMakeFiles/test_action_wait_action.dir/test_wait_action.cpp.o[0m
[1365.142s] [35m[1mScanning dependencies of target test_bt_action_node[0m
[1365.382s] [ 81%] [32mBuilding CXX object test/plugins/action/CMakeFiles/test_bt_action_node.dir/test_bt_action_node.cpp.o[0m
[1366.381s] [35m[1mScanning dependencies of target test_action_spin_action[0m
[1366.648s] [ 82%] [32mBuilding CXX object test/plugins/action/CMakeFiles/test_action_spin_action.dir/test_spin_action.cpp.o[0m
[1402.200s] [ 83%] [32m[1mLinking CXX executable test_action_back_up_action[0m
[1403.474s] [ 83%] Built target test_action_back_up_action
[1405.025s] [ 84%] [32m[1mLinking CXX executable test_action_wait_action[0m
[1406.197s] [ 84%] Built target test_action_wait_action
[1408.120s] [ 85%] [32m[1mLinking CXX executable test_action_spin_action[0m
[1409.287s] [ 85%] Built target test_action_spin_action
[1409.290s] [35m[1mScanning dependencies of target test_action_reinitialize_global_localization_service[0m
[1409.368s] [35m[1mScanning dependencies of target test_action_clear_costmap_service[0m
[1409.506s] [ 85%] [32mBuilding CXX object test/plugins/action/CMakeFiles/test_action_reinitialize_global_localization_service.dir/test_reinitialize_global_localization_service.cpp.o[0m
[1409.578s] [ 85%] [32mBuilding CXX object test/plugins/action/CMakeFiles/test_action_clear_costmap_service.dir/test_clear_costmap_service.cpp.o[0m
[1411.583s] [35m[1mScanning dependencies of target test_action_compute_path_to_pose_action[0m
[1411.872s] [ 85%] [32mBuilding CXX object test/plugins/action/CMakeFiles/test_action_compute_path_to_pose_action.dir/test_compute_path_to_pose_action.cpp.o[0m
[1415.601s] [ 86%] [32m[1mLinking CXX executable test_bt_action_node[0m
[1416.982s] [ 86%] Built target test_bt_action_node
[1417.083s] [35m[1mScanning dependencies of target test_action_compute_path_through_poses_action[0m
[1417.404s] [ 87%] [32mBuilding CXX object test/plugins/action/CMakeFiles/test_action_compute_path_through_poses_action.dir/test_compute_path_through_poses_action.cpp.o[0m
[1440.586s] [ 88%] [32m[1mLinking CXX executable test_action_reinitialize_global_localization_service[0m
[1441.795s] [ 88%] Built target test_action_reinitialize_global_localization_service
[1443.892s] [35m[1mScanning dependencies of target test_action_follow_path_action[0m
[1444.184s] [ 89%] [32mBuilding CXX object test/plugins/action/CMakeFiles/test_action_follow_path_action.dir/test_follow_path_action.cpp.o[0m
[1449.047s] [ 90%] [32m[1mLinking CXX executable test_action_clear_costmap_service[0m
[1450.417s] [ 90%] Built target test_action_clear_costmap_service
[1450.505s] [35m[1mScanning dependencies of target test_action_navigate_through_poses_action[0m
[1450.769s] [ 90%] [32mBuilding CXX object test/plugins/action/CMakeFiles/test_action_navigate_through_poses_action.dir/test_navigate_through_poses_action.cpp.o[0m
[1458.869s] [ 91%] [32m[1mLinking CXX executable test_action_compute_path_to_pose_action[0m
[1460.186s] [ 91%] Built target test_action_compute_path_to_pose_action
[1460.279s] [35m[1mScanning dependencies of target test_truncate_path_action[0m
[1460.580s] [ 92%] [32mBuilding CXX object test/plugins/action/CMakeFiles/test_truncate_path_action.dir/test_truncate_path_action.cpp.o[0m
[1464.225s] [ 93%] [32m[1mLinking CXX executable test_action_compute_path_through_poses_action[0m
[1465.537s] [ 93%] Built target test_action_compute_path_through_poses_action
[1468.633s] [35m[1mScanning dependencies of target test_action_navigate_to_pose_action[0m
[1468.922s] [ 94%] [32mBuilding CXX object test/plugins/action/CMakeFiles/test_action_navigate_to_pose_action.dir/test_navigate_to_pose_action.cpp.o[0m
[1486.879s] [ 95%] [32m[1mLinking CXX executable test_action_follow_path_action[0m
[1488.146s] [ 95%] Built target test_action_follow_path_action
[1488.239s] [35m[1mScanning dependencies of target test_remove_passed_goals_action[0m
[1488.546s] [ 96%] [32mBuilding CXX object test/plugins/action/CMakeFiles/test_remove_passed_goals_action.dir/test_remove_passed_goals_action.cpp.o[0m
[1491.661s] [ 97%] [32m[1mLinking CXX executable test_action_navigate_through_poses_action[0m
[1492.613s] [ 98%] [32m[1mLinking CXX executable test_truncate_path_action[0m
[1492.983s] [ 98%] Built target test_action_navigate_through_poses_action
[1493.807s] [ 98%] Built target test_truncate_path_action
[1507.483s] [ 99%] [32m[1mLinking CXX executable test_action_navigate_to_pose_action[0m
[1508.636s] [ 99%] Built target test_action_navigate_to_pose_action
[1524.696s] [100%] [32m[1mLinking CXX executable test_remove_passed_goals_action[0m
[1525.872s] [100%] Built target test_remove_passed_goals_action
