[0.080s] Invoking command in '/home/wheeltec/wheeltec_ros2/build/astra_msgs': CMAKE_PREFIX_PATH=/opt/ros/galactic /usr/bin/cmake --build /home/wheeltec/wheeltec_ros2/build/astra_msgs -- -j4 -l4
[0.529s] [ 12%] Built target astra_msgs__rosidl_generator_c
[0.557s] [ 12%] Built target astra_msgs__cpp
[0.864s] [ 24%] Built target astra_msgs__rosidl_typesupport_c
[0.882s] [ 37%] Built target astra_msgs__rosidl_typesupport_introspection_c
[0.893s] [ 49%] Built target astra_msgs__rosidl_typesupport_cpp
[1.014s] [ 62%] Built target astra_msgs__rosidl_typesupport_introspection_cpp
[1.106s] [ 74%] Built target astra_msgs__rosidl_typesupport_fastrtps_cpp
[1.307s] [ 86%] Built target astra_msgs__rosidl_typesupport_fastrtps_c
[1.447s] [ 86%] Built target astra_msgs
[1.543s] [ 86%] Built target astra_msgs__py
[1.718s] [ 98%] Built target astra_msgs__python
[1.896s] [ 98%] Built target astra_msgs__rosidl_typesupport_introspection_c__pyext
[1.898s] [ 99%] Built target astra_msgs__rosidl_typesupport_c__pyext
[1.909s] [100%] Built target astra_msgs__rosidl_typesupport_fastrtps_c__pyext
[1.974s] Invoked command in '/home/wheeltec/wheeltec_ros2/build/astra_msgs' returned '0': CMAKE_PREFIX_PATH=/opt/ros/galactic /usr/bin/cmake --build /home/wheeltec/wheeltec_ros2/build/astra_msgs -- -j4 -l4
[4.398s] Invoking command in '/home/wheeltec/wheeltec_ros2/build/astra_msgs': CMAKE_PREFIX_PATH=/opt/ros/galactic /usr/bin/cmake --install /home/wheeltec/wheeltec_ros2/build/astra_msgs
[4.440s] -- Install configuration: ""
[4.441s] -- Installing: /home/wheeltec/wheeltec_ros2/install/astra_msgs/share/ament_index/resource_index/rosidl_interfaces/astra_msgs
[4.442s] -- Installing: /home/wheeltec/wheeltec_ros2/install/astra_msgs/include/astra_msgs
[4.442s] -- Installing: /home/wheeltec/wheeltec_ros2/install/astra_msgs/include/astra_msgs/msg
[4.443s] -- Installing: /home/wheeltec/wheeltec_ros2/install/astra_msgs/include/astra_msgs/msg/rosidl_generator_c__visibility_control.h
[4.444s] -- Installing: /home/wheeltec/wheeltec_ros2/install/astra_msgs/include/astra_msgs/srv
[4.445s] -- Installing: /home/wheeltec/wheeltec_ros2/install/astra_msgs/include/astra_msgs/srv/set_auto_white_balance.h
[4.446s] -- Installing: /home/wheeltec/wheeltec_ros2/install/astra_msgs/include/astra_msgs/srv/set_ae_enable.h
[4.446s] -- Installing: /home/wheeltec/wheeltec_ros2/install/astra_msgs/include/astra_msgs/srv/reset_ir_gain.h
[4.447s] -- Installing: /home/wheeltec/wheeltec_ros2/install/astra_msgs/include/astra_msgs/srv/get_uvc_gain.h
[4.447s] -- Installing: /home/wheeltec/wheeltec_ros2/install/astra_msgs/include/astra_msgs/srv/get_uvc_white_balance.h
[4.450s] -- Installing: /home/wheeltec/wheeltec_ros2/install/astra_msgs/include/astra_msgs/srv/set_mirror.h
[4.451s] -- Installing: /home/wheeltec/wheeltec_ros2/install/astra_msgs/include/astra_msgs/srv/set_uvc_white_balance.h
[4.451s] -- Installing: /home/wheeltec/wheeltec_ros2/install/astra_msgs/include/astra_msgs/srv/switch_ir_camera.h
[4.453s] -- Installing: /home/wheeltec/wheeltec_ros2/install/astra_msgs/include/astra_msgs/srv/reset_ir_exposure.h
[4.454s] -- Installing: /home/wheeltec/wheeltec_ros2/install/astra_msgs/include/astra_msgs/srv/set_uvc_gain.h
[4.454s] -- Installing: /home/wheeltec/wheeltec_ros2/install/astra_msgs/include/astra_msgs/srv/get_serial.h
[4.455s] -- Installing: /home/wheeltec/wheeltec_ros2/install/astra_msgs/include/astra_msgs/srv/set_auto_exposure.h
[4.456s] -- Installing: /home/wheeltec/wheeltec_ros2/install/astra_msgs/include/astra_msgs/srv/get_uvc_exposure.h
[4.456s] -- Installing: /home/wheeltec/wheeltec_ros2/install/astra_msgs/include/astra_msgs/srv/get_device_type.h
[4.457s] -- Installing: /home/wheeltec/wheeltec_ros2/install/astra_msgs/include/astra_msgs/srv/set_ir_gain.h
[4.457s] -- Installing: /home/wheeltec/wheeltec_ros2/install/astra_msgs/include/astra_msgs/srv/set_laser.h
[4.458s] -- Installing: /home/wheeltec/wheeltec_ros2/install/astra_msgs/include/astra_msgs/srv/detail
[4.458s] -- Installing: /home/wheeltec/wheeltec_ros2/install/astra_msgs/include/astra_msgs/srv/detail/set_mirror__functions.h
[4.459s] -- Installing: /home/wheeltec/wheeltec_ros2/install/astra_msgs/include/astra_msgs/srv/detail/reset_ir_exposure__functions.c
[4.460s] -- Installing: /home/wheeltec/wheeltec_ros2/install/astra_msgs/include/astra_msgs/srv/detail/set_fan__functions.h
[4.460s] -- Installing: /home/wheeltec/wheeltec_ros2/install/astra_msgs/include/astra_msgs/srv/detail/set_ir_flood__functions.c
[4.461s] -- Installing: /home/wheeltec/wheeltec_ros2/install/astra_msgs/include/astra_msgs/srv/detail/set_distortioncal__functions.h
[4.461s] -- Installing: /home/wheeltec/wheeltec_ros2/install/astra_msgs/include/astra_msgs/srv/detail/set_uvc_white_balance__functions.c
[4.462s] -- Installing: /home/wheeltec/wheeltec_ros2/install/astra_msgs/include/astra_msgs/srv/detail/reset_ir_gain__struct.h
[4.462s] -- Installing: /home/wheeltec/wheeltec_ros2/install/astra_msgs/include/astra_msgs/srv/detail/get_camera_info__struct.h
[4.463s] -- Installing: /home/wheeltec/wheeltec_ros2/install/astra_msgs/include/astra_msgs/srv/detail/get_uvc_exposure__struct.h
[4.464s] -- Installing: /home/wheeltec/wheeltec_ros2/install/astra_msgs/include/astra_msgs/srv/detail/get_device_type__functions.h
[4.464s] -- Installing: /home/wheeltec/wheeltec_ros2/install/astra_msgs/include/astra_msgs/srv/detail/set_ir_flood__functions.h
[4.465s] -- Installing: /home/wheeltec/wheeltec_ros2/install/astra_msgs/include/astra_msgs/srv/detail/set_ir_exposure__functions.c
[4.465s] -- Installing: /home/wheeltec/wheeltec_ros2/install/astra_msgs/include/astra_msgs/srv/detail/set_uvc_exposure__functions.h
[4.466s] -- Installing: /home/wheeltec/wheeltec_ros2/install/astra_msgs/include/astra_msgs/srv/detail/set_mirror__type_support.h
[4.467s] -- Installing: /home/wheeltec/wheeltec_ros2/install/astra_msgs/include/astra_msgs/srv/detail/set_ir_gain__type_support.h
[4.467s] -- Installing: /home/wheeltec/wheeltec_ros2/install/astra_msgs/include/astra_msgs/srv/detail/get_version__functions.c
[4.468s] -- Installing: /home/wheeltec/wheeltec_ros2/install/astra_msgs/include/astra_msgs/srv/detail/set_uvc_gain__functions.c
[4.469s] -- Installing: /home/wheeltec/wheeltec_ros2/install/astra_msgs/include/astra_msgs/srv/detail/set_uvc_exposure__type_support.h
[4.471s] -- Installing: /home/wheeltec/wheeltec_ros2/install/astra_msgs/include/astra_msgs/srv/detail/set_auto_exposure__functions.c
[4.471s] -- Installing: /home/wheeltec/wheeltec_ros2/install/astra_msgs/include/astra_msgs/srv/detail/reset_ir_exposure__struct.h
[4.472s] -- Installing: /home/wheeltec/wheeltec_ros2/install/astra_msgs/include/astra_msgs/srv/detail/set_uvc_exposure__struct.h
[4.472s] -- Installing: /home/wheeltec/wheeltec_ros2/install/astra_msgs/include/astra_msgs/srv/detail/set_laser__struct.h
[4.473s] -- Installing: /home/wheeltec/wheeltec_ros2/install/astra_msgs/include/astra_msgs/srv/detail/set_distortioncal__struct.h
[4.474s] -- Installing: /home/wheeltec/wheeltec_ros2/install/astra_msgs/include/astra_msgs/srv/detail/get_device_type__struct.h
[4.474s] -- Installing: /home/wheeltec/wheeltec_ros2/install/astra_msgs/include/astra_msgs/srv/detail/set_uvc_gain__struct.h
[4.475s] -- Installing: /home/wheeltec/wheeltec_ros2/install/astra_msgs/include/astra_msgs/srv/detail/set_auto_white_balance__functions.c
[4.475s] -- Installing: /home/wheeltec/wheeltec_ros2/install/astra_msgs/include/astra_msgs/srv/detail/get_uvc_white_balance__functions.c
[4.476s] -- Installing: /home/wheeltec/wheeltec_ros2/install/astra_msgs/include/astra_msgs/srv/detail/get_version__type_support.h
[4.477s] -- Installing: /home/wheeltec/wheeltec_ros2/install/astra_msgs/include/astra_msgs/srv/detail/set_fan__functions.c
[4.477s] -- Installing: /home/wheeltec/wheeltec_ros2/install/astra_msgs/include/astra_msgs/srv/detail/reset_ir_exposure__functions.h
[4.478s] -- Installing: /home/wheeltec/wheeltec_ros2/install/astra_msgs/include/astra_msgs/srv/detail/get_uvc_gain__functions.h
[4.479s] -- Installing: /home/wheeltec/wheeltec_ros2/install/astra_msgs/include/astra_msgs/srv/detail/set_uvc_gain__type_support.h
[4.479s] -- Installing: /home/wheeltec/wheeltec_ros2/install/astra_msgs/include/astra_msgs/srv/detail/get_ir_exposure__struct.h
[4.480s] -- Installing: /home/wheeltec/wheeltec_ros2/install/astra_msgs/include/astra_msgs/srv/detail/set_ir_exposure__type_support.h
[4.480s] -- Installing: /home/wheeltec/wheeltec_ros2/install/astra_msgs/include/astra_msgs/srv/detail/get_version__struct.h
[4.481s] -- Installing: /home/wheeltec/wheeltec_ros2/install/astra_msgs/include/astra_msgs/srv/detail/set_uvc_white_balance__type_support.h
[4.481s] -- Installing: /home/wheeltec/wheeltec_ros2/install/astra_msgs/include/astra_msgs/srv/detail/set_laser__functions.c
[4.482s] -- Installing: /home/wheeltec/wheeltec_ros2/install/astra_msgs/include/astra_msgs/srv/detail/set_auto_white_balance__functions.h
[4.483s] -- Installing: /home/wheeltec/wheeltec_ros2/install/astra_msgs/include/astra_msgs/srv/detail/get_ir_gain__struct.h
[4.484s] -- Installing: /home/wheeltec/wheeltec_ros2/install/astra_msgs/include/astra_msgs/srv/detail/set_auto_exposure__struct.h
[4.486s] -- Installing: /home/wheeltec/wheeltec_ros2/install/astra_msgs/include/astra_msgs/srv/detail/set_ir_exposure__functions.h
[4.486s] -- Installing: /home/wheeltec/wheeltec_ros2/install/astra_msgs/include/astra_msgs/srv/detail/set_distortioncal__functions.c
[4.487s] -- Installing: /home/wheeltec/wheeltec_ros2/install/astra_msgs/include/astra_msgs/srv/detail/get_uvc_white_balance__struct.h
[4.487s] -- Installing: /home/wheeltec/wheeltec_ros2/install/astra_msgs/include/astra_msgs/srv/detail/set_uvc_exposure__functions.c
[4.488s] -- Installing: /home/wheeltec/wheeltec_ros2/install/astra_msgs/include/astra_msgs/srv/detail/set_ldp__functions.h
[4.488s] -- Installing: /home/wheeltec/wheeltec_ros2/install/astra_msgs/include/astra_msgs/srv/detail/get_camera_info__functions.c
[4.489s] -- Installing: /home/wheeltec/wheeltec_ros2/install/astra_msgs/include/astra_msgs/srv/detail/get_ir_gain__functions.c
[4.489s] -- Installing: /home/wheeltec/wheeltec_ros2/install/astra_msgs/include/astra_msgs/srv/detail/get_device_type__type_support.h
[4.490s] -- Installing: /home/wheeltec/wheeltec_ros2/install/astra_msgs/include/astra_msgs/srv/detail/get_uvc_exposure__functions.c
[4.490s] -- Installing: /home/wheeltec/wheeltec_ros2/install/astra_msgs/include/astra_msgs/srv/detail/set_ldp__functions.c
[4.491s] -- Installing: /home/wheeltec/wheeltec_ros2/install/astra_msgs/include/astra_msgs/srv/detail/get_version__functions.h
[4.492s] -- Installing: /home/wheeltec/wheeltec_ros2/install/astra_msgs/include/astra_msgs/srv/detail/set_ae_enable__functions.h
[4.492s] -- Installing: /home/wheeltec/wheeltec_ros2/install/astra_msgs/include/astra_msgs/srv/detail/set_uvc_white_balance__struct.h
[4.493s] -- Installing: /home/wheeltec/wheeltec_ros2/install/astra_msgs/include/astra_msgs/srv/detail/get_uvc_gain__struct.h
[4.494s] -- Installing: /home/wheeltec/wheeltec_ros2/install/astra_msgs/include/astra_msgs/srv/detail/set_auto_exposure__functions.h
[4.495s] -- Installing: /home/wheeltec/wheeltec_ros2/install/astra_msgs/include/astra_msgs/srv/detail/get_uvc_exposure__functions.h
[4.496s] -- Installing: /home/wheeltec/wheeltec_ros2/install/astra_msgs/include/astra_msgs/srv/detail/set_ir_flood__struct.h
[4.497s] -- Installing: /home/wheeltec/wheeltec_ros2/install/astra_msgs/include/astra_msgs/srv/detail/get_camera_info__functions.h
[4.497s] -- Installing: /home/wheeltec/wheeltec_ros2/install/astra_msgs/include/astra_msgs/srv/detail/set_auto_white_balance__struct.h
[4.498s] -- Installing: /home/wheeltec/wheeltec_ros2/install/astra_msgs/include/astra_msgs/srv/detail/set_laser__functions.h
[4.499s] -- Installing: /home/wheeltec/wheeltec_ros2/install/astra_msgs/include/astra_msgs/srv/detail/reset_ir_gain__functions.c
[4.500s] -- Installing: /home/wheeltec/wheeltec_ros2/install/astra_msgs/include/astra_msgs/srv/detail/switch_ir_camera__struct.h
[4.500s] -- Installing: /home/wheeltec/wheeltec_ros2/install/astra_msgs/include/astra_msgs/srv/detail/get_device_type__functions.c
[4.500s] -- Installing: /home/wheeltec/wheeltec_ros2/install/astra_msgs/include/astra_msgs/srv/detail/get_uvc_white_balance__functions.h
[4.501s] -- Installing: /home/wheeltec/wheeltec_ros2/install/astra_msgs/include/astra_msgs/srv/detail/set_ir_gain__functions.c
[4.501s] -- Installing: /home/wheeltec/wheeltec_ros2/install/astra_msgs/include/astra_msgs/srv/detail/reset_ir_gain__type_support.h
[4.502s] -- Installing: /home/wheeltec/wheeltec_ros2/install/astra_msgs/include/astra_msgs/srv/detail/get_serial__type_support.h
[4.502s] -- Installing: /home/wheeltec/wheeltec_ros2/install/astra_msgs/include/astra_msgs/srv/detail/set_ir_exposure__struct.h
[4.503s] -- Installing: /home/wheeltec/wheeltec_ros2/install/astra_msgs/include/astra_msgs/srv/detail/set_ae_enable__type_support.h
[4.505s] -- Installing: /home/wheeltec/wheeltec_ros2/install/astra_msgs/include/astra_msgs/srv/detail/get_uvc_gain__type_support.h
[4.514s] -- Installing: /home/wheeltec/wheeltec_ros2/install/astra_msgs/include/astra_msgs/srv/detail/set_auto_white_balance__type_support.h
[4.516s] -- Installing: /home/wheeltec/wheeltec_ros2/install/astra_msgs/include/astra_msgs/srv/detail/reset_ir_exposure__type_support.h
[4.516s] -- Installing: /home/wheeltec/wheeltec_ros2/install/astra_msgs/include/astra_msgs/srv/detail/switch_ir_camera__functions.h
[4.517s] -- Installing: /home/wheeltec/wheeltec_ros2/install/astra_msgs/include/astra_msgs/srv/detail/get_ir_exposure__type_support.h
[4.518s] -- Installing: /home/wheeltec/wheeltec_ros2/install/astra_msgs/include/astra_msgs/srv/detail/set_ae_enable__struct.h
[4.518s] -- Installing: /home/wheeltec/wheeltec_ros2/install/astra_msgs/include/astra_msgs/srv/detail/set_mirror__struct.h
[4.520s] -- Installing: /home/wheeltec/wheeltec_ros2/install/astra_msgs/include/astra_msgs/srv/detail/set_fan__type_support.h
[4.520s] -- Installing: /home/wheeltec/wheeltec_ros2/install/astra_msgs/include/astra_msgs/srv/detail/set_uvc_white_balance__functions.h
[4.521s] -- Installing: /home/wheeltec/wheeltec_ros2/install/astra_msgs/include/astra_msgs/srv/detail/get_uvc_exposure__type_support.h
[4.521s] -- Installing: /home/wheeltec/wheeltec_ros2/install/astra_msgs/include/astra_msgs/srv/detail/get_serial__struct.h
[4.522s] -- Installing: /home/wheeltec/wheeltec_ros2/install/astra_msgs/include/astra_msgs/srv/detail/switch_ir_camera__type_support.h
[4.522s] -- Installing: /home/wheeltec/wheeltec_ros2/install/astra_msgs/include/astra_msgs/srv/detail/set_ir_gain__struct.h
[4.523s] -- Installing: /home/wheeltec/wheeltec_ros2/install/astra_msgs/include/astra_msgs/srv/detail/set_auto_exposure__type_support.h
[4.523s] -- Installing: /home/wheeltec/wheeltec_ros2/install/astra_msgs/include/astra_msgs/srv/detail/switch_ir_camera__functions.c
[4.523s] -- Installing: /home/wheeltec/wheeltec_ros2/install/astra_msgs/include/astra_msgs/srv/detail/set_fan__struct.h
[4.526s] -- Installing: /home/wheeltec/wheeltec_ros2/install/astra_msgs/include/astra_msgs/srv/detail/set_mirror__functions.c
[4.526s] -- Installing: /home/wheeltec/wheeltec_ros2/install/astra_msgs/include/astra_msgs/srv/detail/get_ir_gain__type_support.h
[4.526s] -- Installing: /home/wheeltec/wheeltec_ros2/install/astra_msgs/include/astra_msgs/srv/detail/set_laser__type_support.h
[4.535s] -- Installing: /home/wheeltec/wheeltec_ros2/install/astra_msgs/include/astra_msgs/srv/detail/get_uvc_white_balance__type_support.h
[4.538s] -- Installing: /home/wheeltec/wheeltec_ros2/install/astra_msgs/include/astra_msgs/srv/detail/get_serial__functions.c
[4.538s] -- Installing: /home/wheeltec/wheeltec_ros2/install/astra_msgs/include/astra_msgs/srv/detail/set_ir_flood__type_support.h
[4.539s] -- Installing: /home/wheeltec/wheeltec_ros2/install/astra_msgs/include/astra_msgs/srv/detail/set_ldp__type_support.h
[4.539s] -- Installing: /home/wheeltec/wheeltec_ros2/install/astra_msgs/include/astra_msgs/srv/detail/get_uvc_gain__functions.c
[4.539s] -- Installing: /home/wheeltec/wheeltec_ros2/install/astra_msgs/include/astra_msgs/srv/detail/set_uvc_gain__functions.h
[4.540s] -- Installing: /home/wheeltec/wheeltec_ros2/install/astra_msgs/include/astra_msgs/srv/detail/get_ir_gain__functions.h
[4.541s] -- Installing: /home/wheeltec/wheeltec_ros2/install/astra_msgs/include/astra_msgs/srv/detail/set_ir_gain__functions.h
[4.542s] -- Installing: /home/wheeltec/wheeltec_ros2/install/astra_msgs/include/astra_msgs/srv/detail/get_serial__functions.h
[4.542s] -- Installing: /home/wheeltec/wheeltec_ros2/install/astra_msgs/include/astra_msgs/srv/detail/reset_ir_gain__functions.h
[4.543s] -- Installing: /home/wheeltec/wheeltec_ros2/install/astra_msgs/include/astra_msgs/srv/detail/get_ir_exposure__functions.c
[4.544s] -- Installing: /home/wheeltec/wheeltec_ros2/install/astra_msgs/include/astra_msgs/srv/detail/get_camera_info__type_support.h
[4.544s] -- Installing: /home/wheeltec/wheeltec_ros2/install/astra_msgs/include/astra_msgs/srv/detail/set_distortioncal__type_support.h
[4.545s] -- Installing: /home/wheeltec/wheeltec_ros2/install/astra_msgs/include/astra_msgs/srv/detail/set_ae_enable__functions.c
[4.546s] -- Installing: /home/wheeltec/wheeltec_ros2/install/astra_msgs/include/astra_msgs/srv/detail/get_ir_exposure__functions.h
[4.546s] -- Installing: /home/wheeltec/wheeltec_ros2/install/astra_msgs/include/astra_msgs/srv/detail/set_ldp__struct.h
[4.547s] -- Installing: /home/wheeltec/wheeltec_ros2/install/astra_msgs/include/astra_msgs/srv/get_version.h
[4.548s] -- Installing: /home/wheeltec/wheeltec_ros2/install/astra_msgs/include/astra_msgs/srv/set_fan.h
[4.548s] -- Installing: /home/wheeltec/wheeltec_ros2/install/astra_msgs/include/astra_msgs/srv/get_camera_info.h
[4.549s] -- Installing: /home/wheeltec/wheeltec_ros2/install/astra_msgs/include/astra_msgs/srv/set_ir_flood.h
[4.549s] -- Installing: /home/wheeltec/wheeltec_ros2/install/astra_msgs/include/astra_msgs/srv/set_ir_exposure.h
[4.550s] -- Installing: /home/wheeltec/wheeltec_ros2/install/astra_msgs/include/astra_msgs/srv/set_uvc_exposure.h
[4.550s] -- Installing: /home/wheeltec/wheeltec_ros2/install/astra_msgs/include/astra_msgs/srv/get_ir_gain.h
[4.551s] -- Installing: /home/wheeltec/wheeltec_ros2/install/astra_msgs/include/astra_msgs/srv/get_ir_exposure.h
[4.552s] -- Installing: /home/wheeltec/wheeltec_ros2/install/astra_msgs/include/astra_msgs/srv/set_ldp.h
[4.552s] -- Installing: /home/wheeltec/wheeltec_ros2/install/astra_msgs/include/astra_msgs/srv/set_distortioncal.h
[4.552s] -- Installing: /home/wheeltec/wheeltec_ros2/install/astra_msgs/share/astra_msgs/environment/library_path.sh
[4.553s] -- Installing: /home/wheeltec/wheeltec_ros2/install/astra_msgs/share/astra_msgs/environment/library_path.dsv
[4.553s] -- Installing: /home/wheeltec/wheeltec_ros2/install/astra_msgs/lib/libastra_msgs__rosidl_generator_c.so
[4.554s] -- Set runtime path of "/home/wheeltec/wheeltec_ros2/install/astra_msgs/lib/libastra_msgs__rosidl_generator_c.so" to ""
[4.554s] -- Up-to-date: /home/wheeltec/wheeltec_ros2/install/astra_msgs/include/astra_msgs
[4.554s] -- Up-to-date: /home/wheeltec/wheeltec_ros2/install/astra_msgs/include/astra_msgs/msg
[4.556s] -- Installing: /home/wheeltec/wheeltec_ros2/install/astra_msgs/include/astra_msgs/msg/rosidl_typesupport_fastrtps_c__visibility_control.h
[4.556s] -- Up-to-date: /home/wheeltec/wheeltec_ros2/install/astra_msgs/include/astra_msgs/srv
[4.556s] -- Up-to-date: /home/wheeltec/wheeltec_ros2/install/astra_msgs/include/astra_msgs/srv/detail
[4.557s] -- Installing: /home/wheeltec/wheeltec_ros2/install/astra_msgs/include/astra_msgs/srv/detail/set_ir_flood__rosidl_typesupport_fastrtps_c.h
[4.557s] -- Installing: /home/wheeltec/wheeltec_ros2/install/astra_msgs/include/astra_msgs/srv/detail/set_distortioncal__rosidl_typesupport_fastrtps_c.h
[4.558s] -- Installing: /home/wheeltec/wheeltec_ros2/install/astra_msgs/include/astra_msgs/srv/detail/set_auto_exposure__rosidl_typesupport_fastrtps_c.h
[4.559s] -- Installing: /home/wheeltec/wheeltec_ros2/install/astra_msgs/include/astra_msgs/srv/detail/reset_ir_gain__rosidl_typesupport_fastrtps_c.h
[4.560s] -- Installing: /home/wheeltec/wheeltec_ros2/install/astra_msgs/include/astra_msgs/srv/detail/get_uvc_gain__rosidl_typesupport_fastrtps_c.h
[4.560s] -- Installing: /home/wheeltec/wheeltec_ros2/install/astra_msgs/include/astra_msgs/srv/detail/set_ir_gain__rosidl_typesupport_fastrtps_c.h
[4.561s] -- Installing: /home/wheeltec/wheeltec_ros2/install/astra_msgs/include/astra_msgs/srv/detail/get_ir_gain__rosidl_typesupport_fastrtps_c.h
[4.561s] -- Installing: /home/wheeltec/wheeltec_ros2/install/astra_msgs/include/astra_msgs/srv/detail/get_device_type__rosidl_typesupport_fastrtps_c.h
[4.562s] -- Installing: /home/wheeltec/wheeltec_ros2/install/astra_msgs/include/astra_msgs/srv/detail/get_version__rosidl_typesupport_fastrtps_c.h
[4.563s] -- Installing: /home/wheeltec/wheeltec_ros2/install/astra_msgs/include/astra_msgs/srv/detail/set_ldp__rosidl_typesupport_fastrtps_c.h
[4.564s] -- Installing: /home/wheeltec/wheeltec_ros2/install/astra_msgs/include/astra_msgs/srv/detail/set_laser__rosidl_typesupport_fastrtps_c.h
[4.564s] -- Installing: /home/wheeltec/wheeltec_ros2/install/astra_msgs/include/astra_msgs/srv/detail/set_auto_white_balance__rosidl_typesupport_fastrtps_c.h
[4.564s] -- Installing: /home/wheeltec/wheeltec_ros2/install/astra_msgs/include/astra_msgs/srv/detail/set_mirror__rosidl_typesupport_fastrtps_c.h
[4.565s] -- Installing: /home/wheeltec/wheeltec_ros2/install/astra_msgs/include/astra_msgs/srv/detail/switch_ir_camera__rosidl_typesupport_fastrtps_c.h
[4.565s] -- Installing: /home/wheeltec/wheeltec_ros2/install/astra_msgs/include/astra_msgs/srv/detail/get_serial__rosidl_typesupport_fastrtps_c.h
[4.566s] -- Installing: /home/wheeltec/wheeltec_ros2/install/astra_msgs/include/astra_msgs/srv/detail/get_camera_info__rosidl_typesupport_fastrtps_c.h
[4.566s] -- Installing: /home/wheeltec/wheeltec_ros2/install/astra_msgs/include/astra_msgs/srv/detail/set_uvc_exposure__rosidl_typesupport_fastrtps_c.h
[4.566s] -- Installing: /home/wheeltec/wheeltec_ros2/install/astra_msgs/include/astra_msgs/srv/detail/get_ir_exposure__rosidl_typesupport_fastrtps_c.h
[4.567s] -- Installing: /home/wheeltec/wheeltec_ros2/install/astra_msgs/include/astra_msgs/srv/detail/get_uvc_white_balance__rosidl_typesupport_fastrtps_c.h
[4.567s] -- Installing: /home/wheeltec/wheeltec_ros2/install/astra_msgs/include/astra_msgs/srv/detail/reset_ir_exposure__rosidl_typesupport_fastrtps_c.h
[4.568s] -- Installing: /home/wheeltec/wheeltec_ros2/install/astra_msgs/include/astra_msgs/srv/detail/set_uvc_gain__rosidl_typesupport_fastrtps_c.h
[4.568s] -- Installing: /home/wheeltec/wheeltec_ros2/install/astra_msgs/include/astra_msgs/srv/detail/set_ir_exposure__rosidl_typesupport_fastrtps_c.h
[4.569s] -- Installing: /home/wheeltec/wheeltec_ros2/install/astra_msgs/include/astra_msgs/srv/detail/set_fan__rosidl_typesupport_fastrtps_c.h
[4.569s] -- Installing: /home/wheeltec/wheeltec_ros2/install/astra_msgs/include/astra_msgs/srv/detail/set_ae_enable__rosidl_typesupport_fastrtps_c.h
[4.569s] -- Installing: /home/wheeltec/wheeltec_ros2/install/astra_msgs/include/astra_msgs/srv/detail/set_uvc_white_balance__rosidl_typesupport_fastrtps_c.h
[4.570s] -- Installing: /home/wheeltec/wheeltec_ros2/install/astra_msgs/include/astra_msgs/srv/detail/get_uvc_exposure__rosidl_typesupport_fastrtps_c.h
[4.570s] -- Installing: /home/wheeltec/wheeltec_ros2/install/astra_msgs/lib/libastra_msgs__rosidl_typesupport_fastrtps_c.so
[4.571s] -- Set runtime path of "/home/wheeltec/wheeltec_ros2/install/astra_msgs/lib/libastra_msgs__rosidl_typesupport_fastrtps_c.so" to ""
[4.571s] -- Up-to-date: /home/wheeltec/wheeltec_ros2/install/astra_msgs/include/astra_msgs
[4.572s] -- Up-to-date: /home/wheeltec/wheeltec_ros2/install/astra_msgs/include/astra_msgs/msg
[4.572s] -- Installing: /home/wheeltec/wheeltec_ros2/install/astra_msgs/include/astra_msgs/msg/rosidl_typesupport_fastrtps_cpp__visibility_control.h
[4.573s] -- Up-to-date: /home/wheeltec/wheeltec_ros2/install/astra_msgs/include/astra_msgs/srv
[4.574s] -- Up-to-date: /home/wheeltec/wheeltec_ros2/install/astra_msgs/include/astra_msgs/srv/detail
[4.574s] -- Installing: /home/wheeltec/wheeltec_ros2/install/astra_msgs/include/astra_msgs/srv/detail/dds_fastrtps
[4.575s] -- Installing: /home/wheeltec/wheeltec_ros2/install/astra_msgs/include/astra_msgs/srv/detail/set_ldp__rosidl_typesupport_fastrtps_cpp.hpp
[4.576s] -- Installing: /home/wheeltec/wheeltec_ros2/install/astra_msgs/include/astra_msgs/srv/detail/get_ir_exposure__rosidl_typesupport_fastrtps_cpp.hpp
[4.576s] -- Installing: /home/wheeltec/wheeltec_ros2/install/astra_msgs/include/astra_msgs/srv/detail/set_uvc_exposure__rosidl_typesupport_fastrtps_cpp.hpp
[4.577s] -- Installing: /home/wheeltec/wheeltec_ros2/install/astra_msgs/include/astra_msgs/srv/detail/get_serial__rosidl_typesupport_fastrtps_cpp.hpp
[4.578s] -- Installing: /home/wheeltec/wheeltec_ros2/install/astra_msgs/include/astra_msgs/srv/detail/get_uvc_gain__rosidl_typesupport_fastrtps_cpp.hpp
[4.578s] -- Installing: /home/wheeltec/wheeltec_ros2/install/astra_msgs/include/astra_msgs/srv/detail/get_uvc_exposure__rosidl_typesupport_fastrtps_cpp.hpp
[4.579s] -- Installing: /home/wheeltec/wheeltec_ros2/install/astra_msgs/include/astra_msgs/srv/detail/set_fan__rosidl_typesupport_fastrtps_cpp.hpp
[4.580s] -- Installing: /home/wheeltec/wheeltec_ros2/install/astra_msgs/include/astra_msgs/srv/detail/get_version__rosidl_typesupport_fastrtps_cpp.hpp
[4.581s] -- Installing: /home/wheeltec/wheeltec_ros2/install/astra_msgs/include/astra_msgs/srv/detail/set_uvc_white_balance__rosidl_typesupport_fastrtps_cpp.hpp
[4.582s] -- Installing: /home/wheeltec/wheeltec_ros2/install/astra_msgs/include/astra_msgs/srv/detail/reset_ir_exposure__rosidl_typesupport_fastrtps_cpp.hpp
[4.582s] -- Installing: /home/wheeltec/wheeltec_ros2/install/astra_msgs/include/astra_msgs/srv/detail/set_ir_gain__rosidl_typesupport_fastrtps_cpp.hpp
[4.583s] -- Installing: /home/wheeltec/wheeltec_ros2/install/astra_msgs/include/astra_msgs/srv/detail/set_mirror__rosidl_typesupport_fastrtps_cpp.hpp
[4.584s] -- Installing: /home/wheeltec/wheeltec_ros2/install/astra_msgs/include/astra_msgs/srv/detail/set_laser__rosidl_typesupport_fastrtps_cpp.hpp
[4.586s] -- Installing: /home/wheeltec/wheeltec_ros2/install/astra_msgs/include/astra_msgs/srv/detail/set_auto_exposure__rosidl_typesupport_fastrtps_cpp.hpp
[4.586s] -- Installing: /home/wheeltec/wheeltec_ros2/install/astra_msgs/include/astra_msgs/srv/detail/set_ae_enable__rosidl_typesupport_fastrtps_cpp.hpp
[4.587s] -- Installing: /home/wheeltec/wheeltec_ros2/install/astra_msgs/include/astra_msgs/srv/detail/set_auto_white_balance__rosidl_typesupport_fastrtps_cpp.hpp
[4.588s] -- Installing: /home/wheeltec/wheeltec_ros2/install/astra_msgs/include/astra_msgs/srv/detail/get_uvc_white_balance__rosidl_typesupport_fastrtps_cpp.hpp
[4.588s] -- Installing: /home/wheeltec/wheeltec_ros2/install/astra_msgs/include/astra_msgs/srv/detail/switch_ir_camera__rosidl_typesupport_fastrtps_cpp.hpp
[4.589s] -- Installing: /home/wheeltec/wheeltec_ros2/install/astra_msgs/include/astra_msgs/srv/detail/reset_ir_gain__rosidl_typesupport_fastrtps_cpp.hpp
[4.590s] -- Installing: /home/wheeltec/wheeltec_ros2/install/astra_msgs/include/astra_msgs/srv/detail/get_device_type__rosidl_typesupport_fastrtps_cpp.hpp
[4.590s] -- Installing: /home/wheeltec/wheeltec_ros2/install/astra_msgs/include/astra_msgs/srv/detail/set_distortioncal__rosidl_typesupport_fastrtps_cpp.hpp
[4.590s] -- Installing: /home/wheeltec/wheeltec_ros2/install/astra_msgs/include/astra_msgs/srv/detail/set_uvc_gain__rosidl_typesupport_fastrtps_cpp.hpp
[4.591s] -- Installing: /home/wheeltec/wheeltec_ros2/install/astra_msgs/include/astra_msgs/srv/detail/set_ir_flood__rosidl_typesupport_fastrtps_cpp.hpp
[4.591s] -- Installing: /home/wheeltec/wheeltec_ros2/install/astra_msgs/include/astra_msgs/srv/detail/set_ir_exposure__rosidl_typesupport_fastrtps_cpp.hpp
[4.592s] -- Installing: /home/wheeltec/wheeltec_ros2/install/astra_msgs/include/astra_msgs/srv/detail/get_camera_info__rosidl_typesupport_fastrtps_cpp.hpp
[4.592s] -- Installing: /home/wheeltec/wheeltec_ros2/install/astra_msgs/include/astra_msgs/srv/detail/get_ir_gain__rosidl_typesupport_fastrtps_cpp.hpp
[4.592s] -- Installing: /home/wheeltec/wheeltec_ros2/install/astra_msgs/lib/libastra_msgs__rosidl_typesupport_fastrtps_cpp.so
[4.593s] -- Set runtime path of "/home/wheeltec/wheeltec_ros2/install/astra_msgs/lib/libastra_msgs__rosidl_typesupport_fastrtps_cpp.so" to ""
[4.593s] -- Up-to-date: /home/wheeltec/wheeltec_ros2/install/astra_msgs/include/astra_msgs
[4.593s] -- Up-to-date: /home/wheeltec/wheeltec_ros2/install/astra_msgs/include/astra_msgs/msg
[4.594s] -- Installing: /home/wheeltec/wheeltec_ros2/install/astra_msgs/include/astra_msgs/msg/rosidl_typesupport_introspection_c__visibility_control.h
[4.595s] -- Up-to-date: /home/wheeltec/wheeltec_ros2/install/astra_msgs/include/astra_msgs/srv
[4.597s] -- Up-to-date: /home/wheeltec/wheeltec_ros2/install/astra_msgs/include/astra_msgs/srv/detail
[4.597s] -- Installing: /home/wheeltec/wheeltec_ros2/install/astra_msgs/include/astra_msgs/srv/detail/set_uvc_white_balance__type_support.c
[4.598s] -- Installing: /home/wheeltec/wheeltec_ros2/install/astra_msgs/include/astra_msgs/srv/detail/set_laser__rosidl_typesupport_introspection_c.h
[4.599s] -- Installing: /home/wheeltec/wheeltec_ros2/install/astra_msgs/include/astra_msgs/srv/detail/set_ir_exposure__rosidl_typesupport_introspection_c.h
[4.599s] -- Installing: /home/wheeltec/wheeltec_ros2/install/astra_msgs/include/astra_msgs/srv/detail/set_distortioncal__rosidl_typesupport_introspection_c.h
[4.600s] -- Installing: /home/wheeltec/wheeltec_ros2/install/astra_msgs/include/astra_msgs/srv/detail/set_auto_exposure__type_support.c
[4.600s] -- Installing: /home/wheeltec/wheeltec_ros2/install/astra_msgs/include/astra_msgs/srv/detail/get_uvc_white_balance__rosidl_typesupport_introspection_c.h
[4.601s] -- Installing: /home/wheeltec/wheeltec_ros2/install/astra_msgs/include/astra_msgs/srv/detail/set_uvc_white_balance__rosidl_typesupport_introspection_c.h
[4.601s] -- Installing: /home/wheeltec/wheeltec_ros2/install/astra_msgs/include/astra_msgs/srv/detail/get_camera_info__type_support.c
[4.601s] -- Installing: /home/wheeltec/wheeltec_ros2/install/astra_msgs/include/astra_msgs/srv/detail/reset_ir_exposure__type_support.c
[4.602s] -- Installing: /home/wheeltec/wheeltec_ros2/install/astra_msgs/include/astra_msgs/srv/detail/get_device_type__rosidl_typesupport_introspection_c.h
[4.602s] -- Installing: /home/wheeltec/wheeltec_ros2/install/astra_msgs/include/astra_msgs/srv/detail/set_laser__type_support.c
[4.602s] -- Installing: /home/wheeltec/wheeltec_ros2/install/astra_msgs/include/astra_msgs/srv/detail/set_ae_enable__rosidl_typesupport_introspection_c.h
[4.603s] -- Installing: /home/wheeltec/wheeltec_ros2/install/astra_msgs/include/astra_msgs/srv/detail/set_mirror__type_support.c
[4.604s] -- Installing: /home/wheeltec/wheeltec_ros2/install/astra_msgs/include/astra_msgs/srv/detail/get_uvc_white_balance__type_support.c
[4.604s] -- Installing: /home/wheeltec/wheeltec_ros2/install/astra_msgs/include/astra_msgs/srv/detail/get_serial__rosidl_typesupport_introspection_c.h
[4.605s] -- Installing: /home/wheeltec/wheeltec_ros2/install/astra_msgs/include/astra_msgs/srv/detail/switch_ir_camera__rosidl_typesupport_introspection_c.h
[4.606s] -- Installing: /home/wheeltec/wheeltec_ros2/install/astra_msgs/include/astra_msgs/srv/detail/reset_ir_exposure__rosidl_typesupport_introspection_c.h
[4.606s] -- Installing: /home/wheeltec/wheeltec_ros2/install/astra_msgs/include/astra_msgs/srv/detail/get_uvc_exposure__type_support.c
[4.607s] -- Installing: /home/wheeltec/wheeltec_ros2/install/astra_msgs/include/astra_msgs/srv/detail/reset_ir_gain__type_support.c
[4.608s] -- Installing: /home/wheeltec/wheeltec_ros2/install/astra_msgs/include/astra_msgs/srv/detail/set_auto_white_balance__type_support.c
[4.608s] -- Installing: /home/wheeltec/wheeltec_ros2/install/astra_msgs/include/astra_msgs/srv/detail/set_distortioncal__type_support.c
[4.609s] -- Installing: /home/wheeltec/wheeltec_ros2/install/astra_msgs/include/astra_msgs/srv/detail/get_uvc_gain__rosidl_typesupport_introspection_c.h
[4.609s] -- Installing: /home/wheeltec/wheeltec_ros2/install/astra_msgs/include/astra_msgs/srv/detail/get_device_type__type_support.c
[4.610s] -- Installing: /home/wheeltec/wheeltec_ros2/install/astra_msgs/include/astra_msgs/srv/detail/get_version__rosidl_typesupport_introspection_c.h
[4.610s] -- Installing: /home/wheeltec/wheeltec_ros2/install/astra_msgs/include/astra_msgs/srv/detail/set_auto_white_balance__rosidl_typesupport_introspection_c.h
[4.611s] -- Installing: /home/wheeltec/wheeltec_ros2/install/astra_msgs/include/astra_msgs/srv/detail/get_uvc_gain__type_support.c
[4.612s] -- Installing: /home/wheeltec/wheeltec_ros2/install/astra_msgs/include/astra_msgs/srv/detail/set_ir_gain__type_support.c
[4.612s] -- Installing: /home/wheeltec/wheeltec_ros2/install/astra_msgs/include/astra_msgs/srv/detail/set_ir_flood__rosidl_typesupport_introspection_c.h
[4.613s] -- Installing: /home/wheeltec/wheeltec_ros2/install/astra_msgs/include/astra_msgs/srv/detail/set_uvc_gain__rosidl_typesupport_introspection_c.h
[4.614s] -- Installing: /home/wheeltec/wheeltec_ros2/install/astra_msgs/include/astra_msgs/srv/detail/get_serial__type_support.c
[4.614s] -- Installing: /home/wheeltec/wheeltec_ros2/install/astra_msgs/include/astra_msgs/srv/detail/set_fan__rosidl_typesupport_introspection_c.h
[4.615s] -- Installing: /home/wheeltec/wheeltec_ros2/install/astra_msgs/include/astra_msgs/srv/detail/reset_ir_gain__rosidl_typesupport_introspection_c.h
[4.616s] -- Installing: /home/wheeltec/wheeltec_ros2/install/astra_msgs/include/astra_msgs/srv/detail/set_ae_enable__type_support.c
[4.616s] -- Installing: /home/wheeltec/wheeltec_ros2/install/astra_msgs/include/astra_msgs/srv/detail/switch_ir_camera__type_support.c
[4.617s] -- Installing: /home/wheeltec/wheeltec_ros2/install/astra_msgs/include/astra_msgs/srv/detail/set_ldp__type_support.c
[4.617s] -- Installing: /home/wheeltec/wheeltec_ros2/install/astra_msgs/include/astra_msgs/srv/detail/set_ir_flood__type_support.c
[4.617s] -- Installing: /home/wheeltec/wheeltec_ros2/install/astra_msgs/include/astra_msgs/srv/detail/get_camera_info__rosidl_typesupport_introspection_c.h
[4.617s] -- Installing: /home/wheeltec/wheeltec_ros2/install/astra_msgs/include/astra_msgs/srv/detail/set_fan__type_support.c
[4.618s] -- Installing: /home/wheeltec/wheeltec_ros2/install/astra_msgs/include/astra_msgs/srv/detail/set_uvc_exposure__type_support.c
[4.618s] -- Installing: /home/wheeltec/wheeltec_ros2/install/astra_msgs/include/astra_msgs/srv/detail/set_mirror__rosidl_typesupport_introspection_c.h
[4.618s] -- Installing: /home/wheeltec/wheeltec_ros2/install/astra_msgs/include/astra_msgs/srv/detail/get_ir_exposure__rosidl_typesupport_introspection_c.h
[4.619s] -- Installing: /home/wheeltec/wheeltec_ros2/install/astra_msgs/include/astra_msgs/srv/detail/set_auto_exposure__rosidl_typesupport_introspection_c.h
[4.619s] -- Installing: /home/wheeltec/wheeltec_ros2/install/astra_msgs/include/astra_msgs/srv/detail/get_ir_gain__rosidl_typesupport_introspection_c.h
[4.620s] -- Installing: /home/wheeltec/wheeltec_ros2/install/astra_msgs/include/astra_msgs/srv/detail/set_ldp__rosidl_typesupport_introspection_c.h
[4.620s] -- Installing: /home/wheeltec/wheeltec_ros2/install/astra_msgs/include/astra_msgs/srv/detail/set_uvc_gain__type_support.c
[4.621s] -- Installing: /home/wheeltec/wheeltec_ros2/install/astra_msgs/include/astra_msgs/srv/detail/get_version__type_support.c
[4.621s] -- Installing: /home/wheeltec/wheeltec_ros2/install/astra_msgs/include/astra_msgs/srv/detail/get_ir_gain__type_support.c
[4.621s] -- Installing: /home/wheeltec/wheeltec_ros2/install/astra_msgs/include/astra_msgs/srv/detail/set_ir_exposure__type_support.c
[4.622s] -- Installing: /home/wheeltec/wheeltec_ros2/install/astra_msgs/include/astra_msgs/srv/detail/get_ir_exposure__type_support.c
[4.622s] -- Installing: /home/wheeltec/wheeltec_ros2/install/astra_msgs/include/astra_msgs/srv/detail/get_uvc_exposure__rosidl_typesupport_introspection_c.h
[4.623s] -- Installing: /home/wheeltec/wheeltec_ros2/install/astra_msgs/include/astra_msgs/srv/detail/set_ir_gain__rosidl_typesupport_introspection_c.h
[4.623s] -- Installing: /home/wheeltec/wheeltec_ros2/install/astra_msgs/include/astra_msgs/srv/detail/set_uvc_exposure__rosidl_typesupport_introspection_c.h
[4.624s] -- Installing: /home/wheeltec/wheeltec_ros2/install/astra_msgs/lib/libastra_msgs__rosidl_typesupport_introspection_c.so
[4.624s] -- Set runtime path of "/home/wheeltec/wheeltec_ros2/install/astra_msgs/lib/libastra_msgs__rosidl_typesupport_introspection_c.so" to ""
[4.625s] -- Installing: /home/wheeltec/wheeltec_ros2/install/astra_msgs/lib/libastra_msgs__rosidl_typesupport_c.so
[4.626s] -- Set runtime path of "/home/wheeltec/wheeltec_ros2/install/astra_msgs/lib/libastra_msgs__rosidl_typesupport_c.so" to ""
[4.627s] -- Up-to-date: /home/wheeltec/wheeltec_ros2/install/astra_msgs/include/astra_msgs
[4.628s] -- Up-to-date: /home/wheeltec/wheeltec_ros2/install/astra_msgs/include/astra_msgs/srv
[4.628s] -- Installing: /home/wheeltec/wheeltec_ros2/install/astra_msgs/include/astra_msgs/srv/set_auto_exposure.hpp
[4.629s] -- Installing: /home/wheeltec/wheeltec_ros2/install/astra_msgs/include/astra_msgs/srv/set_uvc_gain.hpp
[4.630s] -- Installing: /home/wheeltec/wheeltec_ros2/install/astra_msgs/include/astra_msgs/srv/set_ae_enable.hpp
[4.630s] -- Installing: /home/wheeltec/wheeltec_ros2/install/astra_msgs/include/astra_msgs/srv/switch_ir_camera.hpp
[4.630s] -- Installing: /home/wheeltec/wheeltec_ros2/install/astra_msgs/include/astra_msgs/srv/get_serial.hpp
[4.631s] -- Installing: /home/wheeltec/wheeltec_ros2/install/astra_msgs/include/astra_msgs/srv/get_uvc_white_balance.hpp
[4.632s] -- Installing: /home/wheeltec/wheeltec_ros2/install/astra_msgs/include/astra_msgs/srv/reset_ir_exposure.hpp
[4.632s] -- Installing: /home/wheeltec/wheeltec_ros2/install/astra_msgs/include/astra_msgs/srv/set_uvc_white_balance.hpp
[4.633s] -- Installing: /home/wheeltec/wheeltec_ros2/install/astra_msgs/include/astra_msgs/srv/set_ir_gain.hpp
[4.634s] -- Installing: /home/wheeltec/wheeltec_ros2/install/astra_msgs/include/astra_msgs/srv/set_auto_white_balance.hpp
[4.634s] -- Installing: /home/wheeltec/wheeltec_ros2/install/astra_msgs/include/astra_msgs/srv/get_camera_info.hpp
[4.634s] -- Installing: /home/wheeltec/wheeltec_ros2/install/astra_msgs/include/astra_msgs/srv/set_uvc_exposure.hpp
[4.635s] -- Installing: /home/wheeltec/wheeltec_ros2/install/astra_msgs/include/astra_msgs/srv/set_fan.hpp
[4.636s] -- Installing: /home/wheeltec/wheeltec_ros2/install/astra_msgs/include/astra_msgs/srv/get_ir_exposure.hpp
[4.636s] -- Installing: /home/wheeltec/wheeltec_ros2/install/astra_msgs/include/astra_msgs/srv/set_mirror.hpp
[4.637s] -- Up-to-date: /home/wheeltec/wheeltec_ros2/install/astra_msgs/include/astra_msgs/srv/detail
[4.638s] -- Installing: /home/wheeltec/wheeltec_ros2/install/astra_msgs/include/astra_msgs/srv/detail/get_uvc_exposure__builder.hpp
[4.638s] -- Installing: /home/wheeltec/wheeltec_ros2/install/astra_msgs/include/astra_msgs/srv/detail/set_laser__struct.hpp
[4.639s] -- Installing: /home/wheeltec/wheeltec_ros2/install/astra_msgs/include/astra_msgs/srv/detail/set_fan__struct.hpp
[4.639s] -- Installing: /home/wheeltec/wheeltec_ros2/install/astra_msgs/include/astra_msgs/srv/detail/set_uvc_white_balance__builder.hpp
[4.640s] -- Installing: /home/wheeltec/wheeltec_ros2/install/astra_msgs/include/astra_msgs/srv/detail/set_uvc_white_balance__traits.hpp
[4.640s] -- Installing: /home/wheeltec/wheeltec_ros2/install/astra_msgs/include/astra_msgs/srv/detail/get_serial__builder.hpp
[4.641s] -- Installing: /home/wheeltec/wheeltec_ros2/install/astra_msgs/include/astra_msgs/srv/detail/get_ir_exposure__builder.hpp
[4.642s] -- Installing: /home/wheeltec/wheeltec_ros2/install/astra_msgs/include/astra_msgs/srv/detail/set_ir_exposure__traits.hpp
[4.643s] -- Installing: /home/wheeltec/wheeltec_ros2/install/astra_msgs/include/astra_msgs/srv/detail/reset_ir_exposure__traits.hpp
[4.644s] -- Installing: /home/wheeltec/wheeltec_ros2/install/astra_msgs/include/astra_msgs/srv/detail/set_ae_enable__struct.hpp
[4.644s] -- Installing: /home/wheeltec/wheeltec_ros2/install/astra_msgs/include/astra_msgs/srv/detail/set_distortioncal__struct.hpp
[4.644s] -- Installing: /home/wheeltec/wheeltec_ros2/install/astra_msgs/include/astra_msgs/srv/detail/set_ir_exposure__struct.hpp
[4.645s] -- Installing: /home/wheeltec/wheeltec_ros2/install/astra_msgs/include/astra_msgs/srv/detail/set_mirror__builder.hpp
[4.646s] -- Installing: /home/wheeltec/wheeltec_ros2/install/astra_msgs/include/astra_msgs/srv/detail/switch_ir_camera__builder.hpp
[4.646s] -- Installing: /home/wheeltec/wheeltec_ros2/install/astra_msgs/include/astra_msgs/srv/detail/set_fan__builder.hpp
[4.647s] -- Installing: /home/wheeltec/wheeltec_ros2/install/astra_msgs/include/astra_msgs/srv/detail/set_distortioncal__builder.hpp
[4.647s] -- Installing: /home/wheeltec/wheeltec_ros2/install/astra_msgs/include/astra_msgs/srv/detail/set_uvc_exposure__traits.hpp
[4.648s] -- Installing: /home/wheeltec/wheeltec_ros2/install/astra_msgs/include/astra_msgs/srv/detail/get_ir_gain__builder.hpp
[4.649s] -- Installing: /home/wheeltec/wheeltec_ros2/install/astra_msgs/include/astra_msgs/srv/detail/set_ir_gain__struct.hpp
[4.649s] -- Installing: /home/wheeltec/wheeltec_ros2/install/astra_msgs/include/astra_msgs/srv/detail/set_ae_enable__builder.hpp
[4.649s] -- Installing: /home/wheeltec/wheeltec_ros2/install/astra_msgs/include/astra_msgs/srv/detail/reset_ir_exposure__struct.hpp
[4.650s] -- Installing: /home/wheeltec/wheeltec_ros2/install/astra_msgs/include/astra_msgs/srv/detail/set_uvc_gain__builder.hpp
[4.650s] -- Installing: /home/wheeltec/wheeltec_ros2/install/astra_msgs/include/astra_msgs/srv/detail/set_ir_flood__traits.hpp
[4.650s] -- Installing: /home/wheeltec/wheeltec_ros2/install/astra_msgs/include/astra_msgs/srv/detail/reset_ir_gain__struct.hpp
[4.651s] -- Installing: /home/wheeltec/wheeltec_ros2/install/astra_msgs/include/astra_msgs/srv/detail/reset_ir_gain__builder.hpp
[4.651s] -- Installing: /home/wheeltec/wheeltec_ros2/install/astra_msgs/include/astra_msgs/srv/detail/get_uvc_gain__traits.hpp
[4.652s] -- Installing: /home/wheeltec/wheeltec_ros2/install/astra_msgs/include/astra_msgs/srv/detail/switch_ir_camera__struct.hpp
[4.652s] -- Installing: /home/wheeltec/wheeltec_ros2/install/astra_msgs/include/astra_msgs/srv/detail/get_version__struct.hpp
[4.653s] -- Installing: /home/wheeltec/wheeltec_ros2/install/astra_msgs/include/astra_msgs/srv/detail/get_camera_info__struct.hpp
[4.653s] -- Installing: /home/wheeltec/wheeltec_ros2/install/astra_msgs/include/astra_msgs/srv/detail/set_auto_white_balance__builder.hpp
[4.653s] -- Installing: /home/wheeltec/wheeltec_ros2/install/astra_msgs/include/astra_msgs/srv/detail/set_uvc_gain__struct.hpp
[4.654s] -- Installing: /home/wheeltec/wheeltec_ros2/install/astra_msgs/include/astra_msgs/srv/detail/set_auto_white_balance__struct.hpp
[4.654s] -- Installing: /home/wheeltec/wheeltec_ros2/install/astra_msgs/include/astra_msgs/srv/detail/set_auto_exposure__traits.hpp
[4.655s] -- Installing: /home/wheeltec/wheeltec_ros2/install/astra_msgs/include/astra_msgs/srv/detail/set_ir_exposure__builder.hpp
[4.655s] -- Installing: /home/wheeltec/wheeltec_ros2/install/astra_msgs/include/astra_msgs/srv/detail/get_ir_exposure__traits.hpp
[4.656s] -- Installing: /home/wheeltec/wheeltec_ros2/install/astra_msgs/include/astra_msgs/srv/detail/set_ir_gain__builder.hpp
[4.656s] -- Installing: /home/wheeltec/wheeltec_ros2/install/astra_msgs/include/astra_msgs/srv/detail/set_uvc_exposure__struct.hpp
[4.657s] -- Installing: /home/wheeltec/wheeltec_ros2/install/astra_msgs/include/astra_msgs/srv/detail/get_serial__struct.hpp
[4.657s] -- Installing: /home/wheeltec/wheeltec_ros2/install/astra_msgs/include/astra_msgs/srv/detail/get_device_type__traits.hpp
[4.658s] -- Installing: /home/wheeltec/wheeltec_ros2/install/astra_msgs/include/astra_msgs/srv/detail/get_uvc_gain__builder.hpp
[4.658s] -- Installing: /home/wheeltec/wheeltec_ros2/install/astra_msgs/include/astra_msgs/srv/detail/get_camera_info__builder.hpp
[4.659s] -- Installing: /home/wheeltec/wheeltec_ros2/install/astra_msgs/include/astra_msgs/srv/detail/set_ldp__struct.hpp
[4.659s] -- Installing: /home/wheeltec/wheeltec_ros2/install/astra_msgs/include/astra_msgs/srv/detail/get_uvc_exposure__traits.hpp
[4.660s] -- Installing: /home/wheeltec/wheeltec_ros2/install/astra_msgs/include/astra_msgs/srv/detail/set_ir_flood__builder.hpp
[4.665s] -- Installing: /home/wheeltec/wheeltec_ros2/install/astra_msgs/include/astra_msgs/srv/detail/set_ldp__builder.hpp
[4.666s] -- Installing: /home/wheeltec/wheeltec_ros2/install/astra_msgs/include/astra_msgs/srv/detail/get_camera_info__traits.hpp
[4.666s] -- Installing: /home/wheeltec/wheeltec_ros2/install/astra_msgs/include/astra_msgs/srv/detail/switch_ir_camera__traits.hpp
[4.667s] -- Installing: /home/wheeltec/wheeltec_ros2/install/astra_msgs/include/astra_msgs/srv/detail/get_uvc_white_balance__traits.hpp
[4.667s] -- Installing: /home/wheeltec/wheeltec_ros2/install/astra_msgs/include/astra_msgs/srv/detail/get_ir_gain__traits.hpp
[4.668s] -- Installing: /home/wheeltec/wheeltec_ros2/install/astra_msgs/include/astra_msgs/srv/detail/set_ir_gain__traits.hpp
[4.668s] -- Installing: /home/wheeltec/wheeltec_ros2/install/astra_msgs/include/astra_msgs/srv/detail/set_auto_exposure__builder.hpp
[4.669s] -- Installing: /home/wheeltec/wheeltec_ros2/install/astra_msgs/include/astra_msgs/srv/detail/get_uvc_white_balance__struct.hpp
[4.669s] -- Installing: /home/wheeltec/wheeltec_ros2/install/astra_msgs/include/astra_msgs/srv/detail/set_uvc_gain__traits.hpp
[4.670s] -- Installing: /home/wheeltec/wheeltec_ros2/install/astra_msgs/include/astra_msgs/srv/detail/set_mirror__struct.hpp
[4.671s] -- Installing: /home/wheeltec/wheeltec_ros2/install/astra_msgs/include/astra_msgs/srv/detail/set_ldp__traits.hpp
[4.671s] -- Installing: /home/wheeltec/wheeltec_ros2/install/astra_msgs/include/astra_msgs/srv/detail/reset_ir_gain__traits.hpp
[4.672s] -- Installing: /home/wheeltec/wheeltec_ros2/install/astra_msgs/include/astra_msgs/srv/detail/set_distortioncal__traits.hpp
[4.672s] -- Installing: /home/wheeltec/wheeltec_ros2/install/astra_msgs/include/astra_msgs/srv/detail/get_version__builder.hpp
[4.672s] -- Installing: /home/wheeltec/wheeltec_ros2/install/astra_msgs/include/astra_msgs/srv/detail/set_uvc_exposure__builder.hpp
[4.673s] -- Installing: /home/wheeltec/wheeltec_ros2/install/astra_msgs/include/astra_msgs/srv/detail/get_device_type__struct.hpp
[4.673s] -- Installing: /home/wheeltec/wheeltec_ros2/install/astra_msgs/include/astra_msgs/srv/detail/get_uvc_gain__struct.hpp
[4.673s] -- Installing: /home/wheeltec/wheeltec_ros2/install/astra_msgs/include/astra_msgs/srv/detail/get_serial__traits.hpp
[4.674s] -- Installing: /home/wheeltec/wheeltec_ros2/install/astra_msgs/include/astra_msgs/srv/detail/set_auto_white_balance__traits.hpp
[4.674s] -- Installing: /home/wheeltec/wheeltec_ros2/install/astra_msgs/include/astra_msgs/srv/detail/set_mirror__traits.hpp
[4.674s] -- Installing: /home/wheeltec/wheeltec_ros2/install/astra_msgs/include/astra_msgs/srv/detail/get_ir_gain__struct.hpp
[4.675s] -- Installing: /home/wheeltec/wheeltec_ros2/install/astra_msgs/include/astra_msgs/srv/detail/reset_ir_exposure__builder.hpp
[4.676s] -- Installing: /home/wheeltec/wheeltec_ros2/install/astra_msgs/include/astra_msgs/srv/detail/get_device_type__builder.hpp
[4.676s] -- Installing: /home/wheeltec/wheeltec_ros2/install/astra_msgs/include/astra_msgs/srv/detail/set_uvc_white_balance__struct.hpp
[4.677s] -- Installing: /home/wheeltec/wheeltec_ros2/install/astra_msgs/include/astra_msgs/srv/detail/set_ae_enable__traits.hpp
[4.678s] -- Installing: /home/wheeltec/wheeltec_ros2/install/astra_msgs/include/astra_msgs/srv/detail/set_ir_flood__struct.hpp
[4.678s] -- Installing: /home/wheeltec/wheeltec_ros2/install/astra_msgs/include/astra_msgs/srv/detail/get_uvc_exposure__struct.hpp
[4.679s] -- Installing: /home/wheeltec/wheeltec_ros2/install/astra_msgs/include/astra_msgs/srv/detail/set_laser__traits.hpp
[4.680s] -- Installing: /home/wheeltec/wheeltec_ros2/install/astra_msgs/include/astra_msgs/srv/detail/set_fan__traits.hpp
[4.681s] -- Installing: /home/wheeltec/wheeltec_ros2/install/astra_msgs/include/astra_msgs/srv/detail/set_auto_exposure__struct.hpp
[4.681s] -- Installing: /home/wheeltec/wheeltec_ros2/install/astra_msgs/include/astra_msgs/srv/detail/get_ir_exposure__struct.hpp
[4.682s] -- Installing: /home/wheeltec/wheeltec_ros2/install/astra_msgs/include/astra_msgs/srv/detail/get_uvc_white_balance__builder.hpp
[4.682s] -- Installing: /home/wheeltec/wheeltec_ros2/install/astra_msgs/include/astra_msgs/srv/detail/set_laser__builder.hpp
[4.683s] -- Installing: /home/wheeltec/wheeltec_ros2/install/astra_msgs/include/astra_msgs/srv/detail/get_version__traits.hpp
[4.683s] -- Installing: /home/wheeltec/wheeltec_ros2/install/astra_msgs/include/astra_msgs/srv/get_uvc_gain.hpp
[4.684s] -- Installing: /home/wheeltec/wheeltec_ros2/install/astra_msgs/include/astra_msgs/srv/set_ir_flood.hpp
[4.684s] -- Installing: /home/wheeltec/wheeltec_ros2/install/astra_msgs/include/astra_msgs/srv/get_ir_gain.hpp
[4.684s] -- Installing: /home/wheeltec/wheeltec_ros2/install/astra_msgs/include/astra_msgs/srv/reset_ir_gain.hpp
[4.685s] -- Installing: /home/wheeltec/wheeltec_ros2/install/astra_msgs/include/astra_msgs/srv/get_uvc_exposure.hpp
[4.686s] -- Installing: /home/wheeltec/wheeltec_ros2/install/astra_msgs/include/astra_msgs/srv/set_ir_exposure.hpp
[4.687s] -- Installing: /home/wheeltec/wheeltec_ros2/install/astra_msgs/include/astra_msgs/srv/get_version.hpp
[4.687s] -- Installing: /home/wheeltec/wheeltec_ros2/install/astra_msgs/include/astra_msgs/srv/set_distortioncal.hpp
[4.688s] -- Installing: /home/wheeltec/wheeltec_ros2/install/astra_msgs/include/astra_msgs/srv/set_laser.hpp
[4.688s] -- Installing: /home/wheeltec/wheeltec_ros2/install/astra_msgs/include/astra_msgs/srv/get_device_type.hpp
[4.689s] -- Installing: /home/wheeltec/wheeltec_ros2/install/astra_msgs/include/astra_msgs/srv/set_ldp.hpp
[4.689s] -- Up-to-date: /home/wheeltec/wheeltec_ros2/install/astra_msgs/include/astra_msgs
[4.690s] -- Up-to-date: /home/wheeltec/wheeltec_ros2/install/astra_msgs/include/astra_msgs/srv
[4.691s] -- Up-to-date: /home/wheeltec/wheeltec_ros2/install/astra_msgs/include/astra_msgs/srv/detail
[4.691s] -- Installing: /home/wheeltec/wheeltec_ros2/install/astra_msgs/include/astra_msgs/srv/detail/set_ir_exposure__type_support.cpp
[4.691s] -- Installing: /home/wheeltec/wheeltec_ros2/install/astra_msgs/include/astra_msgs/srv/detail/set_ir_flood__rosidl_typesupport_introspection_cpp.hpp
[4.692s] -- Installing: /home/wheeltec/wheeltec_ros2/install/astra_msgs/include/astra_msgs/srv/detail/get_uvc_exposure__rosidl_typesupport_introspection_cpp.hpp
[4.693s] -- Installing: /home/wheeltec/wheeltec_ros2/install/astra_msgs/include/astra_msgs/srv/detail/get_serial__type_support.cpp
[4.693s] -- Installing: /home/wheeltec/wheeltec_ros2/install/astra_msgs/include/astra_msgs/srv/detail/reset_ir_exposure__rosidl_typesupport_introspection_cpp.hpp
[4.694s] -- Installing: /home/wheeltec/wheeltec_ros2/install/astra_msgs/include/astra_msgs/srv/detail/set_distortioncal__rosidl_typesupport_introspection_cpp.hpp
[4.695s] -- Installing: /home/wheeltec/wheeltec_ros2/install/astra_msgs/include/astra_msgs/srv/detail/get_uvc_gain__rosidl_typesupport_introspection_cpp.hpp
[4.695s] -- Installing: /home/wheeltec/wheeltec_ros2/install/astra_msgs/include/astra_msgs/srv/detail/get_uvc_white_balance__rosidl_typesupport_introspection_cpp.hpp
[4.696s] -- Installing: /home/wheeltec/wheeltec_ros2/install/astra_msgs/include/astra_msgs/srv/detail/get_device_type__rosidl_typesupport_introspection_cpp.hpp
[4.696s] -- Installing: /home/wheeltec/wheeltec_ros2/install/astra_msgs/include/astra_msgs/srv/detail/set_uvc_white_balance__type_support.cpp
[4.697s] -- Installing: /home/wheeltec/wheeltec_ros2/install/astra_msgs/include/astra_msgs/srv/detail/set_laser__type_support.cpp
[4.707s] -- Installing: /home/wheeltec/wheeltec_ros2/install/astra_msgs/include/astra_msgs/srv/detail/set_ldp__type_support.cpp
[4.708s] -- Installing: /home/wheeltec/wheeltec_ros2/install/astra_msgs/include/astra_msgs/srv/detail/set_laser__rosidl_typesupport_introspection_cpp.hpp
[4.709s] -- Installing: /home/wheeltec/wheeltec_ros2/install/astra_msgs/include/astra_msgs/srv/detail/set_distortioncal__type_support.cpp
[4.709s] -- Installing: /home/wheeltec/wheeltec_ros2/install/astra_msgs/include/astra_msgs/srv/detail/reset_ir_exposure__type_support.cpp
[4.709s] -- Installing: /home/wheeltec/wheeltec_ros2/install/astra_msgs/include/astra_msgs/srv/detail/set_uvc_exposure__rosidl_typesupport_introspection_cpp.hpp
[4.710s] -- Installing: /home/wheeltec/wheeltec_ros2/install/astra_msgs/include/astra_msgs/srv/detail/get_version__type_support.cpp
[4.711s] -- Installing: /home/wheeltec/wheeltec_ros2/install/astra_msgs/include/astra_msgs/srv/detail/get_device_type__type_support.cpp
[4.711s] -- Installing: /home/wheeltec/wheeltec_ros2/install/astra_msgs/include/astra_msgs/srv/detail/set_mirror__type_support.cpp
[4.712s] -- Installing: /home/wheeltec/wheeltec_ros2/install/astra_msgs/include/astra_msgs/srv/detail/switch_ir_camera__rosidl_typesupport_introspection_cpp.hpp
[4.712s] -- Installing: /home/wheeltec/wheeltec_ros2/install/astra_msgs/include/astra_msgs/srv/detail/set_uvc_exposure__type_support.cpp
[4.713s] -- Installing: /home/wheeltec/wheeltec_ros2/install/astra_msgs/include/astra_msgs/srv/detail/set_auto_exposure__type_support.cpp
[4.713s] -- Installing: /home/wheeltec/wheeltec_ros2/install/astra_msgs/include/astra_msgs/srv/detail/set_auto_white_balance__rosidl_typesupport_introspection_cpp.hpp
[4.714s] -- Installing: /home/wheeltec/wheeltec_ros2/install/astra_msgs/include/astra_msgs/srv/detail/get_ir_exposure__type_support.cpp
[4.714s] -- Installing: /home/wheeltec/wheeltec_ros2/install/astra_msgs/include/astra_msgs/srv/detail/switch_ir_camera__type_support.cpp
[4.715s] -- Installing: /home/wheeltec/wheeltec_ros2/install/astra_msgs/include/astra_msgs/srv/detail/set_ldp__rosidl_typesupport_introspection_cpp.hpp
[4.715s] -- Installing: /home/wheeltec/wheeltec_ros2/install/astra_msgs/include/astra_msgs/srv/detail/get_uvc_exposure__type_support.cpp
[4.716s] -- Installing: /home/wheeltec/wheeltec_ros2/install/astra_msgs/include/astra_msgs/srv/detail/get_uvc_gain__type_support.cpp
[4.716s] -- Installing: /home/wheeltec/wheeltec_ros2/install/astra_msgs/include/astra_msgs/srv/detail/get_serial__rosidl_typesupport_introspection_cpp.hpp
[4.717s] -- Installing: /home/wheeltec/wheeltec_ros2/install/astra_msgs/include/astra_msgs/srv/detail/set_uvc_gain__type_support.cpp
[4.717s] -- Installing: /home/wheeltec/wheeltec_ros2/install/astra_msgs/include/astra_msgs/srv/detail/set_fan__type_support.cpp
[4.717s] -- Installing: /home/wheeltec/wheeltec_ros2/install/astra_msgs/include/astra_msgs/srv/detail/set_ae_enable__type_support.cpp
[4.718s] -- Installing: /home/wheeltec/wheeltec_ros2/install/astra_msgs/include/astra_msgs/srv/detail/set_uvc_white_balance__rosidl_typesupport_introspection_cpp.hpp
[4.718s] -- Installing: /home/wheeltec/wheeltec_ros2/install/astra_msgs/include/astra_msgs/srv/detail/set_ir_gain__rosidl_typesupport_introspection_cpp.hpp
[4.718s] -- Installing: /home/wheeltec/wheeltec_ros2/install/astra_msgs/include/astra_msgs/srv/detail/get_camera_info__rosidl_typesupport_introspection_cpp.hpp
[4.719s] -- Installing: /home/wheeltec/wheeltec_ros2/install/astra_msgs/include/astra_msgs/srv/detail/get_ir_gain__rosidl_typesupport_introspection_cpp.hpp
[4.720s] -- Installing: /home/wheeltec/wheeltec_ros2/install/astra_msgs/include/astra_msgs/srv/detail/get_ir_exposure__rosidl_typesupport_introspection_cpp.hpp
[4.720s] -- Installing: /home/wheeltec/wheeltec_ros2/install/astra_msgs/include/astra_msgs/srv/detail/get_uvc_white_balance__type_support.cpp
[4.721s] -- Installing: /home/wheeltec/wheeltec_ros2/install/astra_msgs/include/astra_msgs/srv/detail/set_mirror__rosidl_typesupport_introspection_cpp.hpp
[4.721s] -- Installing: /home/wheeltec/wheeltec_ros2/install/astra_msgs/include/astra_msgs/srv/detail/reset_ir_gain__rosidl_typesupport_introspection_cpp.hpp
[4.721s] -- Installing: /home/wheeltec/wheeltec_ros2/install/astra_msgs/include/astra_msgs/srv/detail/set_ir_flood__type_support.cpp
[4.722s] -- Installing: /home/wheeltec/wheeltec_ros2/install/astra_msgs/include/astra_msgs/srv/detail/set_auto_white_balance__type_support.cpp
[4.722s] -- Installing: /home/wheeltec/wheeltec_ros2/install/astra_msgs/include/astra_msgs/srv/detail/set_fan__rosidl_typesupport_introspection_cpp.hpp
[4.722s] -- Installing: /home/wheeltec/wheeltec_ros2/install/astra_msgs/include/astra_msgs/srv/detail/set_ir_gain__type_support.cpp
[4.725s] -- Installing: /home/wheeltec/wheeltec_ros2/install/astra_msgs/include/astra_msgs/srv/detail/get_ir_gain__type_support.cpp
[4.725s] -- Installing: /home/wheeltec/wheeltec_ros2/install/astra_msgs/include/astra_msgs/srv/detail/reset_ir_gain__type_support.cpp
[4.726s] -- Installing: /home/wheeltec/wheeltec_ros2/install/astra_msgs/include/astra_msgs/srv/detail/set_ir_exposure__rosidl_typesupport_introspection_cpp.hpp
[4.726s] -- Installing: /home/wheeltec/wheeltec_ros2/install/astra_msgs/include/astra_msgs/srv/detail/set_ae_enable__rosidl_typesupport_introspection_cpp.hpp
[4.727s] -- Installing: /home/wheeltec/wheeltec_ros2/install/astra_msgs/include/astra_msgs/srv/detail/get_camera_info__type_support.cpp
[4.728s] -- Installing: /home/wheeltec/wheeltec_ros2/install/astra_msgs/include/astra_msgs/srv/detail/set_auto_exposure__rosidl_typesupport_introspection_cpp.hpp
[4.728s] -- Installing: /home/wheeltec/wheeltec_ros2/install/astra_msgs/include/astra_msgs/srv/detail/get_version__rosidl_typesupport_introspection_cpp.hpp
[4.728s] -- Installing: /home/wheeltec/wheeltec_ros2/install/astra_msgs/include/astra_msgs/srv/detail/set_uvc_gain__rosidl_typesupport_introspection_cpp.hpp
[4.729s] -- Installing: /home/wheeltec/wheeltec_ros2/install/astra_msgs/lib/libastra_msgs__rosidl_typesupport_introspection_cpp.so
[4.729s] -- Set runtime path of "/home/wheeltec/wheeltec_ros2/install/astra_msgs/lib/libastra_msgs__rosidl_typesupport_introspection_cpp.so" to ""
[4.730s] -- Installing: /home/wheeltec/wheeltec_ros2/install/astra_msgs/lib/libastra_msgs__rosidl_typesupport_cpp.so
[4.730s] -- Set runtime path of "/home/wheeltec/wheeltec_ros2/install/astra_msgs/lib/libastra_msgs__rosidl_typesupport_cpp.so" to ""
[4.730s] -- Installing: /home/wheeltec/wheeltec_ros2/install/astra_msgs/share/astra_msgs/environment/pythonpath.sh
[4.731s] -- Installing: /home/wheeltec/wheeltec_ros2/install/astra_msgs/share/astra_msgs/environment/pythonpath.dsv
[4.731s] -- Installing: /home/wheeltec/wheeltec_ros2/install/astra_msgs/lib/python3.8/site-packages/astra_msgs/__init__.py
[4.883s] Compiling '/home/wheeltec/wheeltec_ros2/install/astra_msgs/lib/python3.8/site-packages/astra_msgs/__init__.py'...
[4.907s] -- Installing: /home/wheeltec/wheeltec_ros2/install/astra_msgs/lib/python3.8/site-packages/astra_msgs/srv
[4.908s] -- Installing: /home/wheeltec/wheeltec_ros2/install/astra_msgs/lib/python3.8/site-packages/astra_msgs/srv/_set_auto_exposure_s.c
[4.910s] -- Installing: /home/wheeltec/wheeltec_ros2/install/astra_msgs/lib/python3.8/site-packages/astra_msgs/srv/_reset_ir_exposure_s.c
[4.910s] -- Installing: /home/wheeltec/wheeltec_ros2/install/astra_msgs/lib/python3.8/site-packages/astra_msgs/srv/_set_distortioncal.py
[4.911s] -- Installing: /home/wheeltec/wheeltec_ros2/install/astra_msgs/lib/python3.8/site-packages/astra_msgs/srv/_set_mirror.py
[4.911s] -- Installing: /home/wheeltec/wheeltec_ros2/install/astra_msgs/lib/python3.8/site-packages/astra_msgs/srv/_get_device_type.py
[4.912s] -- Installing: /home/wheeltec/wheeltec_ros2/install/astra_msgs/lib/python3.8/site-packages/astra_msgs/srv/_set_uvc_white_balance_s.c
[4.912s] -- Installing: /home/wheeltec/wheeltec_ros2/install/astra_msgs/lib/python3.8/site-packages/astra_msgs/srv/_switch_ir_camera_s.c
[4.913s] -- Installing: /home/wheeltec/wheeltec_ros2/install/astra_msgs/lib/python3.8/site-packages/astra_msgs/srv/_get_serial.py
[4.913s] -- Installing: /home/wheeltec/wheeltec_ros2/install/astra_msgs/lib/python3.8/site-packages/astra_msgs/srv/__init__.py
[4.914s] -- Installing: /home/wheeltec/wheeltec_ros2/install/astra_msgs/lib/python3.8/site-packages/astra_msgs/srv/_set_uvc_exposure.py
[4.914s] -- Installing: /home/wheeltec/wheeltec_ros2/install/astra_msgs/lib/python3.8/site-packages/astra_msgs/srv/_reset_ir_exposure.py
[4.915s] -- Installing: /home/wheeltec/wheeltec_ros2/install/astra_msgs/lib/python3.8/site-packages/astra_msgs/srv/_get_uvc_white_balance.py
[4.916s] -- Installing: /home/wheeltec/wheeltec_ros2/install/astra_msgs/lib/python3.8/site-packages/astra_msgs/srv/_set_uvc_exposure_s.c
[4.917s] -- Installing: /home/wheeltec/wheeltec_ros2/install/astra_msgs/lib/python3.8/site-packages/astra_msgs/srv/_set_mirror_s.c
[4.918s] -- Installing: /home/wheeltec/wheeltec_ros2/install/astra_msgs/lib/python3.8/site-packages/astra_msgs/srv/_get_ir_gain.py
[4.918s] -- Installing: /home/wheeltec/wheeltec_ros2/install/astra_msgs/lib/python3.8/site-packages/astra_msgs/srv/_get_serial_s.c
[4.919s] -- Installing: /home/wheeltec/wheeltec_ros2/install/astra_msgs/lib/python3.8/site-packages/astra_msgs/srv/_set_ae_enable.py
[4.920s] -- Installing: /home/wheeltec/wheeltec_ros2/install/astra_msgs/lib/python3.8/site-packages/astra_msgs/srv/_set_ir_gain_s.c
[4.920s] -- Installing: /home/wheeltec/wheeltec_ros2/install/astra_msgs/lib/python3.8/site-packages/astra_msgs/srv/_set_uvc_gain_s.c
[4.920s] -- Installing: /home/wheeltec/wheeltec_ros2/install/astra_msgs/lib/python3.8/site-packages/astra_msgs/srv/_set_auto_exposure.py
[4.928s] -- Installing: /home/wheeltec/wheeltec_ros2/install/astra_msgs/lib/python3.8/site-packages/astra_msgs/srv/_set_ldp_s.c
[4.929s] -- Installing: /home/wheeltec/wheeltec_ros2/install/astra_msgs/lib/python3.8/site-packages/astra_msgs/srv/_set_laser.py
[4.929s] -- Installing: /home/wheeltec/wheeltec_ros2/install/astra_msgs/lib/python3.8/site-packages/astra_msgs/srv/_get_uvc_gain.py
[4.930s] -- Installing: /home/wheeltec/wheeltec_ros2/install/astra_msgs/lib/python3.8/site-packages/astra_msgs/srv/_get_uvc_exposure.py
[4.930s] -- Installing: /home/wheeltec/wheeltec_ros2/install/astra_msgs/lib/python3.8/site-packages/astra_msgs/srv/_reset_ir_gain.py
[4.931s] -- Installing: /home/wheeltec/wheeltec_ros2/install/astra_msgs/lib/python3.8/site-packages/astra_msgs/srv/_get_version_s.c
[4.931s] -- Installing: /home/wheeltec/wheeltec_ros2/install/astra_msgs/lib/python3.8/site-packages/astra_msgs/srv/_set_ldp.py
[4.932s] -- Installing: /home/wheeltec/wheeltec_ros2/install/astra_msgs/lib/python3.8/site-packages/astra_msgs/srv/_switch_ir_camera.py
[4.932s] -- Installing: /home/wheeltec/wheeltec_ros2/install/astra_msgs/lib/python3.8/site-packages/astra_msgs/srv/_get_uvc_exposure_s.c
[4.932s] -- Installing: /home/wheeltec/wheeltec_ros2/install/astra_msgs/lib/python3.8/site-packages/astra_msgs/srv/_get_uvc_white_balance_s.c
[4.933s] -- Installing: /home/wheeltec/wheeltec_ros2/install/astra_msgs/lib/python3.8/site-packages/astra_msgs/srv/_get_ir_exposure.py
[4.933s] -- Installing: /home/wheeltec/wheeltec_ros2/install/astra_msgs/lib/python3.8/site-packages/astra_msgs/srv/_set_laser_s.c
[4.933s] -- Installing: /home/wheeltec/wheeltec_ros2/install/astra_msgs/lib/python3.8/site-packages/astra_msgs/srv/_set_ir_exposure_s.c
[4.934s] -- Installing: /home/wheeltec/wheeltec_ros2/install/astra_msgs/lib/python3.8/site-packages/astra_msgs/srv/_set_ir_flood_s.c
[4.937s] -- Installing: /home/wheeltec/wheeltec_ros2/install/astra_msgs/lib/python3.8/site-packages/astra_msgs/srv/_get_camera_info_s.c
[4.938s] -- Installing: /home/wheeltec/wheeltec_ros2/install/astra_msgs/lib/python3.8/site-packages/astra_msgs/srv/_set_fan.py
[4.940s] -- Installing: /home/wheeltec/wheeltec_ros2/install/astra_msgs/lib/python3.8/site-packages/astra_msgs/srv/_get_camera_info.py
[4.941s] -- Installing: /home/wheeltec/wheeltec_ros2/install/astra_msgs/lib/python3.8/site-packages/astra_msgs/srv/_set_fan_s.c
[4.942s] -- Installing: /home/wheeltec/wheeltec_ros2/install/astra_msgs/lib/python3.8/site-packages/astra_msgs/srv/_set_uvc_white_balance.py
[4.945s] -- Installing: /home/wheeltec/wheeltec_ros2/install/astra_msgs/lib/python3.8/site-packages/astra_msgs/srv/_set_ir_flood.py
[4.945s] -- Installing: /home/wheeltec/wheeltec_ros2/install/astra_msgs/lib/python3.8/site-packages/astra_msgs/srv/_set_ae_enable_s.c
[4.947s] -- Installing: /home/wheeltec/wheeltec_ros2/install/astra_msgs/lib/python3.8/site-packages/astra_msgs/srv/_set_distortioncal_s.c
[4.950s] -- Installing: /home/wheeltec/wheeltec_ros2/install/astra_msgs/lib/python3.8/site-packages/astra_msgs/srv/_set_auto_white_balance_s.c
[4.951s] -- Installing: /home/wheeltec/wheeltec_ros2/install/astra_msgs/lib/python3.8/site-packages/astra_msgs/srv/_get_ir_gain_s.c
[4.951s] -- Installing: /home/wheeltec/wheeltec_ros2/install/astra_msgs/lib/python3.8/site-packages/astra_msgs/srv/_reset_ir_gain_s.c
[4.953s] -- Installing: /home/wheeltec/wheeltec_ros2/install/astra_msgs/lib/python3.8/site-packages/astra_msgs/srv/_set_uvc_gain.py
[4.957s] -- Installing: /home/wheeltec/wheeltec_ros2/install/astra_msgs/lib/python3.8/site-packages/astra_msgs/srv/_get_device_type_s.c
[4.958s] -- Installing: /home/wheeltec/wheeltec_ros2/install/astra_msgs/lib/python3.8/site-packages/astra_msgs/srv/_set_ir_exposure.py
[4.959s] -- Installing: /home/wheeltec/wheeltec_ros2/install/astra_msgs/lib/python3.8/site-packages/astra_msgs/srv/_set_ir_gain.py
[4.960s] -- Installing: /home/wheeltec/wheeltec_ros2/install/astra_msgs/lib/python3.8/site-packages/astra_msgs/srv/_get_version.py
[4.961s] -- Installing: /home/wheeltec/wheeltec_ros2/install/astra_msgs/lib/python3.8/site-packages/astra_msgs/srv/_get_uvc_gain_s.c
[4.961s] -- Installing: /home/wheeltec/wheeltec_ros2/install/astra_msgs/lib/python3.8/site-packages/astra_msgs/srv/_set_auto_white_balance.py
[4.964s] -- Installing: /home/wheeltec/wheeltec_ros2/install/astra_msgs/lib/python3.8/site-packages/astra_msgs/srv/_get_ir_exposure_s.c
[4.966s] -- Installing: /home/wheeltec/wheeltec_ros2/install/astra_msgs/lib/python3.8/site-packages/astra_msgs/astra_msgs_s__rosidl_typesupport_fastrtps_c.cpython-38-aarch64-linux-gnu.so
[4.973s] -- Set runtime path of "/home/wheeltec/wheeltec_ros2/install/astra_msgs/lib/python3.8/site-packages/astra_msgs/astra_msgs_s__rosidl_typesupport_fastrtps_c.cpython-38-aarch64-linux-gnu.so" to ""
[4.974s] -- Installing: /home/wheeltec/wheeltec_ros2/install/astra_msgs/lib/python3.8/site-packages/astra_msgs/astra_msgs_s__rosidl_typesupport_introspection_c.cpython-38-aarch64-linux-gnu.so
[4.976s] -- Set runtime path of "/home/wheeltec/wheeltec_ros2/install/astra_msgs/lib/python3.8/site-packages/astra_msgs/astra_msgs_s__rosidl_typesupport_introspection_c.cpython-38-aarch64-linux-gnu.so" to ""
[4.977s] -- Installing: /home/wheeltec/wheeltec_ros2/install/astra_msgs/lib/python3.8/site-packages/astra_msgs/astra_msgs_s__rosidl_typesupport_c.cpython-38-aarch64-linux-gnu.so
[4.980s] -- Set runtime path of "/home/wheeltec/wheeltec_ros2/install/astra_msgs/lib/python3.8/site-packages/astra_msgs/astra_msgs_s__rosidl_typesupport_c.cpython-38-aarch64-linux-gnu.so" to ""
[4.980s] -- Installing: /home/wheeltec/wheeltec_ros2/install/astra_msgs/lib/libastra_msgs__python.so
[4.982s] -- Set runtime path of "/home/wheeltec/wheeltec_ros2/install/astra_msgs/lib/libastra_msgs__python.so" to ""
[4.983s] -- Installing: /home/wheeltec/wheeltec_ros2/install/astra_msgs/share/astra_msgs/srv/GetCameraInfo.idl
[4.984s] -- Installing: /home/wheeltec/wheeltec_ros2/install/astra_msgs/share/astra_msgs/srv/GetDeviceType.idl
[4.985s] -- Installing: /home/wheeltec/wheeltec_ros2/install/astra_msgs/share/astra_msgs/srv/GetIRExposure.idl
[4.985s] -- Installing: /home/wheeltec/wheeltec_ros2/install/astra_msgs/share/astra_msgs/srv/GetIRGain.idl
[4.987s] -- Installing: /home/wheeltec/wheeltec_ros2/install/astra_msgs/share/astra_msgs/srv/GetSerial.idl
[4.989s] -- Installing: /home/wheeltec/wheeltec_ros2/install/astra_msgs/share/astra_msgs/srv/GetUVCExposure.idl
[4.990s] -- Installing: /home/wheeltec/wheeltec_ros2/install/astra_msgs/share/astra_msgs/srv/GetUVCGain.idl
[4.991s] -- Installing: /home/wheeltec/wheeltec_ros2/install/astra_msgs/share/astra_msgs/srv/GetUVCWhiteBalance.idl
[4.992s] -- Installing: /home/wheeltec/wheeltec_ros2/install/astra_msgs/share/astra_msgs/srv/GetVersion.idl
[4.992s] -- Installing: /home/wheeltec/wheeltec_ros2/install/astra_msgs/share/astra_msgs/srv/ResetIRExposure.idl
[4.993s] -- Installing: /home/wheeltec/wheeltec_ros2/install/astra_msgs/share/astra_msgs/srv/ResetIRGain.idl
[4.994s] -- Installing: /home/wheeltec/wheeltec_ros2/install/astra_msgs/share/astra_msgs/srv/SetAeEnable.idl
[4.995s] -- Installing: /home/wheeltec/wheeltec_ros2/install/astra_msgs/share/astra_msgs/srv/SetAutoExposure.idl
[4.996s] -- Installing: /home/wheeltec/wheeltec_ros2/install/astra_msgs/share/astra_msgs/srv/SetAutoWhiteBalance.idl
[4.997s] -- Installing: /home/wheeltec/wheeltec_ros2/install/astra_msgs/share/astra_msgs/srv/SetDistortioncal.idl
[5.004s] -- Installing: /home/wheeltec/wheeltec_ros2/install/astra_msgs/share/astra_msgs/srv/SetFan.idl
[5.005s] -- Installing: /home/wheeltec/wheeltec_ros2/install/astra_msgs/share/astra_msgs/srv/SetIRExposure.idl
[5.005s] -- Installing: /home/wheeltec/wheeltec_ros2/install/astra_msgs/share/astra_msgs/srv/SetIRFlood.idl
[5.005s] -- Installing: /home/wheeltec/wheeltec_ros2/install/astra_msgs/share/astra_msgs/srv/SetIRGain.idl
[5.006s] -- Installing: /home/wheeltec/wheeltec_ros2/install/astra_msgs/share/astra_msgs/srv/SetLaser.idl
[5.006s] -- Installing: /home/wheeltec/wheeltec_ros2/install/astra_msgs/share/astra_msgs/srv/SetLDP.idl
[5.006s] -- Installing: /home/wheeltec/wheeltec_ros2/install/astra_msgs/share/astra_msgs/srv/SetMirror.idl
[5.007s] -- Installing: /home/wheeltec/wheeltec_ros2/install/astra_msgs/share/astra_msgs/srv/SetUVCExposure.idl
[5.007s] -- Installing: /home/wheeltec/wheeltec_ros2/install/astra_msgs/share/astra_msgs/srv/SetUVCGain.idl
[5.008s] -- Installing: /home/wheeltec/wheeltec_ros2/install/astra_msgs/share/astra_msgs/srv/SetUVCWhiteBalance.idl
[5.009s] -- Installing: /home/wheeltec/wheeltec_ros2/install/astra_msgs/share/astra_msgs/srv/SwitchIRCamera.idl
[5.010s] -- Installing: /home/wheeltec/wheeltec_ros2/install/astra_msgs/share/astra_msgs/srv/GetCameraInfo.srv
[5.011s] -- Installing: /home/wheeltec/wheeltec_ros2/install/astra_msgs/share/astra_msgs/srv/GetCameraInfo_Request.msg
[5.012s] -- Installing: /home/wheeltec/wheeltec_ros2/install/astra_msgs/share/astra_msgs/srv/GetCameraInfo_Response.msg
[5.019s] -- Installing: /home/wheeltec/wheeltec_ros2/install/astra_msgs/share/astra_msgs/srv/GetDeviceType.srv
[5.020s] -- Installing: /home/wheeltec/wheeltec_ros2/install/astra_msgs/share/astra_msgs/srv/GetDeviceType_Request.msg
[5.021s] -- Installing: /home/wheeltec/wheeltec_ros2/install/astra_msgs/share/astra_msgs/srv/GetDeviceType_Response.msg
[5.021s] -- Installing: /home/wheeltec/wheeltec_ros2/install/astra_msgs/share/astra_msgs/srv/GetIRExposure.srv
[5.022s] -- Installing: /home/wheeltec/wheeltec_ros2/install/astra_msgs/share/astra_msgs/srv/GetIRExposure_Request.msg
[5.023s] -- Installing: /home/wheeltec/wheeltec_ros2/install/astra_msgs/share/astra_msgs/srv/GetIRExposure_Response.msg
[5.023s] -- Installing: /home/wheeltec/wheeltec_ros2/install/astra_msgs/share/astra_msgs/srv/GetIRGain.srv
[5.024s] -- Installing: /home/wheeltec/wheeltec_ros2/install/astra_msgs/share/astra_msgs/srv/GetIRGain_Request.msg
[5.024s] -- Installing: /home/wheeltec/wheeltec_ros2/install/astra_msgs/share/astra_msgs/srv/GetIRGain_Response.msg
[5.025s] -- Installing: /home/wheeltec/wheeltec_ros2/install/astra_msgs/share/astra_msgs/srv/GetSerial.srv
[5.026s] -- Installing: /home/wheeltec/wheeltec_ros2/install/astra_msgs/share/astra_msgs/srv/GetSerial_Request.msg
[5.026s] -- Installing: /home/wheeltec/wheeltec_ros2/install/astra_msgs/share/astra_msgs/srv/GetSerial_Response.msg
[5.028s] -- Installing: /home/wheeltec/wheeltec_ros2/install/astra_msgs/share/astra_msgs/srv/GetUVCExposure.srv
[5.029s] -- Installing: /home/wheeltec/wheeltec_ros2/install/astra_msgs/share/astra_msgs/srv/GetUVCExposure_Request.msg
[5.030s] -- Installing: /home/wheeltec/wheeltec_ros2/install/astra_msgs/share/astra_msgs/srv/GetUVCExposure_Response.msg
[5.031s] -- Installing: /home/wheeltec/wheeltec_ros2/install/astra_msgs/share/astra_msgs/srv/GetUVCGain.srv
[5.032s] -- Installing: /home/wheeltec/wheeltec_ros2/install/astra_msgs/share/astra_msgs/srv/GetUVCGain_Request.msg
[5.033s] -- Installing: /home/wheeltec/wheeltec_ros2/install/astra_msgs/share/astra_msgs/srv/GetUVCGain_Response.msg
[5.033s] -- Installing: /home/wheeltec/wheeltec_ros2/install/astra_msgs/share/astra_msgs/srv/GetUVCWhiteBalance.srv
[5.034s] -- Installing: /home/wheeltec/wheeltec_ros2/install/astra_msgs/share/astra_msgs/srv/GetUVCWhiteBalance_Request.msg
[5.035s] -- Installing: /home/wheeltec/wheeltec_ros2/install/astra_msgs/share/astra_msgs/srv/GetUVCWhiteBalance_Response.msg
[5.035s] -- Installing: /home/wheeltec/wheeltec_ros2/install/astra_msgs/share/astra_msgs/srv/GetVersion.srv
[5.046s] -- Installing: /home/wheeltec/wheeltec_ros2/install/astra_msgs/share/astra_msgs/srv/GetVersion_Request.msg
[5.047s] -- Installing: /home/wheeltec/wheeltec_ros2/install/astra_msgs/share/astra_msgs/srv/GetVersion_Response.msg
[5.048s] -- Installing: /home/wheeltec/wheeltec_ros2/install/astra_msgs/share/astra_msgs/srv/ResetIRExposure.srv
[5.050s] -- Installing: /home/wheeltec/wheeltec_ros2/install/astra_msgs/share/astra_msgs/srv/ResetIRExposure_Request.msg
[5.052s] -- Installing: /home/wheeltec/wheeltec_ros2/install/astra_msgs/share/astra_msgs/srv/ResetIRExposure_Response.msg
[5.054s] -- Installing: /home/wheeltec/wheeltec_ros2/install/astra_msgs/share/astra_msgs/srv/ResetIRGain.srv
[5.056s] -- Installing: /home/wheeltec/wheeltec_ros2/install/astra_msgs/share/astra_msgs/srv/ResetIRGain_Request.msg
[5.057s] -- Installing: /home/wheeltec/wheeltec_ros2/install/astra_msgs/share/astra_msgs/srv/ResetIRGain_Response.msg
[5.060s] -- Installing: /home/wheeltec/wheeltec_ros2/install/astra_msgs/share/astra_msgs/srv/SetAeEnable.srv
[5.062s] -- Installing: /home/wheeltec/wheeltec_ros2/install/astra_msgs/share/astra_msgs/srv/SetAeEnable_Request.msg
[5.064s] -- Installing: /home/wheeltec/wheeltec_ros2/install/astra_msgs/share/astra_msgs/srv/SetAeEnable_Response.msg
[5.064s] -- Installing: /home/wheeltec/wheeltec_ros2/install/astra_msgs/share/astra_msgs/srv/SetAutoExposure.srv
[5.065s] -- Installing: /home/wheeltec/wheeltec_ros2/install/astra_msgs/share/astra_msgs/srv/SetAutoExposure_Request.msg
[5.066s] -- Installing: /home/wheeltec/wheeltec_ros2/install/astra_msgs/share/astra_msgs/srv/SetAutoExposure_Response.msg
[5.067s] -- Installing: /home/wheeltec/wheeltec_ros2/install/astra_msgs/share/astra_msgs/srv/SetAutoWhiteBalance.srv
[5.068s] -- Installing: /home/wheeltec/wheeltec_ros2/install/astra_msgs/share/astra_msgs/srv/SetAutoWhiteBalance_Request.msg
[5.069s] -- Installing: /home/wheeltec/wheeltec_ros2/install/astra_msgs/share/astra_msgs/srv/SetAutoWhiteBalance_Response.msg
[5.071s] -- Installing: /home/wheeltec/wheeltec_ros2/install/astra_msgs/share/astra_msgs/srv/SetDistortioncal.srv
[5.073s] -- Installing: /home/wheeltec/wheeltec_ros2/install/astra_msgs/share/astra_msgs/srv/SetDistortioncal_Request.msg
[5.075s] -- Installing: /home/wheeltec/wheeltec_ros2/install/astra_msgs/share/astra_msgs/srv/SetDistortioncal_Response.msg
[5.077s] -- Installing: /home/wheeltec/wheeltec_ros2/install/astra_msgs/share/astra_msgs/srv/SetFan.srv
[5.078s] -- Installing: /home/wheeltec/wheeltec_ros2/install/astra_msgs/share/astra_msgs/srv/SetFan_Request.msg
[5.079s] -- Installing: /home/wheeltec/wheeltec_ros2/install/astra_msgs/share/astra_msgs/srv/SetFan_Response.msg
[5.080s] -- Installing: /home/wheeltec/wheeltec_ros2/install/astra_msgs/share/astra_msgs/srv/SetIRExposure.srv
[5.080s] -- Installing: /home/wheeltec/wheeltec_ros2/install/astra_msgs/share/astra_msgs/srv/SetIRExposure_Request.msg
[5.081s] -- Installing: /home/wheeltec/wheeltec_ros2/install/astra_msgs/share/astra_msgs/srv/SetIRExposure_Response.msg
[5.084s] -- Installing: /home/wheeltec/wheeltec_ros2/install/astra_msgs/share/astra_msgs/srv/SetIRFlood.srv
[5.085s] -- Installing: /home/wheeltec/wheeltec_ros2/install/astra_msgs/share/astra_msgs/srv/SetIRFlood_Request.msg
[5.087s] -- Installing: /home/wheeltec/wheeltec_ros2/install/astra_msgs/share/astra_msgs/srv/SetIRFlood_Response.msg
[5.088s] -- Installing: /home/wheeltec/wheeltec_ros2/install/astra_msgs/share/astra_msgs/srv/SetIRGain.srv
[5.089s] -- Installing: /home/wheeltec/wheeltec_ros2/install/astra_msgs/share/astra_msgs/srv/SetIRGain_Request.msg
[5.091s] -- Installing: /home/wheeltec/wheeltec_ros2/install/astra_msgs/share/astra_msgs/srv/SetIRGain_Response.msg
[5.093s] -- Installing: /home/wheeltec/wheeltec_ros2/install/astra_msgs/share/astra_msgs/srv/SetLaser.srv
[5.095s] -- Installing: /home/wheeltec/wheeltec_ros2/install/astra_msgs/share/astra_msgs/srv/SetLaser_Request.msg
[5.096s] -- Installing: /home/wheeltec/wheeltec_ros2/install/astra_msgs/share/astra_msgs/srv/SetLaser_Response.msg
[5.099s] -- Installing: /home/wheeltec/wheeltec_ros2/install/astra_msgs/share/astra_msgs/srv/SetLDP.srv
[5.100s] -- Installing: /home/wheeltec/wheeltec_ros2/install/astra_msgs/share/astra_msgs/srv/SetLDP_Request.msg
[5.101s] -- Installing: /home/wheeltec/wheeltec_ros2/install/astra_msgs/share/astra_msgs/srv/SetLDP_Response.msg
[5.106s] -- Installing: /home/wheeltec/wheeltec_ros2/install/astra_msgs/share/astra_msgs/srv/SetMirror.srv
[5.106s] -- Installing: /home/wheeltec/wheeltec_ros2/install/astra_msgs/share/astra_msgs/srv/SetMirror_Request.msg
[5.107s] -- Installing: /home/wheeltec/wheeltec_ros2/install/astra_msgs/share/astra_msgs/srv/SetMirror_Response.msg
[5.108s] -- Installing: /home/wheeltec/wheeltec_ros2/install/astra_msgs/share/astra_msgs/srv/SetUVCExposure.srv
[5.109s] -- Installing: /home/wheeltec/wheeltec_ros2/install/astra_msgs/share/astra_msgs/srv/SetUVCExposure_Request.msg
[5.109s] -- Installing: /home/wheeltec/wheeltec_ros2/install/astra_msgs/share/astra_msgs/srv/SetUVCExposure_Response.msg
[5.110s] -- Installing: /home/wheeltec/wheeltec_ros2/install/astra_msgs/share/astra_msgs/srv/SetUVCGain.srv
[5.117s] -- Installing: /home/wheeltec/wheeltec_ros2/install/astra_msgs/share/astra_msgs/srv/SetUVCGain_Request.msg
[5.118s] -- Installing: /home/wheeltec/wheeltec_ros2/install/astra_msgs/share/astra_msgs/srv/SetUVCGain_Response.msg
[5.121s] -- Installing: /home/wheeltec/wheeltec_ros2/install/astra_msgs/share/astra_msgs/srv/SetUVCWhiteBalance.srv
[5.122s] -- Installing: /home/wheeltec/wheeltec_ros2/install/astra_msgs/share/astra_msgs/srv/SetUVCWhiteBalance_Request.msg
[5.123s] -- Installing: /home/wheeltec/wheeltec_ros2/install/astra_msgs/share/astra_msgs/srv/SetUVCWhiteBalance_Response.msg
[5.124s] -- Installing: /home/wheeltec/wheeltec_ros2/install/astra_msgs/share/astra_msgs/srv/SwitchIRCamera.srv
[5.124s] -- Installing: /home/wheeltec/wheeltec_ros2/install/astra_msgs/share/astra_msgs/srv/SwitchIRCamera_Request.msg
[5.125s] -- Installing: /home/wheeltec/wheeltec_ros2/install/astra_msgs/share/astra_msgs/srv/SwitchIRCamera_Response.msg
[5.126s] -- Installing: /home/wheeltec/wheeltec_ros2/install/astra_msgs/share/ament_index/resource_index/package_run_dependencies/astra_msgs
[5.131s] -- Installing: /home/wheeltec/wheeltec_ros2/install/astra_msgs/share/ament_index/resource_index/parent_prefix_path/astra_msgs
[5.132s] -- Installing: /home/wheeltec/wheeltec_ros2/install/astra_msgs/share/astra_msgs/environment/ament_prefix_path.sh
[5.134s] -- Installing: /home/wheeltec/wheeltec_ros2/install/astra_msgs/share/astra_msgs/environment/ament_prefix_path.dsv
[5.135s] -- Installing: /home/wheeltec/wheeltec_ros2/install/astra_msgs/share/astra_msgs/environment/path.sh
[5.136s] -- Installing: /home/wheeltec/wheeltec_ros2/install/astra_msgs/share/astra_msgs/environment/path.dsv
[5.137s] -- Installing: /home/wheeltec/wheeltec_ros2/install/astra_msgs/share/astra_msgs/local_setup.bash
[5.137s] -- Installing: /home/wheeltec/wheeltec_ros2/install/astra_msgs/share/astra_msgs/local_setup.sh
[5.138s] -- Installing: /home/wheeltec/wheeltec_ros2/install/astra_msgs/share/astra_msgs/local_setup.zsh
[5.139s] -- Installing: /home/wheeltec/wheeltec_ros2/install/astra_msgs/share/astra_msgs/local_setup.dsv
[5.141s] -- Installing: /home/wheeltec/wheeltec_ros2/install/astra_msgs/share/astra_msgs/package.dsv
[5.155s] -- Installing: /home/wheeltec/wheeltec_ros2/install/astra_msgs/share/ament_index/resource_index/packages/astra_msgs
[5.164s] -- Installing: /home/wheeltec/wheeltec_ros2/install/astra_msgs/share/astra_msgs/cmake/astra_msgs__rosidl_generator_cExport.cmake
[5.165s] -- Installing: /home/wheeltec/wheeltec_ros2/install/astra_msgs/share/astra_msgs/cmake/astra_msgs__rosidl_generator_cExport-noconfig.cmake
[5.176s] -- Installing: /home/wheeltec/wheeltec_ros2/install/astra_msgs/share/astra_msgs/cmake/astra_msgs__rosidl_typesupport_introspection_cExport.cmake
[5.191s] -- Installing: /home/wheeltec/wheeltec_ros2/install/astra_msgs/share/astra_msgs/cmake/astra_msgs__rosidl_typesupport_introspection_cExport-noconfig.cmake
[5.193s] -- Installing: /home/wheeltec/wheeltec_ros2/install/astra_msgs/share/astra_msgs/cmake/astra_msgs__rosidl_typesupport_cExport.cmake
[5.194s] -- Installing: /home/wheeltec/wheeltec_ros2/install/astra_msgs/share/astra_msgs/cmake/astra_msgs__rosidl_typesupport_cExport-noconfig.cmake
[5.195s] -- Installing: /home/wheeltec/wheeltec_ros2/install/astra_msgs/share/astra_msgs/cmake/astra_msgs__rosidl_generator_cppExport.cmake
[5.195s] -- Installing: /home/wheeltec/wheeltec_ros2/install/astra_msgs/share/astra_msgs/cmake/astra_msgs__rosidl_typesupport_introspection_cppExport.cmake
[5.196s] -- Installing: /home/wheeltec/wheeltec_ros2/install/astra_msgs/share/astra_msgs/cmake/astra_msgs__rosidl_typesupport_introspection_cppExport-noconfig.cmake
[5.197s] -- Installing: /home/wheeltec/wheeltec_ros2/install/astra_msgs/share/astra_msgs/cmake/astra_msgs__rosidl_typesupport_cppExport.cmake
[5.197s] -- Installing: /home/wheeltec/wheeltec_ros2/install/astra_msgs/share/astra_msgs/cmake/astra_msgs__rosidl_typesupport_cppExport-noconfig.cmake
[5.198s] -- Installing: /home/wheeltec/wheeltec_ros2/install/astra_msgs/share/astra_msgs/cmake/rosidl_cmake-extras.cmake
[5.199s] -- Installing: /home/wheeltec/wheeltec_ros2/install/astra_msgs/share/astra_msgs/cmake/ament_cmake_export_dependencies-extras.cmake
[5.199s] -- Installing: /home/wheeltec/wheeltec_ros2/install/astra_msgs/share/astra_msgs/cmake/ament_cmake_export_libraries-extras.cmake
[5.200s] -- Installing: /home/wheeltec/wheeltec_ros2/install/astra_msgs/share/astra_msgs/cmake/ament_cmake_export_targets-extras.cmake
[5.201s] -- Installing: /home/wheeltec/wheeltec_ros2/install/astra_msgs/share/astra_msgs/cmake/ament_cmake_export_include_directories-extras.cmake
[5.201s] -- Installing: /home/wheeltec/wheeltec_ros2/install/astra_msgs/share/astra_msgs/cmake/rosidl_cmake_export_typesupport_libraries-extras.cmake
[5.202s] -- Installing: /home/wheeltec/wheeltec_ros2/install/astra_msgs/share/astra_msgs/cmake/rosidl_cmake_export_typesupport_targets-extras.cmake
[5.203s] -- Installing: /home/wheeltec/wheeltec_ros2/install/astra_msgs/share/astra_msgs/cmake/astra_msgsConfig.cmake
[5.204s] -- Installing: /home/wheeltec/wheeltec_ros2/install/astra_msgs/share/astra_msgs/cmake/astra_msgsConfig-version.cmake
[5.204s] -- Installing: /home/wheeltec/wheeltec_ros2/install/astra_msgs/share/astra_msgs/package.xml
[5.319s] Invoked command in '/home/wheeltec/wheeltec_ros2/build/astra_msgs' returned '0': CMAKE_PREFIX_PATH=/opt/ros/galactic /usr/bin/cmake --install /home/wheeltec/wheeltec_ros2/build/astra_msgs
