[0.225s] Invoking command in '/home/wheeltec/wheeltec_ros2/build/pcl_ros': CMAKE_PREFIX_PATH=/home/wheeltec/wheeltec_ros2/install/pcl_conversions:/home/wheeltec/wheeltec_ros2/install/wheeltec_slam_toolbox:/home/wheeltec/wheeltec_ros2/install/wheeltec_rrt_msg:/home/wheeltec/wheeltec_ros2/install/wheeltec_robot_urdf:/home/wheeltec/wheeltec_ros2/install/wheeltec_robot_rtab:/home/wheeltec/wheeltec_ros2/install/wheeltec_robot_rrt:/home/wheeltec/wheeltec_ros2/install/turn_on_wheeltec_robot:/home/wheeltec/wheeltec_ros2/install/wheeltec_robot_msg:/home/wheeltec/wheeltec_ros2/install/wheeltec_nav2:/home/wheeltec/wheeltec_ros2/install/wheeltec_joy:/home/wheeltec/wheeltec_ros2/install/wheeltec_cartographer:/home/wheeltec/wheeltec_ros2/install/web_video_server:/home/wheeltec/wheeltec_ros2/install/usb_cam:/home/wheeltec/wheeltec_ros2/install/slam_gmapping:/home/wheeltec/wheeltec_ros2/install/serial:/home/wheeltec/wheeltec_ros2/install/rplidar_ros2:/home/wheeltec/wheeltec_ros2/install/ros2_astra_camera:/home/wheeltec/wheeltec_ros2/install/ar_track_alvar:/home/wheeltec/wheeltec_ros2/install/perception_pcl:/home/wheeltec/wheeltec_ros2/install/pcl_ros:/home/wheeltec/wheeltec_ros2/install/lslidar_driver:/home/wheeltec/wheeltec_ros2/install/openslam_gmapping:/home/wheeltec/wheeltec_ros2/install/nav2_system_tests:/home/wheeltec/wheeltec_ros2/install/nav2_bringup:/home/wheeltec/wheeltec_ros2/install/navigation2:/home/wheeltec/wheeltec_ros2/install/nav2_dwb_controller:/home/wheeltec/wheeltec_ros2/install/nav2_controller:/home/wheeltec/wheeltec_ros2/install/dwb_plugins:/home/wheeltec/wheeltec_ros2/install/dwb_critics:/home/wheeltec/wheeltec_ros2/install/dwb_core:/home/wheeltec/wheeltec_ros2/install/nav_2d_utils:/home/wheeltec/wheeltec_ros2/install/dwb_msgs:/home/wheeltec/wheeltec_ros2/install/nav_2d_msgs:/home/wheeltec/wheeltec_ros2/install/nav2_waypoint_follower:/home/wheeltec/wheeltec_ros2/install/nav2_theta_star_planner:/home/wheeltec/wheeltec_ros2/install/nav2_smac_planner:/home/wheeltec/wheeltec_ros2/install/nav2_rotation_shim_controller:/home/wheeltec/wheeltec_ros2/install/nav2_regulated_pure_pursuit_controller:/home/wheeltec/wheeltec_ros2/install/nav2_recoveries:/home/wheeltec/wheeltec_ros2/install/nav2_planner:/home/wheeltec/wheeltec_ros2/install/nav2_navfn_planner:/home/wheeltec/wheeltec_ros2/install/nav2_bt_navigator:/home/wheeltec/wheeltec_ros2/install/nav2_core:/home/wheeltec/wheeltec_ros2/install/costmap_queue:/home/wheeltec/wheeltec_ros2/install/nav2_costmap_2d:/home/wheeltec/wheeltec_ros2/install/nav2_voxel_grid:/home/wheeltec/wheeltec_ros2/install/nav2_rviz_plugins:/home/wheeltec/wheeltec_ros2/install/nav2_map_server:/home/wheeltec/wheeltec_ros2/install/nav2_lifecycle_manager:/home/wheeltec/wheeltec_ros2/install/nav2_behavior_tree:/home/wheeltec/wheeltec_ros2/install/nav2_amcl:/home/wheeltec/wheeltec_ros2/install/nav2_util:/home/wheeltec/wheeltec_ros2/install/nav2_msgs:/home/wheeltec/wheeltec_ros2/install/nav2_common:/home/wheeltec/wheeltec_ros2/install/lsn10:/home/wheeltec/wheeltec_ros2/install/lsm10_v2:/home/wheeltec/wheeltec_ros2/install/lslidar_msgs:/home/wheeltec/wheeltec_ros2/install/lidar_ros2:/home/wheeltec/wheeltec_ros2/install/ldlidar_stl_ros2:/home/wheeltec/wheeltec_ros2/install/ldlidar_sl_ros2:/home/wheeltec/wheeltec_ros2/install/astra_msgs:/home/wheeltec/wheeltec_ros2/install/astra_camera:/home/wheeltec/wheeltec_ros2/install/astra_camera_msgs:/home/wheeltec/wheeltec_ros2/install/ar_track_alvar_msgs:/home/wheeltec/wheeltec_ros2/install/ackermann_msgs:/home/wheeltec/wheeltec_ros2/install/simple_follower_ros2:/home/wheeltec/wheeltec_ros2/install/wheeltec_robot_keyboard:/home/wheeltec/wheeltec_ros2/install/tf2_tools:/home/wheeltec/wheeltec_ros2/install/nav2_simple_commander:/home/wheeltec/wheeltec_ros2/install/nav2_gazebo_spawner:/opt/ros/galactic /usr/bin/cmake --build /home/wheeltec/wheeltec_ros2/build/pcl_ros -- -j4 -l4
[0.777s] -- Eigen found (include: /usr/include/eigen3, version: 3.3.7)
[1.711s] -- The imported target "vtkParseOGLExt" references the file
[1.712s]    "/usr/bin/vtkParseOGLExt-7.1"
[1.713s] but this file does not exist.  Possible reasons include:
[1.713s] * The file was deleted, renamed, or moved to another location.
[1.714s] * An install or uninstall procedure did not complete successfully.
[1.714s] * The installation package was faulty and contained
[1.714s]    "/usr/lib/cmake/vtk-7.1/VTKTargets.cmake"
[1.715s] but not all the files it references.
[1.715s] 
[1.741s] -- The imported target "vtkRenderingPythonTkWidgets" references the file
[1.742s]    "/usr/lib/aarch64-linux-gnu/libvtkRenderingPythonTkWidgets.so"
[1.743s] but this file does not exist.  Possible reasons include:
[1.743s] * The file was deleted, renamed, or moved to another location.
[1.744s] * An install or uninstall procedure did not complete successfully.
[1.744s] * The installation package was faulty and contained
[1.744s]    "/usr/lib/cmake/vtk-7.1/VTKTargets.cmake"
[1.745s] but not all the files it references.
[1.745s] 
[1.747s] -- The imported target "vtk" references the file
[1.748s]    "/usr/bin/vtk"
[1.748s] but this file does not exist.  Possible reasons include:
[1.749s] * The file was deleted, renamed, or moved to another location.
[1.749s] * An install or uninstall procedure did not complete successfully.
[1.749s] * The installation package was faulty and contained
[1.749s]    "/usr/lib/cmake/vtk-7.1/VTKTargets.cmake"
[1.750s] but not all the files it references.
[1.750s] 
[1.750s] -- The imported target "pvtk" references the file
[1.751s]    "/usr/bin/pvtk"
[1.751s] but this file does not exist.  Possible reasons include:
[1.751s] * The file was deleted, renamed, or moved to another location.
[1.752s] * An install or uninstall procedure did not complete successfully.
[1.752s] * The installation package was faulty and contained
[1.752s]    "/usr/lib/cmake/vtk-7.1/VTKTargets.cmake"
[1.753s] but not all the files it references.
[1.753s] 
[2.093s] -- OpenNI found (include: /usr/include/ni, lib: /usr/lib/libOpenNI.so)
[2.145s] -- OpenNI2 found (include: /usr/include/openni2, lib: /usr/lib/libOpenNI2.so)
[2.332s] -- QHULL found (include: /usr/include, lib: optimized;/usr/lib/aarch64-linux-gnu/libqhull.so;debug;/usr/lib/aarch64-linux-gnu/libqhull.so)
[2.361s] -- Could NOT find PCL_CORE (missing: PCL_CORE_LIBRARY PCL_CORE_INCLUDE_DIR) 
[2.468s] -- Found ament_cmake_ros: 0.9.2 (/opt/ros/galactic/share/ament_cmake_ros/cmake)
[2.750s] -- Using PYTHON_EXECUTABLE: /usr/bin/python3
[3.630s] -- Found pcl_conversions: 2.2.1 (/home/wheeltec/wheeltec_ros2/install/pcl_conversions/share/pcl_conversions/cmake)
[4.087s] -- Using all available rosidl_typesupport_c: rosidl_typesupport_fastrtps_c;rosidl_typesupport_introspection_c
[4.117s] -- Found rosidl_adapter: 2.2.3 (/opt/ros/galactic/share/rosidl_adapter/cmake)
[5.806s] -- Using all available rosidl_typesupport_cpp: rosidl_typesupport_fastrtps_cpp;rosidl_typesupport_introspection_cpp
[6.362s] -- Found rmw_implementation_cmake: 3.3.1 (/opt/ros/galactic/share/rmw_implementation_cmake/cmake)
[6.417s] -- Found rmw_cyclonedds_cpp: 0.22.6 (/opt/ros/galactic/share/rmw_cyclonedds_cpp/cmake)
[6.669s] -- Using RMW implementation 'rmw_cyclonedds_cpp' as default
[11.698s] -- Found tf2: 0.17.5 (/opt/ros/galactic/share/tf2/cmake)
[11.826s] -- Found tf2_geometry_msgs: 0.17.5 (/opt/ros/galactic/share/tf2_geometry_msgs/cmake)
[11.911s] -- Found eigen3_cmake_module: 0.1.1 (/opt/ros/galactic/share/eigen3_cmake_module/cmake)
[16.885s] -- Found ament_lint_auto: 0.10.7 (/opt/ros/galactic/share/ament_lint_auto/cmake)
[17.909s] -- Added test 'cppcheck' to perform static code analysis on C / C++ code
[17.929s] -- Configured cppcheck include dirs: /home/wheeltec/wheeltec_ros2/src/ar_track/ar_track_alvar-ros2-devel/perception_pcl-foxy-devel/perception_pcl-foxy-devel/pcl_ros/include
[17.929s] -- Configured cppcheck exclude dirs and/or files: 
[18.053s] -- Added test 'cpplint' to check C / C++ code against the Google style
[18.054s] -- Configured cpplint exclude dirs and/or files: 
[18.062s] -- Added test 'flake8' to check Python code syntax and style conventions
[18.086s] -- Added test 'lint_cmake' to check CMake code style
[18.105s] -- Added test 'pep257' to check Python code against some of the style conventions in PEP 257
[18.189s] -- Added test 'uncrustify' to check C / C++ code style
[18.190s] -- Configured uncrustify additional arguments: 
[18.210s] -- Added test 'xmllint' to check XML markup files
[18.269s] -- Configuring done
[18.776s] -- Generating done
[18.802s] -- Build files have been written to: /home/wheeltec/wheeltec_ros2/build/pcl_ros
[19.309s] [35m[1mScanning dependencies of target pcl_ros_tf[0m
[20.199s] [ 50%] [32mBuilding CXX object CMakeFiles/pcl_ros_tf.dir/src/transforms.cpp.o[0m
[79.354s] [100%] [32m[1mLinking CXX shared library libpcl_ros_tf.so[0m
[82.050s] [100%] Built target pcl_ros_tf
[82.123s] Invoked command in '/home/wheeltec/wheeltec_ros2/build/pcl_ros' returned '0': CMAKE_PREFIX_PATH=/home/wheeltec/wheeltec_ros2/install/pcl_conversions:/home/wheeltec/wheeltec_ros2/install/wheeltec_slam_toolbox:/home/wheeltec/wheeltec_ros2/install/wheeltec_rrt_msg:/home/wheeltec/wheeltec_ros2/install/wheeltec_robot_urdf:/home/wheeltec/wheeltec_ros2/install/wheeltec_robot_rtab:/home/wheeltec/wheeltec_ros2/install/wheeltec_robot_rrt:/home/wheeltec/wheeltec_ros2/install/turn_on_wheeltec_robot:/home/wheeltec/wheeltec_ros2/install/wheeltec_robot_msg:/home/wheeltec/wheeltec_ros2/install/wheeltec_nav2:/home/wheeltec/wheeltec_ros2/install/wheeltec_joy:/home/wheeltec/wheeltec_ros2/install/wheeltec_cartographer:/home/wheeltec/wheeltec_ros2/install/web_video_server:/home/wheeltec/wheeltec_ros2/install/usb_cam:/home/wheeltec/wheeltec_ros2/install/slam_gmapping:/home/wheeltec/wheeltec_ros2/install/serial:/home/wheeltec/wheeltec_ros2/install/rplidar_ros2:/home/wheeltec/wheeltec_ros2/install/ros2_astra_camera:/home/wheeltec/wheeltec_ros2/install/ar_track_alvar:/home/wheeltec/wheeltec_ros2/install/perception_pcl:/home/wheeltec/wheeltec_ros2/install/pcl_ros:/home/wheeltec/wheeltec_ros2/install/lslidar_driver:/home/wheeltec/wheeltec_ros2/install/openslam_gmapping:/home/wheeltec/wheeltec_ros2/install/nav2_system_tests:/home/wheeltec/wheeltec_ros2/install/nav2_bringup:/home/wheeltec/wheeltec_ros2/install/navigation2:/home/wheeltec/wheeltec_ros2/install/nav2_dwb_controller:/home/wheeltec/wheeltec_ros2/install/nav2_controller:/home/wheeltec/wheeltec_ros2/install/dwb_plugins:/home/wheeltec/wheeltec_ros2/install/dwb_critics:/home/wheeltec/wheeltec_ros2/install/dwb_core:/home/wheeltec/wheeltec_ros2/install/nav_2d_utils:/home/wheeltec/wheeltec_ros2/install/dwb_msgs:/home/wheeltec/wheeltec_ros2/install/nav_2d_msgs:/home/wheeltec/wheeltec_ros2/install/nav2_waypoint_follower:/home/wheeltec/wheeltec_ros2/install/nav2_theta_star_planner:/home/wheeltec/wheeltec_ros2/install/nav2_smac_planner:/home/wheeltec/wheeltec_ros2/install/nav2_rotation_shim_controller:/home/wheeltec/wheeltec_ros2/install/nav2_regulated_pure_pursuit_controller:/home/wheeltec/wheeltec_ros2/install/nav2_recoveries:/home/wheeltec/wheeltec_ros2/install/nav2_planner:/home/wheeltec/wheeltec_ros2/install/nav2_navfn_planner:/home/wheeltec/wheeltec_ros2/install/nav2_bt_navigator:/home/wheeltec/wheeltec_ros2/install/nav2_core:/home/wheeltec/wheeltec_ros2/install/costmap_queue:/home/wheeltec/wheeltec_ros2/install/nav2_costmap_2d:/home/wheeltec/wheeltec_ros2/install/nav2_voxel_grid:/home/wheeltec/wheeltec_ros2/install/nav2_rviz_plugins:/home/wheeltec/wheeltec_ros2/install/nav2_map_server:/home/wheeltec/wheeltec_ros2/install/nav2_lifecycle_manager:/home/wheeltec/wheeltec_ros2/install/nav2_behavior_tree:/home/wheeltec/wheeltec_ros2/install/nav2_amcl:/home/wheeltec/wheeltec_ros2/install/nav2_util:/home/wheeltec/wheeltec_ros2/install/nav2_msgs:/home/wheeltec/wheeltec_ros2/install/nav2_common:/home/wheeltec/wheeltec_ros2/install/lsn10:/home/wheeltec/wheeltec_ros2/install/lsm10_v2:/home/wheeltec/wheeltec_ros2/install/lslidar_msgs:/home/wheeltec/wheeltec_ros2/install/lidar_ros2:/home/wheeltec/wheeltec_ros2/install/ldlidar_stl_ros2:/home/wheeltec/wheeltec_ros2/install/ldlidar_sl_ros2:/home/wheeltec/wheeltec_ros2/install/astra_msgs:/home/wheeltec/wheeltec_ros2/install/astra_camera:/home/wheeltec/wheeltec_ros2/install/astra_camera_msgs:/home/wheeltec/wheeltec_ros2/install/ar_track_alvar_msgs:/home/wheeltec/wheeltec_ros2/install/ackermann_msgs:/home/wheeltec/wheeltec_ros2/install/simple_follower_ros2:/home/wheeltec/wheeltec_ros2/install/wheeltec_robot_keyboard:/home/wheeltec/wheeltec_ros2/install/tf2_tools:/home/wheeltec/wheeltec_ros2/install/nav2_simple_commander:/home/wheeltec/wheeltec_ros2/install/nav2_gazebo_spawner:/opt/ros/galactic /usr/bin/cmake --build /home/wheeltec/wheeltec_ros2/build/pcl_ros -- -j4 -l4
[82.305s] Invoking command in '/home/wheeltec/wheeltec_ros2/build/pcl_ros': CMAKE_PREFIX_PATH=/home/wheeltec/wheeltec_ros2/install/pcl_conversions:/home/wheeltec/wheeltec_ros2/install/wheeltec_slam_toolbox:/home/wheeltec/wheeltec_ros2/install/wheeltec_rrt_msg:/home/wheeltec/wheeltec_ros2/install/wheeltec_robot_urdf:/home/wheeltec/wheeltec_ros2/install/wheeltec_robot_rtab:/home/wheeltec/wheeltec_ros2/install/wheeltec_robot_rrt:/home/wheeltec/wheeltec_ros2/install/turn_on_wheeltec_robot:/home/wheeltec/wheeltec_ros2/install/wheeltec_robot_msg:/home/wheeltec/wheeltec_ros2/install/wheeltec_nav2:/home/wheeltec/wheeltec_ros2/install/wheeltec_joy:/home/wheeltec/wheeltec_ros2/install/wheeltec_cartographer:/home/wheeltec/wheeltec_ros2/install/web_video_server:/home/wheeltec/wheeltec_ros2/install/usb_cam:/home/wheeltec/wheeltec_ros2/install/slam_gmapping:/home/wheeltec/wheeltec_ros2/install/serial:/home/wheeltec/wheeltec_ros2/install/rplidar_ros2:/home/wheeltec/wheeltec_ros2/install/ros2_astra_camera:/home/wheeltec/wheeltec_ros2/install/ar_track_alvar:/home/wheeltec/wheeltec_ros2/install/perception_pcl:/home/wheeltec/wheeltec_ros2/install/pcl_ros:/home/wheeltec/wheeltec_ros2/install/lslidar_driver:/home/wheeltec/wheeltec_ros2/install/openslam_gmapping:/home/wheeltec/wheeltec_ros2/install/nav2_system_tests:/home/wheeltec/wheeltec_ros2/install/nav2_bringup:/home/wheeltec/wheeltec_ros2/install/navigation2:/home/wheeltec/wheeltec_ros2/install/nav2_dwb_controller:/home/wheeltec/wheeltec_ros2/install/nav2_controller:/home/wheeltec/wheeltec_ros2/install/dwb_plugins:/home/wheeltec/wheeltec_ros2/install/dwb_critics:/home/wheeltec/wheeltec_ros2/install/dwb_core:/home/wheeltec/wheeltec_ros2/install/nav_2d_utils:/home/wheeltec/wheeltec_ros2/install/dwb_msgs:/home/wheeltec/wheeltec_ros2/install/nav_2d_msgs:/home/wheeltec/wheeltec_ros2/install/nav2_waypoint_follower:/home/wheeltec/wheeltec_ros2/install/nav2_theta_star_planner:/home/wheeltec/wheeltec_ros2/install/nav2_smac_planner:/home/wheeltec/wheeltec_ros2/install/nav2_rotation_shim_controller:/home/wheeltec/wheeltec_ros2/install/nav2_regulated_pure_pursuit_controller:/home/wheeltec/wheeltec_ros2/install/nav2_recoveries:/home/wheeltec/wheeltec_ros2/install/nav2_planner:/home/wheeltec/wheeltec_ros2/install/nav2_navfn_planner:/home/wheeltec/wheeltec_ros2/install/nav2_bt_navigator:/home/wheeltec/wheeltec_ros2/install/nav2_core:/home/wheeltec/wheeltec_ros2/install/costmap_queue:/home/wheeltec/wheeltec_ros2/install/nav2_costmap_2d:/home/wheeltec/wheeltec_ros2/install/nav2_voxel_grid:/home/wheeltec/wheeltec_ros2/install/nav2_rviz_plugins:/home/wheeltec/wheeltec_ros2/install/nav2_map_server:/home/wheeltec/wheeltec_ros2/install/nav2_lifecycle_manager:/home/wheeltec/wheeltec_ros2/install/nav2_behavior_tree:/home/wheeltec/wheeltec_ros2/install/nav2_amcl:/home/wheeltec/wheeltec_ros2/install/nav2_util:/home/wheeltec/wheeltec_ros2/install/nav2_msgs:/home/wheeltec/wheeltec_ros2/install/nav2_common:/home/wheeltec/wheeltec_ros2/install/lsn10:/home/wheeltec/wheeltec_ros2/install/lsm10_v2:/home/wheeltec/wheeltec_ros2/install/lslidar_msgs:/home/wheeltec/wheeltec_ros2/install/lidar_ros2:/home/wheeltec/wheeltec_ros2/install/ldlidar_stl_ros2:/home/wheeltec/wheeltec_ros2/install/ldlidar_sl_ros2:/home/wheeltec/wheeltec_ros2/install/astra_msgs:/home/wheeltec/wheeltec_ros2/install/astra_camera:/home/wheeltec/wheeltec_ros2/install/astra_camera_msgs:/home/wheeltec/wheeltec_ros2/install/ar_track_alvar_msgs:/home/wheeltec/wheeltec_ros2/install/ackermann_msgs:/home/wheeltec/wheeltec_ros2/install/simple_follower_ros2:/home/wheeltec/wheeltec_ros2/install/wheeltec_robot_keyboard:/home/wheeltec/wheeltec_ros2/install/tf2_tools:/home/wheeltec/wheeltec_ros2/install/nav2_simple_commander:/home/wheeltec/wheeltec_ros2/install/nav2_gazebo_spawner:/opt/ros/galactic /usr/bin/cmake --install /home/wheeltec/wheeltec_ros2/build/pcl_ros
[82.365s] -- Install configuration: ""
[82.366s] -- Up-to-date: /home/wheeltec/wheeltec_ros2/install/pcl_ros/include
[82.369s] -- Up-to-date: /home/wheeltec/wheeltec_ros2/install/pcl_ros/include/pcl_ros
[82.371s] -- Up-to-date: /home/wheeltec/wheeltec_ros2/install/pcl_ros/include/pcl_ros/io
[82.372s] -- Up-to-date: /home/wheeltec/wheeltec_ros2/install/pcl_ros/include/pcl_ros/io/pcd_io.hpp
[82.373s] -- Up-to-date: /home/wheeltec/wheeltec_ros2/install/pcl_ros/include/pcl_ros/io/concatenate_data.hpp
[82.374s] -- Up-to-date: /home/wheeltec/wheeltec_ros2/install/pcl_ros/include/pcl_ros/io/concatenate_fields.hpp
[82.375s] -- Up-to-date: /home/wheeltec/wheeltec_ros2/install/pcl_ros/include/pcl_ros/io/bag_io.hpp
[82.376s] -- Up-to-date: /home/wheeltec/wheeltec_ros2/install/pcl_ros/include/pcl_ros/point_cloud.hpp
[82.377s] -- Up-to-date: /home/wheeltec/wheeltec_ros2/install/pcl_ros/include/pcl_ros/filters
[82.378s] -- Up-to-date: /home/wheeltec/wheeltec_ros2/install/pcl_ros/include/pcl_ros/filters/statistical_outlier_removal.hpp
[82.379s] -- Up-to-date: /home/wheeltec/wheeltec_ros2/install/pcl_ros/include/pcl_ros/filters/extract_indices.hpp
[82.380s] -- Up-to-date: /home/wheeltec/wheeltec_ros2/install/pcl_ros/include/pcl_ros/filters/radius_outlier_removal.hpp
[82.381s] -- Up-to-date: /home/wheeltec/wheeltec_ros2/install/pcl_ros/include/pcl_ros/filters/voxel_grid.hpp
[82.382s] -- Up-to-date: /home/wheeltec/wheeltec_ros2/install/pcl_ros/include/pcl_ros/filters/passthrough.hpp
[82.383s] -- Up-to-date: /home/wheeltec/wheeltec_ros2/install/pcl_ros/include/pcl_ros/filters/project_inliers.hpp
[82.384s] -- Up-to-date: /home/wheeltec/wheeltec_ros2/install/pcl_ros/include/pcl_ros/filters/crop_box.hpp
[82.385s] -- Up-to-date: /home/wheeltec/wheeltec_ros2/install/pcl_ros/include/pcl_ros/filters/filter.hpp
[82.386s] -- Up-to-date: /home/wheeltec/wheeltec_ros2/install/pcl_ros/include/pcl_ros/features
[82.387s] -- Up-to-date: /home/wheeltec/wheeltec_ros2/install/pcl_ros/include/pcl_ros/features/boundary.hpp
[82.388s] -- Up-to-date: /home/wheeltec/wheeltec_ros2/install/pcl_ros/include/pcl_ros/features/vfh.hpp
[82.389s] -- Up-to-date: /home/wheeltec/wheeltec_ros2/install/pcl_ros/include/pcl_ros/features/pfh.hpp
[82.390s] -- Up-to-date: /home/wheeltec/wheeltec_ros2/install/pcl_ros/include/pcl_ros/features/shot_omp.hpp
[82.391s] -- Up-to-date: /home/wheeltec/wheeltec_ros2/install/pcl_ros/include/pcl_ros/features/normal_3d_tbb.hpp
[82.392s] -- Up-to-date: /home/wheeltec/wheeltec_ros2/install/pcl_ros/include/pcl_ros/features/fpfh_omp.hpp
[82.393s] -- Up-to-date: /home/wheeltec/wheeltec_ros2/install/pcl_ros/include/pcl_ros/features/feature.hpp
[82.394s] -- Up-to-date: /home/wheeltec/wheeltec_ros2/install/pcl_ros/include/pcl_ros/features/shot.hpp
[82.395s] -- Up-to-date: /home/wheeltec/wheeltec_ros2/install/pcl_ros/include/pcl_ros/features/fpfh.hpp
[82.396s] -- Up-to-date: /home/wheeltec/wheeltec_ros2/install/pcl_ros/include/pcl_ros/features/principal_curvatures.hpp
[82.397s] -- Up-to-date: /home/wheeltec/wheeltec_ros2/install/pcl_ros/include/pcl_ros/features/normal_3d_omp.hpp
[82.399s] -- Up-to-date: /home/wheeltec/wheeltec_ros2/install/pcl_ros/include/pcl_ros/features/normal_3d.hpp
[82.400s] -- Up-to-date: /home/wheeltec/wheeltec_ros2/install/pcl_ros/include/pcl_ros/features/moment_invariants.hpp
[82.400s] -- Up-to-date: /home/wheeltec/wheeltec_ros2/install/pcl_ros/include/pcl_ros/impl
[82.403s] -- Up-to-date: /home/wheeltec/wheeltec_ros2/install/pcl_ros/include/pcl_ros/impl/transforms.hpp
[82.403s] -- Up-to-date: /home/wheeltec/wheeltec_ros2/install/pcl_ros/include/pcl_ros/publisher.hpp
[82.404s] -- Up-to-date: /home/wheeltec/wheeltec_ros2/install/pcl_ros/include/pcl_ros/surface
[82.404s] -- Up-to-date: /home/wheeltec/wheeltec_ros2/install/pcl_ros/include/pcl_ros/surface/convex_hull.hpp
[82.405s] -- Up-to-date: /home/wheeltec/wheeltec_ros2/install/pcl_ros/include/pcl_ros/surface/moving_least_squares.hpp
[82.405s] -- Up-to-date: /home/wheeltec/wheeltec_ros2/install/pcl_ros/include/pcl_ros/pcl_nodelet.hpp
[82.406s] -- Up-to-date: /home/wheeltec/wheeltec_ros2/install/pcl_ros/include/pcl_ros/transforms.hpp
[82.406s] -- Up-to-date: /home/wheeltec/wheeltec_ros2/install/pcl_ros/include/pcl_ros/segmentation
[82.406s] -- Up-to-date: /home/wheeltec/wheeltec_ros2/install/pcl_ros/include/pcl_ros/segmentation/segment_differences.hpp
[82.409s] -- Up-to-date: /home/wheeltec/wheeltec_ros2/install/pcl_ros/include/pcl_ros/segmentation/sac_segmentation.hpp
[82.410s] -- Up-to-date: /home/wheeltec/wheeltec_ros2/install/pcl_ros/include/pcl_ros/segmentation/extract_clusters.hpp
[82.419s] -- Up-to-date: /home/wheeltec/wheeltec_ros2/install/pcl_ros/include/pcl_ros/segmentation/extract_polygonal_prism_data.hpp
[82.420s] -- Installing: /home/wheeltec/wheeltec_ros2/install/pcl_ros/lib/libpcl_ros_tf.so
[82.420s] -- Set runtime path of "/home/wheeltec/wheeltec_ros2/install/pcl_ros/lib/libpcl_ros_tf.so" to ""
[82.422s] -- Up-to-date: /home/wheeltec/wheeltec_ros2/install/pcl_ros/share/pcl_ros/plugins
[82.423s] -- Up-to-date: /home/wheeltec/wheeltec_ros2/install/pcl_ros/share/pcl_ros/plugins/nodelet
[82.425s] -- Up-to-date: /home/wheeltec/wheeltec_ros2/install/pcl_ros/share/pcl_ros/plugins/nodelet/libpcl_ros_io.xml
[82.426s] -- Up-to-date: /home/wheeltec/wheeltec_ros2/install/pcl_ros/share/pcl_ros/plugins/nodelet/libpcl_ros_features.xml
[82.427s] -- Up-to-date: /home/wheeltec/wheeltec_ros2/install/pcl_ros/share/pcl_ros/plugins/nodelet/libpcl_ros_segmentation.xml
[82.428s] -- Up-to-date: /home/wheeltec/wheeltec_ros2/install/pcl_ros/share/pcl_ros/plugins/nodelet/libpcl_ros_surface.xml
[82.431s] -- Up-to-date: /home/wheeltec/wheeltec_ros2/install/pcl_ros/share/pcl_ros/plugins/nodelet/libpcl_ros_filters.xml
[82.431s] -- Up-to-date: /home/wheeltec/wheeltec_ros2/install/pcl_ros/share/pcl_ros/samples
[82.432s] -- Up-to-date: /home/wheeltec/wheeltec_ros2/install/pcl_ros/share/pcl_ros/samples/pcl_ros
[82.432s] -- Up-to-date: /home/wheeltec/wheeltec_ros2/install/pcl_ros/share/pcl_ros/samples/pcl_ros/io
[82.436s] -- Up-to-date: /home/wheeltec/wheeltec_ros2/install/pcl_ros/share/pcl_ros/samples/pcl_ros/io/sample_concatenate_data.launch
[82.436s] -- Up-to-date: /home/wheeltec/wheeltec_ros2/install/pcl_ros/share/pcl_ros/samples/pcl_ros/filters
[82.437s] -- Up-to-date: /home/wheeltec/wheeltec_ros2/install/pcl_ros/share/pcl_ros/samples/pcl_ros/filters/config
[82.437s] -- Up-to-date: /home/wheeltec/wheeltec_ros2/install/pcl_ros/share/pcl_ros/samples/pcl_ros/filters/config/statistical_outlier_removal.rviz
[82.438s] -- Up-to-date: /home/wheeltec/wheeltec_ros2/install/pcl_ros/share/pcl_ros/samples/pcl_ros/filters/config/voxel_grid.rviz
[82.438s] -- Up-to-date: /home/wheeltec/wheeltec_ros2/install/pcl_ros/share/pcl_ros/samples/pcl_ros/filters/sample_voxel_grid.launch
[82.438s] -- Up-to-date: /home/wheeltec/wheeltec_ros2/install/pcl_ros/share/pcl_ros/samples/pcl_ros/filters/sample_statistical_outlier_removal.launch
[82.439s] -- Up-to-date: /home/wheeltec/wheeltec_ros2/install/pcl_ros/share/pcl_ros/samples/pcl_ros/features
[82.439s] -- Up-to-date: /home/wheeltec/wheeltec_ros2/install/pcl_ros/share/pcl_ros/samples/pcl_ros/features/sample_normal_3d.launch
[82.444s] -- Up-to-date: /home/wheeltec/wheeltec_ros2/install/pcl_ros/share/pcl_ros/samples/pcl_ros/surface
[82.447s] -- Up-to-date: /home/wheeltec/wheeltec_ros2/install/pcl_ros/share/pcl_ros/samples/pcl_ros/surface/sample_convex_hull.launch
[82.447s] -- Up-to-date: /home/wheeltec/wheeltec_ros2/install/pcl_ros/share/pcl_ros/samples/pcl_ros/segmentation
[82.448s] -- Up-to-date: /home/wheeltec/wheeltec_ros2/install/pcl_ros/share/pcl_ros/samples/pcl_ros/segmentation/sample_extract_clusters.launch
[82.448s] -- Up-to-date: /home/wheeltec/wheeltec_ros2/install/pcl_ros/share/pcl_ros/samples/data
[82.449s] -- Up-to-date: /home/wheeltec/wheeltec_ros2/install/pcl_ros/share/pcl_ros/samples/data/.gitignore
[82.449s] -- Up-to-date: /home/wheeltec/wheeltec_ros2/install/pcl_ros/share/pcl_ros/environment/library_path.sh
[82.449s] -- Installing: /home/wheeltec/wheeltec_ros2/install/pcl_ros/share/pcl_ros/environment/library_path.dsv
[82.450s] -- Up-to-date: /home/wheeltec/wheeltec_ros2/install/pcl_ros/share/ament_index/resource_index/package_run_dependencies/pcl_ros
[82.450s] -- Installing: /home/wheeltec/wheeltec_ros2/install/pcl_ros/share/ament_index/resource_index/parent_prefix_path/pcl_ros
[82.450s] -- Installing: /home/wheeltec/wheeltec_ros2/install/pcl_ros/share/pcl_ros/environment/ament_prefix_path.sh
[82.456s] -- Installing: /home/wheeltec/wheeltec_ros2/install/pcl_ros/share/pcl_ros/environment/ament_prefix_path.dsv
[82.457s] -- Installing: /home/wheeltec/wheeltec_ros2/install/pcl_ros/share/pcl_ros/environment/path.sh
[82.458s] -- Installing: /home/wheeltec/wheeltec_ros2/install/pcl_ros/share/pcl_ros/environment/path.dsv
[82.458s] -- Up-to-date: /home/wheeltec/wheeltec_ros2/install/pcl_ros/share/pcl_ros/local_setup.bash
[82.458s] -- Up-to-date: /home/wheeltec/wheeltec_ros2/install/pcl_ros/share/pcl_ros/local_setup.sh
[82.459s] -- Up-to-date: /home/wheeltec/wheeltec_ros2/install/pcl_ros/share/pcl_ros/local_setup.zsh
[82.459s] -- Installing: /home/wheeltec/wheeltec_ros2/install/pcl_ros/share/pcl_ros/local_setup.dsv
[82.462s] -- Installing: /home/wheeltec/wheeltec_ros2/install/pcl_ros/share/pcl_ros/package.dsv
[82.468s] -- Up-to-date: /home/wheeltec/wheeltec_ros2/install/pcl_ros/share/ament_index/resource_index/packages/pcl_ros
[82.468s] -- Up-to-date: /home/wheeltec/wheeltec_ros2/install/pcl_ros/share/pcl_ros/cmake/export_pcl_rosExport.cmake
[82.469s] -- Installing: /home/wheeltec/wheeltec_ros2/install/pcl_ros/share/pcl_ros/cmake/export_pcl_rosExport-noconfig.cmake
[82.469s] -- Up-to-date: /home/wheeltec/wheeltec_ros2/install/pcl_ros/share/pcl_ros/cmake/ament_cmake_export_include_directories-extras.cmake
[82.470s] -- Up-to-date: /home/wheeltec/wheeltec_ros2/install/pcl_ros/share/pcl_ros/cmake/ament_cmake_export_libraries-extras.cmake
[82.470s] -- Up-to-date: /home/wheeltec/wheeltec_ros2/install/pcl_ros/share/pcl_ros/cmake/ament_cmake_export_dependencies-extras.cmake
[82.470s] -- Installing: /home/wheeltec/wheeltec_ros2/install/pcl_ros/share/pcl_ros/cmake/ament_cmake_export_targets-extras.cmake
[82.471s] -- Up-to-date: /home/wheeltec/wheeltec_ros2/install/pcl_ros/share/pcl_ros/cmake/pcl_rosConfig.cmake
[82.471s] -- Up-to-date: /home/wheeltec/wheeltec_ros2/install/pcl_ros/share/pcl_ros/cmake/pcl_rosConfig-version.cmake
[82.471s] -- Up-to-date: /home/wheeltec/wheeltec_ros2/install/pcl_ros/share/pcl_ros/package.xml
[82.489s] Invoked command in '/home/wheeltec/wheeltec_ros2/build/pcl_ros' returned '0': CMAKE_PREFIX_PATH=/home/wheeltec/wheeltec_ros2/install/pcl_conversions:/home/wheeltec/wheeltec_ros2/install/wheeltec_slam_toolbox:/home/wheeltec/wheeltec_ros2/install/wheeltec_rrt_msg:/home/wheeltec/wheeltec_ros2/install/wheeltec_robot_urdf:/home/wheeltec/wheeltec_ros2/install/wheeltec_robot_rtab:/home/wheeltec/wheeltec_ros2/install/wheeltec_robot_rrt:/home/wheeltec/wheeltec_ros2/install/turn_on_wheeltec_robot:/home/wheeltec/wheeltec_ros2/install/wheeltec_robot_msg:/home/wheeltec/wheeltec_ros2/install/wheeltec_nav2:/home/wheeltec/wheeltec_ros2/install/wheeltec_joy:/home/wheeltec/wheeltec_ros2/install/wheeltec_cartographer:/home/wheeltec/wheeltec_ros2/install/web_video_server:/home/wheeltec/wheeltec_ros2/install/usb_cam:/home/wheeltec/wheeltec_ros2/install/slam_gmapping:/home/wheeltec/wheeltec_ros2/install/serial:/home/wheeltec/wheeltec_ros2/install/rplidar_ros2:/home/wheeltec/wheeltec_ros2/install/ros2_astra_camera:/home/wheeltec/wheeltec_ros2/install/ar_track_alvar:/home/wheeltec/wheeltec_ros2/install/perception_pcl:/home/wheeltec/wheeltec_ros2/install/pcl_ros:/home/wheeltec/wheeltec_ros2/install/lslidar_driver:/home/wheeltec/wheeltec_ros2/install/openslam_gmapping:/home/wheeltec/wheeltec_ros2/install/nav2_system_tests:/home/wheeltec/wheeltec_ros2/install/nav2_bringup:/home/wheeltec/wheeltec_ros2/install/navigation2:/home/wheeltec/wheeltec_ros2/install/nav2_dwb_controller:/home/wheeltec/wheeltec_ros2/install/nav2_controller:/home/wheeltec/wheeltec_ros2/install/dwb_plugins:/home/wheeltec/wheeltec_ros2/install/dwb_critics:/home/wheeltec/wheeltec_ros2/install/dwb_core:/home/wheeltec/wheeltec_ros2/install/nav_2d_utils:/home/wheeltec/wheeltec_ros2/install/dwb_msgs:/home/wheeltec/wheeltec_ros2/install/nav_2d_msgs:/home/wheeltec/wheeltec_ros2/install/nav2_waypoint_follower:/home/wheeltec/wheeltec_ros2/install/nav2_theta_star_planner:/home/wheeltec/wheeltec_ros2/install/nav2_smac_planner:/home/wheeltec/wheeltec_ros2/install/nav2_rotation_shim_controller:/home/wheeltec/wheeltec_ros2/install/nav2_regulated_pure_pursuit_controller:/home/wheeltec/wheeltec_ros2/install/nav2_recoveries:/home/wheeltec/wheeltec_ros2/install/nav2_planner:/home/wheeltec/wheeltec_ros2/install/nav2_navfn_planner:/home/wheeltec/wheeltec_ros2/install/nav2_bt_navigator:/home/wheeltec/wheeltec_ros2/install/nav2_core:/home/wheeltec/wheeltec_ros2/install/costmap_queue:/home/wheeltec/wheeltec_ros2/install/nav2_costmap_2d:/home/wheeltec/wheeltec_ros2/install/nav2_voxel_grid:/home/wheeltec/wheeltec_ros2/install/nav2_rviz_plugins:/home/wheeltec/wheeltec_ros2/install/nav2_map_server:/home/wheeltec/wheeltec_ros2/install/nav2_lifecycle_manager:/home/wheeltec/wheeltec_ros2/install/nav2_behavior_tree:/home/wheeltec/wheeltec_ros2/install/nav2_amcl:/home/wheeltec/wheeltec_ros2/install/nav2_util:/home/wheeltec/wheeltec_ros2/install/nav2_msgs:/home/wheeltec/wheeltec_ros2/install/nav2_common:/home/wheeltec/wheeltec_ros2/install/lsn10:/home/wheeltec/wheeltec_ros2/install/lsm10_v2:/home/wheeltec/wheeltec_ros2/install/lslidar_msgs:/home/wheeltec/wheeltec_ros2/install/lidar_ros2:/home/wheeltec/wheeltec_ros2/install/ldlidar_stl_ros2:/home/wheeltec/wheeltec_ros2/install/ldlidar_sl_ros2:/home/wheeltec/wheeltec_ros2/install/astra_msgs:/home/wheeltec/wheeltec_ros2/install/astra_camera:/home/wheeltec/wheeltec_ros2/install/astra_camera_msgs:/home/wheeltec/wheeltec_ros2/install/ar_track_alvar_msgs:/home/wheeltec/wheeltec_ros2/install/ackermann_msgs:/home/wheeltec/wheeltec_ros2/install/simple_follower_ros2:/home/wheeltec/wheeltec_ros2/install/wheeltec_robot_keyboard:/home/wheeltec/wheeltec_ros2/install/tf2_tools:/home/wheeltec/wheeltec_ros2/install/nav2_simple_commander:/home/wheeltec/wheeltec_ros2/install/nav2_gazebo_spawner:/opt/ros/galactic /usr/bin/cmake --install /home/wheeltec/wheeltec_ros2/build/pcl_ros
