[0.216s] Invoking command in '/home/wheeltec/wheeltec_ros2/build/nav_2d_msgs': CMAKE_PREFIX_PATH=${CMAKE_PREFIX_PATH}:/home/wheeltec/wheeltec_ros2/install/simple_follower_ros2:/home/wheeltec/wheeltec_ros2/install/wheeltec_robot_keyboard:/home/wheeltec/wheeltec_ros2/install/tf2_tools:/home/wheeltec/wheeltec_ros2/install/nav2_simple_commander:/home/wheeltec/wheeltec_ros2/install/nav2_gazebo_spawner:/opt/ros/galactic /usr/bin/cmake --build /home/wheeltec/wheeltec_ros2/build/nav_2d_msgs -- -j4 -l4
[0.728s] [ 11%] Built target nav_2d_msgs__rosidl_generator_c
[0.766s] [ 12%] Built target nav_2d_msgs__cpp
[1.107s] [ 23%] Built target nav_2d_msgs__rosidl_typesupport_introspection_cpp
[1.114s] [ 35%] Built target nav_2d_msgs__rosidl_typesupport_c
[1.136s] [ 46%] Built target nav_2d_msgs__rosidl_typesupport_cpp
[1.171s] [ 57%] Built target nav_2d_msgs__rosidl_typesupport_introspection_c
[1.346s] [ 69%] Built target nav_2d_msgs__rosidl_typesupport_fastrtps_cpp
[1.531s] [ 80%] Built target nav_2d_msgs__rosidl_typesupport_fastrtps_c
[1.684s] [ 80%] Built target nav_2d_msgs
[1.855s] [ 81%] Built target nav_2d_msgs__py
[2.108s] [ 91%] Built target nav_2d_msgs__python
[2.443s] [ 94%] Built target nav_2d_msgs__rosidl_typesupport_fastrtps_c__pyext
[2.457s] [ 97%] Built target nav_2d_msgs__rosidl_typesupport_c__pyext
[2.495s] [100%] Built target nav_2d_msgs__rosidl_typesupport_introspection_c__pyext
[2.567s] Invoked command in '/home/wheeltec/wheeltec_ros2/build/nav_2d_msgs' returned '0': CMAKE_PREFIX_PATH=${CMAKE_PREFIX_PATH}:/home/wheeltec/wheeltec_ros2/install/simple_follower_ros2:/home/wheeltec/wheeltec_ros2/install/wheeltec_robot_keyboard:/home/wheeltec/wheeltec_ros2/install/tf2_tools:/home/wheeltec/wheeltec_ros2/install/nav2_simple_commander:/home/wheeltec/wheeltec_ros2/install/nav2_gazebo_spawner:/opt/ros/galactic /usr/bin/cmake --build /home/wheeltec/wheeltec_ros2/build/nav_2d_msgs -- -j4 -l4
[3.909s] Invoking command in '/home/wheeltec/wheeltec_ros2/build/nav_2d_msgs': CMAKE_PREFIX_PATH=${CMAKE_PREFIX_PATH}:/home/wheeltec/wheeltec_ros2/install/simple_follower_ros2:/home/wheeltec/wheeltec_ros2/install/wheeltec_robot_keyboard:/home/wheeltec/wheeltec_ros2/install/tf2_tools:/home/wheeltec/wheeltec_ros2/install/nav2_simple_commander:/home/wheeltec/wheeltec_ros2/install/nav2_gazebo_spawner:/opt/ros/galactic /usr/bin/cmake --install /home/wheeltec/wheeltec_ros2/build/nav_2d_msgs
[3.972s] -- Install configuration: ""
[3.975s] -- Execute custom install script
[3.983s] -- Up-to-date symlink: /home/wheeltec/wheeltec_ros2/install/nav_2d_msgs/share/ament_index/resource_index/rosidl_interfaces/nav_2d_msgs
[3.985s] -- Up-to-date symlink: /home/wheeltec/wheeltec_ros2/install/nav_2d_msgs/include/nav_2d_msgs/msg/detail/path2_d__functions.h
[3.987s] -- Up-to-date symlink: /home/wheeltec/wheeltec_ros2/install/nav_2d_msgs/include/nav_2d_msgs/msg/detail/path2_d__struct.h
[3.989s] -- Up-to-date symlink: /home/wheeltec/wheeltec_ros2/install/nav_2d_msgs/include/nav_2d_msgs/msg/detail/path2_d__type_support.h
[3.996s] -- Up-to-date symlink: /home/wheeltec/wheeltec_ros2/install/nav_2d_msgs/include/nav_2d_msgs/msg/detail/pose2_d32__functions.h
[4.000s] -- Up-to-date symlink: /home/wheeltec/wheeltec_ros2/install/nav_2d_msgs/include/nav_2d_msgs/msg/detail/pose2_d32__struct.h
[4.001s] -- Up-to-date symlink: /home/wheeltec/wheeltec_ros2/install/nav_2d_msgs/include/nav_2d_msgs/msg/detail/pose2_d32__type_support.h
[4.004s] -- Up-to-date symlink: /home/wheeltec/wheeltec_ros2/install/nav_2d_msgs/include/nav_2d_msgs/msg/detail/pose2_d_stamped__functions.h
[4.005s] -- Up-to-date symlink: /home/wheeltec/wheeltec_ros2/install/nav_2d_msgs/include/nav_2d_msgs/msg/detail/pose2_d_stamped__struct.h
[4.005s] -- Up-to-date symlink: /home/wheeltec/wheeltec_ros2/install/nav_2d_msgs/include/nav_2d_msgs/msg/detail/pose2_d_stamped__type_support.h
[4.008s] -- Up-to-date symlink: /home/wheeltec/wheeltec_ros2/install/nav_2d_msgs/include/nav_2d_msgs/msg/detail/twist2_d32__functions.h
[4.008s] -- Up-to-date symlink: /home/wheeltec/wheeltec_ros2/install/nav_2d_msgs/include/nav_2d_msgs/msg/detail/twist2_d32__struct.h
[4.010s] -- Up-to-date symlink: /home/wheeltec/wheeltec_ros2/install/nav_2d_msgs/include/nav_2d_msgs/msg/detail/twist2_d32__type_support.h
[4.019s] -- Up-to-date symlink: /home/wheeltec/wheeltec_ros2/install/nav_2d_msgs/include/nav_2d_msgs/msg/detail/twist2_d__functions.h
[4.020s] -- Up-to-date symlink: /home/wheeltec/wheeltec_ros2/install/nav_2d_msgs/include/nav_2d_msgs/msg/detail/twist2_d__struct.h
[4.021s] -- Up-to-date symlink: /home/wheeltec/wheeltec_ros2/install/nav_2d_msgs/include/nav_2d_msgs/msg/detail/twist2_d__type_support.h
[4.021s] -- Up-to-date symlink: /home/wheeltec/wheeltec_ros2/install/nav_2d_msgs/include/nav_2d_msgs/msg/detail/twist2_d_stamped__functions.h
[4.022s] -- Up-to-date symlink: /home/wheeltec/wheeltec_ros2/install/nav_2d_msgs/include/nav_2d_msgs/msg/detail/twist2_d_stamped__struct.h
[4.022s] -- Up-to-date symlink: /home/wheeltec/wheeltec_ros2/install/nav_2d_msgs/include/nav_2d_msgs/msg/detail/twist2_d_stamped__type_support.h
[4.023s] -- Up-to-date symlink: /home/wheeltec/wheeltec_ros2/install/nav_2d_msgs/include/nav_2d_msgs/msg/path2_d.h
[4.025s] -- Up-to-date symlink: /home/wheeltec/wheeltec_ros2/install/nav_2d_msgs/include/nav_2d_msgs/msg/pose2_d32.h
[4.026s] -- Up-to-date symlink: /home/wheeltec/wheeltec_ros2/install/nav_2d_msgs/include/nav_2d_msgs/msg/pose2_d_stamped.h
[4.027s] -- Up-to-date symlink: /home/wheeltec/wheeltec_ros2/install/nav_2d_msgs/include/nav_2d_msgs/msg/rosidl_generator_c__visibility_control.h
[4.031s] -- Up-to-date symlink: /home/wheeltec/wheeltec_ros2/install/nav_2d_msgs/include/nav_2d_msgs/msg/twist2_d.h
[4.032s] -- Up-to-date symlink: /home/wheeltec/wheeltec_ros2/install/nav_2d_msgs/include/nav_2d_msgs/msg/twist2_d32.h
[4.036s] -- Up-to-date symlink: /home/wheeltec/wheeltec_ros2/install/nav_2d_msgs/include/nav_2d_msgs/msg/twist2_d_stamped.h
[4.042s] -- Up-to-date symlink: /home/wheeltec/wheeltec_ros2/install/nav_2d_msgs/share/nav_2d_msgs/environment/library_path.sh
[4.044s] -- Up-to-date symlink: /home/wheeltec/wheeltec_ros2/install/nav_2d_msgs/share/nav_2d_msgs/environment/library_path.dsv
[4.048s] -- Up-to-date symlink: /home/wheeltec/wheeltec_ros2/install/nav_2d_msgs/include/nav_2d_msgs/msg/detail/path2_d__rosidl_typesupport_fastrtps_c.h
[4.051s] -- Up-to-date symlink: /home/wheeltec/wheeltec_ros2/install/nav_2d_msgs/include/nav_2d_msgs/msg/detail/pose2_d32__rosidl_typesupport_fastrtps_c.h
[4.052s] -- Up-to-date symlink: /home/wheeltec/wheeltec_ros2/install/nav_2d_msgs/include/nav_2d_msgs/msg/detail/pose2_d_stamped__rosidl_typesupport_fastrtps_c.h
[4.053s] -- Up-to-date symlink: /home/wheeltec/wheeltec_ros2/install/nav_2d_msgs/include/nav_2d_msgs/msg/detail/twist2_d32__rosidl_typesupport_fastrtps_c.h
[4.055s] -- Up-to-date symlink: /home/wheeltec/wheeltec_ros2/install/nav_2d_msgs/include/nav_2d_msgs/msg/detail/twist2_d__rosidl_typesupport_fastrtps_c.h
[4.057s] -- Up-to-date symlink: /home/wheeltec/wheeltec_ros2/install/nav_2d_msgs/include/nav_2d_msgs/msg/detail/twist2_d_stamped__rosidl_typesupport_fastrtps_c.h
[4.059s] -- Up-to-date symlink: /home/wheeltec/wheeltec_ros2/install/nav_2d_msgs/include/nav_2d_msgs/msg/rosidl_typesupport_fastrtps_c__visibility_control.h
[4.062s] -- Up-to-date symlink: /home/wheeltec/wheeltec_ros2/install/nav_2d_msgs/lib/libnav_2d_msgs__rosidl_typesupport_fastrtps_c.so
[4.068s] -- Up-to-date symlink: /home/wheeltec/wheeltec_ros2/install/nav_2d_msgs/include/nav_2d_msgs/msg/detail/path2_d__rosidl_typesupport_fastrtps_cpp.hpp
[4.070s] -- Up-to-date symlink: /home/wheeltec/wheeltec_ros2/install/nav_2d_msgs/include/nav_2d_msgs/msg/detail/pose2_d32__rosidl_typesupport_fastrtps_cpp.hpp
[4.072s] -- Up-to-date symlink: /home/wheeltec/wheeltec_ros2/install/nav_2d_msgs/include/nav_2d_msgs/msg/detail/pose2_d_stamped__rosidl_typesupport_fastrtps_cpp.hpp
[4.074s] -- Up-to-date symlink: /home/wheeltec/wheeltec_ros2/install/nav_2d_msgs/include/nav_2d_msgs/msg/detail/twist2_d32__rosidl_typesupport_fastrtps_cpp.hpp
[4.076s] -- Up-to-date symlink: /home/wheeltec/wheeltec_ros2/install/nav_2d_msgs/include/nav_2d_msgs/msg/detail/twist2_d__rosidl_typesupport_fastrtps_cpp.hpp
[4.078s] -- Up-to-date symlink: /home/wheeltec/wheeltec_ros2/install/nav_2d_msgs/include/nav_2d_msgs/msg/detail/twist2_d_stamped__rosidl_typesupport_fastrtps_cpp.hpp
[4.081s] -- Up-to-date symlink: /home/wheeltec/wheeltec_ros2/install/nav_2d_msgs/include/nav_2d_msgs/msg/rosidl_typesupport_fastrtps_cpp__visibility_control.h
[4.088s] -- Up-to-date symlink: /home/wheeltec/wheeltec_ros2/install/nav_2d_msgs/lib/libnav_2d_msgs__rosidl_typesupport_fastrtps_cpp.so
[4.092s] -- Up-to-date symlink: /home/wheeltec/wheeltec_ros2/install/nav_2d_msgs/include/nav_2d_msgs/msg/detail/path2_d__rosidl_typesupport_introspection_c.h
[4.094s] -- Up-to-date symlink: /home/wheeltec/wheeltec_ros2/install/nav_2d_msgs/include/nav_2d_msgs/msg/detail/pose2_d32__rosidl_typesupport_introspection_c.h
[4.096s] -- Up-to-date symlink: /home/wheeltec/wheeltec_ros2/install/nav_2d_msgs/include/nav_2d_msgs/msg/detail/pose2_d_stamped__rosidl_typesupport_introspection_c.h
[4.099s] -- Up-to-date symlink: /home/wheeltec/wheeltec_ros2/install/nav_2d_msgs/include/nav_2d_msgs/msg/detail/twist2_d32__rosidl_typesupport_introspection_c.h
[4.101s] -- Up-to-date symlink: /home/wheeltec/wheeltec_ros2/install/nav_2d_msgs/include/nav_2d_msgs/msg/detail/twist2_d__rosidl_typesupport_introspection_c.h
[4.104s] -- Up-to-date symlink: /home/wheeltec/wheeltec_ros2/install/nav_2d_msgs/include/nav_2d_msgs/msg/detail/twist2_d_stamped__rosidl_typesupport_introspection_c.h
[4.106s] -- Up-to-date symlink: /home/wheeltec/wheeltec_ros2/install/nav_2d_msgs/include/nav_2d_msgs/msg/rosidl_typesupport_introspection_c__visibility_control.h
[4.110s] -- Up-to-date symlink: /home/wheeltec/wheeltec_ros2/install/nav_2d_msgs/include/nav_2d_msgs/msg/detail/path2_d__builder.hpp
[4.112s] -- Up-to-date symlink: /home/wheeltec/wheeltec_ros2/install/nav_2d_msgs/include/nav_2d_msgs/msg/detail/path2_d__struct.hpp
[4.114s] -- Up-to-date symlink: /home/wheeltec/wheeltec_ros2/install/nav_2d_msgs/include/nav_2d_msgs/msg/detail/path2_d__traits.hpp
[4.116s] -- Up-to-date symlink: /home/wheeltec/wheeltec_ros2/install/nav_2d_msgs/include/nav_2d_msgs/msg/detail/pose2_d32__builder.hpp
[4.118s] -- Up-to-date symlink: /home/wheeltec/wheeltec_ros2/install/nav_2d_msgs/include/nav_2d_msgs/msg/detail/pose2_d32__struct.hpp
[4.120s] -- Up-to-date symlink: /home/wheeltec/wheeltec_ros2/install/nav_2d_msgs/include/nav_2d_msgs/msg/detail/pose2_d32__traits.hpp
[4.122s] -- Up-to-date symlink: /home/wheeltec/wheeltec_ros2/install/nav_2d_msgs/include/nav_2d_msgs/msg/detail/pose2_d_stamped__builder.hpp
[4.124s] -- Up-to-date symlink: /home/wheeltec/wheeltec_ros2/install/nav_2d_msgs/include/nav_2d_msgs/msg/detail/pose2_d_stamped__struct.hpp
[4.126s] -- Up-to-date symlink: /home/wheeltec/wheeltec_ros2/install/nav_2d_msgs/include/nav_2d_msgs/msg/detail/pose2_d_stamped__traits.hpp
[4.129s] -- Up-to-date symlink: /home/wheeltec/wheeltec_ros2/install/nav_2d_msgs/include/nav_2d_msgs/msg/detail/twist2_d32__builder.hpp
[4.131s] -- Up-to-date symlink: /home/wheeltec/wheeltec_ros2/install/nav_2d_msgs/include/nav_2d_msgs/msg/detail/twist2_d32__struct.hpp
[4.133s] -- Up-to-date symlink: /home/wheeltec/wheeltec_ros2/install/nav_2d_msgs/include/nav_2d_msgs/msg/detail/twist2_d32__traits.hpp
[4.135s] -- Up-to-date symlink: /home/wheeltec/wheeltec_ros2/install/nav_2d_msgs/include/nav_2d_msgs/msg/detail/twist2_d__builder.hpp
[4.138s] -- Up-to-date symlink: /home/wheeltec/wheeltec_ros2/install/nav_2d_msgs/include/nav_2d_msgs/msg/detail/twist2_d__struct.hpp
[4.140s] -- Up-to-date symlink: /home/wheeltec/wheeltec_ros2/install/nav_2d_msgs/include/nav_2d_msgs/msg/detail/twist2_d__traits.hpp
[4.142s] -- Up-to-date symlink: /home/wheeltec/wheeltec_ros2/install/nav_2d_msgs/include/nav_2d_msgs/msg/detail/twist2_d_stamped__builder.hpp
[4.145s] -- Up-to-date symlink: /home/wheeltec/wheeltec_ros2/install/nav_2d_msgs/include/nav_2d_msgs/msg/detail/twist2_d_stamped__struct.hpp
[4.147s] -- Up-to-date symlink: /home/wheeltec/wheeltec_ros2/install/nav_2d_msgs/include/nav_2d_msgs/msg/detail/twist2_d_stamped__traits.hpp
[4.149s] -- Up-to-date symlink: /home/wheeltec/wheeltec_ros2/install/nav_2d_msgs/include/nav_2d_msgs/msg/path2_d.hpp
[4.151s] -- Up-to-date symlink: /home/wheeltec/wheeltec_ros2/install/nav_2d_msgs/include/nav_2d_msgs/msg/pose2_d32.hpp
[4.153s] -- Up-to-date symlink: /home/wheeltec/wheeltec_ros2/install/nav_2d_msgs/include/nav_2d_msgs/msg/pose2_d_stamped.hpp
[4.154s] -- Up-to-date symlink: /home/wheeltec/wheeltec_ros2/install/nav_2d_msgs/include/nav_2d_msgs/msg/twist2_d.hpp
[4.156s] -- Up-to-date symlink: /home/wheeltec/wheeltec_ros2/install/nav_2d_msgs/include/nav_2d_msgs/msg/twist2_d32.hpp
[4.157s] -- Up-to-date symlink: /home/wheeltec/wheeltec_ros2/install/nav_2d_msgs/include/nav_2d_msgs/msg/twist2_d_stamped.hpp
[4.160s] -- Up-to-date symlink: /home/wheeltec/wheeltec_ros2/install/nav_2d_msgs/include/nav_2d_msgs/msg/detail/path2_d__rosidl_typesupport_introspection_cpp.hpp
[4.162s] -- Up-to-date symlink: /home/wheeltec/wheeltec_ros2/install/nav_2d_msgs/include/nav_2d_msgs/msg/detail/pose2_d32__rosidl_typesupport_introspection_cpp.hpp
[4.164s] -- Up-to-date symlink: /home/wheeltec/wheeltec_ros2/install/nav_2d_msgs/include/nav_2d_msgs/msg/detail/pose2_d_stamped__rosidl_typesupport_introspection_cpp.hpp
[4.166s] -- Up-to-date symlink: /home/wheeltec/wheeltec_ros2/install/nav_2d_msgs/include/nav_2d_msgs/msg/detail/twist2_d32__rosidl_typesupport_introspection_cpp.hpp
[4.169s] -- Up-to-date symlink: /home/wheeltec/wheeltec_ros2/install/nav_2d_msgs/include/nav_2d_msgs/msg/detail/twist2_d__rosidl_typesupport_introspection_cpp.hpp
[4.171s] -- Up-to-date symlink: /home/wheeltec/wheeltec_ros2/install/nav_2d_msgs/include/nav_2d_msgs/msg/detail/twist2_d_stamped__rosidl_typesupport_introspection_cpp.hpp
[4.174s] -- Up-to-date symlink: /home/wheeltec/wheeltec_ros2/install/nav_2d_msgs/share/nav_2d_msgs/environment/pythonpath.sh
[4.176s] -- Up-to-date symlink: /home/wheeltec/wheeltec_ros2/install/nav_2d_msgs/share/nav_2d_msgs/environment/pythonpath.dsv
[4.178s] -- Up-to-date symlink: /home/wheeltec/wheeltec_ros2/install/nav_2d_msgs/lib/python3.8/site-packages/nav_2d_msgs/__init__.py
[4.182s] -- Up-to-date symlink: /home/wheeltec/wheeltec_ros2/install/nav_2d_msgs/lib/python3.8/site-packages/nav_2d_msgs/msg/__init__.py
[4.183s] -- Up-to-date symlink: /home/wheeltec/wheeltec_ros2/install/nav_2d_msgs/lib/python3.8/site-packages/nav_2d_msgs/msg/_path2_d.py
[4.184s] -- Up-to-date symlink: /home/wheeltec/wheeltec_ros2/install/nav_2d_msgs/lib/python3.8/site-packages/nav_2d_msgs/msg/_pose2_d32.py
[4.185s] -- Up-to-date symlink: /home/wheeltec/wheeltec_ros2/install/nav_2d_msgs/lib/python3.8/site-packages/nav_2d_msgs/msg/_pose2_d_stamped.py
[4.187s] -- Up-to-date symlink: /home/wheeltec/wheeltec_ros2/install/nav_2d_msgs/lib/python3.8/site-packages/nav_2d_msgs/msg/_twist2_d.py
[4.188s] -- Up-to-date symlink: /home/wheeltec/wheeltec_ros2/install/nav_2d_msgs/lib/python3.8/site-packages/nav_2d_msgs/msg/_twist2_d32.py
[4.190s] -- Up-to-date symlink: /home/wheeltec/wheeltec_ros2/install/nav_2d_msgs/lib/python3.8/site-packages/nav_2d_msgs/msg/_twist2_d_stamped.py
[4.193s] -- Up-to-date symlink: /home/wheeltec/wheeltec_ros2/install/nav_2d_msgs/lib/python3.8/site-packages/nav_2d_msgs/nav_2d_msgs_s__rosidl_typesupport_fastrtps_c.cpython-38-aarch64-linux-gnu.so
[4.197s] -- Up-to-date symlink: /home/wheeltec/wheeltec_ros2/install/nav_2d_msgs/lib/python3.8/site-packages/nav_2d_msgs/nav_2d_msgs_s__rosidl_typesupport_introspection_c.cpython-38-aarch64-linux-gnu.so
[4.201s] -- Up-to-date symlink: /home/wheeltec/wheeltec_ros2/install/nav_2d_msgs/lib/python3.8/site-packages/nav_2d_msgs/nav_2d_msgs_s__rosidl_typesupport_c.cpython-38-aarch64-linux-gnu.so
[4.204s] -- Up-to-date symlink: /home/wheeltec/wheeltec_ros2/install/nav_2d_msgs/lib/libnav_2d_msgs__python.so
[4.209s] -- Up-to-date symlink: /home/wheeltec/wheeltec_ros2/install/nav_2d_msgs/share/nav_2d_msgs/msg/Path2D.idl
[4.212s] -- Up-to-date symlink: /home/wheeltec/wheeltec_ros2/install/nav_2d_msgs/share/nav_2d_msgs/msg/Pose2D32.idl
[4.213s] -- Up-to-date symlink: /home/wheeltec/wheeltec_ros2/install/nav_2d_msgs/share/nav_2d_msgs/msg/Pose2DStamped.idl
[4.215s] -- Up-to-date symlink: /home/wheeltec/wheeltec_ros2/install/nav_2d_msgs/share/nav_2d_msgs/msg/Twist2D.idl
[4.216s] -- Up-to-date symlink: /home/wheeltec/wheeltec_ros2/install/nav_2d_msgs/share/nav_2d_msgs/msg/Twist2D32.idl
[4.218s] -- Up-to-date symlink: /home/wheeltec/wheeltec_ros2/install/nav_2d_msgs/share/nav_2d_msgs/msg/Twist2DStamped.idl
[4.220s] -- Up-to-date symlink: /home/wheeltec/wheeltec_ros2/install/nav_2d_msgs/share/nav_2d_msgs/msg/Path2D.msg
[4.222s] -- Up-to-date symlink: /home/wheeltec/wheeltec_ros2/install/nav_2d_msgs/share/nav_2d_msgs/msg/Pose2D32.msg
[4.224s] -- Up-to-date symlink: /home/wheeltec/wheeltec_ros2/install/nav_2d_msgs/share/nav_2d_msgs/msg/Pose2DStamped.msg
[4.225s] -- Up-to-date symlink: /home/wheeltec/wheeltec_ros2/install/nav_2d_msgs/share/nav_2d_msgs/msg/Twist2D.msg
[4.226s] -- Up-to-date symlink: /home/wheeltec/wheeltec_ros2/install/nav_2d_msgs/share/nav_2d_msgs/msg/Twist2D32.msg
[4.228s] -- Up-to-date symlink: /home/wheeltec/wheeltec_ros2/install/nav_2d_msgs/share/nav_2d_msgs/msg/Twist2DStamped.msg
[4.229s] -- Up-to-date symlink: /home/wheeltec/wheeltec_ros2/install/nav_2d_msgs/share/ament_index/resource_index/package_run_dependencies/nav_2d_msgs
[4.232s] -- Up-to-date symlink: /home/wheeltec/wheeltec_ros2/install/nav_2d_msgs/share/ament_index/resource_index/parent_prefix_path/nav_2d_msgs
[4.233s] -- Up-to-date symlink: /home/wheeltec/wheeltec_ros2/install/nav_2d_msgs/share/nav_2d_msgs/environment/ament_prefix_path.sh
[4.234s] -- Up-to-date symlink: /home/wheeltec/wheeltec_ros2/install/nav_2d_msgs/share/nav_2d_msgs/environment/ament_prefix_path.dsv
[4.236s] -- Up-to-date symlink: /home/wheeltec/wheeltec_ros2/install/nav_2d_msgs/share/nav_2d_msgs/environment/path.sh
[4.238s] -- Up-to-date symlink: /home/wheeltec/wheeltec_ros2/install/nav_2d_msgs/share/nav_2d_msgs/environment/path.dsv
[4.239s] -- Up-to-date symlink: /home/wheeltec/wheeltec_ros2/install/nav_2d_msgs/share/nav_2d_msgs/local_setup.bash
[4.241s] -- Up-to-date symlink: /home/wheeltec/wheeltec_ros2/install/nav_2d_msgs/share/nav_2d_msgs/local_setup.sh
[4.245s] -- Up-to-date symlink: /home/wheeltec/wheeltec_ros2/install/nav_2d_msgs/share/nav_2d_msgs/local_setup.zsh
[4.246s] -- Up-to-date symlink: /home/wheeltec/wheeltec_ros2/install/nav_2d_msgs/share/nav_2d_msgs/local_setup.dsv
[4.248s] -- Symlinking: /home/wheeltec/wheeltec_ros2/install/nav_2d_msgs/share/nav_2d_msgs/package.dsv
[4.310s] -- Up-to-date symlink: /home/wheeltec/wheeltec_ros2/install/nav_2d_msgs/share/ament_index/resource_index/packages/nav_2d_msgs
[4.310s] -- Up-to-date symlink: /home/wheeltec/wheeltec_ros2/install/nav_2d_msgs/share/nav_2d_msgs/cmake/rosidl_cmake-extras.cmake
[4.312s] -- Up-to-date symlink: /home/wheeltec/wheeltec_ros2/install/nav_2d_msgs/share/nav_2d_msgs/cmake/ament_cmake_export_dependencies-extras.cmake
[4.313s] -- Up-to-date symlink: /home/wheeltec/wheeltec_ros2/install/nav_2d_msgs/share/nav_2d_msgs/cmake/ament_cmake_export_libraries-extras.cmake
[4.315s] -- Up-to-date symlink: /home/wheeltec/wheeltec_ros2/install/nav_2d_msgs/share/nav_2d_msgs/cmake/ament_cmake_export_targets-extras.cmake
[4.317s] -- Up-to-date symlink: /home/wheeltec/wheeltec_ros2/install/nav_2d_msgs/share/nav_2d_msgs/cmake/ament_cmake_export_include_directories-extras.cmake
[4.318s] -- Up-to-date symlink: /home/wheeltec/wheeltec_ros2/install/nav_2d_msgs/share/nav_2d_msgs/cmake/rosidl_cmake_export_typesupport_libraries-extras.cmake
[4.325s] -- Up-to-date symlink: /home/wheeltec/wheeltec_ros2/install/nav_2d_msgs/share/nav_2d_msgs/cmake/rosidl_cmake_export_typesupport_targets-extras.cmake
[4.325s] -- Up-to-date symlink: /home/wheeltec/wheeltec_ros2/install/nav_2d_msgs/share/nav_2d_msgs/cmake/nav_2d_msgsConfig.cmake
[4.327s] -- Up-to-date symlink: /home/wheeltec/wheeltec_ros2/install/nav_2d_msgs/share/nav_2d_msgs/cmake/nav_2d_msgsConfig-version.cmake
[4.328s] -- Up-to-date symlink: /home/wheeltec/wheeltec_ros2/install/nav_2d_msgs/share/nav_2d_msgs/package.xml
[4.335s] -- Up-to-date: /home/wheeltec/wheeltec_ros2/install/nav_2d_msgs/lib/libnav_2d_msgs__rosidl_generator_c.so
[4.336s] -- Up-to-date: /home/wheeltec/wheeltec_ros2/install/nav_2d_msgs/lib/libnav_2d_msgs__rosidl_typesupport_introspection_c.so
[4.340s] -- Up-to-date: /home/wheeltec/wheeltec_ros2/install/nav_2d_msgs/lib/libnav_2d_msgs__rosidl_typesupport_c.so
[4.345s] -- Up-to-date: /home/wheeltec/wheeltec_ros2/install/nav_2d_msgs/lib/libnav_2d_msgs__rosidl_typesupport_introspection_cpp.so
[4.349s] -- Up-to-date: /home/wheeltec/wheeltec_ros2/install/nav_2d_msgs/lib/libnav_2d_msgs__rosidl_typesupport_cpp.so
[4.562s] -- Up-to-date: /home/wheeltec/wheeltec_ros2/install/nav_2d_msgs/share/nav_2d_msgs/cmake/nav_2d_msgs__rosidl_generator_cExport.cmake
[4.563s] -- Up-to-date: /home/wheeltec/wheeltec_ros2/install/nav_2d_msgs/share/nav_2d_msgs/cmake/nav_2d_msgs__rosidl_generator_cExport-noconfig.cmake
[4.563s] -- Up-to-date: /home/wheeltec/wheeltec_ros2/install/nav_2d_msgs/share/nav_2d_msgs/cmake/nav_2d_msgs__rosidl_typesupport_introspection_cExport.cmake
[4.564s] -- Up-to-date: /home/wheeltec/wheeltec_ros2/install/nav_2d_msgs/share/nav_2d_msgs/cmake/nav_2d_msgs__rosidl_typesupport_introspection_cExport-noconfig.cmake
[4.565s] -- Up-to-date: /home/wheeltec/wheeltec_ros2/install/nav_2d_msgs/share/nav_2d_msgs/cmake/nav_2d_msgs__rosidl_typesupport_cExport.cmake
[4.566s] -- Up-to-date: /home/wheeltec/wheeltec_ros2/install/nav_2d_msgs/share/nav_2d_msgs/cmake/nav_2d_msgs__rosidl_typesupport_cExport-noconfig.cmake
[4.567s] -- Up-to-date: /home/wheeltec/wheeltec_ros2/install/nav_2d_msgs/share/nav_2d_msgs/cmake/nav_2d_msgs__rosidl_generator_cppExport.cmake
[4.573s] -- Up-to-date: /home/wheeltec/wheeltec_ros2/install/nav_2d_msgs/share/nav_2d_msgs/cmake/nav_2d_msgs__rosidl_typesupport_introspection_cppExport.cmake
[4.574s] -- Up-to-date: /home/wheeltec/wheeltec_ros2/install/nav_2d_msgs/share/nav_2d_msgs/cmake/nav_2d_msgs__rosidl_typesupport_introspection_cppExport-noconfig.cmake
[4.584s] -- Up-to-date: /home/wheeltec/wheeltec_ros2/install/nav_2d_msgs/share/nav_2d_msgs/cmake/nav_2d_msgs__rosidl_typesupport_cppExport.cmake
[4.585s] -- Up-to-date: /home/wheeltec/wheeltec_ros2/install/nav_2d_msgs/share/nav_2d_msgs/cmake/nav_2d_msgs__rosidl_typesupport_cppExport-noconfig.cmake
[4.665s] Invoked command in '/home/wheeltec/wheeltec_ros2/build/nav_2d_msgs' returned '0': CMAKE_PREFIX_PATH=${CMAKE_PREFIX_PATH}:/home/wheeltec/wheeltec_ros2/install/simple_follower_ros2:/home/wheeltec/wheeltec_ros2/install/wheeltec_robot_keyboard:/home/wheeltec/wheeltec_ros2/install/tf2_tools:/home/wheeltec/wheeltec_ros2/install/nav2_simple_commander:/home/wheeltec/wheeltec_ros2/install/nav2_gazebo_spawner:/opt/ros/galactic /usr/bin/cmake --install /home/wheeltec/wheeltec_ros2/build/nav_2d_msgs
