[0.088s] Invoking command in '/home/wheeltec/wheeltec_ros2/build/wheeltec_robot_rtab': CMAKE_PREFIX_PATH=${CMAKE_PREFIX_PATH}:/home/wheeltec/wheeltec_ros2/install/simple_follower_ros2:/home/wheeltec/wheeltec_ros2/install/wheeltec_robot_keyboard:/home/wheeltec/wheeltec_ros2/install/tf2_tools:/home/wheeltec/wheeltec_ros2/install/nav2_simple_commander:/home/wheeltec/wheeltec_ros2/install/nav2_gazebo_spawner:/opt/ros/galactic /usr/bin/cmake --build /home/wheeltec/wheeltec_ros2/build/wheeltec_robot_rtab -- -j4 -l4
[0.224s] -- Found ament_cmake: 1.1.5 (/opt/ros/galactic/share/ament_cmake/cmake)
[0.325s] -- Using PYTHON_EXECUTABLE: /usr/bin/python3
[0.612s] -- Found ament_lint_auto: 0.10.7 (/opt/ros/galactic/share/ament_lint_auto/cmake)
[0.890s] -- Added test 'copyright' to check source files copyright and LICENSE
[0.896s] -- Added test 'flake8' to check Python code syntax and style conventions
[0.897s] -- Added test 'lint_cmake' to check CMake code style
[0.899s] -- Added test 'pep257' to check Python code against some of the style conventions in PEP 257
[0.903s] -- Added test 'xmllint' to check XML markup files
[0.909s] -- Configuring done
[0.922s] -- Generating done
[0.926s] -- Build files have been written to: /home/wheeltec/wheeltec_ros2/build/wheeltec_robot_rtab
[1.040s] Invoked command in '/home/wheeltec/wheeltec_ros2/build/wheeltec_robot_rtab' returned '0': CMAKE_PREFIX_PATH=${CMAKE_PREFIX_PATH}:/home/wheeltec/wheeltec_ros2/install/simple_follower_ros2:/home/wheeltec/wheeltec_ros2/install/wheeltec_robot_keyboard:/home/wheeltec/wheeltec_ros2/install/tf2_tools:/home/wheeltec/wheeltec_ros2/install/nav2_simple_commander:/home/wheeltec/wheeltec_ros2/install/nav2_gazebo_spawner:/opt/ros/galactic /usr/bin/cmake --build /home/wheeltec/wheeltec_ros2/build/wheeltec_robot_rtab -- -j4 -l4
[1.224s] Invoking command in '/home/wheeltec/wheeltec_ros2/build/wheeltec_robot_rtab': CMAKE_PREFIX_PATH=${CMAKE_PREFIX_PATH}:/home/wheeltec/wheeltec_ros2/install/simple_follower_ros2:/home/wheeltec/wheeltec_ros2/install/wheeltec_robot_keyboard:/home/wheeltec/wheeltec_ros2/install/tf2_tools:/home/wheeltec/wheeltec_ros2/install/nav2_simple_commander:/home/wheeltec/wheeltec_ros2/install/nav2_gazebo_spawner:/opt/ros/galactic /usr/bin/cmake --install /home/wheeltec/wheeltec_ros2/build/wheeltec_robot_rtab
[1.269s] -- Install configuration: ""
[1.270s] -- Up-to-date: /home/wheeltec/wheeltec_ros2/install/wheeltec_robot_rtab/share/wheeltec_robot_rtab/launch
[1.270s] -- Installing: /home/wheeltec/wheeltec_ros2/install/wheeltec_robot_rtab/share/wheeltec_robot_rtab/launch/wheeltec_nav2_rtab.launch.py
[1.271s] -- Installing: /home/wheeltec/wheeltec_ros2/install/wheeltec_robot_rtab/share/wheeltec_robot_rtab/launch/wheeltec_slam_rtab.launch.py
[1.271s] -- Up-to-date: /home/wheeltec/wheeltec_ros2/install/wheeltec_robot_rtab/share/ament_index/resource_index/package_run_dependencies/wheeltec_robot_rtab
[1.272s] -- Installing: /home/wheeltec/wheeltec_ros2/install/wheeltec_robot_rtab/share/ament_index/resource_index/parent_prefix_path/wheeltec_robot_rtab
[1.272s] -- Up-to-date: /home/wheeltec/wheeltec_ros2/install/wheeltec_robot_rtab/share/wheeltec_robot_rtab/environment/ament_prefix_path.sh
[1.272s] -- Installing: /home/wheeltec/wheeltec_ros2/install/wheeltec_robot_rtab/share/wheeltec_robot_rtab/environment/ament_prefix_path.dsv
[1.273s] -- Up-to-date: /home/wheeltec/wheeltec_ros2/install/wheeltec_robot_rtab/share/wheeltec_robot_rtab/environment/path.sh
[1.273s] -- Installing: /home/wheeltec/wheeltec_ros2/install/wheeltec_robot_rtab/share/wheeltec_robot_rtab/environment/path.dsv
[1.273s] -- Up-to-date: /home/wheeltec/wheeltec_ros2/install/wheeltec_robot_rtab/share/wheeltec_robot_rtab/local_setup.bash
[1.274s] -- Up-to-date: /home/wheeltec/wheeltec_ros2/install/wheeltec_robot_rtab/share/wheeltec_robot_rtab/local_setup.sh
[1.274s] -- Up-to-date: /home/wheeltec/wheeltec_ros2/install/wheeltec_robot_rtab/share/wheeltec_robot_rtab/local_setup.zsh
[1.274s] -- Installing: /home/wheeltec/wheeltec_ros2/install/wheeltec_robot_rtab/share/wheeltec_robot_rtab/local_setup.dsv
[1.275s] -- Installing: /home/wheeltec/wheeltec_ros2/install/wheeltec_robot_rtab/share/wheeltec_robot_rtab/package.dsv
[1.276s] -- Up-to-date: /home/wheeltec/wheeltec_ros2/install/wheeltec_robot_rtab/share/ament_index/resource_index/packages/wheeltec_robot_rtab
[1.276s] -- Up-to-date: /home/wheeltec/wheeltec_ros2/install/wheeltec_robot_rtab/share/wheeltec_robot_rtab/cmake/wheeltec_robot_rtabConfig.cmake
[1.276s] -- Up-to-date: /home/wheeltec/wheeltec_ros2/install/wheeltec_robot_rtab/share/wheeltec_robot_rtab/cmake/wheeltec_robot_rtabConfig-version.cmake
[1.277s] -- Installing: /home/wheeltec/wheeltec_ros2/install/wheeltec_robot_rtab/share/wheeltec_robot_rtab/package.xml
[1.285s] Invoked command in '/home/wheeltec/wheeltec_ros2/build/wheeltec_robot_rtab' returned '0': CMAKE_PREFIX_PATH=${CMAKE_PREFIX_PATH}:/home/wheeltec/wheeltec_ros2/install/simple_follower_ros2:/home/wheeltec/wheeltec_ros2/install/wheeltec_robot_keyboard:/home/wheeltec/wheeltec_ros2/install/tf2_tools:/home/wheeltec/wheeltec_ros2/install/nav2_simple_commander:/home/wheeltec/wheeltec_ros2/install/nav2_gazebo_spawner:/opt/ros/galactic /usr/bin/cmake --install /home/wheeltec/wheeltec_ros2/build/wheeltec_robot_rtab
