[0.081s] Invoking command in '/home/wheeltec/wheeltec_ros2/build/astra_camera_msgs': CMAKE_PREFIX_PATH=${CMAKE_PREFIX_PATH}:/home/wheeltec/wheeltec_ros2/install/simple_follower_ros2:/home/wheeltec/wheeltec_ros2/install/wheeltec_robot_keyboard:/home/wheeltec/wheeltec_ros2/install/tf2_tools:/home/wheeltec/wheeltec_ros2/install/nav2_simple_commander:/home/wheeltec/wheeltec_ros2/install/nav2_gazebo_spawner:/opt/ros/galactic /usr/bin/cmake /home/wheeltec/wheeltec_ros2/src/ros2_astra_camera/astra_camera_msgs -DCMAKE_INSTALL_PREFIX=/home/wheeltec/wheeltec_ros2/install/astra_camera_msgs
[0.664s] -- The C compiler identification is GNU 9.4.0
[1.089s] -- The CXX compiler identification is GNU 9.4.0
[1.121s] -- Check for working C compiler: /usr/bin/cc
[1.434s] -- Check for working C compiler: /usr/bin/cc -- works
[1.438s] -- Detecting C compiler ABI info
[1.741s] -- Detecting C compiler ABI info - done
[1.780s] -- Detecting C compile features
[1.781s] -- Detecting C compile features - done
[1.790s] -- Check for working CXX compiler: /usr/bin/c++
[2.120s] -- Check for working CXX compiler: /usr/bin/c++ -- works
[2.123s] -- Detecting CXX compiler ABI info
[2.452s] -- Detecting CXX compiler ABI info - done
[2.493s] -- Detecting CXX compile features
[2.495s] -- Detecting CXX compile features - done
[2.548s] -- Found ament_cmake: 1.1.5 (/opt/ros/galactic/share/ament_cmake/cmake)
[2.727s] -- Found PythonInterp: /usr/bin/python3 (found suitable version "3.8.10", minimum required is "3") 
[2.727s] -- Using PYTHON_EXECUTABLE: /usr/bin/python3
[3.481s] -- Found rosidl_default_generators: 1.1.1 (/opt/ros/galactic/share/rosidl_default_generators/cmake)
[3.583s] -- Using all available rosidl_typesupport_c: rosidl_typesupport_fastrtps_c;rosidl_typesupport_introspection_c
[3.703s] -- Found rosidl_adapter: 2.2.2 (/opt/ros/galactic/share/rosidl_adapter/cmake)
[4.556s] -- Found OpenSSL: /usr/lib/aarch64-linux-gnu/libcrypto.so (found version "1.1.1f")  
[4.706s] -- Found FastRTPS: /opt/ros/galactic/include  
[5.301s] -- Using all available rosidl_typesupport_cpp: rosidl_typesupport_fastrtps_cpp;rosidl_typesupport_introspection_cpp
[5.532s] -- Found sensor_msgs: 2.2.4 (/opt/ros/galactic/share/sensor_msgs/cmake)
[6.374s] -- Found PythonInterp: /usr/bin/python3 (found version "3.8.10") 
[7.536s] -- Found ament_cmake_ros: 0.9.2 (/opt/ros/galactic/share/ament_cmake_ros/cmake)
[9.203s] -- Using all available rosidl_typesupport_c: rosidl_typesupport_fastrtps_c;rosidl_typesupport_introspection_c
[9.953s] -- Using all available rosidl_typesupport_cpp: rosidl_typesupport_fastrtps_cpp;rosidl_typesupport_introspection_cpp
[10.116s] -- Found PythonInterp: /usr/bin/python3 (found suitable version "3.8.10", minimum required is "3.5") 
[10.152s] -- Found python_cmake_module: 0.8.1 (/opt/ros/galactic/share/python_cmake_module/cmake)
[10.293s] -- Found PythonLibs: /usr/lib/aarch64-linux-gnu/libpython3.8.so (found suitable version "3.8.10", minimum required is "3.5") 
[10.293s] -- Using PYTHON_EXECUTABLE: /usr/bin/python3
[10.293s] -- Using PYTHON_INCLUDE_DIRS: /usr/include/python3.8
[10.294s] -- Using PYTHON_LIBRARIES: /usr/lib/aarch64-linux-gnu/libpython3.8.so
[10.394s] -- Found PythonExtra: .so  
[12.055s] -- Found ament_lint_auto: 0.10.7 (/opt/ros/galactic/share/ament_lint_auto/cmake)
[12.418s] -- Added test 'copyright' to check source files copyright and LICENSE
[12.431s] -- Added test 'lint_cmake' to check CMake code style
[12.441s] -- Added test 'xmllint' to check XML markup files
[12.468s] -- Configuring done
[12.796s] -- Generating done
[12.808s] -- Build files have been written to: /home/wheeltec/wheeltec_ros2/build/astra_camera_msgs
[12.843s] Invoked command in '/home/wheeltec/wheeltec_ros2/build/astra_camera_msgs' returned '0': CMAKE_PREFIX_PATH=${CMAKE_PREFIX_PATH}:/home/wheeltec/wheeltec_ros2/install/simple_follower_ros2:/home/wheeltec/wheeltec_ros2/install/wheeltec_robot_keyboard:/home/wheeltec/wheeltec_ros2/install/tf2_tools:/home/wheeltec/wheeltec_ros2/install/nav2_simple_commander:/home/wheeltec/wheeltec_ros2/install/nav2_gazebo_spawner:/opt/ros/galactic /usr/bin/cmake /home/wheeltec/wheeltec_ros2/src/ros2_astra_camera/astra_camera_msgs -DCMAKE_INSTALL_PREFIX=/home/wheeltec/wheeltec_ros2/install/astra_camera_msgs
[12.852s] Invoking command in '/home/wheeltec/wheeltec_ros2/build/astra_camera_msgs': CMAKE_PREFIX_PATH=${CMAKE_PREFIX_PATH}:/home/wheeltec/wheeltec_ros2/install/simple_follower_ros2:/home/wheeltec/wheeltec_ros2/install/wheeltec_robot_keyboard:/home/wheeltec/wheeltec_ros2/install/tf2_tools:/home/wheeltec/wheeltec_ros2/install/nav2_simple_commander:/home/wheeltec/wheeltec_ros2/install/nav2_gazebo_spawner:/opt/ros/galactic /usr/bin/cmake --build /home/wheeltec/wheeltec_ros2/build/astra_camera_msgs -- -j4 -l4
[13.079s] [35m[1mScanning dependencies of target astra_camera_msgs__cpp[0m
[13.083s] [  1%] [34m[1mGenerating C code for ROS interfaces[0m
[13.143s] [  2%] [34m[1mGenerating C++ code for ROS interfaces[0m
[16.788s] [  2%] Built target astra_camera_msgs__cpp
[16.872s] [  3%] [34m[1mGenerating C++ type support dispatch for ROS interfaces[0m
[16.897s] [  4%] [34m[1mGenerating C++ type support for eProsima Fast-RTPS[0m
[17.595s] [  5%] [34m[1mGenerating C++ introspection for ROS interfaces[0m
[17.720s] [35m[1mScanning dependencies of target astra_camera_msgs__rosidl_generator_c[0m
[17.826s] [  6%] [32mBuilding C object CMakeFiles/astra_camera_msgs__rosidl_generator_c.dir/rosidl_generator_c/astra_camera_msgs/msg/detail/device_info__functions.c.o[0m
[18.091s] [  7%] [32mBuilding C object CMakeFiles/astra_camera_msgs__rosidl_generator_c.dir/rosidl_generator_c/astra_camera_msgs/msg/detail/extrinsics__functions.c.o[0m
[18.313s] [  8%] [32mBuilding C object CMakeFiles/astra_camera_msgs__rosidl_generator_c.dir/rosidl_generator_c/astra_camera_msgs/msg/detail/metadata__functions.c.o[0m
[18.550s] [  9%] [32mBuilding C object CMakeFiles/astra_camera_msgs__rosidl_generator_c.dir/rosidl_generator_c/astra_camera_msgs/srv/detail/get_device_info__functions.c.o[0m
[18.830s] [ 10%] [32mBuilding C object CMakeFiles/astra_camera_msgs__rosidl_generator_c.dir/rosidl_generator_c/astra_camera_msgs/srv/detail/get_camera_info__functions.c.o[0m
[19.108s] [ 11%] [32mBuilding C object CMakeFiles/astra_camera_msgs__rosidl_generator_c.dir/rosidl_generator_c/astra_camera_msgs/srv/detail/get_camera_params__functions.c.o[0m
[19.360s] [ 12%] [32mBuilding C object CMakeFiles/astra_camera_msgs__rosidl_generator_c.dir/rosidl_generator_c/astra_camera_msgs/srv/detail/get_int32__functions.c.o[0m
[19.455s] [35m[1mScanning dependencies of target astra_camera_msgs__rosidl_typesupport_cpp[0m
[19.555s] [ 13%] [32mBuilding CXX object CMakeFiles/astra_camera_msgs__rosidl_typesupport_cpp.dir/rosidl_typesupport_cpp/astra_camera_msgs/msg/device_info__type_support.cpp.o[0m
[19.591s] [ 14%] [32mBuilding C object CMakeFiles/astra_camera_msgs__rosidl_generator_c.dir/rosidl_generator_c/astra_camera_msgs/srv/detail/get_string__functions.c.o[0m
[19.826s] [ 15%] [32mBuilding C object CMakeFiles/astra_camera_msgs__rosidl_generator_c.dir/rosidl_generator_c/astra_camera_msgs/srv/detail/set_int32__functions.c.o[0m
[20.061s] [ 16%] [32m[1mLinking C shared library libastra_camera_msgs__rosidl_generator_c.so[0m
[20.325s] [ 16%] Built target astra_camera_msgs__rosidl_generator_c
[20.400s] [ 17%] [34m[1mGenerating C introspection for ROS interfaces[0m
[20.960s] [ 18%] [32mBuilding CXX object CMakeFiles/astra_camera_msgs__rosidl_typesupport_cpp.dir/rosidl_typesupport_cpp/astra_camera_msgs/msg/extrinsics__type_support.cpp.o[0m
[21.085s] [35m[1mScanning dependencies of target astra_camera_msgs__rosidl_typesupport_fastrtps_cpp[0m
[21.236s] [ 20%] [32mBuilding CXX object CMakeFiles/astra_camera_msgs__rosidl_typesupport_fastrtps_cpp.dir/rosidl_typesupport_fastrtps_cpp/astra_camera_msgs/msg/detail/dds_fastrtps/device_info__type_support.cpp.o[0m
[21.245s] [35m[1mScanning dependencies of target astra_camera_msgs__rosidl_typesupport_introspection_cpp[0m
[21.345s] [ 21%] [32mBuilding CXX object CMakeFiles/astra_camera_msgs__rosidl_typesupport_introspection_cpp.dir/rosidl_typesupport_introspection_cpp/astra_camera_msgs/msg/detail/device_info__type_support.cpp.o[0m
[22.178s] [ 22%] [32mBuilding CXX object CMakeFiles/astra_camera_msgs__rosidl_typesupport_cpp.dir/rosidl_typesupport_cpp/astra_camera_msgs/msg/metadata__type_support.cpp.o[0m
[22.569s] [ 23%] [32mBuilding CXX object CMakeFiles/astra_camera_msgs__rosidl_typesupport_introspection_cpp.dir/rosidl_typesupport_introspection_cpp/astra_camera_msgs/msg/detail/extrinsics__type_support.cpp.o[0m
[23.074s] [ 24%] [32mBuilding CXX object CMakeFiles/astra_camera_msgs__rosidl_typesupport_fastrtps_cpp.dir/rosidl_typesupport_fastrtps_cpp/astra_camera_msgs/msg/detail/dds_fastrtps/extrinsics__type_support.cpp.o[0m
[23.425s] [ 25%] [32mBuilding CXX object CMakeFiles/astra_camera_msgs__rosidl_typesupport_cpp.dir/rosidl_typesupport_cpp/astra_camera_msgs/srv/get_device_info__type_support.cpp.o[0m
[23.870s] [ 26%] [32mBuilding CXX object CMakeFiles/astra_camera_msgs__rosidl_typesupport_introspection_cpp.dir/rosidl_typesupport_introspection_cpp/astra_camera_msgs/msg/detail/metadata__type_support.cpp.o[0m
[24.233s] [35m[1mScanning dependencies of target astra_camera_msgs__rosidl_typesupport_introspection_c[0m
[24.345s] [ 27%] [32mBuilding C object CMakeFiles/astra_camera_msgs__rosidl_typesupport_introspection_c.dir/rosidl_typesupport_introspection_c/astra_camera_msgs/msg/detail/device_info__type_support.c.o[0m
[24.517s] [ 28%] [32mBuilding C object CMakeFiles/astra_camera_msgs__rosidl_typesupport_introspection_c.dir/rosidl_typesupport_introspection_c/astra_camera_msgs/msg/detail/extrinsics__type_support.c.o[0m
[24.660s] [ 29%] [32mBuilding CXX object CMakeFiles/astra_camera_msgs__rosidl_typesupport_cpp.dir/rosidl_typesupport_cpp/astra_camera_msgs/srv/get_camera_info__type_support.cpp.o[0m
[24.688s] [ 30%] [32mBuilding C object CMakeFiles/astra_camera_msgs__rosidl_typesupport_introspection_c.dir/rosidl_typesupport_introspection_c/astra_camera_msgs/msg/detail/metadata__type_support.c.o[0m
[24.847s] [ 31%] [32mBuilding C object CMakeFiles/astra_camera_msgs__rosidl_typesupport_introspection_c.dir/rosidl_typesupport_introspection_c/astra_camera_msgs/srv/detail/get_device_info__type_support.c.o[0m
[24.943s] [ 32%] [32mBuilding CXX object CMakeFiles/astra_camera_msgs__rosidl_typesupport_fastrtps_cpp.dir/rosidl_typesupport_fastrtps_cpp/astra_camera_msgs/msg/detail/dds_fastrtps/metadata__type_support.cpp.o[0m
[25.022s] [ 33%] [32mBuilding C object CMakeFiles/astra_camera_msgs__rosidl_typesupport_introspection_c.dir/rosidl_typesupport_introspection_c/astra_camera_msgs/srv/detail/get_camera_info__type_support.c.o[0m
[25.137s] [ 34%] [32mBuilding CXX object CMakeFiles/astra_camera_msgs__rosidl_typesupport_introspection_cpp.dir/rosidl_typesupport_introspection_cpp/astra_camera_msgs/srv/detail/get_device_info__type_support.cpp.o[0m
[25.204s] [ 35%] [32mBuilding C object CMakeFiles/astra_camera_msgs__rosidl_typesupport_introspection_c.dir/rosidl_typesupport_introspection_c/astra_camera_msgs/srv/detail/get_camera_params__type_support.c.o[0m
[25.381s] [ 36%] [32mBuilding C object CMakeFiles/astra_camera_msgs__rosidl_typesupport_introspection_c.dir/rosidl_typesupport_introspection_c/astra_camera_msgs/srv/detail/get_int32__type_support.c.o[0m
[25.549s] [ 37%] [32mBuilding C object CMakeFiles/astra_camera_msgs__rosidl_typesupport_introspection_c.dir/rosidl_typesupport_introspection_c/astra_camera_msgs/srv/detail/get_string__type_support.c.o[0m
[25.725s] [ 38%] [32mBuilding C object CMakeFiles/astra_camera_msgs__rosidl_typesupport_introspection_c.dir/rosidl_typesupport_introspection_c/astra_camera_msgs/srv/detail/set_int32__type_support.c.o[0m
[25.901s] [ 40%] [32m[1mLinking C shared library libastra_camera_msgs__rosidl_typesupport_introspection_c.so[0m
[25.929s] [ 41%] [32mBuilding CXX object CMakeFiles/astra_camera_msgs__rosidl_typesupport_cpp.dir/rosidl_typesupport_cpp/astra_camera_msgs/srv/get_camera_params__type_support.cpp.o[0m
[26.085s] [ 41%] Built target astra_camera_msgs__rosidl_typesupport_introspection_c
[26.141s] [ 42%] [32mBuilding CXX object CMakeFiles/astra_camera_msgs__rosidl_typesupport_cpp.dir/rosidl_typesupport_cpp/astra_camera_msgs/srv/get_int32__type_support.cpp.o[0m
[26.421s] [ 43%] [32mBuilding CXX object CMakeFiles/astra_camera_msgs__rosidl_typesupport_introspection_cpp.dir/rosidl_typesupport_introspection_cpp/astra_camera_msgs/srv/detail/get_camera_info__type_support.cpp.o[0m
[26.749s] [ 44%] [32mBuilding CXX object CMakeFiles/astra_camera_msgs__rosidl_typesupport_fastrtps_cpp.dir/rosidl_typesupport_fastrtps_cpp/astra_camera_msgs/srv/detail/dds_fastrtps/get_device_info__type_support.cpp.o[0m
[27.177s] [ 45%] [32mBuilding CXX object CMakeFiles/astra_camera_msgs__rosidl_typesupport_cpp.dir/rosidl_typesupport_cpp/astra_camera_msgs/srv/get_string__type_support.cpp.o[0m
[27.380s] [ 46%] [32mBuilding CXX object CMakeFiles/astra_camera_msgs__rosidl_typesupport_cpp.dir/rosidl_typesupport_cpp/astra_camera_msgs/srv/set_int32__type_support.cpp.o[0m
[27.769s] [ 47%] [32mBuilding CXX object CMakeFiles/astra_camera_msgs__rosidl_typesupport_introspection_cpp.dir/rosidl_typesupport_introspection_cpp/astra_camera_msgs/srv/detail/get_camera_params__type_support.cpp.o[0m
[28.407s] [ 48%] [32mBuilding CXX object CMakeFiles/astra_camera_msgs__rosidl_typesupport_introspection_cpp.dir/rosidl_typesupport_introspection_cpp/astra_camera_msgs/srv/detail/get_int32__type_support.cpp.o[0m
[28.613s] [ 49%] [32m[1mLinking CXX shared library libastra_camera_msgs__rosidl_typesupport_cpp.so[0m
[28.615s] [ 50%] [32mBuilding CXX object CMakeFiles/astra_camera_msgs__rosidl_typesupport_fastrtps_cpp.dir/rosidl_typesupport_fastrtps_cpp/astra_camera_msgs/srv/detail/dds_fastrtps/get_camera_info__type_support.cpp.o[0m
[28.826s] [ 50%] Built target astra_camera_msgs__rosidl_typesupport_cpp
[28.882s] [ 51%] [32mBuilding CXX object CMakeFiles/astra_camera_msgs__rosidl_typesupport_fastrtps_cpp.dir/rosidl_typesupport_fastrtps_cpp/astra_camera_msgs/srv/detail/dds_fastrtps/get_camera_params__type_support.cpp.o[0m
[29.132s] [ 52%] [32mBuilding CXX object CMakeFiles/astra_camera_msgs__rosidl_typesupport_introspection_cpp.dir/rosidl_typesupport_introspection_cpp/astra_camera_msgs/srv/detail/get_string__type_support.cpp.o[0m
[29.671s] [ 53%] [32mBuilding CXX object CMakeFiles/astra_camera_msgs__rosidl_typesupport_introspection_cpp.dir/rosidl_typesupport_introspection_cpp/astra_camera_msgs/srv/detail/set_int32__type_support.cpp.o[0m
[30.359s] [ 54%] [32mBuilding CXX object CMakeFiles/astra_camera_msgs__rosidl_typesupport_fastrtps_cpp.dir/rosidl_typesupport_fastrtps_cpp/astra_camera_msgs/srv/detail/dds_fastrtps/get_int32__type_support.cpp.o[0m
[30.520s] [ 55%] [32mBuilding CXX object CMakeFiles/astra_camera_msgs__rosidl_typesupport_fastrtps_cpp.dir/rosidl_typesupport_fastrtps_cpp/astra_camera_msgs/srv/detail/dds_fastrtps/get_string__type_support.cpp.o[0m
[30.868s] [ 56%] [32mBuilding CXX object CMakeFiles/astra_camera_msgs__rosidl_typesupport_fastrtps_cpp.dir/rosidl_typesupport_fastrtps_cpp/astra_camera_msgs/srv/detail/dds_fastrtps/set_int32__type_support.cpp.o[0m
[30.966s] [ 57%] [32m[1mLinking CXX shared library libastra_camera_msgs__rosidl_typesupport_introspection_cpp.so[0m
[31.317s] [ 57%] Built target astra_camera_msgs__rosidl_typesupport_introspection_cpp
[31.386s] [ 58%] [34m[1mGenerating C type support dispatch for ROS interfaces[0m
[32.725s] [ 60%] [32m[1mLinking CXX shared library libastra_camera_msgs__rosidl_typesupport_fastrtps_cpp.so[0m
[33.089s] [ 60%] Built target astra_camera_msgs__rosidl_typesupport_fastrtps_cpp
[33.152s] [ 61%] [34m[1mGenerating C type support for eProsima Fast-RTPS[0m
[33.667s] [35m[1mScanning dependencies of target astra_camera_msgs__rosidl_typesupport_c[0m
[33.749s] [ 62%] [32mBuilding CXX object CMakeFiles/astra_camera_msgs__rosidl_typesupport_c.dir/rosidl_typesupport_c/astra_camera_msgs/msg/device_info__type_support.cpp.o[0m
[33.754s] [ 64%] [32mBuilding CXX object CMakeFiles/astra_camera_msgs__rosidl_typesupport_c.dir/rosidl_typesupport_c/astra_camera_msgs/msg/extrinsics__type_support.cpp.o[0m
[33.755s] [ 64%] [32mBuilding CXX object CMakeFiles/astra_camera_msgs__rosidl_typesupport_c.dir/rosidl_typesupport_c/astra_camera_msgs/msg/metadata__type_support.cpp.o[0m
[33.894s] [ 65%] [32mBuilding CXX object CMakeFiles/astra_camera_msgs__rosidl_typesupport_c.dir/rosidl_typesupport_c/astra_camera_msgs/srv/get_device_info__type_support.cpp.o[0m
[33.902s] [ 67%] [32mBuilding CXX object CMakeFiles/astra_camera_msgs__rosidl_typesupport_c.dir/rosidl_typesupport_c/astra_camera_msgs/srv/get_camera_info__type_support.cpp.o[0m
[33.902s] [ 67%] [32mBuilding CXX object CMakeFiles/astra_camera_msgs__rosidl_typesupport_c.dir/rosidl_typesupport_c/astra_camera_msgs/srv/get_camera_params__type_support.cpp.o[0m
[34.057s] [ 68%] [32mBuilding CXX object CMakeFiles/astra_camera_msgs__rosidl_typesupport_c.dir/rosidl_typesupport_c/astra_camera_msgs/srv/get_string__type_support.cpp.o[0m
[34.065s] [ 69%] [32mBuilding CXX object CMakeFiles/astra_camera_msgs__rosidl_typesupport_c.dir/rosidl_typesupport_c/astra_camera_msgs/srv/get_int32__type_support.cpp.o[0m
[34.080s] [ 70%] [32mBuilding CXX object CMakeFiles/astra_camera_msgs__rosidl_typesupport_c.dir/rosidl_typesupport_c/astra_camera_msgs/srv/set_int32__type_support.cpp.o[0m
[34.235s] [ 71%] [32m[1mLinking CXX shared library libastra_camera_msgs__rosidl_typesupport_c.so[0m
[34.418s] [ 71%] Built target astra_camera_msgs__rosidl_typesupport_c
[36.215s] [35m[1mScanning dependencies of target astra_camera_msgs__rosidl_typesupport_fastrtps_c[0m
[36.361s] [ 73%] [32mBuilding CXX object CMakeFiles/astra_camera_msgs__rosidl_typesupport_fastrtps_c.dir/rosidl_typesupport_fastrtps_c/astra_camera_msgs/msg/detail/extrinsics__type_support_c.cpp.o[0m
[36.362s] [ 73%] [32mBuilding CXX object CMakeFiles/astra_camera_msgs__rosidl_typesupport_fastrtps_c.dir/rosidl_typesupport_fastrtps_c/astra_camera_msgs/msg/detail/device_info__type_support_c.cpp.o[0m
[36.368s] [ 74%] [32mBuilding CXX object CMakeFiles/astra_camera_msgs__rosidl_typesupport_fastrtps_c.dir/rosidl_typesupport_fastrtps_c/astra_camera_msgs/msg/detail/metadata__type_support_c.cpp.o[0m
[36.371s] [ 75%] [32mBuilding CXX object CMakeFiles/astra_camera_msgs__rosidl_typesupport_fastrtps_c.dir/rosidl_typesupport_fastrtps_c/astra_camera_msgs/srv/detail/get_device_info__type_support_c.cpp.o[0m
[37.836s] [ 76%] [32mBuilding CXX object CMakeFiles/astra_camera_msgs__rosidl_typesupport_fastrtps_c.dir/rosidl_typesupport_fastrtps_c/astra_camera_msgs/srv/detail/get_camera_info__type_support_c.cpp.o[0m
[37.840s] [ 77%] [32mBuilding CXX object CMakeFiles/astra_camera_msgs__rosidl_typesupport_fastrtps_c.dir/rosidl_typesupport_fastrtps_c/astra_camera_msgs/srv/detail/get_camera_params__type_support_c.cpp.o[0m
[37.890s] [ 78%] [32mBuilding CXX object CMakeFiles/astra_camera_msgs__rosidl_typesupport_fastrtps_c.dir/rosidl_typesupport_fastrtps_c/astra_camera_msgs/srv/detail/get_int32__type_support_c.cpp.o[0m
[37.900s] [ 80%] [32mBuilding CXX object CMakeFiles/astra_camera_msgs__rosidl_typesupport_fastrtps_c.dir/rosidl_typesupport_fastrtps_c/astra_camera_msgs/srv/detail/get_string__type_support_c.cpp.o[0m
[39.381s] [ 81%] [32mBuilding CXX object CMakeFiles/astra_camera_msgs__rosidl_typesupport_fastrtps_c.dir/rosidl_typesupport_fastrtps_c/astra_camera_msgs/srv/detail/set_int32__type_support_c.cpp.o[0m
[40.707s] [ 82%] [32m[1mLinking CXX shared library libastra_camera_msgs__rosidl_typesupport_fastrtps_c.so[0m
[41.044s] [ 82%] Built target astra_camera_msgs__rosidl_typesupport_fastrtps_c
[41.100s] [35m[1mScanning dependencies of target astra_camera_msgs[0m
[41.160s] [ 82%] Built target astra_camera_msgs
[41.218s] [35m[1mScanning dependencies of target astra_camera_msgs__py[0m
[41.280s] [ 83%] [34m[1mGenerating Python code for ROS interfaces[0m
[47.834s] [ 83%] Built target astra_camera_msgs__py
[47.890s] [35m[1mScanning dependencies of target astra_camera_msgs__python[0m
[48.078s] [ 84%] [32mBuilding C object CMakeFiles/astra_camera_msgs__python.dir/rosidl_generator_py/astra_camera_msgs/msg/_device_info_s.c.o[0m
[48.079s] [ 85%] [32mBuilding C object CMakeFiles/astra_camera_msgs__python.dir/rosidl_generator_py/astra_camera_msgs/msg/_extrinsics_s.c.o[0m
[48.080s] [ 86%] [32mBuilding C object CMakeFiles/astra_camera_msgs__python.dir/rosidl_generator_py/astra_camera_msgs/msg/_metadata_s.c.o[0m
[48.082s] [ 87%] [32mBuilding C object CMakeFiles/astra_camera_msgs__python.dir/rosidl_generator_py/astra_camera_msgs/srv/_get_device_info_s.c.o[0m
[48.488s] [ 88%] [32mBuilding C object CMakeFiles/astra_camera_msgs__python.dir/rosidl_generator_py/astra_camera_msgs/srv/_get_camera_info_s.c.o[0m
[48.520s] [ 89%] [32mBuilding C object CMakeFiles/astra_camera_msgs__python.dir/rosidl_generator_py/astra_camera_msgs/srv/_get_camera_params_s.c.o[0m
[48.523s] [ 90%] [32mBuilding C object CMakeFiles/astra_camera_msgs__python.dir/rosidl_generator_py/astra_camera_msgs/srv/_get_string_s.c.o[0m
[48.526s] [ 91%] [32mBuilding C object CMakeFiles/astra_camera_msgs__python.dir/rosidl_generator_py/astra_camera_msgs/srv/_get_int32_s.c.o[0m
[48.942s] [ 92%] [32mBuilding C object CMakeFiles/astra_camera_msgs__python.dir/rosidl_generator_py/astra_camera_msgs/srv/_set_int32_s.c.o[0m
[49.324s] [ 93%] [32m[1mLinking C shared library rosidl_generator_py/astra_camera_msgs/libastra_camera_msgs__python.so[0m
[49.545s] [ 93%] Built target astra_camera_msgs__python
[49.604s] [35m[1mScanning dependencies of target astra_camera_msgs__rosidl_typesupport_c__pyext[0m
[49.605s] [35m[1mScanning dependencies of target astra_camera_msgs__rosidl_typesupport_fastrtps_c__pyext[0m
[49.606s] [35m[1mScanning dependencies of target astra_camera_msgs__rosidl_typesupport_introspection_c__pyext[0m
[49.707s] [ 94%] [32mBuilding C object CMakeFiles/astra_camera_msgs__rosidl_typesupport_c__pyext.dir/rosidl_generator_py/astra_camera_msgs/_astra_camera_msgs_s.ep.rosidl_typesupport_c.c.o[0m
[49.727s] [ 95%] [32mBuilding C object CMakeFiles/astra_camera_msgs__rosidl_typesupport_introspection_c__pyext.dir/rosidl_generator_py/astra_camera_msgs/_astra_camera_msgs_s.ep.rosidl_typesupport_introspection_c.c.o[0m
[49.735s] [ 96%] [32mBuilding C object CMakeFiles/astra_camera_msgs__rosidl_typesupport_fastrtps_c__pyext.dir/rosidl_generator_py/astra_camera_msgs/_astra_camera_msgs_s.ep.rosidl_typesupport_fastrtps_c.c.o[0m
[50.247s] [ 97%] [32m[1mLinking C shared library rosidl_generator_py/astra_camera_msgs/astra_camera_msgs_s__rosidl_typesupport_c.cpython-38-aarch64-linux-gnu.so[0m
[50.263s] [ 98%] [32m[1mLinking C shared library rosidl_generator_py/astra_camera_msgs/astra_camera_msgs_s__rosidl_typesupport_introspection_c.cpython-38-aarch64-linux-gnu.so[0m
[50.279s] [100%] [32m[1mLinking CXX shared library rosidl_generator_py/astra_camera_msgs/astra_camera_msgs_s__rosidl_typesupport_fastrtps_c.cpython-38-aarch64-linux-gnu.so[0m
[50.467s] [100%] Built target astra_camera_msgs__rosidl_typesupport_c__pyext
[50.494s] [100%] Built target astra_camera_msgs__rosidl_typesupport_introspection_c__pyext
[50.610s] [100%] Built target astra_camera_msgs__rosidl_typesupport_fastrtps_c__pyext
[50.671s] Invoked command in '/home/wheeltec/wheeltec_ros2/build/astra_camera_msgs' returned '0': CMAKE_PREFIX_PATH=${CMAKE_PREFIX_PATH}:/home/wheeltec/wheeltec_ros2/install/simple_follower_ros2:/home/wheeltec/wheeltec_ros2/install/wheeltec_robot_keyboard:/home/wheeltec/wheeltec_ros2/install/tf2_tools:/home/wheeltec/wheeltec_ros2/install/nav2_simple_commander:/home/wheeltec/wheeltec_ros2/install/nav2_gazebo_spawner:/opt/ros/galactic /usr/bin/cmake --build /home/wheeltec/wheeltec_ros2/build/astra_camera_msgs -- -j4 -l4
[52.013s] Invoking command in '/home/wheeltec/wheeltec_ros2/build/astra_camera_msgs': CMAKE_PREFIX_PATH=${CMAKE_PREFIX_PATH}:/home/wheeltec/wheeltec_ros2/install/simple_follower_ros2:/home/wheeltec/wheeltec_ros2/install/wheeltec_robot_keyboard:/home/wheeltec/wheeltec_ros2/install/tf2_tools:/home/wheeltec/wheeltec_ros2/install/nav2_simple_commander:/home/wheeltec/wheeltec_ros2/install/nav2_gazebo_spawner:/opt/ros/galactic /usr/bin/cmake --install /home/wheeltec/wheeltec_ros2/build/astra_camera_msgs
[52.058s] -- Install configuration: ""
[52.059s] -- Installing: /home/wheeltec/wheeltec_ros2/install/astra_camera_msgs/share/ament_index/resource_index/rosidl_interfaces/astra_camera_msgs
[52.060s] -- Installing: /home/wheeltec/wheeltec_ros2/install/astra_camera_msgs/include/astra_camera_msgs
[52.060s] -- Installing: /home/wheeltec/wheeltec_ros2/install/astra_camera_msgs/include/astra_camera_msgs/srv
[52.061s] -- Installing: /home/wheeltec/wheeltec_ros2/install/astra_camera_msgs/include/astra_camera_msgs/srv/get_int32.h
[52.061s] -- Installing: /home/wheeltec/wheeltec_ros2/install/astra_camera_msgs/include/astra_camera_msgs/srv/detail
[52.061s] -- Installing: /home/wheeltec/wheeltec_ros2/install/astra_camera_msgs/include/astra_camera_msgs/srv/detail/get_int32__struct.h
[52.062s] -- Installing: /home/wheeltec/wheeltec_ros2/install/astra_camera_msgs/include/astra_camera_msgs/srv/detail/get_camera_info__functions.h
[52.062s] -- Installing: /home/wheeltec/wheeltec_ros2/install/astra_camera_msgs/include/astra_camera_msgs/srv/detail/get_string__type_support.h
[52.062s] -- Installing: /home/wheeltec/wheeltec_ros2/install/astra_camera_msgs/include/astra_camera_msgs/srv/detail/get_camera_info__type_support.h
[52.063s] -- Installing: /home/wheeltec/wheeltec_ros2/install/astra_camera_msgs/include/astra_camera_msgs/srv/detail/get_device_info__type_support.h
[52.063s] -- Installing: /home/wheeltec/wheeltec_ros2/install/astra_camera_msgs/include/astra_camera_msgs/srv/detail/get_device_info__struct.h
[52.063s] -- Installing: /home/wheeltec/wheeltec_ros2/install/astra_camera_msgs/include/astra_camera_msgs/srv/detail/get_device_info__functions.h
[52.064s] -- Installing: /home/wheeltec/wheeltec_ros2/install/astra_camera_msgs/include/astra_camera_msgs/srv/detail/get_string__functions.c
[52.064s] -- Installing: /home/wheeltec/wheeltec_ros2/install/astra_camera_msgs/include/astra_camera_msgs/srv/detail/get_camera_info__struct.h
[52.065s] -- Installing: /home/wheeltec/wheeltec_ros2/install/astra_camera_msgs/include/astra_camera_msgs/srv/detail/get_string__functions.h
[52.065s] -- Installing: /home/wheeltec/wheeltec_ros2/install/astra_camera_msgs/include/astra_camera_msgs/srv/detail/get_int32__functions.h
[52.066s] -- Installing: /home/wheeltec/wheeltec_ros2/install/astra_camera_msgs/include/astra_camera_msgs/srv/detail/get_camera_params__functions.c
[52.066s] -- Installing: /home/wheeltec/wheeltec_ros2/install/astra_camera_msgs/include/astra_camera_msgs/srv/detail/set_int32__struct.h
[52.067s] -- Installing: /home/wheeltec/wheeltec_ros2/install/astra_camera_msgs/include/astra_camera_msgs/srv/detail/get_camera_params__functions.h
[52.067s] -- Installing: /home/wheeltec/wheeltec_ros2/install/astra_camera_msgs/include/astra_camera_msgs/srv/detail/get_int32__type_support.h
[52.067s] -- Installing: /home/wheeltec/wheeltec_ros2/install/astra_camera_msgs/include/astra_camera_msgs/srv/detail/get_camera_params__type_support.h
[52.068s] -- Installing: /home/wheeltec/wheeltec_ros2/install/astra_camera_msgs/include/astra_camera_msgs/srv/detail/set_int32__functions.c
[52.068s] -- Installing: /home/wheeltec/wheeltec_ros2/install/astra_camera_msgs/include/astra_camera_msgs/srv/detail/get_device_info__functions.c
[52.069s] -- Installing: /home/wheeltec/wheeltec_ros2/install/astra_camera_msgs/include/astra_camera_msgs/srv/detail/get_camera_params__struct.h
[52.069s] -- Installing: /home/wheeltec/wheeltec_ros2/install/astra_camera_msgs/include/astra_camera_msgs/srv/detail/get_string__struct.h
[52.070s] -- Installing: /home/wheeltec/wheeltec_ros2/install/astra_camera_msgs/include/astra_camera_msgs/srv/detail/get_int32__functions.c
[52.070s] -- Installing: /home/wheeltec/wheeltec_ros2/install/astra_camera_msgs/include/astra_camera_msgs/srv/detail/get_camera_info__functions.c
[52.071s] -- Installing: /home/wheeltec/wheeltec_ros2/install/astra_camera_msgs/include/astra_camera_msgs/srv/detail/set_int32__type_support.h
[52.071s] -- Installing: /home/wheeltec/wheeltec_ros2/install/astra_camera_msgs/include/astra_camera_msgs/srv/detail/set_int32__functions.h
[52.071s] -- Installing: /home/wheeltec/wheeltec_ros2/install/astra_camera_msgs/include/astra_camera_msgs/srv/get_string.h
[52.072s] -- Installing: /home/wheeltec/wheeltec_ros2/install/astra_camera_msgs/include/astra_camera_msgs/srv/set_int32.h
[52.072s] -- Installing: /home/wheeltec/wheeltec_ros2/install/astra_camera_msgs/include/astra_camera_msgs/srv/get_camera_info.h
[52.073s] -- Installing: /home/wheeltec/wheeltec_ros2/install/astra_camera_msgs/include/astra_camera_msgs/srv/get_device_info.h
[52.073s] -- Installing: /home/wheeltec/wheeltec_ros2/install/astra_camera_msgs/include/astra_camera_msgs/srv/get_camera_params.h
[52.073s] -- Installing: /home/wheeltec/wheeltec_ros2/install/astra_camera_msgs/include/astra_camera_msgs/msg
[52.074s] -- Installing: /home/wheeltec/wheeltec_ros2/install/astra_camera_msgs/include/astra_camera_msgs/msg/detail
[52.074s] -- Installing: /home/wheeltec/wheeltec_ros2/install/astra_camera_msgs/include/astra_camera_msgs/msg/detail/metadata__functions.c
[52.074s] -- Installing: /home/wheeltec/wheeltec_ros2/install/astra_camera_msgs/include/astra_camera_msgs/msg/detail/metadata__type_support.h
[52.075s] -- Installing: /home/wheeltec/wheeltec_ros2/install/astra_camera_msgs/include/astra_camera_msgs/msg/detail/metadata__struct.h
[52.075s] -- Installing: /home/wheeltec/wheeltec_ros2/install/astra_camera_msgs/include/astra_camera_msgs/msg/detail/extrinsics__functions.h
[52.076s] -- Installing: /home/wheeltec/wheeltec_ros2/install/astra_camera_msgs/include/astra_camera_msgs/msg/detail/extrinsics__struct.h
[52.076s] -- Installing: /home/wheeltec/wheeltec_ros2/install/astra_camera_msgs/include/astra_camera_msgs/msg/detail/extrinsics__type_support.h
[52.076s] -- Installing: /home/wheeltec/wheeltec_ros2/install/astra_camera_msgs/include/astra_camera_msgs/msg/detail/device_info__functions.h
[52.077s] -- Installing: /home/wheeltec/wheeltec_ros2/install/astra_camera_msgs/include/astra_camera_msgs/msg/detail/metadata__functions.h
[52.077s] -- Installing: /home/wheeltec/wheeltec_ros2/install/astra_camera_msgs/include/astra_camera_msgs/msg/detail/device_info__type_support.h
[52.078s] -- Installing: /home/wheeltec/wheeltec_ros2/install/astra_camera_msgs/include/astra_camera_msgs/msg/detail/extrinsics__functions.c
[52.078s] -- Installing: /home/wheeltec/wheeltec_ros2/install/astra_camera_msgs/include/astra_camera_msgs/msg/detail/device_info__functions.c
[52.079s] -- Installing: /home/wheeltec/wheeltec_ros2/install/astra_camera_msgs/include/astra_camera_msgs/msg/detail/device_info__struct.h
[52.079s] -- Installing: /home/wheeltec/wheeltec_ros2/install/astra_camera_msgs/include/astra_camera_msgs/msg/rosidl_generator_c__visibility_control.h
[52.079s] -- Installing: /home/wheeltec/wheeltec_ros2/install/astra_camera_msgs/include/astra_camera_msgs/msg/device_info.h
[52.080s] -- Installing: /home/wheeltec/wheeltec_ros2/install/astra_camera_msgs/include/astra_camera_msgs/msg/metadata.h
[52.080s] -- Installing: /home/wheeltec/wheeltec_ros2/install/astra_camera_msgs/include/astra_camera_msgs/msg/extrinsics.h
[52.081s] -- Installing: /home/wheeltec/wheeltec_ros2/install/astra_camera_msgs/share/astra_camera_msgs/environment/library_path.sh
[52.082s] -- Installing: /home/wheeltec/wheeltec_ros2/install/astra_camera_msgs/share/astra_camera_msgs/environment/library_path.dsv
[52.082s] -- Installing: /home/wheeltec/wheeltec_ros2/install/astra_camera_msgs/lib/libastra_camera_msgs__rosidl_generator_c.so
[52.084s] -- Set runtime path of "/home/wheeltec/wheeltec_ros2/install/astra_camera_msgs/lib/libastra_camera_msgs__rosidl_generator_c.so" to ""
[52.084s] -- Up-to-date: /home/wheeltec/wheeltec_ros2/install/astra_camera_msgs/include/astra_camera_msgs
[52.085s] -- Up-to-date: /home/wheeltec/wheeltec_ros2/install/astra_camera_msgs/include/astra_camera_msgs/srv
[52.085s] -- Up-to-date: /home/wheeltec/wheeltec_ros2/install/astra_camera_msgs/include/astra_camera_msgs/srv/detail
[52.085s] -- Installing: /home/wheeltec/wheeltec_ros2/install/astra_camera_msgs/include/astra_camera_msgs/srv/detail/get_device_info__rosidl_typesupport_fastrtps_c.h
[52.086s] -- Installing: /home/wheeltec/wheeltec_ros2/install/astra_camera_msgs/include/astra_camera_msgs/srv/detail/get_camera_info__rosidl_typesupport_fastrtps_c.h
[52.086s] -- Installing: /home/wheeltec/wheeltec_ros2/install/astra_camera_msgs/include/astra_camera_msgs/srv/detail/get_camera_params__rosidl_typesupport_fastrtps_c.h
[52.086s] -- Installing: /home/wheeltec/wheeltec_ros2/install/astra_camera_msgs/include/astra_camera_msgs/srv/detail/set_int32__rosidl_typesupport_fastrtps_c.h
[52.087s] -- Installing: /home/wheeltec/wheeltec_ros2/install/astra_camera_msgs/include/astra_camera_msgs/srv/detail/get_string__rosidl_typesupport_fastrtps_c.h
[52.087s] -- Installing: /home/wheeltec/wheeltec_ros2/install/astra_camera_msgs/include/astra_camera_msgs/srv/detail/get_int32__rosidl_typesupport_fastrtps_c.h
[52.087s] -- Up-to-date: /home/wheeltec/wheeltec_ros2/install/astra_camera_msgs/include/astra_camera_msgs/msg
[52.088s] -- Up-to-date: /home/wheeltec/wheeltec_ros2/install/astra_camera_msgs/include/astra_camera_msgs/msg/detail
[52.088s] -- Installing: /home/wheeltec/wheeltec_ros2/install/astra_camera_msgs/include/astra_camera_msgs/msg/detail/metadata__rosidl_typesupport_fastrtps_c.h
[52.088s] -- Installing: /home/wheeltec/wheeltec_ros2/install/astra_camera_msgs/include/astra_camera_msgs/msg/detail/extrinsics__rosidl_typesupport_fastrtps_c.h
[52.089s] -- Installing: /home/wheeltec/wheeltec_ros2/install/astra_camera_msgs/include/astra_camera_msgs/msg/detail/device_info__rosidl_typesupport_fastrtps_c.h
[52.089s] -- Installing: /home/wheeltec/wheeltec_ros2/install/astra_camera_msgs/include/astra_camera_msgs/msg/rosidl_typesupport_fastrtps_c__visibility_control.h
[52.090s] -- Installing: /home/wheeltec/wheeltec_ros2/install/astra_camera_msgs/lib/libastra_camera_msgs__rosidl_typesupport_fastrtps_c.so
[52.091s] -- Set runtime path of "/home/wheeltec/wheeltec_ros2/install/astra_camera_msgs/lib/libastra_camera_msgs__rosidl_typesupport_fastrtps_c.so" to ""
[52.092s] -- Up-to-date: /home/wheeltec/wheeltec_ros2/install/astra_camera_msgs/include/astra_camera_msgs
[52.093s] -- Up-to-date: /home/wheeltec/wheeltec_ros2/install/astra_camera_msgs/include/astra_camera_msgs/srv
[52.093s] -- Up-to-date: /home/wheeltec/wheeltec_ros2/install/astra_camera_msgs/include/astra_camera_msgs/srv/detail
[52.093s] -- Installing: /home/wheeltec/wheeltec_ros2/install/astra_camera_msgs/include/astra_camera_msgs/srv/detail/get_int32__rosidl_typesupport_fastrtps_cpp.hpp
[52.093s] -- Installing: /home/wheeltec/wheeltec_ros2/install/astra_camera_msgs/include/astra_camera_msgs/srv/detail/set_int32__rosidl_typesupport_fastrtps_cpp.hpp
[52.094s] -- Installing: /home/wheeltec/wheeltec_ros2/install/astra_camera_msgs/include/astra_camera_msgs/srv/detail/get_string__rosidl_typesupport_fastrtps_cpp.hpp
[52.094s] -- Installing: /home/wheeltec/wheeltec_ros2/install/astra_camera_msgs/include/astra_camera_msgs/srv/detail/dds_fastrtps
[52.095s] -- Installing: /home/wheeltec/wheeltec_ros2/install/astra_camera_msgs/include/astra_camera_msgs/srv/detail/get_camera_params__rosidl_typesupport_fastrtps_cpp.hpp
[52.095s] -- Installing: /home/wheeltec/wheeltec_ros2/install/astra_camera_msgs/include/astra_camera_msgs/srv/detail/get_camera_info__rosidl_typesupport_fastrtps_cpp.hpp
[52.095s] -- Installing: /home/wheeltec/wheeltec_ros2/install/astra_camera_msgs/include/astra_camera_msgs/srv/detail/get_device_info__rosidl_typesupport_fastrtps_cpp.hpp
[52.096s] -- Up-to-date: /home/wheeltec/wheeltec_ros2/install/astra_camera_msgs/include/astra_camera_msgs/msg
[52.096s] -- Up-to-date: /home/wheeltec/wheeltec_ros2/install/astra_camera_msgs/include/astra_camera_msgs/msg/detail
[52.096s] -- Installing: /home/wheeltec/wheeltec_ros2/install/astra_camera_msgs/include/astra_camera_msgs/msg/detail/dds_fastrtps
[52.097s] -- Installing: /home/wheeltec/wheeltec_ros2/install/astra_camera_msgs/include/astra_camera_msgs/msg/detail/extrinsics__rosidl_typesupport_fastrtps_cpp.hpp
[52.097s] -- Installing: /home/wheeltec/wheeltec_ros2/install/astra_camera_msgs/include/astra_camera_msgs/msg/detail/metadata__rosidl_typesupport_fastrtps_cpp.hpp
[52.097s] -- Installing: /home/wheeltec/wheeltec_ros2/install/astra_camera_msgs/include/astra_camera_msgs/msg/detail/device_info__rosidl_typesupport_fastrtps_cpp.hpp
[52.097s] -- Installing: /home/wheeltec/wheeltec_ros2/install/astra_camera_msgs/include/astra_camera_msgs/msg/rosidl_typesupport_fastrtps_cpp__visibility_control.h
[52.098s] -- Installing: /home/wheeltec/wheeltec_ros2/install/astra_camera_msgs/lib/libastra_camera_msgs__rosidl_typesupport_fastrtps_cpp.so
[52.100s] -- Set runtime path of "/home/wheeltec/wheeltec_ros2/install/astra_camera_msgs/lib/libastra_camera_msgs__rosidl_typesupport_fastrtps_cpp.so" to ""
[52.100s] -- Up-to-date: /home/wheeltec/wheeltec_ros2/install/astra_camera_msgs/include/astra_camera_msgs
[52.101s] -- Up-to-date: /home/wheeltec/wheeltec_ros2/install/astra_camera_msgs/include/astra_camera_msgs/srv
[52.101s] -- Up-to-date: /home/wheeltec/wheeltec_ros2/install/astra_camera_msgs/include/astra_camera_msgs/srv/detail
[52.101s] -- Installing: /home/wheeltec/wheeltec_ros2/install/astra_camera_msgs/include/astra_camera_msgs/srv/detail/set_int32__type_support.c
[52.102s] -- Installing: /home/wheeltec/wheeltec_ros2/install/astra_camera_msgs/include/astra_camera_msgs/srv/detail/get_camera_params__type_support.c
[52.102s] -- Installing: /home/wheeltec/wheeltec_ros2/install/astra_camera_msgs/include/astra_camera_msgs/srv/detail/get_int32__rosidl_typesupport_introspection_c.h
[52.103s] -- Installing: /home/wheeltec/wheeltec_ros2/install/astra_camera_msgs/include/astra_camera_msgs/srv/detail/get_camera_info__type_support.c
[52.103s] -- Installing: /home/wheeltec/wheeltec_ros2/install/astra_camera_msgs/include/astra_camera_msgs/srv/detail/get_device_info__type_support.c
[52.103s] -- Installing: /home/wheeltec/wheeltec_ros2/install/astra_camera_msgs/include/astra_camera_msgs/srv/detail/set_int32__rosidl_typesupport_introspection_c.h
[52.104s] -- Installing: /home/wheeltec/wheeltec_ros2/install/astra_camera_msgs/include/astra_camera_msgs/srv/detail/get_string__type_support.c
[52.104s] -- Installing: /home/wheeltec/wheeltec_ros2/install/astra_camera_msgs/include/astra_camera_msgs/srv/detail/get_string__rosidl_typesupport_introspection_c.h
[52.105s] -- Installing: /home/wheeltec/wheeltec_ros2/install/astra_camera_msgs/include/astra_camera_msgs/srv/detail/get_camera_info__rosidl_typesupport_introspection_c.h
[52.105s] -- Installing: /home/wheeltec/wheeltec_ros2/install/astra_camera_msgs/include/astra_camera_msgs/srv/detail/get_int32__type_support.c
[52.105s] -- Installing: /home/wheeltec/wheeltec_ros2/install/astra_camera_msgs/include/astra_camera_msgs/srv/detail/get_camera_params__rosidl_typesupport_introspection_c.h
[52.106s] -- Installing: /home/wheeltec/wheeltec_ros2/install/astra_camera_msgs/include/astra_camera_msgs/srv/detail/get_device_info__rosidl_typesupport_introspection_c.h
[52.106s] -- Up-to-date: /home/wheeltec/wheeltec_ros2/install/astra_camera_msgs/include/astra_camera_msgs/msg
[52.107s] -- Up-to-date: /home/wheeltec/wheeltec_ros2/install/astra_camera_msgs/include/astra_camera_msgs/msg/detail
[52.107s] -- Installing: /home/wheeltec/wheeltec_ros2/install/astra_camera_msgs/include/astra_camera_msgs/msg/detail/device_info__type_support.c
[52.107s] -- Installing: /home/wheeltec/wheeltec_ros2/install/astra_camera_msgs/include/astra_camera_msgs/msg/detail/metadata__type_support.c
[52.108s] -- Installing: /home/wheeltec/wheeltec_ros2/install/astra_camera_msgs/include/astra_camera_msgs/msg/detail/extrinsics__type_support.c
[52.108s] -- Installing: /home/wheeltec/wheeltec_ros2/install/astra_camera_msgs/include/astra_camera_msgs/msg/detail/extrinsics__rosidl_typesupport_introspection_c.h
[52.108s] -- Installing: /home/wheeltec/wheeltec_ros2/install/astra_camera_msgs/include/astra_camera_msgs/msg/detail/device_info__rosidl_typesupport_introspection_c.h
[52.109s] -- Installing: /home/wheeltec/wheeltec_ros2/install/astra_camera_msgs/include/astra_camera_msgs/msg/detail/metadata__rosidl_typesupport_introspection_c.h
[52.109s] -- Installing: /home/wheeltec/wheeltec_ros2/install/astra_camera_msgs/include/astra_camera_msgs/msg/rosidl_typesupport_introspection_c__visibility_control.h
[52.110s] -- Installing: /home/wheeltec/wheeltec_ros2/install/astra_camera_msgs/lib/libastra_camera_msgs__rosidl_typesupport_introspection_c.so
[52.112s] -- Set runtime path of "/home/wheeltec/wheeltec_ros2/install/astra_camera_msgs/lib/libastra_camera_msgs__rosidl_typesupport_introspection_c.so" to ""
[52.112s] -- Installing: /home/wheeltec/wheeltec_ros2/install/astra_camera_msgs/lib/libastra_camera_msgs__rosidl_typesupport_c.so
[52.113s] -- Set runtime path of "/home/wheeltec/wheeltec_ros2/install/astra_camera_msgs/lib/libastra_camera_msgs__rosidl_typesupport_c.so" to ""
[52.114s] -- Up-to-date: /home/wheeltec/wheeltec_ros2/install/astra_camera_msgs/include/astra_camera_msgs
[52.114s] -- Up-to-date: /home/wheeltec/wheeltec_ros2/install/astra_camera_msgs/include/astra_camera_msgs/srv
[52.114s] -- Up-to-date: /home/wheeltec/wheeltec_ros2/install/astra_camera_msgs/include/astra_camera_msgs/srv/detail
[52.115s] -- Installing: /home/wheeltec/wheeltec_ros2/install/astra_camera_msgs/include/astra_camera_msgs/srv/detail/get_camera_params__traits.hpp
[52.115s] -- Installing: /home/wheeltec/wheeltec_ros2/install/astra_camera_msgs/include/astra_camera_msgs/srv/detail/get_string__struct.hpp
[52.115s] -- Installing: /home/wheeltec/wheeltec_ros2/install/astra_camera_msgs/include/astra_camera_msgs/srv/detail/get_device_info__traits.hpp
[52.116s] -- Installing: /home/wheeltec/wheeltec_ros2/install/astra_camera_msgs/include/astra_camera_msgs/srv/detail/get_camera_params__struct.hpp
[52.116s] -- Installing: /home/wheeltec/wheeltec_ros2/install/astra_camera_msgs/include/astra_camera_msgs/srv/detail/get_camera_info__builder.hpp
[52.116s] -- Installing: /home/wheeltec/wheeltec_ros2/install/astra_camera_msgs/include/astra_camera_msgs/srv/detail/get_camera_info__traits.hpp
[52.117s] -- Installing: /home/wheeltec/wheeltec_ros2/install/astra_camera_msgs/include/astra_camera_msgs/srv/detail/get_device_info__struct.hpp
[52.117s] -- Installing: /home/wheeltec/wheeltec_ros2/install/astra_camera_msgs/include/astra_camera_msgs/srv/detail/get_device_info__builder.hpp
[52.118s] -- Installing: /home/wheeltec/wheeltec_ros2/install/astra_camera_msgs/include/astra_camera_msgs/srv/detail/get_string__traits.hpp
[52.118s] -- Installing: /home/wheeltec/wheeltec_ros2/install/astra_camera_msgs/include/astra_camera_msgs/srv/detail/set_int32__traits.hpp
[52.119s] -- Installing: /home/wheeltec/wheeltec_ros2/install/astra_camera_msgs/include/astra_camera_msgs/srv/detail/get_string__builder.hpp
[52.119s] -- Installing: /home/wheeltec/wheeltec_ros2/install/astra_camera_msgs/include/astra_camera_msgs/srv/detail/get_int32__builder.hpp
[52.120s] -- Installing: /home/wheeltec/wheeltec_ros2/install/astra_camera_msgs/include/astra_camera_msgs/srv/detail/get_int32__struct.hpp
[52.121s] -- Installing: /home/wheeltec/wheeltec_ros2/install/astra_camera_msgs/include/astra_camera_msgs/srv/detail/get_camera_info__struct.hpp
[52.121s] -- Installing: /home/wheeltec/wheeltec_ros2/install/astra_camera_msgs/include/astra_camera_msgs/srv/detail/set_int32__struct.hpp
[52.122s] -- Installing: /home/wheeltec/wheeltec_ros2/install/astra_camera_msgs/include/astra_camera_msgs/srv/detail/get_int32__traits.hpp
[52.122s] -- Installing: /home/wheeltec/wheeltec_ros2/install/astra_camera_msgs/include/astra_camera_msgs/srv/detail/set_int32__builder.hpp
[52.123s] -- Installing: /home/wheeltec/wheeltec_ros2/install/astra_camera_msgs/include/astra_camera_msgs/srv/detail/get_camera_params__builder.hpp
[52.123s] -- Installing: /home/wheeltec/wheeltec_ros2/install/astra_camera_msgs/include/astra_camera_msgs/srv/set_int32.hpp
[52.123s] -- Installing: /home/wheeltec/wheeltec_ros2/install/astra_camera_msgs/include/astra_camera_msgs/srv/get_device_info.hpp
[52.124s] -- Installing: /home/wheeltec/wheeltec_ros2/install/astra_camera_msgs/include/astra_camera_msgs/srv/get_string.hpp
[52.124s] -- Installing: /home/wheeltec/wheeltec_ros2/install/astra_camera_msgs/include/astra_camera_msgs/srv/get_int32.hpp
[52.124s] -- Installing: /home/wheeltec/wheeltec_ros2/install/astra_camera_msgs/include/astra_camera_msgs/srv/get_camera_info.hpp
[52.125s] -- Installing: /home/wheeltec/wheeltec_ros2/install/astra_camera_msgs/include/astra_camera_msgs/srv/get_camera_params.hpp
[52.125s] -- Up-to-date: /home/wheeltec/wheeltec_ros2/install/astra_camera_msgs/include/astra_camera_msgs/msg
[52.126s] -- Installing: /home/wheeltec/wheeltec_ros2/install/astra_camera_msgs/include/astra_camera_msgs/msg/extrinsics.hpp
[52.126s] -- Up-to-date: /home/wheeltec/wheeltec_ros2/install/astra_camera_msgs/include/astra_camera_msgs/msg/detail
[52.126s] -- Installing: /home/wheeltec/wheeltec_ros2/install/astra_camera_msgs/include/astra_camera_msgs/msg/detail/device_info__traits.hpp
[52.127s] -- Installing: /home/wheeltec/wheeltec_ros2/install/astra_camera_msgs/include/astra_camera_msgs/msg/detail/extrinsics__builder.hpp
[52.127s] -- Installing: /home/wheeltec/wheeltec_ros2/install/astra_camera_msgs/include/astra_camera_msgs/msg/detail/device_info__builder.hpp
[52.127s] -- Installing: /home/wheeltec/wheeltec_ros2/install/astra_camera_msgs/include/astra_camera_msgs/msg/detail/metadata__struct.hpp
[52.128s] -- Installing: /home/wheeltec/wheeltec_ros2/install/astra_camera_msgs/include/astra_camera_msgs/msg/detail/extrinsics__traits.hpp
[52.128s] -- Installing: /home/wheeltec/wheeltec_ros2/install/astra_camera_msgs/include/astra_camera_msgs/msg/detail/metadata__builder.hpp
[52.129s] -- Installing: /home/wheeltec/wheeltec_ros2/install/astra_camera_msgs/include/astra_camera_msgs/msg/detail/metadata__traits.hpp
[52.129s] -- Installing: /home/wheeltec/wheeltec_ros2/install/astra_camera_msgs/include/astra_camera_msgs/msg/detail/extrinsics__struct.hpp
[52.129s] -- Installing: /home/wheeltec/wheeltec_ros2/install/astra_camera_msgs/include/astra_camera_msgs/msg/detail/device_info__struct.hpp
[52.130s] -- Installing: /home/wheeltec/wheeltec_ros2/install/astra_camera_msgs/include/astra_camera_msgs/msg/device_info.hpp
[52.130s] -- Installing: /home/wheeltec/wheeltec_ros2/install/astra_camera_msgs/include/astra_camera_msgs/msg/metadata.hpp
[52.131s] -- Up-to-date: /home/wheeltec/wheeltec_ros2/install/astra_camera_msgs/include/astra_camera_msgs
[52.131s] -- Up-to-date: /home/wheeltec/wheeltec_ros2/install/astra_camera_msgs/include/astra_camera_msgs/srv
[52.132s] -- Up-to-date: /home/wheeltec/wheeltec_ros2/install/astra_camera_msgs/include/astra_camera_msgs/srv/detail
[52.132s] -- Installing: /home/wheeltec/wheeltec_ros2/install/astra_camera_msgs/include/astra_camera_msgs/srv/detail/get_string__type_support.cpp
[52.132s] -- Installing: /home/wheeltec/wheeltec_ros2/install/astra_camera_msgs/include/astra_camera_msgs/srv/detail/set_int32__rosidl_typesupport_introspection_cpp.hpp
[52.133s] -- Installing: /home/wheeltec/wheeltec_ros2/install/astra_camera_msgs/include/astra_camera_msgs/srv/detail/set_int32__type_support.cpp
[52.133s] -- Installing: /home/wheeltec/wheeltec_ros2/install/astra_camera_msgs/include/astra_camera_msgs/srv/detail/get_string__rosidl_typesupport_introspection_cpp.hpp
[52.133s] -- Installing: /home/wheeltec/wheeltec_ros2/install/astra_camera_msgs/include/astra_camera_msgs/srv/detail/get_device_info__rosidl_typesupport_introspection_cpp.hpp
[52.134s] -- Installing: /home/wheeltec/wheeltec_ros2/install/astra_camera_msgs/include/astra_camera_msgs/srv/detail/get_camera_info__type_support.cpp
[52.134s] -- Installing: /home/wheeltec/wheeltec_ros2/install/astra_camera_msgs/include/astra_camera_msgs/srv/detail/get_camera_params__type_support.cpp
[52.135s] -- Installing: /home/wheeltec/wheeltec_ros2/install/astra_camera_msgs/include/astra_camera_msgs/srv/detail/get_device_info__type_support.cpp
[52.135s] -- Installing: /home/wheeltec/wheeltec_ros2/install/astra_camera_msgs/include/astra_camera_msgs/srv/detail/get_camera_info__rosidl_typesupport_introspection_cpp.hpp
[52.136s] -- Installing: /home/wheeltec/wheeltec_ros2/install/astra_camera_msgs/include/astra_camera_msgs/srv/detail/get_int32__rosidl_typesupport_introspection_cpp.hpp
[52.136s] -- Installing: /home/wheeltec/wheeltec_ros2/install/astra_camera_msgs/include/astra_camera_msgs/srv/detail/get_int32__type_support.cpp
[52.137s] -- Installing: /home/wheeltec/wheeltec_ros2/install/astra_camera_msgs/include/astra_camera_msgs/srv/detail/get_camera_params__rosidl_typesupport_introspection_cpp.hpp
[52.137s] -- Up-to-date: /home/wheeltec/wheeltec_ros2/install/astra_camera_msgs/include/astra_camera_msgs/msg
[52.138s] -- Up-to-date: /home/wheeltec/wheeltec_ros2/install/astra_camera_msgs/include/astra_camera_msgs/msg/detail
[52.138s] -- Installing: /home/wheeltec/wheeltec_ros2/install/astra_camera_msgs/include/astra_camera_msgs/msg/detail/metadata__type_support.cpp
[52.138s] -- Installing: /home/wheeltec/wheeltec_ros2/install/astra_camera_msgs/include/astra_camera_msgs/msg/detail/device_info__type_support.cpp
[52.139s] -- Installing: /home/wheeltec/wheeltec_ros2/install/astra_camera_msgs/include/astra_camera_msgs/msg/detail/device_info__rosidl_typesupport_introspection_cpp.hpp
[52.139s] -- Installing: /home/wheeltec/wheeltec_ros2/install/astra_camera_msgs/include/astra_camera_msgs/msg/detail/metadata__rosidl_typesupport_introspection_cpp.hpp
[52.139s] -- Installing: /home/wheeltec/wheeltec_ros2/install/astra_camera_msgs/include/astra_camera_msgs/msg/detail/extrinsics__rosidl_typesupport_introspection_cpp.hpp
[52.140s] -- Installing: /home/wheeltec/wheeltec_ros2/install/astra_camera_msgs/include/astra_camera_msgs/msg/detail/extrinsics__type_support.cpp
[52.141s] -- Installing: /home/wheeltec/wheeltec_ros2/install/astra_camera_msgs/lib/libastra_camera_msgs__rosidl_typesupport_introspection_cpp.so
[52.143s] -- Set runtime path of "/home/wheeltec/wheeltec_ros2/install/astra_camera_msgs/lib/libastra_camera_msgs__rosidl_typesupport_introspection_cpp.so" to ""
[52.143s] -- Installing: /home/wheeltec/wheeltec_ros2/install/astra_camera_msgs/lib/libastra_camera_msgs__rosidl_typesupport_cpp.so
[52.144s] -- Set runtime path of "/home/wheeltec/wheeltec_ros2/install/astra_camera_msgs/lib/libastra_camera_msgs__rosidl_typesupport_cpp.so" to ""
[52.145s] -- Installing: /home/wheeltec/wheeltec_ros2/install/astra_camera_msgs/share/astra_camera_msgs/environment/pythonpath.sh
[52.145s] -- Installing: /home/wheeltec/wheeltec_ros2/install/astra_camera_msgs/share/astra_camera_msgs/environment/pythonpath.dsv
[52.146s] -- Installing: /home/wheeltec/wheeltec_ros2/install/astra_camera_msgs/lib/python3.8/site-packages/astra_camera_msgs/__init__.py
[52.291s] Compiling '/home/wheeltec/wheeltec_ros2/install/astra_camera_msgs/lib/python3.8/site-packages/astra_camera_msgs/__init__.py'...
[52.309s] -- Installing: /home/wheeltec/wheeltec_ros2/install/astra_camera_msgs/lib/python3.8/site-packages/astra_camera_msgs/msg
[52.310s] -- Installing: /home/wheeltec/wheeltec_ros2/install/astra_camera_msgs/lib/python3.8/site-packages/astra_camera_msgs/msg/_extrinsics_s.c
[52.311s] -- Installing: /home/wheeltec/wheeltec_ros2/install/astra_camera_msgs/lib/python3.8/site-packages/astra_camera_msgs/msg/_metadata_s.c
[52.312s] -- Installing: /home/wheeltec/wheeltec_ros2/install/astra_camera_msgs/lib/python3.8/site-packages/astra_camera_msgs/msg/_device_info_s.c
[52.312s] -- Installing: /home/wheeltec/wheeltec_ros2/install/astra_camera_msgs/lib/python3.8/site-packages/astra_camera_msgs/msg/_device_info.py
[52.313s] -- Installing: /home/wheeltec/wheeltec_ros2/install/astra_camera_msgs/lib/python3.8/site-packages/astra_camera_msgs/msg/_extrinsics.py
[52.314s] -- Installing: /home/wheeltec/wheeltec_ros2/install/astra_camera_msgs/lib/python3.8/site-packages/astra_camera_msgs/msg/_metadata.py
[52.314s] -- Installing: /home/wheeltec/wheeltec_ros2/install/astra_camera_msgs/lib/python3.8/site-packages/astra_camera_msgs/msg/__init__.py
[52.314s] -- Installing: /home/wheeltec/wheeltec_ros2/install/astra_camera_msgs/lib/python3.8/site-packages/astra_camera_msgs/srv
[52.315s] -- Installing: /home/wheeltec/wheeltec_ros2/install/astra_camera_msgs/lib/python3.8/site-packages/astra_camera_msgs/srv/_get_camera_params.py
[52.315s] -- Installing: /home/wheeltec/wheeltec_ros2/install/astra_camera_msgs/lib/python3.8/site-packages/astra_camera_msgs/srv/_set_int32_s.c
[52.315s] -- Installing: /home/wheeltec/wheeltec_ros2/install/astra_camera_msgs/lib/python3.8/site-packages/astra_camera_msgs/srv/_get_string.py
[52.316s] -- Installing: /home/wheeltec/wheeltec_ros2/install/astra_camera_msgs/lib/python3.8/site-packages/astra_camera_msgs/srv/_get_int32.py
[52.316s] -- Installing: /home/wheeltec/wheeltec_ros2/install/astra_camera_msgs/lib/python3.8/site-packages/astra_camera_msgs/srv/_get_camera_info.py
[52.316s] -- Installing: /home/wheeltec/wheeltec_ros2/install/astra_camera_msgs/lib/python3.8/site-packages/astra_camera_msgs/srv/_get_int32_s.c
[52.317s] -- Installing: /home/wheeltec/wheeltec_ros2/install/astra_camera_msgs/lib/python3.8/site-packages/astra_camera_msgs/srv/_get_camera_info_s.c
[52.317s] -- Installing: /home/wheeltec/wheeltec_ros2/install/astra_camera_msgs/lib/python3.8/site-packages/astra_camera_msgs/srv/_get_device_info.py
[52.317s] -- Installing: /home/wheeltec/wheeltec_ros2/install/astra_camera_msgs/lib/python3.8/site-packages/astra_camera_msgs/srv/_get_string_s.c
[52.318s] -- Installing: /home/wheeltec/wheeltec_ros2/install/astra_camera_msgs/lib/python3.8/site-packages/astra_camera_msgs/srv/_set_int32.py
[52.318s] -- Installing: /home/wheeltec/wheeltec_ros2/install/astra_camera_msgs/lib/python3.8/site-packages/astra_camera_msgs/srv/__init__.py
[52.319s] -- Installing: /home/wheeltec/wheeltec_ros2/install/astra_camera_msgs/lib/python3.8/site-packages/astra_camera_msgs/srv/_get_camera_params_s.c
[52.319s] -- Installing: /home/wheeltec/wheeltec_ros2/install/astra_camera_msgs/lib/python3.8/site-packages/astra_camera_msgs/srv/_get_device_info_s.c
[52.321s] -- Installing: /home/wheeltec/wheeltec_ros2/install/astra_camera_msgs/lib/python3.8/site-packages/astra_camera_msgs/astra_camera_msgs_s__rosidl_typesupport_fastrtps_c.cpython-38-aarch64-linux-gnu.so
[52.323s] -- Set runtime path of "/home/wheeltec/wheeltec_ros2/install/astra_camera_msgs/lib/python3.8/site-packages/astra_camera_msgs/astra_camera_msgs_s__rosidl_typesupport_fastrtps_c.cpython-38-aarch64-linux-gnu.so" to ""
[52.323s] -- Installing: /home/wheeltec/wheeltec_ros2/install/astra_camera_msgs/lib/python3.8/site-packages/astra_camera_msgs/astra_camera_msgs_s__rosidl_typesupport_introspection_c.cpython-38-aarch64-linux-gnu.so
[52.325s] -- Set runtime path of "/home/wheeltec/wheeltec_ros2/install/astra_camera_msgs/lib/python3.8/site-packages/astra_camera_msgs/astra_camera_msgs_s__rosidl_typesupport_introspection_c.cpython-38-aarch64-linux-gnu.so" to ""
[52.326s] -- Installing: /home/wheeltec/wheeltec_ros2/install/astra_camera_msgs/lib/python3.8/site-packages/astra_camera_msgs/astra_camera_msgs_s__rosidl_typesupport_c.cpython-38-aarch64-linux-gnu.so
[52.328s] -- Set runtime path of "/home/wheeltec/wheeltec_ros2/install/astra_camera_msgs/lib/python3.8/site-packages/astra_camera_msgs/astra_camera_msgs_s__rosidl_typesupport_c.cpython-38-aarch64-linux-gnu.so" to ""
[52.328s] -- Installing: /home/wheeltec/wheeltec_ros2/install/astra_camera_msgs/lib/libastra_camera_msgs__python.so
[52.330s] -- Set runtime path of "/home/wheeltec/wheeltec_ros2/install/astra_camera_msgs/lib/libastra_camera_msgs__python.so" to ""
[52.330s] -- Installing: /home/wheeltec/wheeltec_ros2/install/astra_camera_msgs/share/astra_camera_msgs/msg/DeviceInfo.idl
[52.331s] -- Installing: /home/wheeltec/wheeltec_ros2/install/astra_camera_msgs/share/astra_camera_msgs/msg/Extrinsics.idl
[52.331s] -- Installing: /home/wheeltec/wheeltec_ros2/install/astra_camera_msgs/share/astra_camera_msgs/msg/Metadata.idl
[52.332s] -- Installing: /home/wheeltec/wheeltec_ros2/install/astra_camera_msgs/share/astra_camera_msgs/srv/GetDeviceInfo.idl
[52.332s] -- Installing: /home/wheeltec/wheeltec_ros2/install/astra_camera_msgs/share/astra_camera_msgs/srv/GetCameraInfo.idl
[52.333s] -- Installing: /home/wheeltec/wheeltec_ros2/install/astra_camera_msgs/share/astra_camera_msgs/srv/GetCameraParams.idl
[52.333s] -- Installing: /home/wheeltec/wheeltec_ros2/install/astra_camera_msgs/share/astra_camera_msgs/srv/GetInt32.idl
[52.334s] -- Installing: /home/wheeltec/wheeltec_ros2/install/astra_camera_msgs/share/astra_camera_msgs/srv/GetString.idl
[52.334s] -- Installing: /home/wheeltec/wheeltec_ros2/install/astra_camera_msgs/share/astra_camera_msgs/srv/SetInt32.idl
[52.335s] -- Installing: /home/wheeltec/wheeltec_ros2/install/astra_camera_msgs/share/astra_camera_msgs/msg/DeviceInfo.msg
[52.336s] -- Installing: /home/wheeltec/wheeltec_ros2/install/astra_camera_msgs/share/astra_camera_msgs/msg/Extrinsics.msg
[52.336s] -- Installing: /home/wheeltec/wheeltec_ros2/install/astra_camera_msgs/share/astra_camera_msgs/msg/Metadata.msg
[52.337s] -- Installing: /home/wheeltec/wheeltec_ros2/install/astra_camera_msgs/share/astra_camera_msgs/srv/GetDeviceInfo.srv
[52.337s] -- Installing: /home/wheeltec/wheeltec_ros2/install/astra_camera_msgs/share/astra_camera_msgs/srv/GetDeviceInfo_Request.msg
[52.338s] -- Installing: /home/wheeltec/wheeltec_ros2/install/astra_camera_msgs/share/astra_camera_msgs/srv/GetDeviceInfo_Response.msg
[52.338s] -- Installing: /home/wheeltec/wheeltec_ros2/install/astra_camera_msgs/share/astra_camera_msgs/srv/GetCameraInfo.srv
[52.339s] -- Installing: /home/wheeltec/wheeltec_ros2/install/astra_camera_msgs/share/astra_camera_msgs/srv/GetCameraInfo_Request.msg
[52.339s] -- Installing: /home/wheeltec/wheeltec_ros2/install/astra_camera_msgs/share/astra_camera_msgs/srv/GetCameraInfo_Response.msg
[52.340s] -- Installing: /home/wheeltec/wheeltec_ros2/install/astra_camera_msgs/share/astra_camera_msgs/srv/GetCameraParams.srv
[52.340s] -- Installing: /home/wheeltec/wheeltec_ros2/install/astra_camera_msgs/share/astra_camera_msgs/srv/GetCameraParams_Request.msg
[52.341s] -- Installing: /home/wheeltec/wheeltec_ros2/install/astra_camera_msgs/share/astra_camera_msgs/srv/GetCameraParams_Response.msg
[52.342s] -- Installing: /home/wheeltec/wheeltec_ros2/install/astra_camera_msgs/share/astra_camera_msgs/srv/GetInt32.srv
[52.342s] -- Installing: /home/wheeltec/wheeltec_ros2/install/astra_camera_msgs/share/astra_camera_msgs/srv/GetInt32_Request.msg
[52.343s] -- Installing: /home/wheeltec/wheeltec_ros2/install/astra_camera_msgs/share/astra_camera_msgs/srv/GetInt32_Response.msg
[52.343s] -- Installing: /home/wheeltec/wheeltec_ros2/install/astra_camera_msgs/share/astra_camera_msgs/srv/GetString.srv
[52.344s] -- Installing: /home/wheeltec/wheeltec_ros2/install/astra_camera_msgs/share/astra_camera_msgs/srv/GetString_Request.msg
[52.344s] -- Installing: /home/wheeltec/wheeltec_ros2/install/astra_camera_msgs/share/astra_camera_msgs/srv/GetString_Response.msg
[52.345s] -- Installing: /home/wheeltec/wheeltec_ros2/install/astra_camera_msgs/share/astra_camera_msgs/srv/SetInt32.srv
[52.345s] -- Installing: /home/wheeltec/wheeltec_ros2/install/astra_camera_msgs/share/astra_camera_msgs/srv/SetInt32_Request.msg
[52.346s] -- Installing: /home/wheeltec/wheeltec_ros2/install/astra_camera_msgs/share/astra_camera_msgs/srv/SetInt32_Response.msg
[52.347s] -- Installing: /home/wheeltec/wheeltec_ros2/install/astra_camera_msgs/share/ament_index/resource_index/package_run_dependencies/astra_camera_msgs
[52.348s] -- Installing: /home/wheeltec/wheeltec_ros2/install/astra_camera_msgs/share/ament_index/resource_index/parent_prefix_path/astra_camera_msgs
[52.348s] -- Installing: /home/wheeltec/wheeltec_ros2/install/astra_camera_msgs/share/astra_camera_msgs/environment/ament_prefix_path.sh
[52.349s] -- Installing: /home/wheeltec/wheeltec_ros2/install/astra_camera_msgs/share/astra_camera_msgs/environment/ament_prefix_path.dsv
[52.349s] -- Installing: /home/wheeltec/wheeltec_ros2/install/astra_camera_msgs/share/astra_camera_msgs/environment/path.sh
[52.350s] -- Installing: /home/wheeltec/wheeltec_ros2/install/astra_camera_msgs/share/astra_camera_msgs/environment/path.dsv
[52.350s] -- Installing: /home/wheeltec/wheeltec_ros2/install/astra_camera_msgs/share/astra_camera_msgs/local_setup.bash
[52.351s] -- Installing: /home/wheeltec/wheeltec_ros2/install/astra_camera_msgs/share/astra_camera_msgs/local_setup.sh
[52.352s] -- Installing: /home/wheeltec/wheeltec_ros2/install/astra_camera_msgs/share/astra_camera_msgs/local_setup.zsh
[52.352s] -- Installing: /home/wheeltec/wheeltec_ros2/install/astra_camera_msgs/share/astra_camera_msgs/local_setup.dsv
[52.353s] -- Installing: /home/wheeltec/wheeltec_ros2/install/astra_camera_msgs/share/astra_camera_msgs/package.dsv
[52.353s] -- Installing: /home/wheeltec/wheeltec_ros2/install/astra_camera_msgs/share/ament_index/resource_index/packages/astra_camera_msgs
[52.354s] -- Installing: /home/wheeltec/wheeltec_ros2/install/astra_camera_msgs/share/astra_camera_msgs/cmake/astra_camera_msgs__rosidl_generator_cExport.cmake
[52.355s] -- Installing: /home/wheeltec/wheeltec_ros2/install/astra_camera_msgs/share/astra_camera_msgs/cmake/astra_camera_msgs__rosidl_generator_cExport-noconfig.cmake
[52.356s] -- Installing: /home/wheeltec/wheeltec_ros2/install/astra_camera_msgs/share/astra_camera_msgs/cmake/astra_camera_msgs__rosidl_typesupport_introspection_cExport.cmake
[52.356s] -- Installing: /home/wheeltec/wheeltec_ros2/install/astra_camera_msgs/share/astra_camera_msgs/cmake/astra_camera_msgs__rosidl_typesupport_introspection_cExport-noconfig.cmake
[52.357s] -- Installing: /home/wheeltec/wheeltec_ros2/install/astra_camera_msgs/share/astra_camera_msgs/cmake/astra_camera_msgs__rosidl_typesupport_cExport.cmake
[52.358s] -- Installing: /home/wheeltec/wheeltec_ros2/install/astra_camera_msgs/share/astra_camera_msgs/cmake/astra_camera_msgs__rosidl_typesupport_cExport-noconfig.cmake
[52.359s] -- Installing: /home/wheeltec/wheeltec_ros2/install/astra_camera_msgs/share/astra_camera_msgs/cmake/astra_camera_msgs__rosidl_generator_cppExport.cmake
[52.359s] -- Installing: /home/wheeltec/wheeltec_ros2/install/astra_camera_msgs/share/astra_camera_msgs/cmake/astra_camera_msgs__rosidl_typesupport_introspection_cppExport.cmake
[52.360s] -- Installing: /home/wheeltec/wheeltec_ros2/install/astra_camera_msgs/share/astra_camera_msgs/cmake/astra_camera_msgs__rosidl_typesupport_introspection_cppExport-noconfig.cmake
[52.361s] -- Installing: /home/wheeltec/wheeltec_ros2/install/astra_camera_msgs/share/astra_camera_msgs/cmake/astra_camera_msgs__rosidl_typesupport_cppExport.cmake
[52.361s] -- Installing: /home/wheeltec/wheeltec_ros2/install/astra_camera_msgs/share/astra_camera_msgs/cmake/astra_camera_msgs__rosidl_typesupport_cppExport-noconfig.cmake
[52.362s] -- Installing: /home/wheeltec/wheeltec_ros2/install/astra_camera_msgs/share/astra_camera_msgs/cmake/rosidl_cmake-extras.cmake
[52.363s] -- Installing: /home/wheeltec/wheeltec_ros2/install/astra_camera_msgs/share/astra_camera_msgs/cmake/ament_cmake_export_dependencies-extras.cmake
[52.363s] -- Installing: /home/wheeltec/wheeltec_ros2/install/astra_camera_msgs/share/astra_camera_msgs/cmake/ament_cmake_export_libraries-extras.cmake
[52.364s] -- Installing: /home/wheeltec/wheeltec_ros2/install/astra_camera_msgs/share/astra_camera_msgs/cmake/ament_cmake_export_targets-extras.cmake
[52.364s] -- Installing: /home/wheeltec/wheeltec_ros2/install/astra_camera_msgs/share/astra_camera_msgs/cmake/ament_cmake_export_include_directories-extras.cmake
[52.365s] -- Installing: /home/wheeltec/wheeltec_ros2/install/astra_camera_msgs/share/astra_camera_msgs/cmake/rosidl_cmake_export_typesupport_libraries-extras.cmake
[52.365s] -- Installing: /home/wheeltec/wheeltec_ros2/install/astra_camera_msgs/share/astra_camera_msgs/cmake/rosidl_cmake_export_typesupport_targets-extras.cmake
[52.366s] -- Installing: /home/wheeltec/wheeltec_ros2/install/astra_camera_msgs/share/astra_camera_msgs/cmake/astra_camera_msgsConfig.cmake
[52.367s] -- Installing: /home/wheeltec/wheeltec_ros2/install/astra_camera_msgs/share/astra_camera_msgs/cmake/astra_camera_msgsConfig-version.cmake
[52.367s] -- Installing: /home/wheeltec/wheeltec_ros2/install/astra_camera_msgs/share/astra_camera_msgs/package.xml
[52.378s] Invoked command in '/home/wheeltec/wheeltec_ros2/build/astra_camera_msgs' returned '0': CMAKE_PREFIX_PATH=${CMAKE_PREFIX_PATH}:/home/wheeltec/wheeltec_ros2/install/simple_follower_ros2:/home/wheeltec/wheeltec_ros2/install/wheeltec_robot_keyboard:/home/wheeltec/wheeltec_ros2/install/tf2_tools:/home/wheeltec/wheeltec_ros2/install/nav2_simple_commander:/home/wheeltec/wheeltec_ros2/install/nav2_gazebo_spawner:/opt/ros/galactic /usr/bin/cmake --install /home/wheeltec/wheeltec_ros2/build/astra_camera_msgs
