[5.557s] Invoking command in '/home/wheeltec/wheeltec_ros2/src/navigation2-galactic/nav2_bringup/nav2_gazebo_spawner': PYTHONPATH=/home/wheeltec/wheeltec_ros2/install/nav2_gazebo_spawner/lib/python3.8/site-packages:${PYTHONPATH} /usr/bin/python3 setup.py egg_info --egg-base ../../../../build/nav2_gazebo_spawner build --build-base /home/wheeltec/wheeltec_ros2/build/nav2_gazebo_spawner/build install --prefix /home/wheeltec/wheeltec_ros2/install/nav2_gazebo_spawner --record /home/wheeltec/wheeltec_ros2/build/nav2_gazebo_spawner/install.log --single-version-externally-managed
[6.949s] /home/wheeltec/.local/lib/python3.8/site-packages/setuptools/dist.py:771: UserWarning: Usage of dash-separated 'script-dir' will not be supported in future versions. Please use the underscore name 'script_dir' instead
[6.950s]   warnings.warn(
[6.953s] /home/wheeltec/.local/lib/python3.8/site-packages/setuptools/dist.py:771: UserWarning: Usage of dash-separated 'install-scripts' will not be supported in future versions. Please use the underscore name 'install_scripts' instead
[6.954s]   warnings.warn(
[7.471s] running egg_info
[7.475s] creating ../../../../build/nav2_gazebo_spawner/nav2_gazebo_spawner.egg-info
[7.558s] writing ../../../../build/nav2_gazebo_spawner/nav2_gazebo_spawner.egg-info/PKG-INFO
[7.560s] writing dependency_links to ../../../../build/nav2_gazebo_spawner/nav2_gazebo_spawner.egg-info/dependency_links.txt
[7.562s] writing entry points to ../../../../build/nav2_gazebo_spawner/nav2_gazebo_spawner.egg-info/entry_points.txt
[7.564s] writing requirements to ../../../../build/nav2_gazebo_spawner/nav2_gazebo_spawner.egg-info/requires.txt
[7.565s] writing top-level names to ../../../../build/nav2_gazebo_spawner/nav2_gazebo_spawner.egg-info/top_level.txt
[7.573s] writing manifest file '../../../../build/nav2_gazebo_spawner/nav2_gazebo_spawner.egg-info/SOURCES.txt'
[7.730s] reading manifest file '../../../../build/nav2_gazebo_spawner/nav2_gazebo_spawner.egg-info/SOURCES.txt'
[7.733s] writing manifest file '../../../../build/nav2_gazebo_spawner/nav2_gazebo_spawner.egg-info/SOURCES.txt'
[7.735s] running build
[7.735s] running build_py
[7.736s] creating /home/wheeltec/wheeltec_ros2/build/nav2_gazebo_spawner/build
[7.736s] creating /home/wheeltec/wheeltec_ros2/build/nav2_gazebo_spawner/build/lib
[7.737s] creating /home/wheeltec/wheeltec_ros2/build/nav2_gazebo_spawner/build/lib/nav2_gazebo_spawner
[7.737s] copying nav2_gazebo_spawner/__init__.py -> /home/wheeltec/wheeltec_ros2/build/nav2_gazebo_spawner/build/lib/nav2_gazebo_spawner
[7.738s] copying nav2_gazebo_spawner/nav2_gazebo_spawner.py -> /home/wheeltec/wheeltec_ros2/build/nav2_gazebo_spawner/build/lib/nav2_gazebo_spawner
[7.739s] running install
[7.741s] /home/wheeltec/.local/lib/python3.8/site-packages/setuptools/command/install.py:34: SetuptoolsDeprecationWarning: setup.py install is deprecated. Use build and pip and other standards-based tools.
[7.741s]   warnings.warn(
[7.769s] running install_lib
[7.850s] creating /home/wheeltec/wheeltec_ros2/install/nav2_gazebo_spawner/lib/python3.8/site-packages/nav2_gazebo_spawner
[7.851s] copying /home/wheeltec/wheeltec_ros2/build/nav2_gazebo_spawner/build/lib/nav2_gazebo_spawner/__init__.py -> /home/wheeltec/wheeltec_ros2/install/nav2_gazebo_spawner/lib/python3.8/site-packages/nav2_gazebo_spawner
[7.853s] copying /home/wheeltec/wheeltec_ros2/build/nav2_gazebo_spawner/build/lib/nav2_gazebo_spawner/nav2_gazebo_spawner.py -> /home/wheeltec/wheeltec_ros2/install/nav2_gazebo_spawner/lib/python3.8/site-packages/nav2_gazebo_spawner
[7.856s] byte-compiling /home/wheeltec/wheeltec_ros2/install/nav2_gazebo_spawner/lib/python3.8/site-packages/nav2_gazebo_spawner/__init__.py to __init__.cpython-38.pyc
[7.858s] byte-compiling /home/wheeltec/wheeltec_ros2/install/nav2_gazebo_spawner/lib/python3.8/site-packages/nav2_gazebo_spawner/nav2_gazebo_spawner.py to nav2_gazebo_spawner.cpython-38.pyc
[7.862s] running install_data
[7.938s] creating /home/wheeltec/wheeltec_ros2/install/nav2_gazebo_spawner/share/ament_index
[7.939s] creating /home/wheeltec/wheeltec_ros2/install/nav2_gazebo_spawner/share/ament_index/resource_index
[7.940s] creating /home/wheeltec/wheeltec_ros2/install/nav2_gazebo_spawner/share/ament_index/resource_index/packages
[7.942s] copying resource/nav2_gazebo_spawner -> /home/wheeltec/wheeltec_ros2/install/nav2_gazebo_spawner/share/ament_index/resource_index/packages
[7.943s] copying package.xml -> /home/wheeltec/wheeltec_ros2/install/nav2_gazebo_spawner/share/nav2_gazebo_spawner
[7.946s] running install_egg_info
[8.029s] Copying ../../../../build/nav2_gazebo_spawner/nav2_gazebo_spawner.egg-info to /home/wheeltec/wheeltec_ros2/install/nav2_gazebo_spawner/lib/python3.8/site-packages/nav2_gazebo_spawner-0.3.0-py3.8.egg-info
[8.034s] running install_scripts
[8.463s] Installing nav2_gazebo_spawner script to /home/wheeltec/wheeltec_ros2/install/nav2_gazebo_spawner/lib/nav2_gazebo_spawner
[8.465s] writing list of installed files to '/home/wheeltec/wheeltec_ros2/build/nav2_gazebo_spawner/install.log'
[8.638s] Invoked command in '/home/wheeltec/wheeltec_ros2/src/navigation2-galactic/nav2_bringup/nav2_gazebo_spawner' returned '0': PYTHONPATH=/home/wheeltec/wheeltec_ros2/install/nav2_gazebo_spawner/lib/python3.8/site-packages:${PYTHONPATH} /usr/bin/python3 setup.py egg_info --egg-base ../../../../build/nav2_gazebo_spawner build --build-base /home/wheeltec/wheeltec_ros2/build/nav2_gazebo_spawner/build install --prefix /home/wheeltec/wheeltec_ros2/install/nav2_gazebo_spawner --record /home/wheeltec/wheeltec_ros2/build/nav2_gazebo_spawner/install.log --single-version-externally-managed
