[0.090s] Invoking command in '/home/wheeltec/wheeltec_ros2/build/rplidar_ros2': CMAKE_PREFIX_PATH=${CMAKE_PREFIX_PATH}:/home/wheeltec/wheeltec_ros2/install/wheeltec_robot_keyboard:/home/wheeltec/wheeltec_ros2/install/tf2_tools:/home/wheeltec/wheeltec_ros2/install/nav2_gazebo_spawner:/opt/ros/galactic /usr/bin/cmake --build /home/wheeltec/wheeltec_ros2/build/rplidar_ros2 -- -j4 -l4
[0.424s] [100%] Built target rplidar_scan_publisher
[0.479s] Invoked command in '/home/wheeltec/wheeltec_ros2/build/rplidar_ros2' returned '0': CMAKE_PREFIX_PATH=${CMAKE_PREFIX_PATH}:/home/wheeltec/wheeltec_ros2/install/wheeltec_robot_keyboard:/home/wheeltec/wheeltec_ros2/install/tf2_tools:/home/wheeltec/wheeltec_ros2/install/nav2_gazebo_spawner:/opt/ros/galactic /usr/bin/cmake --build /home/wheeltec/wheeltec_ros2/build/rplidar_ros2 -- -j4 -l4
[0.739s] Invoking command in '/home/wheeltec/wheeltec_ros2/build/rplidar_ros2': CMAKE_PREFIX_PATH=${CMAKE_PREFIX_PATH}:/home/wheeltec/wheeltec_ros2/install/wheeltec_robot_keyboard:/home/wheeltec/wheeltec_ros2/install/tf2_tools:/home/wheeltec/wheeltec_ros2/install/nav2_gazebo_spawner:/opt/ros/galactic /usr/bin/cmake --install /home/wheeltec/wheeltec_ros2/build/rplidar_ros2
[0.787s] -- Install configuration: "Release"
[0.789s] -- Up-to-date: /home/wheeltec/wheeltec_ros2/install/rplidar_ros2/share/rplidar_ros2/launch
[0.791s] -- Up-to-date: /home/wheeltec/wheeltec_ros2/install/rplidar_ros2/share/rplidar_ros2/launch/rplidar_s1_launch.py
[0.791s] -- Up-to-date: /home/wheeltec/wheeltec_ros2/install/rplidar_ros2/share/rplidar_ros2/launch/rplidar_s2_launch.py
[0.792s] -- Up-to-date: /home/wheeltec/wheeltec_ros2/install/rplidar_ros2/share/rplidar_ros2/launch/rplidar_a3_launch.py
[0.793s] -- Up-to-date: /home/wheeltec/wheeltec_ros2/install/rplidar_ros2/share/rplidar_ros2/launch/view_rplidar_s2_launch.py
[0.793s] -- Up-to-date: /home/wheeltec/wheeltec_ros2/install/rplidar_ros2/share/rplidar_ros2/launch/view_rplidar_s1_launch.py
[0.794s] -- Up-to-date: /home/wheeltec/wheeltec_ros2/install/rplidar_ros2/share/rplidar_ros2/launch/view_rplidar_launch.py
[0.794s] -- Up-to-date: /home/wheeltec/wheeltec_ros2/install/rplidar_ros2/share/rplidar_ros2/launch/rplidar_s1_tcp_launch.py
[0.794s] -- Up-to-date: /home/wheeltec/wheeltec_ros2/install/rplidar_ros2/share/rplidar_ros2/launch/view_rplidar_s1_tcp_launch.py
[0.795s] -- Up-to-date: /home/wheeltec/wheeltec_ros2/install/rplidar_ros2/share/rplidar_ros2/launch/view_rplidar_a3_launch.py
[0.796s] -- Up-to-date: /home/wheeltec/wheeltec_ros2/install/rplidar_ros2/share/rplidar_ros2/launch/rplidar_launch.py
[0.796s] -- Up-to-date: /home/wheeltec/wheeltec_ros2/install/rplidar_ros2/share/rplidar_ros2/rviz
[0.796s] -- Up-to-date: /home/wheeltec/wheeltec_ros2/install/rplidar_ros2/share/rplidar_ros2/rviz/rplidar_ros2.rviz
[0.801s] -- Up-to-date: /home/wheeltec/wheeltec_ros2/install/rplidar_ros2/lib/rplidar_ros2/rplidar_scan_publisher
[0.803s] -- Up-to-date: /home/wheeltec/wheeltec_ros2/install/rplidar_ros2/share/ament_index/resource_index/package_run_dependencies/rplidar_ros2
[0.804s] -- Up-to-date: /home/wheeltec/wheeltec_ros2/install/rplidar_ros2/share/ament_index/resource_index/parent_prefix_path/rplidar_ros2
[0.807s] -- Up-to-date: /home/wheeltec/wheeltec_ros2/install/rplidar_ros2/share/rplidar_ros2/environment/ament_prefix_path.sh
[0.809s] -- Up-to-date: /home/wheeltec/wheeltec_ros2/install/rplidar_ros2/share/rplidar_ros2/environment/ament_prefix_path.dsv
[0.810s] -- Up-to-date: /home/wheeltec/wheeltec_ros2/install/rplidar_ros2/share/rplidar_ros2/environment/path.sh
[0.811s] -- Up-to-date: /home/wheeltec/wheeltec_ros2/install/rplidar_ros2/share/rplidar_ros2/environment/path.dsv
[0.812s] -- Up-to-date: /home/wheeltec/wheeltec_ros2/install/rplidar_ros2/share/rplidar_ros2/local_setup.bash
[0.813s] -- Up-to-date: /home/wheeltec/wheeltec_ros2/install/rplidar_ros2/share/rplidar_ros2/local_setup.sh
[0.813s] -- Up-to-date: /home/wheeltec/wheeltec_ros2/install/rplidar_ros2/share/rplidar_ros2/local_setup.zsh
[0.814s] -- Up-to-date: /home/wheeltec/wheeltec_ros2/install/rplidar_ros2/share/rplidar_ros2/local_setup.dsv
[0.814s] -- Installing: /home/wheeltec/wheeltec_ros2/install/rplidar_ros2/share/rplidar_ros2/package.dsv
[0.817s] -- Up-to-date: /home/wheeltec/wheeltec_ros2/install/rplidar_ros2/share/ament_index/resource_index/packages/rplidar_ros2
[0.821s] -- Up-to-date: /home/wheeltec/wheeltec_ros2/install/rplidar_ros2/share/rplidar_ros2/cmake/ament_cmake_export_dependencies-extras.cmake
[0.821s] -- Up-to-date: /home/wheeltec/wheeltec_ros2/install/rplidar_ros2/share/rplidar_ros2/cmake/ament_cmake_export_include_directories-extras.cmake
[0.822s] -- Up-to-date: /home/wheeltec/wheeltec_ros2/install/rplidar_ros2/share/rplidar_ros2/cmake/rplidar_ros2Config.cmake
[0.822s] -- Up-to-date: /home/wheeltec/wheeltec_ros2/install/rplidar_ros2/share/rplidar_ros2/cmake/rplidar_ros2Config-version.cmake
[0.841s] -- Up-to-date: /home/wheeltec/wheeltec_ros2/install/rplidar_ros2/share/rplidar_ros2/package.xml
[0.842s] Invoked command in '/home/wheeltec/wheeltec_ros2/build/rplidar_ros2' returned '0': CMAKE_PREFIX_PATH=${CMAKE_PREFIX_PATH}:/home/wheeltec/wheeltec_ros2/install/wheeltec_robot_keyboard:/home/wheeltec/wheeltec_ros2/install/tf2_tools:/home/wheeltec/wheeltec_ros2/install/nav2_gazebo_spawner:/opt/ros/galactic /usr/bin/cmake --install /home/wheeltec/wheeltec_ros2/build/rplidar_ros2
