[0.152s] Invoking command in '/home/wheeltec/wheeltec_ros2/build/nav2_msgs': AMENT_PREFIX_PATH=/home/wheeltec/wheeltec_ros2/install/nav2_common:${AMENT_PREFIX_PATH} CMAKE_PREFIX_PATH=/home/wheeltec/wheeltec_ros2/install/nav2_common:/opt/ros/galactic PYTHONPATH=/home/wheeltec/wheeltec_ros2/install/nav2_common/lib/python3.8/site-packages:${PYTHONPATH} /usr/bin/cmake --build /home/wheeltec/wheeltec_ros2/build/nav2_msgs -- -j4 -l4
[0.528s] [  0%] Built target nav2_msgs__cpp
[0.687s] [ 12%] Built target nav2_msgs__rosidl_generator_c
[0.763s] [ 25%] Built target nav2_msgs__rosidl_typesupport_introspection_cpp
[0.874s] [ 37%] Built target nav2_msgs__rosidl_typesupport_cpp
[0.895s] [ 49%] Built target nav2_msgs__rosidl_typesupport_c
[0.913s] [ 61%] Built target nav2_msgs__rosidl_typesupport_fastrtps_cpp
[0.979s] [ 74%] Built target nav2_msgs__rosidl_typesupport_introspection_c
[1.164s] [ 86%] Built target nav2_msgs__rosidl_typesupport_fastrtps_c
[1.264s] [ 86%] Built target nav2_msgs
[1.462s] [ 86%] Built target nav2_msgs__py
[1.785s] [ 98%] Built target nav2_msgs__python
[2.014s] [100%] Built target nav2_msgs__rosidl_typesupport_c__pyext
[2.015s] [ 99%] Built target nav2_msgs__rosidl_typesupport_fastrtps_c__pyext
[2.062s] [100%] Built target nav2_msgs__rosidl_typesupport_introspection_c__pyext
[2.212s] Invoked command in '/home/wheeltec/wheeltec_ros2/build/nav2_msgs' returned '0': AMENT_PREFIX_PATH=/home/wheeltec/wheeltec_ros2/install/nav2_common:${AMENT_PREFIX_PATH} CMAKE_PREFIX_PATH=/home/wheeltec/wheeltec_ros2/install/nav2_common:/opt/ros/galactic PYTHONPATH=/home/wheeltec/wheeltec_ros2/install/nav2_common/lib/python3.8/site-packages:${PYTHONPATH} /usr/bin/cmake --build /home/wheeltec/wheeltec_ros2/build/nav2_msgs -- -j4 -l4
[5.188s] Invoking command in '/home/wheeltec/wheeltec_ros2/build/nav2_msgs': AMENT_PREFIX_PATH=/home/wheeltec/wheeltec_ros2/install/nav2_common:${AMENT_PREFIX_PATH} CMAKE_PREFIX_PATH=/home/wheeltec/wheeltec_ros2/install/nav2_common:/opt/ros/galactic PYTHONPATH=/home/wheeltec/wheeltec_ros2/install/nav2_common/lib/python3.8/site-packages:${PYTHONPATH} /usr/bin/cmake --install /home/wheeltec/wheeltec_ros2/build/nav2_msgs
[5.241s] -- Install configuration: "Release"
[5.241s] -- Installing: /home/wheeltec/wheeltec_ros2/install/nav2_msgs/share/ament_index/resource_index/rosidl_interfaces/nav2_msgs
[5.242s] -- Installing: /home/wheeltec/wheeltec_ros2/install/nav2_msgs/include/nav2_msgs
[5.242s] -- Installing: /home/wheeltec/wheeltec_ros2/install/nav2_msgs/include/nav2_msgs/action
[5.243s] -- Installing: /home/wheeltec/wheeltec_ros2/install/nav2_msgs/include/nav2_msgs/action/wait.h
[5.249s] -- Installing: /home/wheeltec/wheeltec_ros2/install/nav2_msgs/include/nav2_msgs/action/follow_path.h
[5.250s] -- Installing: /home/wheeltec/wheeltec_ros2/install/nav2_msgs/include/nav2_msgs/action/navigate_through_poses.h
[5.250s] -- Installing: /home/wheeltec/wheeltec_ros2/install/nav2_msgs/include/nav2_msgs/action/spin.h
[5.264s] -- Installing: /home/wheeltec/wheeltec_ros2/install/nav2_msgs/include/nav2_msgs/action/navigate_to_pose.h
[5.267s] -- Installing: /home/wheeltec/wheeltec_ros2/install/nav2_msgs/include/nav2_msgs/action/back_up.h
[5.268s] -- Installing: /home/wheeltec/wheeltec_ros2/install/nav2_msgs/include/nav2_msgs/action/detail
[5.268s] -- Installing: /home/wheeltec/wheeltec_ros2/install/nav2_msgs/include/nav2_msgs/action/detail/navigate_to_pose__struct.h
[5.269s] -- Installing: /home/wheeltec/wheeltec_ros2/install/nav2_msgs/include/nav2_msgs/action/detail/dummy_recovery__type_support.h
[5.270s] -- Installing: /home/wheeltec/wheeltec_ros2/install/nav2_msgs/include/nav2_msgs/action/detail/navigate_to_pose__type_support.h
[5.271s] -- Installing: /home/wheeltec/wheeltec_ros2/install/nav2_msgs/include/nav2_msgs/action/detail/back_up__functions.h
[5.271s] -- Installing: /home/wheeltec/wheeltec_ros2/install/nav2_msgs/include/nav2_msgs/action/detail/compute_path_through_poses__struct.h
[5.272s] -- Installing: /home/wheeltec/wheeltec_ros2/install/nav2_msgs/include/nav2_msgs/action/detail/dummy_recovery__struct.h
[5.273s] -- Installing: /home/wheeltec/wheeltec_ros2/install/nav2_msgs/include/nav2_msgs/action/detail/spin__struct.h
[5.273s] -- Installing: /home/wheeltec/wheeltec_ros2/install/nav2_msgs/include/nav2_msgs/action/detail/navigate_to_pose__functions.c
[5.274s] -- Installing: /home/wheeltec/wheeltec_ros2/install/nav2_msgs/include/nav2_msgs/action/detail/wait__functions.h
[5.276s] -- Installing: /home/wheeltec/wheeltec_ros2/install/nav2_msgs/include/nav2_msgs/action/detail/spin__functions.h
[5.288s] -- Installing: /home/wheeltec/wheeltec_ros2/install/nav2_msgs/include/nav2_msgs/action/detail/dummy_recovery__functions.h
[5.294s] -- Installing: /home/wheeltec/wheeltec_ros2/install/nav2_msgs/include/nav2_msgs/action/detail/follow_waypoints__functions.h
[5.295s] -- Installing: /home/wheeltec/wheeltec_ros2/install/nav2_msgs/include/nav2_msgs/action/detail/compute_path_through_poses__functions.c
[5.295s] -- Installing: /home/wheeltec/wheeltec_ros2/install/nav2_msgs/include/nav2_msgs/action/detail/compute_path_through_poses__type_support.h
[5.296s] -- Installing: /home/wheeltec/wheeltec_ros2/install/nav2_msgs/include/nav2_msgs/action/detail/spin__functions.c
[5.296s] -- Installing: /home/wheeltec/wheeltec_ros2/install/nav2_msgs/include/nav2_msgs/action/detail/compute_path_to_pose__functions.c
[5.296s] -- Installing: /home/wheeltec/wheeltec_ros2/install/nav2_msgs/include/nav2_msgs/action/detail/navigate_through_poses__type_support.h
[5.297s] -- Installing: /home/wheeltec/wheeltec_ros2/install/nav2_msgs/include/nav2_msgs/action/detail/compute_path_to_pose__functions.h
[5.297s] -- Installing: /home/wheeltec/wheeltec_ros2/install/nav2_msgs/include/nav2_msgs/action/detail/navigate_through_poses__functions.c
[5.297s] -- Installing: /home/wheeltec/wheeltec_ros2/install/nav2_msgs/include/nav2_msgs/action/detail/compute_path_to_pose__type_support.h
[5.298s] -- Installing: /home/wheeltec/wheeltec_ros2/install/nav2_msgs/include/nav2_msgs/action/detail/navigate_through_poses__struct.h
[5.298s] -- Installing: /home/wheeltec/wheeltec_ros2/install/nav2_msgs/include/nav2_msgs/action/detail/follow_path__struct.h
[5.298s] -- Installing: /home/wheeltec/wheeltec_ros2/install/nav2_msgs/include/nav2_msgs/action/detail/back_up__type_support.h
[5.299s] -- Installing: /home/wheeltec/wheeltec_ros2/install/nav2_msgs/include/nav2_msgs/action/detail/navigate_through_poses__functions.h
[5.299s] -- Installing: /home/wheeltec/wheeltec_ros2/install/nav2_msgs/include/nav2_msgs/action/detail/follow_path__functions.h
[5.299s] -- Installing: /home/wheeltec/wheeltec_ros2/install/nav2_msgs/include/nav2_msgs/action/detail/spin__type_support.h
[5.300s] -- Installing: /home/wheeltec/wheeltec_ros2/install/nav2_msgs/include/nav2_msgs/action/detail/wait__type_support.h
[5.300s] -- Installing: /home/wheeltec/wheeltec_ros2/install/nav2_msgs/include/nav2_msgs/action/detail/dummy_recovery__functions.c
[5.300s] -- Installing: /home/wheeltec/wheeltec_ros2/install/nav2_msgs/include/nav2_msgs/action/detail/back_up__functions.c
[5.301s] -- Installing: /home/wheeltec/wheeltec_ros2/install/nav2_msgs/include/nav2_msgs/action/detail/compute_path_through_poses__functions.h
[5.301s] -- Installing: /home/wheeltec/wheeltec_ros2/install/nav2_msgs/include/nav2_msgs/action/detail/wait__functions.c
[5.301s] -- Installing: /home/wheeltec/wheeltec_ros2/install/nav2_msgs/include/nav2_msgs/action/detail/follow_path__type_support.h
[5.302s] -- Installing: /home/wheeltec/wheeltec_ros2/install/nav2_msgs/include/nav2_msgs/action/detail/navigate_to_pose__functions.h
[5.302s] -- Installing: /home/wheeltec/wheeltec_ros2/install/nav2_msgs/include/nav2_msgs/action/detail/follow_waypoints__type_support.h
[5.303s] -- Installing: /home/wheeltec/wheeltec_ros2/install/nav2_msgs/include/nav2_msgs/action/detail/compute_path_to_pose__struct.h
[5.305s] -- Installing: /home/wheeltec/wheeltec_ros2/install/nav2_msgs/include/nav2_msgs/action/detail/follow_waypoints__struct.h
[5.308s] -- Installing: /home/wheeltec/wheeltec_ros2/install/nav2_msgs/include/nav2_msgs/action/detail/wait__struct.h
[5.323s] -- Installing: /home/wheeltec/wheeltec_ros2/install/nav2_msgs/include/nav2_msgs/action/detail/follow_waypoints__functions.c
[5.329s] -- Installing: /home/wheeltec/wheeltec_ros2/install/nav2_msgs/include/nav2_msgs/action/detail/follow_path__functions.c
[5.330s] -- Installing: /home/wheeltec/wheeltec_ros2/install/nav2_msgs/include/nav2_msgs/action/detail/back_up__struct.h
[5.331s] -- Installing: /home/wheeltec/wheeltec_ros2/install/nav2_msgs/include/nav2_msgs/action/dummy_recovery.h
[5.331s] -- Installing: /home/wheeltec/wheeltec_ros2/install/nav2_msgs/include/nav2_msgs/action/compute_path_to_pose.h
[5.332s] -- Installing: /home/wheeltec/wheeltec_ros2/install/nav2_msgs/include/nav2_msgs/action/follow_waypoints.h
[5.332s] -- Installing: /home/wheeltec/wheeltec_ros2/install/nav2_msgs/include/nav2_msgs/action/compute_path_through_poses.h
[5.333s] -- Installing: /home/wheeltec/wheeltec_ros2/install/nav2_msgs/include/nav2_msgs/msg
[5.333s] -- Installing: /home/wheeltec/wheeltec_ros2/install/nav2_msgs/include/nav2_msgs/msg/speed_limit.h
[5.334s] -- Installing: /home/wheeltec/wheeltec_ros2/install/nav2_msgs/include/nav2_msgs/msg/particle.h
[5.334s] -- Installing: /home/wheeltec/wheeltec_ros2/install/nav2_msgs/include/nav2_msgs/msg/costmap_meta_data.h
[5.335s] -- Installing: /home/wheeltec/wheeltec_ros2/install/nav2_msgs/include/nav2_msgs/msg/costmap_filter_info.h
[5.337s] -- Installing: /home/wheeltec/wheeltec_ros2/install/nav2_msgs/include/nav2_msgs/msg/behavior_tree_log.h
[5.340s] -- Installing: /home/wheeltec/wheeltec_ros2/install/nav2_msgs/include/nav2_msgs/msg/detail
[5.340s] -- Installing: /home/wheeltec/wheeltec_ros2/install/nav2_msgs/include/nav2_msgs/msg/detail/costmap__functions.h
[5.340s] -- Installing: /home/wheeltec/wheeltec_ros2/install/nav2_msgs/include/nav2_msgs/msg/detail/behavior_tree_status_change__struct.h
[5.341s] -- Installing: /home/wheeltec/wheeltec_ros2/install/nav2_msgs/include/nav2_msgs/msg/detail/behavior_tree_log__functions.h
[5.341s] -- Installing: /home/wheeltec/wheeltec_ros2/install/nav2_msgs/include/nav2_msgs/msg/detail/costmap__struct.h
[5.342s] -- Installing: /home/wheeltec/wheeltec_ros2/install/nav2_msgs/include/nav2_msgs/msg/detail/costmap_meta_data__struct.h
[5.342s] -- Installing: /home/wheeltec/wheeltec_ros2/install/nav2_msgs/include/nav2_msgs/msg/detail/behavior_tree_status_change__functions.c
[5.342s] -- Installing: /home/wheeltec/wheeltec_ros2/install/nav2_msgs/include/nav2_msgs/msg/detail/behavior_tree_log__type_support.h
[5.346s] -- Installing: /home/wheeltec/wheeltec_ros2/install/nav2_msgs/include/nav2_msgs/msg/detail/costmap_filter_info__functions.c
[5.347s] -- Installing: /home/wheeltec/wheeltec_ros2/install/nav2_msgs/include/nav2_msgs/msg/detail/voxel_grid__functions.h
[5.348s] -- Installing: /home/wheeltec/wheeltec_ros2/install/nav2_msgs/include/nav2_msgs/msg/detail/speed_limit__struct.h
[5.349s] -- Installing: /home/wheeltec/wheeltec_ros2/install/nav2_msgs/include/nav2_msgs/msg/detail/behavior_tree_status_change__functions.h
[5.357s] -- Installing: /home/wheeltec/wheeltec_ros2/install/nav2_msgs/include/nav2_msgs/msg/detail/speed_limit__functions.h
[5.358s] -- Installing: /home/wheeltec/wheeltec_ros2/install/nav2_msgs/include/nav2_msgs/msg/detail/voxel_grid__struct.h
[5.358s] -- Installing: /home/wheeltec/wheeltec_ros2/install/nav2_msgs/include/nav2_msgs/msg/detail/costmap_filter_info__struct.h
[5.359s] -- Installing: /home/wheeltec/wheeltec_ros2/install/nav2_msgs/include/nav2_msgs/msg/detail/particle__functions.h
[5.365s] -- Installing: /home/wheeltec/wheeltec_ros2/install/nav2_msgs/include/nav2_msgs/msg/detail/particle_cloud__type_support.h
[5.365s] -- Installing: /home/wheeltec/wheeltec_ros2/install/nav2_msgs/include/nav2_msgs/msg/detail/costmap_meta_data__functions.h
[5.366s] -- Installing: /home/wheeltec/wheeltec_ros2/install/nav2_msgs/include/nav2_msgs/msg/detail/behavior_tree_status_change__type_support.h
[5.367s] -- Installing: /home/wheeltec/wheeltec_ros2/install/nav2_msgs/include/nav2_msgs/msg/detail/costmap_meta_data__type_support.h
[5.367s] -- Installing: /home/wheeltec/wheeltec_ros2/install/nav2_msgs/include/nav2_msgs/msg/detail/costmap__functions.c
[5.367s] -- Installing: /home/wheeltec/wheeltec_ros2/install/nav2_msgs/include/nav2_msgs/msg/detail/costmap_filter_info__type_support.h
[5.368s] -- Installing: /home/wheeltec/wheeltec_ros2/install/nav2_msgs/include/nav2_msgs/msg/detail/particle_cloud__struct.h
[5.368s] -- Installing: /home/wheeltec/wheeltec_ros2/install/nav2_msgs/include/nav2_msgs/msg/detail/behavior_tree_log__functions.c
[5.368s] -- Installing: /home/wheeltec/wheeltec_ros2/install/nav2_msgs/include/nav2_msgs/msg/detail/costmap__type_support.h
[5.369s] -- Installing: /home/wheeltec/wheeltec_ros2/install/nav2_msgs/include/nav2_msgs/msg/detail/costmap_meta_data__functions.c
[5.369s] -- Installing: /home/wheeltec/wheeltec_ros2/install/nav2_msgs/include/nav2_msgs/msg/detail/particle__type_support.h
[5.369s] -- Installing: /home/wheeltec/wheeltec_ros2/install/nav2_msgs/include/nav2_msgs/msg/detail/voxel_grid__functions.c
[5.370s] -- Installing: /home/wheeltec/wheeltec_ros2/install/nav2_msgs/include/nav2_msgs/msg/detail/behavior_tree_log__struct.h
[5.370s] -- Installing: /home/wheeltec/wheeltec_ros2/install/nav2_msgs/include/nav2_msgs/msg/detail/speed_limit__type_support.h
[5.370s] -- Installing: /home/wheeltec/wheeltec_ros2/install/nav2_msgs/include/nav2_msgs/msg/detail/particle_cloud__functions.c
[5.371s] -- Installing: /home/wheeltec/wheeltec_ros2/install/nav2_msgs/include/nav2_msgs/msg/detail/speed_limit__functions.c
[5.371s] -- Installing: /home/wheeltec/wheeltec_ros2/install/nav2_msgs/include/nav2_msgs/msg/detail/particle__functions.c
[5.372s] -- Installing: /home/wheeltec/wheeltec_ros2/install/nav2_msgs/include/nav2_msgs/msg/detail/particle_cloud__functions.h
[5.372s] -- Installing: /home/wheeltec/wheeltec_ros2/install/nav2_msgs/include/nav2_msgs/msg/detail/particle__struct.h
[5.372s] -- Installing: /home/wheeltec/wheeltec_ros2/install/nav2_msgs/include/nav2_msgs/msg/detail/voxel_grid__type_support.h
[5.373s] -- Installing: /home/wheeltec/wheeltec_ros2/install/nav2_msgs/include/nav2_msgs/msg/detail/costmap_filter_info__functions.h
[5.373s] -- Installing: /home/wheeltec/wheeltec_ros2/install/nav2_msgs/include/nav2_msgs/msg/voxel_grid.h
[5.373s] -- Installing: /home/wheeltec/wheeltec_ros2/install/nav2_msgs/include/nav2_msgs/msg/behavior_tree_status_change.h
[5.374s] -- Installing: /home/wheeltec/wheeltec_ros2/install/nav2_msgs/include/nav2_msgs/msg/costmap.h
[5.374s] -- Installing: /home/wheeltec/wheeltec_ros2/install/nav2_msgs/include/nav2_msgs/msg/rosidl_generator_c__visibility_control.h
[5.374s] -- Installing: /home/wheeltec/wheeltec_ros2/install/nav2_msgs/include/nav2_msgs/msg/particle_cloud.h
[5.375s] -- Installing: /home/wheeltec/wheeltec_ros2/install/nav2_msgs/include/nav2_msgs/srv
[5.383s] -- Installing: /home/wheeltec/wheeltec_ros2/install/nav2_msgs/include/nav2_msgs/srv/clear_entire_costmap.h
[5.383s] -- Installing: /home/wheeltec/wheeltec_ros2/install/nav2_msgs/include/nav2_msgs/srv/load_map.h
[5.384s] -- Installing: /home/wheeltec/wheeltec_ros2/install/nav2_msgs/include/nav2_msgs/srv/get_costmap.h
[5.384s] -- Installing: /home/wheeltec/wheeltec_ros2/install/nav2_msgs/include/nav2_msgs/srv/save_map.h
[5.384s] -- Installing: /home/wheeltec/wheeltec_ros2/install/nav2_msgs/include/nav2_msgs/srv/detail
[5.385s] -- Installing: /home/wheeltec/wheeltec_ros2/install/nav2_msgs/include/nav2_msgs/srv/detail/save_map__struct.h
[5.386s] -- Installing: /home/wheeltec/wheeltec_ros2/install/nav2_msgs/include/nav2_msgs/srv/detail/clear_costmap_except_region__functions.c
[5.386s] -- Installing: /home/wheeltec/wheeltec_ros2/install/nav2_msgs/include/nav2_msgs/srv/detail/clear_entire_costmap__type_support.h
[5.387s] -- Installing: /home/wheeltec/wheeltec_ros2/install/nav2_msgs/include/nav2_msgs/srv/detail/manage_lifecycle_nodes__type_support.h
[5.387s] -- Installing: /home/wheeltec/wheeltec_ros2/install/nav2_msgs/include/nav2_msgs/srv/detail/clear_costmap_except_region__functions.h
[5.392s] -- Installing: /home/wheeltec/wheeltec_ros2/install/nav2_msgs/include/nav2_msgs/srv/detail/clear_costmap_around_robot__functions.h
[5.393s] -- Installing: /home/wheeltec/wheeltec_ros2/install/nav2_msgs/include/nav2_msgs/srv/detail/save_map__functions.h
[5.402s] -- Installing: /home/wheeltec/wheeltec_ros2/install/nav2_msgs/include/nav2_msgs/srv/detail/clear_costmap_around_robot__functions.c
[5.408s] -- Installing: /home/wheeltec/wheeltec_ros2/install/nav2_msgs/include/nav2_msgs/srv/detail/get_costmap__functions.h
[5.414s] -- Installing: /home/wheeltec/wheeltec_ros2/install/nav2_msgs/include/nav2_msgs/srv/detail/clear_costmap_except_region__type_support.h
[5.414s] -- Installing: /home/wheeltec/wheeltec_ros2/install/nav2_msgs/include/nav2_msgs/srv/detail/manage_lifecycle_nodes__functions.h
[5.414s] -- Installing: /home/wheeltec/wheeltec_ros2/install/nav2_msgs/include/nav2_msgs/srv/detail/save_map__type_support.h
[5.415s] -- Installing: /home/wheeltec/wheeltec_ros2/install/nav2_msgs/include/nav2_msgs/srv/detail/clear_costmap_around_robot__type_support.h
[5.415s] -- Installing: /home/wheeltec/wheeltec_ros2/install/nav2_msgs/include/nav2_msgs/srv/detail/clear_entire_costmap__functions.h
[5.416s] -- Installing: /home/wheeltec/wheeltec_ros2/install/nav2_msgs/include/nav2_msgs/srv/detail/load_map__functions.h
[5.416s] -- Installing: /home/wheeltec/wheeltec_ros2/install/nav2_msgs/include/nav2_msgs/srv/detail/clear_costmap_except_region__struct.h
[5.416s] -- Installing: /home/wheeltec/wheeltec_ros2/install/nav2_msgs/include/nav2_msgs/srv/detail/manage_lifecycle_nodes__functions.c
[5.417s] -- Installing: /home/wheeltec/wheeltec_ros2/install/nav2_msgs/include/nav2_msgs/srv/detail/load_map__type_support.h
[5.417s] -- Installing: /home/wheeltec/wheeltec_ros2/install/nav2_msgs/include/nav2_msgs/srv/detail/clear_entire_costmap__struct.h
[5.418s] -- Installing: /home/wheeltec/wheeltec_ros2/install/nav2_msgs/include/nav2_msgs/srv/detail/save_map__functions.c
[5.418s] -- Installing: /home/wheeltec/wheeltec_ros2/install/nav2_msgs/include/nav2_msgs/srv/detail/manage_lifecycle_nodes__struct.h
[5.418s] -- Installing: /home/wheeltec/wheeltec_ros2/install/nav2_msgs/include/nav2_msgs/srv/detail/get_costmap__struct.h
[5.420s] -- Installing: /home/wheeltec/wheeltec_ros2/install/nav2_msgs/include/nav2_msgs/srv/detail/clear_entire_costmap__functions.c
[5.420s] -- Installing: /home/wheeltec/wheeltec_ros2/install/nav2_msgs/include/nav2_msgs/srv/detail/load_map__struct.h
[5.421s] -- Installing: /home/wheeltec/wheeltec_ros2/install/nav2_msgs/include/nav2_msgs/srv/detail/get_costmap__type_support.h
[5.421s] -- Installing: /home/wheeltec/wheeltec_ros2/install/nav2_msgs/include/nav2_msgs/srv/detail/load_map__functions.c
[5.422s] -- Installing: /home/wheeltec/wheeltec_ros2/install/nav2_msgs/include/nav2_msgs/srv/detail/get_costmap__functions.c
[5.422s] -- Installing: /home/wheeltec/wheeltec_ros2/install/nav2_msgs/include/nav2_msgs/srv/detail/clear_costmap_around_robot__struct.h
[5.422s] -- Installing: /home/wheeltec/wheeltec_ros2/install/nav2_msgs/include/nav2_msgs/srv/clear_costmap_around_robot.h
[5.423s] -- Installing: /home/wheeltec/wheeltec_ros2/install/nav2_msgs/include/nav2_msgs/srv/clear_costmap_except_region.h
[5.423s] -- Installing: /home/wheeltec/wheeltec_ros2/install/nav2_msgs/include/nav2_msgs/srv/manage_lifecycle_nodes.h
[5.424s] -- Installing: /home/wheeltec/wheeltec_ros2/install/nav2_msgs/share/nav2_msgs/environment/library_path.sh
[5.424s] -- Installing: /home/wheeltec/wheeltec_ros2/install/nav2_msgs/share/nav2_msgs/environment/library_path.dsv
[5.424s] -- Installing: /home/wheeltec/wheeltec_ros2/install/nav2_msgs/lib/libnav2_msgs__rosidl_generator_c.so
[5.425s] -- Set runtime path of "/home/wheeltec/wheeltec_ros2/install/nav2_msgs/lib/libnav2_msgs__rosidl_generator_c.so" to ""
[5.425s] -- Up-to-date: /home/wheeltec/wheeltec_ros2/install/nav2_msgs/include/nav2_msgs
[5.425s] -- Up-to-date: /home/wheeltec/wheeltec_ros2/install/nav2_msgs/include/nav2_msgs/action
[5.426s] -- Up-to-date: /home/wheeltec/wheeltec_ros2/install/nav2_msgs/include/nav2_msgs/action/detail
[5.426s] -- Installing: /home/wheeltec/wheeltec_ros2/install/nav2_msgs/include/nav2_msgs/action/detail/follow_path__rosidl_typesupport_fastrtps_c.h
[5.427s] -- Installing: /home/wheeltec/wheeltec_ros2/install/nav2_msgs/include/nav2_msgs/action/detail/wait__rosidl_typesupport_fastrtps_c.h
[5.427s] -- Installing: /home/wheeltec/wheeltec_ros2/install/nav2_msgs/include/nav2_msgs/action/detail/follow_waypoints__rosidl_typesupport_fastrtps_c.h
[5.427s] -- Installing: /home/wheeltec/wheeltec_ros2/install/nav2_msgs/include/nav2_msgs/action/detail/back_up__rosidl_typesupport_fastrtps_c.h
[5.428s] -- Installing: /home/wheeltec/wheeltec_ros2/install/nav2_msgs/include/nav2_msgs/action/detail/navigate_through_poses__rosidl_typesupport_fastrtps_c.h
[5.428s] -- Installing: /home/wheeltec/wheeltec_ros2/install/nav2_msgs/include/nav2_msgs/action/detail/spin__rosidl_typesupport_fastrtps_c.h
[5.428s] -- Installing: /home/wheeltec/wheeltec_ros2/install/nav2_msgs/include/nav2_msgs/action/detail/compute_path_through_poses__rosidl_typesupport_fastrtps_c.h
[5.429s] -- Installing: /home/wheeltec/wheeltec_ros2/install/nav2_msgs/include/nav2_msgs/action/detail/navigate_to_pose__rosidl_typesupport_fastrtps_c.h
[5.429s] -- Installing: /home/wheeltec/wheeltec_ros2/install/nav2_msgs/include/nav2_msgs/action/detail/dummy_recovery__rosidl_typesupport_fastrtps_c.h
[5.430s] -- Installing: /home/wheeltec/wheeltec_ros2/install/nav2_msgs/include/nav2_msgs/action/detail/compute_path_to_pose__rosidl_typesupport_fastrtps_c.h
[5.430s] -- Up-to-date: /home/wheeltec/wheeltec_ros2/install/nav2_msgs/include/nav2_msgs/msg
[5.430s] -- Installing: /home/wheeltec/wheeltec_ros2/install/nav2_msgs/include/nav2_msgs/msg/rosidl_typesupport_fastrtps_c__visibility_control.h
[5.431s] -- Up-to-date: /home/wheeltec/wheeltec_ros2/install/nav2_msgs/include/nav2_msgs/msg/detail
[5.442s] -- Installing: /home/wheeltec/wheeltec_ros2/install/nav2_msgs/include/nav2_msgs/msg/detail/speed_limit__rosidl_typesupport_fastrtps_c.h
[5.452s] -- Installing: /home/wheeltec/wheeltec_ros2/install/nav2_msgs/include/nav2_msgs/msg/detail/voxel_grid__rosidl_typesupport_fastrtps_c.h
[5.454s] -- Installing: /home/wheeltec/wheeltec_ros2/install/nav2_msgs/include/nav2_msgs/msg/detail/costmap_filter_info__rosidl_typesupport_fastrtps_c.h
[5.456s] -- Installing: /home/wheeltec/wheeltec_ros2/install/nav2_msgs/include/nav2_msgs/msg/detail/behavior_tree_log__rosidl_typesupport_fastrtps_c.h
[5.456s] -- Installing: /home/wheeltec/wheeltec_ros2/install/nav2_msgs/include/nav2_msgs/msg/detail/costmap_meta_data__rosidl_typesupport_fastrtps_c.h
[5.458s] -- Installing: /home/wheeltec/wheeltec_ros2/install/nav2_msgs/include/nav2_msgs/msg/detail/behavior_tree_status_change__rosidl_typesupport_fastrtps_c.h
[5.460s] -- Installing: /home/wheeltec/wheeltec_ros2/install/nav2_msgs/include/nav2_msgs/msg/detail/particle__rosidl_typesupport_fastrtps_c.h
[5.461s] -- Installing: /home/wheeltec/wheeltec_ros2/install/nav2_msgs/include/nav2_msgs/msg/detail/costmap__rosidl_typesupport_fastrtps_c.h
[5.462s] -- Installing: /home/wheeltec/wheeltec_ros2/install/nav2_msgs/include/nav2_msgs/msg/detail/particle_cloud__rosidl_typesupport_fastrtps_c.h
[5.463s] -- Up-to-date: /home/wheeltec/wheeltec_ros2/install/nav2_msgs/include/nav2_msgs/srv
[5.466s] -- Up-to-date: /home/wheeltec/wheeltec_ros2/install/nav2_msgs/include/nav2_msgs/srv/detail
[5.474s] -- Installing: /home/wheeltec/wheeltec_ros2/install/nav2_msgs/include/nav2_msgs/srv/detail/clear_costmap_around_robot__rosidl_typesupport_fastrtps_c.h
[5.474s] -- Installing: /home/wheeltec/wheeltec_ros2/install/nav2_msgs/include/nav2_msgs/srv/detail/clear_entire_costmap__rosidl_typesupport_fastrtps_c.h
[5.475s] -- Installing: /home/wheeltec/wheeltec_ros2/install/nav2_msgs/include/nav2_msgs/srv/detail/save_map__rosidl_typesupport_fastrtps_c.h
[5.476s] -- Installing: /home/wheeltec/wheeltec_ros2/install/nav2_msgs/include/nav2_msgs/srv/detail/get_costmap__rosidl_typesupport_fastrtps_c.h
[5.476s] -- Installing: /home/wheeltec/wheeltec_ros2/install/nav2_msgs/include/nav2_msgs/srv/detail/load_map__rosidl_typesupport_fastrtps_c.h
[5.477s] -- Installing: /home/wheeltec/wheeltec_ros2/install/nav2_msgs/include/nav2_msgs/srv/detail/clear_costmap_except_region__rosidl_typesupport_fastrtps_c.h
[5.478s] -- Installing: /home/wheeltec/wheeltec_ros2/install/nav2_msgs/include/nav2_msgs/srv/detail/manage_lifecycle_nodes__rosidl_typesupport_fastrtps_c.h
[5.478s] -- Installing: /home/wheeltec/wheeltec_ros2/install/nav2_msgs/lib/libnav2_msgs__rosidl_typesupport_fastrtps_c.so
[5.478s] -- Set runtime path of "/home/wheeltec/wheeltec_ros2/install/nav2_msgs/lib/libnav2_msgs__rosidl_typesupport_fastrtps_c.so" to ""
[5.479s] -- Up-to-date: /home/wheeltec/wheeltec_ros2/install/nav2_msgs/include/nav2_msgs
[5.479s] -- Up-to-date: /home/wheeltec/wheeltec_ros2/install/nav2_msgs/include/nav2_msgs/action
[5.480s] -- Up-to-date: /home/wheeltec/wheeltec_ros2/install/nav2_msgs/include/nav2_msgs/action/detail
[5.480s] -- Installing: /home/wheeltec/wheeltec_ros2/install/nav2_msgs/include/nav2_msgs/action/detail/dds_fastrtps
[5.487s] -- Installing: /home/wheeltec/wheeltec_ros2/install/nav2_msgs/include/nav2_msgs/action/detail/compute_path_to_pose__rosidl_typesupport_fastrtps_cpp.hpp
[5.495s] -- Installing: /home/wheeltec/wheeltec_ros2/install/nav2_msgs/include/nav2_msgs/action/detail/follow_path__rosidl_typesupport_fastrtps_cpp.hpp
[5.496s] -- Installing: /home/wheeltec/wheeltec_ros2/install/nav2_msgs/include/nav2_msgs/action/detail/navigate_through_poses__rosidl_typesupport_fastrtps_cpp.hpp
[5.497s] -- Installing: /home/wheeltec/wheeltec_ros2/install/nav2_msgs/include/nav2_msgs/action/detail/compute_path_through_poses__rosidl_typesupport_fastrtps_cpp.hpp
[5.497s] -- Installing: /home/wheeltec/wheeltec_ros2/install/nav2_msgs/include/nav2_msgs/action/detail/spin__rosidl_typesupport_fastrtps_cpp.hpp
[5.498s] -- Installing: /home/wheeltec/wheeltec_ros2/install/nav2_msgs/include/nav2_msgs/action/detail/dummy_recovery__rosidl_typesupport_fastrtps_cpp.hpp
[5.503s] -- Installing: /home/wheeltec/wheeltec_ros2/install/nav2_msgs/include/nav2_msgs/action/detail/back_up__rosidl_typesupport_fastrtps_cpp.hpp
[5.504s] -- Installing: /home/wheeltec/wheeltec_ros2/install/nav2_msgs/include/nav2_msgs/action/detail/follow_waypoints__rosidl_typesupport_fastrtps_cpp.hpp
[5.513s] -- Installing: /home/wheeltec/wheeltec_ros2/install/nav2_msgs/include/nav2_msgs/action/detail/navigate_to_pose__rosidl_typesupport_fastrtps_cpp.hpp
[5.513s] -- Installing: /home/wheeltec/wheeltec_ros2/install/nav2_msgs/include/nav2_msgs/action/detail/wait__rosidl_typesupport_fastrtps_cpp.hpp
[5.514s] -- Up-to-date: /home/wheeltec/wheeltec_ros2/install/nav2_msgs/include/nav2_msgs/msg
[5.514s] -- Up-to-date: /home/wheeltec/wheeltec_ros2/install/nav2_msgs/include/nav2_msgs/msg/detail
[5.514s] -- Installing: /home/wheeltec/wheeltec_ros2/install/nav2_msgs/include/nav2_msgs/msg/detail/dds_fastrtps
[5.515s] -- Installing: /home/wheeltec/wheeltec_ros2/install/nav2_msgs/include/nav2_msgs/msg/detail/voxel_grid__rosidl_typesupport_fastrtps_cpp.hpp
[5.515s] -- Installing: /home/wheeltec/wheeltec_ros2/install/nav2_msgs/include/nav2_msgs/msg/detail/particle_cloud__rosidl_typesupport_fastrtps_cpp.hpp
[5.516s] -- Installing: /home/wheeltec/wheeltec_ros2/install/nav2_msgs/include/nav2_msgs/msg/detail/behavior_tree_status_change__rosidl_typesupport_fastrtps_cpp.hpp
[5.516s] -- Installing: /home/wheeltec/wheeltec_ros2/install/nav2_msgs/include/nav2_msgs/msg/detail/costmap__rosidl_typesupport_fastrtps_cpp.hpp
[5.517s] -- Installing: /home/wheeltec/wheeltec_ros2/install/nav2_msgs/include/nav2_msgs/msg/detail/costmap_meta_data__rosidl_typesupport_fastrtps_cpp.hpp
[5.519s] -- Installing: /home/wheeltec/wheeltec_ros2/install/nav2_msgs/include/nav2_msgs/msg/detail/costmap_filter_info__rosidl_typesupport_fastrtps_cpp.hpp
[5.520s] -- Installing: /home/wheeltec/wheeltec_ros2/install/nav2_msgs/include/nav2_msgs/msg/detail/speed_limit__rosidl_typesupport_fastrtps_cpp.hpp
[5.520s] -- Installing: /home/wheeltec/wheeltec_ros2/install/nav2_msgs/include/nav2_msgs/msg/detail/particle__rosidl_typesupport_fastrtps_cpp.hpp
[5.521s] -- Installing: /home/wheeltec/wheeltec_ros2/install/nav2_msgs/include/nav2_msgs/msg/detail/behavior_tree_log__rosidl_typesupport_fastrtps_cpp.hpp
[5.526s] -- Installing: /home/wheeltec/wheeltec_ros2/install/nav2_msgs/include/nav2_msgs/msg/rosidl_typesupport_fastrtps_cpp__visibility_control.h
[5.527s] -- Up-to-date: /home/wheeltec/wheeltec_ros2/install/nav2_msgs/include/nav2_msgs/srv
[5.528s] -- Up-to-date: /home/wheeltec/wheeltec_ros2/install/nav2_msgs/include/nav2_msgs/srv/detail
[5.528s] -- Installing: /home/wheeltec/wheeltec_ros2/install/nav2_msgs/include/nav2_msgs/srv/detail/dds_fastrtps
[5.528s] -- Installing: /home/wheeltec/wheeltec_ros2/install/nav2_msgs/include/nav2_msgs/srv/detail/clear_costmap_except_region__rosidl_typesupport_fastrtps_cpp.hpp
[5.529s] -- Installing: /home/wheeltec/wheeltec_ros2/install/nav2_msgs/include/nav2_msgs/srv/detail/load_map__rosidl_typesupport_fastrtps_cpp.hpp
[5.529s] -- Installing: /home/wheeltec/wheeltec_ros2/install/nav2_msgs/include/nav2_msgs/srv/detail/clear_costmap_around_robot__rosidl_typesupport_fastrtps_cpp.hpp
[5.529s] -- Installing: /home/wheeltec/wheeltec_ros2/install/nav2_msgs/include/nav2_msgs/srv/detail/get_costmap__rosidl_typesupport_fastrtps_cpp.hpp
[5.530s] -- Installing: /home/wheeltec/wheeltec_ros2/install/nav2_msgs/include/nav2_msgs/srv/detail/manage_lifecycle_nodes__rosidl_typesupport_fastrtps_cpp.hpp
[5.530s] -- Installing: /home/wheeltec/wheeltec_ros2/install/nav2_msgs/include/nav2_msgs/srv/detail/clear_entire_costmap__rosidl_typesupport_fastrtps_cpp.hpp
[5.530s] -- Installing: /home/wheeltec/wheeltec_ros2/install/nav2_msgs/include/nav2_msgs/srv/detail/save_map__rosidl_typesupport_fastrtps_cpp.hpp
[5.531s] -- Installing: /home/wheeltec/wheeltec_ros2/install/nav2_msgs/lib/libnav2_msgs__rosidl_typesupport_fastrtps_cpp.so
[5.531s] -- Set runtime path of "/home/wheeltec/wheeltec_ros2/install/nav2_msgs/lib/libnav2_msgs__rosidl_typesupport_fastrtps_cpp.so" to ""
[5.532s] -- Up-to-date: /home/wheeltec/wheeltec_ros2/install/nav2_msgs/include/nav2_msgs
[5.532s] -- Up-to-date: /home/wheeltec/wheeltec_ros2/install/nav2_msgs/include/nav2_msgs/action
[5.532s] -- Up-to-date: /home/wheeltec/wheeltec_ros2/install/nav2_msgs/include/nav2_msgs/action/detail
[5.533s] -- Installing: /home/wheeltec/wheeltec_ros2/install/nav2_msgs/include/nav2_msgs/action/detail/compute_path_through_poses__rosidl_typesupport_introspection_c.h
[5.533s] -- Installing: /home/wheeltec/wheeltec_ros2/install/nav2_msgs/include/nav2_msgs/action/detail/follow_waypoints__type_support.c
[5.533s] -- Installing: /home/wheeltec/wheeltec_ros2/install/nav2_msgs/include/nav2_msgs/action/detail/wait__type_support.c
[5.533s] -- Installing: /home/wheeltec/wheeltec_ros2/install/nav2_msgs/include/nav2_msgs/action/detail/compute_path_to_pose__type_support.c
[5.534s] -- Installing: /home/wheeltec/wheeltec_ros2/install/nav2_msgs/include/nav2_msgs/action/detail/dummy_recovery__rosidl_typesupport_introspection_c.h
[5.534s] -- Installing: /home/wheeltec/wheeltec_ros2/install/nav2_msgs/include/nav2_msgs/action/detail/wait__rosidl_typesupport_introspection_c.h
[5.534s] -- Installing: /home/wheeltec/wheeltec_ros2/install/nav2_msgs/include/nav2_msgs/action/detail/compute_path_to_pose__rosidl_typesupport_introspection_c.h
[5.535s] -- Installing: /home/wheeltec/wheeltec_ros2/install/nav2_msgs/include/nav2_msgs/action/detail/back_up__rosidl_typesupport_introspection_c.h
[5.540s] -- Installing: /home/wheeltec/wheeltec_ros2/install/nav2_msgs/include/nav2_msgs/action/detail/spin__rosidl_typesupport_introspection_c.h
[5.542s] -- Installing: /home/wheeltec/wheeltec_ros2/install/nav2_msgs/include/nav2_msgs/action/detail/navigate_through_poses__rosidl_typesupport_introspection_c.h
[5.543s] -- Installing: /home/wheeltec/wheeltec_ros2/install/nav2_msgs/include/nav2_msgs/action/detail/follow_path__rosidl_typesupport_introspection_c.h
[5.543s] -- Installing: /home/wheeltec/wheeltec_ros2/install/nav2_msgs/include/nav2_msgs/action/detail/follow_waypoints__rosidl_typesupport_introspection_c.h
[5.544s] -- Installing: /home/wheeltec/wheeltec_ros2/install/nav2_msgs/include/nav2_msgs/action/detail/spin__type_support.c
[5.544s] -- Installing: /home/wheeltec/wheeltec_ros2/install/nav2_msgs/include/nav2_msgs/action/detail/navigate_to_pose__rosidl_typesupport_introspection_c.h
[5.545s] -- Installing: /home/wheeltec/wheeltec_ros2/install/nav2_msgs/include/nav2_msgs/action/detail/dummy_recovery__type_support.c
[5.545s] -- Installing: /home/wheeltec/wheeltec_ros2/install/nav2_msgs/include/nav2_msgs/action/detail/follow_path__type_support.c
[5.545s] -- Installing: /home/wheeltec/wheeltec_ros2/install/nav2_msgs/include/nav2_msgs/action/detail/compute_path_through_poses__type_support.c
[5.546s] -- Installing: /home/wheeltec/wheeltec_ros2/install/nav2_msgs/include/nav2_msgs/action/detail/navigate_to_pose__type_support.c
[5.546s] -- Installing: /home/wheeltec/wheeltec_ros2/install/nav2_msgs/include/nav2_msgs/action/detail/back_up__type_support.c
[5.547s] -- Installing: /home/wheeltec/wheeltec_ros2/install/nav2_msgs/include/nav2_msgs/action/detail/navigate_through_poses__type_support.c
[5.547s] -- Up-to-date: /home/wheeltec/wheeltec_ros2/install/nav2_msgs/include/nav2_msgs/msg
[5.548s] -- Installing: /home/wheeltec/wheeltec_ros2/install/nav2_msgs/include/nav2_msgs/msg/rosidl_typesupport_introspection_c__visibility_control.h
[5.548s] -- Up-to-date: /home/wheeltec/wheeltec_ros2/install/nav2_msgs/include/nav2_msgs/msg/detail
[5.548s] -- Installing: /home/wheeltec/wheeltec_ros2/install/nav2_msgs/include/nav2_msgs/msg/detail/costmap_meta_data__rosidl_typesupport_introspection_c.h
[5.549s] -- Installing: /home/wheeltec/wheeltec_ros2/install/nav2_msgs/include/nav2_msgs/msg/detail/costmap__type_support.c
[5.549s] -- Installing: /home/wheeltec/wheeltec_ros2/install/nav2_msgs/include/nav2_msgs/msg/detail/behavior_tree_log__rosidl_typesupport_introspection_c.h
[5.550s] -- Installing: /home/wheeltec/wheeltec_ros2/install/nav2_msgs/include/nav2_msgs/msg/detail/voxel_grid__type_support.c
[5.550s] -- Installing: /home/wheeltec/wheeltec_ros2/install/nav2_msgs/include/nav2_msgs/msg/detail/costmap_meta_data__type_support.c
[5.551s] -- Installing: /home/wheeltec/wheeltec_ros2/install/nav2_msgs/include/nav2_msgs/msg/detail/behavior_tree_log__type_support.c
[5.551s] -- Installing: /home/wheeltec/wheeltec_ros2/install/nav2_msgs/include/nav2_msgs/msg/detail/costmap_filter_info__rosidl_typesupport_introspection_c.h
[5.552s] -- Installing: /home/wheeltec/wheeltec_ros2/install/nav2_msgs/include/nav2_msgs/msg/detail/speed_limit__rosidl_typesupport_introspection_c.h
[5.553s] -- Installing: /home/wheeltec/wheeltec_ros2/install/nav2_msgs/include/nav2_msgs/msg/detail/behavior_tree_status_change__type_support.c
[5.553s] -- Installing: /home/wheeltec/wheeltec_ros2/install/nav2_msgs/include/nav2_msgs/msg/detail/particle_cloud__rosidl_typesupport_introspection_c.h
[5.554s] -- Installing: /home/wheeltec/wheeltec_ros2/install/nav2_msgs/include/nav2_msgs/msg/detail/particle_cloud__type_support.c
[5.554s] -- Installing: /home/wheeltec/wheeltec_ros2/install/nav2_msgs/include/nav2_msgs/msg/detail/particle__rosidl_typesupport_introspection_c.h
[5.554s] -- Installing: /home/wheeltec/wheeltec_ros2/install/nav2_msgs/include/nav2_msgs/msg/detail/voxel_grid__rosidl_typesupport_introspection_c.h
[5.555s] -- Installing: /home/wheeltec/wheeltec_ros2/install/nav2_msgs/include/nav2_msgs/msg/detail/particle__type_support.c
[5.556s] -- Installing: /home/wheeltec/wheeltec_ros2/install/nav2_msgs/include/nav2_msgs/msg/detail/costmap__rosidl_typesupport_introspection_c.h
[5.556s] -- Installing: /home/wheeltec/wheeltec_ros2/install/nav2_msgs/include/nav2_msgs/msg/detail/behavior_tree_status_change__rosidl_typesupport_introspection_c.h
[5.557s] -- Installing: /home/wheeltec/wheeltec_ros2/install/nav2_msgs/include/nav2_msgs/msg/detail/speed_limit__type_support.c
[5.558s] -- Installing: /home/wheeltec/wheeltec_ros2/install/nav2_msgs/include/nav2_msgs/msg/detail/costmap_filter_info__type_support.c
[5.558s] -- Up-to-date: /home/wheeltec/wheeltec_ros2/install/nav2_msgs/include/nav2_msgs/srv
[5.560s] -- Up-to-date: /home/wheeltec/wheeltec_ros2/install/nav2_msgs/include/nav2_msgs/srv/detail
[5.560s] -- Installing: /home/wheeltec/wheeltec_ros2/install/nav2_msgs/include/nav2_msgs/srv/detail/manage_lifecycle_nodes__type_support.c
[5.561s] -- Installing: /home/wheeltec/wheeltec_ros2/install/nav2_msgs/include/nav2_msgs/srv/detail/manage_lifecycle_nodes__rosidl_typesupport_introspection_c.h
[5.562s] -- Installing: /home/wheeltec/wheeltec_ros2/install/nav2_msgs/include/nav2_msgs/srv/detail/save_map__rosidl_typesupport_introspection_c.h
[5.564s] -- Installing: /home/wheeltec/wheeltec_ros2/install/nav2_msgs/include/nav2_msgs/srv/detail/clear_entire_costmap__type_support.c
[5.564s] -- Installing: /home/wheeltec/wheeltec_ros2/install/nav2_msgs/include/nav2_msgs/srv/detail/get_costmap__rosidl_typesupport_introspection_c.h
[5.565s] -- Installing: /home/wheeltec/wheeltec_ros2/install/nav2_msgs/include/nav2_msgs/srv/detail/clear_costmap_except_region__type_support.c
[5.565s] -- Installing: /home/wheeltec/wheeltec_ros2/install/nav2_msgs/include/nav2_msgs/srv/detail/load_map__type_support.c
[5.565s] -- Installing: /home/wheeltec/wheeltec_ros2/install/nav2_msgs/include/nav2_msgs/srv/detail/clear_costmap_around_robot__rosidl_typesupport_introspection_c.h
[5.566s] -- Installing: /home/wheeltec/wheeltec_ros2/install/nav2_msgs/include/nav2_msgs/srv/detail/load_map__rosidl_typesupport_introspection_c.h
[5.582s] -- Installing: /home/wheeltec/wheeltec_ros2/install/nav2_msgs/include/nav2_msgs/srv/detail/clear_costmap_around_robot__type_support.c
[5.582s] -- Installing: /home/wheeltec/wheeltec_ros2/install/nav2_msgs/include/nav2_msgs/srv/detail/clear_costmap_except_region__rosidl_typesupport_introspection_c.h
[5.583s] -- Installing: /home/wheeltec/wheeltec_ros2/install/nav2_msgs/include/nav2_msgs/srv/detail/save_map__type_support.c
[5.595s] -- Installing: /home/wheeltec/wheeltec_ros2/install/nav2_msgs/include/nav2_msgs/srv/detail/get_costmap__type_support.c
[5.602s] -- Installing: /home/wheeltec/wheeltec_ros2/install/nav2_msgs/include/nav2_msgs/srv/detail/clear_entire_costmap__rosidl_typesupport_introspection_c.h
[5.603s] -- Installing: /home/wheeltec/wheeltec_ros2/install/nav2_msgs/lib/libnav2_msgs__rosidl_typesupport_introspection_c.so
[5.604s] -- Set runtime path of "/home/wheeltec/wheeltec_ros2/install/nav2_msgs/lib/libnav2_msgs__rosidl_typesupport_introspection_c.so" to ""
[5.605s] -- Installing: /home/wheeltec/wheeltec_ros2/install/nav2_msgs/lib/libnav2_msgs__rosidl_typesupport_c.so
[5.606s] -- Set runtime path of "/home/wheeltec/wheeltec_ros2/install/nav2_msgs/lib/libnav2_msgs__rosidl_typesupport_c.so" to ""
[5.606s] -- Up-to-date: /home/wheeltec/wheeltec_ros2/install/nav2_msgs/include/nav2_msgs
[5.607s] -- Up-to-date: /home/wheeltec/wheeltec_ros2/install/nav2_msgs/include/nav2_msgs/action
[5.608s] -- Installing: /home/wheeltec/wheeltec_ros2/install/nav2_msgs/include/nav2_msgs/action/dummy_recovery.hpp
[5.609s] -- Installing: /home/wheeltec/wheeltec_ros2/install/nav2_msgs/include/nav2_msgs/action/follow_waypoints.hpp
[5.609s] -- Installing: /home/wheeltec/wheeltec_ros2/install/nav2_msgs/include/nav2_msgs/action/back_up.hpp
[5.610s] -- Installing: /home/wheeltec/wheeltec_ros2/install/nav2_msgs/include/nav2_msgs/action/compute_path_through_poses.hpp
[5.610s] -- Installing: /home/wheeltec/wheeltec_ros2/install/nav2_msgs/include/nav2_msgs/action/follow_path.hpp
[5.611s] -- Installing: /home/wheeltec/wheeltec_ros2/install/nav2_msgs/include/nav2_msgs/action/compute_path_to_pose.hpp
[5.612s] -- Up-to-date: /home/wheeltec/wheeltec_ros2/install/nav2_msgs/include/nav2_msgs/action/detail
[5.612s] -- Installing: /home/wheeltec/wheeltec_ros2/install/nav2_msgs/include/nav2_msgs/action/detail/navigate_through_poses__struct.hpp
[5.613s] -- Installing: /home/wheeltec/wheeltec_ros2/install/nav2_msgs/include/nav2_msgs/action/detail/compute_path_through_poses__struct.hpp
[5.613s] -- Installing: /home/wheeltec/wheeltec_ros2/install/nav2_msgs/include/nav2_msgs/action/detail/dummy_recovery__struct.hpp
[5.614s] -- Installing: /home/wheeltec/wheeltec_ros2/install/nav2_msgs/include/nav2_msgs/action/detail/follow_waypoints__traits.hpp
[5.614s] -- Installing: /home/wheeltec/wheeltec_ros2/install/nav2_msgs/include/nav2_msgs/action/detail/dummy_recovery__builder.hpp
[5.615s] -- Installing: /home/wheeltec/wheeltec_ros2/install/nav2_msgs/include/nav2_msgs/action/detail/follow_path__traits.hpp
[5.616s] -- Installing: /home/wheeltec/wheeltec_ros2/install/nav2_msgs/include/nav2_msgs/action/detail/compute_path_through_poses__builder.hpp
[5.616s] -- Installing: /home/wheeltec/wheeltec_ros2/install/nav2_msgs/include/nav2_msgs/action/detail/wait__struct.hpp
[5.617s] -- Installing: /home/wheeltec/wheeltec_ros2/install/nav2_msgs/include/nav2_msgs/action/detail/compute_path_to_pose__traits.hpp
[5.617s] -- Installing: /home/wheeltec/wheeltec_ros2/install/nav2_msgs/include/nav2_msgs/action/detail/back_up__traits.hpp
[5.618s] -- Installing: /home/wheeltec/wheeltec_ros2/install/nav2_msgs/include/nav2_msgs/action/detail/navigate_to_pose__struct.hpp
[5.618s] -- Installing: /home/wheeltec/wheeltec_ros2/install/nav2_msgs/include/nav2_msgs/action/detail/navigate_to_pose__builder.hpp
[5.619s] -- Installing: /home/wheeltec/wheeltec_ros2/install/nav2_msgs/include/nav2_msgs/action/detail/wait__builder.hpp
[5.619s] -- Installing: /home/wheeltec/wheeltec_ros2/install/nav2_msgs/include/nav2_msgs/action/detail/compute_path_to_pose__builder.hpp
[5.620s] -- Installing: /home/wheeltec/wheeltec_ros2/install/nav2_msgs/include/nav2_msgs/action/detail/back_up__builder.hpp
[5.621s] -- Installing: /home/wheeltec/wheeltec_ros2/install/nav2_msgs/include/nav2_msgs/action/detail/follow_waypoints__builder.hpp
[5.624s] -- Installing: /home/wheeltec/wheeltec_ros2/install/nav2_msgs/include/nav2_msgs/action/detail/back_up__struct.hpp
[5.625s] -- Installing: /home/wheeltec/wheeltec_ros2/install/nav2_msgs/include/nav2_msgs/action/detail/navigate_through_poses__traits.hpp
[5.625s] -- Installing: /home/wheeltec/wheeltec_ros2/install/nav2_msgs/include/nav2_msgs/action/detail/spin__traits.hpp
[5.626s] -- Installing: /home/wheeltec/wheeltec_ros2/install/nav2_msgs/include/nav2_msgs/action/detail/navigate_to_pose__traits.hpp
[5.626s] -- Installing: /home/wheeltec/wheeltec_ros2/install/nav2_msgs/include/nav2_msgs/action/detail/follow_path__builder.hpp
[5.627s] -- Installing: /home/wheeltec/wheeltec_ros2/install/nav2_msgs/include/nav2_msgs/action/detail/follow_waypoints__struct.hpp
[5.627s] -- Installing: /home/wheeltec/wheeltec_ros2/install/nav2_msgs/include/nav2_msgs/action/detail/compute_path_to_pose__struct.hpp
[5.628s] -- Installing: /home/wheeltec/wheeltec_ros2/install/nav2_msgs/include/nav2_msgs/action/detail/spin__struct.hpp
[5.628s] -- Installing: /home/wheeltec/wheeltec_ros2/install/nav2_msgs/include/nav2_msgs/action/detail/follow_path__struct.hpp
[5.628s] -- Installing: /home/wheeltec/wheeltec_ros2/install/nav2_msgs/include/nav2_msgs/action/detail/compute_path_through_poses__traits.hpp
[5.629s] -- Installing: /home/wheeltec/wheeltec_ros2/install/nav2_msgs/include/nav2_msgs/action/detail/navigate_through_poses__builder.hpp
[5.629s] -- Installing: /home/wheeltec/wheeltec_ros2/install/nav2_msgs/include/nav2_msgs/action/detail/wait__traits.hpp
[5.631s] -- Installing: /home/wheeltec/wheeltec_ros2/install/nav2_msgs/include/nav2_msgs/action/detail/spin__builder.hpp
[5.631s] -- Installing: /home/wheeltec/wheeltec_ros2/install/nav2_msgs/include/nav2_msgs/action/detail/dummy_recovery__traits.hpp
[5.635s] -- Installing: /home/wheeltec/wheeltec_ros2/install/nav2_msgs/include/nav2_msgs/action/spin.hpp
[5.636s] -- Installing: /home/wheeltec/wheeltec_ros2/install/nav2_msgs/include/nav2_msgs/action/navigate_through_poses.hpp
[5.636s] -- Installing: /home/wheeltec/wheeltec_ros2/install/nav2_msgs/include/nav2_msgs/action/navigate_to_pose.hpp
[5.636s] -- Installing: /home/wheeltec/wheeltec_ros2/install/nav2_msgs/include/nav2_msgs/action/wait.hpp
[5.637s] -- Up-to-date: /home/wheeltec/wheeltec_ros2/install/nav2_msgs/include/nav2_msgs/msg
[5.637s] -- Installing: /home/wheeltec/wheeltec_ros2/install/nav2_msgs/include/nav2_msgs/msg/costmap.hpp
[5.638s] -- Installing: /home/wheeltec/wheeltec_ros2/install/nav2_msgs/include/nav2_msgs/msg/costmap_filter_info.hpp
[5.638s] -- Installing: /home/wheeltec/wheeltec_ros2/install/nav2_msgs/include/nav2_msgs/msg/particle_cloud.hpp
[5.639s] -- Installing: /home/wheeltec/wheeltec_ros2/install/nav2_msgs/include/nav2_msgs/msg/speed_limit.hpp
[5.643s] -- Installing: /home/wheeltec/wheeltec_ros2/install/nav2_msgs/include/nav2_msgs/msg/behavior_tree_log.hpp
[5.644s] -- Installing: /home/wheeltec/wheeltec_ros2/install/nav2_msgs/include/nav2_msgs/msg/behavior_tree_status_change.hpp
[5.644s] -- Installing: /home/wheeltec/wheeltec_ros2/install/nav2_msgs/include/nav2_msgs/msg/costmap_meta_data.hpp
[5.645s] -- Up-to-date: /home/wheeltec/wheeltec_ros2/install/nav2_msgs/include/nav2_msgs/msg/detail
[5.645s] -- Installing: /home/wheeltec/wheeltec_ros2/install/nav2_msgs/include/nav2_msgs/msg/detail/particle__builder.hpp
[5.646s] -- Installing: /home/wheeltec/wheeltec_ros2/install/nav2_msgs/include/nav2_msgs/msg/detail/speed_limit__traits.hpp
[5.646s] -- Installing: /home/wheeltec/wheeltec_ros2/install/nav2_msgs/include/nav2_msgs/msg/detail/costmap__struct.hpp
[5.646s] -- Installing: /home/wheeltec/wheeltec_ros2/install/nav2_msgs/include/nav2_msgs/msg/detail/behavior_tree_log__struct.hpp
[5.647s] -- Installing: /home/wheeltec/wheeltec_ros2/install/nav2_msgs/include/nav2_msgs/msg/detail/voxel_grid__struct.hpp
[5.647s] -- Installing: /home/wheeltec/wheeltec_ros2/install/nav2_msgs/include/nav2_msgs/msg/detail/behavior_tree_status_change__builder.hpp
[5.648s] -- Installing: /home/wheeltec/wheeltec_ros2/install/nav2_msgs/include/nav2_msgs/msg/detail/costmap_meta_data__traits.hpp
[5.648s] -- Installing: /home/wheeltec/wheeltec_ros2/install/nav2_msgs/include/nav2_msgs/msg/detail/particle__traits.hpp
[5.649s] -- Installing: /home/wheeltec/wheeltec_ros2/install/nav2_msgs/include/nav2_msgs/msg/detail/behavior_tree_log__builder.hpp
[5.649s] -- Installing: /home/wheeltec/wheeltec_ros2/install/nav2_msgs/include/nav2_msgs/msg/detail/behavior_tree_status_change__struct.hpp
[5.649s] -- Installing: /home/wheeltec/wheeltec_ros2/install/nav2_msgs/include/nav2_msgs/msg/detail/costmap_filter_info__traits.hpp
[5.650s] -- Installing: /home/wheeltec/wheeltec_ros2/install/nav2_msgs/include/nav2_msgs/msg/detail/particle_cloud__traits.hpp
[5.650s] -- Installing: /home/wheeltec/wheeltec_ros2/install/nav2_msgs/include/nav2_msgs/msg/detail/voxel_grid__traits.hpp
[5.651s] -- Installing: /home/wheeltec/wheeltec_ros2/install/nav2_msgs/include/nav2_msgs/msg/detail/speed_limit__struct.hpp
[5.651s] -- Installing: /home/wheeltec/wheeltec_ros2/install/nav2_msgs/include/nav2_msgs/msg/detail/particle__struct.hpp
[5.652s] -- Installing: /home/wheeltec/wheeltec_ros2/install/nav2_msgs/include/nav2_msgs/msg/detail/costmap__traits.hpp
[5.652s] -- Installing: /home/wheeltec/wheeltec_ros2/install/nav2_msgs/include/nav2_msgs/msg/detail/costmap__builder.hpp
[5.653s] -- Installing: /home/wheeltec/wheeltec_ros2/install/nav2_msgs/include/nav2_msgs/msg/detail/costmap_meta_data__struct.hpp
[5.654s] -- Installing: /home/wheeltec/wheeltec_ros2/install/nav2_msgs/include/nav2_msgs/msg/detail/behavior_tree_status_change__traits.hpp
[5.654s] -- Installing: /home/wheeltec/wheeltec_ros2/install/nav2_msgs/include/nav2_msgs/msg/detail/speed_limit__builder.hpp
[5.655s] -- Installing: /home/wheeltec/wheeltec_ros2/install/nav2_msgs/include/nav2_msgs/msg/detail/costmap_filter_info__struct.hpp
[5.655s] -- Installing: /home/wheeltec/wheeltec_ros2/install/nav2_msgs/include/nav2_msgs/msg/detail/particle_cloud__builder.hpp
[5.656s] -- Installing: /home/wheeltec/wheeltec_ros2/install/nav2_msgs/include/nav2_msgs/msg/detail/behavior_tree_log__traits.hpp
[5.656s] -- Installing: /home/wheeltec/wheeltec_ros2/install/nav2_msgs/include/nav2_msgs/msg/detail/particle_cloud__struct.hpp
[5.657s] -- Installing: /home/wheeltec/wheeltec_ros2/install/nav2_msgs/include/nav2_msgs/msg/detail/voxel_grid__builder.hpp
[5.657s] -- Installing: /home/wheeltec/wheeltec_ros2/install/nav2_msgs/include/nav2_msgs/msg/detail/costmap_meta_data__builder.hpp
[5.657s] -- Installing: /home/wheeltec/wheeltec_ros2/install/nav2_msgs/include/nav2_msgs/msg/detail/costmap_filter_info__builder.hpp
[5.658s] -- Installing: /home/wheeltec/wheeltec_ros2/install/nav2_msgs/include/nav2_msgs/msg/particle.hpp
[5.658s] -- Installing: /home/wheeltec/wheeltec_ros2/install/nav2_msgs/include/nav2_msgs/msg/voxel_grid.hpp
[5.658s] -- Up-to-date: /home/wheeltec/wheeltec_ros2/install/nav2_msgs/include/nav2_msgs/srv
[5.659s] -- Installing: /home/wheeltec/wheeltec_ros2/install/nav2_msgs/include/nav2_msgs/srv/get_costmap.hpp
[5.659s] -- Installing: /home/wheeltec/wheeltec_ros2/install/nav2_msgs/include/nav2_msgs/srv/save_map.hpp
[5.660s] -- Installing: /home/wheeltec/wheeltec_ros2/install/nav2_msgs/include/nav2_msgs/srv/clear_costmap_except_region.hpp
[5.660s] -- Installing: /home/wheeltec/wheeltec_ros2/install/nav2_msgs/include/nav2_msgs/srv/manage_lifecycle_nodes.hpp
[5.660s] -- Installing: /home/wheeltec/wheeltec_ros2/install/nav2_msgs/include/nav2_msgs/srv/load_map.hpp
[5.661s] -- Up-to-date: /home/wheeltec/wheeltec_ros2/install/nav2_msgs/include/nav2_msgs/srv/detail
[5.661s] -- Installing: /home/wheeltec/wheeltec_ros2/install/nav2_msgs/include/nav2_msgs/srv/detail/get_costmap__traits.hpp
[5.662s] -- Installing: /home/wheeltec/wheeltec_ros2/install/nav2_msgs/include/nav2_msgs/srv/detail/manage_lifecycle_nodes__traits.hpp
[5.663s] -- Installing: /home/wheeltec/wheeltec_ros2/install/nav2_msgs/include/nav2_msgs/srv/detail/save_map__struct.hpp
[5.663s] -- Installing: /home/wheeltec/wheeltec_ros2/install/nav2_msgs/include/nav2_msgs/srv/detail/clear_costmap_except_region__struct.hpp
[5.664s] -- Installing: /home/wheeltec/wheeltec_ros2/install/nav2_msgs/include/nav2_msgs/srv/detail/clear_entire_costmap__struct.hpp
[5.664s] -- Installing: /home/wheeltec/wheeltec_ros2/install/nav2_msgs/include/nav2_msgs/srv/detail/manage_lifecycle_nodes__struct.hpp
[5.664s] -- Installing: /home/wheeltec/wheeltec_ros2/install/nav2_msgs/include/nav2_msgs/srv/detail/manage_lifecycle_nodes__builder.hpp
[5.665s] -- Installing: /home/wheeltec/wheeltec_ros2/install/nav2_msgs/include/nav2_msgs/srv/detail/clear_entire_costmap__traits.hpp
[5.665s] -- Installing: /home/wheeltec/wheeltec_ros2/install/nav2_msgs/include/nav2_msgs/srv/detail/save_map__traits.hpp
[5.666s] -- Installing: /home/wheeltec/wheeltec_ros2/install/nav2_msgs/include/nav2_msgs/srv/detail/clear_costmap_around_robot__struct.hpp
[5.668s] -- Installing: /home/wheeltec/wheeltec_ros2/install/nav2_msgs/include/nav2_msgs/srv/detail/load_map__traits.hpp
[5.668s] -- Installing: /home/wheeltec/wheeltec_ros2/install/nav2_msgs/include/nav2_msgs/srv/detail/clear_costmap_except_region__builder.hpp
[5.669s] -- Installing: /home/wheeltec/wheeltec_ros2/install/nav2_msgs/include/nav2_msgs/srv/detail/clear_costmap_except_region__traits.hpp
[5.669s] -- Installing: /home/wheeltec/wheeltec_ros2/install/nav2_msgs/include/nav2_msgs/srv/detail/clear_entire_costmap__builder.hpp
[5.669s] -- Installing: /home/wheeltec/wheeltec_ros2/install/nav2_msgs/include/nav2_msgs/srv/detail/load_map__struct.hpp
[5.670s] -- Installing: /home/wheeltec/wheeltec_ros2/install/nav2_msgs/include/nav2_msgs/srv/detail/load_map__builder.hpp
[5.670s] -- Installing: /home/wheeltec/wheeltec_ros2/install/nav2_msgs/include/nav2_msgs/srv/detail/clear_costmap_around_robot__builder.hpp
[5.671s] -- Installing: /home/wheeltec/wheeltec_ros2/install/nav2_msgs/include/nav2_msgs/srv/detail/get_costmap__builder.hpp
[5.671s] -- Installing: /home/wheeltec/wheeltec_ros2/install/nav2_msgs/include/nav2_msgs/srv/detail/save_map__builder.hpp
[5.672s] -- Installing: /home/wheeltec/wheeltec_ros2/install/nav2_msgs/include/nav2_msgs/srv/detail/get_costmap__struct.hpp
[5.672s] -- Installing: /home/wheeltec/wheeltec_ros2/install/nav2_msgs/include/nav2_msgs/srv/detail/clear_costmap_around_robot__traits.hpp
[5.673s] -- Installing: /home/wheeltec/wheeltec_ros2/install/nav2_msgs/include/nav2_msgs/srv/clear_costmap_around_robot.hpp
[5.673s] -- Installing: /home/wheeltec/wheeltec_ros2/install/nav2_msgs/include/nav2_msgs/srv/clear_entire_costmap.hpp
[5.674s] -- Up-to-date: /home/wheeltec/wheeltec_ros2/install/nav2_msgs/include/nav2_msgs
[5.675s] -- Up-to-date: /home/wheeltec/wheeltec_ros2/install/nav2_msgs/include/nav2_msgs/action
[5.675s] -- Up-to-date: /home/wheeltec/wheeltec_ros2/install/nav2_msgs/include/nav2_msgs/action/detail
[5.676s] -- Installing: /home/wheeltec/wheeltec_ros2/install/nav2_msgs/include/nav2_msgs/action/detail/compute_path_to_pose__rosidl_typesupport_introspection_cpp.hpp
[5.676s] -- Installing: /home/wheeltec/wheeltec_ros2/install/nav2_msgs/include/nav2_msgs/action/detail/spin__rosidl_typesupport_introspection_cpp.hpp
[5.676s] -- Installing: /home/wheeltec/wheeltec_ros2/install/nav2_msgs/include/nav2_msgs/action/detail/back_up__rosidl_typesupport_introspection_cpp.hpp
[5.678s] -- Installing: /home/wheeltec/wheeltec_ros2/install/nav2_msgs/include/nav2_msgs/action/detail/wait__rosidl_typesupport_introspection_cpp.hpp
[5.678s] -- Installing: /home/wheeltec/wheeltec_ros2/install/nav2_msgs/include/nav2_msgs/action/detail/follow_path__type_support.cpp
[5.679s] -- Installing: /home/wheeltec/wheeltec_ros2/install/nav2_msgs/include/nav2_msgs/action/detail/navigate_through_poses__type_support.cpp
[5.679s] -- Installing: /home/wheeltec/wheeltec_ros2/install/nav2_msgs/include/nav2_msgs/action/detail/compute_path_through_poses__rosidl_typesupport_introspection_cpp.hpp
[5.683s] -- Installing: /home/wheeltec/wheeltec_ros2/install/nav2_msgs/include/nav2_msgs/action/detail/navigate_to_pose__type_support.cpp
[5.683s] -- Installing: /home/wheeltec/wheeltec_ros2/install/nav2_msgs/include/nav2_msgs/action/detail/compute_path_through_poses__type_support.cpp
[5.684s] -- Installing: /home/wheeltec/wheeltec_ros2/install/nav2_msgs/include/nav2_msgs/action/detail/follow_waypoints__rosidl_typesupport_introspection_cpp.hpp
[5.684s] -- Installing: /home/wheeltec/wheeltec_ros2/install/nav2_msgs/include/nav2_msgs/action/detail/back_up__type_support.cpp
[5.684s] -- Installing: /home/wheeltec/wheeltec_ros2/install/nav2_msgs/include/nav2_msgs/action/detail/navigate_to_pose__rosidl_typesupport_introspection_cpp.hpp
[5.685s] -- Installing: /home/wheeltec/wheeltec_ros2/install/nav2_msgs/include/nav2_msgs/action/detail/compute_path_to_pose__type_support.cpp
[5.685s] -- Installing: /home/wheeltec/wheeltec_ros2/install/nav2_msgs/include/nav2_msgs/action/detail/dummy_recovery__rosidl_typesupport_introspection_cpp.hpp
[5.686s] -- Installing: /home/wheeltec/wheeltec_ros2/install/nav2_msgs/include/nav2_msgs/action/detail/dummy_recovery__type_support.cpp
[5.686s] -- Installing: /home/wheeltec/wheeltec_ros2/install/nav2_msgs/include/nav2_msgs/action/detail/spin__type_support.cpp
[5.687s] -- Installing: /home/wheeltec/wheeltec_ros2/install/nav2_msgs/include/nav2_msgs/action/detail/follow_waypoints__type_support.cpp
[5.689s] -- Installing: /home/wheeltec/wheeltec_ros2/install/nav2_msgs/include/nav2_msgs/action/detail/navigate_through_poses__rosidl_typesupport_introspection_cpp.hpp
[5.690s] -- Installing: /home/wheeltec/wheeltec_ros2/install/nav2_msgs/include/nav2_msgs/action/detail/wait__type_support.cpp
[5.691s] -- Installing: /home/wheeltec/wheeltec_ros2/install/nav2_msgs/include/nav2_msgs/action/detail/follow_path__rosidl_typesupport_introspection_cpp.hpp
[5.691s] -- Up-to-date: /home/wheeltec/wheeltec_ros2/install/nav2_msgs/include/nav2_msgs/msg
[5.692s] -- Up-to-date: /home/wheeltec/wheeltec_ros2/install/nav2_msgs/include/nav2_msgs/msg/detail
[5.692s] -- Installing: /home/wheeltec/wheeltec_ros2/install/nav2_msgs/include/nav2_msgs/msg/detail/particle__type_support.cpp
[5.693s] -- Installing: /home/wheeltec/wheeltec_ros2/install/nav2_msgs/include/nav2_msgs/msg/detail/costmap_meta_data__type_support.cpp
[5.693s] -- Installing: /home/wheeltec/wheeltec_ros2/install/nav2_msgs/include/nav2_msgs/msg/detail/behavior_tree_log__type_support.cpp
[5.693s] -- Installing: /home/wheeltec/wheeltec_ros2/install/nav2_msgs/include/nav2_msgs/msg/detail/particle__rosidl_typesupport_introspection_cpp.hpp
[5.694s] -- Installing: /home/wheeltec/wheeltec_ros2/install/nav2_msgs/include/nav2_msgs/msg/detail/voxel_grid__type_support.cpp
[5.694s] -- Installing: /home/wheeltec/wheeltec_ros2/install/nav2_msgs/include/nav2_msgs/msg/detail/voxel_grid__rosidl_typesupport_introspection_cpp.hpp
[5.695s] -- Installing: /home/wheeltec/wheeltec_ros2/install/nav2_msgs/include/nav2_msgs/msg/detail/particle_cloud__rosidl_typesupport_introspection_cpp.hpp
[5.695s] -- Installing: /home/wheeltec/wheeltec_ros2/install/nav2_msgs/include/nav2_msgs/msg/detail/costmap_filter_info__type_support.cpp
[5.696s] -- Installing: /home/wheeltec/wheeltec_ros2/install/nav2_msgs/include/nav2_msgs/msg/detail/costmap__rosidl_typesupport_introspection_cpp.hpp
[5.696s] -- Installing: /home/wheeltec/wheeltec_ros2/install/nav2_msgs/include/nav2_msgs/msg/detail/behavior_tree_log__rosidl_typesupport_introspection_cpp.hpp
[5.696s] -- Installing: /home/wheeltec/wheeltec_ros2/install/nav2_msgs/include/nav2_msgs/msg/detail/costmap_meta_data__rosidl_typesupport_introspection_cpp.hpp
[5.697s] -- Installing: /home/wheeltec/wheeltec_ros2/install/nav2_msgs/include/nav2_msgs/msg/detail/speed_limit__type_support.cpp
[5.697s] -- Installing: /home/wheeltec/wheeltec_ros2/install/nav2_msgs/include/nav2_msgs/msg/detail/costmap__type_support.cpp
[5.698s] -- Installing: /home/wheeltec/wheeltec_ros2/install/nav2_msgs/include/nav2_msgs/msg/detail/behavior_tree_status_change__rosidl_typesupport_introspection_cpp.hpp
[5.698s] -- Installing: /home/wheeltec/wheeltec_ros2/install/nav2_msgs/include/nav2_msgs/msg/detail/costmap_filter_info__rosidl_typesupport_introspection_cpp.hpp
[5.698s] -- Installing: /home/wheeltec/wheeltec_ros2/install/nav2_msgs/include/nav2_msgs/msg/detail/speed_limit__rosidl_typesupport_introspection_cpp.hpp
[5.699s] -- Installing: /home/wheeltec/wheeltec_ros2/install/nav2_msgs/include/nav2_msgs/msg/detail/behavior_tree_status_change__type_support.cpp
[5.699s] -- Installing: /home/wheeltec/wheeltec_ros2/install/nav2_msgs/include/nav2_msgs/msg/detail/particle_cloud__type_support.cpp
[5.700s] -- Up-to-date: /home/wheeltec/wheeltec_ros2/install/nav2_msgs/include/nav2_msgs/srv
[5.700s] -- Up-to-date: /home/wheeltec/wheeltec_ros2/install/nav2_msgs/include/nav2_msgs/srv/detail
[5.701s] -- Installing: /home/wheeltec/wheeltec_ros2/install/nav2_msgs/include/nav2_msgs/srv/detail/clear_entire_costmap__type_support.cpp
[5.701s] -- Installing: /home/wheeltec/wheeltec_ros2/install/nav2_msgs/include/nav2_msgs/srv/detail/save_map__rosidl_typesupport_introspection_cpp.hpp
[5.702s] -- Installing: /home/wheeltec/wheeltec_ros2/install/nav2_msgs/include/nav2_msgs/srv/detail/clear_costmap_except_region__rosidl_typesupport_introspection_cpp.hpp
[5.702s] -- Installing: /home/wheeltec/wheeltec_ros2/install/nav2_msgs/include/nav2_msgs/srv/detail/clear_entire_costmap__rosidl_typesupport_introspection_cpp.hpp
[5.702s] -- Installing: /home/wheeltec/wheeltec_ros2/install/nav2_msgs/include/nav2_msgs/srv/detail/load_map__rosidl_typesupport_introspection_cpp.hpp
[5.703s] -- Installing: /home/wheeltec/wheeltec_ros2/install/nav2_msgs/include/nav2_msgs/srv/detail/manage_lifecycle_nodes__rosidl_typesupport_introspection_cpp.hpp
[5.703s] -- Installing: /home/wheeltec/wheeltec_ros2/install/nav2_msgs/include/nav2_msgs/srv/detail/manage_lifecycle_nodes__type_support.cpp
[5.704s] -- Installing: /home/wheeltec/wheeltec_ros2/install/nav2_msgs/include/nav2_msgs/srv/detail/load_map__type_support.cpp
[5.704s] -- Installing: /home/wheeltec/wheeltec_ros2/install/nav2_msgs/include/nav2_msgs/srv/detail/get_costmap__rosidl_typesupport_introspection_cpp.hpp
[5.705s] -- Installing: /home/wheeltec/wheeltec_ros2/install/nav2_msgs/include/nav2_msgs/srv/detail/get_costmap__type_support.cpp
[5.706s] -- Installing: /home/wheeltec/wheeltec_ros2/install/nav2_msgs/include/nav2_msgs/srv/detail/clear_costmap_around_robot__type_support.cpp
[5.706s] -- Installing: /home/wheeltec/wheeltec_ros2/install/nav2_msgs/include/nav2_msgs/srv/detail/clear_costmap_except_region__type_support.cpp
[5.707s] -- Installing: /home/wheeltec/wheeltec_ros2/install/nav2_msgs/include/nav2_msgs/srv/detail/save_map__type_support.cpp
[5.707s] -- Installing: /home/wheeltec/wheeltec_ros2/install/nav2_msgs/include/nav2_msgs/srv/detail/clear_costmap_around_robot__rosidl_typesupport_introspection_cpp.hpp
[5.708s] -- Installing: /home/wheeltec/wheeltec_ros2/install/nav2_msgs/lib/libnav2_msgs__rosidl_typesupport_introspection_cpp.so
[5.708s] -- Set runtime path of "/home/wheeltec/wheeltec_ros2/install/nav2_msgs/lib/libnav2_msgs__rosidl_typesupport_introspection_cpp.so" to ""
[5.709s] -- Installing: /home/wheeltec/wheeltec_ros2/install/nav2_msgs/lib/libnav2_msgs__rosidl_typesupport_cpp.so
[5.709s] -- Set runtime path of "/home/wheeltec/wheeltec_ros2/install/nav2_msgs/lib/libnav2_msgs__rosidl_typesupport_cpp.so" to ""
[5.710s] -- Installing: /home/wheeltec/wheeltec_ros2/install/nav2_msgs/share/nav2_msgs/environment/pythonpath.sh
[5.710s] -- Installing: /home/wheeltec/wheeltec_ros2/install/nav2_msgs/share/nav2_msgs/environment/pythonpath.dsv
[5.711s] -- Installing: /home/wheeltec/wheeltec_ros2/install/nav2_msgs/lib/python3.8/site-packages/nav2_msgs/__init__.py
[5.771s] Compiling '/home/wheeltec/wheeltec_ros2/install/nav2_msgs/lib/python3.8/site-packages/nav2_msgs/__init__.py'...
[5.798s] -- Installing: /home/wheeltec/wheeltec_ros2/install/nav2_msgs/lib/python3.8/site-packages/nav2_msgs/msg
[5.799s] -- Installing: /home/wheeltec/wheeltec_ros2/install/nav2_msgs/lib/python3.8/site-packages/nav2_msgs/msg/_behavior_tree_status_change_s.c
[5.800s] -- Installing: /home/wheeltec/wheeltec_ros2/install/nav2_msgs/lib/python3.8/site-packages/nav2_msgs/msg/_speed_limit.py
[5.801s] -- Installing: /home/wheeltec/wheeltec_ros2/install/nav2_msgs/lib/python3.8/site-packages/nav2_msgs/msg/_costmap_s.c
[5.801s] -- Installing: /home/wheeltec/wheeltec_ros2/install/nav2_msgs/lib/python3.8/site-packages/nav2_msgs/msg/__init__.py
[5.802s] -- Installing: /home/wheeltec/wheeltec_ros2/install/nav2_msgs/lib/python3.8/site-packages/nav2_msgs/msg/_costmap_filter_info.py
[5.803s] -- Installing: /home/wheeltec/wheeltec_ros2/install/nav2_msgs/lib/python3.8/site-packages/nav2_msgs/msg/_costmap_meta_data.py
[5.804s] -- Installing: /home/wheeltec/wheeltec_ros2/install/nav2_msgs/lib/python3.8/site-packages/nav2_msgs/msg/_particle.py
[5.805s] -- Installing: /home/wheeltec/wheeltec_ros2/install/nav2_msgs/lib/python3.8/site-packages/nav2_msgs/msg/_behavior_tree_log.py
[5.811s] -- Installing: /home/wheeltec/wheeltec_ros2/install/nav2_msgs/lib/python3.8/site-packages/nav2_msgs/msg/_costmap_filter_info_s.c
[5.812s] -- Installing: /home/wheeltec/wheeltec_ros2/install/nav2_msgs/lib/python3.8/site-packages/nav2_msgs/msg/_particle_cloud.py
[5.813s] -- Installing: /home/wheeltec/wheeltec_ros2/install/nav2_msgs/lib/python3.8/site-packages/nav2_msgs/msg/_speed_limit_s.c
[5.815s] -- Installing: /home/wheeltec/wheeltec_ros2/install/nav2_msgs/lib/python3.8/site-packages/nav2_msgs/msg/_costmap_meta_data_s.c
[5.816s] -- Installing: /home/wheeltec/wheeltec_ros2/install/nav2_msgs/lib/python3.8/site-packages/nav2_msgs/msg/_particle_s.c
[5.818s] -- Installing: /home/wheeltec/wheeltec_ros2/install/nav2_msgs/lib/python3.8/site-packages/nav2_msgs/msg/_costmap.py
[5.819s] -- Installing: /home/wheeltec/wheeltec_ros2/install/nav2_msgs/lib/python3.8/site-packages/nav2_msgs/msg/_behavior_tree_status_change.py
[5.826s] -- Installing: /home/wheeltec/wheeltec_ros2/install/nav2_msgs/lib/python3.8/site-packages/nav2_msgs/msg/_particle_cloud_s.c
[5.830s] -- Installing: /home/wheeltec/wheeltec_ros2/install/nav2_msgs/lib/python3.8/site-packages/nav2_msgs/msg/_voxel_grid_s.c
[5.832s] -- Installing: /home/wheeltec/wheeltec_ros2/install/nav2_msgs/lib/python3.8/site-packages/nav2_msgs/msg/_behavior_tree_log_s.c
[5.833s] -- Installing: /home/wheeltec/wheeltec_ros2/install/nav2_msgs/lib/python3.8/site-packages/nav2_msgs/msg/_voxel_grid.py
[5.840s] -- Installing: /home/wheeltec/wheeltec_ros2/install/nav2_msgs/lib/python3.8/site-packages/nav2_msgs/srv
[5.840s] -- Installing: /home/wheeltec/wheeltec_ros2/install/nav2_msgs/lib/python3.8/site-packages/nav2_msgs/srv/_load_map_s.c
[5.859s] -- Installing: /home/wheeltec/wheeltec_ros2/install/nav2_msgs/lib/python3.8/site-packages/nav2_msgs/srv/_clear_costmap_around_robot.py
[5.859s] -- Installing: /home/wheeltec/wheeltec_ros2/install/nav2_msgs/lib/python3.8/site-packages/nav2_msgs/srv/_get_costmap_s.c
[5.862s] -- Installing: /home/wheeltec/wheeltec_ros2/install/nav2_msgs/lib/python3.8/site-packages/nav2_msgs/srv/__init__.py
[5.882s] -- Installing: /home/wheeltec/wheeltec_ros2/install/nav2_msgs/lib/python3.8/site-packages/nav2_msgs/srv/_manage_lifecycle_nodes.py
[5.892s] -- Installing: /home/wheeltec/wheeltec_ros2/install/nav2_msgs/lib/python3.8/site-packages/nav2_msgs/srv/_save_map.py
[5.894s] -- Installing: /home/wheeltec/wheeltec_ros2/install/nav2_msgs/lib/python3.8/site-packages/nav2_msgs/srv/_clear_costmap_around_robot_s.c
[5.895s] -- Installing: /home/wheeltec/wheeltec_ros2/install/nav2_msgs/lib/python3.8/site-packages/nav2_msgs/srv/_clear_entire_costmap_s.c
[5.897s] -- Installing: /home/wheeltec/wheeltec_ros2/install/nav2_msgs/lib/python3.8/site-packages/nav2_msgs/srv/_manage_lifecycle_nodes_s.c
[5.897s] -- Installing: /home/wheeltec/wheeltec_ros2/install/nav2_msgs/lib/python3.8/site-packages/nav2_msgs/srv/_clear_entire_costmap.py
[5.897s] -- Installing: /home/wheeltec/wheeltec_ros2/install/nav2_msgs/lib/python3.8/site-packages/nav2_msgs/srv/_load_map.py
[5.898s] -- Installing: /home/wheeltec/wheeltec_ros2/install/nav2_msgs/lib/python3.8/site-packages/nav2_msgs/srv/_get_costmap.py
[5.898s] -- Installing: /home/wheeltec/wheeltec_ros2/install/nav2_msgs/lib/python3.8/site-packages/nav2_msgs/srv/_clear_costmap_except_region.py
[5.899s] -- Installing: /home/wheeltec/wheeltec_ros2/install/nav2_msgs/lib/python3.8/site-packages/nav2_msgs/srv/_clear_costmap_except_region_s.c
[5.899s] -- Installing: /home/wheeltec/wheeltec_ros2/install/nav2_msgs/lib/python3.8/site-packages/nav2_msgs/srv/_save_map_s.c
[5.929s] -- Installing: /home/wheeltec/wheeltec_ros2/install/nav2_msgs/lib/python3.8/site-packages/nav2_msgs/action
[5.932s] -- Installing: /home/wheeltec/wheeltec_ros2/install/nav2_msgs/lib/python3.8/site-packages/nav2_msgs/action/__init__.py
[5.933s] -- Installing: /home/wheeltec/wheeltec_ros2/install/nav2_msgs/lib/python3.8/site-packages/nav2_msgs/action/_compute_path_through_poses.py
[5.933s] -- Installing: /home/wheeltec/wheeltec_ros2/install/nav2_msgs/lib/python3.8/site-packages/nav2_msgs/action/_back_up_s.c
[5.933s] -- Installing: /home/wheeltec/wheeltec_ros2/install/nav2_msgs/lib/python3.8/site-packages/nav2_msgs/action/_spin.py
[5.934s] -- Installing: /home/wheeltec/wheeltec_ros2/install/nav2_msgs/lib/python3.8/site-packages/nav2_msgs/action/_wait.py
[5.934s] -- Installing: /home/wheeltec/wheeltec_ros2/install/nav2_msgs/lib/python3.8/site-packages/nav2_msgs/action/_wait_s.c
[5.935s] -- Installing: /home/wheeltec/wheeltec_ros2/install/nav2_msgs/lib/python3.8/site-packages/nav2_msgs/action/_follow_waypoints_s.c
[5.935s] -- Installing: /home/wheeltec/wheeltec_ros2/install/nav2_msgs/lib/python3.8/site-packages/nav2_msgs/action/_compute_path_to_pose_s.c
[5.936s] -- Installing: /home/wheeltec/wheeltec_ros2/install/nav2_msgs/lib/python3.8/site-packages/nav2_msgs/action/_navigate_to_pose.py
[5.936s] -- Installing: /home/wheeltec/wheeltec_ros2/install/nav2_msgs/lib/python3.8/site-packages/nav2_msgs/action/_follow_waypoints.py
[5.937s] -- Installing: /home/wheeltec/wheeltec_ros2/install/nav2_msgs/lib/python3.8/site-packages/nav2_msgs/action/_dummy_recovery_s.c
[5.937s] -- Installing: /home/wheeltec/wheeltec_ros2/install/nav2_msgs/lib/python3.8/site-packages/nav2_msgs/action/_compute_path_through_poses_s.c
[5.938s] -- Installing: /home/wheeltec/wheeltec_ros2/install/nav2_msgs/lib/python3.8/site-packages/nav2_msgs/action/_follow_path_s.c
[5.938s] -- Installing: /home/wheeltec/wheeltec_ros2/install/nav2_msgs/lib/python3.8/site-packages/nav2_msgs/action/_navigate_to_pose_s.c
[5.939s] -- Installing: /home/wheeltec/wheeltec_ros2/install/nav2_msgs/lib/python3.8/site-packages/nav2_msgs/action/_spin_s.c
[5.940s] -- Installing: /home/wheeltec/wheeltec_ros2/install/nav2_msgs/lib/python3.8/site-packages/nav2_msgs/action/_navigate_through_poses.py
[5.940s] -- Installing: /home/wheeltec/wheeltec_ros2/install/nav2_msgs/lib/python3.8/site-packages/nav2_msgs/action/_compute_path_to_pose.py
[5.941s] -- Installing: /home/wheeltec/wheeltec_ros2/install/nav2_msgs/lib/python3.8/site-packages/nav2_msgs/action/_back_up.py
[5.941s] -- Installing: /home/wheeltec/wheeltec_ros2/install/nav2_msgs/lib/python3.8/site-packages/nav2_msgs/action/_follow_path.py
[5.942s] -- Installing: /home/wheeltec/wheeltec_ros2/install/nav2_msgs/lib/python3.8/site-packages/nav2_msgs/action/_dummy_recovery.py
[5.942s] -- Installing: /home/wheeltec/wheeltec_ros2/install/nav2_msgs/lib/python3.8/site-packages/nav2_msgs/action/_navigate_through_poses_s.c
[5.946s] -- Installing: /home/wheeltec/wheeltec_ros2/install/nav2_msgs/lib/python3.8/site-packages/nav2_msgs/nav2_msgs_s__rosidl_typesupport_fastrtps_c.cpython-38-aarch64-linux-gnu.so
[5.947s] -- Set runtime path of "/home/wheeltec/wheeltec_ros2/install/nav2_msgs/lib/python3.8/site-packages/nav2_msgs/nav2_msgs_s__rosidl_typesupport_fastrtps_c.cpython-38-aarch64-linux-gnu.so" to ""
[5.948s] -- Installing: /home/wheeltec/wheeltec_ros2/install/nav2_msgs/lib/python3.8/site-packages/nav2_msgs/nav2_msgs_s__rosidl_typesupport_introspection_c.cpython-38-aarch64-linux-gnu.so
[5.949s] -- Set runtime path of "/home/wheeltec/wheeltec_ros2/install/nav2_msgs/lib/python3.8/site-packages/nav2_msgs/nav2_msgs_s__rosidl_typesupport_introspection_c.cpython-38-aarch64-linux-gnu.so" to ""
[5.950s] -- Installing: /home/wheeltec/wheeltec_ros2/install/nav2_msgs/lib/python3.8/site-packages/nav2_msgs/nav2_msgs_s__rosidl_typesupport_c.cpython-38-aarch64-linux-gnu.so
[5.950s] -- Set runtime path of "/home/wheeltec/wheeltec_ros2/install/nav2_msgs/lib/python3.8/site-packages/nav2_msgs/nav2_msgs_s__rosidl_typesupport_c.cpython-38-aarch64-linux-gnu.so" to ""
[5.951s] -- Installing: /home/wheeltec/wheeltec_ros2/install/nav2_msgs/lib/libnav2_msgs__python.so
[5.952s] -- Set runtime path of "/home/wheeltec/wheeltec_ros2/install/nav2_msgs/lib/libnav2_msgs__python.so" to ""
[5.953s] -- Installing: /home/wheeltec/wheeltec_ros2/install/nav2_msgs/share/nav2_msgs/msg/Costmap.idl
[5.953s] -- Installing: /home/wheeltec/wheeltec_ros2/install/nav2_msgs/share/nav2_msgs/msg/CostmapMetaData.idl
[5.956s] -- Installing: /home/wheeltec/wheeltec_ros2/install/nav2_msgs/share/nav2_msgs/msg/CostmapFilterInfo.idl
[5.957s] -- Installing: /home/wheeltec/wheeltec_ros2/install/nav2_msgs/share/nav2_msgs/msg/SpeedLimit.idl
[5.957s] -- Installing: /home/wheeltec/wheeltec_ros2/install/nav2_msgs/share/nav2_msgs/msg/VoxelGrid.idl
[5.958s] -- Installing: /home/wheeltec/wheeltec_ros2/install/nav2_msgs/share/nav2_msgs/msg/BehaviorTreeStatusChange.idl
[5.958s] -- Installing: /home/wheeltec/wheeltec_ros2/install/nav2_msgs/share/nav2_msgs/msg/BehaviorTreeLog.idl
[5.959s] -- Installing: /home/wheeltec/wheeltec_ros2/install/nav2_msgs/share/nav2_msgs/msg/Particle.idl
[5.959s] -- Installing: /home/wheeltec/wheeltec_ros2/install/nav2_msgs/share/nav2_msgs/msg/ParticleCloud.idl
[5.960s] -- Installing: /home/wheeltec/wheeltec_ros2/install/nav2_msgs/share/nav2_msgs/srv/GetCostmap.idl
[5.962s] -- Installing: /home/wheeltec/wheeltec_ros2/install/nav2_msgs/share/nav2_msgs/srv/ClearCostmapExceptRegion.idl
[5.963s] -- Installing: /home/wheeltec/wheeltec_ros2/install/nav2_msgs/share/nav2_msgs/srv/ClearCostmapAroundRobot.idl
[5.963s] -- Installing: /home/wheeltec/wheeltec_ros2/install/nav2_msgs/share/nav2_msgs/srv/ClearEntireCostmap.idl
[5.964s] -- Installing: /home/wheeltec/wheeltec_ros2/install/nav2_msgs/share/nav2_msgs/srv/ManageLifecycleNodes.idl
[5.964s] -- Installing: /home/wheeltec/wheeltec_ros2/install/nav2_msgs/share/nav2_msgs/srv/LoadMap.idl
[5.965s] -- Installing: /home/wheeltec/wheeltec_ros2/install/nav2_msgs/share/nav2_msgs/srv/SaveMap.idl
[5.965s] -- Installing: /home/wheeltec/wheeltec_ros2/install/nav2_msgs/share/nav2_msgs/action/BackUp.idl
[5.966s] -- Installing: /home/wheeltec/wheeltec_ros2/install/nav2_msgs/share/nav2_msgs/action/ComputePathToPose.idl
[5.966s] -- Installing: /home/wheeltec/wheeltec_ros2/install/nav2_msgs/share/nav2_msgs/action/ComputePathThroughPoses.idl
[5.967s] -- Installing: /home/wheeltec/wheeltec_ros2/install/nav2_msgs/share/nav2_msgs/action/FollowPath.idl
[5.969s] -- Installing: /home/wheeltec/wheeltec_ros2/install/nav2_msgs/share/nav2_msgs/action/NavigateToPose.idl
[5.971s] -- Installing: /home/wheeltec/wheeltec_ros2/install/nav2_msgs/share/nav2_msgs/action/NavigateThroughPoses.idl
[5.983s] -- Installing: /home/wheeltec/wheeltec_ros2/install/nav2_msgs/share/nav2_msgs/action/Wait.idl
[5.996s] -- Installing: /home/wheeltec/wheeltec_ros2/install/nav2_msgs/share/nav2_msgs/action/Spin.idl
[5.997s] -- Installing: /home/wheeltec/wheeltec_ros2/install/nav2_msgs/share/nav2_msgs/action/DummyRecovery.idl
[5.998s] -- Installing: /home/wheeltec/wheeltec_ros2/install/nav2_msgs/share/nav2_msgs/action/FollowWaypoints.idl
[6.001s] -- Installing: /home/wheeltec/wheeltec_ros2/install/nav2_msgs/share/nav2_msgs/msg/Costmap.msg
[6.001s] -- Installing: /home/wheeltec/wheeltec_ros2/install/nav2_msgs/share/nav2_msgs/msg/CostmapMetaData.msg
[6.002s] -- Installing: /home/wheeltec/wheeltec_ros2/install/nav2_msgs/share/nav2_msgs/msg/CostmapFilterInfo.msg
[6.002s] -- Installing: /home/wheeltec/wheeltec_ros2/install/nav2_msgs/share/nav2_msgs/msg/SpeedLimit.msg
[6.003s] -- Installing: /home/wheeltec/wheeltec_ros2/install/nav2_msgs/share/nav2_msgs/msg/VoxelGrid.msg
[6.003s] -- Installing: /home/wheeltec/wheeltec_ros2/install/nav2_msgs/share/nav2_msgs/msg/BehaviorTreeStatusChange.msg
[6.004s] -- Installing: /home/wheeltec/wheeltec_ros2/install/nav2_msgs/share/nav2_msgs/msg/BehaviorTreeLog.msg
[6.006s] -- Installing: /home/wheeltec/wheeltec_ros2/install/nav2_msgs/share/nav2_msgs/msg/Particle.msg
[6.011s] -- Installing: /home/wheeltec/wheeltec_ros2/install/nav2_msgs/share/nav2_msgs/msg/ParticleCloud.msg
[6.012s] -- Installing: /home/wheeltec/wheeltec_ros2/install/nav2_msgs/share/nav2_msgs/srv/GetCostmap.srv
[6.012s] -- Installing: /home/wheeltec/wheeltec_ros2/install/nav2_msgs/share/nav2_msgs/srv/GetCostmap_Request.msg
[6.013s] -- Installing: /home/wheeltec/wheeltec_ros2/install/nav2_msgs/share/nav2_msgs/srv/GetCostmap_Response.msg
[6.014s] -- Installing: /home/wheeltec/wheeltec_ros2/install/nav2_msgs/share/nav2_msgs/srv/ClearCostmapExceptRegion.srv
[6.014s] -- Installing: /home/wheeltec/wheeltec_ros2/install/nav2_msgs/share/nav2_msgs/srv/ClearCostmapExceptRegion_Request.msg
[6.015s] -- Installing: /home/wheeltec/wheeltec_ros2/install/nav2_msgs/share/nav2_msgs/srv/ClearCostmapExceptRegion_Response.msg
[6.015s] -- Installing: /home/wheeltec/wheeltec_ros2/install/nav2_msgs/share/nav2_msgs/srv/ClearCostmapAroundRobot.srv
[6.016s] -- Installing: /home/wheeltec/wheeltec_ros2/install/nav2_msgs/share/nav2_msgs/srv/ClearCostmapAroundRobot_Request.msg
[6.016s] -- Installing: /home/wheeltec/wheeltec_ros2/install/nav2_msgs/share/nav2_msgs/srv/ClearCostmapAroundRobot_Response.msg
[6.017s] -- Installing: /home/wheeltec/wheeltec_ros2/install/nav2_msgs/share/nav2_msgs/srv/ClearEntireCostmap.srv
[6.018s] -- Installing: /home/wheeltec/wheeltec_ros2/install/nav2_msgs/share/nav2_msgs/srv/ClearEntireCostmap_Request.msg
[6.018s] -- Installing: /home/wheeltec/wheeltec_ros2/install/nav2_msgs/share/nav2_msgs/srv/ClearEntireCostmap_Response.msg
[6.019s] -- Installing: /home/wheeltec/wheeltec_ros2/install/nav2_msgs/share/nav2_msgs/srv/ManageLifecycleNodes.srv
[6.020s] -- Installing: /home/wheeltec/wheeltec_ros2/install/nav2_msgs/share/nav2_msgs/srv/ManageLifecycleNodes_Request.msg
[6.021s] -- Installing: /home/wheeltec/wheeltec_ros2/install/nav2_msgs/share/nav2_msgs/srv/ManageLifecycleNodes_Response.msg
[6.022s] -- Installing: /home/wheeltec/wheeltec_ros2/install/nav2_msgs/share/nav2_msgs/srv/LoadMap.srv
[6.023s] -- Installing: /home/wheeltec/wheeltec_ros2/install/nav2_msgs/share/nav2_msgs/srv/LoadMap_Request.msg
[6.023s] -- Installing: /home/wheeltec/wheeltec_ros2/install/nav2_msgs/share/nav2_msgs/srv/LoadMap_Response.msg
[6.025s] -- Installing: /home/wheeltec/wheeltec_ros2/install/nav2_msgs/share/nav2_msgs/srv/SaveMap.srv
[6.025s] -- Installing: /home/wheeltec/wheeltec_ros2/install/nav2_msgs/share/nav2_msgs/srv/SaveMap_Request.msg
[6.026s] -- Installing: /home/wheeltec/wheeltec_ros2/install/nav2_msgs/share/nav2_msgs/srv/SaveMap_Response.msg
[6.026s] -- Installing: /home/wheeltec/wheeltec_ros2/install/nav2_msgs/share/nav2_msgs/action/BackUp.action
[6.027s] -- Installing: /home/wheeltec/wheeltec_ros2/install/nav2_msgs/share/nav2_msgs/action/ComputePathToPose.action
[6.027s] -- Installing: /home/wheeltec/wheeltec_ros2/install/nav2_msgs/share/nav2_msgs/action/ComputePathThroughPoses.action
[6.028s] -- Installing: /home/wheeltec/wheeltec_ros2/install/nav2_msgs/share/nav2_msgs/action/FollowPath.action
[6.028s] -- Installing: /home/wheeltec/wheeltec_ros2/install/nav2_msgs/share/nav2_msgs/action/NavigateToPose.action
[6.029s] -- Installing: /home/wheeltec/wheeltec_ros2/install/nav2_msgs/share/nav2_msgs/action/NavigateThroughPoses.action
[6.029s] -- Installing: /home/wheeltec/wheeltec_ros2/install/nav2_msgs/share/nav2_msgs/action/Wait.action
[6.030s] -- Installing: /home/wheeltec/wheeltec_ros2/install/nav2_msgs/share/nav2_msgs/action/Spin.action
[6.030s] -- Installing: /home/wheeltec/wheeltec_ros2/install/nav2_msgs/share/nav2_msgs/action/DummyRecovery.action
[6.030s] -- Installing: /home/wheeltec/wheeltec_ros2/install/nav2_msgs/share/nav2_msgs/action/FollowWaypoints.action
[6.031s] -- Installing: /home/wheeltec/wheeltec_ros2/install/nav2_msgs/share/ament_index/resource_index/package_run_dependencies/nav2_msgs
[6.031s] -- Installing: /home/wheeltec/wheeltec_ros2/install/nav2_msgs/share/ament_index/resource_index/parent_prefix_path/nav2_msgs
[6.032s] -- Installing: /home/wheeltec/wheeltec_ros2/install/nav2_msgs/share/nav2_msgs/environment/ament_prefix_path.sh
[6.032s] -- Installing: /home/wheeltec/wheeltec_ros2/install/nav2_msgs/share/nav2_msgs/environment/ament_prefix_path.dsv
[6.033s] -- Installing: /home/wheeltec/wheeltec_ros2/install/nav2_msgs/share/nav2_msgs/environment/path.sh
[6.033s] -- Installing: /home/wheeltec/wheeltec_ros2/install/nav2_msgs/share/nav2_msgs/environment/path.dsv
[6.034s] -- Installing: /home/wheeltec/wheeltec_ros2/install/nav2_msgs/share/nav2_msgs/local_setup.bash
[6.034s] -- Installing: /home/wheeltec/wheeltec_ros2/install/nav2_msgs/share/nav2_msgs/local_setup.sh
[6.034s] -- Installing: /home/wheeltec/wheeltec_ros2/install/nav2_msgs/share/nav2_msgs/local_setup.zsh
[6.035s] -- Installing: /home/wheeltec/wheeltec_ros2/install/nav2_msgs/share/nav2_msgs/local_setup.dsv
[6.040s] -- Installing: /home/wheeltec/wheeltec_ros2/install/nav2_msgs/share/nav2_msgs/package.dsv
[6.042s] -- Installing: /home/wheeltec/wheeltec_ros2/install/nav2_msgs/share/ament_index/resource_index/packages/nav2_msgs
[6.042s] -- Installing: /home/wheeltec/wheeltec_ros2/install/nav2_msgs/share/nav2_msgs/cmake/nav2_msgs__rosidl_generator_cExport.cmake
[6.043s] -- Installing: /home/wheeltec/wheeltec_ros2/install/nav2_msgs/share/nav2_msgs/cmake/nav2_msgs__rosidl_generator_cExport-release.cmake
[6.044s] -- Installing: /home/wheeltec/wheeltec_ros2/install/nav2_msgs/share/nav2_msgs/cmake/nav2_msgs__rosidl_typesupport_introspection_cExport.cmake
[6.044s] -- Installing: /home/wheeltec/wheeltec_ros2/install/nav2_msgs/share/nav2_msgs/cmake/nav2_msgs__rosidl_typesupport_introspection_cExport-release.cmake
[6.045s] -- Installing: /home/wheeltec/wheeltec_ros2/install/nav2_msgs/share/nav2_msgs/cmake/nav2_msgs__rosidl_typesupport_cExport.cmake
[6.045s] -- Installing: /home/wheeltec/wheeltec_ros2/install/nav2_msgs/share/nav2_msgs/cmake/nav2_msgs__rosidl_typesupport_cExport-release.cmake
[6.046s] -- Installing: /home/wheeltec/wheeltec_ros2/install/nav2_msgs/share/nav2_msgs/cmake/nav2_msgs__rosidl_generator_cppExport.cmake
[6.046s] -- Installing: /home/wheeltec/wheeltec_ros2/install/nav2_msgs/share/nav2_msgs/cmake/nav2_msgs__rosidl_typesupport_introspection_cppExport.cmake
[6.046s] -- Installing: /home/wheeltec/wheeltec_ros2/install/nav2_msgs/share/nav2_msgs/cmake/nav2_msgs__rosidl_typesupport_introspection_cppExport-release.cmake
[6.047s] -- Installing: /home/wheeltec/wheeltec_ros2/install/nav2_msgs/share/nav2_msgs/cmake/nav2_msgs__rosidl_typesupport_cppExport.cmake
[6.047s] -- Installing: /home/wheeltec/wheeltec_ros2/install/nav2_msgs/share/nav2_msgs/cmake/nav2_msgs__rosidl_typesupport_cppExport-release.cmake
[6.048s] -- Installing: /home/wheeltec/wheeltec_ros2/install/nav2_msgs/share/nav2_msgs/cmake/rosidl_cmake-extras.cmake
[6.048s] -- Installing: /home/wheeltec/wheeltec_ros2/install/nav2_msgs/share/nav2_msgs/cmake/ament_cmake_export_dependencies-extras.cmake
[6.050s] -- Installing: /home/wheeltec/wheeltec_ros2/install/nav2_msgs/share/nav2_msgs/cmake/ament_cmake_export_libraries-extras.cmake
[6.050s] -- Installing: /home/wheeltec/wheeltec_ros2/install/nav2_msgs/share/nav2_msgs/cmake/ament_cmake_export_targets-extras.cmake
[6.051s] -- Installing: /home/wheeltec/wheeltec_ros2/install/nav2_msgs/share/nav2_msgs/cmake/ament_cmake_export_include_directories-extras.cmake
[6.051s] -- Installing: /home/wheeltec/wheeltec_ros2/install/nav2_msgs/share/nav2_msgs/cmake/rosidl_cmake_export_typesupport_libraries-extras.cmake
[6.052s] -- Installing: /home/wheeltec/wheeltec_ros2/install/nav2_msgs/share/nav2_msgs/cmake/rosidl_cmake_export_typesupport_targets-extras.cmake
[6.052s] -- Installing: /home/wheeltec/wheeltec_ros2/install/nav2_msgs/share/nav2_msgs/cmake/nav2_msgsConfig.cmake
[6.052s] -- Installing: /home/wheeltec/wheeltec_ros2/install/nav2_msgs/share/nav2_msgs/cmake/nav2_msgsConfig-version.cmake
[6.057s] -- Installing: /home/wheeltec/wheeltec_ros2/install/nav2_msgs/share/nav2_msgs/package.xml
[6.093s] Invoked command in '/home/wheeltec/wheeltec_ros2/build/nav2_msgs' returned '0': AMENT_PREFIX_PATH=/home/wheeltec/wheeltec_ros2/install/nav2_common:${AMENT_PREFIX_PATH} CMAKE_PREFIX_PATH=/home/wheeltec/wheeltec_ros2/install/nav2_common:/opt/ros/galactic PYTHONPATH=/home/wheeltec/wheeltec_ros2/install/nav2_common/lib/python3.8/site-packages:${PYTHONPATH} /usr/bin/cmake --install /home/wheeltec/wheeltec_ros2/build/nav2_msgs
