[  2%] [32mBuilding CXX object CMakeFiles/ar_track_alvar.dir/src/MultiMarkerBundle.cpp.o[0m
[  4%] [32mBuilding CXX object CMakeFiles/ar_track_alvar.dir/src/Mutex_unix.cpp.o[0m
[  6%] [32mBuilding CXX object CMakeFiles/ar_track_alvar.dir/src/Optimization.cpp.o[0m
[  8%] [32mBuilding CXX object CMakeFiles/ar_track_alvar.dir/src/Plugin.cpp.o[0m
[ 10%] [32mBuilding CXX object CMakeFiles/ar_track_alvar.dir/src/Plugin_unix.cpp.o[0m
[ 13%] [32mBuilding CXX object CMakeFiles/ar_track_alvar.dir/src/Pose.cpp.o[0m
[ 15%] [32mBuilding CXX object CMakeFiles/ar_track_alvar.dir/src/Rotation.cpp.o[0m
[ 17%] [32mBuilding CXX object CMakeFiles/ar_track_alvar.dir/src/Threads.cpp.o[0m
[ 19%] [32mBuilding CXX object CMakeFiles/ar_track_alvar.dir/src/Threads_unix.cpp.o[0m
[ 21%] [32mBuilding CXX object CMakeFiles/ar_track_alvar.dir/src/Util.cpp.o[0m
[ 23%] [32mBuilding CXX object CMakeFiles/ar_track_alvar.dir/src/Mutex.cpp.o[0m
[ 26%] [32m[1mLinking CXX static library libar_track_alvar.a[0m
[ 65%] Built target ar_track_alvar
[35m[1mScanning dependencies of target kinect_filtering[0m
[ 67%] [32mBuilding CXX object CMakeFiles/kinect_filtering.dir/src/kinect_filtering.cpp.o[0m
[ 69%] [32m[1mLinking CXX static library libkinect_filtering.a[0m
[ 69%] Built target kinect_filtering
[35m[1mScanning dependencies of target createMarker[0m
[ 71%] [32mBuilding CXX object CMakeFiles/createMarker.dir/src/SampleMarkerCreator.cpp.o[0m
[ 73%] [32m[1mLinking CXX executable createMarker[0m
[ 73%] Built target createMarker
[35m[1mScanning dependencies of target individualMarkersNoKinect[0m
[ 76%] [32mBuilding CXX object CMakeFiles/individualMarkersNoKinect.dir/nodes/IndividualMarkersNoKinect.cpp.o[0m
[ 78%] [32m[1mLinking CXX executable individualMarkersNoKinect[0m
[ 78%] Built target individualMarkersNoKinect
[35m[1mScanning dependencies of target trainMarkerBundle[0m
[ 80%] [32mBuilding CXX object CMakeFiles/trainMarkerBundle.dir/nodes/TrainMarkerBundle.cpp.o[0m
[ 82%] [32m[1mLinking CXX executable trainMarkerBundle[0m
[ 82%] Built target trainMarkerBundle
[35m[1mScanning dependencies of target individualMarkers[0m
[ 84%] [32mBuilding CXX object CMakeFiles/individualMarkers.dir/nodes/IndividualMarkers.cpp.o[0m
[ 86%] [32m[1mLinking CXX executable individualMarkers[0m
[ 86%] Built target individualMarkers
[35m[1mScanning dependencies of target findMarkerBundlesNoKinect[0m
[ 89%] [32mBuilding CXX object CMakeFiles/findMarkerBundlesNoKinect.dir/nodes/FindMarkerBundlesNoKinect.cpp.o[0m
[ 91%] [32m[1mLinking CXX executable findMarkerBundlesNoKinect[0m
[ 91%] Built target findMarkerBundlesNoKinect
[35m[1mScanning dependencies of target medianFilter[0m
[ 93%] [32mBuilding CXX object CMakeFiles/medianFilter.dir/src/medianFilter.cpp.o[0m
[ 95%] [32m[1mLinking CXX static library libmedianFilter.a[0m
[ 95%] Built target medianFilter
[35m[1mScanning dependencies of target findMarkerBundles[0m
[ 97%] [32mBuilding CXX object CMakeFiles/findMarkerBundles.dir/nodes/FindMarkerBundles.cpp.o[0m
[100%] [32m[1mLinking CXX executable findMarkerBundles[0m
[100%] Built target findMarkerBundles
-- Install configuration: ""
-- Installing: /home/wheeltec/wheeltec_ros2/install/ar_track_alvar/share/ar_track_alvar/environment/library_path.sh
-- Installing: /home/wheeltec/wheeltec_ros2/install/ar_track_alvar/share/ar_track_alvar/environment/library_path.dsv
-- Installing: /home/wheeltec/wheeltec_ros2/install/ar_track_alvar/lib/libar_track_alvar.a
-- Installing: /home/wheeltec/wheeltec_ros2/install/ar_track_alvar/lib/ar_track_alvar/individualMarkers
-- Set runtime path of "/home/wheeltec/wheeltec_ros2/install/ar_track_alvar/lib/ar_track_alvar/individualMarkers" to ""
-- Installing: /home/wheeltec/wheeltec_ros2/install/ar_track_alvar/lib/ar_track_alvar/individualMarkersNoKinect
-- Set runtime path of "/home/wheeltec/wheeltec_ros2/install/ar_track_alvar/lib/ar_track_alvar/individualMarkersNoKinect" to ""
-- Installing: /home/wheeltec/wheeltec_ros2/install/ar_track_alvar/lib/ar_track_alvar/trainMarkerBundle
-- Set runtime path of "/home/wheeltec/wheeltec_ros2/install/ar_track_alvar/lib/ar_track_alvar/trainMarkerBundle" to ""
-- Installing: /home/wheeltec/wheeltec_ros2/install/ar_track_alvar/lib/ar_track_alvar/findMarkerBundles
-- Set runtime path of "/home/wheeltec/wheeltec_ros2/install/ar_track_alvar/lib/ar_track_alvar/findMarkerBundles" to ""
-- Installing: /home/wheeltec/wheeltec_ros2/install/ar_track_alvar/lib/ar_track_alvar/findMarkerBundlesNoKinect
-- Set runtime path of "/home/wheeltec/wheeltec_ros2/install/ar_track_alvar/lib/ar_track_alvar/findMarkerBundlesNoKinect" to ""
-- Installing: /home/wheeltec/wheeltec_ros2/install/ar_track_alvar/lib/ar_track_alvar/createMarker
-- Set runtime path of "/home/wheeltec/wheeltec_ros2/install/ar_track_alvar/lib/ar_track_alvar/createMarker" to ""
-- Installing: /home/wheeltec/wheeltec_ros2/install/ar_track_alvar/lib/libkinect_filtering.a
-- Installing: /home/wheeltec/wheeltec_ros2/install/ar_track_alvar/lib/libmedianFilter.a
-- Installing: /home/wheeltec/wheeltec_ros2/install/ar_track_alvar/include/ar_track_alvar
-- Installing: /home/wheeltec/wheeltec_ros2/install/ar_track_alvar/include/ar_track_alvar/Draw.h
-- Installing: /home/wheeltec/wheeltec_ros2/install/ar_track_alvar/include/ar_track_alvar/MultiMarker.h
-- Installing: /home/wheeltec/wheeltec_ros2/install/ar_track_alvar/include/ar_track_alvar/Ransac.h
-- Installing: /home/wheeltec/wheeltec_ros2/install/ar_track_alvar/include/ar_track_alvar/TrackerStat.h
-- Installing: /home/wheeltec/wheeltec_ros2/install/ar_track_alvar/include/ar_track_alvar/filter
-- Installing: /home/wheeltec/wheeltec_ros2/install/ar_track_alvar/include/ar_track_alvar/filter/kinect_filtering.h
-- Installing: /home/wheeltec/wheeltec_ros2/install/ar_track_alvar/include/ar_track_alvar/filter/medianFilter.h
-- Installing: /home/wheeltec/wheeltec_ros2/install/ar_track_alvar/include/ar_track_alvar/FileFormat.h
-- Installing: /home/wheeltec/wheeltec_ros2/install/ar_track_alvar/include/ar_track_alvar/CaptureFactory.h
-- Installing: /home/wheeltec/wheeltec_ros2/install/ar_track_alvar/include/ar_track_alvar/Container3d.h
-- Installing: /home/wheeltec/wheeltec_ros2/install/ar_track_alvar/include/ar_track_alvar/Lock.h
-- Installing: /home/wheeltec/wheeltec_ros2/install/ar_track_alvar/include/ar_track_alvar/TrackerFeatures.h
-- Installing: /home/wheeltec/wheeltec_ros2/install/ar_track_alvar/include/ar_track_alvar/Plugin_private.h
-- Installing: /home/wheeltec/wheeltec_ros2/install/ar_track_alvar/include/ar_track_alvar/Line.h
-- Installing: /home/wheeltec/wheeltec_ros2/install/ar_track_alvar/include/ar_track_alvar/TrackerPsa.h
-- Installing: /home/wheeltec/wheeltec_ros2/install/ar_track_alvar/include/ar_track_alvar/Uncopyable.h
-- Installing: /home/wheeltec/wheeltec_ros2/install/ar_track_alvar/include/ar_track_alvar/TrifocalTensor.h
-- Installing: /home/wheeltec/wheeltec_ros2/install/ar_track_alvar/include/ar_track_alvar/Kalman.h
-- Installing: /home/wheeltec/wheeltec_ros2/install/ar_track_alvar/include/ar_track_alvar/Timer.h
-- Installing: /home/wheeltec/wheeltec_ros2/install/ar_track_alvar/include/ar_track_alvar/DirectoryIterator.h
-- Installing: /home/wheeltec/wheeltec_ros2/install/ar_track_alvar/include/ar_track_alvar/Capture.h
-- Installing: /home/wheeltec/wheeltec_ros2/install/ar_track_alvar/include/ar_track_alvar/UnscentedKalman.h
-- Installing: /home/wheeltec/wheeltec_ros2/install/ar_track_alvar/include/ar_track_alvar/IntegralImage.h
-- Installing: /home/wheeltec/wheeltec_ros2/install/ar_track_alvar/include/ar_track_alvar/Camera.h
-- Installing: /home/wheeltec/wheeltec_ros2/install/ar_track_alvar/include/ar_track_alvar/Mutex.h
-- Installing: /home/wheeltec/wheeltec_ros2/install/ar_track_alvar/include/ar_track_alvar/Tracker.h
-- Installing: /home/wheeltec/wheeltec_ros2/install/ar_track_alvar/include/ar_track_alvar/GlutViewer.h
-- Installing: /home/wheeltec/wheeltec_ros2/install/ar_track_alvar/include/ar_track_alvar/CaptureFactory_private.h
-- Installing: /home/wheeltec/wheeltec_ros2/install/ar_track_alvar/include/ar_track_alvar/CaptureDevice.h
-- Installing: /home/wheeltec/wheeltec_ros2/install/ar_track_alvar/include/ar_track_alvar/Plugin.h
-- Installing: /home/wheeltec/wheeltec_ros2/install/ar_track_alvar/include/ar_track_alvar/Filter.h
-- Installing: /home/wheeltec/wheeltec_ros2/install/ar_track_alvar/include/ar_track_alvar/Threads_private.h
-- Installing: /home/wheeltec/wheeltec_ros2/install/ar_track_alvar/include/ar_track_alvar/AlvarException.h
-- Installing: /home/wheeltec/wheeltec_ros2/install/ar_track_alvar/include/ar_track_alvar/Rotation.h
-- Installing: /home/wheeltec/wheeltec_ros2/install/ar_track_alvar/include/ar_track_alvar/EC.h
-- Installing: /home/wheeltec/wheeltec_ros2/install/ar_track_alvar/include/ar_track_alvar/Optimization.h
-- Installing: /home/wheeltec/wheeltec_ros2/install/ar_track_alvar/include/ar_track_alvar/FernImageDetector.h
-- Installing: /home/wheeltec/wheeltec_ros2/install/ar_track_alvar/include/ar_track_alvar/CvTestbed.h
-- Installing: /home/wheeltec/wheeltec_ros2/install/ar_track_alvar/include/ar_track_alvar/Threads.h
-- Installing: /home/wheeltec/wheeltec_ros2/install/ar_track_alvar/include/ar_track_alvar/Mutex_private.h
-- Installing: /home/wheeltec/wheeltec_ros2/install/ar_track_alvar/include/ar_track_alvar/MultiMarkerInitializer.h
-- Installing: /home/wheeltec/wheeltec_ros2/install/ar_track_alvar/include/ar_track_alvar/Shared.h
-- Installing: /home/wheeltec/wheeltec_ros2/install/ar_track_alvar/include/ar_track_alvar/Pose.h
-- Installing: /home/wheeltec/wheeltec_ros2/install/ar_track_alvar/include/ar_track_alvar/CapturePlugin.h
-- Installing: /home/wheeltec/wheeltec_ros2/install/ar_track_alvar/include/ar_track_alvar/FernPoseEstimator.h
-- Installing: /home/wheeltec/wheeltec_ros2/install/ar_track_alvar/include/ar_track_alvar/Platform.h
-- Installing: /home/wheeltec/wheeltec_ros2/install/ar_track_alvar/include/ar_track_alvar/MultiMarkerFiltered.h
-- Installing: /home/wheeltec/wheeltec_ros2/install/ar_track_alvar/include/ar_track_alvar/DirectoryIterator_private.h
-- Installing: /home/wheeltec/wheeltec_ros2/install/ar_track_alvar/include/ar_track_alvar/Bitset.h
-- Installing: /home/wheeltec/wheeltec_ros2/install/ar_track_alvar/include/ar_track_alvar/MultiMarkerBundle.h
-- Installing: /home/wheeltec/wheeltec_ros2/install/ar_track_alvar/include/ar_track_alvar/SfM.h
-- Installing: /home/wheeltec/wheeltec_ros2/install/ar_track_alvar/include/ar_track_alvar/Timer_private.h
-- Installing: /home/wheeltec/wheeltec_ros2/install/ar_track_alvar/include/ar_track_alvar/Marker.h
-- Installing: /home/wheeltec/wheeltec_ros2/install/ar_track_alvar/include/ar_track_alvar/Util.h
-- Installing: /home/wheeltec/wheeltec_ros2/install/ar_track_alvar/include/ar_track_alvar/FileFormatUtils.h
-- Installing: /home/wheeltec/wheeltec_ros2/install/ar_track_alvar/include/ar_track_alvar/MarkerDetector.h
-- Installing: /home/wheeltec/wheeltec_ros2/install/ar_track_alvar/include/ar_track_alvar/ConnectedComponents.h
-- Installing: /home/wheeltec/wheeltec_ros2/install/ar_track_alvar/include/ar_track_alvar/TrackerOrientation.h
-- Installing: /home/wheeltec/wheeltec_ros2/install/ar_track_alvar/include/ar_track_alvar/Alvar.h
-- Installing: /home/wheeltec/wheeltec_ros2/install/ar_track_alvar/share/ar_track_alvar/launch
-- Installing: /home/wheeltec/wheeltec_ros2/install/ar_track_alvar/share/ar_track_alvar/launch/pr2_train.py
-- Installing: /home/wheeltec/wheeltec_ros2/install/ar_track_alvar/share/ar_track_alvar/launch/pr2_indiv_no_kinect.launch.py
-- Installing: /home/wheeltec/wheeltec_ros2/install/ar_track_alvar/share/ar_track_alvar/launch/pr2_indiv.py
-- Installing: /home/wheeltec/wheeltec_ros2/install/ar_track_alvar/share/ar_track_alvar/launch/pr2_bundle_no_kinect_testing.py
-- Installing: /home/wheeltec/wheeltec_ros2/install/ar_track_alvar/share/ar_track_alvar/launch/pr2_bundle_no_kinect.launch.py
-- Installing: /home/wheeltec/wheeltec_ros2/install/ar_track_alvar/share/ar_track_alvar/launch/pr2_bundle.py
-- Installing: /home/wheeltec/wheeltec_ros2/install/ar_track_alvar/share/ar_track_alvar/bundles
-- Installing: /home/wheeltec/wheeltec_ros2/install/ar_track_alvar/share/ar_track_alvar/bundles/truthTableLeg.xml
-- Installing: /home/wheeltec/wheeltec_ros2/install/ar_track_alvar/share/ar_track_alvar/bundles/tags8and9.xml
-- Installing: /home/wheeltec/wheeltec_ros2/install/ar_track_alvar/share/ar_track_alvar/bundles/table_8_9_10.xml
-- Installing: /home/wheeltec/wheeltec_ros2/install/ar_track_alvar/share/ament_index/resource_index/package_run_dependencies/ar_track_alvar
-- Installing: /home/wheeltec/wheeltec_ros2/install/ar_track_alvar/share/ament_index/resource_index/parent_prefix_path/ar_track_alvar
-- Installing: /home/wheeltec/wheeltec_ros2/install/ar_track_alvar/share/ar_track_alvar/environment/ament_prefix_path.sh
-- Installing: /home/wheeltec/wheeltec_ros2/install/ar_track_alvar/share/ar_track_alvar/environment/ament_prefix_path.dsv
-- Installing: /home/wheeltec/wheeltec_ros2/install/ar_track_alvar/share/ar_track_alvar/environment/path.sh
-- Installing: /home/wheeltec/wheeltec_ros2/install/ar_track_alvar/share/ar_track_alvar/environment/path.dsv
-- Installing: /home/wheeltec/wheeltec_ros2/install/ar_track_alvar/share/ar_track_alvar/local_setup.bash
-- Installing: /home/wheeltec/wheeltec_ros2/install/ar_track_alvar/share/ar_track_alvar/local_setup.sh
-- Installing: /home/wheeltec/wheeltec_ros2/install/ar_track_alvar/share/ar_track_alvar/local_setup.zsh
-- Installing: /home/wheeltec/wheeltec_ros2/install/ar_track_alvar/share/ar_track_alvar/local_setup.dsv
-- Installing: /home/wheeltec/wheeltec_ros2/install/ar_track_alvar/share/ar_track_alvar/package.dsv
-- Installing: /home/wheeltec/wheeltec_ros2/install/ar_track_alvar/share/ament_index/resource_index/packages/ar_track_alvar
-- Installing: /home/wheeltec/wheeltec_ros2/install/ar_track_alvar/share/ar_track_alvar/cmake/ament_cmake_export_include_directories-extras.cmake
-- Installing: /home/wheeltec/wheeltec_ros2/install/ar_track_alvar/share/ar_track_alvar/cmake/ament_cmake_export_libraries-extras.cmake
-- Installing: /home/wheeltec/wheeltec_ros2/install/ar_track_alvar/share/ar_track_alvar/cmake/ament_cmake_export_dependencies-extras.cmake
-- Installing: /home/wheeltec/wheeltec_ros2/install/ar_track_alvar/share/ar_track_alvar/cmake/ar_track_alvarConfig.cmake
-- Installing: /home/wheeltec/wheeltec_ros2/install/ar_track_alvar/share/ar_track_alvar/cmake/ar_track_alvarConfig-version.cmake
-- Installing: /home/wheeltec/wheeltec_ros2/install/ar_track_alvar/share/ar_track_alvar/package.xml
