[  2%] [32mBuilding CXX object CMakeFiles/ar_track_alvar.dir/src/MultiMarkerBundle.cpp.o[0m
In file included from [01m[K/home/wheeltec/wheeltec_ros2/src/ar_track/ar_track_alvar/include/ar_track_alvar/Camera.h:45[m[K,
                 from [01m[K/home/wheeltec/wheeltec_ros2/src/ar_track/ar_track_alvar/include/ar_track_alvar/ConnectedComponents.h:36[m[K,
                 from [01m[K/home/wheeltec/wheeltec_ros2/src/ar_track/ar_track_alvar/include/ar_track_alvar/MarkerDetector.h:35[m[K,
                 from [01m[K/home/wheeltec/wheeltec_ros2/src/ar_track/ar_track_alvar/include/ar_track_alvar/MultiMarker.h:35[m[K,
                 from [01m[K/home/wheeltec/wheeltec_ros2/src/ar_track/ar_track_alvar/include/ar_track_alvar/MultiMarkerBundle.h:34[m[K,
                 from [01m[K/home/wheeltec/wheeltec_ros2/src/ar_track/ar_track_alvar/src/MultiMarkerBundle.cpp:24[m[K:
[01m[K/opt/ros/galactic/include/resource_retriever/retriever.h:37:2:[m[K [01;35m[Kwarning: [m[K#warning Including header <resource_retriever/retriever.h> is deprecated, include <resource_retriever/retriever.hpp> instead. [[01;35m[K-Wcpp[m[K]
   37 | #[01;35m[Kwarning[m[K Including header <resource_retriever/retriever.h> is deprecated, \
      |  [01;35m[K^~~~~~~[m[K
[  4%] [32mBuilding CXX object CMakeFiles/ar_track_alvar.dir/src/Mutex_unix.cpp.o[0m
[  6%] [32mBuilding CXX object CMakeFiles/ar_track_alvar.dir/src/Optimization.cpp.o[0m
[  8%] [32mBuilding CXX object CMakeFiles/ar_track_alvar.dir/src/Plugin.cpp.o[0m
[ 10%] [32mBuilding CXX object CMakeFiles/ar_track_alvar.dir/src/Plugin_unix.cpp.o[0m
[ 13%] [32mBuilding CXX object CMakeFiles/ar_track_alvar.dir/src/Pose.cpp.o[0m
[ 15%] [32mBuilding CXX object CMakeFiles/ar_track_alvar.dir/src/Rotation.cpp.o[0m
[ 17%] [32mBuilding CXX object CMakeFiles/ar_track_alvar.dir/src/Threads.cpp.o[0m
[ 19%] [32mBuilding CXX object CMakeFiles/ar_track_alvar.dir/src/Threads_unix.cpp.o[0m
[ 21%] [32mBuilding CXX object CMakeFiles/ar_track_alvar.dir/src/Util.cpp.o[0m
[ 23%] [32mBuilding CXX object CMakeFiles/ar_track_alvar.dir/src/Mutex.cpp.o[0m
[ 26%] [32m[1mLinking CXX static library libar_track_alvar.a[0m
[ 65%] Built target ar_track_alvar
[35m[1mScanning dependencies of target kinect_filtering[0m
[ 67%] [32mBuilding CXX object CMakeFiles/kinect_filtering.dir/src/kinect_filtering.cpp.o[0m
[ 69%] [32m[1mLinking CXX static library libkinect_filtering.a[0m
[ 69%] Built target kinect_filtering
[35m[1mScanning dependencies of target createMarker[0m
[ 71%] [32mBuilding CXX object CMakeFiles/createMarker.dir/src/SampleMarkerCreator.cpp.o[0m
In file included from [01m[K/home/wheeltec/wheeltec_ros2/src/ar_track/ar_track_alvar/include/ar_track_alvar/Camera.h:45[m[K,
                 from [01m[K/home/wheeltec/wheeltec_ros2/src/ar_track/ar_track_alvar/include/ar_track_alvar/ConnectedComponents.h:36[m[K,
                 from [01m[K/home/wheeltec/wheeltec_ros2/src/ar_track/ar_track_alvar/include/ar_track_alvar/MarkerDetector.h:35[m[K,
                 from [01m[K/home/wheeltec/wheeltec_ros2/src/ar_track/ar_track_alvar/include/ar_track_alvar/MultiMarker.h:35[m[K,
                 from [01m[K/home/wheeltec/wheeltec_ros2/src/ar_track/ar_track_alvar/src/SampleMarkerCreator.cpp:1[m[K:
[01m[K/opt/ros/galactic/include/resource_retriever/retriever.h:37:2:[m[K [01;35m[Kwarning: [m[K#warning Including header <resource_retriever/retriever.h> is deprecated, include <resource_retriever/retriever.hpp> instead. [[01;35m[K-Wcpp[m[K]
   37 | #[01;35m[Kwarning[m[K Including header <resource_retriever/retriever.h> is deprecated, \
      |  [01;35m[K^~~~~~~[m[K
[ 73%] [32m[1mLinking CXX executable createMarker[0m
[ 73%] Built target createMarker
[35m[1mScanning dependencies of target individualMarkersNoKinect[0m
[ 76%] [32mBuilding CXX object CMakeFiles/individualMarkersNoKinect.dir/nodes/IndividualMarkersNoKinect.cpp.o[0m
In file included from [01m[K/home/wheeltec/wheeltec_ros2/src/ar_track/ar_track_alvar/include/ar_track_alvar/Camera.h:45[m[K,
                 from [01m[K/home/wheeltec/wheeltec_ros2/src/ar_track/ar_track_alvar/include/ar_track_alvar/ConnectedComponents.h:36[m[K,
                 from [01m[K/home/wheeltec/wheeltec_ros2/src/ar_track/ar_track_alvar/include/ar_track_alvar/MarkerDetector.h:35[m[K,
                 from [01m[K/home/wheeltec/wheeltec_ros2/src/ar_track/ar_track_alvar/nodes/IndividualMarkersNoKinect.cpp:40[m[K:
[01m[K/opt/ros/galactic/include/resource_retriever/retriever.h:37:2:[m[K [01;35m[Kwarning: [m[K#warning Including header <resource_retriever/retriever.h> is deprecated, include <resource_retriever/retriever.hpp> instead. [[01;35m[K-Wcpp[m[K]
   37 | #[01;35m[Kwarning[m[K Including header <resource_retriever/retriever.h> is deprecated, \
      |  [01;35m[K^~~~~~~[m[K
[01m[K/home/wheeltec/wheeltec_ros2/src/ar_track/ar_track_alvar/nodes/IndividualMarkersNoKinect.cpp:[m[K In member function ‘[01m[Kvoid IndividualMarkersNoKinect::getCapCallback(sensor_msgs::msg::Image_<std::allocator<void> >::SharedPtr)[m[K’:
[01m[K/home/wheeltec/wheeltec_ros2/src/ar_track/ar_track_alvar/nodes/IndividualMarkersNoKinect.cpp:333:57:[m[K [01;35m[Kwarning: [m[K‘[01m[Krclcpp::Duration::Duration(rcl_duration_value_t)[m[K’ is deprecated: Use Duration::from_nanoseconds instead or std::chrono_literals. For example:rclcpp::Duration::from_nanoseconds(int64_variable);rclcpp::Duration(0ns); [[01;35m[K-Wdeprecated-declarations[m[K]
  333 |             rvizMarker_.lifetime = rclcpp::Duration (1.0[01;35m[K)[m[K;
      |                                                         [01;35m[K^[m[K
In file included from [01m[K/opt/ros/galactic/include/rclcpp/qos.hpp:20[m[K,
                 from [01m[K/opt/ros/galactic/include/rclcpp/node_interfaces/node_graph_interface.hpp:31[m[K,
                 from [01m[K/opt/ros/galactic/include/rclcpp/client.hpp:34[m[K,
                 from [01m[K/opt/ros/galactic/include/rclcpp/callback_group.hpp:23[m[K,
                 from [01m[K/opt/ros/galactic/include/rclcpp/any_executable.hpp:20[m[K,
                 from [01m[K/opt/ros/galactic/include/rclcpp/memory_strategy.hpp:25[m[K,
                 from [01m[K/opt/ros/galactic/include/rclcpp/memory_strategies.hpp:18[m[K,
                 from [01m[K/opt/ros/galactic/include/rclcpp/executor_options.hpp:20[m[K,
                 from [01m[K/opt/ros/galactic/include/rclcpp/executor.hpp:36[m[K,
                 from [01m[K/opt/ros/galactic/include/rclcpp/executors/multi_threaded_executor.hpp:26[m[K,
                 from [01m[K/opt/ros/galactic/include/rclcpp/executors.hpp:21[m[K,
                 from [01m[K/opt/ros/galactic/include/rclcpp/rclcpp.hpp:156[m[K,
                 from [01m[K/home/wheeltec/wheeltec_ros2/src/ar_track/ar_track_alvar/include/ar_track_alvar/Camera.h:40[m[K,
                 from [01m[K/home/wheeltec/wheeltec_ros2/src/ar_track/ar_track_alvar/include/ar_track_alvar/ConnectedComponents.h:36[m[K,
                 from [01m[K/home/wheeltec/wheeltec_ros2/src/ar_track/ar_track_alvar/include/ar_track_alvar/MarkerDetector.h:35[m[K,
                 from [01m[K/home/wheeltec/wheeltec_ros2/src/ar_track/ar_track_alvar/nodes/IndividualMarkersNoKinect.cpp:40[m[K:
[01m[K/opt/ros/galactic/include/rclcpp/duration.hpp:46:12:[m[K [01;36m[Knote: [m[Kdeclared here
   46 |   explicit [01;36m[KDuration[m[K(rcl_duration_value_t nanoseconds);
      |            [01;36m[K^~~~~~~~[m[K
[ 78%] [32m[1mLinking CXX executable individualMarkersNoKinect[0m
[ 78%] Built target individualMarkersNoKinect
[35m[1mScanning dependencies of target trainMarkerBundle[0m
[ 80%] [32mBuilding CXX object CMakeFiles/trainMarkerBundle.dir/nodes/TrainMarkerBundle.cpp.o[0m
In file included from [01m[K/home/wheeltec/wheeltec_ros2/src/ar_track/ar_track_alvar/include/ar_track_alvar/Camera.h:45[m[K,
                 from [01m[K/home/wheeltec/wheeltec_ros2/src/ar_track/ar_track_alvar/include/ar_track_alvar/ConnectedComponents.h:36[m[K,
                 from [01m[K/home/wheeltec/wheeltec_ros2/src/ar_track/ar_track_alvar/include/ar_track_alvar/MarkerDetector.h:35[m[K,
                 from [01m[K/home/wheeltec/wheeltec_ros2/src/ar_track/ar_track_alvar/nodes/TrainMarkerBundle.cpp:39[m[K:
[01m[K/opt/ros/galactic/include/resource_retriever/retriever.h:37:2:[m[K [01;35m[Kwarning: [m[K#warning Including header <resource_retriever/retriever.h> is deprecated, include <resource_retriever/retriever.hpp> instead. [[01;35m[K-Wcpp[m[K]
   37 | #[01;35m[Kwarning[m[K Including header <resource_retriever/retriever.h> is deprecated, \
      |  [01;35m[K^~~~~~~[m[K
[01m[K/home/wheeltec/wheeltec_ros2/src/ar_track/ar_track_alvar/nodes/TrainMarkerBundle.cpp:[m[K In member function ‘[01m[Kvoid TrainMarkerBundle::makeMarkerMsgs(int, int, alvar::Pose&, sensor_msgs::msg::Image_<std::allocator<void> >::ConstSharedPtr, geometry_msgs::msg::TransformStamped&, visualization_msgs::msg::Marker*, ar_track_alvar_msgs::msg::AlvarMarker*)[m[K’:
[01m[K/home/wheeltec/wheeltec_ros2/src/ar_track/ar_track_alvar/nodes/TrainMarkerBundle.cpp:410:48:[m[K [01;35m[Kwarning: [m[K‘[01m[Krclcpp::Duration::Duration(rcl_duration_value_t)[m[K’ is deprecated: Use Duration::from_nanoseconds instead or std::chrono_literals. For example:rclcpp::Duration::from_nanoseconds(int64_variable);rclcpp::Duration(0ns); [[01;35m[K-Wdeprecated-declarations[m[K]
  410 |    rvizMarker->lifetime = rclcpp::Duration (1.0[01;35m[K)[m[K;
      |                                                [01;35m[K^[m[K
In file included from [01m[K/opt/ros/galactic/include/rclcpp/qos.hpp:20[m[K,
                 from [01m[K/opt/ros/galactic/include/rclcpp/node_interfaces/node_graph_interface.hpp:31[m[K,
                 from [01m[K/opt/ros/galactic/include/rclcpp/client.hpp:34[m[K,
                 from [01m[K/opt/ros/galactic/include/rclcpp/callback_group.hpp:23[m[K,
                 from [01m[K/opt/ros/galactic/include/rclcpp/any_executable.hpp:20[m[K,
                 from [01m[K/opt/ros/galactic/include/rclcpp/memory_strategy.hpp:25[m[K,
                 from [01m[K/opt/ros/galactic/include/rclcpp/memory_strategies.hpp:18[m[K,
                 from [01m[K/opt/ros/galactic/include/rclcpp/executor_options.hpp:20[m[K,
                 from [01m[K/opt/ros/galactic/include/rclcpp/executor.hpp:36[m[K,
                 from [01m[K/opt/ros/galactic/include/rclcpp/executors/multi_threaded_executor.hpp:26[m[K,
                 from [01m[K/opt/ros/galactic/include/rclcpp/executors.hpp:21[m[K,
                 from [01m[K/opt/ros/galactic/include/rclcpp/rclcpp.hpp:156[m[K,
                 from [01m[K/home/wheeltec/wheeltec_ros2/src/ar_track/ar_track_alvar/include/ar_track_alvar/Camera.h:40[m[K,
                 from [01m[K/home/wheeltec/wheeltec_ros2/src/ar_track/ar_track_alvar/include/ar_track_alvar/ConnectedComponents.h:36[m[K,
                 from [01m[K/home/wheeltec/wheeltec_ros2/src/ar_track/ar_track_alvar/include/ar_track_alvar/MarkerDetector.h:35[m[K,
                 from [01m[K/home/wheeltec/wheeltec_ros2/src/ar_track/ar_track_alvar/nodes/TrainMarkerBundle.cpp:39[m[K:
[01m[K/opt/ros/galactic/include/rclcpp/duration.hpp:46:12:[m[K [01;36m[Knote: [m[Kdeclared here
   46 |   explicit [01;36m[KDuration[m[K(rcl_duration_value_t nanoseconds);
      |            [01;36m[K^~~~~~~~[m[K
[ 82%] [32m[1mLinking CXX executable trainMarkerBundle[0m
[ 82%] Built target trainMarkerBundle
[35m[1mScanning dependencies of target individualMarkers[0m
[ 84%] [32mBuilding CXX object CMakeFiles/individualMarkers.dir/nodes/IndividualMarkers.cpp.o[0m
In file included from [01m[K/home/wheeltec/wheeltec_ros2/src/ar_track/ar_track_alvar/include/ar_track_alvar/Camera.h:45[m[K,
                 from [01m[K/home/wheeltec/wheeltec_ros2/src/ar_track/ar_track_alvar/include/ar_track_alvar/ConnectedComponents.h:36[m[K,
                 from [01m[K/home/wheeltec/wheeltec_ros2/src/ar_track/ar_track_alvar/include/ar_track_alvar/MarkerDetector.h:35[m[K,
                 from [01m[K/home/wheeltec/wheeltec_ros2/src/ar_track/ar_track_alvar/nodes/IndividualMarkers.cpp:39[m[K:
[01m[K/opt/ros/galactic/include/resource_retriever/retriever.h:37:2:[m[K [01;35m[Kwarning: [m[K#warning Including header <resource_retriever/retriever.h> is deprecated, include <resource_retriever/retriever.hpp> instead. [[01;35m[K-Wcpp[m[K]
   37 | #[01;35m[Kwarning[m[K Including header <resource_retriever/retriever.h> is deprecated, \
      |  [01;35m[K^~~~~~~[m[K
[01m[K/home/wheeltec/wheeltec_ros2/src/ar_track/ar_track_alvar/nodes/IndividualMarkers.cpp:[m[K In member function ‘[01m[Kvoid IndividualMarkers::draw3dPoints(pcl::PointCloud<pcl::PointXYZRGB>::Ptr, std::string, int, int, double)[m[K’:
[01m[K/home/wheeltec/wheeltec_ros2/src/ar_track/ar_track_alvar/nodes/IndividualMarkers.cpp:238:50:[m[K [01;35m[Kwarning: [m[K‘[01m[Krclcpp::Duration::Duration(rcl_duration_value_t)[m[K’ is deprecated: Use Duration::from_nanoseconds instead or std::chrono_literals. For example:rclcpp::Duration::from_nanoseconds(int64_variable);rclcpp::Duration(0ns); [[01;35m[K-Wdeprecated-declarations[m[K]
  238 |       rvizMarker.lifetime = rclcpp::Duration (1.0[01;35m[K)[m[K;
      |                                                  [01;35m[K^[m[K
In file included from [01m[K/opt/ros/galactic/include/rclcpp/qos.hpp:20[m[K,
                 from [01m[K/opt/ros/galactic/include/rclcpp/node_interfaces/node_graph_interface.hpp:31[m[K,
                 from [01m[K/opt/ros/galactic/include/rclcpp/client.hpp:34[m[K,
                 from [01m[K/opt/ros/galactic/include/rclcpp/callback_group.hpp:23[m[K,
                 from [01m[K/opt/ros/galactic/include/rclcpp/any_executable.hpp:20[m[K,
                 from [01m[K/opt/ros/galactic/include/rclcpp/memory_strategy.hpp:25[m[K,
                 from [01m[K/opt/ros/galactic/include/rclcpp/memory_strategies.hpp:18[m[K,
                 from [01m[K/opt/ros/galactic/include/rclcpp/executor_options.hpp:20[m[K,
                 from [01m[K/opt/ros/galactic/include/rclcpp/executor.hpp:36[m[K,
                 from [01m[K/opt/ros/galactic/include/rclcpp/executors/multi_threaded_executor.hpp:26[m[K,
                 from [01m[K/opt/ros/galactic/include/rclcpp/executors.hpp:21[m[K,
                 from [01m[K/opt/ros/galactic/include/rclcpp/rclcpp.hpp:156[m[K,
                 from [01m[K/home/wheeltec/wheeltec_ros2/src/ar_track/ar_track_alvar/include/ar_track_alvar/Camera.h:40[m[K,
                 from [01m[K/home/wheeltec/wheeltec_ros2/src/ar_track/ar_track_alvar/include/ar_track_alvar/ConnectedComponents.h:36[m[K,
                 from [01m[K/home/wheeltec/wheeltec_ros2/src/ar_track/ar_track_alvar/include/ar_track_alvar/MarkerDetector.h:35[m[K,
                 from [01m[K/home/wheeltec/wheeltec_ros2/src/ar_track/ar_track_alvar/nodes/IndividualMarkers.cpp:39[m[K:
[01m[K/opt/ros/galactic/include/rclcpp/duration.hpp:46:12:[m[K [01;36m[Knote: [m[Kdeclared here
   46 |   explicit [01;36m[KDuration[m[K(rcl_duration_value_t nanoseconds);
      |            [01;36m[K^~~~~~~~[m[K
[01m[K/home/wheeltec/wheeltec_ros2/src/ar_track/ar_track_alvar/nodes/IndividualMarkers.cpp:[m[K In member function ‘[01m[Kvoid IndividualMarkers::drawArrow(geometry_msgs::msg::Point, tf2::Matrix3x3, std::string, int, int)[m[K’:
[01m[K/home/wheeltec/wheeltec_ros2/src/ar_track/ar_track_alvar/nodes/IndividualMarkers.cpp:268:54:[m[K [01;35m[Kwarning: [m[K‘[01m[Krclcpp::Duration::Duration(rcl_duration_value_t)[m[K’ is deprecated: Use Duration::from_nanoseconds instead or std::chrono_literals. For example:rclcpp::Duration::from_nanoseconds(int64_variable);rclcpp::Duration(0ns); [[01;35m[K-Wdeprecated-declarations[m[K]
  268 |           rvizMarker.lifetime = rclcpp::Duration (1.0[01;35m[K)[m[K;
      |                                                      [01;35m[K^[m[K
In file included from [01m[K/opt/ros/galactic/include/rclcpp/qos.hpp:20[m[K,
                 from [01m[K/opt/ros/galactic/include/rclcpp/node_interfaces/node_graph_interface.hpp:31[m[K,
                 from [01m[K/opt/ros/galactic/include/rclcpp/client.hpp:34[m[K,
                 from [01m[K/opt/ros/galactic/include/rclcpp/callback_group.hpp:23[m[K,
                 from [01m[K/opt/ros/galactic/include/rclcpp/any_executable.hpp:20[m[K,
                 from [01m[K/opt/ros/galactic/include/rclcpp/memory_strategy.hpp:25[m[K,
                 from [01m[K/opt/ros/galactic/include/rclcpp/memory_strategies.hpp:18[m[K,
                 from [01m[K/opt/ros/galactic/include/rclcpp/executor_options.hpp:20[m[K,
                 from [01m[K/opt/ros/galactic/include/rclcpp/executor.hpp:36[m[K,
                 from [01m[K/opt/ros/galactic/include/rclcpp/executors/multi_threaded_executor.hpp:26[m[K,
                 from [01m[K/opt/ros/galactic/include/rclcpp/executors.hpp:21[m[K,
                 from [01m[K/opt/ros/galactic/include/rclcpp/rclcpp.hpp:156[m[K,
                 from [01m[K/home/wheeltec/wheeltec_ros2/src/ar_track/ar_track_alvar/include/ar_track_alvar/Camera.h:40[m[K,
                 from [01m[K/home/wheeltec/wheeltec_ros2/src/ar_track/ar_track_alvar/include/ar_track_alvar/ConnectedComponents.h:36[m[K,
                 from [01m[K/home/wheeltec/wheeltec_ros2/src/ar_track/ar_track_alvar/include/ar_track_alvar/MarkerDetector.h:35[m[K,
                 from [01m[K/home/wheeltec/wheeltec_ros2/src/ar_track/ar_track_alvar/nodes/IndividualMarkers.cpp:39[m[K:
[01m[K/opt/ros/galactic/include/rclcpp/duration.hpp:46:12:[m[K [01;36m[Knote: [m[Kdeclared here
   46 |   explicit [01;36m[KDuration[m[K(rcl_duration_value_t nanoseconds);
      |            [01;36m[K^~~~~~~~[m[K
[01m[K/home/wheeltec/wheeltec_ros2/src/ar_track/ar_track_alvar/nodes/IndividualMarkers.cpp:[m[K In member function ‘[01m[Kvoid IndividualMarkers::getPointCloudCallback(sensor_msgs::msg::PointCloud2_<std::allocator<void> >::SharedPtr)[m[K’:
[01m[K/home/wheeltec/wheeltec_ros2/src/ar_track/ar_track_alvar/nodes/IndividualMarkers.cpp:599:55:[m[K [01;35m[Kwarning: [m[K‘[01m[Krclcpp::Duration::Duration(rcl_duration_value_t)[m[K’ is deprecated: Use Duration::from_nanoseconds instead or std::chrono_literals. For example:rclcpp::Duration::from_nanoseconds(int64_variable);rclcpp::Duration(0ns); [[01;35m[K-Wdeprecated-declarations[m[K]
  599 |           rvizMarker_.lifetime = rclcpp::Duration (1.0[01;35m[K)[m[K;
      |                                                       [01;35m[K^[m[K
In file included from [01m[K/opt/ros/galactic/include/rclcpp/qos.hpp:20[m[K,
                 from [01m[K/opt/ros/galactic/include/rclcpp/node_interfaces/node_graph_interface.hpp:31[m[K,
                 from [01m[K/opt/ros/galactic/include/rclcpp/client.hpp:34[m[K,
                 from [01m[K/opt/ros/galactic/include/rclcpp/callback_group.hpp:23[m[K,
                 from [01m[K/opt/ros/galactic/include/rclcpp/any_executable.hpp:20[m[K,
                 from [01m[K/opt/ros/galactic/include/rclcpp/memory_strategy.hpp:25[m[K,
                 from [01m[K/opt/ros/galactic/include/rclcpp/memory_strategies.hpp:18[m[K,
                 from [01m[K/opt/ros/galactic/include/rclcpp/executor_options.hpp:20[m[K,
                 from [01m[K/opt/ros/galactic/include/rclcpp/executor.hpp:36[m[K,
                 from [01m[K/opt/ros/galactic/include/rclcpp/executors/multi_threaded_executor.hpp:26[m[K,
                 from [01m[K/opt/ros/galactic/include/rclcpp/executors.hpp:21[m[K,
                 from [01m[K/opt/ros/galactic/include/rclcpp/rclcpp.hpp:156[m[K,
                 from [01m[K/home/wheeltec/wheeltec_ros2/src/ar_track/ar_track_alvar/include/ar_track_alvar/Camera.h:40[m[K,
                 from [01m[K/home/wheeltec/wheeltec_ros2/src/ar_track/ar_track_alvar/include/ar_track_alvar/ConnectedComponents.h:36[m[K,
                 from [01m[K/home/wheeltec/wheeltec_ros2/src/ar_track/ar_track_alvar/include/ar_track_alvar/MarkerDetector.h:35[m[K,
                 from [01m[K/home/wheeltec/wheeltec_ros2/src/ar_track/ar_track_alvar/nodes/IndividualMarkers.cpp:39[m[K:
[01m[K/opt/ros/galactic/include/rclcpp/duration.hpp:46:12:[m[K [01;36m[Knote: [m[Kdeclared here
   46 |   explicit [01;36m[KDuration[m[K(rcl_duration_value_t nanoseconds);
      |            [01;36m[K^~~~~~~~[m[K
[ 86%] [32m[1mLinking CXX executable individualMarkers[0m
[ 86%] Built target individualMarkers
[35m[1mScanning dependencies of target findMarkerBundlesNoKinect[0m
[ 89%] [32mBuilding CXX object CMakeFiles/findMarkerBundlesNoKinect.dir/nodes/FindMarkerBundlesNoKinect.cpp.o[0m
In file included from [01m[K/home/wheeltec/wheeltec_ros2/src/ar_track/ar_track_alvar/include/ar_track_alvar/Camera.h:45[m[K,
                 from [01m[K/home/wheeltec/wheeltec_ros2/src/ar_track/ar_track_alvar/include/ar_track_alvar/ConnectedComponents.h:36[m[K,
                 from [01m[K/home/wheeltec/wheeltec_ros2/src/ar_track/ar_track_alvar/include/ar_track_alvar/MarkerDetector.h:35[m[K,
                 from [01m[K/home/wheeltec/wheeltec_ros2/src/ar_track/ar_track_alvar/nodes/FindMarkerBundlesNoKinect.cpp:39[m[K:
[01m[K/opt/ros/galactic/include/resource_retriever/retriever.h:37:2:[m[K [01;35m[Kwarning: [m[K#warning Including header <resource_retriever/retriever.h> is deprecated, include <resource_retriever/retriever.hpp> instead. [[01;35m[K-Wcpp[m[K]
   37 | #[01;35m[Kwarning[m[K Including header <resource_retriever/retriever.h> is deprecated, \
      |  [01;35m[K^~~~~~~[m[K
[01m[K/home/wheeltec/wheeltec_ros2/src/ar_track/ar_track_alvar/nodes/FindMarkerBundlesNoKinect.cpp:[m[K In member function ‘[01m[Kvoid FindMarkerBundlesNoKinect::makeMarkerMsgs(int, int, alvar::Pose&, sensor_msgs::msg::Image_<std::allocator<void> >::ConstSharedPtr, geometry_msgs::msg::TransformStamped&, visualization_msgs::msg::Marker*, ar_track_alvar_msgs::msg::AlvarMarker*)[m[K’:
[01m[K/home/wheeltec/wheeltec_ros2/src/ar_track/ar_track_alvar/nodes/FindMarkerBundlesNoKinect.cpp:312:49:[m[K [01;35m[Kwarning: [m[K‘[01m[Krclcpp::Duration::Duration(rcl_duration_value_t)[m[K’ is deprecated: Use Duration::from_nanoseconds instead or std::chrono_literals. For example:rclcpp::Duration::from_nanoseconds(int64_variable);rclcpp::Duration(0ns); [[01;35m[K-Wdeprecated-declarations[m[K]
  312 |     rvizMarker->lifetime = rclcpp::Duration (1.0[01;35m[K)[m[K;
      |                                                 [01;35m[K^[m[K
In file included from [01m[K/opt/ros/galactic/include/rclcpp/qos.hpp:20[m[K,
                 from [01m[K/opt/ros/galactic/include/rclcpp/node_interfaces/node_graph_interface.hpp:31[m[K,
                 from [01m[K/opt/ros/galactic/include/rclcpp/client.hpp:34[m[K,
                 from [01m[K/opt/ros/galactic/include/rclcpp/callback_group.hpp:23[m[K,
                 from [01m[K/opt/ros/galactic/include/rclcpp/any_executable.hpp:20[m[K,
                 from [01m[K/opt/ros/galactic/include/rclcpp/memory_strategy.hpp:25[m[K,
                 from [01m[K/opt/ros/galactic/include/rclcpp/memory_strategies.hpp:18[m[K,
                 from [01m[K/opt/ros/galactic/include/rclcpp/executor_options.hpp:20[m[K,
                 from [01m[K/opt/ros/galactic/include/rclcpp/executor.hpp:36[m[K,
                 from [01m[K/opt/ros/galactic/include/rclcpp/executors/multi_threaded_executor.hpp:26[m[K,
                 from [01m[K/opt/ros/galactic/include/rclcpp/executors.hpp:21[m[K,
                 from [01m[K/opt/ros/galactic/include/rclcpp/rclcpp.hpp:156[m[K,
                 from [01m[K/home/wheeltec/wheeltec_ros2/src/ar_track/ar_track_alvar/include/ar_track_alvar/Camera.h:40[m[K,
                 from [01m[K/home/wheeltec/wheeltec_ros2/src/ar_track/ar_track_alvar/include/ar_track_alvar/ConnectedComponents.h:36[m[K,
                 from [01m[K/home/wheeltec/wheeltec_ros2/src/ar_track/ar_track_alvar/include/ar_track_alvar/MarkerDetector.h:35[m[K,
                 from [01m[K/home/wheeltec/wheeltec_ros2/src/ar_track/ar_track_alvar/nodes/FindMarkerBundlesNoKinect.cpp:39[m[K:
[01m[K/opt/ros/galactic/include/rclcpp/duration.hpp:46:12:[m[K [01;36m[Knote: [m[Kdeclared here
   46 |   explicit [01;36m[KDuration[m[K(rcl_duration_value_t nanoseconds);
      |            [01;36m[K^~~~~~~~[m[K
[ 91%] [32m[1mLinking CXX executable findMarkerBundlesNoKinect[0m
[ 91%] Built target findMarkerBundlesNoKinect
[35m[1mScanning dependencies of target medianFilter[0m
[ 93%] [32mBuilding CXX object CMakeFiles/medianFilter.dir/src/medianFilter.cpp.o[0m
[ 95%] [32m[1mLinking CXX static library libmedianFilter.a[0m
[ 95%] Built target medianFilter
[35m[1mScanning dependencies of target findMarkerBundles[0m
[ 97%] [32mBuilding CXX object CMakeFiles/findMarkerBundles.dir/nodes/FindMarkerBundles.cpp.o[0m
In file included from [01m[K/home/wheeltec/wheeltec_ros2/src/ar_track/ar_track_alvar/include/ar_track_alvar/Camera.h:45[m[K,
                 from [01m[K/home/wheeltec/wheeltec_ros2/src/ar_track/ar_track_alvar/include/ar_track_alvar/ConnectedComponents.h:36[m[K,
                 from [01m[K/home/wheeltec/wheeltec_ros2/src/ar_track/ar_track_alvar/include/ar_track_alvar/MarkerDetector.h:35[m[K,
                 from [01m[K/home/wheeltec/wheeltec_ros2/src/ar_track/ar_track_alvar/nodes/FindMarkerBundles.cpp:37[m[K:
[01m[K/opt/ros/galactic/include/resource_retriever/retriever.h:37:2:[m[K [01;35m[Kwarning: [m[K#warning Including header <resource_retriever/retriever.h> is deprecated, include <resource_retriever/retriever.hpp> instead. [[01;35m[K-Wcpp[m[K]
   37 | #[01;35m[Kwarning[m[K Including header <resource_retriever/retriever.h> is deprecated, \
      |  [01;35m[K^~~~~~~[m[K
[01m[K/home/wheeltec/wheeltec_ros2/src/ar_track/ar_track_alvar/nodes/FindMarkerBundles.cpp:[m[K In member function ‘[01m[Kvoid FindMarkerBundles::draw3dPoints(pcl::PointCloud<pcl::PointXYZRGB>::Ptr, std::string, int, int, double)[m[K’:
[01m[K/home/wheeltec/wheeltec_ros2/src/ar_track/ar_track_alvar/nodes/FindMarkerBundles.cpp:293:50:[m[K [01;35m[Kwarning: [m[K‘[01m[Krclcpp::Duration::Duration(rcl_duration_value_t)[m[K’ is deprecated: Use Duration::from_nanoseconds instead or std::chrono_literals. For example:rclcpp::Duration::from_nanoseconds(int64_variable);rclcpp::Duration(0ns); [[01;35m[K-Wdeprecated-declarations[m[K]
  293 |       rvizMarker.lifetime = rclcpp::Duration (1.0[01;35m[K)[m[K;
      |                                                  [01;35m[K^[m[K
In file included from [01m[K/opt/ros/galactic/include/rclcpp/qos.hpp:20[m[K,
                 from [01m[K/opt/ros/galactic/include/rclcpp/node_interfaces/node_graph_interface.hpp:31[m[K,
                 from [01m[K/opt/ros/galactic/include/rclcpp/client.hpp:34[m[K,
                 from [01m[K/opt/ros/galactic/include/rclcpp/callback_group.hpp:23[m[K,
                 from [01m[K/opt/ros/galactic/include/rclcpp/any_executable.hpp:20[m[K,
                 from [01m[K/opt/ros/galactic/include/rclcpp/memory_strategy.hpp:25[m[K,
                 from [01m[K/opt/ros/galactic/include/rclcpp/memory_strategies.hpp:18[m[K,
                 from [01m[K/opt/ros/galactic/include/rclcpp/executor_options.hpp:20[m[K,
                 from [01m[K/opt/ros/galactic/include/rclcpp/executor.hpp:36[m[K,
                 from [01m[K/opt/ros/galactic/include/rclcpp/executors/multi_threaded_executor.hpp:26[m[K,
                 from [01m[K/opt/ros/galactic/include/rclcpp/executors.hpp:21[m[K,
                 from [01m[K/opt/ros/galactic/include/rclcpp/rclcpp.hpp:156[m[K,
                 from [01m[K/home/wheeltec/wheeltec_ros2/src/ar_track/ar_track_alvar/include/ar_track_alvar/Camera.h:40[m[K,
                 from [01m[K/home/wheeltec/wheeltec_ros2/src/ar_track/ar_track_alvar/include/ar_track_alvar/ConnectedComponents.h:36[m[K,
                 from [01m[K/home/wheeltec/wheeltec_ros2/src/ar_track/ar_track_alvar/include/ar_track_alvar/MarkerDetector.h:35[m[K,
                 from [01m[K/home/wheeltec/wheeltec_ros2/src/ar_track/ar_track_alvar/nodes/FindMarkerBundles.cpp:37[m[K:
[01m[K/opt/ros/galactic/include/rclcpp/duration.hpp:46:12:[m[K [01;36m[Knote: [m[Kdeclared here
   46 |   explicit [01;36m[KDuration[m[K(rcl_duration_value_t nanoseconds);
      |            [01;36m[K^~~~~~~~[m[K
[01m[K/home/wheeltec/wheeltec_ros2/src/ar_track/ar_track_alvar/nodes/FindMarkerBundles.cpp:[m[K In member function ‘[01m[Kvoid FindMarkerBundles::drawArrow(geometry_msgs::msg::Point, tf2::Matrix3x3, std::string, int, int)[m[K’:
[01m[K/home/wheeltec/wheeltec_ros2/src/ar_track/ar_track_alvar/nodes/FindMarkerBundles.cpp:323:52:[m[K [01;35m[Kwarning: [m[K‘[01m[Krclcpp::Duration::Duration(rcl_duration_value_t)[m[K’ is deprecated: Use Duration::from_nanoseconds instead or std::chrono_literals. For example:rclcpp::Duration::from_nanoseconds(int64_variable);rclcpp::Duration(0ns); [[01;35m[K-Wdeprecated-declarations[m[K]
  323 |         rvizMarker.lifetime = rclcpp::Duration (1.0[01;35m[K)[m[K;
      |                                                    [01;35m[K^[m[K
In file included from [01m[K/opt/ros/galactic/include/rclcpp/qos.hpp:20[m[K,
                 from [01m[K/opt/ros/galactic/include/rclcpp/node_interfaces/node_graph_interface.hpp:31[m[K,
                 from [01m[K/opt/ros/galactic/include/rclcpp/client.hpp:34[m[K,
                 from [01m[K/opt/ros/galactic/include/rclcpp/callback_group.hpp:23[m[K,
                 from [01m[K/opt/ros/galactic/include/rclcpp/any_executable.hpp:20[m[K,
                 from [01m[K/opt/ros/galactic/include/rclcpp/memory_strategy.hpp:25[m[K,
                 from [01m[K/opt/ros/galactic/include/rclcpp/memory_strategies.hpp:18[m[K,
                 from [01m[K/opt/ros/galactic/include/rclcpp/executor_options.hpp:20[m[K,
                 from [01m[K/opt/ros/galactic/include/rclcpp/executor.hpp:36[m[K,
                 from [01m[K/opt/ros/galactic/include/rclcpp/executors/multi_threaded_executor.hpp:26[m[K,
                 from [01m[K/opt/ros/galactic/include/rclcpp/executors.hpp:21[m[K,
                 from [01m[K/opt/ros/galactic/include/rclcpp/rclcpp.hpp:156[m[K,
                 from [01m[K/home/wheeltec/wheeltec_ros2/src/ar_track/ar_track_alvar/include/ar_track_alvar/Camera.h:40[m[K,
                 from [01m[K/home/wheeltec/wheeltec_ros2/src/ar_track/ar_track_alvar/include/ar_track_alvar/ConnectedComponents.h:36[m[K,
                 from [01m[K/home/wheeltec/wheeltec_ros2/src/ar_track/ar_track_alvar/include/ar_track_alvar/MarkerDetector.h:35[m[K,
                 from [01m[K/home/wheeltec/wheeltec_ros2/src/ar_track/ar_track_alvar/nodes/FindMarkerBundles.cpp:37[m[K:
[01m[K/opt/ros/galactic/include/rclcpp/duration.hpp:46:12:[m[K [01;36m[Knote: [m[Kdeclared here
   46 |   explicit [01;36m[KDuration[m[K(rcl_duration_value_t nanoseconds);
      |            [01;36m[K^~~~~~~~[m[K
[01m[K/home/wheeltec/wheeltec_ros2/src/ar_track/ar_track_alvar/nodes/FindMarkerBundles.cpp:[m[K In member function ‘[01m[Kvoid FindMarkerBundles::makeMarkerMsgs(int, int, alvar::Pose&, sensor_msgs::msg::Image, geometry_msgs::msg::TransformStamped&, visualization_msgs::msg::Marker*, ar_track_alvar_msgs::msg::AlvarMarker*, int)[m[K’:
[01m[K/home/wheeltec/wheeltec_ros2/src/ar_track/ar_track_alvar/nodes/FindMarkerBundles.cpp:718:49:[m[K [01;35m[Kwarning: [m[K‘[01m[Krclcpp::Duration::Duration(rcl_duration_value_t)[m[K’ is deprecated: Use Duration::from_nanoseconds instead or std::chrono_literals. For example:rclcpp::Duration::from_nanoseconds(int64_variable);rclcpp::Duration(0ns); [[01;35m[K-Wdeprecated-declarations[m[K]
  718 |     rvizMarker->lifetime = rclcpp::Duration (0.1[01;35m[K)[m[K;
      |                                                 [01;35m[K^[m[K
In file included from [01m[K/opt/ros/galactic/include/rclcpp/qos.hpp:20[m[K,
                 from [01m[K/opt/ros/galactic/include/rclcpp/node_interfaces/node_graph_interface.hpp:31[m[K,
                 from [01m[K/opt/ros/galactic/include/rclcpp/client.hpp:34[m[K,
                 from [01m[K/opt/ros/galactic/include/rclcpp/callback_group.hpp:23[m[K,
                 from [01m[K/opt/ros/galactic/include/rclcpp/any_executable.hpp:20[m[K,
                 from [01m[K/opt/ros/galactic/include/rclcpp/memory_strategy.hpp:25[m[K,
                 from [01m[K/opt/ros/galactic/include/rclcpp/memory_strategies.hpp:18[m[K,
                 from [01m[K/opt/ros/galactic/include/rclcpp/executor_options.hpp:20[m[K,
                 from [01m[K/opt/ros/galactic/include/rclcpp/executor.hpp:36[m[K,
                 from [01m[K/opt/ros/galactic/include/rclcpp/executors/multi_threaded_executor.hpp:26[m[K,
                 from [01m[K/opt/ros/galactic/include/rclcpp/executors.hpp:21[m[K,
                 from [01m[K/opt/ros/galactic/include/rclcpp/rclcpp.hpp:156[m[K,
                 from [01m[K/home/wheeltec/wheeltec_ros2/src/ar_track/ar_track_alvar/include/ar_track_alvar/Camera.h:40[m[K,
                 from [01m[K/home/wheeltec/wheeltec_ros2/src/ar_track/ar_track_alvar/include/ar_track_alvar/ConnectedComponents.h:36[m[K,
                 from [01m[K/home/wheeltec/wheeltec_ros2/src/ar_track/ar_track_alvar/include/ar_track_alvar/MarkerDetector.h:35[m[K,
                 from [01m[K/home/wheeltec/wheeltec_ros2/src/ar_track/ar_track_alvar/nodes/FindMarkerBundles.cpp:37[m[K:
[01m[K/opt/ros/galactic/include/rclcpp/duration.hpp:46:12:[m[K [01;36m[Knote: [m[Kdeclared here
   46 |   explicit [01;36m[KDuration[m[K(rcl_duration_value_t nanoseconds);
      |            [01;36m[K^~~~~~~~[m[K
[100%] [32m[1mLinking CXX executable findMarkerBundles[0m
[100%] Built target findMarkerBundles
-- Install configuration: ""
-- Installing: /home/wheeltec/wheeltec_ros2/install/ar_track_alvar/share/ar_track_alvar/environment/library_path.sh
-- Installing: /home/wheeltec/wheeltec_ros2/install/ar_track_alvar/share/ar_track_alvar/environment/library_path.dsv
-- Installing: /home/wheeltec/wheeltec_ros2/install/ar_track_alvar/lib/libar_track_alvar.a
-- Installing: /home/wheeltec/wheeltec_ros2/install/ar_track_alvar/lib/ar_track_alvar/individualMarkers
-- Set runtime path of "/home/wheeltec/wheeltec_ros2/install/ar_track_alvar/lib/ar_track_alvar/individualMarkers" to ""
-- Installing: /home/wheeltec/wheeltec_ros2/install/ar_track_alvar/lib/ar_track_alvar/individualMarkersNoKinect
-- Set runtime path of "/home/wheeltec/wheeltec_ros2/install/ar_track_alvar/lib/ar_track_alvar/individualMarkersNoKinect" to ""
-- Installing: /home/wheeltec/wheeltec_ros2/install/ar_track_alvar/lib/ar_track_alvar/trainMarkerBundle
-- Set runtime path of "/home/wheeltec/wheeltec_ros2/install/ar_track_alvar/lib/ar_track_alvar/trainMarkerBundle" to ""
-- Installing: /home/wheeltec/wheeltec_ros2/install/ar_track_alvar/lib/ar_track_alvar/findMarkerBundles
-- Set runtime path of "/home/wheeltec/wheeltec_ros2/install/ar_track_alvar/lib/ar_track_alvar/findMarkerBundles" to ""
-- Installing: /home/wheeltec/wheeltec_ros2/install/ar_track_alvar/lib/ar_track_alvar/findMarkerBundlesNoKinect
-- Set runtime path of "/home/wheeltec/wheeltec_ros2/install/ar_track_alvar/lib/ar_track_alvar/findMarkerBundlesNoKinect" to ""
-- Installing: /home/wheeltec/wheeltec_ros2/install/ar_track_alvar/lib/ar_track_alvar/createMarker
-- Set runtime path of "/home/wheeltec/wheeltec_ros2/install/ar_track_alvar/lib/ar_track_alvar/createMarker" to ""
-- Installing: /home/wheeltec/wheeltec_ros2/install/ar_track_alvar/lib/libkinect_filtering.a
-- Installing: /home/wheeltec/wheeltec_ros2/install/ar_track_alvar/lib/libmedianFilter.a
-- Installing: /home/wheeltec/wheeltec_ros2/install/ar_track_alvar/include/ar_track_alvar
-- Installing: /home/wheeltec/wheeltec_ros2/install/ar_track_alvar/include/ar_track_alvar/Draw.h
-- Installing: /home/wheeltec/wheeltec_ros2/install/ar_track_alvar/include/ar_track_alvar/MultiMarker.h
-- Installing: /home/wheeltec/wheeltec_ros2/install/ar_track_alvar/include/ar_track_alvar/Ransac.h
-- Installing: /home/wheeltec/wheeltec_ros2/install/ar_track_alvar/include/ar_track_alvar/TrackerStat.h
-- Installing: /home/wheeltec/wheeltec_ros2/install/ar_track_alvar/include/ar_track_alvar/filter
-- Installing: /home/wheeltec/wheeltec_ros2/install/ar_track_alvar/include/ar_track_alvar/filter/kinect_filtering.h
-- Installing: /home/wheeltec/wheeltec_ros2/install/ar_track_alvar/include/ar_track_alvar/filter/medianFilter.h
-- Installing: /home/wheeltec/wheeltec_ros2/install/ar_track_alvar/include/ar_track_alvar/FileFormat.h
-- Installing: /home/wheeltec/wheeltec_ros2/install/ar_track_alvar/include/ar_track_alvar/CaptureFactory.h
-- Installing: /home/wheeltec/wheeltec_ros2/install/ar_track_alvar/include/ar_track_alvar/Container3d.h
-- Installing: /home/wheeltec/wheeltec_ros2/install/ar_track_alvar/include/ar_track_alvar/Lock.h
-- Installing: /home/wheeltec/wheeltec_ros2/install/ar_track_alvar/include/ar_track_alvar/TrackerFeatures.h
-- Installing: /home/wheeltec/wheeltec_ros2/install/ar_track_alvar/include/ar_track_alvar/Plugin_private.h
-- Installing: /home/wheeltec/wheeltec_ros2/install/ar_track_alvar/include/ar_track_alvar/Line.h
-- Installing: /home/wheeltec/wheeltec_ros2/install/ar_track_alvar/include/ar_track_alvar/TrackerPsa.h
-- Installing: /home/wheeltec/wheeltec_ros2/install/ar_track_alvar/include/ar_track_alvar/Uncopyable.h
-- Installing: /home/wheeltec/wheeltec_ros2/install/ar_track_alvar/include/ar_track_alvar/TrifocalTensor.h
-- Installing: /home/wheeltec/wheeltec_ros2/install/ar_track_alvar/include/ar_track_alvar/Kalman.h
-- Installing: /home/wheeltec/wheeltec_ros2/install/ar_track_alvar/include/ar_track_alvar/Timer.h
-- Installing: /home/wheeltec/wheeltec_ros2/install/ar_track_alvar/include/ar_track_alvar/DirectoryIterator.h
-- Installing: /home/wheeltec/wheeltec_ros2/install/ar_track_alvar/include/ar_track_alvar/Capture.h
-- Installing: /home/wheeltec/wheeltec_ros2/install/ar_track_alvar/include/ar_track_alvar/UnscentedKalman.h
-- Installing: /home/wheeltec/wheeltec_ros2/install/ar_track_alvar/include/ar_track_alvar/IntegralImage.h
-- Installing: /home/wheeltec/wheeltec_ros2/install/ar_track_alvar/include/ar_track_alvar/Camera.h
-- Installing: /home/wheeltec/wheeltec_ros2/install/ar_track_alvar/include/ar_track_alvar/Mutex.h
-- Installing: /home/wheeltec/wheeltec_ros2/install/ar_track_alvar/include/ar_track_alvar/Tracker.h
-- Installing: /home/wheeltec/wheeltec_ros2/install/ar_track_alvar/include/ar_track_alvar/GlutViewer.h
-- Installing: /home/wheeltec/wheeltec_ros2/install/ar_track_alvar/include/ar_track_alvar/CaptureFactory_private.h
-- Installing: /home/wheeltec/wheeltec_ros2/install/ar_track_alvar/include/ar_track_alvar/CaptureDevice.h
-- Installing: /home/wheeltec/wheeltec_ros2/install/ar_track_alvar/include/ar_track_alvar/Plugin.h
-- Installing: /home/wheeltec/wheeltec_ros2/install/ar_track_alvar/include/ar_track_alvar/Filter.h
-- Installing: /home/wheeltec/wheeltec_ros2/install/ar_track_alvar/include/ar_track_alvar/Threads_private.h
-- Installing: /home/wheeltec/wheeltec_ros2/install/ar_track_alvar/include/ar_track_alvar/AlvarException.h
-- Installing: /home/wheeltec/wheeltec_ros2/install/ar_track_alvar/include/ar_track_alvar/Rotation.h
-- Installing: /home/wheeltec/wheeltec_ros2/install/ar_track_alvar/include/ar_track_alvar/EC.h
-- Installing: /home/wheeltec/wheeltec_ros2/install/ar_track_alvar/include/ar_track_alvar/Optimization.h
-- Installing: /home/wheeltec/wheeltec_ros2/install/ar_track_alvar/include/ar_track_alvar/FernImageDetector.h
-- Installing: /home/wheeltec/wheeltec_ros2/install/ar_track_alvar/include/ar_track_alvar/CvTestbed.h
-- Installing: /home/wheeltec/wheeltec_ros2/install/ar_track_alvar/include/ar_track_alvar/Threads.h
-- Installing: /home/wheeltec/wheeltec_ros2/install/ar_track_alvar/include/ar_track_alvar/Mutex_private.h
-- Installing: /home/wheeltec/wheeltec_ros2/install/ar_track_alvar/include/ar_track_alvar/MultiMarkerInitializer.h
-- Installing: /home/wheeltec/wheeltec_ros2/install/ar_track_alvar/include/ar_track_alvar/Shared.h
-- Installing: /home/wheeltec/wheeltec_ros2/install/ar_track_alvar/include/ar_track_alvar/Pose.h
-- Installing: /home/wheeltec/wheeltec_ros2/install/ar_track_alvar/include/ar_track_alvar/CapturePlugin.h
-- Installing: /home/wheeltec/wheeltec_ros2/install/ar_track_alvar/include/ar_track_alvar/FernPoseEstimator.h
-- Installing: /home/wheeltec/wheeltec_ros2/install/ar_track_alvar/include/ar_track_alvar/Platform.h
-- Installing: /home/wheeltec/wheeltec_ros2/install/ar_track_alvar/include/ar_track_alvar/MultiMarkerFiltered.h
-- Installing: /home/wheeltec/wheeltec_ros2/install/ar_track_alvar/include/ar_track_alvar/DirectoryIterator_private.h
-- Installing: /home/wheeltec/wheeltec_ros2/install/ar_track_alvar/include/ar_track_alvar/Bitset.h
-- Installing: /home/wheeltec/wheeltec_ros2/install/ar_track_alvar/include/ar_track_alvar/MultiMarkerBundle.h
-- Installing: /home/wheeltec/wheeltec_ros2/install/ar_track_alvar/include/ar_track_alvar/SfM.h
-- Installing: /home/wheeltec/wheeltec_ros2/install/ar_track_alvar/include/ar_track_alvar/Timer_private.h
-- Installing: /home/wheeltec/wheeltec_ros2/install/ar_track_alvar/include/ar_track_alvar/Marker.h
-- Installing: /home/wheeltec/wheeltec_ros2/install/ar_track_alvar/include/ar_track_alvar/Util.h
-- Installing: /home/wheeltec/wheeltec_ros2/install/ar_track_alvar/include/ar_track_alvar/FileFormatUtils.h
-- Installing: /home/wheeltec/wheeltec_ros2/install/ar_track_alvar/include/ar_track_alvar/MarkerDetector.h
-- Installing: /home/wheeltec/wheeltec_ros2/install/ar_track_alvar/include/ar_track_alvar/ConnectedComponents.h
-- Installing: /home/wheeltec/wheeltec_ros2/install/ar_track_alvar/include/ar_track_alvar/TrackerOrientation.h
-- Installing: /home/wheeltec/wheeltec_ros2/install/ar_track_alvar/include/ar_track_alvar/Alvar.h
-- Installing: /home/wheeltec/wheeltec_ros2/install/ar_track_alvar/share/ar_track_alvar/launch
-- Installing: /home/wheeltec/wheeltec_ros2/install/ar_track_alvar/share/ar_track_alvar/launch/pr2_train.py
-- Installing: /home/wheeltec/wheeltec_ros2/install/ar_track_alvar/share/ar_track_alvar/launch/pr2_indiv_no_kinect.launch.py
-- Installing: /home/wheeltec/wheeltec_ros2/install/ar_track_alvar/share/ar_track_alvar/launch/pr2_indiv.py
-- Installing: /home/wheeltec/wheeltec_ros2/install/ar_track_alvar/share/ar_track_alvar/launch/pr2_bundle_no_kinect_testing.py
-- Installing: /home/wheeltec/wheeltec_ros2/install/ar_track_alvar/share/ar_track_alvar/launch/pr2_bundle_no_kinect.launch.py
-- Installing: /home/wheeltec/wheeltec_ros2/install/ar_track_alvar/share/ar_track_alvar/launch/pr2_bundle.py
-- Installing: /home/wheeltec/wheeltec_ros2/install/ar_track_alvar/share/ar_track_alvar/bundles
-- Installing: /home/wheeltec/wheeltec_ros2/install/ar_track_alvar/share/ar_track_alvar/bundles/truthTableLeg.xml
-- Installing: /home/wheeltec/wheeltec_ros2/install/ar_track_alvar/share/ar_track_alvar/bundles/tags8and9.xml
-- Installing: /home/wheeltec/wheeltec_ros2/install/ar_track_alvar/share/ar_track_alvar/bundles/table_8_9_10.xml
-- Installing: /home/wheeltec/wheeltec_ros2/install/ar_track_alvar/share/ament_index/resource_index/package_run_dependencies/ar_track_alvar
-- Installing: /home/wheeltec/wheeltec_ros2/install/ar_track_alvar/share/ament_index/resource_index/parent_prefix_path/ar_track_alvar
-- Installing: /home/wheeltec/wheeltec_ros2/install/ar_track_alvar/share/ar_track_alvar/environment/ament_prefix_path.sh
-- Installing: /home/wheeltec/wheeltec_ros2/install/ar_track_alvar/share/ar_track_alvar/environment/ament_prefix_path.dsv
-- Installing: /home/wheeltec/wheeltec_ros2/install/ar_track_alvar/share/ar_track_alvar/environment/path.sh
-- Installing: /home/wheeltec/wheeltec_ros2/install/ar_track_alvar/share/ar_track_alvar/environment/path.dsv
-- Installing: /home/wheeltec/wheeltec_ros2/install/ar_track_alvar/share/ar_track_alvar/local_setup.bash
-- Installing: /home/wheeltec/wheeltec_ros2/install/ar_track_alvar/share/ar_track_alvar/local_setup.sh
-- Installing: /home/wheeltec/wheeltec_ros2/install/ar_track_alvar/share/ar_track_alvar/local_setup.zsh
-- Installing: /home/wheeltec/wheeltec_ros2/install/ar_track_alvar/share/ar_track_alvar/local_setup.dsv
-- Installing: /home/wheeltec/wheeltec_ros2/install/ar_track_alvar/share/ar_track_alvar/package.dsv
-- Installing: /home/wheeltec/wheeltec_ros2/install/ar_track_alvar/share/ament_index/resource_index/packages/ar_track_alvar
-- Installing: /home/wheeltec/wheeltec_ros2/install/ar_track_alvar/share/ar_track_alvar/cmake/ament_cmake_export_include_directories-extras.cmake
-- Installing: /home/wheeltec/wheeltec_ros2/install/ar_track_alvar/share/ar_track_alvar/cmake/ament_cmake_export_libraries-extras.cmake
-- Installing: /home/wheeltec/wheeltec_ros2/install/ar_track_alvar/share/ar_track_alvar/cmake/ament_cmake_export_dependencies-extras.cmake
-- Installing: /home/wheeltec/wheeltec_ros2/install/ar_track_alvar/share/ar_track_alvar/cmake/ar_track_alvarConfig.cmake
-- Installing: /home/wheeltec/wheeltec_ros2/install/ar_track_alvar/share/ar_track_alvar/cmake/ar_track_alvarConfig-version.cmake
-- Installing: /home/wheeltec/wheeltec_ros2/install/ar_track_alvar/share/ar_track_alvar/package.xml
