[0.227s] Invoking command in '/home/wheeltec/wheeltec_ros2/build/turn_on_wheeltec_robot': CMAKE_PREFIX_PATH=/home/wheeltec/wheeltec_ros2/install/nav2_msgs:/home/wheeltec/wheeltec_ros2/install/wheeltec_robot_msg:/home/wheeltec/wheeltec_ros2/install/serial:/home/wheeltec/wheeltec_ros2/install/ackermann_msgs:/home/wheeltec/wheeltec_ros2/install/wheeltec_rrt_msg:/home/wheeltec/wheeltec_ros2/install/turn_on_wheeltec_robot:/home/wheeltec/wheeltec_ros2/install/wheeltec_joy:/home/wheeltec/wheeltec_ros2/install/wheeltec_cartographer:/home/wheeltec/wheeltec_ros2/install/web_video_server:/home/wheeltec/wheeltec_ros2/install/usb_cam:/home/wheeltec/wheeltec_ros2/install/rplidar_ros2:/home/wheeltec/wheeltec_ros2/install/perception_pcl:/home/wheeltec/wheeltec_ros2/install/pcl_ros:/home/wheeltec/wheeltec_ros2/install/pcl_conversions:/home/wheeltec/wheeltec_ros2/install/openslam_gmapping:/home/wheeltec/wheeltec_ros2/install/nav_2d_utils:/home/wheeltec/wheeltec_ros2/install/dwb_msgs:/home/wheeltec/wheeltec_ros2/install/nav_2d_msgs:/home/wheeltec/wheeltec_ros2/install/nav2_voxel_grid:/home/wheeltec/wheeltec_ros2/install/nav2_lifecycle_manager:/home/wheeltec/wheeltec_ros2/install/nav2_amcl:/home/wheeltec/wheeltec_ros2/install/nav2_util:/home/wheeltec/wheeltec_ros2/install/nav2_common:/home/wheeltec/wheeltec_ros2/install/lsn10:/home/wheeltec/wheeltec_ros2/install/lsm10_v2:/home/wheeltec/wheeltec_ros2/install/lidar_ros2:/home/wheeltec/wheeltec_ros2/install/ldlidar_stl_ros2:/home/wheeltec/wheeltec_ros2/install/ldlidar_sl_ros2:/home/wheeltec/wheeltec_ros2/install/astra_msgs:/home/wheeltec/wheeltec_ros2/install/ar_track_alvar_msgs:/home/wheeltec/wheeltec_ros2/install/wheeltec_robot_keyboard:/home/wheeltec/wheeltec_ros2/install/tf2_tools:/home/wheeltec/wheeltec_ros2/install/nav2_gazebo_spawner:/opt/ros/galactic LD_LIBRARY_PATH=/home/wheeltec/wheeltec_ros2/install/nav2_msgs/lib:/home/wheeltec/wheeltec_ros2/install/wheeltec_robot_msg/lib:/home/wheeltec/wheeltec_ros2/install/ackermann_msgs/lib:/home/wheeltec/wheeltec_ros2/install/wheeltec_rrt_msg/lib:/home/wheeltec/wheeltec_ros2/install/turn_on_wheeltec_robot/lib:/home/wheeltec/wheeltec_ros2/install/usb_cam/lib:/home/wheeltec/wheeltec_ros2/install/serial/lib:/home/wheeltec/wheeltec_ros2/install/pcl_ros/lib:/home/wheeltec/wheeltec_ros2/install/openslam_gmapping/lib:/home/wheeltec/wheeltec_ros2/install/nav_2d_utils/lib:/home/wheeltec/wheeltec_ros2/install/dwb_msgs/lib:/home/wheeltec/wheeltec_ros2/install/nav_2d_msgs/lib:/home/wheeltec/wheeltec_ros2/install/nav2_voxel_grid/lib:/home/wheeltec/wheeltec_ros2/install/nav2_lifecycle_manager/lib:/home/wheeltec/wheeltec_ros2/install/nav2_amcl/lib:/home/wheeltec/wheeltec_ros2/install/nav2_util/lib:/home/wheeltec/wheeltec_ros2/install/lsm10_v2/lib:/home/wheeltec/wheeltec_ros2/install/astra_msgs/lib:/home/wheeltec/wheeltec_ros2/install/ar_track_alvar_msgs/lib:/usr/local/cuda-10.2/lib64:/opt/ros/galactic/opt/yaml_cpp_vendor/lib:/opt/ros/galactic/opt/rviz_ogre_vendor/lib:/opt/ros/galactic/lib/aarch64-linux-gnu:/opt/ros/galactic/lib:/usr/local/cuda-10.2/lib64 PYTHONPATH=/home/wheeltec/wheeltec_ros2/install/nav2_msgs/lib/python3.8/site-packages:/home/wheeltec/wheeltec_ros2/install/wheeltec_robot_msg/lib/python3.8/site-packages:/home/wheeltec/wheeltec_ros2/install/ackermann_msgs/lib/python3.8/site-packages:/home/wheeltec/wheeltec_ros2/install/wheeltec_rrt_msg/lib/python3.8/site-packages:/home/wheeltec/wheeltec_ros2/install/turn_on_wheeltec_robot/lib/python3.8/site-packages:/home/wheeltec/wheeltec_ros2/install/wheeltec_robot_keyboard/lib/python3.8/site-packages:/home/wheeltec/wheeltec_ros2/install/tf2_tools/lib/python3.8/site-packages:/home/wheeltec/wheeltec_ros2/install/dwb_msgs/lib/python3.8/site-packages:/home/wheeltec/wheeltec_ros2/install/nav_2d_msgs/lib/python3.8/site-packages:/home/wheeltec/wheeltec_ros2/install/nav2_gazebo_spawner/lib/python3.8/site-packages:/home/wheeltec/wheeltec_ros2/install/nav2_common/lib/python3.8/site-packages:/home/wheeltec/wheeltec_ros2/install/lsm10_v2/lib/python3.8/site-packages:/home/wheeltec/wheeltec_ros2/install/astra_msgs/lib/python3.8/site-packages:/home/wheeltec/wheeltec_ros2/install/ar_track_alvar_msgs/lib/python3.8/site-packages:/opt/ros/galactic/lib/python3.8/site-packages /usr/bin/cmake --build /home/wheeltec/wheeltec_ros2/build/turn_on_wheeltec_robot -- -j4 -l4
[0.619s] [  5%] Built target parameter_node
[0.628s] [  8%] Built target turn_on_wheeltec_robot__cpp
[0.668s] [ 16%] Built target turn_on_wheeltec_robot__rosidl_generator_c
[0.815s] [ 25%] Built target turn_on_wheeltec_robot__rosidl_typesupport_cpp
[0.822s] [ 33%] Built target turn_on_wheeltec_robot__rosidl_typesupport_introspection_cpp
[0.852s] [ 41%] Built target wheeltec_robot_node
[0.959s] [ 50%] Built target turn_on_wheeltec_robot__rosidl_typesupport_c
[1.004s] [ 58%] Built target turn_on_wheeltec_robot__rosidl_typesupport_introspection_c
[1.028s] [ 66%] Built target turn_on_wheeltec_robot__rosidl_typesupport_fastrtps_cpp
[1.169s] [ 75%] Built target turn_on_wheeltec_robot__rosidl_typesupport_fastrtps_c
[1.254s] [ 75%] Built target turn_on_wheeltec_robot
[1.357s] [ 77%] Built target turn_on_wheeltec_robot__py
[1.499s] [ 83%] Built target turn_on_wheeltec_robot__python
[1.631s] [ 88%] Built target turn_on_wheeltec_robot__rosidl_typesupport_introspection_c__pyext
[1.632s] [ 94%] Built target turn_on_wheeltec_robot__rosidl_typesupport_fastrtps_c__pyext
[1.652s] [100%] Built target turn_on_wheeltec_robot__rosidl_typesupport_c__pyext
[1.946s] Invoked command in '/home/wheeltec/wheeltec_ros2/build/turn_on_wheeltec_robot' returned '0': CMAKE_PREFIX_PATH=/home/wheeltec/wheeltec_ros2/install/nav2_msgs:/home/wheeltec/wheeltec_ros2/install/wheeltec_robot_msg:/home/wheeltec/wheeltec_ros2/install/serial:/home/wheeltec/wheeltec_ros2/install/ackermann_msgs:/home/wheeltec/wheeltec_ros2/install/wheeltec_rrt_msg:/home/wheeltec/wheeltec_ros2/install/turn_on_wheeltec_robot:/home/wheeltec/wheeltec_ros2/install/wheeltec_joy:/home/wheeltec/wheeltec_ros2/install/wheeltec_cartographer:/home/wheeltec/wheeltec_ros2/install/web_video_server:/home/wheeltec/wheeltec_ros2/install/usb_cam:/home/wheeltec/wheeltec_ros2/install/rplidar_ros2:/home/wheeltec/wheeltec_ros2/install/perception_pcl:/home/wheeltec/wheeltec_ros2/install/pcl_ros:/home/wheeltec/wheeltec_ros2/install/pcl_conversions:/home/wheeltec/wheeltec_ros2/install/openslam_gmapping:/home/wheeltec/wheeltec_ros2/install/nav_2d_utils:/home/wheeltec/wheeltec_ros2/install/dwb_msgs:/home/wheeltec/wheeltec_ros2/install/nav_2d_msgs:/home/wheeltec/wheeltec_ros2/install/nav2_voxel_grid:/home/wheeltec/wheeltec_ros2/install/nav2_lifecycle_manager:/home/wheeltec/wheeltec_ros2/install/nav2_amcl:/home/wheeltec/wheeltec_ros2/install/nav2_util:/home/wheeltec/wheeltec_ros2/install/nav2_common:/home/wheeltec/wheeltec_ros2/install/lsn10:/home/wheeltec/wheeltec_ros2/install/lsm10_v2:/home/wheeltec/wheeltec_ros2/install/lidar_ros2:/home/wheeltec/wheeltec_ros2/install/ldlidar_stl_ros2:/home/wheeltec/wheeltec_ros2/install/ldlidar_sl_ros2:/home/wheeltec/wheeltec_ros2/install/astra_msgs:/home/wheeltec/wheeltec_ros2/install/ar_track_alvar_msgs:/home/wheeltec/wheeltec_ros2/install/wheeltec_robot_keyboard:/home/wheeltec/wheeltec_ros2/install/tf2_tools:/home/wheeltec/wheeltec_ros2/install/nav2_gazebo_spawner:/opt/ros/galactic LD_LIBRARY_PATH=/home/wheeltec/wheeltec_ros2/install/nav2_msgs/lib:/home/wheeltec/wheeltec_ros2/install/wheeltec_robot_msg/lib:/home/wheeltec/wheeltec_ros2/install/ackermann_msgs/lib:/home/wheeltec/wheeltec_ros2/install/wheeltec_rrt_msg/lib:/home/wheeltec/wheeltec_ros2/install/turn_on_wheeltec_robot/lib:/home/wheeltec/wheeltec_ros2/install/usb_cam/lib:/home/wheeltec/wheeltec_ros2/install/serial/lib:/home/wheeltec/wheeltec_ros2/install/pcl_ros/lib:/home/wheeltec/wheeltec_ros2/install/openslam_gmapping/lib:/home/wheeltec/wheeltec_ros2/install/nav_2d_utils/lib:/home/wheeltec/wheeltec_ros2/install/dwb_msgs/lib:/home/wheeltec/wheeltec_ros2/install/nav_2d_msgs/lib:/home/wheeltec/wheeltec_ros2/install/nav2_voxel_grid/lib:/home/wheeltec/wheeltec_ros2/install/nav2_lifecycle_manager/lib:/home/wheeltec/wheeltec_ros2/install/nav2_amcl/lib:/home/wheeltec/wheeltec_ros2/install/nav2_util/lib:/home/wheeltec/wheeltec_ros2/install/lsm10_v2/lib:/home/wheeltec/wheeltec_ros2/install/astra_msgs/lib:/home/wheeltec/wheeltec_ros2/install/ar_track_alvar_msgs/lib:/usr/local/cuda-10.2/lib64:/opt/ros/galactic/opt/yaml_cpp_vendor/lib:/opt/ros/galactic/opt/rviz_ogre_vendor/lib:/opt/ros/galactic/lib/aarch64-linux-gnu:/opt/ros/galactic/lib:/usr/local/cuda-10.2/lib64 PYTHONPATH=/home/wheeltec/wheeltec_ros2/install/nav2_msgs/lib/python3.8/site-packages:/home/wheeltec/wheeltec_ros2/install/wheeltec_robot_msg/lib/python3.8/site-packages:/home/wheeltec/wheeltec_ros2/install/ackermann_msgs/lib/python3.8/site-packages:/home/wheeltec/wheeltec_ros2/install/wheeltec_rrt_msg/lib/python3.8/site-packages:/home/wheeltec/wheeltec_ros2/install/turn_on_wheeltec_robot/lib/python3.8/site-packages:/home/wheeltec/wheeltec_ros2/install/wheeltec_robot_keyboard/lib/python3.8/site-packages:/home/wheeltec/wheeltec_ros2/install/tf2_tools/lib/python3.8/site-packages:/home/wheeltec/wheeltec_ros2/install/dwb_msgs/lib/python3.8/site-packages:/home/wheeltec/wheeltec_ros2/install/nav_2d_msgs/lib/python3.8/site-packages:/home/wheeltec/wheeltec_ros2/install/nav2_gazebo_spawner/lib/python3.8/site-packages:/home/wheeltec/wheeltec_ros2/install/nav2_common/lib/python3.8/site-packages:/home/wheeltec/wheeltec_ros2/install/lsm10_v2/lib/python3.8/site-packages:/home/wheeltec/wheeltec_ros2/install/astra_msgs/lib/python3.8/site-packages:/home/wheeltec/wheeltec_ros2/install/ar_track_alvar_msgs/lib/python3.8/site-packages:/opt/ros/galactic/lib/python3.8/site-packages /usr/bin/cmake --build /home/wheeltec/wheeltec_ros2/build/turn_on_wheeltec_robot -- -j4 -l4
[2.536s] Invoking command in '/home/wheeltec/wheeltec_ros2/build/turn_on_wheeltec_robot': CMAKE_PREFIX_PATH=/home/wheeltec/wheeltec_ros2/install/nav2_msgs:/home/wheeltec/wheeltec_ros2/install/wheeltec_robot_msg:/home/wheeltec/wheeltec_ros2/install/serial:/home/wheeltec/wheeltec_ros2/install/ackermann_msgs:/home/wheeltec/wheeltec_ros2/install/wheeltec_rrt_msg:/home/wheeltec/wheeltec_ros2/install/turn_on_wheeltec_robot:/home/wheeltec/wheeltec_ros2/install/wheeltec_joy:/home/wheeltec/wheeltec_ros2/install/wheeltec_cartographer:/home/wheeltec/wheeltec_ros2/install/web_video_server:/home/wheeltec/wheeltec_ros2/install/usb_cam:/home/wheeltec/wheeltec_ros2/install/rplidar_ros2:/home/wheeltec/wheeltec_ros2/install/perception_pcl:/home/wheeltec/wheeltec_ros2/install/pcl_ros:/home/wheeltec/wheeltec_ros2/install/pcl_conversions:/home/wheeltec/wheeltec_ros2/install/openslam_gmapping:/home/wheeltec/wheeltec_ros2/install/nav_2d_utils:/home/wheeltec/wheeltec_ros2/install/dwb_msgs:/home/wheeltec/wheeltec_ros2/install/nav_2d_msgs:/home/wheeltec/wheeltec_ros2/install/nav2_voxel_grid:/home/wheeltec/wheeltec_ros2/install/nav2_lifecycle_manager:/home/wheeltec/wheeltec_ros2/install/nav2_amcl:/home/wheeltec/wheeltec_ros2/install/nav2_util:/home/wheeltec/wheeltec_ros2/install/nav2_common:/home/wheeltec/wheeltec_ros2/install/lsn10:/home/wheeltec/wheeltec_ros2/install/lsm10_v2:/home/wheeltec/wheeltec_ros2/install/lidar_ros2:/home/wheeltec/wheeltec_ros2/install/ldlidar_stl_ros2:/home/wheeltec/wheeltec_ros2/install/ldlidar_sl_ros2:/home/wheeltec/wheeltec_ros2/install/astra_msgs:/home/wheeltec/wheeltec_ros2/install/ar_track_alvar_msgs:/home/wheeltec/wheeltec_ros2/install/wheeltec_robot_keyboard:/home/wheeltec/wheeltec_ros2/install/tf2_tools:/home/wheeltec/wheeltec_ros2/install/nav2_gazebo_spawner:/opt/ros/galactic LD_LIBRARY_PATH=/home/wheeltec/wheeltec_ros2/install/nav2_msgs/lib:/home/wheeltec/wheeltec_ros2/install/wheeltec_robot_msg/lib:/home/wheeltec/wheeltec_ros2/install/ackermann_msgs/lib:/home/wheeltec/wheeltec_ros2/install/wheeltec_rrt_msg/lib:/home/wheeltec/wheeltec_ros2/install/turn_on_wheeltec_robot/lib:/home/wheeltec/wheeltec_ros2/install/usb_cam/lib:/home/wheeltec/wheeltec_ros2/install/serial/lib:/home/wheeltec/wheeltec_ros2/install/pcl_ros/lib:/home/wheeltec/wheeltec_ros2/install/openslam_gmapping/lib:/home/wheeltec/wheeltec_ros2/install/nav_2d_utils/lib:/home/wheeltec/wheeltec_ros2/install/dwb_msgs/lib:/home/wheeltec/wheeltec_ros2/install/nav_2d_msgs/lib:/home/wheeltec/wheeltec_ros2/install/nav2_voxel_grid/lib:/home/wheeltec/wheeltec_ros2/install/nav2_lifecycle_manager/lib:/home/wheeltec/wheeltec_ros2/install/nav2_amcl/lib:/home/wheeltec/wheeltec_ros2/install/nav2_util/lib:/home/wheeltec/wheeltec_ros2/install/lsm10_v2/lib:/home/wheeltec/wheeltec_ros2/install/astra_msgs/lib:/home/wheeltec/wheeltec_ros2/install/ar_track_alvar_msgs/lib:/usr/local/cuda-10.2/lib64:/opt/ros/galactic/opt/yaml_cpp_vendor/lib:/opt/ros/galactic/opt/rviz_ogre_vendor/lib:/opt/ros/galactic/lib/aarch64-linux-gnu:/opt/ros/galactic/lib:/usr/local/cuda-10.2/lib64 PYTHONPATH=/home/wheeltec/wheeltec_ros2/install/nav2_msgs/lib/python3.8/site-packages:/home/wheeltec/wheeltec_ros2/install/wheeltec_robot_msg/lib/python3.8/site-packages:/home/wheeltec/wheeltec_ros2/install/ackermann_msgs/lib/python3.8/site-packages:/home/wheeltec/wheeltec_ros2/install/wheeltec_rrt_msg/lib/python3.8/site-packages:/home/wheeltec/wheeltec_ros2/install/turn_on_wheeltec_robot/lib/python3.8/site-packages:/home/wheeltec/wheeltec_ros2/install/wheeltec_robot_keyboard/lib/python3.8/site-packages:/home/wheeltec/wheeltec_ros2/install/tf2_tools/lib/python3.8/site-packages:/home/wheeltec/wheeltec_ros2/install/dwb_msgs/lib/python3.8/site-packages:/home/wheeltec/wheeltec_ros2/install/nav_2d_msgs/lib/python3.8/site-packages:/home/wheeltec/wheeltec_ros2/install/nav2_gazebo_spawner/lib/python3.8/site-packages:/home/wheeltec/wheeltec_ros2/install/nav2_common/lib/python3.8/site-packages:/home/wheeltec/wheeltec_ros2/install/lsm10_v2/lib/python3.8/site-packages:/home/wheeltec/wheeltec_ros2/install/astra_msgs/lib/python3.8/site-packages:/home/wheeltec/wheeltec_ros2/install/ar_track_alvar_msgs/lib/python3.8/site-packages:/opt/ros/galactic/lib/python3.8/site-packages /usr/bin/cmake --install /home/wheeltec/wheeltec_ros2/build/turn_on_wheeltec_robot
[2.598s] -- Install configuration: ""
[2.599s] -- Up-to-date: /home/wheeltec/wheeltec_ros2/install/turn_on_wheeltec_robot/share/ament_index/resource_index/rosidl_interfaces/turn_on_wheeltec_robot
[2.602s] -- Up-to-date: /home/wheeltec/wheeltec_ros2/install/turn_on_wheeltec_robot/include/turn_on_wheeltec_robot
[2.603s] -- Up-to-date: /home/wheeltec/wheeltec_ros2/install/turn_on_wheeltec_robot/include/turn_on_wheeltec_robot/msg
[2.603s] -- Up-to-date: /home/wheeltec/wheeltec_ros2/install/turn_on_wheeltec_robot/include/turn_on_wheeltec_robot/msg/detail
[2.605s] -- Up-to-date: /home/wheeltec/wheeltec_ros2/install/turn_on_wheeltec_robot/include/turn_on_wheeltec_robot/msg/detail/position__functions.c
[2.605s] -- Up-to-date: /home/wheeltec/wheeltec_ros2/install/turn_on_wheeltec_robot/include/turn_on_wheeltec_robot/msg/detail/position__struct.h
[2.606s] -- Up-to-date: /home/wheeltec/wheeltec_ros2/install/turn_on_wheeltec_robot/include/turn_on_wheeltec_robot/msg/detail/position__type_support.h
[2.607s] -- Up-to-date: /home/wheeltec/wheeltec_ros2/install/turn_on_wheeltec_robot/include/turn_on_wheeltec_robot/msg/detail/position__functions.h
[2.608s] -- Up-to-date: /home/wheeltec/wheeltec_ros2/install/turn_on_wheeltec_robot/include/turn_on_wheeltec_robot/msg/position.h
[2.608s] -- Up-to-date: /home/wheeltec/wheeltec_ros2/install/turn_on_wheeltec_robot/include/turn_on_wheeltec_robot/msg/rosidl_generator_c__visibility_control.h
[2.609s] -- Up-to-date: /home/wheeltec/wheeltec_ros2/install/turn_on_wheeltec_robot/share/turn_on_wheeltec_robot/environment/library_path.sh
[2.610s] -- Up-to-date: /home/wheeltec/wheeltec_ros2/install/turn_on_wheeltec_robot/share/turn_on_wheeltec_robot/environment/library_path.dsv
[2.610s] -- Up-to-date: /home/wheeltec/wheeltec_ros2/install/turn_on_wheeltec_robot/lib/libturn_on_wheeltec_robot__rosidl_generator_c.so
[2.611s] -- Up-to-date: /home/wheeltec/wheeltec_ros2/install/turn_on_wheeltec_robot/include/turn_on_wheeltec_robot
[2.611s] -- Up-to-date: /home/wheeltec/wheeltec_ros2/install/turn_on_wheeltec_robot/include/turn_on_wheeltec_robot/msg
[2.612s] -- Up-to-date: /home/wheeltec/wheeltec_ros2/install/turn_on_wheeltec_robot/include/turn_on_wheeltec_robot/msg/rosidl_typesupport_fastrtps_c__visibility_control.h
[2.612s] -- Up-to-date: /home/wheeltec/wheeltec_ros2/install/turn_on_wheeltec_robot/include/turn_on_wheeltec_robot/msg/detail
[2.612s] -- Up-to-date: /home/wheeltec/wheeltec_ros2/install/turn_on_wheeltec_robot/include/turn_on_wheeltec_robot/msg/detail/position__rosidl_typesupport_fastrtps_c.h
[2.613s] -- Up-to-date: /home/wheeltec/wheeltec_ros2/install/turn_on_wheeltec_robot/lib/libturn_on_wheeltec_robot__rosidl_typesupport_fastrtps_c.so
[2.616s] -- Up-to-date: /home/wheeltec/wheeltec_ros2/install/turn_on_wheeltec_robot/include/turn_on_wheeltec_robot
[2.616s] -- Up-to-date: /home/wheeltec/wheeltec_ros2/install/turn_on_wheeltec_robot/include/turn_on_wheeltec_robot/msg
[2.623s] -- Up-to-date: /home/wheeltec/wheeltec_ros2/install/turn_on_wheeltec_robot/include/turn_on_wheeltec_robot/msg/detail
[2.624s] -- Up-to-date: /home/wheeltec/wheeltec_ros2/install/turn_on_wheeltec_robot/include/turn_on_wheeltec_robot/msg/detail/dds_fastrtps
[2.624s] -- Up-to-date: /home/wheeltec/wheeltec_ros2/install/turn_on_wheeltec_robot/include/turn_on_wheeltec_robot/msg/detail/position__rosidl_typesupport_fastrtps_cpp.hpp
[2.624s] -- Up-to-date: /home/wheeltec/wheeltec_ros2/install/turn_on_wheeltec_robot/include/turn_on_wheeltec_robot/msg/rosidl_typesupport_fastrtps_cpp__visibility_control.h
[2.625s] -- Up-to-date: /home/wheeltec/wheeltec_ros2/install/turn_on_wheeltec_robot/lib/libturn_on_wheeltec_robot__rosidl_typesupport_fastrtps_cpp.so
[2.626s] -- Up-to-date: /home/wheeltec/wheeltec_ros2/install/turn_on_wheeltec_robot/include/turn_on_wheeltec_robot
[2.630s] -- Up-to-date: /home/wheeltec/wheeltec_ros2/install/turn_on_wheeltec_robot/include/turn_on_wheeltec_robot/msg
[2.631s] -- Up-to-date: /home/wheeltec/wheeltec_ros2/install/turn_on_wheeltec_robot/include/turn_on_wheeltec_robot/msg/rosidl_typesupport_introspection_c__visibility_control.h
[2.631s] -- Up-to-date: /home/wheeltec/wheeltec_ros2/install/turn_on_wheeltec_robot/include/turn_on_wheeltec_robot/msg/detail
[2.632s] -- Up-to-date: /home/wheeltec/wheeltec_ros2/install/turn_on_wheeltec_robot/include/turn_on_wheeltec_robot/msg/detail/position__rosidl_typesupport_introspection_c.h
[2.632s] -- Up-to-date: /home/wheeltec/wheeltec_ros2/install/turn_on_wheeltec_robot/include/turn_on_wheeltec_robot/msg/detail/position__type_support.c
[2.632s] -- Up-to-date: /home/wheeltec/wheeltec_ros2/install/turn_on_wheeltec_robot/lib/libturn_on_wheeltec_robot__rosidl_typesupport_introspection_c.so
[2.634s] -- Up-to-date: /home/wheeltec/wheeltec_ros2/install/turn_on_wheeltec_robot/lib/libturn_on_wheeltec_robot__rosidl_typesupport_c.so
[2.635s] -- Up-to-date: /home/wheeltec/wheeltec_ros2/install/turn_on_wheeltec_robot/include/turn_on_wheeltec_robot
[2.635s] -- Up-to-date: /home/wheeltec/wheeltec_ros2/install/turn_on_wheeltec_robot/include/turn_on_wheeltec_robot/msg
[2.635s] -- Up-to-date: /home/wheeltec/wheeltec_ros2/install/turn_on_wheeltec_robot/include/turn_on_wheeltec_robot/msg/detail
[2.636s] -- Up-to-date: /home/wheeltec/wheeltec_ros2/install/turn_on_wheeltec_robot/include/turn_on_wheeltec_robot/msg/detail/position__builder.hpp
[2.636s] -- Up-to-date: /home/wheeltec/wheeltec_ros2/install/turn_on_wheeltec_robot/include/turn_on_wheeltec_robot/msg/detail/position__traits.hpp
[2.636s] -- Up-to-date: /home/wheeltec/wheeltec_ros2/install/turn_on_wheeltec_robot/include/turn_on_wheeltec_robot/msg/detail/position__struct.hpp
[2.637s] -- Up-to-date: /home/wheeltec/wheeltec_ros2/install/turn_on_wheeltec_robot/include/turn_on_wheeltec_robot/msg/position.hpp
[2.637s] -- Up-to-date: /home/wheeltec/wheeltec_ros2/install/turn_on_wheeltec_robot/include/turn_on_wheeltec_robot
[2.648s] -- Up-to-date: /home/wheeltec/wheeltec_ros2/install/turn_on_wheeltec_robot/include/turn_on_wheeltec_robot/msg
[2.649s] -- Up-to-date: /home/wheeltec/wheeltec_ros2/install/turn_on_wheeltec_robot/include/turn_on_wheeltec_robot/msg/detail
[2.649s] -- Up-to-date: /home/wheeltec/wheeltec_ros2/install/turn_on_wheeltec_robot/include/turn_on_wheeltec_robot/msg/detail/position__rosidl_typesupport_introspection_cpp.hpp
[2.650s] -- Up-to-date: /home/wheeltec/wheeltec_ros2/install/turn_on_wheeltec_robot/include/turn_on_wheeltec_robot/msg/detail/position__type_support.cpp
[2.650s] -- Up-to-date: /home/wheeltec/wheeltec_ros2/install/turn_on_wheeltec_robot/lib/libturn_on_wheeltec_robot__rosidl_typesupport_introspection_cpp.so
[2.650s] -- Up-to-date: /home/wheeltec/wheeltec_ros2/install/turn_on_wheeltec_robot/lib/libturn_on_wheeltec_robot__rosidl_typesupport_cpp.so
[2.651s] -- Up-to-date: /home/wheeltec/wheeltec_ros2/install/turn_on_wheeltec_robot/share/turn_on_wheeltec_robot/environment/pythonpath.sh
[2.651s] -- Up-to-date: /home/wheeltec/wheeltec_ros2/install/turn_on_wheeltec_robot/share/turn_on_wheeltec_robot/environment/pythonpath.dsv
[2.651s] -- Up-to-date: /home/wheeltec/wheeltec_ros2/install/turn_on_wheeltec_robot/lib/python3.8/site-packages/turn_on_wheeltec_robot/__init__.py
[2.955s] -- Up-to-date: /home/wheeltec/wheeltec_ros2/install/turn_on_wheeltec_robot/lib/python3.8/site-packages/turn_on_wheeltec_robot/msg
[2.956s] -- Up-to-date: /home/wheeltec/wheeltec_ros2/install/turn_on_wheeltec_robot/lib/python3.8/site-packages/turn_on_wheeltec_robot/msg/_position_s.c
[2.957s] -- Up-to-date: /home/wheeltec/wheeltec_ros2/install/turn_on_wheeltec_robot/lib/python3.8/site-packages/turn_on_wheeltec_robot/msg/__init__.py
[2.957s] -- Up-to-date: /home/wheeltec/wheeltec_ros2/install/turn_on_wheeltec_robot/lib/python3.8/site-packages/turn_on_wheeltec_robot/msg/_position.py
[2.960s] -- Up-to-date: /home/wheeltec/wheeltec_ros2/install/turn_on_wheeltec_robot/lib/python3.8/site-packages/turn_on_wheeltec_robot/turn_on_wheeltec_robot_s__rosidl_typesupport_fastrtps_c.cpython-38-aarch64-linux-gnu.so
[2.964s] -- Up-to-date: /home/wheeltec/wheeltec_ros2/install/turn_on_wheeltec_robot/lib/python3.8/site-packages/turn_on_wheeltec_robot/turn_on_wheeltec_robot_s__rosidl_typesupport_introspection_c.cpython-38-aarch64-linux-gnu.so
[2.968s] -- Up-to-date: /home/wheeltec/wheeltec_ros2/install/turn_on_wheeltec_robot/lib/python3.8/site-packages/turn_on_wheeltec_robot/turn_on_wheeltec_robot_s__rosidl_typesupport_c.cpython-38-aarch64-linux-gnu.so
[2.970s] -- Up-to-date: /home/wheeltec/wheeltec_ros2/install/turn_on_wheeltec_robot/lib/libturn_on_wheeltec_robot__python.so
[2.972s] -- Up-to-date: /home/wheeltec/wheeltec_ros2/install/turn_on_wheeltec_robot/share/turn_on_wheeltec_robot/msg/Position.idl
[2.973s] -- Up-to-date: /home/wheeltec/wheeltec_ros2/install/turn_on_wheeltec_robot/share/turn_on_wheeltec_robot/msg/Position.msg
[2.974s] -- Up-to-date: /home/wheeltec/wheeltec_ros2/install/turn_on_wheeltec_robot/lib/turn_on_wheeltec_robot/cmd_vel_to_ackermann_drive.py
[2.977s] -- Up-to-date: /home/wheeltec/wheeltec_ros2/install/turn_on_wheeltec_robot/lib/turn_on_wheeltec_robot/wheeltec_robot_node
[2.984s] -- Up-to-date: /home/wheeltec/wheeltec_ros2/install/turn_on_wheeltec_robot/lib/turn_on_wheeltec_robot/parameter_node
[2.986s] -- Up-to-date: /home/wheeltec/wheeltec_ros2/install/turn_on_wheeltec_robot/share/turn_on_wheeltec_robot/launch
[2.988s] -- Up-to-date: /home/wheeltec/wheeltec_ros2/install/turn_on_wheeltec_robot/share/turn_on_wheeltec_robot/launch/__pycache__
[2.990s] -- Up-to-date: /home/wheeltec/wheeltec_ros2/install/turn_on_wheeltec_robot/share/turn_on_wheeltec_robot/launch/__pycache__/testtwo.launch.cpython-38.pyc
[2.991s] -- Up-to-date: /home/wheeltec/wheeltec_ros2/install/turn_on_wheeltec_robot/share/turn_on_wheeltec_robot/launch/wheeltec_lidar.launch.py
[2.992s] -- Up-to-date: /home/wheeltec/wheeltec_ros2/install/turn_on_wheeltec_robot/share/turn_on_wheeltec_robot/launch/base_serial.launch.py
[2.992s] -- Up-to-date: /home/wheeltec/wheeltec_ros2/install/turn_on_wheeltec_robot/share/turn_on_wheeltec_robot/launch/robot_mode_description.launch.py
[2.993s] -- Up-to-date: /home/wheeltec/wheeltec_ros2/install/turn_on_wheeltec_robot/share/turn_on_wheeltec_robot/launch/turn_on_wheeltec_robot.launch.py
[2.994s] -- Up-to-date: /home/wheeltec/wheeltec_ros2/install/turn_on_wheeltec_robot/share/turn_on_wheeltec_robot/launch/robotandlidar.launch.py
[2.995s] -- Up-to-date: /home/wheeltec/wheeltec_ros2/install/turn_on_wheeltec_robot/share/turn_on_wheeltec_robot/config
[2.997s] -- Up-to-date: /home/wheeltec/wheeltec_ros2/install/turn_on_wheeltec_robot/share/turn_on_wheeltec_robot/config/ekf.yaml
[2.998s] -- Up-to-date: /home/wheeltec/wheeltec_ros2/install/turn_on_wheeltec_robot/share/turn_on_wheeltec_robot/config/velocity_smoother_params.yaml
[2.999s] -- Up-to-date: /home/wheeltec/wheeltec_ros2/install/turn_on_wheeltec_robot/share/ament_index/resource_index/package_run_dependencies/turn_on_wheeltec_robot
[3.001s] -- Up-to-date: /home/wheeltec/wheeltec_ros2/install/turn_on_wheeltec_robot/share/ament_index/resource_index/parent_prefix_path/turn_on_wheeltec_robot
[3.002s] -- Up-to-date: /home/wheeltec/wheeltec_ros2/install/turn_on_wheeltec_robot/share/turn_on_wheeltec_robot/environment/ament_prefix_path.sh
[3.014s] -- Up-to-date: /home/wheeltec/wheeltec_ros2/install/turn_on_wheeltec_robot/share/turn_on_wheeltec_robot/environment/ament_prefix_path.dsv
[3.015s] -- Up-to-date: /home/wheeltec/wheeltec_ros2/install/turn_on_wheeltec_robot/share/turn_on_wheeltec_robot/environment/path.sh
[3.017s] -- Up-to-date: /home/wheeltec/wheeltec_ros2/install/turn_on_wheeltec_robot/share/turn_on_wheeltec_robot/environment/path.dsv
[3.017s] -- Up-to-date: /home/wheeltec/wheeltec_ros2/install/turn_on_wheeltec_robot/share/turn_on_wheeltec_robot/local_setup.bash
[3.018s] -- Up-to-date: /home/wheeltec/wheeltec_ros2/install/turn_on_wheeltec_robot/share/turn_on_wheeltec_robot/local_setup.sh
[3.018s] -- Up-to-date: /home/wheeltec/wheeltec_ros2/install/turn_on_wheeltec_robot/share/turn_on_wheeltec_robot/local_setup.zsh
[3.019s] -- Up-to-date: /home/wheeltec/wheeltec_ros2/install/turn_on_wheeltec_robot/share/turn_on_wheeltec_robot/local_setup.dsv
[3.019s] -- Installing: /home/wheeltec/wheeltec_ros2/install/turn_on_wheeltec_robot/share/turn_on_wheeltec_robot/package.dsv
[3.019s] -- Up-to-date: /home/wheeltec/wheeltec_ros2/install/turn_on_wheeltec_robot/share/ament_index/resource_index/packages/turn_on_wheeltec_robot
[3.022s] -- Up-to-date: /home/wheeltec/wheeltec_ros2/install/turn_on_wheeltec_robot/share/turn_on_wheeltec_robot/cmake/turn_on_wheeltec_robot__rosidl_generator_cExport.cmake
[3.022s] -- Up-to-date: /home/wheeltec/wheeltec_ros2/install/turn_on_wheeltec_robot/share/turn_on_wheeltec_robot/cmake/turn_on_wheeltec_robot__rosidl_generator_cExport-noconfig.cmake
[3.025s] -- Up-to-date: /home/wheeltec/wheeltec_ros2/install/turn_on_wheeltec_robot/share/turn_on_wheeltec_robot/cmake/turn_on_wheeltec_robot__rosidl_typesupport_introspection_cExport.cmake
[3.027s] -- Up-to-date: /home/wheeltec/wheeltec_ros2/install/turn_on_wheeltec_robot/share/turn_on_wheeltec_robot/cmake/turn_on_wheeltec_robot__rosidl_typesupport_introspection_cExport-noconfig.cmake
[3.027s] -- Up-to-date: /home/wheeltec/wheeltec_ros2/install/turn_on_wheeltec_robot/share/turn_on_wheeltec_robot/cmake/turn_on_wheeltec_robot__rosidl_typesupport_cExport.cmake
[3.031s] -- Up-to-date: /home/wheeltec/wheeltec_ros2/install/turn_on_wheeltec_robot/share/turn_on_wheeltec_robot/cmake/turn_on_wheeltec_robot__rosidl_typesupport_cExport-noconfig.cmake
[3.040s] -- Up-to-date: /home/wheeltec/wheeltec_ros2/install/turn_on_wheeltec_robot/share/turn_on_wheeltec_robot/cmake/turn_on_wheeltec_robot__rosidl_generator_cppExport.cmake
[3.041s] -- Up-to-date: /home/wheeltec/wheeltec_ros2/install/turn_on_wheeltec_robot/share/turn_on_wheeltec_robot/cmake/turn_on_wheeltec_robot__rosidl_typesupport_introspection_cppExport.cmake
[3.042s] -- Up-to-date: /home/wheeltec/wheeltec_ros2/install/turn_on_wheeltec_robot/share/turn_on_wheeltec_robot/cmake/turn_on_wheeltec_robot__rosidl_typesupport_introspection_cppExport-noconfig.cmake
[3.042s] -- Up-to-date: /home/wheeltec/wheeltec_ros2/install/turn_on_wheeltec_robot/share/turn_on_wheeltec_robot/cmake/turn_on_wheeltec_robot__rosidl_typesupport_cppExport.cmake
[3.043s] -- Up-to-date: /home/wheeltec/wheeltec_ros2/install/turn_on_wheeltec_robot/share/turn_on_wheeltec_robot/cmake/turn_on_wheeltec_robot__rosidl_typesupport_cppExport-noconfig.cmake
[3.044s] -- Up-to-date: /home/wheeltec/wheeltec_ros2/install/turn_on_wheeltec_robot/share/turn_on_wheeltec_robot/cmake/rosidl_cmake-extras.cmake
[3.044s] -- Up-to-date: /home/wheeltec/wheeltec_ros2/install/turn_on_wheeltec_robot/share/turn_on_wheeltec_robot/cmake/ament_cmake_export_dependencies-extras.cmake
[3.045s] -- Up-to-date: /home/wheeltec/wheeltec_ros2/install/turn_on_wheeltec_robot/share/turn_on_wheeltec_robot/cmake/ament_cmake_export_libraries-extras.cmake
[3.045s] -- Up-to-date: /home/wheeltec/wheeltec_ros2/install/turn_on_wheeltec_robot/share/turn_on_wheeltec_robot/cmake/ament_cmake_export_targets-extras.cmake
[3.046s] -- Up-to-date: /home/wheeltec/wheeltec_ros2/install/turn_on_wheeltec_robot/share/turn_on_wheeltec_robot/cmake/ament_cmake_export_include_directories-extras.cmake
[3.046s] -- Up-to-date: /home/wheeltec/wheeltec_ros2/install/turn_on_wheeltec_robot/share/turn_on_wheeltec_robot/cmake/rosidl_cmake_export_typesupport_libraries-extras.cmake
[3.047s] -- Up-to-date: /home/wheeltec/wheeltec_ros2/install/turn_on_wheeltec_robot/share/turn_on_wheeltec_robot/cmake/rosidl_cmake_export_typesupport_targets-extras.cmake
[3.047s] -- Up-to-date: /home/wheeltec/wheeltec_ros2/install/turn_on_wheeltec_robot/share/turn_on_wheeltec_robot/cmake/turn_on_wheeltec_robotConfig.cmake
[3.047s] -- Up-to-date: /home/wheeltec/wheeltec_ros2/install/turn_on_wheeltec_robot/share/turn_on_wheeltec_robot/cmake/turn_on_wheeltec_robotConfig-version.cmake
[3.048s] -- Up-to-date: /home/wheeltec/wheeltec_ros2/install/turn_on_wheeltec_robot/share/turn_on_wheeltec_robot/package.xml
[3.068s] Invoked command in '/home/wheeltec/wheeltec_ros2/build/turn_on_wheeltec_robot' returned '0': CMAKE_PREFIX_PATH=/home/wheeltec/wheeltec_ros2/install/nav2_msgs:/home/wheeltec/wheeltec_ros2/install/wheeltec_robot_msg:/home/wheeltec/wheeltec_ros2/install/serial:/home/wheeltec/wheeltec_ros2/install/ackermann_msgs:/home/wheeltec/wheeltec_ros2/install/wheeltec_rrt_msg:/home/wheeltec/wheeltec_ros2/install/turn_on_wheeltec_robot:/home/wheeltec/wheeltec_ros2/install/wheeltec_joy:/home/wheeltec/wheeltec_ros2/install/wheeltec_cartographer:/home/wheeltec/wheeltec_ros2/install/web_video_server:/home/wheeltec/wheeltec_ros2/install/usb_cam:/home/wheeltec/wheeltec_ros2/install/rplidar_ros2:/home/wheeltec/wheeltec_ros2/install/perception_pcl:/home/wheeltec/wheeltec_ros2/install/pcl_ros:/home/wheeltec/wheeltec_ros2/install/pcl_conversions:/home/wheeltec/wheeltec_ros2/install/openslam_gmapping:/home/wheeltec/wheeltec_ros2/install/nav_2d_utils:/home/wheeltec/wheeltec_ros2/install/dwb_msgs:/home/wheeltec/wheeltec_ros2/install/nav_2d_msgs:/home/wheeltec/wheeltec_ros2/install/nav2_voxel_grid:/home/wheeltec/wheeltec_ros2/install/nav2_lifecycle_manager:/home/wheeltec/wheeltec_ros2/install/nav2_amcl:/home/wheeltec/wheeltec_ros2/install/nav2_util:/home/wheeltec/wheeltec_ros2/install/nav2_common:/home/wheeltec/wheeltec_ros2/install/lsn10:/home/wheeltec/wheeltec_ros2/install/lsm10_v2:/home/wheeltec/wheeltec_ros2/install/lidar_ros2:/home/wheeltec/wheeltec_ros2/install/ldlidar_stl_ros2:/home/wheeltec/wheeltec_ros2/install/ldlidar_sl_ros2:/home/wheeltec/wheeltec_ros2/install/astra_msgs:/home/wheeltec/wheeltec_ros2/install/ar_track_alvar_msgs:/home/wheeltec/wheeltec_ros2/install/wheeltec_robot_keyboard:/home/wheeltec/wheeltec_ros2/install/tf2_tools:/home/wheeltec/wheeltec_ros2/install/nav2_gazebo_spawner:/opt/ros/galactic LD_LIBRARY_PATH=/home/wheeltec/wheeltec_ros2/install/nav2_msgs/lib:/home/wheeltec/wheeltec_ros2/install/wheeltec_robot_msg/lib:/home/wheeltec/wheeltec_ros2/install/ackermann_msgs/lib:/home/wheeltec/wheeltec_ros2/install/wheeltec_rrt_msg/lib:/home/wheeltec/wheeltec_ros2/install/turn_on_wheeltec_robot/lib:/home/wheeltec/wheeltec_ros2/install/usb_cam/lib:/home/wheeltec/wheeltec_ros2/install/serial/lib:/home/wheeltec/wheeltec_ros2/install/pcl_ros/lib:/home/wheeltec/wheeltec_ros2/install/openslam_gmapping/lib:/home/wheeltec/wheeltec_ros2/install/nav_2d_utils/lib:/home/wheeltec/wheeltec_ros2/install/dwb_msgs/lib:/home/wheeltec/wheeltec_ros2/install/nav_2d_msgs/lib:/home/wheeltec/wheeltec_ros2/install/nav2_voxel_grid/lib:/home/wheeltec/wheeltec_ros2/install/nav2_lifecycle_manager/lib:/home/wheeltec/wheeltec_ros2/install/nav2_amcl/lib:/home/wheeltec/wheeltec_ros2/install/nav2_util/lib:/home/wheeltec/wheeltec_ros2/install/lsm10_v2/lib:/home/wheeltec/wheeltec_ros2/install/astra_msgs/lib:/home/wheeltec/wheeltec_ros2/install/ar_track_alvar_msgs/lib:/usr/local/cuda-10.2/lib64:/opt/ros/galactic/opt/yaml_cpp_vendor/lib:/opt/ros/galactic/opt/rviz_ogre_vendor/lib:/opt/ros/galactic/lib/aarch64-linux-gnu:/opt/ros/galactic/lib:/usr/local/cuda-10.2/lib64 PYTHONPATH=/home/wheeltec/wheeltec_ros2/install/nav2_msgs/lib/python3.8/site-packages:/home/wheeltec/wheeltec_ros2/install/wheeltec_robot_msg/lib/python3.8/site-packages:/home/wheeltec/wheeltec_ros2/install/ackermann_msgs/lib/python3.8/site-packages:/home/wheeltec/wheeltec_ros2/install/wheeltec_rrt_msg/lib/python3.8/site-packages:/home/wheeltec/wheeltec_ros2/install/turn_on_wheeltec_robot/lib/python3.8/site-packages:/home/wheeltec/wheeltec_ros2/install/wheeltec_robot_keyboard/lib/python3.8/site-packages:/home/wheeltec/wheeltec_ros2/install/tf2_tools/lib/python3.8/site-packages:/home/wheeltec/wheeltec_ros2/install/dwb_msgs/lib/python3.8/site-packages:/home/wheeltec/wheeltec_ros2/install/nav_2d_msgs/lib/python3.8/site-packages:/home/wheeltec/wheeltec_ros2/install/nav2_gazebo_spawner/lib/python3.8/site-packages:/home/wheeltec/wheeltec_ros2/install/nav2_common/lib/python3.8/site-packages:/home/wheeltec/wheeltec_ros2/install/lsm10_v2/lib/python3.8/site-packages:/home/wheeltec/wheeltec_ros2/install/astra_msgs/lib/python3.8/site-packages:/home/wheeltec/wheeltec_ros2/install/ar_track_alvar_msgs/lib/python3.8/site-packages:/opt/ros/galactic/lib/python3.8/site-packages /usr/bin/cmake --install /home/wheeltec/wheeltec_ros2/build/turn_on_wheeltec_robot
