[0.104s] Invoking command in '/home/wheeltec/wheeltec_ros2/build/web_video_server': CMAKE_PREFIX_PATH=${CMAKE_PREFIX_PATH}:/home/wheeltec/wheeltec_ros2/install/simple_follower_ros2:/home/wheeltec/wheeltec_ros2/install/wheeltec_robot_keyboard:/home/wheeltec/wheeltec_ros2/install/tf2_tools:/home/wheeltec/wheeltec_ros2/install/nav2_simple_commander:/home/wheeltec/wheeltec_ros2/install/nav2_gazebo_spawner:/opt/ros/galactic /usr/bin/cmake --build /home/wheeltec/wheeltec_ros2/build/web_video_server -- -j4 -l4
[0.640s] [100%] Built target web_video_server
[0.719s] Invoked command in '/home/wheeltec/wheeltec_ros2/build/web_video_server' returned '0': CMAKE_PREFIX_PATH=${CMAKE_PREFIX_PATH}:/home/wheeltec/wheeltec_ros2/install/simple_follower_ros2:/home/wheeltec/wheeltec_ros2/install/wheeltec_robot_keyboard:/home/wheeltec/wheeltec_ros2/install/tf2_tools:/home/wheeltec/wheeltec_ros2/install/nav2_simple_commander:/home/wheeltec/wheeltec_ros2/install/nav2_gazebo_spawner:/opt/ros/galactic /usr/bin/cmake --build /home/wheeltec/wheeltec_ros2/build/web_video_server -- -j4 -l4
[1.058s] Invoking command in '/home/wheeltec/wheeltec_ros2/build/web_video_server': CMAKE_PREFIX_PATH=${CMAKE_PREFIX_PATH}:/home/wheeltec/wheeltec_ros2/install/simple_follower_ros2:/home/wheeltec/wheeltec_ros2/install/wheeltec_robot_keyboard:/home/wheeltec/wheeltec_ros2/install/tf2_tools:/home/wheeltec/wheeltec_ros2/install/nav2_simple_commander:/home/wheeltec/wheeltec_ros2/install/nav2_gazebo_spawner:/opt/ros/galactic /usr/bin/cmake --install /home/wheeltec/wheeltec_ros2/build/web_video_server
[1.112s] -- Install configuration: ""
[1.119s] -- Up-to-date: /home/wheeltec/wheeltec_ros2/install/web_video_server/lib/web_video_server/web_video_server
[1.120s] -- Up-to-date: /home/wheeltec/wheeltec_ros2/install/web_video_server/include/web_video_server
[1.121s] -- Up-to-date: /home/wheeltec/wheeltec_ros2/install/web_video_server/include/web_video_server/libav_streamer.h
[1.122s] -- Up-to-date: /home/wheeltec/wheeltec_ros2/install/web_video_server/include/web_video_server/h264_streamer.h
[1.123s] -- Up-to-date: /home/wheeltec/wheeltec_ros2/install/web_video_server/include/web_video_server/image_streamer.h
[1.124s] -- Up-to-date: /home/wheeltec/wheeltec_ros2/install/web_video_server/include/web_video_server/vp8_streamer.h
[1.125s] -- Up-to-date: /home/wheeltec/wheeltec_ros2/install/web_video_server/include/web_video_server/multipart_stream.h
[1.125s] -- Up-to-date: /home/wheeltec/wheeltec_ros2/install/web_video_server/include/web_video_server/web_video_server.h
[1.126s] -- Up-to-date: /home/wheeltec/wheeltec_ros2/install/web_video_server/include/web_video_server/ros_compressed_streamer.h
[1.126s] -- Up-to-date: /home/wheeltec/wheeltec_ros2/install/web_video_server/include/web_video_server/jpeg_streamers.h
[1.127s] -- Up-to-date: /home/wheeltec/wheeltec_ros2/install/web_video_server/include/web_video_server/png_streamers.h
[1.127s] -- Up-to-date: /home/wheeltec/wheeltec_ros2/install/web_video_server/include/web_video_server/vp9_streamer.h
[1.129s] -- Up-to-date: /home/wheeltec/wheeltec_ros2/install/web_video_server/share/ament_index/resource_index/package_run_dependencies/web_video_server
[1.131s] -- Up-to-date: /home/wheeltec/wheeltec_ros2/install/web_video_server/share/ament_index/resource_index/parent_prefix_path/web_video_server
[1.131s] -- Up-to-date: /home/wheeltec/wheeltec_ros2/install/web_video_server/share/web_video_server/environment/ament_prefix_path.sh
[1.132s] -- Up-to-date: /home/wheeltec/wheeltec_ros2/install/web_video_server/share/web_video_server/environment/ament_prefix_path.dsv
[1.132s] -- Up-to-date: /home/wheeltec/wheeltec_ros2/install/web_video_server/share/web_video_server/environment/path.sh
[1.133s] -- Up-to-date: /home/wheeltec/wheeltec_ros2/install/web_video_server/share/web_video_server/environment/path.dsv
[1.133s] -- Up-to-date: /home/wheeltec/wheeltec_ros2/install/web_video_server/share/web_video_server/local_setup.bash
[1.134s] -- Up-to-date: /home/wheeltec/wheeltec_ros2/install/web_video_server/share/web_video_server/local_setup.sh
[1.134s] -- Up-to-date: /home/wheeltec/wheeltec_ros2/install/web_video_server/share/web_video_server/local_setup.zsh
[1.134s] -- Up-to-date: /home/wheeltec/wheeltec_ros2/install/web_video_server/share/web_video_server/local_setup.dsv
[1.135s] -- Installing: /home/wheeltec/wheeltec_ros2/install/web_video_server/share/web_video_server/package.dsv
[1.135s] -- Up-to-date: /home/wheeltec/wheeltec_ros2/install/web_video_server/share/ament_index/resource_index/packages/web_video_server
[1.135s] -- Up-to-date: /home/wheeltec/wheeltec_ros2/install/web_video_server/share/web_video_server/cmake/web_video_serverConfig.cmake
[1.136s] -- Up-to-date: /home/wheeltec/wheeltec_ros2/install/web_video_server/share/web_video_server/cmake/web_video_serverConfig-version.cmake
[1.136s] -- Up-to-date: /home/wheeltec/wheeltec_ros2/install/web_video_server/share/web_video_server/package.xml
[1.152s] Invoked command in '/home/wheeltec/wheeltec_ros2/build/web_video_server' returned '0': CMAKE_PREFIX_PATH=${CMAKE_PREFIX_PATH}:/home/wheeltec/wheeltec_ros2/install/simple_follower_ros2:/home/wheeltec/wheeltec_ros2/install/wheeltec_robot_keyboard:/home/wheeltec/wheeltec_ros2/install/tf2_tools:/home/wheeltec/wheeltec_ros2/install/nav2_simple_commander:/home/wheeltec/wheeltec_ros2/install/nav2_gazebo_spawner:/opt/ros/galactic /usr/bin/cmake --install /home/wheeltec/wheeltec_ros2/build/web_video_server
