[0.095s] Invoking command in '/home/wheeltec/wheeltec_ros2/build/astra_msgs': CMAKE_PREFIX_PATH=${CMAKE_PREFIX_PATH}:/home/wheeltec/wheeltec_ros2/install/wheeltec_robot_keyboard:/home/wheeltec/wheeltec_ros2/install/tf2_tools:/home/wheeltec/wheeltec_ros2/install/nav2_gazebo_spawner:/opt/ros/galactic /usr/bin/cmake --build /home/wheeltec/wheeltec_ros2/build/astra_msgs -- -j4 -l4
[0.601s] [  0%] Built target astra_msgs__cpp
[0.605s] [ 12%] Built target astra_msgs__rosidl_generator_c
[0.776s] [ 24%] Built target astra_msgs__rosidl_typesupport_cpp
[0.803s] [ 37%] Built target astra_msgs__rosidl_typesupport_introspection_cpp
[0.849s] [ 49%] Built target astra_msgs__rosidl_typesupport_fastrtps_cpp
[0.972s] [ 61%] Built target astra_msgs__rosidl_typesupport_c
[0.993s] [ 74%] Built target astra_msgs__rosidl_typesupport_introspection_c
[1.068s] [ 86%] Built target astra_msgs__rosidl_typesupport_fastrtps_c
[1.206s] [ 86%] Built target astra_msgs
[1.339s] [ 86%] Built target astra_msgs__py
[1.534s] [ 98%] Built target astra_msgs__python
[1.704s] [ 99%] Built target astra_msgs__rosidl_typesupport_c__pyext
[1.727s] [ 99%] Built target astra_msgs__rosidl_typesupport_introspection_c__pyext
[1.736s] [100%] Built target astra_msgs__rosidl_typesupport_fastrtps_c__pyext
[1.796s] Invoked command in '/home/wheeltec/wheeltec_ros2/build/astra_msgs' returned '0': CMAKE_PREFIX_PATH=${CMAKE_PREFIX_PATH}:/home/wheeltec/wheeltec_ros2/install/wheeltec_robot_keyboard:/home/wheeltec/wheeltec_ros2/install/tf2_tools:/home/wheeltec/wheeltec_ros2/install/nav2_gazebo_spawner:/opt/ros/galactic /usr/bin/cmake --build /home/wheeltec/wheeltec_ros2/build/astra_msgs -- -j4 -l4
[4.791s] Invoking command in '/home/wheeltec/wheeltec_ros2/build/astra_msgs': CMAKE_PREFIX_PATH=${CMAKE_PREFIX_PATH}:/home/wheeltec/wheeltec_ros2/install/wheeltec_robot_keyboard:/home/wheeltec/wheeltec_ros2/install/tf2_tools:/home/wheeltec/wheeltec_ros2/install/nav2_gazebo_spawner:/opt/ros/galactic /usr/bin/cmake --install /home/wheeltec/wheeltec_ros2/build/astra_msgs
[4.840s] -- Install configuration: ""
[4.841s] -- Up-to-date: /home/wheeltec/wheeltec_ros2/install/astra_msgs/share/ament_index/resource_index/rosidl_interfaces/astra_msgs
[4.841s] -- Up-to-date: /home/wheeltec/wheeltec_ros2/install/astra_msgs/include/astra_msgs
[4.842s] -- Up-to-date: /home/wheeltec/wheeltec_ros2/install/astra_msgs/include/astra_msgs/msg
[4.843s] -- Up-to-date: /home/wheeltec/wheeltec_ros2/install/astra_msgs/include/astra_msgs/msg/rosidl_generator_c__visibility_control.h
[4.843s] -- Up-to-date: /home/wheeltec/wheeltec_ros2/install/astra_msgs/include/astra_msgs/srv
[4.844s] -- Up-to-date: /home/wheeltec/wheeltec_ros2/install/astra_msgs/include/astra_msgs/srv/set_auto_white_balance.h
[4.845s] -- Up-to-date: /home/wheeltec/wheeltec_ros2/install/astra_msgs/include/astra_msgs/srv/set_ae_enable.h
[4.846s] -- Up-to-date: /home/wheeltec/wheeltec_ros2/install/astra_msgs/include/astra_msgs/srv/reset_ir_gain.h
[4.846s] -- Up-to-date: /home/wheeltec/wheeltec_ros2/install/astra_msgs/include/astra_msgs/srv/get_uvc_gain.h
[4.847s] -- Up-to-date: /home/wheeltec/wheeltec_ros2/install/astra_msgs/include/astra_msgs/srv/get_uvc_white_balance.h
[4.848s] -- Up-to-date: /home/wheeltec/wheeltec_ros2/install/astra_msgs/include/astra_msgs/srv/set_mirror.h
[4.849s] -- Up-to-date: /home/wheeltec/wheeltec_ros2/install/astra_msgs/include/astra_msgs/srv/set_uvc_white_balance.h
[4.849s] -- Up-to-date: /home/wheeltec/wheeltec_ros2/install/astra_msgs/include/astra_msgs/srv/switch_ir_camera.h
[4.853s] -- Up-to-date: /home/wheeltec/wheeltec_ros2/install/astra_msgs/include/astra_msgs/srv/reset_ir_exposure.h
[4.860s] -- Up-to-date: /home/wheeltec/wheeltec_ros2/install/astra_msgs/include/astra_msgs/srv/set_uvc_gain.h
[4.863s] -- Up-to-date: /home/wheeltec/wheeltec_ros2/install/astra_msgs/include/astra_msgs/srv/get_serial.h
[4.864s] -- Up-to-date: /home/wheeltec/wheeltec_ros2/install/astra_msgs/include/astra_msgs/srv/set_auto_exposure.h
[4.865s] -- Up-to-date: /home/wheeltec/wheeltec_ros2/install/astra_msgs/include/astra_msgs/srv/get_uvc_exposure.h
[4.865s] -- Up-to-date: /home/wheeltec/wheeltec_ros2/install/astra_msgs/include/astra_msgs/srv/get_device_type.h
[4.866s] -- Up-to-date: /home/wheeltec/wheeltec_ros2/install/astra_msgs/include/astra_msgs/srv/set_ir_gain.h
[4.867s] -- Up-to-date: /home/wheeltec/wheeltec_ros2/install/astra_msgs/include/astra_msgs/srv/set_laser.h
[4.867s] -- Up-to-date: /home/wheeltec/wheeltec_ros2/install/astra_msgs/include/astra_msgs/srv/detail
[4.868s] -- Up-to-date: /home/wheeltec/wheeltec_ros2/install/astra_msgs/include/astra_msgs/srv/detail/set_mirror__functions.h
[4.868s] -- Up-to-date: /home/wheeltec/wheeltec_ros2/install/astra_msgs/include/astra_msgs/srv/detail/reset_ir_exposure__functions.c
[4.868s] -- Up-to-date: /home/wheeltec/wheeltec_ros2/install/astra_msgs/include/astra_msgs/srv/detail/set_fan__functions.h
[4.869s] -- Up-to-date: /home/wheeltec/wheeltec_ros2/install/astra_msgs/include/astra_msgs/srv/detail/set_ir_flood__functions.c
[4.869s] -- Up-to-date: /home/wheeltec/wheeltec_ros2/install/astra_msgs/include/astra_msgs/srv/detail/set_distortioncal__functions.h
[4.870s] -- Up-to-date: /home/wheeltec/wheeltec_ros2/install/astra_msgs/include/astra_msgs/srv/detail/set_uvc_white_balance__functions.c
[4.870s] -- Up-to-date: /home/wheeltec/wheeltec_ros2/install/astra_msgs/include/astra_msgs/srv/detail/reset_ir_gain__struct.h
[4.871s] -- Up-to-date: /home/wheeltec/wheeltec_ros2/install/astra_msgs/include/astra_msgs/srv/detail/get_camera_info__struct.h
[4.873s] -- Up-to-date: /home/wheeltec/wheeltec_ros2/install/astra_msgs/include/astra_msgs/srv/detail/get_uvc_exposure__struct.h
[4.874s] -- Up-to-date: /home/wheeltec/wheeltec_ros2/install/astra_msgs/include/astra_msgs/srv/detail/get_device_type__functions.h
[4.874s] -- Up-to-date: /home/wheeltec/wheeltec_ros2/install/astra_msgs/include/astra_msgs/srv/detail/set_ir_flood__functions.h
[4.874s] -- Up-to-date: /home/wheeltec/wheeltec_ros2/install/astra_msgs/include/astra_msgs/srv/detail/set_ir_exposure__functions.c
[4.875s] -- Up-to-date: /home/wheeltec/wheeltec_ros2/install/astra_msgs/include/astra_msgs/srv/detail/set_uvc_exposure__functions.h
[4.875s] -- Up-to-date: /home/wheeltec/wheeltec_ros2/install/astra_msgs/include/astra_msgs/srv/detail/set_mirror__type_support.h
[4.876s] -- Up-to-date: /home/wheeltec/wheeltec_ros2/install/astra_msgs/include/astra_msgs/srv/detail/set_ir_gain__type_support.h
[4.876s] -- Up-to-date: /home/wheeltec/wheeltec_ros2/install/astra_msgs/include/astra_msgs/srv/detail/get_version__functions.c
[4.876s] -- Up-to-date: /home/wheeltec/wheeltec_ros2/install/astra_msgs/include/astra_msgs/srv/detail/set_uvc_gain__functions.c
[4.877s] -- Up-to-date: /home/wheeltec/wheeltec_ros2/install/astra_msgs/include/astra_msgs/srv/detail/set_uvc_exposure__type_support.h
[4.877s] -- Up-to-date: /home/wheeltec/wheeltec_ros2/install/astra_msgs/include/astra_msgs/srv/detail/set_auto_exposure__functions.c
[4.877s] -- Up-to-date: /home/wheeltec/wheeltec_ros2/install/astra_msgs/include/astra_msgs/srv/detail/reset_ir_exposure__struct.h
[4.878s] -- Up-to-date: /home/wheeltec/wheeltec_ros2/install/astra_msgs/include/astra_msgs/srv/detail/set_uvc_exposure__struct.h
[4.878s] -- Up-to-date: /home/wheeltec/wheeltec_ros2/install/astra_msgs/include/astra_msgs/srv/detail/set_laser__struct.h
[4.879s] -- Up-to-date: /home/wheeltec/wheeltec_ros2/install/astra_msgs/include/astra_msgs/srv/detail/set_distortioncal__struct.h
[4.883s] -- Up-to-date: /home/wheeltec/wheeltec_ros2/install/astra_msgs/include/astra_msgs/srv/detail/get_device_type__struct.h
[4.884s] -- Up-to-date: /home/wheeltec/wheeltec_ros2/install/astra_msgs/include/astra_msgs/srv/detail/set_uvc_gain__struct.h
[4.885s] -- Up-to-date: /home/wheeltec/wheeltec_ros2/install/astra_msgs/include/astra_msgs/srv/detail/set_auto_white_balance__functions.c
[4.886s] -- Up-to-date: /home/wheeltec/wheeltec_ros2/install/astra_msgs/include/astra_msgs/srv/detail/get_uvc_white_balance__functions.c
[4.887s] -- Up-to-date: /home/wheeltec/wheeltec_ros2/install/astra_msgs/include/astra_msgs/srv/detail/get_version__type_support.h
[4.887s] -- Up-to-date: /home/wheeltec/wheeltec_ros2/install/astra_msgs/include/astra_msgs/srv/detail/set_fan__functions.c
[4.888s] -- Up-to-date: /home/wheeltec/wheeltec_ros2/install/astra_msgs/include/astra_msgs/srv/detail/reset_ir_exposure__functions.h
[4.888s] -- Up-to-date: /home/wheeltec/wheeltec_ros2/install/astra_msgs/include/astra_msgs/srv/detail/get_uvc_gain__functions.h
[4.889s] -- Up-to-date: /home/wheeltec/wheeltec_ros2/install/astra_msgs/include/astra_msgs/srv/detail/set_uvc_gain__type_support.h
[4.889s] -- Up-to-date: /home/wheeltec/wheeltec_ros2/install/astra_msgs/include/astra_msgs/srv/detail/get_ir_exposure__struct.h
[4.889s] -- Up-to-date: /home/wheeltec/wheeltec_ros2/install/astra_msgs/include/astra_msgs/srv/detail/set_ir_exposure__type_support.h
[4.890s] -- Up-to-date: /home/wheeltec/wheeltec_ros2/install/astra_msgs/include/astra_msgs/srv/detail/get_version__struct.h
[4.891s] -- Up-to-date: /home/wheeltec/wheeltec_ros2/install/astra_msgs/include/astra_msgs/srv/detail/set_uvc_white_balance__type_support.h
[4.891s] -- Up-to-date: /home/wheeltec/wheeltec_ros2/install/astra_msgs/include/astra_msgs/srv/detail/set_laser__functions.c
[4.892s] -- Up-to-date: /home/wheeltec/wheeltec_ros2/install/astra_msgs/include/astra_msgs/srv/detail/set_auto_white_balance__functions.h
[4.892s] -- Up-to-date: /home/wheeltec/wheeltec_ros2/install/astra_msgs/include/astra_msgs/srv/detail/get_ir_gain__struct.h
[4.893s] -- Up-to-date: /home/wheeltec/wheeltec_ros2/install/astra_msgs/include/astra_msgs/srv/detail/set_auto_exposure__struct.h
[4.894s] -- Up-to-date: /home/wheeltec/wheeltec_ros2/install/astra_msgs/include/astra_msgs/srv/detail/set_ir_exposure__functions.h
[4.895s] -- Up-to-date: /home/wheeltec/wheeltec_ros2/install/astra_msgs/include/astra_msgs/srv/detail/set_distortioncal__functions.c
[4.895s] -- Up-to-date: /home/wheeltec/wheeltec_ros2/install/astra_msgs/include/astra_msgs/srv/detail/get_uvc_white_balance__struct.h
[4.896s] -- Up-to-date: /home/wheeltec/wheeltec_ros2/install/astra_msgs/include/astra_msgs/srv/detail/set_uvc_exposure__functions.c
[4.898s] -- Up-to-date: /home/wheeltec/wheeltec_ros2/install/astra_msgs/include/astra_msgs/srv/detail/set_ldp__functions.h
[4.899s] -- Up-to-date: /home/wheeltec/wheeltec_ros2/install/astra_msgs/include/astra_msgs/srv/detail/get_camera_info__functions.c
[4.899s] -- Up-to-date: /home/wheeltec/wheeltec_ros2/install/astra_msgs/include/astra_msgs/srv/detail/get_ir_gain__functions.c
[4.901s] -- Up-to-date: /home/wheeltec/wheeltec_ros2/install/astra_msgs/include/astra_msgs/srv/detail/get_device_type__type_support.h
[4.902s] -- Up-to-date: /home/wheeltec/wheeltec_ros2/install/astra_msgs/include/astra_msgs/srv/detail/get_uvc_exposure__functions.c
[4.903s] -- Up-to-date: /home/wheeltec/wheeltec_ros2/install/astra_msgs/include/astra_msgs/srv/detail/set_ldp__functions.c
[4.903s] -- Up-to-date: /home/wheeltec/wheeltec_ros2/install/astra_msgs/include/astra_msgs/srv/detail/get_version__functions.h
[4.904s] -- Up-to-date: /home/wheeltec/wheeltec_ros2/install/astra_msgs/include/astra_msgs/srv/detail/set_ae_enable__functions.h
[4.904s] -- Up-to-date: /home/wheeltec/wheeltec_ros2/install/astra_msgs/include/astra_msgs/srv/detail/set_uvc_white_balance__struct.h
[4.905s] -- Up-to-date: /home/wheeltec/wheeltec_ros2/install/astra_msgs/include/astra_msgs/srv/detail/get_uvc_gain__struct.h
[4.906s] -- Up-to-date: /home/wheeltec/wheeltec_ros2/install/astra_msgs/include/astra_msgs/srv/detail/set_auto_exposure__functions.h
[4.907s] -- Up-to-date: /home/wheeltec/wheeltec_ros2/install/astra_msgs/include/astra_msgs/srv/detail/get_uvc_exposure__functions.h
[4.908s] -- Up-to-date: /home/wheeltec/wheeltec_ros2/install/astra_msgs/include/astra_msgs/srv/detail/set_ir_flood__struct.h
[4.908s] -- Up-to-date: /home/wheeltec/wheeltec_ros2/install/astra_msgs/include/astra_msgs/srv/detail/get_camera_info__functions.h
[4.908s] -- Up-to-date: /home/wheeltec/wheeltec_ros2/install/astra_msgs/include/astra_msgs/srv/detail/set_auto_white_balance__struct.h
[4.909s] -- Up-to-date: /home/wheeltec/wheeltec_ros2/install/astra_msgs/include/astra_msgs/srv/detail/set_laser__functions.h
[4.909s] -- Up-to-date: /home/wheeltec/wheeltec_ros2/install/astra_msgs/include/astra_msgs/srv/detail/reset_ir_gain__functions.c
[4.909s] -- Up-to-date: /home/wheeltec/wheeltec_ros2/install/astra_msgs/include/astra_msgs/srv/detail/switch_ir_camera__struct.h
[4.910s] -- Up-to-date: /home/wheeltec/wheeltec_ros2/install/astra_msgs/include/astra_msgs/srv/detail/get_device_type__functions.c
[4.910s] -- Up-to-date: /home/wheeltec/wheeltec_ros2/install/astra_msgs/include/astra_msgs/srv/detail/get_uvc_white_balance__functions.h
[4.911s] -- Up-to-date: /home/wheeltec/wheeltec_ros2/install/astra_msgs/include/astra_msgs/srv/detail/set_ir_gain__functions.c
[4.911s] -- Up-to-date: /home/wheeltec/wheeltec_ros2/install/astra_msgs/include/astra_msgs/srv/detail/reset_ir_gain__type_support.h
[4.912s] -- Up-to-date: /home/wheeltec/wheeltec_ros2/install/astra_msgs/include/astra_msgs/srv/detail/get_serial__type_support.h
[4.913s] -- Up-to-date: /home/wheeltec/wheeltec_ros2/install/astra_msgs/include/astra_msgs/srv/detail/set_ir_exposure__struct.h
[4.913s] -- Up-to-date: /home/wheeltec/wheeltec_ros2/install/astra_msgs/include/astra_msgs/srv/detail/set_ae_enable__type_support.h
[4.914s] -- Up-to-date: /home/wheeltec/wheeltec_ros2/install/astra_msgs/include/astra_msgs/srv/detail/get_uvc_gain__type_support.h
[4.916s] -- Up-to-date: /home/wheeltec/wheeltec_ros2/install/astra_msgs/include/astra_msgs/srv/detail/set_auto_white_balance__type_support.h
[4.917s] -- Up-to-date: /home/wheeltec/wheeltec_ros2/install/astra_msgs/include/astra_msgs/srv/detail/reset_ir_exposure__type_support.h
[4.917s] -- Up-to-date: /home/wheeltec/wheeltec_ros2/install/astra_msgs/include/astra_msgs/srv/detail/switch_ir_camera__functions.h
[4.918s] -- Up-to-date: /home/wheeltec/wheeltec_ros2/install/astra_msgs/include/astra_msgs/srv/detail/get_ir_exposure__type_support.h
[4.918s] -- Up-to-date: /home/wheeltec/wheeltec_ros2/install/astra_msgs/include/astra_msgs/srv/detail/set_ae_enable__struct.h
[4.919s] -- Up-to-date: /home/wheeltec/wheeltec_ros2/install/astra_msgs/include/astra_msgs/srv/detail/set_mirror__struct.h
[4.919s] -- Up-to-date: /home/wheeltec/wheeltec_ros2/install/astra_msgs/include/astra_msgs/srv/detail/set_fan__type_support.h
[4.920s] -- Up-to-date: /home/wheeltec/wheeltec_ros2/install/astra_msgs/include/astra_msgs/srv/detail/set_uvc_white_balance__functions.h
[4.921s] -- Up-to-date: /home/wheeltec/wheeltec_ros2/install/astra_msgs/include/astra_msgs/srv/detail/get_uvc_exposure__type_support.h
[4.921s] -- Up-to-date: /home/wheeltec/wheeltec_ros2/install/astra_msgs/include/astra_msgs/srv/detail/get_serial__struct.h
[4.922s] -- Up-to-date: /home/wheeltec/wheeltec_ros2/install/astra_msgs/include/astra_msgs/srv/detail/switch_ir_camera__type_support.h
[4.923s] -- Up-to-date: /home/wheeltec/wheeltec_ros2/install/astra_msgs/include/astra_msgs/srv/detail/set_ir_gain__struct.h
[4.923s] -- Up-to-date: /home/wheeltec/wheeltec_ros2/install/astra_msgs/include/astra_msgs/srv/detail/set_auto_exposure__type_support.h
[4.924s] -- Up-to-date: /home/wheeltec/wheeltec_ros2/install/astra_msgs/include/astra_msgs/srv/detail/switch_ir_camera__functions.c
[4.924s] -- Up-to-date: /home/wheeltec/wheeltec_ros2/install/astra_msgs/include/astra_msgs/srv/detail/set_fan__struct.h
[4.925s] -- Up-to-date: /home/wheeltec/wheeltec_ros2/install/astra_msgs/include/astra_msgs/srv/detail/set_mirror__functions.c
[4.925s] -- Up-to-date: /home/wheeltec/wheeltec_ros2/install/astra_msgs/include/astra_msgs/srv/detail/get_ir_gain__type_support.h
[4.926s] -- Up-to-date: /home/wheeltec/wheeltec_ros2/install/astra_msgs/include/astra_msgs/srv/detail/set_laser__type_support.h
[4.926s] -- Up-to-date: /home/wheeltec/wheeltec_ros2/install/astra_msgs/include/astra_msgs/srv/detail/get_uvc_white_balance__type_support.h
[4.926s] -- Up-to-date: /home/wheeltec/wheeltec_ros2/install/astra_msgs/include/astra_msgs/srv/detail/get_serial__functions.c
[4.927s] -- Up-to-date: /home/wheeltec/wheeltec_ros2/install/astra_msgs/include/astra_msgs/srv/detail/set_ir_flood__type_support.h
[4.927s] -- Up-to-date: /home/wheeltec/wheeltec_ros2/install/astra_msgs/include/astra_msgs/srv/detail/set_ldp__type_support.h
[4.927s] -- Up-to-date: /home/wheeltec/wheeltec_ros2/install/astra_msgs/include/astra_msgs/srv/detail/get_uvc_gain__functions.c
[4.928s] -- Up-to-date: /home/wheeltec/wheeltec_ros2/install/astra_msgs/include/astra_msgs/srv/detail/set_uvc_gain__functions.h
[4.928s] -- Up-to-date: /home/wheeltec/wheeltec_ros2/install/astra_msgs/include/astra_msgs/srv/detail/get_ir_gain__functions.h
[4.929s] -- Up-to-date: /home/wheeltec/wheeltec_ros2/install/astra_msgs/include/astra_msgs/srv/detail/set_ir_gain__functions.h
[4.929s] -- Up-to-date: /home/wheeltec/wheeltec_ros2/install/astra_msgs/include/astra_msgs/srv/detail/get_serial__functions.h
[4.930s] -- Up-to-date: /home/wheeltec/wheeltec_ros2/install/astra_msgs/include/astra_msgs/srv/detail/reset_ir_gain__functions.h
[4.930s] -- Up-to-date: /home/wheeltec/wheeltec_ros2/install/astra_msgs/include/astra_msgs/srv/detail/get_ir_exposure__functions.c
[4.932s] -- Up-to-date: /home/wheeltec/wheeltec_ros2/install/astra_msgs/include/astra_msgs/srv/detail/get_camera_info__type_support.h
[4.937s] -- Up-to-date: /home/wheeltec/wheeltec_ros2/install/astra_msgs/include/astra_msgs/srv/detail/set_distortioncal__type_support.h
[4.938s] -- Up-to-date: /home/wheeltec/wheeltec_ros2/install/astra_msgs/include/astra_msgs/srv/detail/set_ae_enable__functions.c
[4.939s] -- Up-to-date: /home/wheeltec/wheeltec_ros2/install/astra_msgs/include/astra_msgs/srv/detail/get_ir_exposure__functions.h
[4.940s] -- Up-to-date: /home/wheeltec/wheeltec_ros2/install/astra_msgs/include/astra_msgs/srv/detail/set_ldp__struct.h
[4.948s] -- Up-to-date: /home/wheeltec/wheeltec_ros2/install/astra_msgs/include/astra_msgs/srv/get_version.h
[4.949s] -- Up-to-date: /home/wheeltec/wheeltec_ros2/install/astra_msgs/include/astra_msgs/srv/set_fan.h
[4.949s] -- Up-to-date: /home/wheeltec/wheeltec_ros2/install/astra_msgs/include/astra_msgs/srv/get_camera_info.h
[4.950s] -- Up-to-date: /home/wheeltec/wheeltec_ros2/install/astra_msgs/include/astra_msgs/srv/set_ir_flood.h
[4.950s] -- Up-to-date: /home/wheeltec/wheeltec_ros2/install/astra_msgs/include/astra_msgs/srv/set_ir_exposure.h
[4.951s] -- Up-to-date: /home/wheeltec/wheeltec_ros2/install/astra_msgs/include/astra_msgs/srv/set_uvc_exposure.h
[4.951s] -- Up-to-date: /home/wheeltec/wheeltec_ros2/install/astra_msgs/include/astra_msgs/srv/get_ir_gain.h
[4.952s] -- Up-to-date: /home/wheeltec/wheeltec_ros2/install/astra_msgs/include/astra_msgs/srv/get_ir_exposure.h
[4.952s] -- Up-to-date: /home/wheeltec/wheeltec_ros2/install/astra_msgs/include/astra_msgs/srv/set_ldp.h
[4.953s] -- Up-to-date: /home/wheeltec/wheeltec_ros2/install/astra_msgs/include/astra_msgs/srv/set_distortioncal.h
[4.953s] -- Up-to-date: /home/wheeltec/wheeltec_ros2/install/astra_msgs/share/astra_msgs/environment/library_path.sh
[4.953s] -- Up-to-date: /home/wheeltec/wheeltec_ros2/install/astra_msgs/share/astra_msgs/environment/library_path.dsv
[4.954s] -- Up-to-date: /home/wheeltec/wheeltec_ros2/install/astra_msgs/lib/libastra_msgs__rosidl_generator_c.so
[4.955s] -- Up-to-date: /home/wheeltec/wheeltec_ros2/install/astra_msgs/include/astra_msgs
[4.955s] -- Up-to-date: /home/wheeltec/wheeltec_ros2/install/astra_msgs/include/astra_msgs/msg
[4.956s] -- Up-to-date: /home/wheeltec/wheeltec_ros2/install/astra_msgs/include/astra_msgs/msg/rosidl_typesupport_fastrtps_c__visibility_control.h
[4.956s] -- Up-to-date: /home/wheeltec/wheeltec_ros2/install/astra_msgs/include/astra_msgs/srv
[4.956s] -- Up-to-date: /home/wheeltec/wheeltec_ros2/install/astra_msgs/include/astra_msgs/srv/detail
[4.957s] -- Up-to-date: /home/wheeltec/wheeltec_ros2/install/astra_msgs/include/astra_msgs/srv/detail/set_ir_flood__rosidl_typesupport_fastrtps_c.h
[4.957s] -- Up-to-date: /home/wheeltec/wheeltec_ros2/install/astra_msgs/include/astra_msgs/srv/detail/set_distortioncal__rosidl_typesupport_fastrtps_c.h
[4.957s] -- Up-to-date: /home/wheeltec/wheeltec_ros2/install/astra_msgs/include/astra_msgs/srv/detail/set_auto_exposure__rosidl_typesupport_fastrtps_c.h
[4.958s] -- Up-to-date: /home/wheeltec/wheeltec_ros2/install/astra_msgs/include/astra_msgs/srv/detail/reset_ir_gain__rosidl_typesupport_fastrtps_c.h
[4.958s] -- Up-to-date: /home/wheeltec/wheeltec_ros2/install/astra_msgs/include/astra_msgs/srv/detail/get_uvc_gain__rosidl_typesupport_fastrtps_c.h
[4.958s] -- Up-to-date: /home/wheeltec/wheeltec_ros2/install/astra_msgs/include/astra_msgs/srv/detail/set_ir_gain__rosidl_typesupport_fastrtps_c.h
[4.959s] -- Up-to-date: /home/wheeltec/wheeltec_ros2/install/astra_msgs/include/astra_msgs/srv/detail/get_ir_gain__rosidl_typesupport_fastrtps_c.h
[4.959s] -- Up-to-date: /home/wheeltec/wheeltec_ros2/install/astra_msgs/include/astra_msgs/srv/detail/get_device_type__rosidl_typesupport_fastrtps_c.h
[4.959s] -- Up-to-date: /home/wheeltec/wheeltec_ros2/install/astra_msgs/include/astra_msgs/srv/detail/get_version__rosidl_typesupport_fastrtps_c.h
[4.960s] -- Up-to-date: /home/wheeltec/wheeltec_ros2/install/astra_msgs/include/astra_msgs/srv/detail/set_ldp__rosidl_typesupport_fastrtps_c.h
[4.960s] -- Up-to-date: /home/wheeltec/wheeltec_ros2/install/astra_msgs/include/astra_msgs/srv/detail/set_laser__rosidl_typesupport_fastrtps_c.h
[4.961s] -- Up-to-date: /home/wheeltec/wheeltec_ros2/install/astra_msgs/include/astra_msgs/srv/detail/set_auto_white_balance__rosidl_typesupport_fastrtps_c.h
[4.961s] -- Up-to-date: /home/wheeltec/wheeltec_ros2/install/astra_msgs/include/astra_msgs/srv/detail/set_mirror__rosidl_typesupport_fastrtps_c.h
[4.962s] -- Up-to-date: /home/wheeltec/wheeltec_ros2/install/astra_msgs/include/astra_msgs/srv/detail/switch_ir_camera__rosidl_typesupport_fastrtps_c.h
[4.962s] -- Up-to-date: /home/wheeltec/wheeltec_ros2/install/astra_msgs/include/astra_msgs/srv/detail/get_serial__rosidl_typesupport_fastrtps_c.h
[4.963s] -- Up-to-date: /home/wheeltec/wheeltec_ros2/install/astra_msgs/include/astra_msgs/srv/detail/get_camera_info__rosidl_typesupport_fastrtps_c.h
[4.963s] -- Up-to-date: /home/wheeltec/wheeltec_ros2/install/astra_msgs/include/astra_msgs/srv/detail/set_uvc_exposure__rosidl_typesupport_fastrtps_c.h
[4.963s] -- Up-to-date: /home/wheeltec/wheeltec_ros2/install/astra_msgs/include/astra_msgs/srv/detail/get_ir_exposure__rosidl_typesupport_fastrtps_c.h
[4.964s] -- Up-to-date: /home/wheeltec/wheeltec_ros2/install/astra_msgs/include/astra_msgs/srv/detail/get_uvc_white_balance__rosidl_typesupport_fastrtps_c.h
[4.964s] -- Up-to-date: /home/wheeltec/wheeltec_ros2/install/astra_msgs/include/astra_msgs/srv/detail/reset_ir_exposure__rosidl_typesupport_fastrtps_c.h
[4.964s] -- Up-to-date: /home/wheeltec/wheeltec_ros2/install/astra_msgs/include/astra_msgs/srv/detail/set_uvc_gain__rosidl_typesupport_fastrtps_c.h
[4.965s] -- Up-to-date: /home/wheeltec/wheeltec_ros2/install/astra_msgs/include/astra_msgs/srv/detail/set_ir_exposure__rosidl_typesupport_fastrtps_c.h
[4.965s] -- Up-to-date: /home/wheeltec/wheeltec_ros2/install/astra_msgs/include/astra_msgs/srv/detail/set_fan__rosidl_typesupport_fastrtps_c.h
[4.966s] -- Up-to-date: /home/wheeltec/wheeltec_ros2/install/astra_msgs/include/astra_msgs/srv/detail/set_ae_enable__rosidl_typesupport_fastrtps_c.h
[4.966s] -- Up-to-date: /home/wheeltec/wheeltec_ros2/install/astra_msgs/include/astra_msgs/srv/detail/set_uvc_white_balance__rosidl_typesupport_fastrtps_c.h
[4.966s] -- Up-to-date: /home/wheeltec/wheeltec_ros2/install/astra_msgs/include/astra_msgs/srv/detail/get_uvc_exposure__rosidl_typesupport_fastrtps_c.h
[4.967s] -- Up-to-date: /home/wheeltec/wheeltec_ros2/install/astra_msgs/lib/libastra_msgs__rosidl_typesupport_fastrtps_c.so
[4.967s] -- Up-to-date: /home/wheeltec/wheeltec_ros2/install/astra_msgs/include/astra_msgs
[4.968s] -- Up-to-date: /home/wheeltec/wheeltec_ros2/install/astra_msgs/include/astra_msgs/msg
[4.968s] -- Up-to-date: /home/wheeltec/wheeltec_ros2/install/astra_msgs/include/astra_msgs/msg/rosidl_typesupport_fastrtps_cpp__visibility_control.h
[4.968s] -- Up-to-date: /home/wheeltec/wheeltec_ros2/install/astra_msgs/include/astra_msgs/srv
[4.969s] -- Up-to-date: /home/wheeltec/wheeltec_ros2/install/astra_msgs/include/astra_msgs/srv/detail
[4.969s] -- Up-to-date: /home/wheeltec/wheeltec_ros2/install/astra_msgs/include/astra_msgs/srv/detail/dds_fastrtps
[4.969s] -- Up-to-date: /home/wheeltec/wheeltec_ros2/install/astra_msgs/include/astra_msgs/srv/detail/set_ldp__rosidl_typesupport_fastrtps_cpp.hpp
[4.970s] -- Up-to-date: /home/wheeltec/wheeltec_ros2/install/astra_msgs/include/astra_msgs/srv/detail/get_ir_exposure__rosidl_typesupport_fastrtps_cpp.hpp
[4.970s] -- Up-to-date: /home/wheeltec/wheeltec_ros2/install/astra_msgs/include/astra_msgs/srv/detail/set_uvc_exposure__rosidl_typesupport_fastrtps_cpp.hpp
[4.971s] -- Up-to-date: /home/wheeltec/wheeltec_ros2/install/astra_msgs/include/astra_msgs/srv/detail/get_serial__rosidl_typesupport_fastrtps_cpp.hpp
[4.972s] -- Up-to-date: /home/wheeltec/wheeltec_ros2/install/astra_msgs/include/astra_msgs/srv/detail/get_uvc_gain__rosidl_typesupport_fastrtps_cpp.hpp
[4.972s] -- Up-to-date: /home/wheeltec/wheeltec_ros2/install/astra_msgs/include/astra_msgs/srv/detail/get_uvc_exposure__rosidl_typesupport_fastrtps_cpp.hpp
[4.972s] -- Up-to-date: /home/wheeltec/wheeltec_ros2/install/astra_msgs/include/astra_msgs/srv/detail/set_fan__rosidl_typesupport_fastrtps_cpp.hpp
[4.973s] -- Up-to-date: /home/wheeltec/wheeltec_ros2/install/astra_msgs/include/astra_msgs/srv/detail/get_version__rosidl_typesupport_fastrtps_cpp.hpp
[4.973s] -- Up-to-date: /home/wheeltec/wheeltec_ros2/install/astra_msgs/include/astra_msgs/srv/detail/set_uvc_white_balance__rosidl_typesupport_fastrtps_cpp.hpp
[4.973s] -- Up-to-date: /home/wheeltec/wheeltec_ros2/install/astra_msgs/include/astra_msgs/srv/detail/reset_ir_exposure__rosidl_typesupport_fastrtps_cpp.hpp
[4.974s] -- Up-to-date: /home/wheeltec/wheeltec_ros2/install/astra_msgs/include/astra_msgs/srv/detail/set_ir_gain__rosidl_typesupport_fastrtps_cpp.hpp
[4.974s] -- Up-to-date: /home/wheeltec/wheeltec_ros2/install/astra_msgs/include/astra_msgs/srv/detail/set_mirror__rosidl_typesupport_fastrtps_cpp.hpp
[4.975s] -- Up-to-date: /home/wheeltec/wheeltec_ros2/install/astra_msgs/include/astra_msgs/srv/detail/set_laser__rosidl_typesupport_fastrtps_cpp.hpp
[4.975s] -- Up-to-date: /home/wheeltec/wheeltec_ros2/install/astra_msgs/include/astra_msgs/srv/detail/set_auto_exposure__rosidl_typesupport_fastrtps_cpp.hpp
[4.975s] -- Up-to-date: /home/wheeltec/wheeltec_ros2/install/astra_msgs/include/astra_msgs/srv/detail/set_ae_enable__rosidl_typesupport_fastrtps_cpp.hpp
[4.976s] -- Up-to-date: /home/wheeltec/wheeltec_ros2/install/astra_msgs/include/astra_msgs/srv/detail/set_auto_white_balance__rosidl_typesupport_fastrtps_cpp.hpp
[4.976s] -- Up-to-date: /home/wheeltec/wheeltec_ros2/install/astra_msgs/include/astra_msgs/srv/detail/get_uvc_white_balance__rosidl_typesupport_fastrtps_cpp.hpp
[4.976s] -- Up-to-date: /home/wheeltec/wheeltec_ros2/install/astra_msgs/include/astra_msgs/srv/detail/switch_ir_camera__rosidl_typesupport_fastrtps_cpp.hpp
[4.977s] -- Up-to-date: /home/wheeltec/wheeltec_ros2/install/astra_msgs/include/astra_msgs/srv/detail/reset_ir_gain__rosidl_typesupport_fastrtps_cpp.hpp
[4.977s] -- Up-to-date: /home/wheeltec/wheeltec_ros2/install/astra_msgs/include/astra_msgs/srv/detail/get_device_type__rosidl_typesupport_fastrtps_cpp.hpp
[4.978s] -- Up-to-date: /home/wheeltec/wheeltec_ros2/install/astra_msgs/include/astra_msgs/srv/detail/set_distortioncal__rosidl_typesupport_fastrtps_cpp.hpp
[4.978s] -- Up-to-date: /home/wheeltec/wheeltec_ros2/install/astra_msgs/include/astra_msgs/srv/detail/set_uvc_gain__rosidl_typesupport_fastrtps_cpp.hpp
[4.978s] -- Up-to-date: /home/wheeltec/wheeltec_ros2/install/astra_msgs/include/astra_msgs/srv/detail/set_ir_flood__rosidl_typesupport_fastrtps_cpp.hpp
[4.979s] -- Up-to-date: /home/wheeltec/wheeltec_ros2/install/astra_msgs/include/astra_msgs/srv/detail/set_ir_exposure__rosidl_typesupport_fastrtps_cpp.hpp
[4.979s] -- Up-to-date: /home/wheeltec/wheeltec_ros2/install/astra_msgs/include/astra_msgs/srv/detail/get_camera_info__rosidl_typesupport_fastrtps_cpp.hpp
[4.980s] -- Up-to-date: /home/wheeltec/wheeltec_ros2/install/astra_msgs/include/astra_msgs/srv/detail/get_ir_gain__rosidl_typesupport_fastrtps_cpp.hpp
[4.980s] -- Up-to-date: /home/wheeltec/wheeltec_ros2/install/astra_msgs/lib/libastra_msgs__rosidl_typesupport_fastrtps_cpp.so
[4.980s] -- Up-to-date: /home/wheeltec/wheeltec_ros2/install/astra_msgs/include/astra_msgs
[4.981s] -- Up-to-date: /home/wheeltec/wheeltec_ros2/install/astra_msgs/include/astra_msgs/msg
[4.981s] -- Up-to-date: /home/wheeltec/wheeltec_ros2/install/astra_msgs/include/astra_msgs/msg/rosidl_typesupport_introspection_c__visibility_control.h
[4.982s] -- Up-to-date: /home/wheeltec/wheeltec_ros2/install/astra_msgs/include/astra_msgs/srv
[4.982s] -- Up-to-date: /home/wheeltec/wheeltec_ros2/install/astra_msgs/include/astra_msgs/srv/detail
[4.982s] -- Up-to-date: /home/wheeltec/wheeltec_ros2/install/astra_msgs/include/astra_msgs/srv/detail/set_uvc_white_balance__type_support.c
[4.983s] -- Up-to-date: /home/wheeltec/wheeltec_ros2/install/astra_msgs/include/astra_msgs/srv/detail/set_laser__rosidl_typesupport_introspection_c.h
[4.983s] -- Up-to-date: /home/wheeltec/wheeltec_ros2/install/astra_msgs/include/astra_msgs/srv/detail/set_ir_exposure__rosidl_typesupport_introspection_c.h
[4.984s] -- Up-to-date: /home/wheeltec/wheeltec_ros2/install/astra_msgs/include/astra_msgs/srv/detail/set_distortioncal__rosidl_typesupport_introspection_c.h
[4.984s] -- Up-to-date: /home/wheeltec/wheeltec_ros2/install/astra_msgs/include/astra_msgs/srv/detail/set_auto_exposure__type_support.c
[4.984s] -- Up-to-date: /home/wheeltec/wheeltec_ros2/install/astra_msgs/include/astra_msgs/srv/detail/get_uvc_white_balance__rosidl_typesupport_introspection_c.h
[4.985s] -- Up-to-date: /home/wheeltec/wheeltec_ros2/install/astra_msgs/include/astra_msgs/srv/detail/set_uvc_white_balance__rosidl_typesupport_introspection_c.h
[4.986s] -- Up-to-date: /home/wheeltec/wheeltec_ros2/install/astra_msgs/include/astra_msgs/srv/detail/get_camera_info__type_support.c
[4.986s] -- Up-to-date: /home/wheeltec/wheeltec_ros2/install/astra_msgs/include/astra_msgs/srv/detail/reset_ir_exposure__type_support.c
[4.987s] -- Up-to-date: /home/wheeltec/wheeltec_ros2/install/astra_msgs/include/astra_msgs/srv/detail/get_device_type__rosidl_typesupport_introspection_c.h
[4.987s] -- Up-to-date: /home/wheeltec/wheeltec_ros2/install/astra_msgs/include/astra_msgs/srv/detail/set_laser__type_support.c
[4.987s] -- Up-to-date: /home/wheeltec/wheeltec_ros2/install/astra_msgs/include/astra_msgs/srv/detail/set_ae_enable__rosidl_typesupport_introspection_c.h
[4.988s] -- Up-to-date: /home/wheeltec/wheeltec_ros2/install/astra_msgs/include/astra_msgs/srv/detail/set_mirror__type_support.c
[4.988s] -- Up-to-date: /home/wheeltec/wheeltec_ros2/install/astra_msgs/include/astra_msgs/srv/detail/get_uvc_white_balance__type_support.c
[4.989s] -- Up-to-date: /home/wheeltec/wheeltec_ros2/install/astra_msgs/include/astra_msgs/srv/detail/get_serial__rosidl_typesupport_introspection_c.h
[4.989s] -- Up-to-date: /home/wheeltec/wheeltec_ros2/install/astra_msgs/include/astra_msgs/srv/detail/switch_ir_camera__rosidl_typesupport_introspection_c.h
[4.990s] -- Up-to-date: /home/wheeltec/wheeltec_ros2/install/astra_msgs/include/astra_msgs/srv/detail/reset_ir_exposure__rosidl_typesupport_introspection_c.h
[4.990s] -- Up-to-date: /home/wheeltec/wheeltec_ros2/install/astra_msgs/include/astra_msgs/srv/detail/get_uvc_exposure__type_support.c
[4.991s] -- Up-to-date: /home/wheeltec/wheeltec_ros2/install/astra_msgs/include/astra_msgs/srv/detail/reset_ir_gain__type_support.c
[4.991s] -- Up-to-date: /home/wheeltec/wheeltec_ros2/install/astra_msgs/include/astra_msgs/srv/detail/set_auto_white_balance__type_support.c
[4.991s] -- Up-to-date: /home/wheeltec/wheeltec_ros2/install/astra_msgs/include/astra_msgs/srv/detail/set_distortioncal__type_support.c
[4.992s] -- Up-to-date: /home/wheeltec/wheeltec_ros2/install/astra_msgs/include/astra_msgs/srv/detail/get_uvc_gain__rosidl_typesupport_introspection_c.h
[4.993s] -- Up-to-date: /home/wheeltec/wheeltec_ros2/install/astra_msgs/include/astra_msgs/srv/detail/get_device_type__type_support.c
[4.993s] -- Up-to-date: /home/wheeltec/wheeltec_ros2/install/astra_msgs/include/astra_msgs/srv/detail/get_version__rosidl_typesupport_introspection_c.h
[4.994s] -- Up-to-date: /home/wheeltec/wheeltec_ros2/install/astra_msgs/include/astra_msgs/srv/detail/set_auto_white_balance__rosidl_typesupport_introspection_c.h
[4.994s] -- Up-to-date: /home/wheeltec/wheeltec_ros2/install/astra_msgs/include/astra_msgs/srv/detail/get_uvc_gain__type_support.c
[4.994s] -- Up-to-date: /home/wheeltec/wheeltec_ros2/install/astra_msgs/include/astra_msgs/srv/detail/set_ir_gain__type_support.c
[4.995s] -- Up-to-date: /home/wheeltec/wheeltec_ros2/install/astra_msgs/include/astra_msgs/srv/detail/set_ir_flood__rosidl_typesupport_introspection_c.h
[4.995s] -- Up-to-date: /home/wheeltec/wheeltec_ros2/install/astra_msgs/include/astra_msgs/srv/detail/set_uvc_gain__rosidl_typesupport_introspection_c.h
[4.996s] -- Up-to-date: /home/wheeltec/wheeltec_ros2/install/astra_msgs/include/astra_msgs/srv/detail/get_serial__type_support.c
[4.996s] -- Up-to-date: /home/wheeltec/wheeltec_ros2/install/astra_msgs/include/astra_msgs/srv/detail/set_fan__rosidl_typesupport_introspection_c.h
[4.996s] -- Up-to-date: /home/wheeltec/wheeltec_ros2/install/astra_msgs/include/astra_msgs/srv/detail/reset_ir_gain__rosidl_typesupport_introspection_c.h
[4.997s] -- Up-to-date: /home/wheeltec/wheeltec_ros2/install/astra_msgs/include/astra_msgs/srv/detail/set_ae_enable__type_support.c
[4.997s] -- Up-to-date: /home/wheeltec/wheeltec_ros2/install/astra_msgs/include/astra_msgs/srv/detail/switch_ir_camera__type_support.c
[4.997s] -- Up-to-date: /home/wheeltec/wheeltec_ros2/install/astra_msgs/include/astra_msgs/srv/detail/set_ldp__type_support.c
[4.998s] -- Up-to-date: /home/wheeltec/wheeltec_ros2/install/astra_msgs/include/astra_msgs/srv/detail/set_ir_flood__type_support.c
[4.998s] -- Up-to-date: /home/wheeltec/wheeltec_ros2/install/astra_msgs/include/astra_msgs/srv/detail/get_camera_info__rosidl_typesupport_introspection_c.h
[4.999s] -- Up-to-date: /home/wheeltec/wheeltec_ros2/install/astra_msgs/include/astra_msgs/srv/detail/set_fan__type_support.c
[4.999s] -- Up-to-date: /home/wheeltec/wheeltec_ros2/install/astra_msgs/include/astra_msgs/srv/detail/set_uvc_exposure__type_support.c
[4.999s] -- Up-to-date: /home/wheeltec/wheeltec_ros2/install/astra_msgs/include/astra_msgs/srv/detail/set_mirror__rosidl_typesupport_introspection_c.h
[5.000s] -- Up-to-date: /home/wheeltec/wheeltec_ros2/install/astra_msgs/include/astra_msgs/srv/detail/get_ir_exposure__rosidl_typesupport_introspection_c.h
[5.000s] -- Up-to-date: /home/wheeltec/wheeltec_ros2/install/astra_msgs/include/astra_msgs/srv/detail/set_auto_exposure__rosidl_typesupport_introspection_c.h
[5.000s] -- Up-to-date: /home/wheeltec/wheeltec_ros2/install/astra_msgs/include/astra_msgs/srv/detail/get_ir_gain__rosidl_typesupport_introspection_c.h
[5.001s] -- Up-to-date: /home/wheeltec/wheeltec_ros2/install/astra_msgs/include/astra_msgs/srv/detail/set_ldp__rosidl_typesupport_introspection_c.h
[5.001s] -- Up-to-date: /home/wheeltec/wheeltec_ros2/install/astra_msgs/include/astra_msgs/srv/detail/set_uvc_gain__type_support.c
[5.002s] -- Up-to-date: /home/wheeltec/wheeltec_ros2/install/astra_msgs/include/astra_msgs/srv/detail/get_version__type_support.c
[5.002s] -- Up-to-date: /home/wheeltec/wheeltec_ros2/install/astra_msgs/include/astra_msgs/srv/detail/get_ir_gain__type_support.c
[5.003s] -- Up-to-date: /home/wheeltec/wheeltec_ros2/install/astra_msgs/include/astra_msgs/srv/detail/set_ir_exposure__type_support.c
[5.003s] -- Up-to-date: /home/wheeltec/wheeltec_ros2/install/astra_msgs/include/astra_msgs/srv/detail/get_ir_exposure__type_support.c
[5.004s] -- Up-to-date: /home/wheeltec/wheeltec_ros2/install/astra_msgs/include/astra_msgs/srv/detail/get_uvc_exposure__rosidl_typesupport_introspection_c.h
[5.005s] -- Up-to-date: /home/wheeltec/wheeltec_ros2/install/astra_msgs/include/astra_msgs/srv/detail/set_ir_gain__rosidl_typesupport_introspection_c.h
[5.005s] -- Up-to-date: /home/wheeltec/wheeltec_ros2/install/astra_msgs/include/astra_msgs/srv/detail/set_uvc_exposure__rosidl_typesupport_introspection_c.h
[5.005s] -- Up-to-date: /home/wheeltec/wheeltec_ros2/install/astra_msgs/lib/libastra_msgs__rosidl_typesupport_introspection_c.so
[5.006s] -- Up-to-date: /home/wheeltec/wheeltec_ros2/install/astra_msgs/lib/libastra_msgs__rosidl_typesupport_c.so
[5.006s] -- Up-to-date: /home/wheeltec/wheeltec_ros2/install/astra_msgs/include/astra_msgs
[5.007s] -- Up-to-date: /home/wheeltec/wheeltec_ros2/install/astra_msgs/include/astra_msgs/srv
[5.007s] -- Up-to-date: /home/wheeltec/wheeltec_ros2/install/astra_msgs/include/astra_msgs/srv/set_auto_exposure.hpp
[5.007s] -- Up-to-date: /home/wheeltec/wheeltec_ros2/install/astra_msgs/include/astra_msgs/srv/set_uvc_gain.hpp
[5.008s] -- Up-to-date: /home/wheeltec/wheeltec_ros2/install/astra_msgs/include/astra_msgs/srv/set_ae_enable.hpp
[5.008s] -- Up-to-date: /home/wheeltec/wheeltec_ros2/install/astra_msgs/include/astra_msgs/srv/switch_ir_camera.hpp
[5.009s] -- Up-to-date: /home/wheeltec/wheeltec_ros2/install/astra_msgs/include/astra_msgs/srv/get_serial.hpp
[5.009s] -- Up-to-date: /home/wheeltec/wheeltec_ros2/install/astra_msgs/include/astra_msgs/srv/get_uvc_white_balance.hpp
[5.010s] -- Up-to-date: /home/wheeltec/wheeltec_ros2/install/astra_msgs/include/astra_msgs/srv/reset_ir_exposure.hpp
[5.010s] -- Up-to-date: /home/wheeltec/wheeltec_ros2/install/astra_msgs/include/astra_msgs/srv/set_uvc_white_balance.hpp
[5.010s] -- Up-to-date: /home/wheeltec/wheeltec_ros2/install/astra_msgs/include/astra_msgs/srv/set_ir_gain.hpp
[5.011s] -- Up-to-date: /home/wheeltec/wheeltec_ros2/install/astra_msgs/include/astra_msgs/srv/set_auto_white_balance.hpp
[5.012s] -- Up-to-date: /home/wheeltec/wheeltec_ros2/install/astra_msgs/include/astra_msgs/srv/get_camera_info.hpp
[5.012s] -- Up-to-date: /home/wheeltec/wheeltec_ros2/install/astra_msgs/include/astra_msgs/srv/set_uvc_exposure.hpp
[5.012s] -- Up-to-date: /home/wheeltec/wheeltec_ros2/install/astra_msgs/include/astra_msgs/srv/set_fan.hpp
[5.013s] -- Up-to-date: /home/wheeltec/wheeltec_ros2/install/astra_msgs/include/astra_msgs/srv/get_ir_exposure.hpp
[5.013s] -- Up-to-date: /home/wheeltec/wheeltec_ros2/install/astra_msgs/include/astra_msgs/srv/set_mirror.hpp
[5.013s] -- Up-to-date: /home/wheeltec/wheeltec_ros2/install/astra_msgs/include/astra_msgs/srv/detail
[5.014s] -- Up-to-date: /home/wheeltec/wheeltec_ros2/install/astra_msgs/include/astra_msgs/srv/detail/get_uvc_exposure__builder.hpp
[5.015s] -- Up-to-date: /home/wheeltec/wheeltec_ros2/install/astra_msgs/include/astra_msgs/srv/detail/set_laser__struct.hpp
[5.015s] -- Up-to-date: /home/wheeltec/wheeltec_ros2/install/astra_msgs/include/astra_msgs/srv/detail/set_fan__struct.hpp
[5.015s] -- Up-to-date: /home/wheeltec/wheeltec_ros2/install/astra_msgs/include/astra_msgs/srv/detail/set_uvc_white_balance__builder.hpp
[5.016s] -- Up-to-date: /home/wheeltec/wheeltec_ros2/install/astra_msgs/include/astra_msgs/srv/detail/set_uvc_white_balance__traits.hpp
[5.016s] -- Up-to-date: /home/wheeltec/wheeltec_ros2/install/astra_msgs/include/astra_msgs/srv/detail/get_serial__builder.hpp
[5.017s] -- Up-to-date: /home/wheeltec/wheeltec_ros2/install/astra_msgs/include/astra_msgs/srv/detail/get_ir_exposure__builder.hpp
[5.017s] -- Up-to-date: /home/wheeltec/wheeltec_ros2/install/astra_msgs/include/astra_msgs/srv/detail/set_ir_exposure__traits.hpp
[5.018s] -- Up-to-date: /home/wheeltec/wheeltec_ros2/install/astra_msgs/include/astra_msgs/srv/detail/reset_ir_exposure__traits.hpp
[5.018s] -- Up-to-date: /home/wheeltec/wheeltec_ros2/install/astra_msgs/include/astra_msgs/srv/detail/set_ae_enable__struct.hpp
[5.019s] -- Up-to-date: /home/wheeltec/wheeltec_ros2/install/astra_msgs/include/astra_msgs/srv/detail/set_distortioncal__struct.hpp
[5.019s] -- Up-to-date: /home/wheeltec/wheeltec_ros2/install/astra_msgs/include/astra_msgs/srv/detail/set_ir_exposure__struct.hpp
[5.020s] -- Up-to-date: /home/wheeltec/wheeltec_ros2/install/astra_msgs/include/astra_msgs/srv/detail/set_mirror__builder.hpp
[5.020s] -- Up-to-date: /home/wheeltec/wheeltec_ros2/install/astra_msgs/include/astra_msgs/srv/detail/switch_ir_camera__builder.hpp
[5.020s] -- Up-to-date: /home/wheeltec/wheeltec_ros2/install/astra_msgs/include/astra_msgs/srv/detail/set_fan__builder.hpp
[5.021s] -- Up-to-date: /home/wheeltec/wheeltec_ros2/install/astra_msgs/include/astra_msgs/srv/detail/set_distortioncal__builder.hpp
[5.021s] -- Up-to-date: /home/wheeltec/wheeltec_ros2/install/astra_msgs/include/astra_msgs/srv/detail/set_uvc_exposure__traits.hpp
[5.021s] -- Up-to-date: /home/wheeltec/wheeltec_ros2/install/astra_msgs/include/astra_msgs/srv/detail/get_ir_gain__builder.hpp
[5.022s] -- Up-to-date: /home/wheeltec/wheeltec_ros2/install/astra_msgs/include/astra_msgs/srv/detail/set_ir_gain__struct.hpp
[5.022s] -- Up-to-date: /home/wheeltec/wheeltec_ros2/install/astra_msgs/include/astra_msgs/srv/detail/set_ae_enable__builder.hpp
[5.023s] -- Up-to-date: /home/wheeltec/wheeltec_ros2/install/astra_msgs/include/astra_msgs/srv/detail/reset_ir_exposure__struct.hpp
[5.023s] -- Up-to-date: /home/wheeltec/wheeltec_ros2/install/astra_msgs/include/astra_msgs/srv/detail/set_uvc_gain__builder.hpp
[5.023s] -- Up-to-date: /home/wheeltec/wheeltec_ros2/install/astra_msgs/include/astra_msgs/srv/detail/set_ir_flood__traits.hpp
[5.024s] -- Up-to-date: /home/wheeltec/wheeltec_ros2/install/astra_msgs/include/astra_msgs/srv/detail/reset_ir_gain__struct.hpp
[5.024s] -- Up-to-date: /home/wheeltec/wheeltec_ros2/install/astra_msgs/include/astra_msgs/srv/detail/reset_ir_gain__builder.hpp
[5.025s] -- Up-to-date: /home/wheeltec/wheeltec_ros2/install/astra_msgs/include/astra_msgs/srv/detail/get_uvc_gain__traits.hpp
[5.025s] -- Up-to-date: /home/wheeltec/wheeltec_ros2/install/astra_msgs/include/astra_msgs/srv/detail/switch_ir_camera__struct.hpp
[5.026s] -- Up-to-date: /home/wheeltec/wheeltec_ros2/install/astra_msgs/include/astra_msgs/srv/detail/get_version__struct.hpp
[5.026s] -- Up-to-date: /home/wheeltec/wheeltec_ros2/install/astra_msgs/include/astra_msgs/srv/detail/get_camera_info__struct.hpp
[5.026s] -- Up-to-date: /home/wheeltec/wheeltec_ros2/install/astra_msgs/include/astra_msgs/srv/detail/set_auto_white_balance__builder.hpp
[5.027s] -- Up-to-date: /home/wheeltec/wheeltec_ros2/install/astra_msgs/include/astra_msgs/srv/detail/set_uvc_gain__struct.hpp
[5.027s] -- Up-to-date: /home/wheeltec/wheeltec_ros2/install/astra_msgs/include/astra_msgs/srv/detail/set_auto_white_balance__struct.hpp
[5.027s] -- Up-to-date: /home/wheeltec/wheeltec_ros2/install/astra_msgs/include/astra_msgs/srv/detail/set_auto_exposure__traits.hpp
[5.028s] -- Up-to-date: /home/wheeltec/wheeltec_ros2/install/astra_msgs/include/astra_msgs/srv/detail/set_ir_exposure__builder.hpp
[5.028s] -- Up-to-date: /home/wheeltec/wheeltec_ros2/install/astra_msgs/include/astra_msgs/srv/detail/get_ir_exposure__traits.hpp
[5.029s] -- Up-to-date: /home/wheeltec/wheeltec_ros2/install/astra_msgs/include/astra_msgs/srv/detail/set_ir_gain__builder.hpp
[5.029s] -- Up-to-date: /home/wheeltec/wheeltec_ros2/install/astra_msgs/include/astra_msgs/srv/detail/set_uvc_exposure__struct.hpp
[5.029s] -- Up-to-date: /home/wheeltec/wheeltec_ros2/install/astra_msgs/include/astra_msgs/srv/detail/get_serial__struct.hpp
[5.030s] -- Up-to-date: /home/wheeltec/wheeltec_ros2/install/astra_msgs/include/astra_msgs/srv/detail/get_device_type__traits.hpp
[5.031s] -- Up-to-date: /home/wheeltec/wheeltec_ros2/install/astra_msgs/include/astra_msgs/srv/detail/get_uvc_gain__builder.hpp
[5.031s] -- Up-to-date: /home/wheeltec/wheeltec_ros2/install/astra_msgs/include/astra_msgs/srv/detail/get_camera_info__builder.hpp
[5.031s] -- Up-to-date: /home/wheeltec/wheeltec_ros2/install/astra_msgs/include/astra_msgs/srv/detail/set_ldp__struct.hpp
[5.032s] -- Up-to-date: /home/wheeltec/wheeltec_ros2/install/astra_msgs/include/astra_msgs/srv/detail/get_uvc_exposure__traits.hpp
[5.032s] -- Up-to-date: /home/wheeltec/wheeltec_ros2/install/astra_msgs/include/astra_msgs/srv/detail/set_ir_flood__builder.hpp
[5.033s] -- Up-to-date: /home/wheeltec/wheeltec_ros2/install/astra_msgs/include/astra_msgs/srv/detail/set_ldp__builder.hpp
[5.033s] -- Up-to-date: /home/wheeltec/wheeltec_ros2/install/astra_msgs/include/astra_msgs/srv/detail/get_camera_info__traits.hpp
[5.033s] -- Up-to-date: /home/wheeltec/wheeltec_ros2/install/astra_msgs/include/astra_msgs/srv/detail/switch_ir_camera__traits.hpp
[5.034s] -- Up-to-date: /home/wheeltec/wheeltec_ros2/install/astra_msgs/include/astra_msgs/srv/detail/get_uvc_white_balance__traits.hpp
[5.034s] -- Up-to-date: /home/wheeltec/wheeltec_ros2/install/astra_msgs/include/astra_msgs/srv/detail/get_ir_gain__traits.hpp
[5.035s] -- Up-to-date: /home/wheeltec/wheeltec_ros2/install/astra_msgs/include/astra_msgs/srv/detail/set_ir_gain__traits.hpp
[5.035s] -- Up-to-date: /home/wheeltec/wheeltec_ros2/install/astra_msgs/include/astra_msgs/srv/detail/set_auto_exposure__builder.hpp
[5.036s] -- Up-to-date: /home/wheeltec/wheeltec_ros2/install/astra_msgs/include/astra_msgs/srv/detail/get_uvc_white_balance__struct.hpp
[5.036s] -- Up-to-date: /home/wheeltec/wheeltec_ros2/install/astra_msgs/include/astra_msgs/srv/detail/set_uvc_gain__traits.hpp
[5.036s] -- Up-to-date: /home/wheeltec/wheeltec_ros2/install/astra_msgs/include/astra_msgs/srv/detail/set_mirror__struct.hpp
[5.037s] -- Up-to-date: /home/wheeltec/wheeltec_ros2/install/astra_msgs/include/astra_msgs/srv/detail/set_ldp__traits.hpp
[5.037s] -- Up-to-date: /home/wheeltec/wheeltec_ros2/install/astra_msgs/include/astra_msgs/srv/detail/reset_ir_gain__traits.hpp
[5.037s] -- Up-to-date: /home/wheeltec/wheeltec_ros2/install/astra_msgs/include/astra_msgs/srv/detail/set_distortioncal__traits.hpp
[5.038s] -- Up-to-date: /home/wheeltec/wheeltec_ros2/install/astra_msgs/include/astra_msgs/srv/detail/get_version__builder.hpp
[5.038s] -- Up-to-date: /home/wheeltec/wheeltec_ros2/install/astra_msgs/include/astra_msgs/srv/detail/set_uvc_exposure__builder.hpp
[5.039s] -- Up-to-date: /home/wheeltec/wheeltec_ros2/install/astra_msgs/include/astra_msgs/srv/detail/get_device_type__struct.hpp
[5.039s] -- Up-to-date: /home/wheeltec/wheeltec_ros2/install/astra_msgs/include/astra_msgs/srv/detail/get_uvc_gain__struct.hpp
[5.039s] -- Up-to-date: /home/wheeltec/wheeltec_ros2/install/astra_msgs/include/astra_msgs/srv/detail/get_serial__traits.hpp
[5.040s] -- Up-to-date: /home/wheeltec/wheeltec_ros2/install/astra_msgs/include/astra_msgs/srv/detail/set_auto_white_balance__traits.hpp
[5.040s] -- Up-to-date: /home/wheeltec/wheeltec_ros2/install/astra_msgs/include/astra_msgs/srv/detail/set_mirror__traits.hpp
[5.041s] -- Up-to-date: /home/wheeltec/wheeltec_ros2/install/astra_msgs/include/astra_msgs/srv/detail/get_ir_gain__struct.hpp
[5.041s] -- Up-to-date: /home/wheeltec/wheeltec_ros2/install/astra_msgs/include/astra_msgs/srv/detail/reset_ir_exposure__builder.hpp
[5.041s] -- Up-to-date: /home/wheeltec/wheeltec_ros2/install/astra_msgs/include/astra_msgs/srv/detail/get_device_type__builder.hpp
[5.042s] -- Up-to-date: /home/wheeltec/wheeltec_ros2/install/astra_msgs/include/astra_msgs/srv/detail/set_uvc_white_balance__struct.hpp
[5.042s] -- Up-to-date: /home/wheeltec/wheeltec_ros2/install/astra_msgs/include/astra_msgs/srv/detail/set_ae_enable__traits.hpp
[5.042s] -- Up-to-date: /home/wheeltec/wheeltec_ros2/install/astra_msgs/include/astra_msgs/srv/detail/set_ir_flood__struct.hpp
[5.043s] -- Up-to-date: /home/wheeltec/wheeltec_ros2/install/astra_msgs/include/astra_msgs/srv/detail/get_uvc_exposure__struct.hpp
[5.043s] -- Up-to-date: /home/wheeltec/wheeltec_ros2/install/astra_msgs/include/astra_msgs/srv/detail/set_laser__traits.hpp
[5.044s] -- Up-to-date: /home/wheeltec/wheeltec_ros2/install/astra_msgs/include/astra_msgs/srv/detail/set_fan__traits.hpp
[5.044s] -- Up-to-date: /home/wheeltec/wheeltec_ros2/install/astra_msgs/include/astra_msgs/srv/detail/set_auto_exposure__struct.hpp
[5.044s] -- Up-to-date: /home/wheeltec/wheeltec_ros2/install/astra_msgs/include/astra_msgs/srv/detail/get_ir_exposure__struct.hpp
[5.045s] -- Up-to-date: /home/wheeltec/wheeltec_ros2/install/astra_msgs/include/astra_msgs/srv/detail/get_uvc_white_balance__builder.hpp
[5.045s] -- Up-to-date: /home/wheeltec/wheeltec_ros2/install/astra_msgs/include/astra_msgs/srv/detail/set_laser__builder.hpp
[5.045s] -- Up-to-date: /home/wheeltec/wheeltec_ros2/install/astra_msgs/include/astra_msgs/srv/detail/get_version__traits.hpp
[5.046s] -- Up-to-date: /home/wheeltec/wheeltec_ros2/install/astra_msgs/include/astra_msgs/srv/get_uvc_gain.hpp
[5.046s] -- Up-to-date: /home/wheeltec/wheeltec_ros2/install/astra_msgs/include/astra_msgs/srv/set_ir_flood.hpp
[5.047s] -- Up-to-date: /home/wheeltec/wheeltec_ros2/install/astra_msgs/include/astra_msgs/srv/get_ir_gain.hpp
[5.048s] -- Up-to-date: /home/wheeltec/wheeltec_ros2/install/astra_msgs/include/astra_msgs/srv/reset_ir_gain.hpp
[5.048s] -- Up-to-date: /home/wheeltec/wheeltec_ros2/install/astra_msgs/include/astra_msgs/srv/get_uvc_exposure.hpp
[5.048s] -- Up-to-date: /home/wheeltec/wheeltec_ros2/install/astra_msgs/include/astra_msgs/srv/set_ir_exposure.hpp
[5.049s] -- Up-to-date: /home/wheeltec/wheeltec_ros2/install/astra_msgs/include/astra_msgs/srv/get_version.hpp
[5.049s] -- Up-to-date: /home/wheeltec/wheeltec_ros2/install/astra_msgs/include/astra_msgs/srv/set_distortioncal.hpp
[5.049s] -- Up-to-date: /home/wheeltec/wheeltec_ros2/install/astra_msgs/include/astra_msgs/srv/set_laser.hpp
[5.050s] -- Up-to-date: /home/wheeltec/wheeltec_ros2/install/astra_msgs/include/astra_msgs/srv/get_device_type.hpp
[5.050s] -- Up-to-date: /home/wheeltec/wheeltec_ros2/install/astra_msgs/include/astra_msgs/srv/set_ldp.hpp
[5.051s] -- Up-to-date: /home/wheeltec/wheeltec_ros2/install/astra_msgs/include/astra_msgs
[5.051s] -- Up-to-date: /home/wheeltec/wheeltec_ros2/install/astra_msgs/include/astra_msgs/srv
[5.052s] -- Up-to-date: /home/wheeltec/wheeltec_ros2/install/astra_msgs/include/astra_msgs/srv/detail
[5.052s] -- Up-to-date: /home/wheeltec/wheeltec_ros2/install/astra_msgs/include/astra_msgs/srv/detail/set_ir_exposure__type_support.cpp
[5.052s] -- Up-to-date: /home/wheeltec/wheeltec_ros2/install/astra_msgs/include/astra_msgs/srv/detail/set_ir_flood__rosidl_typesupport_introspection_cpp.hpp
[5.053s] -- Up-to-date: /home/wheeltec/wheeltec_ros2/install/astra_msgs/include/astra_msgs/srv/detail/get_uvc_exposure__rosidl_typesupport_introspection_cpp.hpp
[5.054s] -- Up-to-date: /home/wheeltec/wheeltec_ros2/install/astra_msgs/include/astra_msgs/srv/detail/get_serial__type_support.cpp
[5.054s] -- Up-to-date: /home/wheeltec/wheeltec_ros2/install/astra_msgs/include/astra_msgs/srv/detail/reset_ir_exposure__rosidl_typesupport_introspection_cpp.hpp
[5.055s] -- Up-to-date: /home/wheeltec/wheeltec_ros2/install/astra_msgs/include/astra_msgs/srv/detail/set_distortioncal__rosidl_typesupport_introspection_cpp.hpp
[5.055s] -- Up-to-date: /home/wheeltec/wheeltec_ros2/install/astra_msgs/include/astra_msgs/srv/detail/get_uvc_gain__rosidl_typesupport_introspection_cpp.hpp
[5.056s] -- Up-to-date: /home/wheeltec/wheeltec_ros2/install/astra_msgs/include/astra_msgs/srv/detail/get_uvc_white_balance__rosidl_typesupport_introspection_cpp.hpp
[5.056s] -- Up-to-date: /home/wheeltec/wheeltec_ros2/install/astra_msgs/include/astra_msgs/srv/detail/get_device_type__rosidl_typesupport_introspection_cpp.hpp
[5.057s] -- Up-to-date: /home/wheeltec/wheeltec_ros2/install/astra_msgs/include/astra_msgs/srv/detail/set_uvc_white_balance__type_support.cpp
[5.057s] -- Up-to-date: /home/wheeltec/wheeltec_ros2/install/astra_msgs/include/astra_msgs/srv/detail/set_laser__type_support.cpp
[5.058s] -- Up-to-date: /home/wheeltec/wheeltec_ros2/install/astra_msgs/include/astra_msgs/srv/detail/set_ldp__type_support.cpp
[5.058s] -- Up-to-date: /home/wheeltec/wheeltec_ros2/install/astra_msgs/include/astra_msgs/srv/detail/set_laser__rosidl_typesupport_introspection_cpp.hpp
[5.059s] -- Up-to-date: /home/wheeltec/wheeltec_ros2/install/astra_msgs/include/astra_msgs/srv/detail/set_distortioncal__type_support.cpp
[5.059s] -- Up-to-date: /home/wheeltec/wheeltec_ros2/install/astra_msgs/include/astra_msgs/srv/detail/reset_ir_exposure__type_support.cpp
[5.060s] -- Up-to-date: /home/wheeltec/wheeltec_ros2/install/astra_msgs/include/astra_msgs/srv/detail/set_uvc_exposure__rosidl_typesupport_introspection_cpp.hpp
[5.060s] -- Up-to-date: /home/wheeltec/wheeltec_ros2/install/astra_msgs/include/astra_msgs/srv/detail/get_version__type_support.cpp
[5.060s] -- Up-to-date: /home/wheeltec/wheeltec_ros2/install/astra_msgs/include/astra_msgs/srv/detail/get_device_type__type_support.cpp
[5.061s] -- Up-to-date: /home/wheeltec/wheeltec_ros2/install/astra_msgs/include/astra_msgs/srv/detail/set_mirror__type_support.cpp
[5.061s] -- Up-to-date: /home/wheeltec/wheeltec_ros2/install/astra_msgs/include/astra_msgs/srv/detail/switch_ir_camera__rosidl_typesupport_introspection_cpp.hpp
[5.062s] -- Up-to-date: /home/wheeltec/wheeltec_ros2/install/astra_msgs/include/astra_msgs/srv/detail/set_uvc_exposure__type_support.cpp
[5.062s] -- Up-to-date: /home/wheeltec/wheeltec_ros2/install/astra_msgs/include/astra_msgs/srv/detail/set_auto_exposure__type_support.cpp
[5.063s] -- Up-to-date: /home/wheeltec/wheeltec_ros2/install/astra_msgs/include/astra_msgs/srv/detail/set_auto_white_balance__rosidl_typesupport_introspection_cpp.hpp
[5.063s] -- Up-to-date: /home/wheeltec/wheeltec_ros2/install/astra_msgs/include/astra_msgs/srv/detail/get_ir_exposure__type_support.cpp
[5.063s] -- Up-to-date: /home/wheeltec/wheeltec_ros2/install/astra_msgs/include/astra_msgs/srv/detail/switch_ir_camera__type_support.cpp
[5.064s] -- Up-to-date: /home/wheeltec/wheeltec_ros2/install/astra_msgs/include/astra_msgs/srv/detail/set_ldp__rosidl_typesupport_introspection_cpp.hpp
[5.064s] -- Up-to-date: /home/wheeltec/wheeltec_ros2/install/astra_msgs/include/astra_msgs/srv/detail/get_uvc_exposure__type_support.cpp
[5.065s] -- Up-to-date: /home/wheeltec/wheeltec_ros2/install/astra_msgs/include/astra_msgs/srv/detail/get_uvc_gain__type_support.cpp
[5.065s] -- Up-to-date: /home/wheeltec/wheeltec_ros2/install/astra_msgs/include/astra_msgs/srv/detail/get_serial__rosidl_typesupport_introspection_cpp.hpp
[5.065s] -- Up-to-date: /home/wheeltec/wheeltec_ros2/install/astra_msgs/include/astra_msgs/srv/detail/set_uvc_gain__type_support.cpp
[5.066s] -- Up-to-date: /home/wheeltec/wheeltec_ros2/install/astra_msgs/include/astra_msgs/srv/detail/set_fan__type_support.cpp
[5.066s] -- Up-to-date: /home/wheeltec/wheeltec_ros2/install/astra_msgs/include/astra_msgs/srv/detail/set_ae_enable__type_support.cpp
[5.066s] -- Up-to-date: /home/wheeltec/wheeltec_ros2/install/astra_msgs/include/astra_msgs/srv/detail/set_uvc_white_balance__rosidl_typesupport_introspection_cpp.hpp
[5.067s] -- Up-to-date: /home/wheeltec/wheeltec_ros2/install/astra_msgs/include/astra_msgs/srv/detail/set_ir_gain__rosidl_typesupport_introspection_cpp.hpp
[5.067s] -- Up-to-date: /home/wheeltec/wheeltec_ros2/install/astra_msgs/include/astra_msgs/srv/detail/get_camera_info__rosidl_typesupport_introspection_cpp.hpp
[5.068s] -- Up-to-date: /home/wheeltec/wheeltec_ros2/install/astra_msgs/include/astra_msgs/srv/detail/get_ir_gain__rosidl_typesupport_introspection_cpp.hpp
[5.068s] -- Up-to-date: /home/wheeltec/wheeltec_ros2/install/astra_msgs/include/astra_msgs/srv/detail/get_ir_exposure__rosidl_typesupport_introspection_cpp.hpp
[5.068s] -- Up-to-date: /home/wheeltec/wheeltec_ros2/install/astra_msgs/include/astra_msgs/srv/detail/get_uvc_white_balance__type_support.cpp
[5.069s] -- Up-to-date: /home/wheeltec/wheeltec_ros2/install/astra_msgs/include/astra_msgs/srv/detail/set_mirror__rosidl_typesupport_introspection_cpp.hpp
[5.070s] -- Up-to-date: /home/wheeltec/wheeltec_ros2/install/astra_msgs/include/astra_msgs/srv/detail/reset_ir_gain__rosidl_typesupport_introspection_cpp.hpp
[5.070s] -- Up-to-date: /home/wheeltec/wheeltec_ros2/install/astra_msgs/include/astra_msgs/srv/detail/set_ir_flood__type_support.cpp
[5.070s] -- Up-to-date: /home/wheeltec/wheeltec_ros2/install/astra_msgs/include/astra_msgs/srv/detail/set_auto_white_balance__type_support.cpp
[5.071s] -- Up-to-date: /home/wheeltec/wheeltec_ros2/install/astra_msgs/include/astra_msgs/srv/detail/set_fan__rosidl_typesupport_introspection_cpp.hpp
[5.071s] -- Up-to-date: /home/wheeltec/wheeltec_ros2/install/astra_msgs/include/astra_msgs/srv/detail/set_ir_gain__type_support.cpp
[5.072s] -- Up-to-date: /home/wheeltec/wheeltec_ros2/install/astra_msgs/include/astra_msgs/srv/detail/get_ir_gain__type_support.cpp
[5.072s] -- Up-to-date: /home/wheeltec/wheeltec_ros2/install/astra_msgs/include/astra_msgs/srv/detail/reset_ir_gain__type_support.cpp
[5.072s] -- Up-to-date: /home/wheeltec/wheeltec_ros2/install/astra_msgs/include/astra_msgs/srv/detail/set_ir_exposure__rosidl_typesupport_introspection_cpp.hpp
[5.073s] -- Up-to-date: /home/wheeltec/wheeltec_ros2/install/astra_msgs/include/astra_msgs/srv/detail/set_ae_enable__rosidl_typesupport_introspection_cpp.hpp
[5.073s] -- Up-to-date: /home/wheeltec/wheeltec_ros2/install/astra_msgs/include/astra_msgs/srv/detail/get_camera_info__type_support.cpp
[5.073s] -- Up-to-date: /home/wheeltec/wheeltec_ros2/install/astra_msgs/include/astra_msgs/srv/detail/set_auto_exposure__rosidl_typesupport_introspection_cpp.hpp
[5.074s] -- Up-to-date: /home/wheeltec/wheeltec_ros2/install/astra_msgs/include/astra_msgs/srv/detail/get_version__rosidl_typesupport_introspection_cpp.hpp
[5.075s] -- Up-to-date: /home/wheeltec/wheeltec_ros2/install/astra_msgs/include/astra_msgs/srv/detail/set_uvc_gain__rosidl_typesupport_introspection_cpp.hpp
[5.075s] -- Up-to-date: /home/wheeltec/wheeltec_ros2/install/astra_msgs/lib/libastra_msgs__rosidl_typesupport_introspection_cpp.so
[5.075s] -- Up-to-date: /home/wheeltec/wheeltec_ros2/install/astra_msgs/lib/libastra_msgs__rosidl_typesupport_cpp.so
[5.076s] -- Up-to-date: /home/wheeltec/wheeltec_ros2/install/astra_msgs/share/astra_msgs/environment/pythonpath.sh
[5.076s] -- Up-to-date: /home/wheeltec/wheeltec_ros2/install/astra_msgs/share/astra_msgs/environment/pythonpath.dsv
[5.076s] -- Up-to-date: /home/wheeltec/wheeltec_ros2/install/astra_msgs/lib/python3.8/site-packages/astra_msgs/__init__.py
[5.111s] -- Up-to-date: /home/wheeltec/wheeltec_ros2/install/astra_msgs/lib/python3.8/site-packages/astra_msgs/srv
[5.112s] -- Up-to-date: /home/wheeltec/wheeltec_ros2/install/astra_msgs/lib/python3.8/site-packages/astra_msgs/srv/_set_auto_exposure_s.c
[5.115s] -- Up-to-date: /home/wheeltec/wheeltec_ros2/install/astra_msgs/lib/python3.8/site-packages/astra_msgs/srv/_reset_ir_exposure_s.c
[5.115s] -- Up-to-date: /home/wheeltec/wheeltec_ros2/install/astra_msgs/lib/python3.8/site-packages/astra_msgs/srv/_set_distortioncal.py
[5.116s] -- Up-to-date: /home/wheeltec/wheeltec_ros2/install/astra_msgs/lib/python3.8/site-packages/astra_msgs/srv/_set_mirror.py
[5.123s] -- Up-to-date: /home/wheeltec/wheeltec_ros2/install/astra_msgs/lib/python3.8/site-packages/astra_msgs/srv/_get_device_type.py
[5.124s] -- Up-to-date: /home/wheeltec/wheeltec_ros2/install/astra_msgs/lib/python3.8/site-packages/astra_msgs/srv/_set_uvc_white_balance_s.c
[5.125s] -- Up-to-date: /home/wheeltec/wheeltec_ros2/install/astra_msgs/lib/python3.8/site-packages/astra_msgs/srv/_switch_ir_camera_s.c
[5.125s] -- Up-to-date: /home/wheeltec/wheeltec_ros2/install/astra_msgs/lib/python3.8/site-packages/astra_msgs/srv/_get_serial.py
[5.125s] -- Up-to-date: /home/wheeltec/wheeltec_ros2/install/astra_msgs/lib/python3.8/site-packages/astra_msgs/srv/__init__.py
[5.126s] -- Up-to-date: /home/wheeltec/wheeltec_ros2/install/astra_msgs/lib/python3.8/site-packages/astra_msgs/srv/_set_uvc_exposure.py
[5.126s] -- Up-to-date: /home/wheeltec/wheeltec_ros2/install/astra_msgs/lib/python3.8/site-packages/astra_msgs/srv/_reset_ir_exposure.py
[5.126s] -- Up-to-date: /home/wheeltec/wheeltec_ros2/install/astra_msgs/lib/python3.8/site-packages/astra_msgs/srv/_get_uvc_white_balance.py
[5.127s] -- Up-to-date: /home/wheeltec/wheeltec_ros2/install/astra_msgs/lib/python3.8/site-packages/astra_msgs/srv/_set_uvc_exposure_s.c
[5.127s] -- Up-to-date: /home/wheeltec/wheeltec_ros2/install/astra_msgs/lib/python3.8/site-packages/astra_msgs/srv/_set_mirror_s.c
[5.128s] -- Up-to-date: /home/wheeltec/wheeltec_ros2/install/astra_msgs/lib/python3.8/site-packages/astra_msgs/srv/_get_ir_gain.py
[5.128s] -- Up-to-date: /home/wheeltec/wheeltec_ros2/install/astra_msgs/lib/python3.8/site-packages/astra_msgs/srv/_get_serial_s.c
[5.128s] -- Up-to-date: /home/wheeltec/wheeltec_ros2/install/astra_msgs/lib/python3.8/site-packages/astra_msgs/srv/_set_ae_enable.py
[5.129s] -- Up-to-date: /home/wheeltec/wheeltec_ros2/install/astra_msgs/lib/python3.8/site-packages/astra_msgs/srv/_set_ir_gain_s.c
[5.129s] -- Up-to-date: /home/wheeltec/wheeltec_ros2/install/astra_msgs/lib/python3.8/site-packages/astra_msgs/srv/_set_uvc_gain_s.c
[5.130s] -- Up-to-date: /home/wheeltec/wheeltec_ros2/install/astra_msgs/lib/python3.8/site-packages/astra_msgs/srv/_set_auto_exposure.py
[5.130s] -- Up-to-date: /home/wheeltec/wheeltec_ros2/install/astra_msgs/lib/python3.8/site-packages/astra_msgs/srv/_set_ldp_s.c
[5.131s] -- Up-to-date: /home/wheeltec/wheeltec_ros2/install/astra_msgs/lib/python3.8/site-packages/astra_msgs/srv/_set_laser.py
[5.131s] -- Up-to-date: /home/wheeltec/wheeltec_ros2/install/astra_msgs/lib/python3.8/site-packages/astra_msgs/srv/_get_uvc_gain.py
[5.131s] -- Up-to-date: /home/wheeltec/wheeltec_ros2/install/astra_msgs/lib/python3.8/site-packages/astra_msgs/srv/_get_uvc_exposure.py
[5.132s] -- Up-to-date: /home/wheeltec/wheeltec_ros2/install/astra_msgs/lib/python3.8/site-packages/astra_msgs/srv/_reset_ir_gain.py
[5.132s] -- Up-to-date: /home/wheeltec/wheeltec_ros2/install/astra_msgs/lib/python3.8/site-packages/astra_msgs/srv/_get_version_s.c
[5.132s] -- Up-to-date: /home/wheeltec/wheeltec_ros2/install/astra_msgs/lib/python3.8/site-packages/astra_msgs/srv/_set_ldp.py
[5.133s] -- Up-to-date: /home/wheeltec/wheeltec_ros2/install/astra_msgs/lib/python3.8/site-packages/astra_msgs/srv/_switch_ir_camera.py
[5.133s] -- Up-to-date: /home/wheeltec/wheeltec_ros2/install/astra_msgs/lib/python3.8/site-packages/astra_msgs/srv/_get_uvc_exposure_s.c
[5.134s] -- Up-to-date: /home/wheeltec/wheeltec_ros2/install/astra_msgs/lib/python3.8/site-packages/astra_msgs/srv/_get_uvc_white_balance_s.c
[5.134s] -- Up-to-date: /home/wheeltec/wheeltec_ros2/install/astra_msgs/lib/python3.8/site-packages/astra_msgs/srv/_get_ir_exposure.py
[5.134s] -- Up-to-date: /home/wheeltec/wheeltec_ros2/install/astra_msgs/lib/python3.8/site-packages/astra_msgs/srv/_set_laser_s.c
[5.135s] -- Up-to-date: /home/wheeltec/wheeltec_ros2/install/astra_msgs/lib/python3.8/site-packages/astra_msgs/srv/_set_ir_exposure_s.c
[5.135s] -- Up-to-date: /home/wheeltec/wheeltec_ros2/install/astra_msgs/lib/python3.8/site-packages/astra_msgs/srv/_set_ir_flood_s.c
[5.135s] -- Up-to-date: /home/wheeltec/wheeltec_ros2/install/astra_msgs/lib/python3.8/site-packages/astra_msgs/srv/_get_camera_info_s.c
[5.135s] -- Up-to-date: /home/wheeltec/wheeltec_ros2/install/astra_msgs/lib/python3.8/site-packages/astra_msgs/srv/_set_fan.py
[5.136s] -- Up-to-date: /home/wheeltec/wheeltec_ros2/install/astra_msgs/lib/python3.8/site-packages/astra_msgs/srv/_get_camera_info.py
[5.136s] -- Up-to-date: /home/wheeltec/wheeltec_ros2/install/astra_msgs/lib/python3.8/site-packages/astra_msgs/srv/_set_fan_s.c
[5.136s] -- Up-to-date: /home/wheeltec/wheeltec_ros2/install/astra_msgs/lib/python3.8/site-packages/astra_msgs/srv/_set_uvc_white_balance.py
[5.137s] -- Up-to-date: /home/wheeltec/wheeltec_ros2/install/astra_msgs/lib/python3.8/site-packages/astra_msgs/srv/_set_ir_flood.py
[5.137s] -- Up-to-date: /home/wheeltec/wheeltec_ros2/install/astra_msgs/lib/python3.8/site-packages/astra_msgs/srv/_set_ae_enable_s.c
[5.137s] -- Up-to-date: /home/wheeltec/wheeltec_ros2/install/astra_msgs/lib/python3.8/site-packages/astra_msgs/srv/_set_distortioncal_s.c
[5.138s] -- Up-to-date: /home/wheeltec/wheeltec_ros2/install/astra_msgs/lib/python3.8/site-packages/astra_msgs/srv/_set_auto_white_balance_s.c
[5.138s] -- Up-to-date: /home/wheeltec/wheeltec_ros2/install/astra_msgs/lib/python3.8/site-packages/astra_msgs/srv/_get_ir_gain_s.c
[5.142s] -- Up-to-date: /home/wheeltec/wheeltec_ros2/install/astra_msgs/lib/python3.8/site-packages/astra_msgs/srv/_reset_ir_gain_s.c
[5.146s] -- Up-to-date: /home/wheeltec/wheeltec_ros2/install/astra_msgs/lib/python3.8/site-packages/astra_msgs/srv/_set_uvc_gain.py
[5.147s] -- Up-to-date: /home/wheeltec/wheeltec_ros2/install/astra_msgs/lib/python3.8/site-packages/astra_msgs/srv/_get_device_type_s.c
[5.147s] -- Up-to-date: /home/wheeltec/wheeltec_ros2/install/astra_msgs/lib/python3.8/site-packages/astra_msgs/srv/_set_ir_exposure.py
[5.148s] -- Up-to-date: /home/wheeltec/wheeltec_ros2/install/astra_msgs/lib/python3.8/site-packages/astra_msgs/srv/_set_ir_gain.py
[5.148s] -- Up-to-date: /home/wheeltec/wheeltec_ros2/install/astra_msgs/lib/python3.8/site-packages/astra_msgs/srv/_get_version.py
[5.149s] -- Up-to-date: /home/wheeltec/wheeltec_ros2/install/astra_msgs/lib/python3.8/site-packages/astra_msgs/srv/_get_uvc_gain_s.c
[5.149s] -- Up-to-date: /home/wheeltec/wheeltec_ros2/install/astra_msgs/lib/python3.8/site-packages/astra_msgs/srv/_set_auto_white_balance.py
[5.149s] -- Up-to-date: /home/wheeltec/wheeltec_ros2/install/astra_msgs/lib/python3.8/site-packages/astra_msgs/srv/_get_ir_exposure_s.c
[5.150s] -- Up-to-date: /home/wheeltec/wheeltec_ros2/install/astra_msgs/lib/python3.8/site-packages/astra_msgs/astra_msgs_s__rosidl_typesupport_fastrtps_c.cpython-38-aarch64-linux-gnu.so
[5.150s] -- Up-to-date: /home/wheeltec/wheeltec_ros2/install/astra_msgs/lib/python3.8/site-packages/astra_msgs/astra_msgs_s__rosidl_typesupport_introspection_c.cpython-38-aarch64-linux-gnu.so
[5.151s] -- Up-to-date: /home/wheeltec/wheeltec_ros2/install/astra_msgs/lib/python3.8/site-packages/astra_msgs/astra_msgs_s__rosidl_typesupport_c.cpython-38-aarch64-linux-gnu.so
[5.154s] -- Up-to-date: /home/wheeltec/wheeltec_ros2/install/astra_msgs/lib/libastra_msgs__python.so
[5.157s] -- Up-to-date: /home/wheeltec/wheeltec_ros2/install/astra_msgs/share/astra_msgs/srv/GetCameraInfo.idl
[5.157s] -- Up-to-date: /home/wheeltec/wheeltec_ros2/install/astra_msgs/share/astra_msgs/srv/GetDeviceType.idl
[5.158s] -- Up-to-date: /home/wheeltec/wheeltec_ros2/install/astra_msgs/share/astra_msgs/srv/GetIRExposure.idl
[5.159s] -- Up-to-date: /home/wheeltec/wheeltec_ros2/install/astra_msgs/share/astra_msgs/srv/GetIRGain.idl
[5.160s] -- Up-to-date: /home/wheeltec/wheeltec_ros2/install/astra_msgs/share/astra_msgs/srv/GetSerial.idl
[5.160s] -- Up-to-date: /home/wheeltec/wheeltec_ros2/install/astra_msgs/share/astra_msgs/srv/GetUVCExposure.idl
[5.161s] -- Up-to-date: /home/wheeltec/wheeltec_ros2/install/astra_msgs/share/astra_msgs/srv/GetUVCGain.idl
[5.162s] -- Up-to-date: /home/wheeltec/wheeltec_ros2/install/astra_msgs/share/astra_msgs/srv/GetUVCWhiteBalance.idl
[5.163s] -- Up-to-date: /home/wheeltec/wheeltec_ros2/install/astra_msgs/share/astra_msgs/srv/GetVersion.idl
[5.163s] -- Up-to-date: /home/wheeltec/wheeltec_ros2/install/astra_msgs/share/astra_msgs/srv/ResetIRExposure.idl
[5.164s] -- Up-to-date: /home/wheeltec/wheeltec_ros2/install/astra_msgs/share/astra_msgs/srv/ResetIRGain.idl
[5.164s] -- Up-to-date: /home/wheeltec/wheeltec_ros2/install/astra_msgs/share/astra_msgs/srv/SetAeEnable.idl
[5.164s] -- Up-to-date: /home/wheeltec/wheeltec_ros2/install/astra_msgs/share/astra_msgs/srv/SetAutoExposure.idl
[5.165s] -- Up-to-date: /home/wheeltec/wheeltec_ros2/install/astra_msgs/share/astra_msgs/srv/SetAutoWhiteBalance.idl
[5.165s] -- Up-to-date: /home/wheeltec/wheeltec_ros2/install/astra_msgs/share/astra_msgs/srv/SetDistortioncal.idl
[5.165s] -- Up-to-date: /home/wheeltec/wheeltec_ros2/install/astra_msgs/share/astra_msgs/srv/SetFan.idl
[5.166s] -- Up-to-date: /home/wheeltec/wheeltec_ros2/install/astra_msgs/share/astra_msgs/srv/SetIRExposure.idl
[5.170s] -- Up-to-date: /home/wheeltec/wheeltec_ros2/install/astra_msgs/share/astra_msgs/srv/SetIRFlood.idl
[5.171s] -- Up-to-date: /home/wheeltec/wheeltec_ros2/install/astra_msgs/share/astra_msgs/srv/SetIRGain.idl
[5.171s] -- Up-to-date: /home/wheeltec/wheeltec_ros2/install/astra_msgs/share/astra_msgs/srv/SetLaser.idl
[5.172s] -- Up-to-date: /home/wheeltec/wheeltec_ros2/install/astra_msgs/share/astra_msgs/srv/SetLDP.idl
[5.172s] -- Up-to-date: /home/wheeltec/wheeltec_ros2/install/astra_msgs/share/astra_msgs/srv/SetMirror.idl
[5.173s] -- Up-to-date: /home/wheeltec/wheeltec_ros2/install/astra_msgs/share/astra_msgs/srv/SetUVCExposure.idl
[5.174s] -- Up-to-date: /home/wheeltec/wheeltec_ros2/install/astra_msgs/share/astra_msgs/srv/SetUVCGain.idl
[5.174s] -- Up-to-date: /home/wheeltec/wheeltec_ros2/install/astra_msgs/share/astra_msgs/srv/SetUVCWhiteBalance.idl
[5.175s] -- Up-to-date: /home/wheeltec/wheeltec_ros2/install/astra_msgs/share/astra_msgs/srv/SwitchIRCamera.idl
[5.175s] -- Up-to-date: /home/wheeltec/wheeltec_ros2/install/astra_msgs/share/astra_msgs/srv/GetCameraInfo.srv
[5.176s] -- Up-to-date: /home/wheeltec/wheeltec_ros2/install/astra_msgs/share/astra_msgs/srv/GetCameraInfo_Request.msg
[5.176s] -- Up-to-date: /home/wheeltec/wheeltec_ros2/install/astra_msgs/share/astra_msgs/srv/GetCameraInfo_Response.msg
[5.177s] -- Up-to-date: /home/wheeltec/wheeltec_ros2/install/astra_msgs/share/astra_msgs/srv/GetDeviceType.srv
[5.177s] -- Up-to-date: /home/wheeltec/wheeltec_ros2/install/astra_msgs/share/astra_msgs/srv/GetDeviceType_Request.msg
[5.177s] -- Up-to-date: /home/wheeltec/wheeltec_ros2/install/astra_msgs/share/astra_msgs/srv/GetDeviceType_Response.msg
[5.178s] -- Up-to-date: /home/wheeltec/wheeltec_ros2/install/astra_msgs/share/astra_msgs/srv/GetIRExposure.srv
[5.179s] -- Up-to-date: /home/wheeltec/wheeltec_ros2/install/astra_msgs/share/astra_msgs/srv/GetIRExposure_Request.msg
[5.179s] -- Up-to-date: /home/wheeltec/wheeltec_ros2/install/astra_msgs/share/astra_msgs/srv/GetIRExposure_Response.msg
[5.180s] -- Up-to-date: /home/wheeltec/wheeltec_ros2/install/astra_msgs/share/astra_msgs/srv/GetIRGain.srv
[5.180s] -- Up-to-date: /home/wheeltec/wheeltec_ros2/install/astra_msgs/share/astra_msgs/srv/GetIRGain_Request.msg
[5.181s] -- Up-to-date: /home/wheeltec/wheeltec_ros2/install/astra_msgs/share/astra_msgs/srv/GetIRGain_Response.msg
[5.181s] -- Up-to-date: /home/wheeltec/wheeltec_ros2/install/astra_msgs/share/astra_msgs/srv/GetSerial.srv
[5.182s] -- Up-to-date: /home/wheeltec/wheeltec_ros2/install/astra_msgs/share/astra_msgs/srv/GetSerial_Request.msg
[5.183s] -- Up-to-date: /home/wheeltec/wheeltec_ros2/install/astra_msgs/share/astra_msgs/srv/GetSerial_Response.msg
[5.183s] -- Up-to-date: /home/wheeltec/wheeltec_ros2/install/astra_msgs/share/astra_msgs/srv/GetUVCExposure.srv
[5.184s] -- Up-to-date: /home/wheeltec/wheeltec_ros2/install/astra_msgs/share/astra_msgs/srv/GetUVCExposure_Request.msg
[5.184s] -- Up-to-date: /home/wheeltec/wheeltec_ros2/install/astra_msgs/share/astra_msgs/srv/GetUVCExposure_Response.msg
[5.185s] -- Up-to-date: /home/wheeltec/wheeltec_ros2/install/astra_msgs/share/astra_msgs/srv/GetUVCGain.srv
[5.185s] -- Up-to-date: /home/wheeltec/wheeltec_ros2/install/astra_msgs/share/astra_msgs/srv/GetUVCGain_Request.msg
[5.186s] -- Up-to-date: /home/wheeltec/wheeltec_ros2/install/astra_msgs/share/astra_msgs/srv/GetUVCGain_Response.msg
[5.187s] -- Up-to-date: /home/wheeltec/wheeltec_ros2/install/astra_msgs/share/astra_msgs/srv/GetUVCWhiteBalance.srv
[5.188s] -- Up-to-date: /home/wheeltec/wheeltec_ros2/install/astra_msgs/share/astra_msgs/srv/GetUVCWhiteBalance_Request.msg
[5.188s] -- Up-to-date: /home/wheeltec/wheeltec_ros2/install/astra_msgs/share/astra_msgs/srv/GetUVCWhiteBalance_Response.msg
[5.189s] -- Up-to-date: /home/wheeltec/wheeltec_ros2/install/astra_msgs/share/astra_msgs/srv/GetVersion.srv
[5.190s] -- Up-to-date: /home/wheeltec/wheeltec_ros2/install/astra_msgs/share/astra_msgs/srv/GetVersion_Request.msg
[5.191s] -- Up-to-date: /home/wheeltec/wheeltec_ros2/install/astra_msgs/share/astra_msgs/srv/GetVersion_Response.msg
[5.191s] -- Up-to-date: /home/wheeltec/wheeltec_ros2/install/astra_msgs/share/astra_msgs/srv/ResetIRExposure.srv
[5.192s] -- Up-to-date: /home/wheeltec/wheeltec_ros2/install/astra_msgs/share/astra_msgs/srv/ResetIRExposure_Request.msg
[5.193s] -- Up-to-date: /home/wheeltec/wheeltec_ros2/install/astra_msgs/share/astra_msgs/srv/ResetIRExposure_Response.msg
[5.193s] -- Up-to-date: /home/wheeltec/wheeltec_ros2/install/astra_msgs/share/astra_msgs/srv/ResetIRGain.srv
[5.194s] -- Up-to-date: /home/wheeltec/wheeltec_ros2/install/astra_msgs/share/astra_msgs/srv/ResetIRGain_Request.msg
[5.195s] -- Up-to-date: /home/wheeltec/wheeltec_ros2/install/astra_msgs/share/astra_msgs/srv/ResetIRGain_Response.msg
[5.195s] -- Up-to-date: /home/wheeltec/wheeltec_ros2/install/astra_msgs/share/astra_msgs/srv/SetAeEnable.srv
[5.196s] -- Up-to-date: /home/wheeltec/wheeltec_ros2/install/astra_msgs/share/astra_msgs/srv/SetAeEnable_Request.msg
[5.196s] -- Up-to-date: /home/wheeltec/wheeltec_ros2/install/astra_msgs/share/astra_msgs/srv/SetAeEnable_Response.msg
[5.197s] -- Up-to-date: /home/wheeltec/wheeltec_ros2/install/astra_msgs/share/astra_msgs/srv/SetAutoExposure.srv
[5.198s] -- Up-to-date: /home/wheeltec/wheeltec_ros2/install/astra_msgs/share/astra_msgs/srv/SetAutoExposure_Request.msg
[5.199s] -- Up-to-date: /home/wheeltec/wheeltec_ros2/install/astra_msgs/share/astra_msgs/srv/SetAutoExposure_Response.msg
[5.200s] -- Up-to-date: /home/wheeltec/wheeltec_ros2/install/astra_msgs/share/astra_msgs/srv/SetAutoWhiteBalance.srv
[5.201s] -- Up-to-date: /home/wheeltec/wheeltec_ros2/install/astra_msgs/share/astra_msgs/srv/SetAutoWhiteBalance_Request.msg
[5.202s] -- Up-to-date: /home/wheeltec/wheeltec_ros2/install/astra_msgs/share/astra_msgs/srv/SetAutoWhiteBalance_Response.msg
[5.202s] -- Up-to-date: /home/wheeltec/wheeltec_ros2/install/astra_msgs/share/astra_msgs/srv/SetDistortioncal.srv
[5.203s] -- Up-to-date: /home/wheeltec/wheeltec_ros2/install/astra_msgs/share/astra_msgs/srv/SetDistortioncal_Request.msg
[5.204s] -- Up-to-date: /home/wheeltec/wheeltec_ros2/install/astra_msgs/share/astra_msgs/srv/SetDistortioncal_Response.msg
[5.204s] -- Up-to-date: /home/wheeltec/wheeltec_ros2/install/astra_msgs/share/astra_msgs/srv/SetFan.srv
[5.205s] -- Up-to-date: /home/wheeltec/wheeltec_ros2/install/astra_msgs/share/astra_msgs/srv/SetFan_Request.msg
[5.205s] -- Up-to-date: /home/wheeltec/wheeltec_ros2/install/astra_msgs/share/astra_msgs/srv/SetFan_Response.msg
[5.205s] -- Up-to-date: /home/wheeltec/wheeltec_ros2/install/astra_msgs/share/astra_msgs/srv/SetIRExposure.srv
[5.206s] -- Up-to-date: /home/wheeltec/wheeltec_ros2/install/astra_msgs/share/astra_msgs/srv/SetIRExposure_Request.msg
[5.207s] -- Up-to-date: /home/wheeltec/wheeltec_ros2/install/astra_msgs/share/astra_msgs/srv/SetIRExposure_Response.msg
[5.216s] -- Up-to-date: /home/wheeltec/wheeltec_ros2/install/astra_msgs/share/astra_msgs/srv/SetIRFlood.srv
[5.217s] -- Up-to-date: /home/wheeltec/wheeltec_ros2/install/astra_msgs/share/astra_msgs/srv/SetIRFlood_Request.msg
[5.218s] -- Up-to-date: /home/wheeltec/wheeltec_ros2/install/astra_msgs/share/astra_msgs/srv/SetIRFlood_Response.msg
[5.218s] -- Up-to-date: /home/wheeltec/wheeltec_ros2/install/astra_msgs/share/astra_msgs/srv/SetIRGain.srv
[5.219s] -- Up-to-date: /home/wheeltec/wheeltec_ros2/install/astra_msgs/share/astra_msgs/srv/SetIRGain_Request.msg
[5.220s] -- Up-to-date: /home/wheeltec/wheeltec_ros2/install/astra_msgs/share/astra_msgs/srv/SetIRGain_Response.msg
[5.220s] -- Up-to-date: /home/wheeltec/wheeltec_ros2/install/astra_msgs/share/astra_msgs/srv/SetLaser.srv
[5.221s] -- Up-to-date: /home/wheeltec/wheeltec_ros2/install/astra_msgs/share/astra_msgs/srv/SetLaser_Request.msg
[5.221s] -- Up-to-date: /home/wheeltec/wheeltec_ros2/install/astra_msgs/share/astra_msgs/srv/SetLaser_Response.msg
[5.222s] -- Up-to-date: /home/wheeltec/wheeltec_ros2/install/astra_msgs/share/astra_msgs/srv/SetLDP.srv
[5.222s] -- Up-to-date: /home/wheeltec/wheeltec_ros2/install/astra_msgs/share/astra_msgs/srv/SetLDP_Request.msg
[5.223s] -- Up-to-date: /home/wheeltec/wheeltec_ros2/install/astra_msgs/share/astra_msgs/srv/SetLDP_Response.msg
[5.224s] -- Up-to-date: /home/wheeltec/wheeltec_ros2/install/astra_msgs/share/astra_msgs/srv/SetMirror.srv
[5.224s] -- Up-to-date: /home/wheeltec/wheeltec_ros2/install/astra_msgs/share/astra_msgs/srv/SetMirror_Request.msg
[5.226s] -- Up-to-date: /home/wheeltec/wheeltec_ros2/install/astra_msgs/share/astra_msgs/srv/SetMirror_Response.msg
[5.226s] -- Up-to-date: /home/wheeltec/wheeltec_ros2/install/astra_msgs/share/astra_msgs/srv/SetUVCExposure.srv
[5.227s] -- Up-to-date: /home/wheeltec/wheeltec_ros2/install/astra_msgs/share/astra_msgs/srv/SetUVCExposure_Request.msg
[5.228s] -- Up-to-date: /home/wheeltec/wheeltec_ros2/install/astra_msgs/share/astra_msgs/srv/SetUVCExposure_Response.msg
[5.228s] -- Up-to-date: /home/wheeltec/wheeltec_ros2/install/astra_msgs/share/astra_msgs/srv/SetUVCGain.srv
[5.228s] -- Up-to-date: /home/wheeltec/wheeltec_ros2/install/astra_msgs/share/astra_msgs/srv/SetUVCGain_Request.msg
[5.229s] -- Up-to-date: /home/wheeltec/wheeltec_ros2/install/astra_msgs/share/astra_msgs/srv/SetUVCGain_Response.msg
[5.229s] -- Up-to-date: /home/wheeltec/wheeltec_ros2/install/astra_msgs/share/astra_msgs/srv/SetUVCWhiteBalance.srv
[5.230s] -- Up-to-date: /home/wheeltec/wheeltec_ros2/install/astra_msgs/share/astra_msgs/srv/SetUVCWhiteBalance_Request.msg
[5.231s] -- Up-to-date: /home/wheeltec/wheeltec_ros2/install/astra_msgs/share/astra_msgs/srv/SetUVCWhiteBalance_Response.msg
[5.231s] -- Up-to-date: /home/wheeltec/wheeltec_ros2/install/astra_msgs/share/astra_msgs/srv/SwitchIRCamera.srv
[5.232s] -- Up-to-date: /home/wheeltec/wheeltec_ros2/install/astra_msgs/share/astra_msgs/srv/SwitchIRCamera_Request.msg
[5.232s] -- Up-to-date: /home/wheeltec/wheeltec_ros2/install/astra_msgs/share/astra_msgs/srv/SwitchIRCamera_Response.msg
[5.233s] -- Up-to-date: /home/wheeltec/wheeltec_ros2/install/astra_msgs/share/ament_index/resource_index/package_run_dependencies/astra_msgs
[5.234s] -- Up-to-date: /home/wheeltec/wheeltec_ros2/install/astra_msgs/share/ament_index/resource_index/parent_prefix_path/astra_msgs
[5.234s] -- Up-to-date: /home/wheeltec/wheeltec_ros2/install/astra_msgs/share/astra_msgs/environment/ament_prefix_path.sh
[5.235s] -- Up-to-date: /home/wheeltec/wheeltec_ros2/install/astra_msgs/share/astra_msgs/environment/ament_prefix_path.dsv
[5.235s] -- Up-to-date: /home/wheeltec/wheeltec_ros2/install/astra_msgs/share/astra_msgs/environment/path.sh
[5.235s] -- Up-to-date: /home/wheeltec/wheeltec_ros2/install/astra_msgs/share/astra_msgs/environment/path.dsv
[5.238s] -- Up-to-date: /home/wheeltec/wheeltec_ros2/install/astra_msgs/share/astra_msgs/local_setup.bash
[5.238s] -- Up-to-date: /home/wheeltec/wheeltec_ros2/install/astra_msgs/share/astra_msgs/local_setup.sh
[5.239s] -- Up-to-date: /home/wheeltec/wheeltec_ros2/install/astra_msgs/share/astra_msgs/local_setup.zsh
[5.239s] -- Up-to-date: /home/wheeltec/wheeltec_ros2/install/astra_msgs/share/astra_msgs/local_setup.dsv
[5.239s] -- Installing: /home/wheeltec/wheeltec_ros2/install/astra_msgs/share/astra_msgs/package.dsv
[5.243s] -- Up-to-date: /home/wheeltec/wheeltec_ros2/install/astra_msgs/share/ament_index/resource_index/packages/astra_msgs
[5.244s] -- Up-to-date: /home/wheeltec/wheeltec_ros2/install/astra_msgs/share/astra_msgs/cmake/astra_msgs__rosidl_generator_cExport.cmake
[5.246s] -- Up-to-date: /home/wheeltec/wheeltec_ros2/install/astra_msgs/share/astra_msgs/cmake/astra_msgs__rosidl_generator_cExport-noconfig.cmake
[5.248s] -- Up-to-date: /home/wheeltec/wheeltec_ros2/install/astra_msgs/share/astra_msgs/cmake/astra_msgs__rosidl_typesupport_introspection_cExport.cmake
[5.270s] -- Up-to-date: /home/wheeltec/wheeltec_ros2/install/astra_msgs/share/astra_msgs/cmake/astra_msgs__rosidl_typesupport_introspection_cExport-noconfig.cmake
[5.276s] -- Up-to-date: /home/wheeltec/wheeltec_ros2/install/astra_msgs/share/astra_msgs/cmake/astra_msgs__rosidl_typesupport_cExport.cmake
[5.278s] -- Up-to-date: /home/wheeltec/wheeltec_ros2/install/astra_msgs/share/astra_msgs/cmake/astra_msgs__rosidl_typesupport_cExport-noconfig.cmake
[5.278s] -- Up-to-date: /home/wheeltec/wheeltec_ros2/install/astra_msgs/share/astra_msgs/cmake/astra_msgs__rosidl_generator_cppExport.cmake
[5.279s] -- Up-to-date: /home/wheeltec/wheeltec_ros2/install/astra_msgs/share/astra_msgs/cmake/astra_msgs__rosidl_typesupport_introspection_cppExport.cmake
[5.279s] -- Up-to-date: /home/wheeltec/wheeltec_ros2/install/astra_msgs/share/astra_msgs/cmake/astra_msgs__rosidl_typesupport_introspection_cppExport-noconfig.cmake
[5.280s] -- Up-to-date: /home/wheeltec/wheeltec_ros2/install/astra_msgs/share/astra_msgs/cmake/astra_msgs__rosidl_typesupport_cppExport.cmake
[5.280s] -- Up-to-date: /home/wheeltec/wheeltec_ros2/install/astra_msgs/share/astra_msgs/cmake/astra_msgs__rosidl_typesupport_cppExport-noconfig.cmake
[5.281s] -- Up-to-date: /home/wheeltec/wheeltec_ros2/install/astra_msgs/share/astra_msgs/cmake/rosidl_cmake-extras.cmake
[5.281s] -- Up-to-date: /home/wheeltec/wheeltec_ros2/install/astra_msgs/share/astra_msgs/cmake/ament_cmake_export_dependencies-extras.cmake
[5.281s] -- Up-to-date: /home/wheeltec/wheeltec_ros2/install/astra_msgs/share/astra_msgs/cmake/ament_cmake_export_libraries-extras.cmake
[5.282s] -- Up-to-date: /home/wheeltec/wheeltec_ros2/install/astra_msgs/share/astra_msgs/cmake/ament_cmake_export_targets-extras.cmake
[5.283s] -- Up-to-date: /home/wheeltec/wheeltec_ros2/install/astra_msgs/share/astra_msgs/cmake/ament_cmake_export_include_directories-extras.cmake
[5.283s] -- Up-to-date: /home/wheeltec/wheeltec_ros2/install/astra_msgs/share/astra_msgs/cmake/rosidl_cmake_export_typesupport_libraries-extras.cmake
[5.284s] -- Up-to-date: /home/wheeltec/wheeltec_ros2/install/astra_msgs/share/astra_msgs/cmake/rosidl_cmake_export_typesupport_targets-extras.cmake
[5.285s] -- Up-to-date: /home/wheeltec/wheeltec_ros2/install/astra_msgs/share/astra_msgs/cmake/astra_msgsConfig.cmake
[5.285s] -- Up-to-date: /home/wheeltec/wheeltec_ros2/install/astra_msgs/share/astra_msgs/cmake/astra_msgsConfig-version.cmake
[5.286s] -- Up-to-date: /home/wheeltec/wheeltec_ros2/install/astra_msgs/share/astra_msgs/package.xml
[5.287s] Invoked command in '/home/wheeltec/wheeltec_ros2/build/astra_msgs' returned '0': CMAKE_PREFIX_PATH=${CMAKE_PREFIX_PATH}:/home/wheeltec/wheeltec_ros2/install/wheeltec_robot_keyboard:/home/wheeltec/wheeltec_ros2/install/tf2_tools:/home/wheeltec/wheeltec_ros2/install/nav2_gazebo_spawner:/opt/ros/galactic /usr/bin/cmake --install /home/wheeltec/wheeltec_ros2/build/astra_msgs
