[0.228s] Invoking command in '/home/wheeltec/wheeltec_ros2/build/dwb_critics': AMENT_PREFIX_PATH=/home/wheeltec/wheeltec_ros2/install/dwb_core:/home/wheeltec/wheeltec_ros2/install/nav2_core:/home/wheeltec/wheeltec_ros2/install/costmap_queue:/home/wheeltec/wheeltec_ros2/install/nav2_costmap_2d:/home/wheeltec/wheeltec_ros2/install/nav_2d_utils:/home/wheeltec/wheeltec_ros2/install/nav2_map_server:/home/wheeltec/wheeltec_ros2/install/nav2_lifecycle_manager:/home/wheeltec/wheeltec_ros2/install/nav2_util:/home/wheeltec/wheeltec_ros2/install/nav2_voxel_grid:/home/wheeltec/wheeltec_ros2/install/nav2_msgs:/home/wheeltec/wheeltec_ros2/install/dwb_msgs:/home/wheeltec/wheeltec_ros2/install/nav_2d_msgs:/home/wheeltec/wheeltec_ros2/install/nav2_common:${AMENT_PREFIX_PATH} CMAKE_PREFIX_PATH=/home/wheeltec/wheeltec_ros2/install/dwb_core:/home/wheeltec/wheeltec_ros2/install/nav2_core:/home/wheeltec/wheeltec_ros2/install/costmap_queue:/home/wheeltec/wheeltec_ros2/install/nav2_costmap_2d:/home/wheeltec/wheeltec_ros2/install/nav_2d_utils:/home/wheeltec/wheeltec_ros2/install/nav2_map_server:/home/wheeltec/wheeltec_ros2/install/nav2_lifecycle_manager:/home/wheeltec/wheeltec_ros2/install/nav2_util:/home/wheeltec/wheeltec_ros2/install/nav2_voxel_grid:/home/wheeltec/wheeltec_ros2/install/nav2_msgs:/home/wheeltec/wheeltec_ros2/install/dwb_msgs:/home/wheeltec/wheeltec_ros2/install/nav_2d_msgs:/home/wheeltec/wheeltec_ros2/install/nav2_common:/opt/ros/galactic LD_LIBRARY_PATH=/home/wheeltec/wheeltec_ros2/install/dwb_core/lib:/home/wheeltec/wheeltec_ros2/install/costmap_queue/lib:/home/wheeltec/wheeltec_ros2/install/nav2_costmap_2d/lib:/home/wheeltec/wheeltec_ros2/install/nav_2d_utils/lib:/home/wheeltec/wheeltec_ros2/install/nav2_map_server/lib:/home/wheeltec/wheeltec_ros2/install/nav2_lifecycle_manager/lib:/home/wheeltec/wheeltec_ros2/install/nav2_util/lib:/home/wheeltec/wheeltec_ros2/install/nav2_voxel_grid/lib:/home/wheeltec/wheeltec_ros2/install/nav2_msgs/lib:/home/wheeltec/wheeltec_ros2/install/dwb_msgs/lib:/home/wheeltec/wheeltec_ros2/install/nav_2d_msgs/lib:${LD_LIBRARY_PATH} PYTHONPATH=/home/wheeltec/wheeltec_ros2/install/nav2_msgs/lib/python3.8/site-packages:/home/wheeltec/wheeltec_ros2/install/dwb_msgs/lib/python3.8/site-packages:/home/wheeltec/wheeltec_ros2/install/nav_2d_msgs/lib/python3.8/site-packages:/home/wheeltec/wheeltec_ros2/install/nav2_common/lib/python3.8/site-packages:${PYTHONPATH} /usr/bin/cmake --build /home/wheeltec/wheeltec_ros2/build/dwb_critics -- -j4 -l4
[0.547s] [  7%] Built target gtest
[0.548s] [ 14%] Built target gtest_main
[0.735s] [ 62%] Built target dwb_critics
[1.080s] [ 70%] Built target alignment_util_tests
[1.132s] [ 77%] Built target obstacle_footprint_tests
[1.145s] [ 85%] Built target twirling_tests
[1.187s] [ 92%] Built target base_obstacle_tests
[1.331s] [100%] Built target prefer_forward_tests
[1.398s] Invoked command in '/home/wheeltec/wheeltec_ros2/build/dwb_critics' returned '0': AMENT_PREFIX_PATH=/home/wheeltec/wheeltec_ros2/install/dwb_core:/home/wheeltec/wheeltec_ros2/install/nav2_core:/home/wheeltec/wheeltec_ros2/install/costmap_queue:/home/wheeltec/wheeltec_ros2/install/nav2_costmap_2d:/home/wheeltec/wheeltec_ros2/install/nav_2d_utils:/home/wheeltec/wheeltec_ros2/install/nav2_map_server:/home/wheeltec/wheeltec_ros2/install/nav2_lifecycle_manager:/home/wheeltec/wheeltec_ros2/install/nav2_util:/home/wheeltec/wheeltec_ros2/install/nav2_voxel_grid:/home/wheeltec/wheeltec_ros2/install/nav2_msgs:/home/wheeltec/wheeltec_ros2/install/dwb_msgs:/home/wheeltec/wheeltec_ros2/install/nav_2d_msgs:/home/wheeltec/wheeltec_ros2/install/nav2_common:${AMENT_PREFIX_PATH} CMAKE_PREFIX_PATH=/home/wheeltec/wheeltec_ros2/install/dwb_core:/home/wheeltec/wheeltec_ros2/install/nav2_core:/home/wheeltec/wheeltec_ros2/install/costmap_queue:/home/wheeltec/wheeltec_ros2/install/nav2_costmap_2d:/home/wheeltec/wheeltec_ros2/install/nav_2d_utils:/home/wheeltec/wheeltec_ros2/install/nav2_map_server:/home/wheeltec/wheeltec_ros2/install/nav2_lifecycle_manager:/home/wheeltec/wheeltec_ros2/install/nav2_util:/home/wheeltec/wheeltec_ros2/install/nav2_voxel_grid:/home/wheeltec/wheeltec_ros2/install/nav2_msgs:/home/wheeltec/wheeltec_ros2/install/dwb_msgs:/home/wheeltec/wheeltec_ros2/install/nav_2d_msgs:/home/wheeltec/wheeltec_ros2/install/nav2_common:/opt/ros/galactic LD_LIBRARY_PATH=/home/wheeltec/wheeltec_ros2/install/dwb_core/lib:/home/wheeltec/wheeltec_ros2/install/costmap_queue/lib:/home/wheeltec/wheeltec_ros2/install/nav2_costmap_2d/lib:/home/wheeltec/wheeltec_ros2/install/nav_2d_utils/lib:/home/wheeltec/wheeltec_ros2/install/nav2_map_server/lib:/home/wheeltec/wheeltec_ros2/install/nav2_lifecycle_manager/lib:/home/wheeltec/wheeltec_ros2/install/nav2_util/lib:/home/wheeltec/wheeltec_ros2/install/nav2_voxel_grid/lib:/home/wheeltec/wheeltec_ros2/install/nav2_msgs/lib:/home/wheeltec/wheeltec_ros2/install/dwb_msgs/lib:/home/wheeltec/wheeltec_ros2/install/nav_2d_msgs/lib:${LD_LIBRARY_PATH} PYTHONPATH=/home/wheeltec/wheeltec_ros2/install/nav2_msgs/lib/python3.8/site-packages:/home/wheeltec/wheeltec_ros2/install/dwb_msgs/lib/python3.8/site-packages:/home/wheeltec/wheeltec_ros2/install/nav_2d_msgs/lib/python3.8/site-packages:/home/wheeltec/wheeltec_ros2/install/nav2_common/lib/python3.8/site-packages:${PYTHONPATH} /usr/bin/cmake --build /home/wheeltec/wheeltec_ros2/build/dwb_critics -- -j4 -l4
[1.656s] Invoking command in '/home/wheeltec/wheeltec_ros2/build/dwb_critics': AMENT_PREFIX_PATH=/home/wheeltec/wheeltec_ros2/install/dwb_core:/home/wheeltec/wheeltec_ros2/install/nav2_core:/home/wheeltec/wheeltec_ros2/install/costmap_queue:/home/wheeltec/wheeltec_ros2/install/nav2_costmap_2d:/home/wheeltec/wheeltec_ros2/install/nav_2d_utils:/home/wheeltec/wheeltec_ros2/install/nav2_map_server:/home/wheeltec/wheeltec_ros2/install/nav2_lifecycle_manager:/home/wheeltec/wheeltec_ros2/install/nav2_util:/home/wheeltec/wheeltec_ros2/install/nav2_voxel_grid:/home/wheeltec/wheeltec_ros2/install/nav2_msgs:/home/wheeltec/wheeltec_ros2/install/dwb_msgs:/home/wheeltec/wheeltec_ros2/install/nav_2d_msgs:/home/wheeltec/wheeltec_ros2/install/nav2_common:${AMENT_PREFIX_PATH} CMAKE_PREFIX_PATH=/home/wheeltec/wheeltec_ros2/install/dwb_core:/home/wheeltec/wheeltec_ros2/install/nav2_core:/home/wheeltec/wheeltec_ros2/install/costmap_queue:/home/wheeltec/wheeltec_ros2/install/nav2_costmap_2d:/home/wheeltec/wheeltec_ros2/install/nav_2d_utils:/home/wheeltec/wheeltec_ros2/install/nav2_map_server:/home/wheeltec/wheeltec_ros2/install/nav2_lifecycle_manager:/home/wheeltec/wheeltec_ros2/install/nav2_util:/home/wheeltec/wheeltec_ros2/install/nav2_voxel_grid:/home/wheeltec/wheeltec_ros2/install/nav2_msgs:/home/wheeltec/wheeltec_ros2/install/dwb_msgs:/home/wheeltec/wheeltec_ros2/install/nav_2d_msgs:/home/wheeltec/wheeltec_ros2/install/nav2_common:/opt/ros/galactic LD_LIBRARY_PATH=/home/wheeltec/wheeltec_ros2/install/dwb_core/lib:/home/wheeltec/wheeltec_ros2/install/costmap_queue/lib:/home/wheeltec/wheeltec_ros2/install/nav2_costmap_2d/lib:/home/wheeltec/wheeltec_ros2/install/nav_2d_utils/lib:/home/wheeltec/wheeltec_ros2/install/nav2_map_server/lib:/home/wheeltec/wheeltec_ros2/install/nav2_lifecycle_manager/lib:/home/wheeltec/wheeltec_ros2/install/nav2_util/lib:/home/wheeltec/wheeltec_ros2/install/nav2_voxel_grid/lib:/home/wheeltec/wheeltec_ros2/install/nav2_msgs/lib:/home/wheeltec/wheeltec_ros2/install/dwb_msgs/lib:/home/wheeltec/wheeltec_ros2/install/nav_2d_msgs/lib:${LD_LIBRARY_PATH} PYTHONPATH=/home/wheeltec/wheeltec_ros2/install/nav2_msgs/lib/python3.8/site-packages:/home/wheeltec/wheeltec_ros2/install/dwb_msgs/lib/python3.8/site-packages:/home/wheeltec/wheeltec_ros2/install/nav_2d_msgs/lib/python3.8/site-packages:/home/wheeltec/wheeltec_ros2/install/nav2_common/lib/python3.8/site-packages:${PYTHONPATH} /usr/bin/cmake --install /home/wheeltec/wheeltec_ros2/build/dwb_critics
[1.699s] -- Install configuration: "Release"
[1.703s] -- Up-to-date: /home/wheeltec/wheeltec_ros2/install/dwb_critics/lib/libdwb_critics.so
[1.703s] -- Up-to-date: /home/wheeltec/wheeltec_ros2/install/dwb_critics/include/
[1.704s] -- Up-to-date: /home/wheeltec/wheeltec_ros2/install/dwb_critics/include//dwb_critics
[1.704s] -- Up-to-date: /home/wheeltec/wheeltec_ros2/install/dwb_critics/include//dwb_critics/base_obstacle.hpp
[1.705s] -- Up-to-date: /home/wheeltec/wheeltec_ros2/install/dwb_critics/include//dwb_critics/path_dist.hpp
[1.705s] -- Up-to-date: /home/wheeltec/wheeltec_ros2/install/dwb_critics/include//dwb_critics/oscillation.hpp
[1.705s] -- Up-to-date: /home/wheeltec/wheeltec_ros2/install/dwb_critics/include//dwb_critics/twirling.hpp
[1.706s] -- Up-to-date: /home/wheeltec/wheeltec_ros2/install/dwb_critics/include//dwb_critics/goal_dist.hpp
[1.706s] -- Up-to-date: /home/wheeltec/wheeltec_ros2/install/dwb_critics/include//dwb_critics/map_grid.hpp
[1.706s] -- Up-to-date: /home/wheeltec/wheeltec_ros2/install/dwb_critics/include//dwb_critics/line_iterator.hpp
[1.707s] -- Up-to-date: /home/wheeltec/wheeltec_ros2/install/dwb_critics/include//dwb_critics/prefer_forward.hpp
[1.707s] -- Up-to-date: /home/wheeltec/wheeltec_ros2/install/dwb_critics/include//dwb_critics/rotate_to_goal.hpp
[1.708s] -- Up-to-date: /home/wheeltec/wheeltec_ros2/install/dwb_critics/include//dwb_critics/alignment_util.hpp
[1.708s] -- Up-to-date: /home/wheeltec/wheeltec_ros2/install/dwb_critics/include//dwb_critics/goal_align.hpp
[1.708s] -- Up-to-date: /home/wheeltec/wheeltec_ros2/install/dwb_critics/include//dwb_critics/obstacle_footprint.hpp
[1.709s] -- Up-to-date: /home/wheeltec/wheeltec_ros2/install/dwb_critics/include//dwb_critics/path_align.hpp
[1.709s] -- Up-to-date: /home/wheeltec/wheeltec_ros2/install/dwb_critics/share/dwb_critics/default_critics.xml
[1.710s] -- Up-to-date: /home/wheeltec/wheeltec_ros2/install/dwb_critics/share/dwb_critics/environment/library_path.sh
[1.710s] -- Up-to-date: /home/wheeltec/wheeltec_ros2/install/dwb_critics/share/dwb_critics/environment/library_path.dsv
[1.711s] -- Up-to-date: /home/wheeltec/wheeltec_ros2/install/dwb_critics/share/dwb_critics/default_critics.xml
[1.712s] -- Up-to-date: /home/wheeltec/wheeltec_ros2/install/dwb_critics/share/ament_index/resource_index/package_run_dependencies/dwb_critics
[1.713s] -- Up-to-date: /home/wheeltec/wheeltec_ros2/install/dwb_critics/share/ament_index/resource_index/parent_prefix_path/dwb_critics
[1.713s] -- Up-to-date: /home/wheeltec/wheeltec_ros2/install/dwb_critics/share/dwb_critics/environment/ament_prefix_path.sh
[1.714s] -- Up-to-date: /home/wheeltec/wheeltec_ros2/install/dwb_critics/share/dwb_critics/environment/ament_prefix_path.dsv
[1.715s] -- Up-to-date: /home/wheeltec/wheeltec_ros2/install/dwb_critics/share/dwb_critics/environment/path.sh
[1.716s] -- Up-to-date: /home/wheeltec/wheeltec_ros2/install/dwb_critics/share/dwb_critics/environment/path.dsv
[1.716s] -- Up-to-date: /home/wheeltec/wheeltec_ros2/install/dwb_critics/share/dwb_critics/local_setup.bash
[1.717s] -- Up-to-date: /home/wheeltec/wheeltec_ros2/install/dwb_critics/share/dwb_critics/local_setup.sh
[1.717s] -- Up-to-date: /home/wheeltec/wheeltec_ros2/install/dwb_critics/share/dwb_critics/local_setup.zsh
[1.718s] -- Up-to-date: /home/wheeltec/wheeltec_ros2/install/dwb_critics/share/dwb_critics/local_setup.dsv
[1.718s] -- Installing: /home/wheeltec/wheeltec_ros2/install/dwb_critics/share/dwb_critics/package.dsv
[1.719s] -- Up-to-date: /home/wheeltec/wheeltec_ros2/install/dwb_critics/share/ament_index/resource_index/packages/dwb_critics
[1.720s] -- Up-to-date: /home/wheeltec/wheeltec_ros2/install/dwb_critics/share/ament_index/resource_index/dwb_core__pluginlib__plugin/dwb_critics
[1.720s] -- Up-to-date: /home/wheeltec/wheeltec_ros2/install/dwb_critics/share/dwb_critics/cmake/ament_cmake_export_include_directories-extras.cmake
[1.721s] -- Up-to-date: /home/wheeltec/wheeltec_ros2/install/dwb_critics/share/dwb_critics/cmake/ament_cmake_export_libraries-extras.cmake
[1.722s] -- Up-to-date: /home/wheeltec/wheeltec_ros2/install/dwb_critics/share/dwb_critics/cmake/ament_cmake_export_dependencies-extras.cmake
[1.724s] -- Up-to-date: /home/wheeltec/wheeltec_ros2/install/dwb_critics/share/dwb_critics/cmake/dwb_criticsConfig.cmake
[1.727s] -- Up-to-date: /home/wheeltec/wheeltec_ros2/install/dwb_critics/share/dwb_critics/cmake/dwb_criticsConfig-version.cmake
[1.727s] -- Up-to-date: /home/wheeltec/wheeltec_ros2/install/dwb_critics/share/dwb_critics/package.xml
[1.728s] Invoked command in '/home/wheeltec/wheeltec_ros2/build/dwb_critics' returned '0': AMENT_PREFIX_PATH=/home/wheeltec/wheeltec_ros2/install/dwb_core:/home/wheeltec/wheeltec_ros2/install/nav2_core:/home/wheeltec/wheeltec_ros2/install/costmap_queue:/home/wheeltec/wheeltec_ros2/install/nav2_costmap_2d:/home/wheeltec/wheeltec_ros2/install/nav_2d_utils:/home/wheeltec/wheeltec_ros2/install/nav2_map_server:/home/wheeltec/wheeltec_ros2/install/nav2_lifecycle_manager:/home/wheeltec/wheeltec_ros2/install/nav2_util:/home/wheeltec/wheeltec_ros2/install/nav2_voxel_grid:/home/wheeltec/wheeltec_ros2/install/nav2_msgs:/home/wheeltec/wheeltec_ros2/install/dwb_msgs:/home/wheeltec/wheeltec_ros2/install/nav_2d_msgs:/home/wheeltec/wheeltec_ros2/install/nav2_common:${AMENT_PREFIX_PATH} CMAKE_PREFIX_PATH=/home/wheeltec/wheeltec_ros2/install/dwb_core:/home/wheeltec/wheeltec_ros2/install/nav2_core:/home/wheeltec/wheeltec_ros2/install/costmap_queue:/home/wheeltec/wheeltec_ros2/install/nav2_costmap_2d:/home/wheeltec/wheeltec_ros2/install/nav_2d_utils:/home/wheeltec/wheeltec_ros2/install/nav2_map_server:/home/wheeltec/wheeltec_ros2/install/nav2_lifecycle_manager:/home/wheeltec/wheeltec_ros2/install/nav2_util:/home/wheeltec/wheeltec_ros2/install/nav2_voxel_grid:/home/wheeltec/wheeltec_ros2/install/nav2_msgs:/home/wheeltec/wheeltec_ros2/install/dwb_msgs:/home/wheeltec/wheeltec_ros2/install/nav_2d_msgs:/home/wheeltec/wheeltec_ros2/install/nav2_common:/opt/ros/galactic LD_LIBRARY_PATH=/home/wheeltec/wheeltec_ros2/install/dwb_core/lib:/home/wheeltec/wheeltec_ros2/install/costmap_queue/lib:/home/wheeltec/wheeltec_ros2/install/nav2_costmap_2d/lib:/home/wheeltec/wheeltec_ros2/install/nav_2d_utils/lib:/home/wheeltec/wheeltec_ros2/install/nav2_map_server/lib:/home/wheeltec/wheeltec_ros2/install/nav2_lifecycle_manager/lib:/home/wheeltec/wheeltec_ros2/install/nav2_util/lib:/home/wheeltec/wheeltec_ros2/install/nav2_voxel_grid/lib:/home/wheeltec/wheeltec_ros2/install/nav2_msgs/lib:/home/wheeltec/wheeltec_ros2/install/dwb_msgs/lib:/home/wheeltec/wheeltec_ros2/install/nav_2d_msgs/lib:${LD_LIBRARY_PATH} PYTHONPATH=/home/wheeltec/wheeltec_ros2/install/nav2_msgs/lib/python3.8/site-packages:/home/wheeltec/wheeltec_ros2/install/dwb_msgs/lib/python3.8/site-packages:/home/wheeltec/wheeltec_ros2/install/nav_2d_msgs/lib/python3.8/site-packages:/home/wheeltec/wheeltec_ros2/install/nav2_common/lib/python3.8/site-packages:${PYTHONPATH} /usr/bin/cmake --install /home/wheeltec/wheeltec_ros2/build/dwb_critics
