[0.184s] Invoking command in '/home/wheeltec/wheeltec_ros2/build/nav_2d_utils': AMENT_PREFIX_PATH=/home/wheeltec/wheeltec_ros2/install/nav2_util:/home/wheeltec/wheeltec_ros2/install/nav2_msgs:/home/wheeltec/wheeltec_ros2/install/nav_2d_msgs:/home/wheeltec/wheeltec_ros2/install/nav2_common:${AMENT_PREFIX_PATH} CMAKE_PREFIX_PATH=/home/wheeltec/wheeltec_ros2/install/nav2_util:/home/wheeltec/wheeltec_ros2/install/nav2_msgs:/home/wheeltec/wheeltec_ros2/install/nav_2d_msgs:/home/wheeltec/wheeltec_ros2/install/nav2_common:/opt/ros/galactic LD_LIBRARY_PATH=/home/wheeltec/wheeltec_ros2/install/nav2_util/lib:/home/wheeltec/wheeltec_ros2/install/nav2_msgs/lib:/home/wheeltec/wheeltec_ros2/install/nav_2d_msgs/lib:${LD_LIBRARY_PATH} PYTHONPATH=/home/wheeltec/wheeltec_ros2/install/nav2_msgs/lib/python3.8/site-packages:/home/wheeltec/wheeltec_ros2/install/nav_2d_msgs/lib/python3.8/site-packages:/home/wheeltec/wheeltec_ros2/install/nav2_common/lib/python3.8/site-packages:${PYTHONPATH} /usr/bin/cmake --build /home/wheeltec/wheeltec_ros2/build/nav_2d_utils -- -j4 -l4
[0.783s] [ 12%] Built target gtest_main
[0.830s] [ 25%] Built target gtest
[0.836s] [ 37%] Built target path_ops
[0.868s] [ 50%] Built target conversions
[1.032s] [ 62%] Built target path_ops_tests
[1.083s] [ 75%] Built target tf_help
[1.117s] [ 87%] Built target 2d_utils_tests
[1.239s] [100%] Built target tf_help_tests
[1.292s] Invoked command in '/home/wheeltec/wheeltec_ros2/build/nav_2d_utils' returned '0': AMENT_PREFIX_PATH=/home/wheeltec/wheeltec_ros2/install/nav2_util:/home/wheeltec/wheeltec_ros2/install/nav2_msgs:/home/wheeltec/wheeltec_ros2/install/nav_2d_msgs:/home/wheeltec/wheeltec_ros2/install/nav2_common:${AMENT_PREFIX_PATH} CMAKE_PREFIX_PATH=/home/wheeltec/wheeltec_ros2/install/nav2_util:/home/wheeltec/wheeltec_ros2/install/nav2_msgs:/home/wheeltec/wheeltec_ros2/install/nav_2d_msgs:/home/wheeltec/wheeltec_ros2/install/nav2_common:/opt/ros/galactic LD_LIBRARY_PATH=/home/wheeltec/wheeltec_ros2/install/nav2_util/lib:/home/wheeltec/wheeltec_ros2/install/nav2_msgs/lib:/home/wheeltec/wheeltec_ros2/install/nav_2d_msgs/lib:${LD_LIBRARY_PATH} PYTHONPATH=/home/wheeltec/wheeltec_ros2/install/nav2_msgs/lib/python3.8/site-packages:/home/wheeltec/wheeltec_ros2/install/nav_2d_msgs/lib/python3.8/site-packages:/home/wheeltec/wheeltec_ros2/install/nav2_common/lib/python3.8/site-packages:${PYTHONPATH} /usr/bin/cmake --build /home/wheeltec/wheeltec_ros2/build/nav_2d_utils -- -j4 -l4
[1.461s] Invoking command in '/home/wheeltec/wheeltec_ros2/build/nav_2d_utils': AMENT_PREFIX_PATH=/home/wheeltec/wheeltec_ros2/install/nav2_util:/home/wheeltec/wheeltec_ros2/install/nav2_msgs:/home/wheeltec/wheeltec_ros2/install/nav_2d_msgs:/home/wheeltec/wheeltec_ros2/install/nav2_common:${AMENT_PREFIX_PATH} CMAKE_PREFIX_PATH=/home/wheeltec/wheeltec_ros2/install/nav2_util:/home/wheeltec/wheeltec_ros2/install/nav2_msgs:/home/wheeltec/wheeltec_ros2/install/nav_2d_msgs:/home/wheeltec/wheeltec_ros2/install/nav2_common:/opt/ros/galactic LD_LIBRARY_PATH=/home/wheeltec/wheeltec_ros2/install/nav2_util/lib:/home/wheeltec/wheeltec_ros2/install/nav2_msgs/lib:/home/wheeltec/wheeltec_ros2/install/nav_2d_msgs/lib:${LD_LIBRARY_PATH} PYTHONPATH=/home/wheeltec/wheeltec_ros2/install/nav2_msgs/lib/python3.8/site-packages:/home/wheeltec/wheeltec_ros2/install/nav_2d_msgs/lib/python3.8/site-packages:/home/wheeltec/wheeltec_ros2/install/nav2_common/lib/python3.8/site-packages:${PYTHONPATH} /usr/bin/cmake --install /home/wheeltec/wheeltec_ros2/build/nav_2d_utils
[1.510s] -- Install configuration: "Release"
[1.510s] -- Up-to-date: /home/wheeltec/wheeltec_ros2/install/nav_2d_utils/lib/libconversions.so
[1.512s] -- Up-to-date: /home/wheeltec/wheeltec_ros2/install/nav_2d_utils/lib/libpath_ops.so
[1.524s] -- Up-to-date: /home/wheeltec/wheeltec_ros2/install/nav_2d_utils/lib/libtf_help.so
[1.525s] -- Up-to-date: /home/wheeltec/wheeltec_ros2/install/nav_2d_utils/include/
[1.526s] -- Up-to-date: /home/wheeltec/wheeltec_ros2/install/nav_2d_utils/include//nav_2d_utils
[1.527s] -- Up-to-date: /home/wheeltec/wheeltec_ros2/install/nav_2d_utils/include//nav_2d_utils/tf_help.hpp
[1.528s] -- Up-to-date: /home/wheeltec/wheeltec_ros2/install/nav_2d_utils/include//nav_2d_utils/odom_subscriber.hpp
[1.529s] -- Up-to-date: /home/wheeltec/wheeltec_ros2/install/nav_2d_utils/include//nav_2d_utils/path_ops.hpp
[1.530s] -- Up-to-date: /home/wheeltec/wheeltec_ros2/install/nav_2d_utils/include//nav_2d_utils/conversions.hpp
[1.530s] -- Up-to-date: /home/wheeltec/wheeltec_ros2/install/nav_2d_utils/include//nav_2d_utils/parameters.hpp
[1.531s] -- Up-to-date: /home/wheeltec/wheeltec_ros2/install/nav_2d_utils/share/nav_2d_utils/environment/library_path.sh
[1.532s] -- Up-to-date: /home/wheeltec/wheeltec_ros2/install/nav_2d_utils/share/nav_2d_utils/environment/library_path.dsv
[1.533s] -- Up-to-date: /home/wheeltec/wheeltec_ros2/install/nav_2d_utils/share/ament_index/resource_index/package_run_dependencies/nav_2d_utils
[1.534s] -- Up-to-date: /home/wheeltec/wheeltec_ros2/install/nav_2d_utils/share/ament_index/resource_index/parent_prefix_path/nav_2d_utils
[1.534s] -- Up-to-date: /home/wheeltec/wheeltec_ros2/install/nav_2d_utils/share/nav_2d_utils/environment/ament_prefix_path.sh
[1.535s] -- Up-to-date: /home/wheeltec/wheeltec_ros2/install/nav_2d_utils/share/nav_2d_utils/environment/ament_prefix_path.dsv
[1.535s] -- Up-to-date: /home/wheeltec/wheeltec_ros2/install/nav_2d_utils/share/nav_2d_utils/environment/path.sh
[1.536s] -- Up-to-date: /home/wheeltec/wheeltec_ros2/install/nav_2d_utils/share/nav_2d_utils/environment/path.dsv
[1.536s] -- Up-to-date: /home/wheeltec/wheeltec_ros2/install/nav_2d_utils/share/nav_2d_utils/local_setup.bash
[1.537s] -- Up-to-date: /home/wheeltec/wheeltec_ros2/install/nav_2d_utils/share/nav_2d_utils/local_setup.sh
[1.537s] -- Up-to-date: /home/wheeltec/wheeltec_ros2/install/nav_2d_utils/share/nav_2d_utils/local_setup.zsh
[1.538s] -- Up-to-date: /home/wheeltec/wheeltec_ros2/install/nav_2d_utils/share/nav_2d_utils/local_setup.dsv
[1.538s] -- Installing: /home/wheeltec/wheeltec_ros2/install/nav_2d_utils/share/nav_2d_utils/package.dsv
[1.539s] -- Up-to-date: /home/wheeltec/wheeltec_ros2/install/nav_2d_utils/share/ament_index/resource_index/packages/nav_2d_utils
[1.539s] -- Up-to-date: /home/wheeltec/wheeltec_ros2/install/nav_2d_utils/share/nav_2d_utils/cmake/ament_cmake_export_include_directories-extras.cmake
[1.540s] -- Up-to-date: /home/wheeltec/wheeltec_ros2/install/nav_2d_utils/share/nav_2d_utils/cmake/ament_cmake_export_libraries-extras.cmake
[1.540s] -- Up-to-date: /home/wheeltec/wheeltec_ros2/install/nav_2d_utils/share/nav_2d_utils/cmake/ament_cmake_export_dependencies-extras.cmake
[1.541s] -- Up-to-date: /home/wheeltec/wheeltec_ros2/install/nav_2d_utils/share/nav_2d_utils/cmake/nav_2d_utilsConfig.cmake
[1.542s] -- Up-to-date: /home/wheeltec/wheeltec_ros2/install/nav_2d_utils/share/nav_2d_utils/cmake/nav_2d_utilsConfig-version.cmake
[1.543s] -- Up-to-date: /home/wheeltec/wheeltec_ros2/install/nav_2d_utils/share/nav_2d_utils/package.xml
[1.549s] Invoked command in '/home/wheeltec/wheeltec_ros2/build/nav_2d_utils' returned '0': AMENT_PREFIX_PATH=/home/wheeltec/wheeltec_ros2/install/nav2_util:/home/wheeltec/wheeltec_ros2/install/nav2_msgs:/home/wheeltec/wheeltec_ros2/install/nav_2d_msgs:/home/wheeltec/wheeltec_ros2/install/nav2_common:${AMENT_PREFIX_PATH} CMAKE_PREFIX_PATH=/home/wheeltec/wheeltec_ros2/install/nav2_util:/home/wheeltec/wheeltec_ros2/install/nav2_msgs:/home/wheeltec/wheeltec_ros2/install/nav_2d_msgs:/home/wheeltec/wheeltec_ros2/install/nav2_common:/opt/ros/galactic LD_LIBRARY_PATH=/home/wheeltec/wheeltec_ros2/install/nav2_util/lib:/home/wheeltec/wheeltec_ros2/install/nav2_msgs/lib:/home/wheeltec/wheeltec_ros2/install/nav_2d_msgs/lib:${LD_LIBRARY_PATH} PYTHONPATH=/home/wheeltec/wheeltec_ros2/install/nav2_msgs/lib/python3.8/site-packages:/home/wheeltec/wheeltec_ros2/install/nav_2d_msgs/lib/python3.8/site-packages:/home/wheeltec/wheeltec_ros2/install/nav2_common/lib/python3.8/site-packages:${PYTHONPATH} /usr/bin/cmake --install /home/wheeltec/wheeltec_ros2/build/nav_2d_utils
