[0.153s] Invoking command in '/home/wheeltec/wheeltec_ros2/build/nav2_voxel_grid': AMENT_PREFIX_PATH=/home/wheeltec/wheeltec_ros2/install/nav2_common:${AMENT_PREFIX_PATH} CMAKE_PREFIX_PATH=/home/wheeltec/wheeltec_ros2/install/nav2_common:/opt/ros/galactic PYTHONPATH=/home/wheeltec/wheeltec_ros2/install/nav2_common/lib/python3.8/site-packages:${PYTHONPATH} /usr/bin/cmake --build /home/wheeltec/wheeltec_ros2/build/nav2_voxel_grid -- -j4 -l4
[0.563s] [ 20%] Built target gtest
[0.596s] [ 40%] Built target voxel_grid
[0.639s] [ 60%] Built target gtest_main
[0.822s] [ 80%] Built target voxel_grid_tests
[0.844s] [100%] Built target voxel_grid_bresenham_3d
[0.892s] Invoked command in '/home/wheeltec/wheeltec_ros2/build/nav2_voxel_grid' returned '0': AMENT_PREFIX_PATH=/home/wheeltec/wheeltec_ros2/install/nav2_common:${AMENT_PREFIX_PATH} CMAKE_PREFIX_PATH=/home/wheeltec/wheeltec_ros2/install/nav2_common:/opt/ros/galactic PYTHONPATH=/home/wheeltec/wheeltec_ros2/install/nav2_common/lib/python3.8/site-packages:${PYTHONPATH} /usr/bin/cmake --build /home/wheeltec/wheeltec_ros2/build/nav2_voxel_grid -- -j4 -l4
[1.092s] Invoking command in '/home/wheeltec/wheeltec_ros2/build/nav2_voxel_grid': AMENT_PREFIX_PATH=/home/wheeltec/wheeltec_ros2/install/nav2_common:${AMENT_PREFIX_PATH} CMAKE_PREFIX_PATH=/home/wheeltec/wheeltec_ros2/install/nav2_common:/opt/ros/galactic PYTHONPATH=/home/wheeltec/wheeltec_ros2/install/nav2_common/lib/python3.8/site-packages:${PYTHONPATH} /usr/bin/cmake --install /home/wheeltec/wheeltec_ros2/build/nav2_voxel_grid
[1.141s] -- Install configuration: "Release"
[1.142s] -- Up-to-date: /home/wheeltec/wheeltec_ros2/install/nav2_voxel_grid/lib/libvoxel_grid.so
[1.151s] -- Up-to-date: /home/wheeltec/wheeltec_ros2/install/nav2_voxel_grid/include
[1.160s] -- Up-to-date: /home/wheeltec/wheeltec_ros2/install/nav2_voxel_grid/include/nav2_voxel_grid
[1.163s] -- Up-to-date: /home/wheeltec/wheeltec_ros2/install/nav2_voxel_grid/include/nav2_voxel_grid/voxel_grid.hpp
[1.164s] -- Up-to-date: /home/wheeltec/wheeltec_ros2/install/nav2_voxel_grid/share/nav2_voxel_grid/environment/library_path.sh
[1.164s] -- Up-to-date: /home/wheeltec/wheeltec_ros2/install/nav2_voxel_grid/share/nav2_voxel_grid/environment/library_path.dsv
[1.165s] -- Up-to-date: /home/wheeltec/wheeltec_ros2/install/nav2_voxel_grid/share/ament_index/resource_index/package_run_dependencies/nav2_voxel_grid
[1.166s] -- Up-to-date: /home/wheeltec/wheeltec_ros2/install/nav2_voxel_grid/share/ament_index/resource_index/parent_prefix_path/nav2_voxel_grid
[1.166s] -- Up-to-date: /home/wheeltec/wheeltec_ros2/install/nav2_voxel_grid/share/nav2_voxel_grid/environment/ament_prefix_path.sh
[1.167s] -- Up-to-date: /home/wheeltec/wheeltec_ros2/install/nav2_voxel_grid/share/nav2_voxel_grid/environment/ament_prefix_path.dsv
[1.168s] -- Up-to-date: /home/wheeltec/wheeltec_ros2/install/nav2_voxel_grid/share/nav2_voxel_grid/environment/path.sh
[1.169s] -- Up-to-date: /home/wheeltec/wheeltec_ros2/install/nav2_voxel_grid/share/nav2_voxel_grid/environment/path.dsv
[1.170s] -- Up-to-date: /home/wheeltec/wheeltec_ros2/install/nav2_voxel_grid/share/nav2_voxel_grid/local_setup.bash
[1.171s] -- Up-to-date: /home/wheeltec/wheeltec_ros2/install/nav2_voxel_grid/share/nav2_voxel_grid/local_setup.sh
[1.171s] -- Up-to-date: /home/wheeltec/wheeltec_ros2/install/nav2_voxel_grid/share/nav2_voxel_grid/local_setup.zsh
[1.172s] -- Up-to-date: /home/wheeltec/wheeltec_ros2/install/nav2_voxel_grid/share/nav2_voxel_grid/local_setup.dsv
[1.172s] -- Installing: /home/wheeltec/wheeltec_ros2/install/nav2_voxel_grid/share/nav2_voxel_grid/package.dsv
[1.173s] -- Up-to-date: /home/wheeltec/wheeltec_ros2/install/nav2_voxel_grid/share/ament_index/resource_index/packages/nav2_voxel_grid
[1.173s] -- Up-to-date: /home/wheeltec/wheeltec_ros2/install/nav2_voxel_grid/share/nav2_voxel_grid/cmake/ament_cmake_export_dependencies-extras.cmake
[1.174s] -- Up-to-date: /home/wheeltec/wheeltec_ros2/install/nav2_voxel_grid/share/nav2_voxel_grid/cmake/ament_cmake_export_include_directories-extras.cmake
[1.174s] -- Up-to-date: /home/wheeltec/wheeltec_ros2/install/nav2_voxel_grid/share/nav2_voxel_grid/cmake/ament_cmake_export_libraries-extras.cmake
[1.190s] -- Up-to-date: /home/wheeltec/wheeltec_ros2/install/nav2_voxel_grid/share/nav2_voxel_grid/cmake/nav2_voxel_gridConfig.cmake
[1.191s] -- Up-to-date: /home/wheeltec/wheeltec_ros2/install/nav2_voxel_grid/share/nav2_voxel_grid/cmake/nav2_voxel_gridConfig-version.cmake
[1.191s] -- Up-to-date: /home/wheeltec/wheeltec_ros2/install/nav2_voxel_grid/share/nav2_voxel_grid/package.xml
[1.193s] Invoked command in '/home/wheeltec/wheeltec_ros2/build/nav2_voxel_grid' returned '0': AMENT_PREFIX_PATH=/home/wheeltec/wheeltec_ros2/install/nav2_common:${AMENT_PREFIX_PATH} CMAKE_PREFIX_PATH=/home/wheeltec/wheeltec_ros2/install/nav2_common:/opt/ros/galactic PYTHONPATH=/home/wheeltec/wheeltec_ros2/install/nav2_common/lib/python3.8/site-packages:${PYTHONPATH} /usr/bin/cmake --install /home/wheeltec/wheeltec_ros2/build/nav2_voxel_grid
