[0.117s] Invoking command in '/home/wheeltec/wheeltec_ros2/build/pcl_ros': CMAKE_PREFIX_PATH=/home/wheeltec/wheeltec_ros2/install/pcl_conversions:/home/wheeltec/wheeltec_ros2/install/wheeltec_slam_toolbox:/home/wheeltec/wheeltec_ros2/install/wheeltec_rrt_msg:/home/wheeltec/wheeltec_ros2/install/wheeltec_robot_urdf:/home/wheeltec/wheeltec_ros2/install/wheeltec_robot_rtab:/home/wheeltec/wheeltec_ros2/install/wheeltec_robot_rrt:/home/wheeltec/wheeltec_ros2/install/turn_on_wheeltec_robot:/home/wheeltec/wheeltec_ros2/install/wheeltec_robot_msg:/home/wheeltec/wheeltec_ros2/install/wheeltec_nav2:/home/wheeltec/wheeltec_ros2/install/wheeltec_joy:/home/wheeltec/wheeltec_ros2/install/wheeltec_cartographer:/home/wheeltec/wheeltec_ros2/install/web_video_server:/home/wheeltec/wheeltec_ros2/install/usb_cam:/home/wheeltec/wheeltec_ros2/install/slam_gmapping:/home/wheeltec/wheeltec_ros2/install/serial:/home/wheeltec/wheeltec_ros2/install/rplidar_ros2:/home/wheeltec/wheeltec_ros2/install/ros2_astra_camera:/home/wheeltec/wheeltec_ros2/install/ar_track_alvar:/home/wheeltec/wheeltec_ros2/install/perception_pcl:/home/wheeltec/wheeltec_ros2/install/pcl_ros:/home/wheeltec/wheeltec_ros2/install/lslidar_driver:/home/wheeltec/wheeltec_ros2/install/openslam_gmapping:/home/wheeltec/wheeltec_ros2/install/nav2_system_tests:/home/wheeltec/wheeltec_ros2/install/nav2_bringup:/home/wheeltec/wheeltec_ros2/install/navigation2:/home/wheeltec/wheeltec_ros2/install/nav2_dwb_controller:/home/wheeltec/wheeltec_ros2/install/nav2_controller:/home/wheeltec/wheeltec_ros2/install/dwb_plugins:/home/wheeltec/wheeltec_ros2/install/dwb_critics:/home/wheeltec/wheeltec_ros2/install/dwb_core:/home/wheeltec/wheeltec_ros2/install/nav_2d_utils:/home/wheeltec/wheeltec_ros2/install/dwb_msgs:/home/wheeltec/wheeltec_ros2/install/nav_2d_msgs:/home/wheeltec/wheeltec_ros2/install/nav2_waypoint_follower:/home/wheeltec/wheeltec_ros2/install/nav2_theta_star_planner:/home/wheeltec/wheeltec_ros2/install/nav2_smac_planner:/home/wheeltec/wheeltec_ros2/install/nav2_rotation_shim_controller:/home/wheeltec/wheeltec_ros2/install/nav2_regulated_pure_pursuit_controller:/home/wheeltec/wheeltec_ros2/install/nav2_recoveries:/home/wheeltec/wheeltec_ros2/install/nav2_planner:/home/wheeltec/wheeltec_ros2/install/nav2_navfn_planner:/home/wheeltec/wheeltec_ros2/install/nav2_bt_navigator:/home/wheeltec/wheeltec_ros2/install/nav2_core:/home/wheeltec/wheeltec_ros2/install/costmap_queue:/home/wheeltec/wheeltec_ros2/install/nav2_costmap_2d:/home/wheeltec/wheeltec_ros2/install/nav2_voxel_grid:/home/wheeltec/wheeltec_ros2/install/nav2_rviz_plugins:/home/wheeltec/wheeltec_ros2/install/nav2_map_server:/home/wheeltec/wheeltec_ros2/install/nav2_lifecycle_manager:/home/wheeltec/wheeltec_ros2/install/nav2_behavior_tree:/home/wheeltec/wheeltec_ros2/install/nav2_amcl:/home/wheeltec/wheeltec_ros2/install/nav2_util:/home/wheeltec/wheeltec_ros2/install/nav2_msgs:/home/wheeltec/wheeltec_ros2/install/nav2_common:/home/wheeltec/wheeltec_ros2/install/lsn10:/home/wheeltec/wheeltec_ros2/install/lsm10_v2:/home/wheeltec/wheeltec_ros2/install/lslidar_msgs:/home/wheeltec/wheeltec_ros2/install/lidar_ros2:/home/wheeltec/wheeltec_ros2/install/ldlidar_stl_ros2:/home/wheeltec/wheeltec_ros2/install/ldlidar_sl_ros2:/home/wheeltec/wheeltec_ros2/install/astra_msgs:/home/wheeltec/wheeltec_ros2/install/astra_camera:/home/wheeltec/wheeltec_ros2/install/astra_camera_msgs:/home/wheeltec/wheeltec_ros2/install/ar_track_alvar_msgs:/home/wheeltec/wheeltec_ros2/install/ackermann_msgs:/home/wheeltec/wheeltec_ros2/install/simple_follower_ros2:/home/wheeltec/wheeltec_ros2/install/wheeltec_robot_keyboard:/home/wheeltec/wheeltec_ros2/install/tf2_tools:/home/wheeltec/wheeltec_ros2/install/nav2_simple_commander:/home/wheeltec/wheeltec_ros2/install/nav2_gazebo_spawner:/opt/ros/galactic /usr/bin/cmake --build /home/wheeltec/wheeltec_ros2/build/pcl_ros -- -j4 -l4
[0.677s] [100%] Built target pcl_ros_tf
[0.832s] Invoked command in '/home/wheeltec/wheeltec_ros2/build/pcl_ros' returned '0': CMAKE_PREFIX_PATH=/home/wheeltec/wheeltec_ros2/install/pcl_conversions:/home/wheeltec/wheeltec_ros2/install/wheeltec_slam_toolbox:/home/wheeltec/wheeltec_ros2/install/wheeltec_rrt_msg:/home/wheeltec/wheeltec_ros2/install/wheeltec_robot_urdf:/home/wheeltec/wheeltec_ros2/install/wheeltec_robot_rtab:/home/wheeltec/wheeltec_ros2/install/wheeltec_robot_rrt:/home/wheeltec/wheeltec_ros2/install/turn_on_wheeltec_robot:/home/wheeltec/wheeltec_ros2/install/wheeltec_robot_msg:/home/wheeltec/wheeltec_ros2/install/wheeltec_nav2:/home/wheeltec/wheeltec_ros2/install/wheeltec_joy:/home/wheeltec/wheeltec_ros2/install/wheeltec_cartographer:/home/wheeltec/wheeltec_ros2/install/web_video_server:/home/wheeltec/wheeltec_ros2/install/usb_cam:/home/wheeltec/wheeltec_ros2/install/slam_gmapping:/home/wheeltec/wheeltec_ros2/install/serial:/home/wheeltec/wheeltec_ros2/install/rplidar_ros2:/home/wheeltec/wheeltec_ros2/install/ros2_astra_camera:/home/wheeltec/wheeltec_ros2/install/ar_track_alvar:/home/wheeltec/wheeltec_ros2/install/perception_pcl:/home/wheeltec/wheeltec_ros2/install/pcl_ros:/home/wheeltec/wheeltec_ros2/install/lslidar_driver:/home/wheeltec/wheeltec_ros2/install/openslam_gmapping:/home/wheeltec/wheeltec_ros2/install/nav2_system_tests:/home/wheeltec/wheeltec_ros2/install/nav2_bringup:/home/wheeltec/wheeltec_ros2/install/navigation2:/home/wheeltec/wheeltec_ros2/install/nav2_dwb_controller:/home/wheeltec/wheeltec_ros2/install/nav2_controller:/home/wheeltec/wheeltec_ros2/install/dwb_plugins:/home/wheeltec/wheeltec_ros2/install/dwb_critics:/home/wheeltec/wheeltec_ros2/install/dwb_core:/home/wheeltec/wheeltec_ros2/install/nav_2d_utils:/home/wheeltec/wheeltec_ros2/install/dwb_msgs:/home/wheeltec/wheeltec_ros2/install/nav_2d_msgs:/home/wheeltec/wheeltec_ros2/install/nav2_waypoint_follower:/home/wheeltec/wheeltec_ros2/install/nav2_theta_star_planner:/home/wheeltec/wheeltec_ros2/install/nav2_smac_planner:/home/wheeltec/wheeltec_ros2/install/nav2_rotation_shim_controller:/home/wheeltec/wheeltec_ros2/install/nav2_regulated_pure_pursuit_controller:/home/wheeltec/wheeltec_ros2/install/nav2_recoveries:/home/wheeltec/wheeltec_ros2/install/nav2_planner:/home/wheeltec/wheeltec_ros2/install/nav2_navfn_planner:/home/wheeltec/wheeltec_ros2/install/nav2_bt_navigator:/home/wheeltec/wheeltec_ros2/install/nav2_core:/home/wheeltec/wheeltec_ros2/install/costmap_queue:/home/wheeltec/wheeltec_ros2/install/nav2_costmap_2d:/home/wheeltec/wheeltec_ros2/install/nav2_voxel_grid:/home/wheeltec/wheeltec_ros2/install/nav2_rviz_plugins:/home/wheeltec/wheeltec_ros2/install/nav2_map_server:/home/wheeltec/wheeltec_ros2/install/nav2_lifecycle_manager:/home/wheeltec/wheeltec_ros2/install/nav2_behavior_tree:/home/wheeltec/wheeltec_ros2/install/nav2_amcl:/home/wheeltec/wheeltec_ros2/install/nav2_util:/home/wheeltec/wheeltec_ros2/install/nav2_msgs:/home/wheeltec/wheeltec_ros2/install/nav2_common:/home/wheeltec/wheeltec_ros2/install/lsn10:/home/wheeltec/wheeltec_ros2/install/lsm10_v2:/home/wheeltec/wheeltec_ros2/install/lslidar_msgs:/home/wheeltec/wheeltec_ros2/install/lidar_ros2:/home/wheeltec/wheeltec_ros2/install/ldlidar_stl_ros2:/home/wheeltec/wheeltec_ros2/install/ldlidar_sl_ros2:/home/wheeltec/wheeltec_ros2/install/astra_msgs:/home/wheeltec/wheeltec_ros2/install/astra_camera:/home/wheeltec/wheeltec_ros2/install/astra_camera_msgs:/home/wheeltec/wheeltec_ros2/install/ar_track_alvar_msgs:/home/wheeltec/wheeltec_ros2/install/ackermann_msgs:/home/wheeltec/wheeltec_ros2/install/simple_follower_ros2:/home/wheeltec/wheeltec_ros2/install/wheeltec_robot_keyboard:/home/wheeltec/wheeltec_ros2/install/tf2_tools:/home/wheeltec/wheeltec_ros2/install/nav2_simple_commander:/home/wheeltec/wheeltec_ros2/install/nav2_gazebo_spawner:/opt/ros/galactic /usr/bin/cmake --build /home/wheeltec/wheeltec_ros2/build/pcl_ros -- -j4 -l4
[1.153s] Invoking command in '/home/wheeltec/wheeltec_ros2/build/pcl_ros': CMAKE_PREFIX_PATH=/home/wheeltec/wheeltec_ros2/install/pcl_conversions:/home/wheeltec/wheeltec_ros2/install/wheeltec_slam_toolbox:/home/wheeltec/wheeltec_ros2/install/wheeltec_rrt_msg:/home/wheeltec/wheeltec_ros2/install/wheeltec_robot_urdf:/home/wheeltec/wheeltec_ros2/install/wheeltec_robot_rtab:/home/wheeltec/wheeltec_ros2/install/wheeltec_robot_rrt:/home/wheeltec/wheeltec_ros2/install/turn_on_wheeltec_robot:/home/wheeltec/wheeltec_ros2/install/wheeltec_robot_msg:/home/wheeltec/wheeltec_ros2/install/wheeltec_nav2:/home/wheeltec/wheeltec_ros2/install/wheeltec_joy:/home/wheeltec/wheeltec_ros2/install/wheeltec_cartographer:/home/wheeltec/wheeltec_ros2/install/web_video_server:/home/wheeltec/wheeltec_ros2/install/usb_cam:/home/wheeltec/wheeltec_ros2/install/slam_gmapping:/home/wheeltec/wheeltec_ros2/install/serial:/home/wheeltec/wheeltec_ros2/install/rplidar_ros2:/home/wheeltec/wheeltec_ros2/install/ros2_astra_camera:/home/wheeltec/wheeltec_ros2/install/ar_track_alvar:/home/wheeltec/wheeltec_ros2/install/perception_pcl:/home/wheeltec/wheeltec_ros2/install/pcl_ros:/home/wheeltec/wheeltec_ros2/install/lslidar_driver:/home/wheeltec/wheeltec_ros2/install/openslam_gmapping:/home/wheeltec/wheeltec_ros2/install/nav2_system_tests:/home/wheeltec/wheeltec_ros2/install/nav2_bringup:/home/wheeltec/wheeltec_ros2/install/navigation2:/home/wheeltec/wheeltec_ros2/install/nav2_dwb_controller:/home/wheeltec/wheeltec_ros2/install/nav2_controller:/home/wheeltec/wheeltec_ros2/install/dwb_plugins:/home/wheeltec/wheeltec_ros2/install/dwb_critics:/home/wheeltec/wheeltec_ros2/install/dwb_core:/home/wheeltec/wheeltec_ros2/install/nav_2d_utils:/home/wheeltec/wheeltec_ros2/install/dwb_msgs:/home/wheeltec/wheeltec_ros2/install/nav_2d_msgs:/home/wheeltec/wheeltec_ros2/install/nav2_waypoint_follower:/home/wheeltec/wheeltec_ros2/install/nav2_theta_star_planner:/home/wheeltec/wheeltec_ros2/install/nav2_smac_planner:/home/wheeltec/wheeltec_ros2/install/nav2_rotation_shim_controller:/home/wheeltec/wheeltec_ros2/install/nav2_regulated_pure_pursuit_controller:/home/wheeltec/wheeltec_ros2/install/nav2_recoveries:/home/wheeltec/wheeltec_ros2/install/nav2_planner:/home/wheeltec/wheeltec_ros2/install/nav2_navfn_planner:/home/wheeltec/wheeltec_ros2/install/nav2_bt_navigator:/home/wheeltec/wheeltec_ros2/install/nav2_core:/home/wheeltec/wheeltec_ros2/install/costmap_queue:/home/wheeltec/wheeltec_ros2/install/nav2_costmap_2d:/home/wheeltec/wheeltec_ros2/install/nav2_voxel_grid:/home/wheeltec/wheeltec_ros2/install/nav2_rviz_plugins:/home/wheeltec/wheeltec_ros2/install/nav2_map_server:/home/wheeltec/wheeltec_ros2/install/nav2_lifecycle_manager:/home/wheeltec/wheeltec_ros2/install/nav2_behavior_tree:/home/wheeltec/wheeltec_ros2/install/nav2_amcl:/home/wheeltec/wheeltec_ros2/install/nav2_util:/home/wheeltec/wheeltec_ros2/install/nav2_msgs:/home/wheeltec/wheeltec_ros2/install/nav2_common:/home/wheeltec/wheeltec_ros2/install/lsn10:/home/wheeltec/wheeltec_ros2/install/lsm10_v2:/home/wheeltec/wheeltec_ros2/install/lslidar_msgs:/home/wheeltec/wheeltec_ros2/install/lidar_ros2:/home/wheeltec/wheeltec_ros2/install/ldlidar_stl_ros2:/home/wheeltec/wheeltec_ros2/install/ldlidar_sl_ros2:/home/wheeltec/wheeltec_ros2/install/astra_msgs:/home/wheeltec/wheeltec_ros2/install/astra_camera:/home/wheeltec/wheeltec_ros2/install/astra_camera_msgs:/home/wheeltec/wheeltec_ros2/install/ar_track_alvar_msgs:/home/wheeltec/wheeltec_ros2/install/ackermann_msgs:/home/wheeltec/wheeltec_ros2/install/simple_follower_ros2:/home/wheeltec/wheeltec_ros2/install/wheeltec_robot_keyboard:/home/wheeltec/wheeltec_ros2/install/tf2_tools:/home/wheeltec/wheeltec_ros2/install/nav2_simple_commander:/home/wheeltec/wheeltec_ros2/install/nav2_gazebo_spawner:/opt/ros/galactic /usr/bin/cmake --install /home/wheeltec/wheeltec_ros2/build/pcl_ros
[1.273s] -- Install configuration: ""
[1.274s] -- Up-to-date: /home/wheeltec/wheeltec_ros2/install/pcl_ros/include
[1.276s] -- Up-to-date: /home/wheeltec/wheeltec_ros2/install/pcl_ros/include/pcl_ros
[1.278s] -- Up-to-date: /home/wheeltec/wheeltec_ros2/install/pcl_ros/include/pcl_ros/io
[1.279s] -- Up-to-date: /home/wheeltec/wheeltec_ros2/install/pcl_ros/include/pcl_ros/io/pcd_io.hpp
[1.280s] -- Up-to-date: /home/wheeltec/wheeltec_ros2/install/pcl_ros/include/pcl_ros/io/concatenate_data.hpp
[1.281s] -- Up-to-date: /home/wheeltec/wheeltec_ros2/install/pcl_ros/include/pcl_ros/io/concatenate_fields.hpp
[1.282s] -- Up-to-date: /home/wheeltec/wheeltec_ros2/install/pcl_ros/include/pcl_ros/io/bag_io.hpp
[1.282s] -- Up-to-date: /home/wheeltec/wheeltec_ros2/install/pcl_ros/include/pcl_ros/point_cloud.hpp
[1.283s] -- Up-to-date: /home/wheeltec/wheeltec_ros2/install/pcl_ros/include/pcl_ros/filters
[1.285s] -- Up-to-date: /home/wheeltec/wheeltec_ros2/install/pcl_ros/include/pcl_ros/filters/statistical_outlier_removal.hpp
[1.286s] -- Up-to-date: /home/wheeltec/wheeltec_ros2/install/pcl_ros/include/pcl_ros/filters/extract_indices.hpp
[1.286s] -- Up-to-date: /home/wheeltec/wheeltec_ros2/install/pcl_ros/include/pcl_ros/filters/radius_outlier_removal.hpp
[1.287s] -- Up-to-date: /home/wheeltec/wheeltec_ros2/install/pcl_ros/include/pcl_ros/filters/voxel_grid.hpp
[1.288s] -- Up-to-date: /home/wheeltec/wheeltec_ros2/install/pcl_ros/include/pcl_ros/filters/passthrough.hpp
[1.289s] -- Up-to-date: /home/wheeltec/wheeltec_ros2/install/pcl_ros/include/pcl_ros/filters/project_inliers.hpp
[1.290s] -- Up-to-date: /home/wheeltec/wheeltec_ros2/install/pcl_ros/include/pcl_ros/filters/crop_box.hpp
[1.291s] -- Up-to-date: /home/wheeltec/wheeltec_ros2/install/pcl_ros/include/pcl_ros/filters/filter.hpp
[1.292s] -- Up-to-date: /home/wheeltec/wheeltec_ros2/install/pcl_ros/include/pcl_ros/features
[1.294s] -- Up-to-date: /home/wheeltec/wheeltec_ros2/install/pcl_ros/include/pcl_ros/features/boundary.hpp
[1.294s] -- Up-to-date: /home/wheeltec/wheeltec_ros2/install/pcl_ros/include/pcl_ros/features/vfh.hpp
[1.295s] -- Up-to-date: /home/wheeltec/wheeltec_ros2/install/pcl_ros/include/pcl_ros/features/pfh.hpp
[1.297s] -- Up-to-date: /home/wheeltec/wheeltec_ros2/install/pcl_ros/include/pcl_ros/features/shot_omp.hpp
[1.300s] -- Up-to-date: /home/wheeltec/wheeltec_ros2/install/pcl_ros/include/pcl_ros/features/normal_3d_tbb.hpp
[1.301s] -- Up-to-date: /home/wheeltec/wheeltec_ros2/install/pcl_ros/include/pcl_ros/features/fpfh_omp.hpp
[1.301s] -- Up-to-date: /home/wheeltec/wheeltec_ros2/install/pcl_ros/include/pcl_ros/features/feature.hpp
[1.302s] -- Up-to-date: /home/wheeltec/wheeltec_ros2/install/pcl_ros/include/pcl_ros/features/shot.hpp
[1.302s] -- Up-to-date: /home/wheeltec/wheeltec_ros2/install/pcl_ros/include/pcl_ros/features/fpfh.hpp
[1.303s] -- Up-to-date: /home/wheeltec/wheeltec_ros2/install/pcl_ros/include/pcl_ros/features/principal_curvatures.hpp
[1.303s] -- Up-to-date: /home/wheeltec/wheeltec_ros2/install/pcl_ros/include/pcl_ros/features/normal_3d_omp.hpp
[1.303s] -- Up-to-date: /home/wheeltec/wheeltec_ros2/install/pcl_ros/include/pcl_ros/features/normal_3d.hpp
[1.304s] -- Up-to-date: /home/wheeltec/wheeltec_ros2/install/pcl_ros/include/pcl_ros/features/moment_invariants.hpp
[1.304s] -- Up-to-date: /home/wheeltec/wheeltec_ros2/install/pcl_ros/include/pcl_ros/impl
[1.306s] -- Up-to-date: /home/wheeltec/wheeltec_ros2/install/pcl_ros/include/pcl_ros/impl/transforms.hpp
[1.306s] -- Up-to-date: /home/wheeltec/wheeltec_ros2/install/pcl_ros/include/pcl_ros/publisher.hpp
[1.308s] -- Up-to-date: /home/wheeltec/wheeltec_ros2/install/pcl_ros/include/pcl_ros/surface
[1.309s] -- Up-to-date: /home/wheeltec/wheeltec_ros2/install/pcl_ros/include/pcl_ros/surface/convex_hull.hpp
[1.310s] -- Up-to-date: /home/wheeltec/wheeltec_ros2/install/pcl_ros/include/pcl_ros/surface/moving_least_squares.hpp
[1.313s] -- Up-to-date: /home/wheeltec/wheeltec_ros2/install/pcl_ros/include/pcl_ros/pcl_nodelet.hpp
[1.314s] -- Up-to-date: /home/wheeltec/wheeltec_ros2/install/pcl_ros/include/pcl_ros/transforms.hpp
[1.314s] -- Up-to-date: /home/wheeltec/wheeltec_ros2/install/pcl_ros/include/pcl_ros/segmentation
[1.314s] -- Up-to-date: /home/wheeltec/wheeltec_ros2/install/pcl_ros/include/pcl_ros/segmentation/segment_differences.hpp
[1.315s] -- Up-to-date: /home/wheeltec/wheeltec_ros2/install/pcl_ros/include/pcl_ros/segmentation/sac_segmentation.hpp
[1.322s] -- Up-to-date: /home/wheeltec/wheeltec_ros2/install/pcl_ros/include/pcl_ros/segmentation/extract_clusters.hpp
[1.323s] -- Up-to-date: /home/wheeltec/wheeltec_ros2/install/pcl_ros/include/pcl_ros/segmentation/extract_polygonal_prism_data.hpp
[1.330s] -- Up-to-date: /home/wheeltec/wheeltec_ros2/install/pcl_ros/lib/libpcl_ros_tf.so
[1.332s] -- Up-to-date: /home/wheeltec/wheeltec_ros2/install/pcl_ros/share/pcl_ros/plugins
[1.334s] -- Up-to-date: /home/wheeltec/wheeltec_ros2/install/pcl_ros/share/pcl_ros/plugins/nodelet
[1.336s] -- Up-to-date: /home/wheeltec/wheeltec_ros2/install/pcl_ros/share/pcl_ros/plugins/nodelet/libpcl_ros_io.xml
[1.337s] -- Up-to-date: /home/wheeltec/wheeltec_ros2/install/pcl_ros/share/pcl_ros/plugins/nodelet/libpcl_ros_features.xml
[1.340s] -- Up-to-date: /home/wheeltec/wheeltec_ros2/install/pcl_ros/share/pcl_ros/plugins/nodelet/libpcl_ros_segmentation.xml
[1.342s] -- Up-to-date: /home/wheeltec/wheeltec_ros2/install/pcl_ros/share/pcl_ros/plugins/nodelet/libpcl_ros_surface.xml
[1.343s] -- Up-to-date: /home/wheeltec/wheeltec_ros2/install/pcl_ros/share/pcl_ros/plugins/nodelet/libpcl_ros_filters.xml
[1.346s] -- Up-to-date: /home/wheeltec/wheeltec_ros2/install/pcl_ros/share/pcl_ros/samples
[1.346s] -- Up-to-date: /home/wheeltec/wheeltec_ros2/install/pcl_ros/share/pcl_ros/samples/pcl_ros
[1.347s] -- Up-to-date: /home/wheeltec/wheeltec_ros2/install/pcl_ros/share/pcl_ros/samples/pcl_ros/io
[1.347s] -- Up-to-date: /home/wheeltec/wheeltec_ros2/install/pcl_ros/share/pcl_ros/samples/pcl_ros/io/sample_concatenate_data.launch
[1.348s] -- Up-to-date: /home/wheeltec/wheeltec_ros2/install/pcl_ros/share/pcl_ros/samples/pcl_ros/filters
[1.348s] -- Up-to-date: /home/wheeltec/wheeltec_ros2/install/pcl_ros/share/pcl_ros/samples/pcl_ros/filters/config
[1.349s] -- Up-to-date: /home/wheeltec/wheeltec_ros2/install/pcl_ros/share/pcl_ros/samples/pcl_ros/filters/config/statistical_outlier_removal.rviz
[1.349s] -- Up-to-date: /home/wheeltec/wheeltec_ros2/install/pcl_ros/share/pcl_ros/samples/pcl_ros/filters/config/voxel_grid.rviz
[1.349s] -- Up-to-date: /home/wheeltec/wheeltec_ros2/install/pcl_ros/share/pcl_ros/samples/pcl_ros/filters/sample_voxel_grid.launch
[1.350s] -- Up-to-date: /home/wheeltec/wheeltec_ros2/install/pcl_ros/share/pcl_ros/samples/pcl_ros/filters/sample_statistical_outlier_removal.launch
[1.350s] -- Up-to-date: /home/wheeltec/wheeltec_ros2/install/pcl_ros/share/pcl_ros/samples/pcl_ros/features
[1.351s] -- Up-to-date: /home/wheeltec/wheeltec_ros2/install/pcl_ros/share/pcl_ros/samples/pcl_ros/features/sample_normal_3d.launch
[1.351s] -- Up-to-date: /home/wheeltec/wheeltec_ros2/install/pcl_ros/share/pcl_ros/samples/pcl_ros/surface
[1.351s] -- Up-to-date: /home/wheeltec/wheeltec_ros2/install/pcl_ros/share/pcl_ros/samples/pcl_ros/surface/sample_convex_hull.launch
[1.352s] -- Up-to-date: /home/wheeltec/wheeltec_ros2/install/pcl_ros/share/pcl_ros/samples/pcl_ros/segmentation
[1.352s] -- Up-to-date: /home/wheeltec/wheeltec_ros2/install/pcl_ros/share/pcl_ros/samples/pcl_ros/segmentation/sample_extract_clusters.launch
[1.354s] -- Up-to-date: /home/wheeltec/wheeltec_ros2/install/pcl_ros/share/pcl_ros/samples/data
[1.355s] -- Up-to-date: /home/wheeltec/wheeltec_ros2/install/pcl_ros/share/pcl_ros/samples/data/.gitignore
[1.355s] -- Up-to-date: /home/wheeltec/wheeltec_ros2/install/pcl_ros/share/pcl_ros/environment/library_path.sh
[1.361s] -- Up-to-date: /home/wheeltec/wheeltec_ros2/install/pcl_ros/share/pcl_ros/environment/library_path.dsv
[1.363s] -- Up-to-date: /home/wheeltec/wheeltec_ros2/install/pcl_ros/share/ament_index/resource_index/package_run_dependencies/pcl_ros
[1.387s] -- Up-to-date: /home/wheeltec/wheeltec_ros2/install/pcl_ros/share/ament_index/resource_index/parent_prefix_path/pcl_ros
[1.388s] -- Up-to-date: /home/wheeltec/wheeltec_ros2/install/pcl_ros/share/pcl_ros/environment/ament_prefix_path.sh
[1.389s] -- Up-to-date: /home/wheeltec/wheeltec_ros2/install/pcl_ros/share/pcl_ros/environment/ament_prefix_path.dsv
[1.395s] -- Up-to-date: /home/wheeltec/wheeltec_ros2/install/pcl_ros/share/pcl_ros/environment/path.sh
[1.396s] -- Up-to-date: /home/wheeltec/wheeltec_ros2/install/pcl_ros/share/pcl_ros/environment/path.dsv
[1.396s] -- Up-to-date: /home/wheeltec/wheeltec_ros2/install/pcl_ros/share/pcl_ros/local_setup.bash
[1.397s] -- Up-to-date: /home/wheeltec/wheeltec_ros2/install/pcl_ros/share/pcl_ros/local_setup.sh
[1.397s] -- Up-to-date: /home/wheeltec/wheeltec_ros2/install/pcl_ros/share/pcl_ros/local_setup.zsh
[1.397s] -- Up-to-date: /home/wheeltec/wheeltec_ros2/install/pcl_ros/share/pcl_ros/local_setup.dsv
[1.398s] -- Installing: /home/wheeltec/wheeltec_ros2/install/pcl_ros/share/pcl_ros/package.dsv
[1.398s] -- Up-to-date: /home/wheeltec/wheeltec_ros2/install/pcl_ros/share/ament_index/resource_index/packages/pcl_ros
[1.399s] -- Up-to-date: /home/wheeltec/wheeltec_ros2/install/pcl_ros/share/pcl_ros/cmake/export_pcl_rosExport.cmake
[1.404s] -- Up-to-date: /home/wheeltec/wheeltec_ros2/install/pcl_ros/share/pcl_ros/cmake/export_pcl_rosExport-noconfig.cmake
[1.404s] -- Up-to-date: /home/wheeltec/wheeltec_ros2/install/pcl_ros/share/pcl_ros/cmake/ament_cmake_export_include_directories-extras.cmake
[1.405s] -- Up-to-date: /home/wheeltec/wheeltec_ros2/install/pcl_ros/share/pcl_ros/cmake/ament_cmake_export_libraries-extras.cmake
[1.405s] -- Up-to-date: /home/wheeltec/wheeltec_ros2/install/pcl_ros/share/pcl_ros/cmake/ament_cmake_export_dependencies-extras.cmake
[1.405s] -- Up-to-date: /home/wheeltec/wheeltec_ros2/install/pcl_ros/share/pcl_ros/cmake/ament_cmake_export_targets-extras.cmake
[1.406s] -- Up-to-date: /home/wheeltec/wheeltec_ros2/install/pcl_ros/share/pcl_ros/cmake/pcl_rosConfig.cmake
[1.416s] -- Up-to-date: /home/wheeltec/wheeltec_ros2/install/pcl_ros/share/pcl_ros/cmake/pcl_rosConfig-version.cmake
[1.417s] -- Up-to-date: /home/wheeltec/wheeltec_ros2/install/pcl_ros/share/pcl_ros/package.xml
[1.418s] Invoked command in '/home/wheeltec/wheeltec_ros2/build/pcl_ros' returned '0': CMAKE_PREFIX_PATH=/home/wheeltec/wheeltec_ros2/install/pcl_conversions:/home/wheeltec/wheeltec_ros2/install/wheeltec_slam_toolbox:/home/wheeltec/wheeltec_ros2/install/wheeltec_rrt_msg:/home/wheeltec/wheeltec_ros2/install/wheeltec_robot_urdf:/home/wheeltec/wheeltec_ros2/install/wheeltec_robot_rtab:/home/wheeltec/wheeltec_ros2/install/wheeltec_robot_rrt:/home/wheeltec/wheeltec_ros2/install/turn_on_wheeltec_robot:/home/wheeltec/wheeltec_ros2/install/wheeltec_robot_msg:/home/wheeltec/wheeltec_ros2/install/wheeltec_nav2:/home/wheeltec/wheeltec_ros2/install/wheeltec_joy:/home/wheeltec/wheeltec_ros2/install/wheeltec_cartographer:/home/wheeltec/wheeltec_ros2/install/web_video_server:/home/wheeltec/wheeltec_ros2/install/usb_cam:/home/wheeltec/wheeltec_ros2/install/slam_gmapping:/home/wheeltec/wheeltec_ros2/install/serial:/home/wheeltec/wheeltec_ros2/install/rplidar_ros2:/home/wheeltec/wheeltec_ros2/install/ros2_astra_camera:/home/wheeltec/wheeltec_ros2/install/ar_track_alvar:/home/wheeltec/wheeltec_ros2/install/perception_pcl:/home/wheeltec/wheeltec_ros2/install/pcl_ros:/home/wheeltec/wheeltec_ros2/install/lslidar_driver:/home/wheeltec/wheeltec_ros2/install/openslam_gmapping:/home/wheeltec/wheeltec_ros2/install/nav2_system_tests:/home/wheeltec/wheeltec_ros2/install/nav2_bringup:/home/wheeltec/wheeltec_ros2/install/navigation2:/home/wheeltec/wheeltec_ros2/install/nav2_dwb_controller:/home/wheeltec/wheeltec_ros2/install/nav2_controller:/home/wheeltec/wheeltec_ros2/install/dwb_plugins:/home/wheeltec/wheeltec_ros2/install/dwb_critics:/home/wheeltec/wheeltec_ros2/install/dwb_core:/home/wheeltec/wheeltec_ros2/install/nav_2d_utils:/home/wheeltec/wheeltec_ros2/install/dwb_msgs:/home/wheeltec/wheeltec_ros2/install/nav_2d_msgs:/home/wheeltec/wheeltec_ros2/install/nav2_waypoint_follower:/home/wheeltec/wheeltec_ros2/install/nav2_theta_star_planner:/home/wheeltec/wheeltec_ros2/install/nav2_smac_planner:/home/wheeltec/wheeltec_ros2/install/nav2_rotation_shim_controller:/home/wheeltec/wheeltec_ros2/install/nav2_regulated_pure_pursuit_controller:/home/wheeltec/wheeltec_ros2/install/nav2_recoveries:/home/wheeltec/wheeltec_ros2/install/nav2_planner:/home/wheeltec/wheeltec_ros2/install/nav2_navfn_planner:/home/wheeltec/wheeltec_ros2/install/nav2_bt_navigator:/home/wheeltec/wheeltec_ros2/install/nav2_core:/home/wheeltec/wheeltec_ros2/install/costmap_queue:/home/wheeltec/wheeltec_ros2/install/nav2_costmap_2d:/home/wheeltec/wheeltec_ros2/install/nav2_voxel_grid:/home/wheeltec/wheeltec_ros2/install/nav2_rviz_plugins:/home/wheeltec/wheeltec_ros2/install/nav2_map_server:/home/wheeltec/wheeltec_ros2/install/nav2_lifecycle_manager:/home/wheeltec/wheeltec_ros2/install/nav2_behavior_tree:/home/wheeltec/wheeltec_ros2/install/nav2_amcl:/home/wheeltec/wheeltec_ros2/install/nav2_util:/home/wheeltec/wheeltec_ros2/install/nav2_msgs:/home/wheeltec/wheeltec_ros2/install/nav2_common:/home/wheeltec/wheeltec_ros2/install/lsn10:/home/wheeltec/wheeltec_ros2/install/lsm10_v2:/home/wheeltec/wheeltec_ros2/install/lslidar_msgs:/home/wheeltec/wheeltec_ros2/install/lidar_ros2:/home/wheeltec/wheeltec_ros2/install/ldlidar_stl_ros2:/home/wheeltec/wheeltec_ros2/install/ldlidar_sl_ros2:/home/wheeltec/wheeltec_ros2/install/astra_msgs:/home/wheeltec/wheeltec_ros2/install/astra_camera:/home/wheeltec/wheeltec_ros2/install/astra_camera_msgs:/home/wheeltec/wheeltec_ros2/install/ar_track_alvar_msgs:/home/wheeltec/wheeltec_ros2/install/ackermann_msgs:/home/wheeltec/wheeltec_ros2/install/simple_follower_ros2:/home/wheeltec/wheeltec_ros2/install/wheeltec_robot_keyboard:/home/wheeltec/wheeltec_ros2/install/tf2_tools:/home/wheeltec/wheeltec_ros2/install/nav2_simple_commander:/home/wheeltec/wheeltec_ros2/install/nav2_gazebo_spawner:/opt/ros/galactic /usr/bin/cmake --install /home/wheeltec/wheeltec_ros2/build/pcl_ros
