[0.041s] Invoking command in '/home/wheeltec/wheeltec_ros2/build/lsn10': CMAKE_PREFIX_PATH=/opt/ros/galactic /usr/bin/cmake --build /home/wheeltec/wheeltec_ros2/build/lsn10 -- -j4 -l4
[0.324s] [100%] Built target lsn10
[1.885s] Invoked command in '/home/wheeltec/wheeltec_ros2/build/lsn10' returned '0': CMAKE_PREFIX_PATH=/opt/ros/galactic /usr/bin/cmake --build /home/wheeltec/wheeltec_ros2/build/lsn10 -- -j4 -l4
[2.005s] Invoking command in '/home/wheeltec/wheeltec_ros2/build/lsn10': CMAKE_PREFIX_PATH=/opt/ros/galactic /usr/bin/cmake --install /home/wheeltec/wheeltec_ros2/build/lsn10
[2.042s] -- Install configuration: ""
[2.044s] -- Up-to-date: /home/wheeltec/wheeltec_ros2/install/lsn10/lib/lsn10/lsn10
[2.045s] -- Up-to-date: /home/wheeltec/wheeltec_ros2/install/lsn10/share/lsn10/launch
[2.047s] -- Up-to-date: /home/wheeltec/wheeltec_ros2/install/lsn10/share/lsn10/launch/ls_n10.launch.py
[2.048s] -- Up-to-date: /home/wheeltec/wheeltec_ros2/install/lsn10/share/ament_index/resource_index/package_run_dependencies/lsn10
[2.049s] -- Up-to-date: /home/wheeltec/wheeltec_ros2/install/lsn10/share/ament_index/resource_index/parent_prefix_path/lsn10
[2.049s] -- Up-to-date: /home/wheeltec/wheeltec_ros2/install/lsn10/share/lsn10/environment/ament_prefix_path.sh
[2.050s] -- Up-to-date: /home/wheeltec/wheeltec_ros2/install/lsn10/share/lsn10/environment/ament_prefix_path.dsv
[2.051s] -- Up-to-date: /home/wheeltec/wheeltec_ros2/install/lsn10/share/lsn10/environment/path.sh
[2.052s] -- Up-to-date: /home/wheeltec/wheeltec_ros2/install/lsn10/share/lsn10/environment/path.dsv
[2.053s] -- Up-to-date: /home/wheeltec/wheeltec_ros2/install/lsn10/share/lsn10/local_setup.bash
[2.054s] -- Up-to-date: /home/wheeltec/wheeltec_ros2/install/lsn10/share/lsn10/local_setup.sh
[2.055s] -- Up-to-date: /home/wheeltec/wheeltec_ros2/install/lsn10/share/lsn10/local_setup.zsh
[2.056s] -- Up-to-date: /home/wheeltec/wheeltec_ros2/install/lsn10/share/lsn10/local_setup.dsv
[2.057s] -- Installing: /home/wheeltec/wheeltec_ros2/install/lsn10/share/lsn10/package.dsv
[2.058s] -- Up-to-date: /home/wheeltec/wheeltec_ros2/install/lsn10/share/ament_index/resource_index/packages/lsn10
[2.059s] -- Up-to-date: /home/wheeltec/wheeltec_ros2/install/lsn10/share/lsn10/cmake/lsn10Config.cmake
[2.060s] -- Up-to-date: /home/wheeltec/wheeltec_ros2/install/lsn10/share/lsn10/cmake/lsn10Config-version.cmake
[2.061s] -- Up-to-date: /home/wheeltec/wheeltec_ros2/install/lsn10/share/lsn10/package.xml
[2.080s] Invoked command in '/home/wheeltec/wheeltec_ros2/build/lsn10' returned '0': CMAKE_PREFIX_PATH=/opt/ros/galactic /usr/bin/cmake --install /home/wheeltec/wheeltec_ros2/build/lsn10
