[0.109s] Invoking command in '/home/wheeltec/wheeltec_ros2/build/ldlidar_stl_ros2': CMAKE_PREFIX_PATH=${CMAKE_PREFIX_PATH}:/home/wheeltec/wheeltec_ros2/install/wheeltec_robot_keyboard:/home/wheeltec/wheeltec_ros2/install/tf2_tools:/home/wheeltec/wheeltec_ros2/install/nav2_gazebo_spawner:/opt/ros/galactic /usr/bin/cmake --build /home/wheeltec/wheeltec_ros2/build/ldlidar_stl_ros2 -- -j4 -l4
[0.548s] [100%] Built target ldlidar_stl_ros2_node
[0.663s] Invoked command in '/home/wheeltec/wheeltec_ros2/build/ldlidar_stl_ros2' returned '0': CMAKE_PREFIX_PATH=${CMAKE_PREFIX_PATH}:/home/wheeltec/wheeltec_ros2/install/wheeltec_robot_keyboard:/home/wheeltec/wheeltec_ros2/install/tf2_tools:/home/wheeltec/wheeltec_ros2/install/nav2_gazebo_spawner:/opt/ros/galactic /usr/bin/cmake --build /home/wheeltec/wheeltec_ros2/build/ldlidar_stl_ros2 -- -j4 -l4
[0.857s] Invoking command in '/home/wheeltec/wheeltec_ros2/build/ldlidar_stl_ros2': CMAKE_PREFIX_PATH=${CMAKE_PREFIX_PATH}:/home/wheeltec/wheeltec_ros2/install/wheeltec_robot_keyboard:/home/wheeltec/wheeltec_ros2/install/tf2_tools:/home/wheeltec/wheeltec_ros2/install/nav2_gazebo_spawner:/opt/ros/galactic /usr/bin/cmake --install /home/wheeltec/wheeltec_ros2/build/ldlidar_stl_ros2
[0.902s] -- Install configuration: ""
[0.905s] -- Up-to-date: /home/wheeltec/wheeltec_ros2/install/ldlidar_stl_ros2/lib/ldlidar_stl_ros2/ldlidar_stl_ros2_node
[0.906s] -- Up-to-date: /home/wheeltec/wheeltec_ros2/install/ldlidar_stl_ros2/share/ldlidar_stl_ros2//launch
[0.908s] -- Up-to-date: /home/wheeltec/wheeltec_ros2/install/ldlidar_stl_ros2/share/ldlidar_stl_ros2//launch/ld06.launch.py
[0.908s] -- Up-to-date: /home/wheeltec/wheeltec_ros2/install/ldlidar_stl_ros2/share/ldlidar_stl_ros2//launch/ld19.launch.py
[0.908s] -- Up-to-date: /home/wheeltec/wheeltec_ros2/install/ldlidar_stl_ros2/share/ldlidar_stl_ros2//launch/viewer_ld19.launch.py
[0.909s] -- Up-to-date: /home/wheeltec/wheeltec_ros2/install/ldlidar_stl_ros2/share/ldlidar_stl_ros2//launch/viewer_ld06.launch.py
[0.910s] -- Up-to-date: /home/wheeltec/wheeltec_ros2/install/ldlidar_stl_ros2/share/ldlidar_stl_ros2//rviz2
[0.911s] -- Up-to-date: /home/wheeltec/wheeltec_ros2/install/ldlidar_stl_ros2/share/ldlidar_stl_ros2//rviz2/ldlidar.rviz
[0.911s] -- Up-to-date: /home/wheeltec/wheeltec_ros2/install/ldlidar_stl_ros2/share/ament_index/resource_index/package_run_dependencies/ldlidar_stl_ros2
[0.912s] -- Up-to-date: /home/wheeltec/wheeltec_ros2/install/ldlidar_stl_ros2/share/ament_index/resource_index/parent_prefix_path/ldlidar_stl_ros2
[0.912s] -- Up-to-date: /home/wheeltec/wheeltec_ros2/install/ldlidar_stl_ros2/share/ldlidar_stl_ros2/environment/ament_prefix_path.sh
[0.913s] -- Up-to-date: /home/wheeltec/wheeltec_ros2/install/ldlidar_stl_ros2/share/ldlidar_stl_ros2/environment/ament_prefix_path.dsv
[0.914s] -- Up-to-date: /home/wheeltec/wheeltec_ros2/install/ldlidar_stl_ros2/share/ldlidar_stl_ros2/environment/path.sh
[0.914s] -- Up-to-date: /home/wheeltec/wheeltec_ros2/install/ldlidar_stl_ros2/share/ldlidar_stl_ros2/environment/path.dsv
[0.914s] -- Up-to-date: /home/wheeltec/wheeltec_ros2/install/ldlidar_stl_ros2/share/ldlidar_stl_ros2/local_setup.bash
[0.915s] -- Up-to-date: /home/wheeltec/wheeltec_ros2/install/ldlidar_stl_ros2/share/ldlidar_stl_ros2/local_setup.sh
[0.915s] -- Up-to-date: /home/wheeltec/wheeltec_ros2/install/ldlidar_stl_ros2/share/ldlidar_stl_ros2/local_setup.zsh
[0.916s] -- Up-to-date: /home/wheeltec/wheeltec_ros2/install/ldlidar_stl_ros2/share/ldlidar_stl_ros2/local_setup.dsv
[0.917s] -- Installing: /home/wheeltec/wheeltec_ros2/install/ldlidar_stl_ros2/share/ldlidar_stl_ros2/package.dsv
[0.917s] -- Up-to-date: /home/wheeltec/wheeltec_ros2/install/ldlidar_stl_ros2/share/ament_index/resource_index/packages/ldlidar_stl_ros2
[0.918s] -- Up-to-date: /home/wheeltec/wheeltec_ros2/install/ldlidar_stl_ros2/share/ldlidar_stl_ros2/cmake/ldlidar_stl_ros2Config.cmake
[0.918s] -- Up-to-date: /home/wheeltec/wheeltec_ros2/install/ldlidar_stl_ros2/share/ldlidar_stl_ros2/cmake/ldlidar_stl_ros2Config-version.cmake
[0.919s] -- Up-to-date: /home/wheeltec/wheeltec_ros2/install/ldlidar_stl_ros2/share/ldlidar_stl_ros2/package.xml
[0.927s] Invoked command in '/home/wheeltec/wheeltec_ros2/build/ldlidar_stl_ros2' returned '0': CMAKE_PREFIX_PATH=${CMAKE_PREFIX_PATH}:/home/wheeltec/wheeltec_ros2/install/wheeltec_robot_keyboard:/home/wheeltec/wheeltec_ros2/install/tf2_tools:/home/wheeltec/wheeltec_ros2/install/nav2_gazebo_spawner:/opt/ros/galactic /usr/bin/cmake --install /home/wheeltec/wheeltec_ros2/build/ldlidar_stl_ros2
