[1.694s] Invoking command in '/home/wheeltec/wheeltec_ros2/build/rplidar_ros2': CMAKE_PREFIX_PATH=${CMAKE_PREFIX_PATH}:/home/wheeltec/wheeltec_ros2/install/simple_follower_ros2:/home/wheeltec/wheeltec_ros2/install/wheeltec_robot_keyboard:/home/wheeltec/wheeltec_ros2/install/tf2_tools:/home/wheeltec/wheeltec_ros2/install/nav2_simple_commander:/home/wheeltec/wheeltec_ros2/install/nav2_gazebo_spawner:/opt/ros/galactic /usr/bin/cmake --build /home/wheeltec/wheeltec_ros2/build/rplidar_ros2 -- -j4 -l4
[2.086s] [100%] Built target rplidar_scan_publisher
[2.152s] Invoked command in '/home/wheeltec/wheeltec_ros2/build/rplidar_ros2' returned '0': CMAKE_PREFIX_PATH=${CMAKE_PREFIX_PATH}:/home/wheeltec/wheeltec_ros2/install/simple_follower_ros2:/home/wheeltec/wheeltec_ros2/install/wheeltec_robot_keyboard:/home/wheeltec/wheeltec_ros2/install/tf2_tools:/home/wheeltec/wheeltec_ros2/install/nav2_simple_commander:/home/wheeltec/wheeltec_ros2/install/nav2_gazebo_spawner:/opt/ros/galactic /usr/bin/cmake --build /home/wheeltec/wheeltec_ros2/build/rplidar_ros2 -- -j4 -l4
[2.913s] Invoking command in '/home/wheeltec/wheeltec_ros2/build/rplidar_ros2': CMAKE_PREFIX_PATH=${CMAKE_PREFIX_PATH}:/home/wheeltec/wheeltec_ros2/install/simple_follower_ros2:/home/wheeltec/wheeltec_ros2/install/wheeltec_robot_keyboard:/home/wheeltec/wheeltec_ros2/install/tf2_tools:/home/wheeltec/wheeltec_ros2/install/nav2_simple_commander:/home/wheeltec/wheeltec_ros2/install/nav2_gazebo_spawner:/opt/ros/galactic /usr/bin/cmake --install /home/wheeltec/wheeltec_ros2/build/rplidar_ros2
[3.012s] -- Install configuration: "Release"
[3.013s] -- Up-to-date: /home/wheeltec/wheeltec_ros2/install/rplidar_ros2/share/rplidar_ros2/launch
[3.014s] -- Up-to-date: /home/wheeltec/wheeltec_ros2/install/rplidar_ros2/share/rplidar_ros2/launch/view_rplidar_s1_launch.py
[3.014s] -- Up-to-date: /home/wheeltec/wheeltec_ros2/install/rplidar_ros2/share/rplidar_ros2/launch/rplidar_a3_launch.py
[3.014s] -- Up-to-date: /home/wheeltec/wheeltec_ros2/install/rplidar_ros2/share/rplidar_ros2/launch/rplidar_s1_tcp_launch.py
[3.015s] -- Up-to-date: /home/wheeltec/wheeltec_ros2/install/rplidar_ros2/share/rplidar_ros2/launch/rplidar_s1_launch.py
[3.015s] -- Up-to-date: /home/wheeltec/wheeltec_ros2/install/rplidar_ros2/share/rplidar_ros2/launch/view_rplidar_s1_tcp_launch.py
[3.016s] -- Up-to-date: /home/wheeltec/wheeltec_ros2/install/rplidar_ros2/share/rplidar_ros2/launch/view_rplidar_s2_launch.py
[3.016s] -- Up-to-date: /home/wheeltec/wheeltec_ros2/install/rplidar_ros2/share/rplidar_ros2/launch/view_rplidar_a3_launch.py
[3.017s] -- Up-to-date: /home/wheeltec/wheeltec_ros2/install/rplidar_ros2/share/rplidar_ros2/launch/rplidar_s2_launch.py
[3.017s] -- Up-to-date: /home/wheeltec/wheeltec_ros2/install/rplidar_ros2/share/rplidar_ros2/launch/view_rplidar_launch.py
[3.017s] -- Up-to-date: /home/wheeltec/wheeltec_ros2/install/rplidar_ros2/share/rplidar_ros2/launch/rplidar_launch.py
[3.018s] -- Up-to-date: /home/wheeltec/wheeltec_ros2/install/rplidar_ros2/share/rplidar_ros2/rviz
[3.018s] -- Up-to-date: /home/wheeltec/wheeltec_ros2/install/rplidar_ros2/share/rplidar_ros2/rviz/rplidar_ros2.rviz
[3.019s] -- Up-to-date: /home/wheeltec/wheeltec_ros2/install/rplidar_ros2/lib/rplidar_ros2/rplidar_scan_publisher
[3.020s] -- Up-to-date: /home/wheeltec/wheeltec_ros2/install/rplidar_ros2/share/ament_index/resource_index/package_run_dependencies/rplidar_ros2
[3.021s] -- Up-to-date: /home/wheeltec/wheeltec_ros2/install/rplidar_ros2/share/ament_index/resource_index/parent_prefix_path/rplidar_ros2
[3.021s] -- Up-to-date: /home/wheeltec/wheeltec_ros2/install/rplidar_ros2/share/rplidar_ros2/environment/ament_prefix_path.sh
[3.022s] -- Up-to-date: /home/wheeltec/wheeltec_ros2/install/rplidar_ros2/share/rplidar_ros2/environment/ament_prefix_path.dsv
[3.023s] -- Up-to-date: /home/wheeltec/wheeltec_ros2/install/rplidar_ros2/share/rplidar_ros2/environment/path.sh
[3.023s] -- Up-to-date: /home/wheeltec/wheeltec_ros2/install/rplidar_ros2/share/rplidar_ros2/environment/path.dsv
[3.024s] -- Up-to-date: /home/wheeltec/wheeltec_ros2/install/rplidar_ros2/share/rplidar_ros2/local_setup.bash
[3.024s] -- Up-to-date: /home/wheeltec/wheeltec_ros2/install/rplidar_ros2/share/rplidar_ros2/local_setup.sh
[3.024s] -- Up-to-date: /home/wheeltec/wheeltec_ros2/install/rplidar_ros2/share/rplidar_ros2/local_setup.zsh
[3.037s] -- Up-to-date: /home/wheeltec/wheeltec_ros2/install/rplidar_ros2/share/rplidar_ros2/local_setup.dsv
[3.038s] -- Installing: /home/wheeltec/wheeltec_ros2/install/rplidar_ros2/share/rplidar_ros2/package.dsv
[3.038s] -- Up-to-date: /home/wheeltec/wheeltec_ros2/install/rplidar_ros2/share/ament_index/resource_index/packages/rplidar_ros2
[3.038s] -- Up-to-date: /home/wheeltec/wheeltec_ros2/install/rplidar_ros2/share/rplidar_ros2/cmake/ament_cmake_export_dependencies-extras.cmake
[3.039s] -- Up-to-date: /home/wheeltec/wheeltec_ros2/install/rplidar_ros2/share/rplidar_ros2/cmake/ament_cmake_export_include_directories-extras.cmake
[3.039s] -- Up-to-date: /home/wheeltec/wheeltec_ros2/install/rplidar_ros2/share/rplidar_ros2/cmake/rplidar_ros2Config.cmake
[3.039s] -- Up-to-date: /home/wheeltec/wheeltec_ros2/install/rplidar_ros2/share/rplidar_ros2/cmake/rplidar_ros2Config-version.cmake
[3.040s] -- Up-to-date: /home/wheeltec/wheeltec_ros2/install/rplidar_ros2/share/rplidar_ros2/package.xml
[3.052s] Invoked command in '/home/wheeltec/wheeltec_ros2/build/rplidar_ros2' returned '0': CMAKE_PREFIX_PATH=${CMAKE_PREFIX_PATH}:/home/wheeltec/wheeltec_ros2/install/simple_follower_ros2:/home/wheeltec/wheeltec_ros2/install/wheeltec_robot_keyboard:/home/wheeltec/wheeltec_ros2/install/tf2_tools:/home/wheeltec/wheeltec_ros2/install/nav2_simple_commander:/home/wheeltec/wheeltec_ros2/install/nav2_gazebo_spawner:/opt/ros/galactic /usr/bin/cmake --install /home/wheeltec/wheeltec_ros2/build/rplidar_ros2
