[0.396s] Invoking command in '/home/wheeltec/wheeltec_ros2/build/rplidar_ros2': CMAKE_PREFIX_PATH=${CMAKE_PREFIX_PATH}:/home/wheeltec/wheeltec_ros2/install/wheeltec_robot_keyboard:/home/wheeltec/wheeltec_ros2/install/tf2_tools:/home/wheeltec/wheeltec_ros2/install/nav2_gazebo_spawner:/opt/ros/galactic /usr/bin/cmake --build /home/wheeltec/wheeltec_ros2/build/rplidar_ros2 -- -j4 -l4
[1.522s] [100%] Built target rplidar_scan_publisher
[7.727s] Invoked command in '/home/wheeltec/wheeltec_ros2/build/rplidar_ros2' returned '0': CMAKE_PREFIX_PATH=${CMAKE_PREFIX_PATH}:/home/wheeltec/wheeltec_ros2/install/wheeltec_robot_keyboard:/home/wheeltec/wheeltec_ros2/install/tf2_tools:/home/wheeltec/wheeltec_ros2/install/nav2_gazebo_spawner:/opt/ros/galactic /usr/bin/cmake --build /home/wheeltec/wheeltec_ros2/build/rplidar_ros2 -- -j4 -l4
[8.990s] Invoking command in '/home/wheeltec/wheeltec_ros2/build/rplidar_ros2': CMAKE_PREFIX_PATH=${CMAKE_PREFIX_PATH}:/home/wheeltec/wheeltec_ros2/install/wheeltec_robot_keyboard:/home/wheeltec/wheeltec_ros2/install/tf2_tools:/home/wheeltec/wheeltec_ros2/install/nav2_gazebo_spawner:/opt/ros/galactic /usr/bin/cmake --install /home/wheeltec/wheeltec_ros2/build/rplidar_ros2
[9.136s] -- Install configuration: "Release"
[9.142s] -- Up-to-date: /home/wheeltec/wheeltec_ros2/install/rplidar_ros2/share/rplidar_ros2/launch
[9.144s] -- Up-to-date: /home/wheeltec/wheeltec_ros2/install/rplidar_ros2/share/rplidar_ros2/launch/rplidar_s1_launch.py
[9.145s] -- Up-to-date: /home/wheeltec/wheeltec_ros2/install/rplidar_ros2/share/rplidar_ros2/launch/rplidar_s2_launch.py
[9.146s] -- Up-to-date: /home/wheeltec/wheeltec_ros2/install/rplidar_ros2/share/rplidar_ros2/launch/rplidar_a3_launch.py
[9.147s] -- Up-to-date: /home/wheeltec/wheeltec_ros2/install/rplidar_ros2/share/rplidar_ros2/launch/view_rplidar_s2_launch.py
[9.148s] -- Up-to-date: /home/wheeltec/wheeltec_ros2/install/rplidar_ros2/share/rplidar_ros2/launch/view_rplidar_s1_launch.py
[9.149s] -- Up-to-date: /home/wheeltec/wheeltec_ros2/install/rplidar_ros2/share/rplidar_ros2/launch/view_rplidar_launch.py
[9.150s] -- Up-to-date: /home/wheeltec/wheeltec_ros2/install/rplidar_ros2/share/rplidar_ros2/launch/rplidar_s1_tcp_launch.py
[9.151s] -- Up-to-date: /home/wheeltec/wheeltec_ros2/install/rplidar_ros2/share/rplidar_ros2/launch/view_rplidar_s1_tcp_launch.py
[9.153s] -- Up-to-date: /home/wheeltec/wheeltec_ros2/install/rplidar_ros2/share/rplidar_ros2/launch/view_rplidar_a3_launch.py
[9.154s] -- Up-to-date: /home/wheeltec/wheeltec_ros2/install/rplidar_ros2/share/rplidar_ros2/launch/rplidar_launch.py
[9.155s] -- Up-to-date: /home/wheeltec/wheeltec_ros2/install/rplidar_ros2/share/rplidar_ros2/rviz
[9.157s] -- Up-to-date: /home/wheeltec/wheeltec_ros2/install/rplidar_ros2/share/rplidar_ros2/rviz/rplidar_ros2.rviz
[9.163s] -- Up-to-date: /home/wheeltec/wheeltec_ros2/install/rplidar_ros2/lib/rplidar_ros2/rplidar_scan_publisher
[9.164s] -- Up-to-date: /home/wheeltec/wheeltec_ros2/install/rplidar_ros2/share/ament_index/resource_index/package_run_dependencies/rplidar_ros2
[9.165s] -- Up-to-date: /home/wheeltec/wheeltec_ros2/install/rplidar_ros2/share/ament_index/resource_index/parent_prefix_path/rplidar_ros2
[9.167s] -- Up-to-date: /home/wheeltec/wheeltec_ros2/install/rplidar_ros2/share/rplidar_ros2/environment/ament_prefix_path.sh
[9.168s] -- Up-to-date: /home/wheeltec/wheeltec_ros2/install/rplidar_ros2/share/rplidar_ros2/environment/ament_prefix_path.dsv
[9.178s] -- Up-to-date: /home/wheeltec/wheeltec_ros2/install/rplidar_ros2/share/rplidar_ros2/environment/path.sh
[9.178s] -- Up-to-date: /home/wheeltec/wheeltec_ros2/install/rplidar_ros2/share/rplidar_ros2/environment/path.dsv
[9.179s] -- Up-to-date: /home/wheeltec/wheeltec_ros2/install/rplidar_ros2/share/rplidar_ros2/local_setup.bash
[9.179s] -- Up-to-date: /home/wheeltec/wheeltec_ros2/install/rplidar_ros2/share/rplidar_ros2/local_setup.sh
[9.182s] -- Up-to-date: /home/wheeltec/wheeltec_ros2/install/rplidar_ros2/share/rplidar_ros2/local_setup.zsh
[9.182s] -- Up-to-date: /home/wheeltec/wheeltec_ros2/install/rplidar_ros2/share/rplidar_ros2/local_setup.dsv
[9.183s] -- Installing: /home/wheeltec/wheeltec_ros2/install/rplidar_ros2/share/rplidar_ros2/package.dsv
[9.185s] -- Up-to-date: /home/wheeltec/wheeltec_ros2/install/rplidar_ros2/share/ament_index/resource_index/packages/rplidar_ros2
[9.212s] -- Up-to-date: /home/wheeltec/wheeltec_ros2/install/rplidar_ros2/share/rplidar_ros2/cmake/ament_cmake_export_dependencies-extras.cmake
[9.212s] -- Up-to-date: /home/wheeltec/wheeltec_ros2/install/rplidar_ros2/share/rplidar_ros2/cmake/ament_cmake_export_include_directories-extras.cmake
[9.213s] -- Up-to-date: /home/wheeltec/wheeltec_ros2/install/rplidar_ros2/share/rplidar_ros2/cmake/rplidar_ros2Config.cmake
[9.213s] -- Up-to-date: /home/wheeltec/wheeltec_ros2/install/rplidar_ros2/share/rplidar_ros2/cmake/rplidar_ros2Config-version.cmake
[9.214s] -- Up-to-date: /home/wheeltec/wheeltec_ros2/install/rplidar_ros2/share/rplidar_ros2/package.xml
[9.214s] Invoked command in '/home/wheeltec/wheeltec_ros2/build/rplidar_ros2' returned '0': CMAKE_PREFIX_PATH=${CMAKE_PREFIX_PATH}:/home/wheeltec/wheeltec_ros2/install/wheeltec_robot_keyboard:/home/wheeltec/wheeltec_ros2/install/tf2_tools:/home/wheeltec/wheeltec_ros2/install/nav2_gazebo_spawner:/opt/ros/galactic /usr/bin/cmake --install /home/wheeltec/wheeltec_ros2/build/rplidar_ros2
