[5.658s] Invoking command in '/home/wheeltec/wheeltec_ros2/src/wheeltec_robot_keyboard': PYTHONPATH=/home/wheeltec/wheeltec_ros2/build/wheeltec_robot_keyboard/prefix_override:/usr/lib/python3/dist-packages/colcon_core/task/python/colcon_distutils_commands:/home/wheeltec/wheeltec_ros2/install/wheeltec_robot_keyboard/lib/python3.8/site-packages:${PYTHONPATH} /usr/bin/python3 -W ignore:setup.py install is deprecated setup.py egg_info --egg-base ../../build/wheeltec_robot_keyboard build --build-base /home/wheeltec/wheeltec_ros2/build/wheeltec_robot_keyboard/build install --record /home/wheeltec/wheeltec_ros2/build/wheeltec_robot_keyboard/install.log --install-scripts $base/lib/wheeltec_robot_keyboard --single-version-externally-managed install_data
[7.195s] /home/wheeltec/.local/lib/python3.8/site-packages/setuptools/dist.py:771: UserWarning: Usage of dash-separated 'script-dir' will not be supported in future versions. Please use the underscore name 'script_dir' instead
[7.195s]   warnings.warn(
[7.799s] running egg_info
[7.882s] writing ../../build/wheeltec_robot_keyboard/wheeltec_robot_keyboard.egg-info/PKG-INFO
[7.885s] writing dependency_links to ../../build/wheeltec_robot_keyboard/wheeltec_robot_keyboard.egg-info/dependency_links.txt
[7.886s] writing entry points to ../../build/wheeltec_robot_keyboard/wheeltec_robot_keyboard.egg-info/entry_points.txt
[7.887s] writing requirements to ../../build/wheeltec_robot_keyboard/wheeltec_robot_keyboard.egg-info/requires.txt
[7.887s] writing top-level names to ../../build/wheeltec_robot_keyboard/wheeltec_robot_keyboard.egg-info/top_level.txt
[8.060s] reading manifest file '../../build/wheeltec_robot_keyboard/wheeltec_robot_keyboard.egg-info/SOURCES.txt'
[8.065s] writing manifest file '../../build/wheeltec_robot_keyboard/wheeltec_robot_keyboard.egg-info/SOURCES.txt'
[8.066s] running build
[8.066s] running build_py
[8.069s] running install
[8.102s] running install_lib
[8.192s] running install_data
[8.193s] running install_egg_info
[8.279s] removing '/home/wheeltec/wheeltec_ros2/install/wheeltec_robot_keyboard/lib/python3.8/site-packages/wheeltec_robot_keyboard-2.0.1-py3.8.egg-info' (and everything under it)
[8.280s] Copying ../../build/wheeltec_robot_keyboard/wheeltec_robot_keyboard.egg-info to /home/wheeltec/wheeltec_ros2/install/wheeltec_robot_keyboard/lib/python3.8/site-packages/wheeltec_robot_keyboard-2.0.1-py3.8.egg-info
[8.287s] running install_scripts
[8.764s] Installing wheeltec_keyboard script to /home/wheeltec/wheeltec_ros2/install/wheeltec_robot_keyboard/lib/wheeltec_robot_keyboard
[8.765s] writing list of installed files to '/home/wheeltec/wheeltec_ros2/build/wheeltec_robot_keyboard/install.log'
[8.940s] Invoked command in '/home/wheeltec/wheeltec_ros2/src/wheeltec_robot_keyboard' returned '0': PYTHONPATH=/home/wheeltec/wheeltec_ros2/build/wheeltec_robot_keyboard/prefix_override:/usr/lib/python3/dist-packages/colcon_core/task/python/colcon_distutils_commands:/home/wheeltec/wheeltec_ros2/install/wheeltec_robot_keyboard/lib/python3.8/site-packages:${PYTHONPATH} /usr/bin/python3 -W ignore:setup.py install is deprecated setup.py egg_info --egg-base ../../build/wheeltec_robot_keyboard build --build-base /home/wheeltec/wheeltec_ros2/build/wheeltec_robot_keyboard/build install --record /home/wheeltec/wheeltec_ros2/build/wheeltec_robot_keyboard/install.log --install-scripts $base/lib/wheeltec_robot_keyboard --single-version-externally-managed install_data
