[0.081s] Invoking command in '/home/wheeltec/wheeltec_ros2/build/lslidar_msgs': CMAKE_PREFIX_PATH=${CMAKE_PREFIX_PATH}:/home/wheeltec/wheeltec_ros2/install/simple_follower_ros2:/home/wheeltec/wheeltec_ros2/install/wheeltec_robot_keyboard:/home/wheeltec/wheeltec_ros2/install/tf2_tools:/home/wheeltec/wheeltec_ros2/install/nav2_simple_commander:/home/wheeltec/wheeltec_ros2/install/nav2_gazebo_spawner:/opt/ros/galactic /usr/bin/cmake /home/wheeltec/wheeltec_ros2/src/wheeltec_lidar_ros2/LSlidar/lslidar_msgs -DCMAKE_INSTALL_PREFIX=/home/wheeltec/wheeltec_ros2/install/lslidar_msgs
[0.536s] -- The C compiler identification is GNU 9.4.0
[0.767s] -- The CXX compiler identification is GNU 9.4.0
[0.798s] -- Check for working C compiler: /usr/bin/cc
[1.109s] -- Check for working C compiler: /usr/bin/cc -- works
[1.113s] -- Detecting C compiler ABI info
[1.421s] -- Detecting C compiler ABI info - done
[1.460s] -- Detecting C compile features
[1.461s] -- Detecting C compile features - done
[1.470s] -- Check for working CXX compiler: /usr/bin/c++
[1.803s] -- Check for working CXX compiler: /usr/bin/c++ -- works
[1.806s] -- Detecting CXX compiler ABI info
[2.142s] -- Detecting CXX compiler ABI info - done
[2.183s] -- Detecting CXX compile features
[2.184s] -- Detecting CXX compile features - done
[2.229s] -- Found ament_cmake: 1.1.5 (/opt/ros/galactic/share/ament_cmake/cmake)
[2.408s] -- Found PythonInterp: /usr/bin/python3 (found suitable version "3.8.10", minimum required is "3") 
[2.409s] -- Using PYTHON_EXECUTABLE: /usr/bin/python3
[3.174s] -- Found std_msgs: 2.2.4 (/opt/ros/galactic/share/std_msgs/cmake)
[3.550s] -- Using all available rosidl_typesupport_c: rosidl_typesupport_fastrtps_c;rosidl_typesupport_introspection_c
[3.670s] -- Found rosidl_adapter: 2.2.2 (/opt/ros/galactic/share/rosidl_adapter/cmake)
[4.346s] -- Found OpenSSL: /usr/lib/aarch64-linux-gnu/libcrypto.so (found version "1.1.1f")  
[4.496s] -- Found FastRTPS: /opt/ros/galactic/include  
[5.058s] -- Using all available rosidl_typesupport_cpp: rosidl_typesupport_fastrtps_cpp;rosidl_typesupport_introspection_cpp
[5.336s] -- Found sensor_msgs: 2.2.4 (/opt/ros/galactic/share/sensor_msgs/cmake)
[5.848s] -- Found rosidl_default_generators: 1.1.1 (/opt/ros/galactic/share/rosidl_default_generators/cmake)
[5.996s] -- Found ament_lint_auto: 0.10.7 (/opt/ros/galactic/share/ament_lint_auto/cmake)
[6.697s] -- Found PythonInterp: /usr/bin/python3 (found version "3.8.10") 
[7.261s] -- Found ament_cmake_ros: 0.9.2 (/opt/ros/galactic/share/ament_cmake_ros/cmake)
[8.325s] -- Using all available rosidl_typesupport_c: rosidl_typesupport_fastrtps_c;rosidl_typesupport_introspection_c
[8.655s] -- Using all available rosidl_typesupport_cpp: rosidl_typesupport_fastrtps_cpp;rosidl_typesupport_introspection_cpp
[8.797s] -- Found PythonInterp: /usr/bin/python3 (found suitable version "3.8.10", minimum required is "3.5") 
[8.834s] -- Found python_cmake_module: 0.8.1 (/opt/ros/galactic/share/python_cmake_module/cmake)
[8.978s] -- Found PythonLibs: /usr/lib/aarch64-linux-gnu/libpython3.8.so (found suitable version "3.8.10", minimum required is "3.5") 
[8.979s] -- Using PYTHON_EXECUTABLE: /usr/bin/python3
[8.979s] -- Using PYTHON_INCLUDE_DIRS: /usr/include/python3.8
[8.979s] -- Using PYTHON_LIBRARIES: /usr/lib/aarch64-linux-gnu/libpython3.8.so
[9.082s] -- Found PythonExtra: .so  
[10.522s] -- Added test 'copyright' to check source files copyright and LICENSE
[10.533s] -- Added test 'lint_cmake' to check CMake code style
[10.542s] -- Added test 'xmllint' to check XML markup files
[10.580s] -- Configuring done
[10.771s] -- Generating done
[10.782s] -- Build files have been written to: /home/wheeltec/wheeltec_ros2/build/lslidar_msgs
[10.814s] Invoked command in '/home/wheeltec/wheeltec_ros2/build/lslidar_msgs' returned '0': CMAKE_PREFIX_PATH=${CMAKE_PREFIX_PATH}:/home/wheeltec/wheeltec_ros2/install/simple_follower_ros2:/home/wheeltec/wheeltec_ros2/install/wheeltec_robot_keyboard:/home/wheeltec/wheeltec_ros2/install/tf2_tools:/home/wheeltec/wheeltec_ros2/install/nav2_simple_commander:/home/wheeltec/wheeltec_ros2/install/nav2_gazebo_spawner:/opt/ros/galactic /usr/bin/cmake /home/wheeltec/wheeltec_ros2/src/wheeltec_lidar_ros2/LSlidar/lslidar_msgs -DCMAKE_INSTALL_PREFIX=/home/wheeltec/wheeltec_ros2/install/lslidar_msgs
[10.825s] Invoking command in '/home/wheeltec/wheeltec_ros2/build/lslidar_msgs': CMAKE_PREFIX_PATH=${CMAKE_PREFIX_PATH}:/home/wheeltec/wheeltec_ros2/install/simple_follower_ros2:/home/wheeltec/wheeltec_ros2/install/wheeltec_robot_keyboard:/home/wheeltec/wheeltec_ros2/install/tf2_tools:/home/wheeltec/wheeltec_ros2/install/nav2_simple_commander:/home/wheeltec/wheeltec_ros2/install/nav2_gazebo_spawner:/opt/ros/galactic /usr/bin/cmake --build /home/wheeltec/wheeltec_ros2/build/lslidar_msgs -- -j4 -l4
[11.049s] [  1%] [34m[1mGenerating C code for ROS interfaces[0m
[11.050s] [35m[1mScanning dependencies of target lslidar_msgs__cpp[0m
[11.112s] [  3%] [34m[1mGenerating C++ code for ROS interfaces[0m
[13.488s] [  3%] Built target lslidar_msgs__cpp
[13.634s] [  4%] [34m[1mGenerating C++ type support for eProsima Fast-RTPS[0m
[13.739s] [  6%] [34m[1mGenerating C++ introspection for ROS interfaces[0m
[13.743s] [  7%] [34m[1mGenerating C++ type support dispatch for ROS interfaces[0m
[13.754s] [35m[1mScanning dependencies of target lslidar_msgs__rosidl_generator_c[0m
[13.831s] [  9%] [32mBuilding C object CMakeFiles/lslidar_msgs__rosidl_generator_c.dir/rosidl_generator_c/lslidar_msgs/msg/detail/lslidar_difop__functions.c.o[0m
[14.036s] [ 11%] [32mBuilding C object CMakeFiles/lslidar_msgs__rosidl_generator_c.dir/rosidl_generator_c/lslidar_msgs/msg/detail/lslidar_packet__functions.c.o[0m
[14.238s] [ 12%] [32mBuilding C object CMakeFiles/lslidar_msgs__rosidl_generator_c.dir/rosidl_generator_c/lslidar_msgs/msg/detail/lslidar_point__functions.c.o[0m
[14.440s] [ 14%] [32mBuilding C object CMakeFiles/lslidar_msgs__rosidl_generator_c.dir/rosidl_generator_c/lslidar_msgs/msg/detail/lslidar_scan__functions.c.o[0m
[14.646s] [ 15%] [32mBuilding C object CMakeFiles/lslidar_msgs__rosidl_generator_c.dir/rosidl_generator_c/lslidar_msgs/msg/detail/lslidar_sweep__functions.c.o[0m
[14.855s] [ 17%] [32m[1mLinking C shared library liblslidar_msgs__rosidl_generator_c.so[0m
[15.050s] [ 17%] Built target lslidar_msgs__rosidl_generator_c
[15.117s] [ 19%] [34m[1mGenerating C type support dispatch for ROS interfaces[0m
[15.749s] [35m[1mScanning dependencies of target lslidar_msgs__rosidl_typesupport_cpp[0m
[15.828s] [ 20%] [32mBuilding CXX object CMakeFiles/lslidar_msgs__rosidl_typesupport_cpp.dir/rosidl_typesupport_cpp/lslidar_msgs/msg/lslidar_difop__type_support.cpp.o[0m
[16.082s] [35m[1mScanning dependencies of target lslidar_msgs__rosidl_typesupport_introspection_cpp[0m
[16.163s] [ 22%] [32mBuilding CXX object CMakeFiles/lslidar_msgs__rosidl_typesupport_introspection_cpp.dir/rosidl_typesupport_introspection_cpp/lslidar_msgs/msg/detail/lslidar_difop__type_support.cpp.o[0m
[16.227s] [35m[1mScanning dependencies of target lslidar_msgs__rosidl_typesupport_fastrtps_cpp[0m
[16.337s] [ 23%] [32mBuilding CXX object CMakeFiles/lslidar_msgs__rosidl_typesupport_fastrtps_cpp.dir/rosidl_typesupport_fastrtps_cpp/lslidar_msgs/msg/detail/dds_fastrtps/lslidar_difop__type_support.cpp.o[0m
[17.045s] [ 25%] [32mBuilding CXX object CMakeFiles/lslidar_msgs__rosidl_typesupport_cpp.dir/rosidl_typesupport_cpp/lslidar_msgs/msg/lslidar_packet__type_support.cpp.o[0m
[17.100s] [35m[1mScanning dependencies of target lslidar_msgs__rosidl_typesupport_c[0m
[17.177s] [ 26%] [32mBuilding CXX object CMakeFiles/lslidar_msgs__rosidl_typesupport_c.dir/rosidl_typesupport_c/lslidar_msgs/msg/lslidar_difop__type_support.cpp.o[0m
[17.327s] [ 28%] [32mBuilding CXX object CMakeFiles/lslidar_msgs__rosidl_typesupport_c.dir/rosidl_typesupport_c/lslidar_msgs/msg/lslidar_packet__type_support.cpp.o[0m
[17.407s] [ 30%] [32mBuilding CXX object CMakeFiles/lslidar_msgs__rosidl_typesupport_introspection_cpp.dir/rosidl_typesupport_introspection_cpp/lslidar_msgs/msg/detail/lslidar_packet__type_support.cpp.o[0m
[17.481s] [ 31%] [32mBuilding CXX object CMakeFiles/lslidar_msgs__rosidl_typesupport_c.dir/rosidl_typesupport_c/lslidar_msgs/msg/lslidar_point__type_support.cpp.o[0m
[17.634s] [ 33%] [32mBuilding CXX object CMakeFiles/lslidar_msgs__rosidl_typesupport_c.dir/rosidl_typesupport_c/lslidar_msgs/msg/lslidar_scan__type_support.cpp.o[0m
[17.789s] [ 34%] [32mBuilding CXX object CMakeFiles/lslidar_msgs__rosidl_typesupport_c.dir/rosidl_typesupport_c/lslidar_msgs/msg/lslidar_sweep__type_support.cpp.o[0m
[17.950s] [ 36%] [32m[1mLinking CXX shared library liblslidar_msgs__rosidl_typesupport_c.so[0m
[18.127s] [ 38%] [32mBuilding CXX object CMakeFiles/lslidar_msgs__rosidl_typesupport_fastrtps_cpp.dir/rosidl_typesupport_fastrtps_cpp/lslidar_msgs/msg/detail/dds_fastrtps/lslidar_packet__type_support.cpp.o[0m
[18.153s] [ 38%] Built target lslidar_msgs__rosidl_typesupport_c
[18.227s] [ 39%] [34m[1mGenerating C introspection for ROS interfaces[0m
[18.307s] [ 41%] [32mBuilding CXX object CMakeFiles/lslidar_msgs__rosidl_typesupport_cpp.dir/rosidl_typesupport_cpp/lslidar_msgs/msg/lslidar_point__type_support.cpp.o[0m
[18.704s] [ 42%] [32mBuilding CXX object CMakeFiles/lslidar_msgs__rosidl_typesupport_introspection_cpp.dir/rosidl_typesupport_introspection_cpp/lslidar_msgs/msg/detail/lslidar_point__type_support.cpp.o[0m
[19.547s] [ 44%] [32mBuilding CXX object CMakeFiles/lslidar_msgs__rosidl_typesupport_cpp.dir/rosidl_typesupport_cpp/lslidar_msgs/msg/lslidar_scan__type_support.cpp.o[0m
[19.890s] [ 46%] [32mBuilding CXX object CMakeFiles/lslidar_msgs__rosidl_typesupport_fastrtps_cpp.dir/rosidl_typesupport_fastrtps_cpp/lslidar_msgs/msg/detail/dds_fastrtps/lslidar_point__type_support.cpp.o[0m
[19.952s] [ 47%] [32mBuilding CXX object CMakeFiles/lslidar_msgs__rosidl_typesupport_introspection_cpp.dir/rosidl_typesupport_introspection_cpp/lslidar_msgs/msg/detail/lslidar_scan__type_support.cpp.o[0m
[20.803s] [35m[1mScanning dependencies of target lslidar_msgs__rosidl_typesupport_introspection_c[0m
[20.918s] [ 49%] [32mBuilding C object CMakeFiles/lslidar_msgs__rosidl_typesupport_introspection_c.dir/rosidl_typesupport_introspection_c/lslidar_msgs/msg/detail/lslidar_difop__type_support.c.o[0m
[20.950s] [ 50%] [32mBuilding CXX object CMakeFiles/lslidar_msgs__rosidl_typesupport_cpp.dir/rosidl_typesupport_cpp/lslidar_msgs/msg/lslidar_sweep__type_support.cpp.o[0m
[21.100s] [ 52%] [32mBuilding C object CMakeFiles/lslidar_msgs__rosidl_typesupport_introspection_c.dir/rosidl_typesupport_introspection_c/lslidar_msgs/msg/detail/lslidar_packet__type_support.c.o[0m
[21.283s] [ 53%] [32mBuilding C object CMakeFiles/lslidar_msgs__rosidl_typesupport_introspection_c.dir/rosidl_typesupport_introspection_c/lslidar_msgs/msg/detail/lslidar_point__type_support.c.o[0m
[21.411s] [ 55%] [32mBuilding CXX object CMakeFiles/lslidar_msgs__rosidl_typesupport_introspection_cpp.dir/rosidl_typesupport_introspection_cpp/lslidar_msgs/msg/detail/lslidar_sweep__type_support.cpp.o[0m
[21.461s] [ 57%] [32mBuilding C object CMakeFiles/lslidar_msgs__rosidl_typesupport_introspection_c.dir/rosidl_typesupport_introspection_c/lslidar_msgs/msg/detail/lslidar_scan__type_support.c.o[0m
[21.649s] [ 58%] [32mBuilding C object CMakeFiles/lslidar_msgs__rosidl_typesupport_introspection_c.dir/rosidl_typesupport_introspection_c/lslidar_msgs/msg/detail/lslidar_sweep__type_support.c.o[0m
[21.699s] [ 60%] [32mBuilding CXX object CMakeFiles/lslidar_msgs__rosidl_typesupport_fastrtps_cpp.dir/rosidl_typesupport_fastrtps_cpp/lslidar_msgs/msg/detail/dds_fastrtps/lslidar_scan__type_support.cpp.o[0m
[21.836s] [ 61%] [32m[1mLinking C shared library liblslidar_msgs__rosidl_typesupport_introspection_c.so[0m
[22.029s] [ 61%] Built target lslidar_msgs__rosidl_typesupport_introspection_c
[22.126s] [ 63%] [32mBuilding CXX object CMakeFiles/lslidar_msgs__rosidl_typesupport_fastrtps_cpp.dir/rosidl_typesupport_fastrtps_cpp/lslidar_msgs/msg/detail/dds_fastrtps/lslidar_sweep__type_support.cpp.o[0m
[22.273s] [ 65%] [32m[1mLinking CXX shared library liblslidar_msgs__rosidl_typesupport_cpp.so[0m
[22.481s] [ 65%] Built target lslidar_msgs__rosidl_typesupport_cpp
[22.897s] [ 66%] [32m[1mLinking CXX shared library liblslidar_msgs__rosidl_typesupport_introspection_cpp.so[0m
[23.212s] [ 66%] Built target lslidar_msgs__rosidl_typesupport_introspection_cpp
[23.887s] [ 68%] [32m[1mLinking CXX shared library liblslidar_msgs__rosidl_typesupport_fastrtps_cpp.so[0m
[24.231s] [ 68%] Built target lslidar_msgs__rosidl_typesupport_fastrtps_cpp
[24.291s] [ 69%] [34m[1mGenerating C type support for eProsima Fast-RTPS[0m
[26.277s] [35m[1mScanning dependencies of target lslidar_msgs__rosidl_typesupport_fastrtps_c[0m
[26.369s] [ 71%] [32mBuilding CXX object CMakeFiles/lslidar_msgs__rosidl_typesupport_fastrtps_c.dir/rosidl_typesupport_fastrtps_c/lslidar_msgs/msg/detail/lslidar_difop__type_support_c.cpp.o[0m
[26.369s] [ 73%] [32mBuilding CXX object CMakeFiles/lslidar_msgs__rosidl_typesupport_fastrtps_c.dir/rosidl_typesupport_fastrtps_c/lslidar_msgs/msg/detail/lslidar_point__type_support_c.cpp.o[0m
[26.371s] [ 74%] [32mBuilding CXX object CMakeFiles/lslidar_msgs__rosidl_typesupport_fastrtps_c.dir/rosidl_typesupport_fastrtps_c/lslidar_msgs/msg/detail/lslidar_scan__type_support_c.cpp.o[0m
[26.381s] [ 76%] [32mBuilding CXX object CMakeFiles/lslidar_msgs__rosidl_typesupport_fastrtps_c.dir/rosidl_typesupport_fastrtps_c/lslidar_msgs/msg/detail/lslidar_packet__type_support_c.cpp.o[0m
[27.884s] [ 77%] [32mBuilding CXX object CMakeFiles/lslidar_msgs__rosidl_typesupport_fastrtps_c.dir/rosidl_typesupport_fastrtps_c/lslidar_msgs/msg/detail/lslidar_sweep__type_support_c.cpp.o[0m
[29.174s] [ 79%] [32m[1mLinking CXX shared library liblslidar_msgs__rosidl_typesupport_fastrtps_c.so[0m
[29.517s] [ 79%] Built target lslidar_msgs__rosidl_typesupport_fastrtps_c
[29.577s] [35m[1mScanning dependencies of target lslidar_msgs[0m
[29.639s] [ 79%] Built target lslidar_msgs
[29.700s] [35m[1mScanning dependencies of target lslidar_msgs__py[0m
[29.761s] [ 80%] [34m[1mGenerating Python code for ROS interfaces[0m
[33.842s] [ 80%] Built target lslidar_msgs__py
[33.899s] [35m[1mScanning dependencies of target lslidar_msgs__python[0m
[34.055s] [ 84%] [32mBuilding C object CMakeFiles/lslidar_msgs__python.dir/rosidl_generator_py/lslidar_msgs/msg/_lslidar_difop_s.c.o[0m
[34.056s] [ 84%] [32mBuilding C object CMakeFiles/lslidar_msgs__python.dir/rosidl_generator_py/lslidar_msgs/msg/_lslidar_packet_s.c.o[0m
[34.057s] [ 87%] [32mBuilding C object CMakeFiles/lslidar_msgs__python.dir/rosidl_generator_py/lslidar_msgs/msg/_lslidar_scan_s.c.o[0m
[34.058s] [ 87%] [32mBuilding C object CMakeFiles/lslidar_msgs__python.dir/rosidl_generator_py/lslidar_msgs/msg/_lslidar_point_s.c.o[0m
[34.466s] [ 88%] [32mBuilding C object CMakeFiles/lslidar_msgs__python.dir/rosidl_generator_py/lslidar_msgs/msg/_lslidar_sweep_s.c.o[0m
[34.834s] [ 90%] [32m[1mLinking C shared library rosidl_generator_py/lslidar_msgs/liblslidar_msgs__python.so[0m
[35.035s] [ 90%] Built target lslidar_msgs__python
[35.094s] [35m[1mScanning dependencies of target lslidar_msgs__rosidl_typesupport_c__pyext[0m
[35.095s] [35m[1mScanning dependencies of target lslidar_msgs__rosidl_typesupport_introspection_c__pyext[0m
[35.095s] [35m[1mScanning dependencies of target lslidar_msgs__rosidl_typesupport_fastrtps_c__pyext[0m
[35.183s] [ 92%] [32mBuilding C object CMakeFiles/lslidar_msgs__rosidl_typesupport_c__pyext.dir/rosidl_generator_py/lslidar_msgs/_lslidar_msgs_s.ep.rosidl_typesupport_c.c.o[0m
[35.206s] [ 93%] [32mBuilding C object CMakeFiles/lslidar_msgs__rosidl_typesupport_fastrtps_c__pyext.dir/rosidl_generator_py/lslidar_msgs/_lslidar_msgs_s.ep.rosidl_typesupport_fastrtps_c.c.o[0m
[35.211s] [ 95%] [32mBuilding C object CMakeFiles/lslidar_msgs__rosidl_typesupport_introspection_c__pyext.dir/rosidl_generator_py/lslidar_msgs/_lslidar_msgs_s.ep.rosidl_typesupport_introspection_c.c.o[0m
[35.578s] [ 96%] [32m[1mLinking C shared library rosidl_generator_py/lslidar_msgs/lslidar_msgs_s__rosidl_typesupport_c.cpython-38-aarch64-linux-gnu.so[0m
[35.600s] [ 98%] [32m[1mLinking C shared library rosidl_generator_py/lslidar_msgs/lslidar_msgs_s__rosidl_typesupport_introspection_c.cpython-38-aarch64-linux-gnu.so[0m
[35.618s] [100%] [32m[1mLinking CXX shared library rosidl_generator_py/lslidar_msgs/lslidar_msgs_s__rosidl_typesupport_fastrtps_c.cpython-38-aarch64-linux-gnu.so[0m
[35.778s] [100%] Built target lslidar_msgs__rosidl_typesupport_c__pyext
[35.803s] [100%] Built target lslidar_msgs__rosidl_typesupport_introspection_c__pyext
[35.903s] [100%] Built target lslidar_msgs__rosidl_typesupport_fastrtps_c__pyext
[35.964s] Invoked command in '/home/wheeltec/wheeltec_ros2/build/lslidar_msgs' returned '0': CMAKE_PREFIX_PATH=${CMAKE_PREFIX_PATH}:/home/wheeltec/wheeltec_ros2/install/simple_follower_ros2:/home/wheeltec/wheeltec_ros2/install/wheeltec_robot_keyboard:/home/wheeltec/wheeltec_ros2/install/tf2_tools:/home/wheeltec/wheeltec_ros2/install/nav2_simple_commander:/home/wheeltec/wheeltec_ros2/install/nav2_gazebo_spawner:/opt/ros/galactic /usr/bin/cmake --build /home/wheeltec/wheeltec_ros2/build/lslidar_msgs -- -j4 -l4
[36.885s] Invoking command in '/home/wheeltec/wheeltec_ros2/build/lslidar_msgs': CMAKE_PREFIX_PATH=${CMAKE_PREFIX_PATH}:/home/wheeltec/wheeltec_ros2/install/simple_follower_ros2:/home/wheeltec/wheeltec_ros2/install/wheeltec_robot_keyboard:/home/wheeltec/wheeltec_ros2/install/tf2_tools:/home/wheeltec/wheeltec_ros2/install/nav2_simple_commander:/home/wheeltec/wheeltec_ros2/install/nav2_gazebo_spawner:/opt/ros/galactic /usr/bin/cmake --install /home/wheeltec/wheeltec_ros2/build/lslidar_msgs
[36.930s] -- Install configuration: ""
[36.931s] -- Installing: /home/wheeltec/wheeltec_ros2/install/lslidar_msgs/share/ament_index/resource_index/rosidl_interfaces/lslidar_msgs
[36.932s] -- Installing: /home/wheeltec/wheeltec_ros2/install/lslidar_msgs/include/lslidar_msgs
[36.932s] -- Installing: /home/wheeltec/wheeltec_ros2/install/lslidar_msgs/include/lslidar_msgs/msg
[36.932s] -- Installing: /home/wheeltec/wheeltec_ros2/install/lslidar_msgs/include/lslidar_msgs/msg/lslidar_scan.h
[36.933s] -- Installing: /home/wheeltec/wheeltec_ros2/install/lslidar_msgs/include/lslidar_msgs/msg/detail
[36.933s] -- Installing: /home/wheeltec/wheeltec_ros2/install/lslidar_msgs/include/lslidar_msgs/msg/detail/lslidar_packet__functions.h
[36.933s] -- Installing: /home/wheeltec/wheeltec_ros2/install/lslidar_msgs/include/lslidar_msgs/msg/detail/lslidar_difop__functions.c
[36.934s] -- Installing: /home/wheeltec/wheeltec_ros2/install/lslidar_msgs/include/lslidar_msgs/msg/detail/lslidar_sweep__type_support.h
[36.934s] -- Installing: /home/wheeltec/wheeltec_ros2/install/lslidar_msgs/include/lslidar_msgs/msg/detail/lslidar_packet__type_support.h
[36.935s] -- Installing: /home/wheeltec/wheeltec_ros2/install/lslidar_msgs/include/lslidar_msgs/msg/detail/lslidar_packet__functions.c
[36.935s] -- Installing: /home/wheeltec/wheeltec_ros2/install/lslidar_msgs/include/lslidar_msgs/msg/detail/lslidar_point__functions.c
[36.936s] -- Installing: /home/wheeltec/wheeltec_ros2/install/lslidar_msgs/include/lslidar_msgs/msg/detail/lslidar_scan__functions.c
[36.936s] -- Installing: /home/wheeltec/wheeltec_ros2/install/lslidar_msgs/include/lslidar_msgs/msg/detail/lslidar_sweep__struct.h
[36.937s] -- Installing: /home/wheeltec/wheeltec_ros2/install/lslidar_msgs/include/lslidar_msgs/msg/detail/lslidar_scan__type_support.h
[36.937s] -- Installing: /home/wheeltec/wheeltec_ros2/install/lslidar_msgs/include/lslidar_msgs/msg/detail/lslidar_sweep__functions.c
[36.937s] -- Installing: /home/wheeltec/wheeltec_ros2/install/lslidar_msgs/include/lslidar_msgs/msg/detail/lslidar_sweep__functions.h
[36.938s] -- Installing: /home/wheeltec/wheeltec_ros2/install/lslidar_msgs/include/lslidar_msgs/msg/detail/lslidar_difop__functions.h
[36.938s] -- Installing: /home/wheeltec/wheeltec_ros2/install/lslidar_msgs/include/lslidar_msgs/msg/detail/lslidar_scan__struct.h
[36.939s] -- Installing: /home/wheeltec/wheeltec_ros2/install/lslidar_msgs/include/lslidar_msgs/msg/detail/lslidar_point__type_support.h
[36.939s] -- Installing: /home/wheeltec/wheeltec_ros2/install/lslidar_msgs/include/lslidar_msgs/msg/detail/lslidar_packet__struct.h
[36.939s] -- Installing: /home/wheeltec/wheeltec_ros2/install/lslidar_msgs/include/lslidar_msgs/msg/detail/lslidar_point__functions.h
[36.940s] -- Installing: /home/wheeltec/wheeltec_ros2/install/lslidar_msgs/include/lslidar_msgs/msg/detail/lslidar_difop__type_support.h
[36.940s] -- Installing: /home/wheeltec/wheeltec_ros2/install/lslidar_msgs/include/lslidar_msgs/msg/detail/lslidar_point__struct.h
[36.941s] -- Installing: /home/wheeltec/wheeltec_ros2/install/lslidar_msgs/include/lslidar_msgs/msg/detail/lslidar_scan__functions.h
[36.941s] -- Installing: /home/wheeltec/wheeltec_ros2/install/lslidar_msgs/include/lslidar_msgs/msg/detail/lslidar_difop__struct.h
[36.942s] -- Installing: /home/wheeltec/wheeltec_ros2/install/lslidar_msgs/include/lslidar_msgs/msg/lslidar_difop.h
[36.942s] -- Installing: /home/wheeltec/wheeltec_ros2/install/lslidar_msgs/include/lslidar_msgs/msg/lslidar_point.h
[36.942s] -- Installing: /home/wheeltec/wheeltec_ros2/install/lslidar_msgs/include/lslidar_msgs/msg/rosidl_generator_c__visibility_control.h
[36.943s] -- Installing: /home/wheeltec/wheeltec_ros2/install/lslidar_msgs/include/lslidar_msgs/msg/lslidar_sweep.h
[36.943s] -- Installing: /home/wheeltec/wheeltec_ros2/install/lslidar_msgs/include/lslidar_msgs/msg/lslidar_packet.h
[36.944s] -- Installing: /home/wheeltec/wheeltec_ros2/install/lslidar_msgs/share/lslidar_msgs/environment/library_path.sh
[36.945s] -- Installing: /home/wheeltec/wheeltec_ros2/install/lslidar_msgs/share/lslidar_msgs/environment/library_path.dsv
[36.945s] -- Installing: /home/wheeltec/wheeltec_ros2/install/lslidar_msgs/lib/liblslidar_msgs__rosidl_generator_c.so
[36.947s] -- Set runtime path of "/home/wheeltec/wheeltec_ros2/install/lslidar_msgs/lib/liblslidar_msgs__rosidl_generator_c.so" to ""
[36.947s] -- Up-to-date: /home/wheeltec/wheeltec_ros2/install/lslidar_msgs/include/lslidar_msgs
[36.948s] -- Up-to-date: /home/wheeltec/wheeltec_ros2/install/lslidar_msgs/include/lslidar_msgs/msg
[36.948s] -- Up-to-date: /home/wheeltec/wheeltec_ros2/install/lslidar_msgs/include/lslidar_msgs/msg/detail
[36.948s] -- Installing: /home/wheeltec/wheeltec_ros2/install/lslidar_msgs/include/lslidar_msgs/msg/detail/lslidar_point__rosidl_typesupport_fastrtps_c.h
[36.948s] -- Installing: /home/wheeltec/wheeltec_ros2/install/lslidar_msgs/include/lslidar_msgs/msg/detail/lslidar_difop__rosidl_typesupport_fastrtps_c.h
[36.949s] -- Installing: /home/wheeltec/wheeltec_ros2/install/lslidar_msgs/include/lslidar_msgs/msg/detail/lslidar_packet__rosidl_typesupport_fastrtps_c.h
[36.949s] -- Installing: /home/wheeltec/wheeltec_ros2/install/lslidar_msgs/include/lslidar_msgs/msg/detail/lslidar_sweep__rosidl_typesupport_fastrtps_c.h
[36.949s] -- Installing: /home/wheeltec/wheeltec_ros2/install/lslidar_msgs/include/lslidar_msgs/msg/detail/lslidar_scan__rosidl_typesupport_fastrtps_c.h
[36.950s] -- Installing: /home/wheeltec/wheeltec_ros2/install/lslidar_msgs/include/lslidar_msgs/msg/rosidl_typesupport_fastrtps_c__visibility_control.h
[36.950s] -- Installing: /home/wheeltec/wheeltec_ros2/install/lslidar_msgs/lib/liblslidar_msgs__rosidl_typesupport_fastrtps_c.so
[36.952s] -- Set runtime path of "/home/wheeltec/wheeltec_ros2/install/lslidar_msgs/lib/liblslidar_msgs__rosidl_typesupport_fastrtps_c.so" to ""
[36.952s] -- Up-to-date: /home/wheeltec/wheeltec_ros2/install/lslidar_msgs/include/lslidar_msgs
[36.953s] -- Up-to-date: /home/wheeltec/wheeltec_ros2/install/lslidar_msgs/include/lslidar_msgs/msg
[36.953s] -- Up-to-date: /home/wheeltec/wheeltec_ros2/install/lslidar_msgs/include/lslidar_msgs/msg/detail
[36.953s] -- Installing: /home/wheeltec/wheeltec_ros2/install/lslidar_msgs/include/lslidar_msgs/msg/detail/lslidar_packet__rosidl_typesupport_fastrtps_cpp.hpp
[36.954s] -- Installing: /home/wheeltec/wheeltec_ros2/install/lslidar_msgs/include/lslidar_msgs/msg/detail/lslidar_sweep__rosidl_typesupport_fastrtps_cpp.hpp
[36.954s] -- Installing: /home/wheeltec/wheeltec_ros2/install/lslidar_msgs/include/lslidar_msgs/msg/detail/lslidar_scan__rosidl_typesupport_fastrtps_cpp.hpp
[36.954s] -- Installing: /home/wheeltec/wheeltec_ros2/install/lslidar_msgs/include/lslidar_msgs/msg/detail/dds_fastrtps
[36.955s] -- Installing: /home/wheeltec/wheeltec_ros2/install/lslidar_msgs/include/lslidar_msgs/msg/detail/lslidar_point__rosidl_typesupport_fastrtps_cpp.hpp
[36.955s] -- Installing: /home/wheeltec/wheeltec_ros2/install/lslidar_msgs/include/lslidar_msgs/msg/detail/lslidar_difop__rosidl_typesupport_fastrtps_cpp.hpp
[36.955s] -- Installing: /home/wheeltec/wheeltec_ros2/install/lslidar_msgs/include/lslidar_msgs/msg/rosidl_typesupport_fastrtps_cpp__visibility_control.h
[36.956s] -- Installing: /home/wheeltec/wheeltec_ros2/install/lslidar_msgs/lib/liblslidar_msgs__rosidl_typesupport_fastrtps_cpp.so
[36.957s] -- Set runtime path of "/home/wheeltec/wheeltec_ros2/install/lslidar_msgs/lib/liblslidar_msgs__rosidl_typesupport_fastrtps_cpp.so" to ""
[36.958s] -- Up-to-date: /home/wheeltec/wheeltec_ros2/install/lslidar_msgs/include/lslidar_msgs
[36.958s] -- Up-to-date: /home/wheeltec/wheeltec_ros2/install/lslidar_msgs/include/lslidar_msgs/msg
[36.958s] -- Up-to-date: /home/wheeltec/wheeltec_ros2/install/lslidar_msgs/include/lslidar_msgs/msg/detail
[36.959s] -- Installing: /home/wheeltec/wheeltec_ros2/install/lslidar_msgs/include/lslidar_msgs/msg/detail/lslidar_scan__type_support.c
[36.959s] -- Installing: /home/wheeltec/wheeltec_ros2/install/lslidar_msgs/include/lslidar_msgs/msg/detail/lslidar_packet__rosidl_typesupport_introspection_c.h
[36.959s] -- Installing: /home/wheeltec/wheeltec_ros2/install/lslidar_msgs/include/lslidar_msgs/msg/detail/lslidar_difop__rosidl_typesupport_introspection_c.h
[36.960s] -- Installing: /home/wheeltec/wheeltec_ros2/install/lslidar_msgs/include/lslidar_msgs/msg/detail/lslidar_sweep__type_support.c
[36.960s] -- Installing: /home/wheeltec/wheeltec_ros2/install/lslidar_msgs/include/lslidar_msgs/msg/detail/lslidar_sweep__rosidl_typesupport_introspection_c.h
[36.960s] -- Installing: /home/wheeltec/wheeltec_ros2/install/lslidar_msgs/include/lslidar_msgs/msg/detail/lslidar_difop__type_support.c
[36.961s] -- Installing: /home/wheeltec/wheeltec_ros2/install/lslidar_msgs/include/lslidar_msgs/msg/detail/lslidar_point__rosidl_typesupport_introspection_c.h
[36.961s] -- Installing: /home/wheeltec/wheeltec_ros2/install/lslidar_msgs/include/lslidar_msgs/msg/detail/lslidar_scan__rosidl_typesupport_introspection_c.h
[36.962s] -- Installing: /home/wheeltec/wheeltec_ros2/install/lslidar_msgs/include/lslidar_msgs/msg/detail/lslidar_packet__type_support.c
[36.962s] -- Installing: /home/wheeltec/wheeltec_ros2/install/lslidar_msgs/include/lslidar_msgs/msg/detail/lslidar_point__type_support.c
[36.962s] -- Installing: /home/wheeltec/wheeltec_ros2/install/lslidar_msgs/include/lslidar_msgs/msg/rosidl_typesupport_introspection_c__visibility_control.h
[36.963s] -- Installing: /home/wheeltec/wheeltec_ros2/install/lslidar_msgs/lib/liblslidar_msgs__rosidl_typesupport_introspection_c.so
[36.964s] -- Set runtime path of "/home/wheeltec/wheeltec_ros2/install/lslidar_msgs/lib/liblslidar_msgs__rosidl_typesupport_introspection_c.so" to ""
[36.965s] -- Installing: /home/wheeltec/wheeltec_ros2/install/lslidar_msgs/lib/liblslidar_msgs__rosidl_typesupport_c.so
[36.966s] -- Set runtime path of "/home/wheeltec/wheeltec_ros2/install/lslidar_msgs/lib/liblslidar_msgs__rosidl_typesupport_c.so" to ""
[36.966s] -- Up-to-date: /home/wheeltec/wheeltec_ros2/install/lslidar_msgs/include/lslidar_msgs
[36.967s] -- Up-to-date: /home/wheeltec/wheeltec_ros2/install/lslidar_msgs/include/lslidar_msgs/msg
[36.967s] -- Up-to-date: /home/wheeltec/wheeltec_ros2/install/lslidar_msgs/include/lslidar_msgs/msg/detail
[36.968s] -- Installing: /home/wheeltec/wheeltec_ros2/install/lslidar_msgs/include/lslidar_msgs/msg/detail/lslidar_difop__builder.hpp
[36.968s] -- Installing: /home/wheeltec/wheeltec_ros2/install/lslidar_msgs/include/lslidar_msgs/msg/detail/lslidar_sweep__traits.hpp
[36.968s] -- Installing: /home/wheeltec/wheeltec_ros2/install/lslidar_msgs/include/lslidar_msgs/msg/detail/lslidar_packet__builder.hpp
[36.968s] -- Installing: /home/wheeltec/wheeltec_ros2/install/lslidar_msgs/include/lslidar_msgs/msg/detail/lslidar_point__traits.hpp
[36.969s] -- Installing: /home/wheeltec/wheeltec_ros2/install/lslidar_msgs/include/lslidar_msgs/msg/detail/lslidar_sweep__struct.hpp
[36.969s] -- Installing: /home/wheeltec/wheeltec_ros2/install/lslidar_msgs/include/lslidar_msgs/msg/detail/lslidar_scan__traits.hpp
[36.969s] -- Installing: /home/wheeltec/wheeltec_ros2/install/lslidar_msgs/include/lslidar_msgs/msg/detail/lslidar_packet__traits.hpp
[36.970s] -- Installing: /home/wheeltec/wheeltec_ros2/install/lslidar_msgs/include/lslidar_msgs/msg/detail/lslidar_point__builder.hpp
[36.970s] -- Installing: /home/wheeltec/wheeltec_ros2/install/lslidar_msgs/include/lslidar_msgs/msg/detail/lslidar_packet__struct.hpp
[36.970s] -- Installing: /home/wheeltec/wheeltec_ros2/install/lslidar_msgs/include/lslidar_msgs/msg/detail/lslidar_scan__struct.hpp
[36.971s] -- Installing: /home/wheeltec/wheeltec_ros2/install/lslidar_msgs/include/lslidar_msgs/msg/detail/lslidar_sweep__builder.hpp
[36.971s] -- Installing: /home/wheeltec/wheeltec_ros2/install/lslidar_msgs/include/lslidar_msgs/msg/detail/lslidar_difop__struct.hpp
[36.972s] -- Installing: /home/wheeltec/wheeltec_ros2/install/lslidar_msgs/include/lslidar_msgs/msg/detail/lslidar_scan__builder.hpp
[36.972s] -- Installing: /home/wheeltec/wheeltec_ros2/install/lslidar_msgs/include/lslidar_msgs/msg/detail/lslidar_difop__traits.hpp
[36.973s] -- Installing: /home/wheeltec/wheeltec_ros2/install/lslidar_msgs/include/lslidar_msgs/msg/detail/lslidar_point__struct.hpp
[36.973s] -- Installing: /home/wheeltec/wheeltec_ros2/install/lslidar_msgs/include/lslidar_msgs/msg/lslidar_scan.hpp
[36.973s] -- Installing: /home/wheeltec/wheeltec_ros2/install/lslidar_msgs/include/lslidar_msgs/msg/lslidar_sweep.hpp
[36.974s] -- Installing: /home/wheeltec/wheeltec_ros2/install/lslidar_msgs/include/lslidar_msgs/msg/lslidar_packet.hpp
[36.974s] -- Installing: /home/wheeltec/wheeltec_ros2/install/lslidar_msgs/include/lslidar_msgs/msg/lslidar_difop.hpp
[36.974s] -- Installing: /home/wheeltec/wheeltec_ros2/install/lslidar_msgs/include/lslidar_msgs/msg/lslidar_point.hpp
[36.975s] -- Up-to-date: /home/wheeltec/wheeltec_ros2/install/lslidar_msgs/include/lslidar_msgs
[36.975s] -- Up-to-date: /home/wheeltec/wheeltec_ros2/install/lslidar_msgs/include/lslidar_msgs/msg
[36.976s] -- Up-to-date: /home/wheeltec/wheeltec_ros2/install/lslidar_msgs/include/lslidar_msgs/msg/detail
[36.976s] -- Installing: /home/wheeltec/wheeltec_ros2/install/lslidar_msgs/include/lslidar_msgs/msg/detail/lslidar_difop__type_support.cpp
[36.976s] -- Installing: /home/wheeltec/wheeltec_ros2/install/lslidar_msgs/include/lslidar_msgs/msg/detail/lslidar_packet__type_support.cpp
[36.977s] -- Installing: /home/wheeltec/wheeltec_ros2/install/lslidar_msgs/include/lslidar_msgs/msg/detail/lslidar_sweep__rosidl_typesupport_introspection_cpp.hpp
[36.977s] -- Installing: /home/wheeltec/wheeltec_ros2/install/lslidar_msgs/include/lslidar_msgs/msg/detail/lslidar_scan__rosidl_typesupport_introspection_cpp.hpp
[36.977s] -- Installing: /home/wheeltec/wheeltec_ros2/install/lslidar_msgs/include/lslidar_msgs/msg/detail/lslidar_difop__rosidl_typesupport_introspection_cpp.hpp
[36.978s] -- Installing: /home/wheeltec/wheeltec_ros2/install/lslidar_msgs/include/lslidar_msgs/msg/detail/lslidar_sweep__type_support.cpp
[36.978s] -- Installing: /home/wheeltec/wheeltec_ros2/install/lslidar_msgs/include/lslidar_msgs/msg/detail/lslidar_packet__rosidl_typesupport_introspection_cpp.hpp
[36.979s] -- Installing: /home/wheeltec/wheeltec_ros2/install/lslidar_msgs/include/lslidar_msgs/msg/detail/lslidar_point__type_support.cpp
[36.979s] -- Installing: /home/wheeltec/wheeltec_ros2/install/lslidar_msgs/include/lslidar_msgs/msg/detail/lslidar_point__rosidl_typesupport_introspection_cpp.hpp
[36.980s] -- Installing: /home/wheeltec/wheeltec_ros2/install/lslidar_msgs/include/lslidar_msgs/msg/detail/lslidar_scan__type_support.cpp
[36.980s] -- Installing: /home/wheeltec/wheeltec_ros2/install/lslidar_msgs/lib/liblslidar_msgs__rosidl_typesupport_introspection_cpp.so
[36.982s] -- Set runtime path of "/home/wheeltec/wheeltec_ros2/install/lslidar_msgs/lib/liblslidar_msgs__rosidl_typesupport_introspection_cpp.so" to ""
[36.982s] -- Installing: /home/wheeltec/wheeltec_ros2/install/lslidar_msgs/lib/liblslidar_msgs__rosidl_typesupport_cpp.so
[36.984s] -- Set runtime path of "/home/wheeltec/wheeltec_ros2/install/lslidar_msgs/lib/liblslidar_msgs__rosidl_typesupport_cpp.so" to ""
[36.984s] -- Installing: /home/wheeltec/wheeltec_ros2/install/lslidar_msgs/share/lslidar_msgs/environment/pythonpath.sh
[36.985s] -- Installing: /home/wheeltec/wheeltec_ros2/install/lslidar_msgs/share/lslidar_msgs/environment/pythonpath.dsv
[36.985s] -- Installing: /home/wheeltec/wheeltec_ros2/install/lslidar_msgs/lib/python3.8/site-packages/lslidar_msgs/__init__.py
[37.134s] Compiling '/home/wheeltec/wheeltec_ros2/install/lslidar_msgs/lib/python3.8/site-packages/lslidar_msgs/__init__.py'...
[37.153s] -- Installing: /home/wheeltec/wheeltec_ros2/install/lslidar_msgs/lib/python3.8/site-packages/lslidar_msgs/msg
[37.154s] -- Installing: /home/wheeltec/wheeltec_ros2/install/lslidar_msgs/lib/python3.8/site-packages/lslidar_msgs/msg/_lslidar_sweep.py
[37.154s] -- Installing: /home/wheeltec/wheeltec_ros2/install/lslidar_msgs/lib/python3.8/site-packages/lslidar_msgs/msg/_lslidar_scan_s.c
[37.154s] -- Installing: /home/wheeltec/wheeltec_ros2/install/lslidar_msgs/lib/python3.8/site-packages/lslidar_msgs/msg/_lslidar_packet.py
[37.155s] -- Installing: /home/wheeltec/wheeltec_ros2/install/lslidar_msgs/lib/python3.8/site-packages/lslidar_msgs/msg/_lslidar_difop.py
[37.155s] -- Installing: /home/wheeltec/wheeltec_ros2/install/lslidar_msgs/lib/python3.8/site-packages/lslidar_msgs/msg/_lslidar_point.py
[37.156s] -- Installing: /home/wheeltec/wheeltec_ros2/install/lslidar_msgs/lib/python3.8/site-packages/lslidar_msgs/msg/_lslidar_sweep_s.c
[37.156s] -- Installing: /home/wheeltec/wheeltec_ros2/install/lslidar_msgs/lib/python3.8/site-packages/lslidar_msgs/msg/_lslidar_scan.py
[37.156s] -- Installing: /home/wheeltec/wheeltec_ros2/install/lslidar_msgs/lib/python3.8/site-packages/lslidar_msgs/msg/__init__.py
[37.157s] -- Installing: /home/wheeltec/wheeltec_ros2/install/lslidar_msgs/lib/python3.8/site-packages/lslidar_msgs/msg/_lslidar_difop_s.c
[37.157s] -- Installing: /home/wheeltec/wheeltec_ros2/install/lslidar_msgs/lib/python3.8/site-packages/lslidar_msgs/msg/_lslidar_packet_s.c
[37.157s] -- Installing: /home/wheeltec/wheeltec_ros2/install/lslidar_msgs/lib/python3.8/site-packages/lslidar_msgs/msg/_lslidar_point_s.c
[37.158s] -- Installing: /home/wheeltec/wheeltec_ros2/install/lslidar_msgs/lib/python3.8/site-packages/lslidar_msgs/lslidar_msgs_s__rosidl_typesupport_fastrtps_c.cpython-38-aarch64-linux-gnu.so
[37.160s] -- Set runtime path of "/home/wheeltec/wheeltec_ros2/install/lslidar_msgs/lib/python3.8/site-packages/lslidar_msgs/lslidar_msgs_s__rosidl_typesupport_fastrtps_c.cpython-38-aarch64-linux-gnu.so" to ""
[37.161s] -- Installing: /home/wheeltec/wheeltec_ros2/install/lslidar_msgs/lib/python3.8/site-packages/lslidar_msgs/lslidar_msgs_s__rosidl_typesupport_introspection_c.cpython-38-aarch64-linux-gnu.so
[37.163s] -- Set runtime path of "/home/wheeltec/wheeltec_ros2/install/lslidar_msgs/lib/python3.8/site-packages/lslidar_msgs/lslidar_msgs_s__rosidl_typesupport_introspection_c.cpython-38-aarch64-linux-gnu.so" to ""
[37.163s] -- Installing: /home/wheeltec/wheeltec_ros2/install/lslidar_msgs/lib/python3.8/site-packages/lslidar_msgs/lslidar_msgs_s__rosidl_typesupport_c.cpython-38-aarch64-linux-gnu.so
[37.165s] -- Set runtime path of "/home/wheeltec/wheeltec_ros2/install/lslidar_msgs/lib/python3.8/site-packages/lslidar_msgs/lslidar_msgs_s__rosidl_typesupport_c.cpython-38-aarch64-linux-gnu.so" to ""
[37.165s] -- Installing: /home/wheeltec/wheeltec_ros2/install/lslidar_msgs/lib/liblslidar_msgs__python.so
[37.166s] -- Set runtime path of "/home/wheeltec/wheeltec_ros2/install/lslidar_msgs/lib/liblslidar_msgs__python.so" to ""
[37.167s] -- Installing: /home/wheeltec/wheeltec_ros2/install/lslidar_msgs/share/lslidar_msgs/msg/LslidarDifop.idl
[37.167s] -- Installing: /home/wheeltec/wheeltec_ros2/install/lslidar_msgs/share/lslidar_msgs/msg/LslidarPacket.idl
[37.168s] -- Installing: /home/wheeltec/wheeltec_ros2/install/lslidar_msgs/share/lslidar_msgs/msg/LslidarPoint.idl
[37.168s] -- Installing: /home/wheeltec/wheeltec_ros2/install/lslidar_msgs/share/lslidar_msgs/msg/LslidarScan.idl
[37.169s] -- Installing: /home/wheeltec/wheeltec_ros2/install/lslidar_msgs/share/lslidar_msgs/msg/LslidarSweep.idl
[37.169s] -- Installing: /home/wheeltec/wheeltec_ros2/install/lslidar_msgs/share/lslidar_msgs/msg/LslidarDifop.msg
[37.170s] -- Installing: /home/wheeltec/wheeltec_ros2/install/lslidar_msgs/share/lslidar_msgs/msg/LslidarPacket.msg
[37.170s] -- Installing: /home/wheeltec/wheeltec_ros2/install/lslidar_msgs/share/lslidar_msgs/msg/LslidarPoint.msg
[37.171s] -- Installing: /home/wheeltec/wheeltec_ros2/install/lslidar_msgs/share/lslidar_msgs/msg/LslidarScan.msg
[37.171s] -- Installing: /home/wheeltec/wheeltec_ros2/install/lslidar_msgs/share/lslidar_msgs/msg/LslidarSweep.msg
[37.172s] -- Installing: /home/wheeltec/wheeltec_ros2/install/lslidar_msgs/share/ament_index/resource_index/package_run_dependencies/lslidar_msgs
[37.173s] -- Installing: /home/wheeltec/wheeltec_ros2/install/lslidar_msgs/share/ament_index/resource_index/parent_prefix_path/lslidar_msgs
[37.173s] -- Installing: /home/wheeltec/wheeltec_ros2/install/lslidar_msgs/share/lslidar_msgs/environment/ament_prefix_path.sh
[37.174s] -- Installing: /home/wheeltec/wheeltec_ros2/install/lslidar_msgs/share/lslidar_msgs/environment/ament_prefix_path.dsv
[37.174s] -- Installing: /home/wheeltec/wheeltec_ros2/install/lslidar_msgs/share/lslidar_msgs/environment/path.sh
[37.175s] -- Installing: /home/wheeltec/wheeltec_ros2/install/lslidar_msgs/share/lslidar_msgs/environment/path.dsv
[37.175s] -- Installing: /home/wheeltec/wheeltec_ros2/install/lslidar_msgs/share/lslidar_msgs/local_setup.bash
[37.176s] -- Installing: /home/wheeltec/wheeltec_ros2/install/lslidar_msgs/share/lslidar_msgs/local_setup.sh
[37.176s] -- Installing: /home/wheeltec/wheeltec_ros2/install/lslidar_msgs/share/lslidar_msgs/local_setup.zsh
[37.177s] -- Installing: /home/wheeltec/wheeltec_ros2/install/lslidar_msgs/share/lslidar_msgs/local_setup.dsv
[37.177s] -- Installing: /home/wheeltec/wheeltec_ros2/install/lslidar_msgs/share/lslidar_msgs/package.dsv
[37.178s] -- Installing: /home/wheeltec/wheeltec_ros2/install/lslidar_msgs/share/ament_index/resource_index/packages/lslidar_msgs
[37.179s] -- Installing: /home/wheeltec/wheeltec_ros2/install/lslidar_msgs/share/lslidar_msgs/cmake/lslidar_msgs__rosidl_generator_cExport.cmake
[37.179s] -- Installing: /home/wheeltec/wheeltec_ros2/install/lslidar_msgs/share/lslidar_msgs/cmake/lslidar_msgs__rosidl_generator_cExport-noconfig.cmake
[37.180s] -- Installing: /home/wheeltec/wheeltec_ros2/install/lslidar_msgs/share/lslidar_msgs/cmake/lslidar_msgs__rosidl_typesupport_introspection_cExport.cmake
[37.181s] -- Installing: /home/wheeltec/wheeltec_ros2/install/lslidar_msgs/share/lslidar_msgs/cmake/lslidar_msgs__rosidl_typesupport_introspection_cExport-noconfig.cmake
[37.181s] -- Installing: /home/wheeltec/wheeltec_ros2/install/lslidar_msgs/share/lslidar_msgs/cmake/lslidar_msgs__rosidl_typesupport_cExport.cmake
[37.182s] -- Installing: /home/wheeltec/wheeltec_ros2/install/lslidar_msgs/share/lslidar_msgs/cmake/lslidar_msgs__rosidl_typesupport_cExport-noconfig.cmake
[37.183s] -- Installing: /home/wheeltec/wheeltec_ros2/install/lslidar_msgs/share/lslidar_msgs/cmake/lslidar_msgs__rosidl_generator_cppExport.cmake
[37.184s] -- Installing: /home/wheeltec/wheeltec_ros2/install/lslidar_msgs/share/lslidar_msgs/cmake/lslidar_msgs__rosidl_typesupport_introspection_cppExport.cmake
[37.184s] -- Installing: /home/wheeltec/wheeltec_ros2/install/lslidar_msgs/share/lslidar_msgs/cmake/lslidar_msgs__rosidl_typesupport_introspection_cppExport-noconfig.cmake
[37.185s] -- Installing: /home/wheeltec/wheeltec_ros2/install/lslidar_msgs/share/lslidar_msgs/cmake/lslidar_msgs__rosidl_typesupport_cppExport.cmake
[37.185s] -- Installing: /home/wheeltec/wheeltec_ros2/install/lslidar_msgs/share/lslidar_msgs/cmake/lslidar_msgs__rosidl_typesupport_cppExport-noconfig.cmake
[37.186s] -- Installing: /home/wheeltec/wheeltec_ros2/install/lslidar_msgs/share/lslidar_msgs/cmake/rosidl_cmake-extras.cmake
[37.186s] -- Installing: /home/wheeltec/wheeltec_ros2/install/lslidar_msgs/share/lslidar_msgs/cmake/ament_cmake_export_dependencies-extras.cmake
[37.187s] -- Installing: /home/wheeltec/wheeltec_ros2/install/lslidar_msgs/share/lslidar_msgs/cmake/ament_cmake_export_libraries-extras.cmake
[37.188s] -- Installing: /home/wheeltec/wheeltec_ros2/install/lslidar_msgs/share/lslidar_msgs/cmake/ament_cmake_export_targets-extras.cmake
[37.188s] -- Installing: /home/wheeltec/wheeltec_ros2/install/lslidar_msgs/share/lslidar_msgs/cmake/ament_cmake_export_include_directories-extras.cmake
[37.189s] -- Installing: /home/wheeltec/wheeltec_ros2/install/lslidar_msgs/share/lslidar_msgs/cmake/rosidl_cmake_export_typesupport_libraries-extras.cmake
[37.189s] -- Installing: /home/wheeltec/wheeltec_ros2/install/lslidar_msgs/share/lslidar_msgs/cmake/rosidl_cmake_export_typesupport_targets-extras.cmake
[37.190s] -- Installing: /home/wheeltec/wheeltec_ros2/install/lslidar_msgs/share/lslidar_msgs/cmake/lslidar_msgsConfig.cmake
[37.190s] -- Installing: /home/wheeltec/wheeltec_ros2/install/lslidar_msgs/share/lslidar_msgs/cmake/lslidar_msgsConfig-version.cmake
[37.191s] -- Installing: /home/wheeltec/wheeltec_ros2/install/lslidar_msgs/share/lslidar_msgs/package.xml
[37.202s] Invoked command in '/home/wheeltec/wheeltec_ros2/build/lslidar_msgs' returned '0': CMAKE_PREFIX_PATH=${CMAKE_PREFIX_PATH}:/home/wheeltec/wheeltec_ros2/install/simple_follower_ros2:/home/wheeltec/wheeltec_ros2/install/wheeltec_robot_keyboard:/home/wheeltec/wheeltec_ros2/install/tf2_tools:/home/wheeltec/wheeltec_ros2/install/nav2_simple_commander:/home/wheeltec/wheeltec_ros2/install/nav2_gazebo_spawner:/opt/ros/galactic /usr/bin/cmake --install /home/wheeltec/wheeltec_ros2/build/lslidar_msgs
