[0.086s] Invoking command in '/home/wheeltec/wheeltec_ros2/build/ldlidar_stl_ros2': CMAKE_PREFIX_PATH=${CMAKE_PREFIX_PATH}:/home/wheeltec/wheeltec_ros2/install/simple_follower_ros2:/home/wheeltec/wheeltec_ros2/install/wheeltec_robot_keyboard:/home/wheeltec/wheeltec_ros2/install/tf2_tools:/home/wheeltec/wheeltec_ros2/install/nav2_simple_commander:/home/wheeltec/wheeltec_ros2/install/nav2_gazebo_spawner:/opt/ros/galactic /usr/bin/cmake --build /home/wheeltec/wheeltec_ros2/build/ldlidar_stl_ros2 -- -j4 -l4
[0.473s] [100%] Built target ldlidar_stl_ros2_node
[0.549s] Invoked command in '/home/wheeltec/wheeltec_ros2/build/ldlidar_stl_ros2' returned '0': CMAKE_PREFIX_PATH=${CMAKE_PREFIX_PATH}:/home/wheeltec/wheeltec_ros2/install/simple_follower_ros2:/home/wheeltec/wheeltec_ros2/install/wheeltec_robot_keyboard:/home/wheeltec/wheeltec_ros2/install/tf2_tools:/home/wheeltec/wheeltec_ros2/install/nav2_simple_commander:/home/wheeltec/wheeltec_ros2/install/nav2_gazebo_spawner:/opt/ros/galactic /usr/bin/cmake --build /home/wheeltec/wheeltec_ros2/build/ldlidar_stl_ros2 -- -j4 -l4
[2.344s] Invoking command in '/home/wheeltec/wheeltec_ros2/build/ldlidar_stl_ros2': CMAKE_PREFIX_PATH=${CMAKE_PREFIX_PATH}:/home/wheeltec/wheeltec_ros2/install/simple_follower_ros2:/home/wheeltec/wheeltec_ros2/install/wheeltec_robot_keyboard:/home/wheeltec/wheeltec_ros2/install/tf2_tools:/home/wheeltec/wheeltec_ros2/install/nav2_simple_commander:/home/wheeltec/wheeltec_ros2/install/nav2_gazebo_spawner:/opt/ros/galactic /usr/bin/cmake --install /home/wheeltec/wheeltec_ros2/build/ldlidar_stl_ros2
[2.409s] -- Install configuration: ""
[2.413s] -- Up-to-date: /home/wheeltec/wheeltec_ros2/install/ldlidar_stl_ros2/lib/ldlidar_stl_ros2/ldlidar_stl_ros2_node
[2.415s] -- Up-to-date: /home/wheeltec/wheeltec_ros2/install/ldlidar_stl_ros2/share/ldlidar_stl_ros2//launch
[2.415s] -- Up-to-date: /home/wheeltec/wheeltec_ros2/install/ldlidar_stl_ros2/share/ldlidar_stl_ros2//launch/ld19.launch.py
[2.416s] -- Up-to-date: /home/wheeltec/wheeltec_ros2/install/ldlidar_stl_ros2/share/ldlidar_stl_ros2//launch/viewer_ld06.launch.py
[2.416s] -- Up-to-date: /home/wheeltec/wheeltec_ros2/install/ldlidar_stl_ros2/share/ldlidar_stl_ros2//launch/viewer_ld19.launch.py
[2.417s] -- Up-to-date: /home/wheeltec/wheeltec_ros2/install/ldlidar_stl_ros2/share/ldlidar_stl_ros2//launch/ld06.launch.py
[2.418s] -- Up-to-date: /home/wheeltec/wheeltec_ros2/install/ldlidar_stl_ros2/share/ldlidar_stl_ros2//rviz2
[2.418s] -- Up-to-date: /home/wheeltec/wheeltec_ros2/install/ldlidar_stl_ros2/share/ldlidar_stl_ros2//rviz2/ldlidar.rviz
[2.419s] -- Up-to-date: /home/wheeltec/wheeltec_ros2/install/ldlidar_stl_ros2/share/ament_index/resource_index/package_run_dependencies/ldlidar_stl_ros2
[2.420s] -- Up-to-date: /home/wheeltec/wheeltec_ros2/install/ldlidar_stl_ros2/share/ament_index/resource_index/parent_prefix_path/ldlidar_stl_ros2
[2.421s] -- Up-to-date: /home/wheeltec/wheeltec_ros2/install/ldlidar_stl_ros2/share/ldlidar_stl_ros2/environment/ament_prefix_path.sh
[2.421s] -- Up-to-date: /home/wheeltec/wheeltec_ros2/install/ldlidar_stl_ros2/share/ldlidar_stl_ros2/environment/ament_prefix_path.dsv
[2.421s] -- Up-to-date: /home/wheeltec/wheeltec_ros2/install/ldlidar_stl_ros2/share/ldlidar_stl_ros2/environment/path.sh
[2.422s] -- Up-to-date: /home/wheeltec/wheeltec_ros2/install/ldlidar_stl_ros2/share/ldlidar_stl_ros2/environment/path.dsv
[2.423s] -- Up-to-date: /home/wheeltec/wheeltec_ros2/install/ldlidar_stl_ros2/share/ldlidar_stl_ros2/local_setup.bash
[2.428s] -- Up-to-date: /home/wheeltec/wheeltec_ros2/install/ldlidar_stl_ros2/share/ldlidar_stl_ros2/local_setup.sh
[2.428s] -- Up-to-date: /home/wheeltec/wheeltec_ros2/install/ldlidar_stl_ros2/share/ldlidar_stl_ros2/local_setup.zsh
[2.429s] -- Up-to-date: /home/wheeltec/wheeltec_ros2/install/ldlidar_stl_ros2/share/ldlidar_stl_ros2/local_setup.dsv
[2.429s] -- Installing: /home/wheeltec/wheeltec_ros2/install/ldlidar_stl_ros2/share/ldlidar_stl_ros2/package.dsv
[2.430s] -- Up-to-date: /home/wheeltec/wheeltec_ros2/install/ldlidar_stl_ros2/share/ament_index/resource_index/packages/ldlidar_stl_ros2
[2.430s] -- Up-to-date: /home/wheeltec/wheeltec_ros2/install/ldlidar_stl_ros2/share/ldlidar_stl_ros2/cmake/ldlidar_stl_ros2Config.cmake
[2.431s] -- Up-to-date: /home/wheeltec/wheeltec_ros2/install/ldlidar_stl_ros2/share/ldlidar_stl_ros2/cmake/ldlidar_stl_ros2Config-version.cmake
[2.431s] -- Up-to-date: /home/wheeltec/wheeltec_ros2/install/ldlidar_stl_ros2/share/ldlidar_stl_ros2/package.xml
[2.506s] Invoked command in '/home/wheeltec/wheeltec_ros2/build/ldlidar_stl_ros2' returned '0': CMAKE_PREFIX_PATH=${CMAKE_PREFIX_PATH}:/home/wheeltec/wheeltec_ros2/install/simple_follower_ros2:/home/wheeltec/wheeltec_ros2/install/wheeltec_robot_keyboard:/home/wheeltec/wheeltec_ros2/install/tf2_tools:/home/wheeltec/wheeltec_ros2/install/nav2_simple_commander:/home/wheeltec/wheeltec_ros2/install/nav2_gazebo_spawner:/opt/ros/galactic /usr/bin/cmake --install /home/wheeltec/wheeltec_ros2/build/ldlidar_stl_ros2
