[0.250s] Invoking command in '/home/wheeltec/wheeltec_ros2/build/nav2_controller': AMENT_PREFIX_PATH=/home/wheeltec/wheeltec_ros2/install/nav2_core:/home/wheeltec/wheeltec_ros2/install/nav2_costmap_2d:/home/wheeltec/wheeltec_ros2/install/nav_2d_utils:/home/wheeltec/wheeltec_ros2/install/nav2_map_server:/home/wheeltec/wheeltec_ros2/install/nav2_lifecycle_manager:/home/wheeltec/wheeltec_ros2/install/nav2_util:/home/wheeltec/wheeltec_ros2/install/nav2_voxel_grid:/home/wheeltec/wheeltec_ros2/install/nav2_msgs:/home/wheeltec/wheeltec_ros2/install/nav_2d_msgs:/home/wheeltec/wheeltec_ros2/install/nav2_common:${AMENT_PREFIX_PATH} CMAKE_PREFIX_PATH=/home/wheeltec/wheeltec_ros2/install/nav2_core:/home/wheeltec/wheeltec_ros2/install/nav2_costmap_2d:/home/wheeltec/wheeltec_ros2/install/nav_2d_utils:/home/wheeltec/wheeltec_ros2/install/nav2_map_server:/home/wheeltec/wheeltec_ros2/install/nav2_lifecycle_manager:/home/wheeltec/wheeltec_ros2/install/nav2_util:/home/wheeltec/wheeltec_ros2/install/nav2_voxel_grid:/home/wheeltec/wheeltec_ros2/install/nav2_msgs:/home/wheeltec/wheeltec_ros2/install/nav_2d_msgs:/home/wheeltec/wheeltec_ros2/install/nav2_common:/opt/ros/galactic LD_LIBRARY_PATH=/home/wheeltec/wheeltec_ros2/install/nav2_costmap_2d/lib:/home/wheeltec/wheeltec_ros2/install/nav_2d_utils/lib:/home/wheeltec/wheeltec_ros2/install/nav2_map_server/lib:/home/wheeltec/wheeltec_ros2/install/nav2_lifecycle_manager/lib:/home/wheeltec/wheeltec_ros2/install/nav2_util/lib:/home/wheeltec/wheeltec_ros2/install/nav2_voxel_grid/lib:/home/wheeltec/wheeltec_ros2/install/nav2_msgs/lib:/home/wheeltec/wheeltec_ros2/install/nav_2d_msgs/lib:${LD_LIBRARY_PATH} PYTHONPATH=/home/wheeltec/wheeltec_ros2/install/nav2_msgs/lib/python3.8/site-packages:/home/wheeltec/wheeltec_ros2/install/nav_2d_msgs/lib/python3.8/site-packages:/home/wheeltec/wheeltec_ros2/install/nav2_common/lib/python3.8/site-packages:${PYTHONPATH} /usr/bin/cmake --build /home/wheeltec/wheeltec_ros2/build/nav2_controller -- -j4 -l4
[0.582s] [ 11%] Built target gtest
[0.665s] [ 22%] Built target controller_server_core
[0.695s] [ 33%] Built target simple_goal_checker
[0.726s] [ 44%] Built target simple_progress_checker
[0.757s] [ 55%] Built target gtest_main
[1.008s] [ 66%] Built target stopped_goal_checker
[1.046s] [ 77%] Built target pctest
[1.053s] [ 88%] Built target controller_server
[1.275s] [100%] Built target gctest
[1.357s] Invoked command in '/home/wheeltec/wheeltec_ros2/build/nav2_controller' returned '0': AMENT_PREFIX_PATH=/home/wheeltec/wheeltec_ros2/install/nav2_core:/home/wheeltec/wheeltec_ros2/install/nav2_costmap_2d:/home/wheeltec/wheeltec_ros2/install/nav_2d_utils:/home/wheeltec/wheeltec_ros2/install/nav2_map_server:/home/wheeltec/wheeltec_ros2/install/nav2_lifecycle_manager:/home/wheeltec/wheeltec_ros2/install/nav2_util:/home/wheeltec/wheeltec_ros2/install/nav2_voxel_grid:/home/wheeltec/wheeltec_ros2/install/nav2_msgs:/home/wheeltec/wheeltec_ros2/install/nav_2d_msgs:/home/wheeltec/wheeltec_ros2/install/nav2_common:${AMENT_PREFIX_PATH} CMAKE_PREFIX_PATH=/home/wheeltec/wheeltec_ros2/install/nav2_core:/home/wheeltec/wheeltec_ros2/install/nav2_costmap_2d:/home/wheeltec/wheeltec_ros2/install/nav_2d_utils:/home/wheeltec/wheeltec_ros2/install/nav2_map_server:/home/wheeltec/wheeltec_ros2/install/nav2_lifecycle_manager:/home/wheeltec/wheeltec_ros2/install/nav2_util:/home/wheeltec/wheeltec_ros2/install/nav2_voxel_grid:/home/wheeltec/wheeltec_ros2/install/nav2_msgs:/home/wheeltec/wheeltec_ros2/install/nav_2d_msgs:/home/wheeltec/wheeltec_ros2/install/nav2_common:/opt/ros/galactic LD_LIBRARY_PATH=/home/wheeltec/wheeltec_ros2/install/nav2_costmap_2d/lib:/home/wheeltec/wheeltec_ros2/install/nav_2d_utils/lib:/home/wheeltec/wheeltec_ros2/install/nav2_map_server/lib:/home/wheeltec/wheeltec_ros2/install/nav2_lifecycle_manager/lib:/home/wheeltec/wheeltec_ros2/install/nav2_util/lib:/home/wheeltec/wheeltec_ros2/install/nav2_voxel_grid/lib:/home/wheeltec/wheeltec_ros2/install/nav2_msgs/lib:/home/wheeltec/wheeltec_ros2/install/nav_2d_msgs/lib:${LD_LIBRARY_PATH} PYTHONPATH=/home/wheeltec/wheeltec_ros2/install/nav2_msgs/lib/python3.8/site-packages:/home/wheeltec/wheeltec_ros2/install/nav_2d_msgs/lib/python3.8/site-packages:/home/wheeltec/wheeltec_ros2/install/nav2_common/lib/python3.8/site-packages:${PYTHONPATH} /usr/bin/cmake --build /home/wheeltec/wheeltec_ros2/build/nav2_controller -- -j4 -l4
[1.793s] Invoking command in '/home/wheeltec/wheeltec_ros2/build/nav2_controller': AMENT_PREFIX_PATH=/home/wheeltec/wheeltec_ros2/install/nav2_core:/home/wheeltec/wheeltec_ros2/install/nav2_costmap_2d:/home/wheeltec/wheeltec_ros2/install/nav_2d_utils:/home/wheeltec/wheeltec_ros2/install/nav2_map_server:/home/wheeltec/wheeltec_ros2/install/nav2_lifecycle_manager:/home/wheeltec/wheeltec_ros2/install/nav2_util:/home/wheeltec/wheeltec_ros2/install/nav2_voxel_grid:/home/wheeltec/wheeltec_ros2/install/nav2_msgs:/home/wheeltec/wheeltec_ros2/install/nav_2d_msgs:/home/wheeltec/wheeltec_ros2/install/nav2_common:${AMENT_PREFIX_PATH} CMAKE_PREFIX_PATH=/home/wheeltec/wheeltec_ros2/install/nav2_core:/home/wheeltec/wheeltec_ros2/install/nav2_costmap_2d:/home/wheeltec/wheeltec_ros2/install/nav_2d_utils:/home/wheeltec/wheeltec_ros2/install/nav2_map_server:/home/wheeltec/wheeltec_ros2/install/nav2_lifecycle_manager:/home/wheeltec/wheeltec_ros2/install/nav2_util:/home/wheeltec/wheeltec_ros2/install/nav2_voxel_grid:/home/wheeltec/wheeltec_ros2/install/nav2_msgs:/home/wheeltec/wheeltec_ros2/install/nav_2d_msgs:/home/wheeltec/wheeltec_ros2/install/nav2_common:/opt/ros/galactic LD_LIBRARY_PATH=/home/wheeltec/wheeltec_ros2/install/nav2_costmap_2d/lib:/home/wheeltec/wheeltec_ros2/install/nav_2d_utils/lib:/home/wheeltec/wheeltec_ros2/install/nav2_map_server/lib:/home/wheeltec/wheeltec_ros2/install/nav2_lifecycle_manager/lib:/home/wheeltec/wheeltec_ros2/install/nav2_util/lib:/home/wheeltec/wheeltec_ros2/install/nav2_voxel_grid/lib:/home/wheeltec/wheeltec_ros2/install/nav2_msgs/lib:/home/wheeltec/wheeltec_ros2/install/nav_2d_msgs/lib:${LD_LIBRARY_PATH} PYTHONPATH=/home/wheeltec/wheeltec_ros2/install/nav2_msgs/lib/python3.8/site-packages:/home/wheeltec/wheeltec_ros2/install/nav_2d_msgs/lib/python3.8/site-packages:/home/wheeltec/wheeltec_ros2/install/nav2_common/lib/python3.8/site-packages:${PYTHONPATH} /usr/bin/cmake --install /home/wheeltec/wheeltec_ros2/build/nav2_controller
[1.875s] -- Install configuration: "Release"
[1.876s] -- Up-to-date: /home/wheeltec/wheeltec_ros2/install/nav2_controller/lib/libsimple_progress_checker.so
[1.880s] -- Up-to-date: /home/wheeltec/wheeltec_ros2/install/nav2_controller/lib/libsimple_goal_checker.so
[1.891s] -- Up-to-date: /home/wheeltec/wheeltec_ros2/install/nav2_controller/lib/libstopped_goal_checker.so
[1.896s] -- Up-to-date: /home/wheeltec/wheeltec_ros2/install/nav2_controller/lib/libcontroller_server_core.a
[1.899s] -- Up-to-date: /home/wheeltec/wheeltec_ros2/install/nav2_controller/lib/nav2_controller/controller_server
[1.901s] -- Up-to-date: /home/wheeltec/wheeltec_ros2/install/nav2_controller/include/
[1.903s] -- Up-to-date: /home/wheeltec/wheeltec_ros2/install/nav2_controller/include//nav2_controller
[1.904s] -- Up-to-date: /home/wheeltec/wheeltec_ros2/install/nav2_controller/include//nav2_controller/nav2_controller.hpp
[1.905s] -- Up-to-date: /home/wheeltec/wheeltec_ros2/install/nav2_controller/include//nav2_controller/plugins
[1.906s] -- Up-to-date: /home/wheeltec/wheeltec_ros2/install/nav2_controller/include//nav2_controller/plugins/simple_goal_checker.hpp
[1.907s] -- Up-to-date: /home/wheeltec/wheeltec_ros2/install/nav2_controller/include//nav2_controller/plugins/stopped_goal_checker.hpp
[1.908s] -- Up-to-date: /home/wheeltec/wheeltec_ros2/install/nav2_controller/include//nav2_controller/plugins/simple_progress_checker.hpp
[1.912s] -- Up-to-date: /home/wheeltec/wheeltec_ros2/install/nav2_controller/share/nav2_controller/environment/library_path.sh
[1.913s] -- Up-to-date: /home/wheeltec/wheeltec_ros2/install/nav2_controller/share/nav2_controller/environment/library_path.dsv
[1.914s] -- Up-to-date: /home/wheeltec/wheeltec_ros2/install/nav2_controller/share/nav2_controller/plugins.xml
[1.915s] -- Up-to-date: /home/wheeltec/wheeltec_ros2/install/nav2_controller/share/ament_index/resource_index/package_run_dependencies/nav2_controller
[1.916s] -- Up-to-date: /home/wheeltec/wheeltec_ros2/install/nav2_controller/share/ament_index/resource_index/parent_prefix_path/nav2_controller
[1.916s] -- Up-to-date: /home/wheeltec/wheeltec_ros2/install/nav2_controller/share/nav2_controller/environment/ament_prefix_path.sh
[1.917s] -- Up-to-date: /home/wheeltec/wheeltec_ros2/install/nav2_controller/share/nav2_controller/environment/ament_prefix_path.dsv
[1.917s] -- Up-to-date: /home/wheeltec/wheeltec_ros2/install/nav2_controller/share/nav2_controller/environment/path.sh
[1.918s] -- Up-to-date: /home/wheeltec/wheeltec_ros2/install/nav2_controller/share/nav2_controller/environment/path.dsv
[1.918s] -- Up-to-date: /home/wheeltec/wheeltec_ros2/install/nav2_controller/share/nav2_controller/local_setup.bash
[1.918s] -- Up-to-date: /home/wheeltec/wheeltec_ros2/install/nav2_controller/share/nav2_controller/local_setup.sh
[1.919s] -- Up-to-date: /home/wheeltec/wheeltec_ros2/install/nav2_controller/share/nav2_controller/local_setup.zsh
[1.919s] -- Up-to-date: /home/wheeltec/wheeltec_ros2/install/nav2_controller/share/nav2_controller/local_setup.dsv
[1.920s] -- Installing: /home/wheeltec/wheeltec_ros2/install/nav2_controller/share/nav2_controller/package.dsv
[1.920s] -- Up-to-date: /home/wheeltec/wheeltec_ros2/install/nav2_controller/share/ament_index/resource_index/packages/nav2_controller
[1.920s] -- Up-to-date: /home/wheeltec/wheeltec_ros2/install/nav2_controller/share/ament_index/resource_index/nav2_core__pluginlib__plugin/nav2_controller
[1.921s] -- Up-to-date: /home/wheeltec/wheeltec_ros2/install/nav2_controller/share/nav2_controller/cmake/ament_cmake_export_include_directories-extras.cmake
[1.923s] -- Up-to-date: /home/wheeltec/wheeltec_ros2/install/nav2_controller/share/nav2_controller/cmake/ament_cmake_export_libraries-extras.cmake
[1.924s] -- Up-to-date: /home/wheeltec/wheeltec_ros2/install/nav2_controller/share/nav2_controller/cmake/ament_cmake_export_dependencies-extras.cmake
[1.924s] -- Up-to-date: /home/wheeltec/wheeltec_ros2/install/nav2_controller/share/nav2_controller/cmake/nav2_controllerConfig.cmake
[1.925s] -- Up-to-date: /home/wheeltec/wheeltec_ros2/install/nav2_controller/share/nav2_controller/cmake/nav2_controllerConfig-version.cmake
[1.925s] -- Up-to-date: /home/wheeltec/wheeltec_ros2/install/nav2_controller/share/nav2_controller/package.xml
[1.944s] Invoked command in '/home/wheeltec/wheeltec_ros2/build/nav2_controller' returned '0': AMENT_PREFIX_PATH=/home/wheeltec/wheeltec_ros2/install/nav2_core:/home/wheeltec/wheeltec_ros2/install/nav2_costmap_2d:/home/wheeltec/wheeltec_ros2/install/nav_2d_utils:/home/wheeltec/wheeltec_ros2/install/nav2_map_server:/home/wheeltec/wheeltec_ros2/install/nav2_lifecycle_manager:/home/wheeltec/wheeltec_ros2/install/nav2_util:/home/wheeltec/wheeltec_ros2/install/nav2_voxel_grid:/home/wheeltec/wheeltec_ros2/install/nav2_msgs:/home/wheeltec/wheeltec_ros2/install/nav_2d_msgs:/home/wheeltec/wheeltec_ros2/install/nav2_common:${AMENT_PREFIX_PATH} CMAKE_PREFIX_PATH=/home/wheeltec/wheeltec_ros2/install/nav2_core:/home/wheeltec/wheeltec_ros2/install/nav2_costmap_2d:/home/wheeltec/wheeltec_ros2/install/nav_2d_utils:/home/wheeltec/wheeltec_ros2/install/nav2_map_server:/home/wheeltec/wheeltec_ros2/install/nav2_lifecycle_manager:/home/wheeltec/wheeltec_ros2/install/nav2_util:/home/wheeltec/wheeltec_ros2/install/nav2_voxel_grid:/home/wheeltec/wheeltec_ros2/install/nav2_msgs:/home/wheeltec/wheeltec_ros2/install/nav_2d_msgs:/home/wheeltec/wheeltec_ros2/install/nav2_common:/opt/ros/galactic LD_LIBRARY_PATH=/home/wheeltec/wheeltec_ros2/install/nav2_costmap_2d/lib:/home/wheeltec/wheeltec_ros2/install/nav_2d_utils/lib:/home/wheeltec/wheeltec_ros2/install/nav2_map_server/lib:/home/wheeltec/wheeltec_ros2/install/nav2_lifecycle_manager/lib:/home/wheeltec/wheeltec_ros2/install/nav2_util/lib:/home/wheeltec/wheeltec_ros2/install/nav2_voxel_grid/lib:/home/wheeltec/wheeltec_ros2/install/nav2_msgs/lib:/home/wheeltec/wheeltec_ros2/install/nav_2d_msgs/lib:${LD_LIBRARY_PATH} PYTHONPATH=/home/wheeltec/wheeltec_ros2/install/nav2_msgs/lib/python3.8/site-packages:/home/wheeltec/wheeltec_ros2/install/nav_2d_msgs/lib/python3.8/site-packages:/home/wheeltec/wheeltec_ros2/install/nav2_common/lib/python3.8/site-packages:${PYTHONPATH} /usr/bin/cmake --install /home/wheeltec/wheeltec_ros2/build/nav2_controller
