[0.227s] Invoking command in '/home/wheeltec/wheeltec_ros2/build/nav2_costmap_2d': AMENT_PREFIX_PATH=/home/wheeltec/wheeltec_ros2/install/nav2_map_server:/home/wheeltec/wheeltec_ros2/install/nav2_lifecycle_manager:/home/wheeltec/wheeltec_ros2/install/nav2_util:/home/wheeltec/wheeltec_ros2/install/nav2_voxel_grid:/home/wheeltec/wheeltec_ros2/install/nav2_msgs:/home/wheeltec/wheeltec_ros2/install/nav2_common:${AMENT_PREFIX_PATH} CMAKE_PREFIX_PATH=/home/wheeltec/wheeltec_ros2/install/nav2_map_server:/home/wheeltec/wheeltec_ros2/install/nav2_lifecycle_manager:/home/wheeltec/wheeltec_ros2/install/nav2_util:/home/wheeltec/wheeltec_ros2/install/nav2_voxel_grid:/home/wheeltec/wheeltec_ros2/install/nav2_msgs:/home/wheeltec/wheeltec_ros2/install/nav2_common:/opt/ros/galactic LD_LIBRARY_PATH=/home/wheeltec/wheeltec_ros2/install/nav2_map_server/lib:/home/wheeltec/wheeltec_ros2/install/nav2_lifecycle_manager/lib:/home/wheeltec/wheeltec_ros2/install/nav2_util/lib:/home/wheeltec/wheeltec_ros2/install/nav2_voxel_grid/lib:/home/wheeltec/wheeltec_ros2/install/nav2_msgs/lib:${LD_LIBRARY_PATH} PYTHONPATH=/home/wheeltec/wheeltec_ros2/install/nav2_msgs/lib/python3.8/site-packages:/home/wheeltec/wheeltec_ros2/install/nav2_common/lib/python3.8/site-packages:${PYTHONPATH} /usr/bin/cmake --build /home/wheeltec/wheeltec_ros2/build/nav2_costmap_2d -- -j4 -l4
[0.625s] [  3%] Built target gtest
[0.690s] [  6%] Built target gtest_main
[0.900s] [ 28%] Built target nav2_costmap_2d_core
[1.438s] [ 34%] Built target nav2_costmap_2d_client
[1.472s] [ 37%] Built target nav2_costmap_2d_markers
[1.475s] [ 42%] Built target filters
[1.594s] [ 53%] Built target layers
[1.991s] [ 56%] Built target array_parser_test
[2.023s] [ 59%] Built target costmap_convesion_test
[2.035s] [ 62%] Built target keepout_filter_test
[2.166s] [ 65%] Built target nav2_costmap_2d_cloud
[2.542s] [ 68%] Built target copy_window_test
[2.644s] [ 71%] Built target declare_parameter_test
[2.665s] [ 75%] Built target collision_footprint_test
[2.676s] [ 78%] Built target speed_filter_test
[2.953s] [ 81%] Built target range_tests_exec
[3.171s] [ 84%] Built target obstacle_tests_exec
[3.183s] [ 87%] Built target inflation_tests_exec
[3.294s] [ 90%] Built target test_collision_checker_exec
[3.382s] [ 93%] Built target footprint_tests_exec
[3.500s] [ 96%] Built target costmap_bresenham_2d
[3.509s] [100%] Built target nav2_costmap_2d
[3.599s] Invoked command in '/home/wheeltec/wheeltec_ros2/build/nav2_costmap_2d' returned '0': AMENT_PREFIX_PATH=/home/wheeltec/wheeltec_ros2/install/nav2_map_server:/home/wheeltec/wheeltec_ros2/install/nav2_lifecycle_manager:/home/wheeltec/wheeltec_ros2/install/nav2_util:/home/wheeltec/wheeltec_ros2/install/nav2_voxel_grid:/home/wheeltec/wheeltec_ros2/install/nav2_msgs:/home/wheeltec/wheeltec_ros2/install/nav2_common:${AMENT_PREFIX_PATH} CMAKE_PREFIX_PATH=/home/wheeltec/wheeltec_ros2/install/nav2_map_server:/home/wheeltec/wheeltec_ros2/install/nav2_lifecycle_manager:/home/wheeltec/wheeltec_ros2/install/nav2_util:/home/wheeltec/wheeltec_ros2/install/nav2_voxel_grid:/home/wheeltec/wheeltec_ros2/install/nav2_msgs:/home/wheeltec/wheeltec_ros2/install/nav2_common:/opt/ros/galactic LD_LIBRARY_PATH=/home/wheeltec/wheeltec_ros2/install/nav2_map_server/lib:/home/wheeltec/wheeltec_ros2/install/nav2_lifecycle_manager/lib:/home/wheeltec/wheeltec_ros2/install/nav2_util/lib:/home/wheeltec/wheeltec_ros2/install/nav2_voxel_grid/lib:/home/wheeltec/wheeltec_ros2/install/nav2_msgs/lib:${LD_LIBRARY_PATH} PYTHONPATH=/home/wheeltec/wheeltec_ros2/install/nav2_msgs/lib/python3.8/site-packages:/home/wheeltec/wheeltec_ros2/install/nav2_common/lib/python3.8/site-packages:${PYTHONPATH} /usr/bin/cmake --build /home/wheeltec/wheeltec_ros2/build/nav2_costmap_2d -- -j4 -l4
[4.925s] Invoking command in '/home/wheeltec/wheeltec_ros2/build/nav2_costmap_2d': AMENT_PREFIX_PATH=/home/wheeltec/wheeltec_ros2/install/nav2_map_server:/home/wheeltec/wheeltec_ros2/install/nav2_lifecycle_manager:/home/wheeltec/wheeltec_ros2/install/nav2_util:/home/wheeltec/wheeltec_ros2/install/nav2_voxel_grid:/home/wheeltec/wheeltec_ros2/install/nav2_msgs:/home/wheeltec/wheeltec_ros2/install/nav2_common:${AMENT_PREFIX_PATH} CMAKE_PREFIX_PATH=/home/wheeltec/wheeltec_ros2/install/nav2_map_server:/home/wheeltec/wheeltec_ros2/install/nav2_lifecycle_manager:/home/wheeltec/wheeltec_ros2/install/nav2_util:/home/wheeltec/wheeltec_ros2/install/nav2_voxel_grid:/home/wheeltec/wheeltec_ros2/install/nav2_msgs:/home/wheeltec/wheeltec_ros2/install/nav2_common:/opt/ros/galactic LD_LIBRARY_PATH=/home/wheeltec/wheeltec_ros2/install/nav2_map_server/lib:/home/wheeltec/wheeltec_ros2/install/nav2_lifecycle_manager/lib:/home/wheeltec/wheeltec_ros2/install/nav2_util/lib:/home/wheeltec/wheeltec_ros2/install/nav2_voxel_grid/lib:/home/wheeltec/wheeltec_ros2/install/nav2_msgs/lib:${LD_LIBRARY_PATH} PYTHONPATH=/home/wheeltec/wheeltec_ros2/install/nav2_msgs/lib/python3.8/site-packages:/home/wheeltec/wheeltec_ros2/install/nav2_common/lib/python3.8/site-packages:${PYTHONPATH} /usr/bin/cmake --install /home/wheeltec/wheeltec_ros2/build/nav2_costmap_2d
[5.015s] -- Install configuration: "Release"
[5.016s] -- Up-to-date: /home/wheeltec/wheeltec_ros2/install/nav2_costmap_2d/lib/libnav2_costmap_2d_core.so
[5.029s] -- Up-to-date: /home/wheeltec/wheeltec_ros2/install/nav2_costmap_2d/lib/liblayers.so
[5.030s] -- Up-to-date: /home/wheeltec/wheeltec_ros2/install/nav2_costmap_2d/lib/libfilters.so
[5.032s] -- Up-to-date: /home/wheeltec/wheeltec_ros2/install/nav2_costmap_2d/lib/libnav2_costmap_2d_client.so
[5.033s] -- Up-to-date: /home/wheeltec/wheeltec_ros2/install/nav2_costmap_2d/lib/nav2_costmap_2d/nav2_costmap_2d
[5.035s] -- Up-to-date: /home/wheeltec/wheeltec_ros2/install/nav2_costmap_2d/lib/nav2_costmap_2d/nav2_costmap_2d_markers
[5.036s] -- Up-to-date: /home/wheeltec/wheeltec_ros2/install/nav2_costmap_2d/lib/nav2_costmap_2d/nav2_costmap_2d_cloud
[5.037s] -- Up-to-date: /home/wheeltec/wheeltec_ros2/install/nav2_costmap_2d/share/nav2_costmap_2d/costmap_plugins.xml
[5.038s] -- Up-to-date: /home/wheeltec/wheeltec_ros2/install/nav2_costmap_2d/include/
[5.038s] -- Up-to-date: /home/wheeltec/wheeltec_ros2/install/nav2_costmap_2d/include//nav2_costmap_2d
[5.038s] -- Up-to-date: /home/wheeltec/wheeltec_ros2/install/nav2_costmap_2d/include//nav2_costmap_2d/footprint_subscriber.hpp
[5.039s] -- Up-to-date: /home/wheeltec/wheeltec_ros2/install/nav2_costmap_2d/include//nav2_costmap_2d/clear_costmap_service.hpp
[5.039s] -- Up-to-date: /home/wheeltec/wheeltec_ros2/install/nav2_costmap_2d/include//nav2_costmap_2d/cost_values.hpp
[5.041s] -- Up-to-date: /home/wheeltec/wheeltec_ros2/install/nav2_costmap_2d/include//nav2_costmap_2d/costmap_topic_collision_checker.hpp
[5.041s] -- Up-to-date: /home/wheeltec/wheeltec_ros2/install/nav2_costmap_2d/include//nav2_costmap_2d/costmap_2d_publisher.hpp
[5.041s] -- Up-to-date: /home/wheeltec/wheeltec_ros2/install/nav2_costmap_2d/include//nav2_costmap_2d/observation.hpp
[5.042s] -- Up-to-date: /home/wheeltec/wheeltec_ros2/install/nav2_costmap_2d/include//nav2_costmap_2d/costmap_2d_ros.hpp
[5.042s] -- Up-to-date: /home/wheeltec/wheeltec_ros2/install/nav2_costmap_2d/include//nav2_costmap_2d/costmap_2d.hpp
[5.043s] -- Up-to-date: /home/wheeltec/wheeltec_ros2/install/nav2_costmap_2d/include//nav2_costmap_2d/costmap_subscriber.hpp
[5.053s] -- Up-to-date: /home/wheeltec/wheeltec_ros2/install/nav2_costmap_2d/include//nav2_costmap_2d/observation_buffer.hpp
[5.054s] -- Up-to-date: /home/wheeltec/wheeltec_ros2/install/nav2_costmap_2d/include//nav2_costmap_2d/layered_costmap.hpp
[5.054s] -- Up-to-date: /home/wheeltec/wheeltec_ros2/install/nav2_costmap_2d/include//nav2_costmap_2d/static_layer.hpp
[5.054s] -- Up-to-date: /home/wheeltec/wheeltec_ros2/install/nav2_costmap_2d/include//nav2_costmap_2d/footprint.hpp
[5.055s] -- Up-to-date: /home/wheeltec/wheeltec_ros2/install/nav2_costmap_2d/include//nav2_costmap_2d/array_parser.hpp
[5.055s] -- Up-to-date: /home/wheeltec/wheeltec_ros2/install/nav2_costmap_2d/include//nav2_costmap_2d/voxel_layer.hpp
[5.055s] -- Up-to-date: /home/wheeltec/wheeltec_ros2/install/nav2_costmap_2d/include//nav2_costmap_2d/inflation_layer.hpp
[5.056s] -- Up-to-date: /home/wheeltec/wheeltec_ros2/install/nav2_costmap_2d/include//nav2_costmap_2d/footprint_collision_checker.hpp
[5.056s] -- Up-to-date: /home/wheeltec/wheeltec_ros2/install/nav2_costmap_2d/include//nav2_costmap_2d/range_sensor_layer.hpp
[5.056s] -- Up-to-date: /home/wheeltec/wheeltec_ros2/install/nav2_costmap_2d/include//nav2_costmap_2d/obstacle_layer.hpp
[5.057s] -- Up-to-date: /home/wheeltec/wheeltec_ros2/install/nav2_costmap_2d/include//nav2_costmap_2d/costmap_layer.hpp
[5.057s] -- Up-to-date: /home/wheeltec/wheeltec_ros2/install/nav2_costmap_2d/include//nav2_costmap_2d/costmap_math.hpp
[5.058s] -- Up-to-date: /home/wheeltec/wheeltec_ros2/install/nav2_costmap_2d/include//nav2_costmap_2d/layer.hpp
[5.059s] -- Up-to-date: /home/wheeltec/wheeltec_ros2/install/nav2_costmap_2d/include//nav2_costmap_2d/exceptions.hpp
[5.059s] -- Up-to-date: /home/wheeltec/wheeltec_ros2/install/nav2_costmap_2d/include//nav2_costmap_2d/costmap_filters
[5.062s] -- Up-to-date: /home/wheeltec/wheeltec_ros2/install/nav2_costmap_2d/include//nav2_costmap_2d/costmap_filters/speed_filter.hpp
[5.062s] -- Up-to-date: /home/wheeltec/wheeltec_ros2/install/nav2_costmap_2d/include//nav2_costmap_2d/costmap_filters/keepout_filter.hpp
[5.063s] -- Up-to-date: /home/wheeltec/wheeltec_ros2/install/nav2_costmap_2d/include//nav2_costmap_2d/costmap_filters/filter_values.hpp
[5.063s] -- Up-to-date: /home/wheeltec/wheeltec_ros2/install/nav2_costmap_2d/include//nav2_costmap_2d/costmap_filters/costmap_filter.hpp
[5.064s] -- Up-to-date: /home/wheeltec/wheeltec_ros2/install/nav2_costmap_2d/share/nav2_costmap_2d/environment/library_path.sh
[5.064s] -- Up-to-date: /home/wheeltec/wheeltec_ros2/install/nav2_costmap_2d/share/nav2_costmap_2d/environment/library_path.dsv
[5.064s] -- Up-to-date: /home/wheeltec/wheeltec_ros2/install/nav2_costmap_2d/share/nav2_costmap_2d/costmap_plugins.xml
[5.065s] -- Up-to-date: /home/wheeltec/wheeltec_ros2/install/nav2_costmap_2d/share/ament_index/resource_index/package_run_dependencies/nav2_costmap_2d
[5.065s] -- Up-to-date: /home/wheeltec/wheeltec_ros2/install/nav2_costmap_2d/share/ament_index/resource_index/parent_prefix_path/nav2_costmap_2d
[5.065s] -- Up-to-date: /home/wheeltec/wheeltec_ros2/install/nav2_costmap_2d/share/nav2_costmap_2d/environment/ament_prefix_path.sh
[5.070s] -- Up-to-date: /home/wheeltec/wheeltec_ros2/install/nav2_costmap_2d/share/nav2_costmap_2d/environment/ament_prefix_path.dsv
[5.070s] -- Up-to-date: /home/wheeltec/wheeltec_ros2/install/nav2_costmap_2d/share/nav2_costmap_2d/environment/path.sh
[5.072s] -- Up-to-date: /home/wheeltec/wheeltec_ros2/install/nav2_costmap_2d/share/nav2_costmap_2d/environment/path.dsv
[5.083s] -- Up-to-date: /home/wheeltec/wheeltec_ros2/install/nav2_costmap_2d/share/nav2_costmap_2d/local_setup.bash
[5.084s] -- Up-to-date: /home/wheeltec/wheeltec_ros2/install/nav2_costmap_2d/share/nav2_costmap_2d/local_setup.sh
[5.084s] -- Up-to-date: /home/wheeltec/wheeltec_ros2/install/nav2_costmap_2d/share/nav2_costmap_2d/local_setup.zsh
[5.084s] -- Up-to-date: /home/wheeltec/wheeltec_ros2/install/nav2_costmap_2d/share/nav2_costmap_2d/local_setup.dsv
[5.085s] -- Installing: /home/wheeltec/wheeltec_ros2/install/nav2_costmap_2d/share/nav2_costmap_2d/package.dsv
[5.085s] -- Up-to-date: /home/wheeltec/wheeltec_ros2/install/nav2_costmap_2d/share/ament_index/resource_index/packages/nav2_costmap_2d
[5.086s] -- Up-to-date: /home/wheeltec/wheeltec_ros2/install/nav2_costmap_2d/share/ament_index/resource_index/nav2_costmap_2d__pluginlib__plugin/nav2_costmap_2d
[5.086s] -- Up-to-date: /home/wheeltec/wheeltec_ros2/install/nav2_costmap_2d/share/nav2_costmap_2d/cmake/ament_cmake_export_include_directories-extras.cmake
[5.086s] -- Up-to-date: /home/wheeltec/wheeltec_ros2/install/nav2_costmap_2d/share/nav2_costmap_2d/cmake/ament_cmake_export_libraries-extras.cmake
[5.087s] -- Up-to-date: /home/wheeltec/wheeltec_ros2/install/nav2_costmap_2d/share/nav2_costmap_2d/cmake/ament_cmake_export_dependencies-extras.cmake
[5.087s] -- Up-to-date: /home/wheeltec/wheeltec_ros2/install/nav2_costmap_2d/share/nav2_costmap_2d/cmake/nav2_costmap_2dConfig.cmake
[5.088s] -- Up-to-date: /home/wheeltec/wheeltec_ros2/install/nav2_costmap_2d/share/nav2_costmap_2d/cmake/nav2_costmap_2dConfig-version.cmake
[5.088s] -- Up-to-date: /home/wheeltec/wheeltec_ros2/install/nav2_costmap_2d/share/nav2_costmap_2d/package.xml
[5.089s] Invoked command in '/home/wheeltec/wheeltec_ros2/build/nav2_costmap_2d' returned '0': AMENT_PREFIX_PATH=/home/wheeltec/wheeltec_ros2/install/nav2_map_server:/home/wheeltec/wheeltec_ros2/install/nav2_lifecycle_manager:/home/wheeltec/wheeltec_ros2/install/nav2_util:/home/wheeltec/wheeltec_ros2/install/nav2_voxel_grid:/home/wheeltec/wheeltec_ros2/install/nav2_msgs:/home/wheeltec/wheeltec_ros2/install/nav2_common:${AMENT_PREFIX_PATH} CMAKE_PREFIX_PATH=/home/wheeltec/wheeltec_ros2/install/nav2_map_server:/home/wheeltec/wheeltec_ros2/install/nav2_lifecycle_manager:/home/wheeltec/wheeltec_ros2/install/nav2_util:/home/wheeltec/wheeltec_ros2/install/nav2_voxel_grid:/home/wheeltec/wheeltec_ros2/install/nav2_msgs:/home/wheeltec/wheeltec_ros2/install/nav2_common:/opt/ros/galactic LD_LIBRARY_PATH=/home/wheeltec/wheeltec_ros2/install/nav2_map_server/lib:/home/wheeltec/wheeltec_ros2/install/nav2_lifecycle_manager/lib:/home/wheeltec/wheeltec_ros2/install/nav2_util/lib:/home/wheeltec/wheeltec_ros2/install/nav2_voxel_grid/lib:/home/wheeltec/wheeltec_ros2/install/nav2_msgs/lib:${LD_LIBRARY_PATH} PYTHONPATH=/home/wheeltec/wheeltec_ros2/install/nav2_msgs/lib/python3.8/site-packages:/home/wheeltec/wheeltec_ros2/install/nav2_common/lib/python3.8/site-packages:${PYTHONPATH} /usr/bin/cmake --install /home/wheeltec/wheeltec_ros2/build/nav2_costmap_2d
