[0.108s] Invoking command in '/home/wheeltec/wheeltec_ros2/build/nav2_rviz_plugins': AMENT_PREFIX_PATH=/home/wheeltec/wheeltec_ros2/install/nav2_lifecycle_manager:/home/wheeltec/wheeltec_ros2/install/nav2_util:/home/wheeltec/wheeltec_ros2/install/nav2_msgs:/home/wheeltec/wheeltec_ros2/install/nav2_common:${AMENT_PREFIX_PATH} CMAKE_PREFIX_PATH=/home/wheeltec/wheeltec_ros2/install/nav2_lifecycle_manager:/home/wheeltec/wheeltec_ros2/install/nav2_util:/home/wheeltec/wheeltec_ros2/install/nav2_msgs:/home/wheeltec/wheeltec_ros2/install/nav2_common:/opt/ros/galactic LD_LIBRARY_PATH=/home/wheeltec/wheeltec_ros2/install/nav2_lifecycle_manager/lib:/home/wheeltec/wheeltec_ros2/install/nav2_util/lib:/home/wheeltec/wheeltec_ros2/install/nav2_msgs/lib:${LD_LIBRARY_PATH} PYTHONPATH=/home/wheeltec/wheeltec_ros2/install/nav2_msgs/lib/python3.8/site-packages:/home/wheeltec/wheeltec_ros2/install/nav2_common/lib/python3.8/site-packages:${PYTHONPATH} /usr/bin/cmake --build /home/wheeltec/wheeltec_ros2/build/nav2_rviz_plugins -- -j4 -l4
[0.466s] [ 14%] [34m[1mAutomatic MOC for target nav2_rviz_plugins[0m
[0.541s] [ 14%] Built target nav2_rviz_plugins_autogen
[0.875s] [100%] Built target nav2_rviz_plugins
[0.926s] Invoked command in '/home/wheeltec/wheeltec_ros2/build/nav2_rviz_plugins' returned '0': AMENT_PREFIX_PATH=/home/wheeltec/wheeltec_ros2/install/nav2_lifecycle_manager:/home/wheeltec/wheeltec_ros2/install/nav2_util:/home/wheeltec/wheeltec_ros2/install/nav2_msgs:/home/wheeltec/wheeltec_ros2/install/nav2_common:${AMENT_PREFIX_PATH} CMAKE_PREFIX_PATH=/home/wheeltec/wheeltec_ros2/install/nav2_lifecycle_manager:/home/wheeltec/wheeltec_ros2/install/nav2_util:/home/wheeltec/wheeltec_ros2/install/nav2_msgs:/home/wheeltec/wheeltec_ros2/install/nav2_common:/opt/ros/galactic LD_LIBRARY_PATH=/home/wheeltec/wheeltec_ros2/install/nav2_lifecycle_manager/lib:/home/wheeltec/wheeltec_ros2/install/nav2_util/lib:/home/wheeltec/wheeltec_ros2/install/nav2_msgs/lib:${LD_LIBRARY_PATH} PYTHONPATH=/home/wheeltec/wheeltec_ros2/install/nav2_msgs/lib/python3.8/site-packages:/home/wheeltec/wheeltec_ros2/install/nav2_common/lib/python3.8/site-packages:${PYTHONPATH} /usr/bin/cmake --build /home/wheeltec/wheeltec_ros2/build/nav2_rviz_plugins -- -j4 -l4
[1.105s] Invoking command in '/home/wheeltec/wheeltec_ros2/build/nav2_rviz_plugins': AMENT_PREFIX_PATH=/home/wheeltec/wheeltec_ros2/install/nav2_lifecycle_manager:/home/wheeltec/wheeltec_ros2/install/nav2_util:/home/wheeltec/wheeltec_ros2/install/nav2_msgs:/home/wheeltec/wheeltec_ros2/install/nav2_common:${AMENT_PREFIX_PATH} CMAKE_PREFIX_PATH=/home/wheeltec/wheeltec_ros2/install/nav2_lifecycle_manager:/home/wheeltec/wheeltec_ros2/install/nav2_util:/home/wheeltec/wheeltec_ros2/install/nav2_msgs:/home/wheeltec/wheeltec_ros2/install/nav2_common:/opt/ros/galactic LD_LIBRARY_PATH=/home/wheeltec/wheeltec_ros2/install/nav2_lifecycle_manager/lib:/home/wheeltec/wheeltec_ros2/install/nav2_util/lib:/home/wheeltec/wheeltec_ros2/install/nav2_msgs/lib:${LD_LIBRARY_PATH} PYTHONPATH=/home/wheeltec/wheeltec_ros2/install/nav2_msgs/lib/python3.8/site-packages:/home/wheeltec/wheeltec_ros2/install/nav2_common/lib/python3.8/site-packages:${PYTHONPATH} /usr/bin/cmake --install /home/wheeltec/wheeltec_ros2/build/nav2_rviz_plugins
[1.145s] -- Install configuration: ""
[1.146s] -- Up-to-date: /home/wheeltec/wheeltec_ros2/install/nav2_rviz_plugins/share/nav2_rviz_plugins/plugins_description.xml
[1.147s] -- Up-to-date: /home/wheeltec/wheeltec_ros2/install/nav2_rviz_plugins/lib/libnav2_rviz_plugins.so
[1.148s] -- Up-to-date: /home/wheeltec/wheeltec_ros2/install/nav2_rviz_plugins/include/
[1.149s] -- Up-to-date: /home/wheeltec/wheeltec_ros2/install/nav2_rviz_plugins/include//nav2_rviz_plugins
[1.149s] -- Up-to-date: /home/wheeltec/wheeltec_ros2/install/nav2_rviz_plugins/include//nav2_rviz_plugins/nav2_panel.hpp
[1.150s] -- Up-to-date: /home/wheeltec/wheeltec_ros2/install/nav2_rviz_plugins/include//nav2_rviz_plugins/goal_common.hpp
[1.151s] -- Up-to-date: /home/wheeltec/wheeltec_ros2/install/nav2_rviz_plugins/include//nav2_rviz_plugins/goal_pose_updater.hpp
[1.152s] -- Up-to-date: /home/wheeltec/wheeltec_ros2/install/nav2_rviz_plugins/include//nav2_rviz_plugins/particle_cloud_display
[1.152s] -- Up-to-date: /home/wheeltec/wheeltec_ros2/install/nav2_rviz_plugins/include//nav2_rviz_plugins/particle_cloud_display/flat_weighted_arrows_array.hpp
[1.153s] -- Up-to-date: /home/wheeltec/wheeltec_ros2/install/nav2_rviz_plugins/include//nav2_rviz_plugins/particle_cloud_display/particle_cloud_display.hpp
[1.154s] -- Up-to-date: /home/wheeltec/wheeltec_ros2/install/nav2_rviz_plugins/include//nav2_rviz_plugins/goal_tool.hpp
[1.155s] -- Up-to-date: /home/wheeltec/wheeltec_ros2/install/nav2_rviz_plugins/include//nav2_rviz_plugins/ros_action_qevent.hpp
[1.159s] -- Up-to-date: /home/wheeltec/wheeltec_ros2/install/nav2_rviz_plugins/share/nav2_rviz_plugins/environment/library_path.sh
[1.159s] -- Up-to-date: /home/wheeltec/wheeltec_ros2/install/nav2_rviz_plugins/share/nav2_rviz_plugins/environment/library_path.dsv
[1.160s] -- Up-to-date: /home/wheeltec/wheeltec_ros2/install/nav2_rviz_plugins/share/ament_index/resource_index/package_run_dependencies/nav2_rviz_plugins
[1.161s] -- Up-to-date: /home/wheeltec/wheeltec_ros2/install/nav2_rviz_plugins/share/ament_index/resource_index/parent_prefix_path/nav2_rviz_plugins
[1.161s] -- Up-to-date: /home/wheeltec/wheeltec_ros2/install/nav2_rviz_plugins/share/nav2_rviz_plugins/environment/ament_prefix_path.sh
[1.161s] -- Up-to-date: /home/wheeltec/wheeltec_ros2/install/nav2_rviz_plugins/share/nav2_rviz_plugins/environment/ament_prefix_path.dsv
[1.167s] -- Up-to-date: /home/wheeltec/wheeltec_ros2/install/nav2_rviz_plugins/share/nav2_rviz_plugins/environment/path.sh
[1.169s] -- Up-to-date: /home/wheeltec/wheeltec_ros2/install/nav2_rviz_plugins/share/nav2_rviz_plugins/environment/path.dsv
[1.170s] -- Up-to-date: /home/wheeltec/wheeltec_ros2/install/nav2_rviz_plugins/share/nav2_rviz_plugins/local_setup.bash
[1.170s] -- Up-to-date: /home/wheeltec/wheeltec_ros2/install/nav2_rviz_plugins/share/nav2_rviz_plugins/local_setup.sh
[1.171s] -- Up-to-date: /home/wheeltec/wheeltec_ros2/install/nav2_rviz_plugins/share/nav2_rviz_plugins/local_setup.zsh
[1.171s] -- Up-to-date: /home/wheeltec/wheeltec_ros2/install/nav2_rviz_plugins/share/nav2_rviz_plugins/local_setup.dsv
[1.172s] -- Installing: /home/wheeltec/wheeltec_ros2/install/nav2_rviz_plugins/share/nav2_rviz_plugins/package.dsv
[1.173s] -- Up-to-date: /home/wheeltec/wheeltec_ros2/install/nav2_rviz_plugins/share/ament_index/resource_index/packages/nav2_rviz_plugins
[1.173s] -- Up-to-date: /home/wheeltec/wheeltec_ros2/install/nav2_rviz_plugins/share/ament_index/resource_index/rviz_common__pluginlib__plugin/nav2_rviz_plugins
[1.174s] -- Up-to-date: /home/wheeltec/wheeltec_ros2/install/nav2_rviz_plugins/share/nav2_rviz_plugins/cmake/nav2_rviz_pluginsExport.cmake
[1.174s] -- Up-to-date: /home/wheeltec/wheeltec_ros2/install/nav2_rviz_plugins/share/nav2_rviz_plugins/cmake/nav2_rviz_pluginsExport-noconfig.cmake
[1.174s] -- Up-to-date: /home/wheeltec/wheeltec_ros2/install/nav2_rviz_plugins/share/nav2_rviz_plugins/cmake/ament_cmake_export_include_directories-extras.cmake
[1.175s] -- Up-to-date: /home/wheeltec/wheeltec_ros2/install/nav2_rviz_plugins/share/nav2_rviz_plugins/cmake/ament_cmake_export_targets-extras.cmake
[1.176s] -- Up-to-date: /home/wheeltec/wheeltec_ros2/install/nav2_rviz_plugins/share/nav2_rviz_plugins/cmake/ament_cmake_export_dependencies-extras.cmake
[1.176s] -- Up-to-date: /home/wheeltec/wheeltec_ros2/install/nav2_rviz_plugins/share/nav2_rviz_plugins/cmake/nav2_rviz_pluginsConfig.cmake
[1.176s] -- Up-to-date: /home/wheeltec/wheeltec_ros2/install/nav2_rviz_plugins/share/nav2_rviz_plugins/cmake/nav2_rviz_pluginsConfig-version.cmake
[1.177s] -- Up-to-date: /home/wheeltec/wheeltec_ros2/install/nav2_rviz_plugins/share/nav2_rviz_plugins/package.xml
[1.178s] Invoked command in '/home/wheeltec/wheeltec_ros2/build/nav2_rviz_plugins' returned '0': AMENT_PREFIX_PATH=/home/wheeltec/wheeltec_ros2/install/nav2_lifecycle_manager:/home/wheeltec/wheeltec_ros2/install/nav2_util:/home/wheeltec/wheeltec_ros2/install/nav2_msgs:/home/wheeltec/wheeltec_ros2/install/nav2_common:${AMENT_PREFIX_PATH} CMAKE_PREFIX_PATH=/home/wheeltec/wheeltec_ros2/install/nav2_lifecycle_manager:/home/wheeltec/wheeltec_ros2/install/nav2_util:/home/wheeltec/wheeltec_ros2/install/nav2_msgs:/home/wheeltec/wheeltec_ros2/install/nav2_common:/opt/ros/galactic LD_LIBRARY_PATH=/home/wheeltec/wheeltec_ros2/install/nav2_lifecycle_manager/lib:/home/wheeltec/wheeltec_ros2/install/nav2_util/lib:/home/wheeltec/wheeltec_ros2/install/nav2_msgs/lib:${LD_LIBRARY_PATH} PYTHONPATH=/home/wheeltec/wheeltec_ros2/install/nav2_msgs/lib/python3.8/site-packages:/home/wheeltec/wheeltec_ros2/install/nav2_common/lib/python3.8/site-packages:${PYTHONPATH} /usr/bin/cmake --install /home/wheeltec/wheeltec_ros2/build/nav2_rviz_plugins
