[0.184s] Invoking command in '/home/wheeltec/wheeltec_ros2/build/nav2_controller': AMENT_PREFIX_PATH=/home/wheeltec/wheeltec_ros2/install/nav2_core:/home/wheeltec/wheeltec_ros2/install/nav2_costmap_2d:/home/wheeltec/wheeltec_ros2/install/nav_2d_utils:/home/wheeltec/wheeltec_ros2/install/nav2_map_server:/home/wheeltec/wheeltec_ros2/install/nav2_lifecycle_manager:/home/wheeltec/wheeltec_ros2/install/nav2_util:/home/wheeltec/wheeltec_ros2/install/nav2_voxel_grid:/home/wheeltec/wheeltec_ros2/install/nav2_msgs:/home/wheeltec/wheeltec_ros2/install/nav_2d_msgs:/home/wheeltec/wheeltec_ros2/install/nav2_common:${AMENT_PREFIX_PATH} CMAKE_PREFIX_PATH=/home/wheeltec/wheeltec_ros2/install/nav2_core:/home/wheeltec/wheeltec_ros2/install/nav2_costmap_2d:/home/wheeltec/wheeltec_ros2/install/nav_2d_utils:/home/wheeltec/wheeltec_ros2/install/nav2_map_server:/home/wheeltec/wheeltec_ros2/install/nav2_lifecycle_manager:/home/wheeltec/wheeltec_ros2/install/nav2_util:/home/wheeltec/wheeltec_ros2/install/nav2_voxel_grid:/home/wheeltec/wheeltec_ros2/install/nav2_msgs:/home/wheeltec/wheeltec_ros2/install/nav_2d_msgs:/home/wheeltec/wheeltec_ros2/install/nav2_common:/opt/ros/galactic LD_LIBRARY_PATH=/home/wheeltec/wheeltec_ros2/install/nav2_costmap_2d/lib:/home/wheeltec/wheeltec_ros2/install/nav_2d_utils/lib:/home/wheeltec/wheeltec_ros2/install/nav2_map_server/lib:/home/wheeltec/wheeltec_ros2/install/nav2_lifecycle_manager/lib:/home/wheeltec/wheeltec_ros2/install/nav2_util/lib:/home/wheeltec/wheeltec_ros2/install/nav2_voxel_grid/lib:/home/wheeltec/wheeltec_ros2/install/nav2_msgs/lib:/home/wheeltec/wheeltec_ros2/install/nav_2d_msgs/lib:${LD_LIBRARY_PATH} PYTHONPATH=/home/wheeltec/wheeltec_ros2/install/nav2_msgs/lib/python3.8/site-packages:/home/wheeltec/wheeltec_ros2/install/nav_2d_msgs/lib/python3.8/site-packages:/home/wheeltec/wheeltec_ros2/install/nav2_common/lib/python3.8/site-packages:${PYTHONPATH} /usr/bin/cmake --build /home/wheeltec/wheeltec_ros2/build/nav2_controller -- -j4 -l4
[0.667s] [ 11%] Built target gtest
[0.720s] [ 22%] Built target controller_server_core
[0.762s] [ 33%] Built target simple_goal_checker
[0.785s] [ 44%] Built target simple_progress_checker
[0.864s] [ 55%] Built target gtest_main
[1.023s] [ 66%] Built target stopped_goal_checker
[1.086s] [ 77%] Built target controller_server
[1.167s] [ 88%] Built target pctest
[1.237s] [100%] Built target gctest
[1.314s] Invoked command in '/home/wheeltec/wheeltec_ros2/build/nav2_controller' returned '0': AMENT_PREFIX_PATH=/home/wheeltec/wheeltec_ros2/install/nav2_core:/home/wheeltec/wheeltec_ros2/install/nav2_costmap_2d:/home/wheeltec/wheeltec_ros2/install/nav_2d_utils:/home/wheeltec/wheeltec_ros2/install/nav2_map_server:/home/wheeltec/wheeltec_ros2/install/nav2_lifecycle_manager:/home/wheeltec/wheeltec_ros2/install/nav2_util:/home/wheeltec/wheeltec_ros2/install/nav2_voxel_grid:/home/wheeltec/wheeltec_ros2/install/nav2_msgs:/home/wheeltec/wheeltec_ros2/install/nav_2d_msgs:/home/wheeltec/wheeltec_ros2/install/nav2_common:${AMENT_PREFIX_PATH} CMAKE_PREFIX_PATH=/home/wheeltec/wheeltec_ros2/install/nav2_core:/home/wheeltec/wheeltec_ros2/install/nav2_costmap_2d:/home/wheeltec/wheeltec_ros2/install/nav_2d_utils:/home/wheeltec/wheeltec_ros2/install/nav2_map_server:/home/wheeltec/wheeltec_ros2/install/nav2_lifecycle_manager:/home/wheeltec/wheeltec_ros2/install/nav2_util:/home/wheeltec/wheeltec_ros2/install/nav2_voxel_grid:/home/wheeltec/wheeltec_ros2/install/nav2_msgs:/home/wheeltec/wheeltec_ros2/install/nav_2d_msgs:/home/wheeltec/wheeltec_ros2/install/nav2_common:/opt/ros/galactic LD_LIBRARY_PATH=/home/wheeltec/wheeltec_ros2/install/nav2_costmap_2d/lib:/home/wheeltec/wheeltec_ros2/install/nav_2d_utils/lib:/home/wheeltec/wheeltec_ros2/install/nav2_map_server/lib:/home/wheeltec/wheeltec_ros2/install/nav2_lifecycle_manager/lib:/home/wheeltec/wheeltec_ros2/install/nav2_util/lib:/home/wheeltec/wheeltec_ros2/install/nav2_voxel_grid/lib:/home/wheeltec/wheeltec_ros2/install/nav2_msgs/lib:/home/wheeltec/wheeltec_ros2/install/nav_2d_msgs/lib:${LD_LIBRARY_PATH} PYTHONPATH=/home/wheeltec/wheeltec_ros2/install/nav2_msgs/lib/python3.8/site-packages:/home/wheeltec/wheeltec_ros2/install/nav_2d_msgs/lib/python3.8/site-packages:/home/wheeltec/wheeltec_ros2/install/nav2_common/lib/python3.8/site-packages:${PYTHONPATH} /usr/bin/cmake --build /home/wheeltec/wheeltec_ros2/build/nav2_controller -- -j4 -l4
[1.535s] Invoking command in '/home/wheeltec/wheeltec_ros2/build/nav2_controller': AMENT_PREFIX_PATH=/home/wheeltec/wheeltec_ros2/install/nav2_core:/home/wheeltec/wheeltec_ros2/install/nav2_costmap_2d:/home/wheeltec/wheeltec_ros2/install/nav_2d_utils:/home/wheeltec/wheeltec_ros2/install/nav2_map_server:/home/wheeltec/wheeltec_ros2/install/nav2_lifecycle_manager:/home/wheeltec/wheeltec_ros2/install/nav2_util:/home/wheeltec/wheeltec_ros2/install/nav2_voxel_grid:/home/wheeltec/wheeltec_ros2/install/nav2_msgs:/home/wheeltec/wheeltec_ros2/install/nav_2d_msgs:/home/wheeltec/wheeltec_ros2/install/nav2_common:${AMENT_PREFIX_PATH} CMAKE_PREFIX_PATH=/home/wheeltec/wheeltec_ros2/install/nav2_core:/home/wheeltec/wheeltec_ros2/install/nav2_costmap_2d:/home/wheeltec/wheeltec_ros2/install/nav_2d_utils:/home/wheeltec/wheeltec_ros2/install/nav2_map_server:/home/wheeltec/wheeltec_ros2/install/nav2_lifecycle_manager:/home/wheeltec/wheeltec_ros2/install/nav2_util:/home/wheeltec/wheeltec_ros2/install/nav2_voxel_grid:/home/wheeltec/wheeltec_ros2/install/nav2_msgs:/home/wheeltec/wheeltec_ros2/install/nav_2d_msgs:/home/wheeltec/wheeltec_ros2/install/nav2_common:/opt/ros/galactic LD_LIBRARY_PATH=/home/wheeltec/wheeltec_ros2/install/nav2_costmap_2d/lib:/home/wheeltec/wheeltec_ros2/install/nav_2d_utils/lib:/home/wheeltec/wheeltec_ros2/install/nav2_map_server/lib:/home/wheeltec/wheeltec_ros2/install/nav2_lifecycle_manager/lib:/home/wheeltec/wheeltec_ros2/install/nav2_util/lib:/home/wheeltec/wheeltec_ros2/install/nav2_voxel_grid/lib:/home/wheeltec/wheeltec_ros2/install/nav2_msgs/lib:/home/wheeltec/wheeltec_ros2/install/nav_2d_msgs/lib:${LD_LIBRARY_PATH} PYTHONPATH=/home/wheeltec/wheeltec_ros2/install/nav2_msgs/lib/python3.8/site-packages:/home/wheeltec/wheeltec_ros2/install/nav_2d_msgs/lib/python3.8/site-packages:/home/wheeltec/wheeltec_ros2/install/nav2_common/lib/python3.8/site-packages:${PYTHONPATH} /usr/bin/cmake --install /home/wheeltec/wheeltec_ros2/build/nav2_controller
[1.587s] -- Install configuration: "Release"
[1.593s] -- Up-to-date: /home/wheeltec/wheeltec_ros2/install/nav2_controller/lib/libsimple_progress_checker.so
[1.598s] -- Up-to-date: /home/wheeltec/wheeltec_ros2/install/nav2_controller/lib/libsimple_goal_checker.so
[1.600s] -- Up-to-date: /home/wheeltec/wheeltec_ros2/install/nav2_controller/lib/libstopped_goal_checker.so
[1.602s] -- Up-to-date: /home/wheeltec/wheeltec_ros2/install/nav2_controller/lib/libcontroller_server_core.a
[1.607s] -- Up-to-date: /home/wheeltec/wheeltec_ros2/install/nav2_controller/lib/nav2_controller/controller_server
[1.608s] -- Up-to-date: /home/wheeltec/wheeltec_ros2/install/nav2_controller/include/
[1.609s] -- Up-to-date: /home/wheeltec/wheeltec_ros2/install/nav2_controller/include//nav2_controller
[1.610s] -- Up-to-date: /home/wheeltec/wheeltec_ros2/install/nav2_controller/include//nav2_controller/nav2_controller.hpp
[1.611s] -- Up-to-date: /home/wheeltec/wheeltec_ros2/install/nav2_controller/include//nav2_controller/plugins
[1.611s] -- Up-to-date: /home/wheeltec/wheeltec_ros2/install/nav2_controller/include//nav2_controller/plugins/simple_goal_checker.hpp
[1.612s] -- Up-to-date: /home/wheeltec/wheeltec_ros2/install/nav2_controller/include//nav2_controller/plugins/stopped_goal_checker.hpp
[1.612s] -- Up-to-date: /home/wheeltec/wheeltec_ros2/install/nav2_controller/include//nav2_controller/plugins/simple_progress_checker.hpp
[1.613s] -- Up-to-date: /home/wheeltec/wheeltec_ros2/install/nav2_controller/share/nav2_controller/environment/library_path.sh
[1.613s] -- Up-to-date: /home/wheeltec/wheeltec_ros2/install/nav2_controller/share/nav2_controller/environment/library_path.dsv
[1.614s] -- Up-to-date: /home/wheeltec/wheeltec_ros2/install/nav2_controller/share/nav2_controller/plugins.xml
[1.615s] -- Up-to-date: /home/wheeltec/wheeltec_ros2/install/nav2_controller/share/ament_index/resource_index/package_run_dependencies/nav2_controller
[1.616s] -- Up-to-date: /home/wheeltec/wheeltec_ros2/install/nav2_controller/share/ament_index/resource_index/parent_prefix_path/nav2_controller
[1.617s] -- Up-to-date: /home/wheeltec/wheeltec_ros2/install/nav2_controller/share/nav2_controller/environment/ament_prefix_path.sh
[1.617s] -- Up-to-date: /home/wheeltec/wheeltec_ros2/install/nav2_controller/share/nav2_controller/environment/ament_prefix_path.dsv
[1.618s] -- Up-to-date: /home/wheeltec/wheeltec_ros2/install/nav2_controller/share/nav2_controller/environment/path.sh
[1.618s] -- Up-to-date: /home/wheeltec/wheeltec_ros2/install/nav2_controller/share/nav2_controller/environment/path.dsv
[1.619s] -- Up-to-date: /home/wheeltec/wheeltec_ros2/install/nav2_controller/share/nav2_controller/local_setup.bash
[1.619s] -- Up-to-date: /home/wheeltec/wheeltec_ros2/install/nav2_controller/share/nav2_controller/local_setup.sh
[1.620s] -- Up-to-date: /home/wheeltec/wheeltec_ros2/install/nav2_controller/share/nav2_controller/local_setup.zsh
[1.623s] -- Up-to-date: /home/wheeltec/wheeltec_ros2/install/nav2_controller/share/nav2_controller/local_setup.dsv
[1.624s] -- Installing: /home/wheeltec/wheeltec_ros2/install/nav2_controller/share/nav2_controller/package.dsv
[1.624s] -- Up-to-date: /home/wheeltec/wheeltec_ros2/install/nav2_controller/share/ament_index/resource_index/packages/nav2_controller
[1.625s] -- Up-to-date: /home/wheeltec/wheeltec_ros2/install/nav2_controller/share/ament_index/resource_index/nav2_core__pluginlib__plugin/nav2_controller
[1.625s] -- Up-to-date: /home/wheeltec/wheeltec_ros2/install/nav2_controller/share/nav2_controller/cmake/ament_cmake_export_include_directories-extras.cmake
[1.626s] -- Up-to-date: /home/wheeltec/wheeltec_ros2/install/nav2_controller/share/nav2_controller/cmake/ament_cmake_export_libraries-extras.cmake
[1.626s] -- Up-to-date: /home/wheeltec/wheeltec_ros2/install/nav2_controller/share/nav2_controller/cmake/ament_cmake_export_dependencies-extras.cmake
[1.626s] -- Up-to-date: /home/wheeltec/wheeltec_ros2/install/nav2_controller/share/nav2_controller/cmake/nav2_controllerConfig.cmake
[1.627s] -- Up-to-date: /home/wheeltec/wheeltec_ros2/install/nav2_controller/share/nav2_controller/cmake/nav2_controllerConfig-version.cmake
[1.634s] -- Up-to-date: /home/wheeltec/wheeltec_ros2/install/nav2_controller/share/nav2_controller/package.xml
[1.635s] Invoked command in '/home/wheeltec/wheeltec_ros2/build/nav2_controller' returned '0': AMENT_PREFIX_PATH=/home/wheeltec/wheeltec_ros2/install/nav2_core:/home/wheeltec/wheeltec_ros2/install/nav2_costmap_2d:/home/wheeltec/wheeltec_ros2/install/nav_2d_utils:/home/wheeltec/wheeltec_ros2/install/nav2_map_server:/home/wheeltec/wheeltec_ros2/install/nav2_lifecycle_manager:/home/wheeltec/wheeltec_ros2/install/nav2_util:/home/wheeltec/wheeltec_ros2/install/nav2_voxel_grid:/home/wheeltec/wheeltec_ros2/install/nav2_msgs:/home/wheeltec/wheeltec_ros2/install/nav_2d_msgs:/home/wheeltec/wheeltec_ros2/install/nav2_common:${AMENT_PREFIX_PATH} CMAKE_PREFIX_PATH=/home/wheeltec/wheeltec_ros2/install/nav2_core:/home/wheeltec/wheeltec_ros2/install/nav2_costmap_2d:/home/wheeltec/wheeltec_ros2/install/nav_2d_utils:/home/wheeltec/wheeltec_ros2/install/nav2_map_server:/home/wheeltec/wheeltec_ros2/install/nav2_lifecycle_manager:/home/wheeltec/wheeltec_ros2/install/nav2_util:/home/wheeltec/wheeltec_ros2/install/nav2_voxel_grid:/home/wheeltec/wheeltec_ros2/install/nav2_msgs:/home/wheeltec/wheeltec_ros2/install/nav_2d_msgs:/home/wheeltec/wheeltec_ros2/install/nav2_common:/opt/ros/galactic LD_LIBRARY_PATH=/home/wheeltec/wheeltec_ros2/install/nav2_costmap_2d/lib:/home/wheeltec/wheeltec_ros2/install/nav_2d_utils/lib:/home/wheeltec/wheeltec_ros2/install/nav2_map_server/lib:/home/wheeltec/wheeltec_ros2/install/nav2_lifecycle_manager/lib:/home/wheeltec/wheeltec_ros2/install/nav2_util/lib:/home/wheeltec/wheeltec_ros2/install/nav2_voxel_grid/lib:/home/wheeltec/wheeltec_ros2/install/nav2_msgs/lib:/home/wheeltec/wheeltec_ros2/install/nav_2d_msgs/lib:${LD_LIBRARY_PATH} PYTHONPATH=/home/wheeltec/wheeltec_ros2/install/nav2_msgs/lib/python3.8/site-packages:/home/wheeltec/wheeltec_ros2/install/nav_2d_msgs/lib/python3.8/site-packages:/home/wheeltec/wheeltec_ros2/install/nav2_common/lib/python3.8/site-packages:${PYTHONPATH} /usr/bin/cmake --install /home/wheeltec/wheeltec_ros2/build/nav2_controller
