-- Found ament_cmake_auto: 1.1.6 (/opt/ros/galactic/share/ament_cmake_auto/cmake)
-- Using PYTHON_EXECUTABLE: /usr/bin/python3
-- Using all available rosidl_typesupport_c: rosidl_typesupport_fastrtps_c;rosidl_typesupport_introspection_c
-- Found rosidl_adapter: 2.2.3 (/opt/ros/galactic/share/rosidl_adapter/cmake)
-- Using all available rosidl_typesupport_cpp: rosidl_typesupport_fastrtps_cpp;rosidl_typesupport_introspection_cpp
-- Found rmw_implementation_cmake: 3.3.1 (/opt/ros/galactic/share/rmw_implementation_cmake/cmake)
-- Found rmw_cyclonedds_cpp: 0.22.6 (/opt/ros/galactic/share/rmw_cyclonedds_cpp/cmake)
-- Using RMW implementation 'rmw_cyclonedds_cpp' as default
-- Configuring done
-- Generating done
-- Build files have been written to: /home/wheeltec/wheeltec_ros2/build/usb_cam
[35m[1mScanning dependencies of target usb_cam[0m
[ 16%] [32mBuilding CXX object CMakeFiles/usb_cam.dir/src/usb_cam.cpp.o[0m
[ 33%] [32m[1mLinking CXX shared library libusb_cam.so[0m
[ 33%] Built target usb_cam
[35m[1mScanning dependencies of target usb_cam_node_exe[0m
[ 50%] [32mBuilding CXX object CMakeFiles/usb_cam_node_exe.dir/rclcpp_components/node_main_usb_cam_node_exe.cpp.o[0m
[ 66%] [32m[1mLinking CXX executable usb_cam_node_exe[0m
[ 66%] Built target usb_cam_node_exe
[35m[1mScanning dependencies of target usb_cam_node[0m
[ 83%] [32mBuilding CXX object CMakeFiles/usb_cam_node.dir/src/usb_cam_node.cpp.o[0m
[100%] [32m[1mLinking CXX shared library libusb_cam_node.so[0m
[100%] Built target usb_cam_node
-- Install configuration: ""
-- Installing: /home/wheeltec/wheeltec_ros2/install/usb_cam/lib/usb_cam/usb_cam_node_exe
-- Set runtime path of "/home/wheeltec/wheeltec_ros2/install/usb_cam/lib/usb_cam/usb_cam_node_exe" to ""
-- Up-to-date: /home/wheeltec/wheeltec_ros2/install/usb_cam/lib/usb_cam/show_image.py
-- Up-to-date: /home/wheeltec/wheeltec_ros2/install/usb_cam/include
-- Up-to-date: /home/wheeltec/wheeltec_ros2/install/usb_cam/include/usb_cam
-- Up-to-date: /home/wheeltec/wheeltec_ros2/install/usb_cam/include/usb_cam/usb_cam_utils.hpp
-- Up-to-date: /home/wheeltec/wheeltec_ros2/install/usb_cam/include/usb_cam/usb_cam.hpp
-- Up-to-date: /home/wheeltec/wheeltec_ros2/install/usb_cam/include/usb_cam/usb_cam_node.hpp
-- Up-to-date: /home/wheeltec/wheeltec_ros2/install/usb_cam/share/usb_cam/environment/library_path.sh
-- Installing: /home/wheeltec/wheeltec_ros2/install/usb_cam/share/usb_cam/environment/library_path.dsv
-- Installing: /home/wheeltec/wheeltec_ros2/install/usb_cam/lib/libusb_cam.so
-- Set runtime path of "/home/wheeltec/wheeltec_ros2/install/usb_cam/lib/libusb_cam.so" to ""
-- Installing: /home/wheeltec/wheeltec_ros2/install/usb_cam/lib/libusb_cam_node.so
-- Set runtime path of "/home/wheeltec/wheeltec_ros2/install/usb_cam/lib/libusb_cam_node.so" to ""
-- Up-to-date: /home/wheeltec/wheeltec_ros2/install/usb_cam/share/usb_cam/launch
-- Up-to-date: /home/wheeltec/wheeltec_ros2/install/usb_cam/share/usb_cam/launch/usb_cam_launch.py
-- Up-to-date: /home/wheeltec/wheeltec_ros2/install/usb_cam/share/usb_cam/config
-- Up-to-date: /home/wheeltec/wheeltec_ros2/install/usb_cam/share/usb_cam/config/params.yaml
-- Up-to-date: /home/wheeltec/wheeltec_ros2/install/usb_cam/share/usb_cam/config/camera_info.yaml
-- Up-to-date: /home/wheeltec/wheeltec_ros2/install/usb_cam/share/ament_index/resource_index/package_run_dependencies/usb_cam
-- Installing: /home/wheeltec/wheeltec_ros2/install/usb_cam/share/ament_index/resource_index/parent_prefix_path/usb_cam
-- Installing: /home/wheeltec/wheeltec_ros2/install/usb_cam/share/usb_cam/environment/ament_prefix_path.sh
-- Installing: /home/wheeltec/wheeltec_ros2/install/usb_cam/share/usb_cam/environment/ament_prefix_path.dsv
-- Installing: /home/wheeltec/wheeltec_ros2/install/usb_cam/share/usb_cam/environment/path.sh
-- Installing: /home/wheeltec/wheeltec_ros2/install/usb_cam/share/usb_cam/environment/path.dsv
-- Up-to-date: /home/wheeltec/wheeltec_ros2/install/usb_cam/share/usb_cam/local_setup.bash
-- Up-to-date: /home/wheeltec/wheeltec_ros2/install/usb_cam/share/usb_cam/local_setup.sh
-- Up-to-date: /home/wheeltec/wheeltec_ros2/install/usb_cam/share/usb_cam/local_setup.zsh
-- Installing: /home/wheeltec/wheeltec_ros2/install/usb_cam/share/usb_cam/local_setup.dsv
-- Installing: /home/wheeltec/wheeltec_ros2/install/usb_cam/share/usb_cam/package.dsv
-- Up-to-date: /home/wheeltec/wheeltec_ros2/install/usb_cam/share/ament_index/resource_index/packages/usb_cam
-- Up-to-date: /home/wheeltec/wheeltec_ros2/install/usb_cam/share/ament_index/resource_index/rclcpp_components/usb_cam
-- Up-to-date: /home/wheeltec/wheeltec_ros2/install/usb_cam/share/usb_cam/cmake/ament_cmake_export_dependencies-extras.cmake
-- Up-to-date: /home/wheeltec/wheeltec_ros2/install/usb_cam/share/usb_cam/cmake/ament_cmake_export_include_directories-extras.cmake
-- Up-to-date: /home/wheeltec/wheeltec_ros2/install/usb_cam/share/usb_cam/cmake/ament_cmake_export_libraries-extras.cmake
-- Up-to-date: /home/wheeltec/wheeltec_ros2/install/usb_cam/share/usb_cam/cmake/usb_camConfig.cmake
-- Up-to-date: /home/wheeltec/wheeltec_ros2/install/usb_cam/share/usb_cam/cmake/usb_camConfig-version.cmake
-- Up-to-date: /home/wheeltec/wheeltec_ros2/install/usb_cam/share/usb_cam/package.xml
