[0.080s] Invoking command in '/home/wheeltec/wheeltec_ros2/build/ldlidar_sl_ros2': CMAKE_PREFIX_PATH=${CMAKE_PREFIX_PATH}:/home/wheeltec/wheeltec_ros2/install/simple_follower_ros2:/home/wheeltec/wheeltec_ros2/install/wheeltec_robot_keyboard:/home/wheeltec/wheeltec_ros2/install/tf2_tools:/home/wheeltec/wheeltec_ros2/install/nav2_simple_commander:/home/wheeltec/wheeltec_ros2/install/nav2_gazebo_spawner:/opt/ros/galactic /usr/bin/cmake --build /home/wheeltec/wheeltec_ros2/build/ldlidar_sl_ros2 -- -j4 -l4
[0.430s] [100%] Built target ldlidar_sl_ros2_node
[0.501s] Invoked command in '/home/wheeltec/wheeltec_ros2/build/ldlidar_sl_ros2' returned '0': CMAKE_PREFIX_PATH=${CMAKE_PREFIX_PATH}:/home/wheeltec/wheeltec_ros2/install/simple_follower_ros2:/home/wheeltec/wheeltec_ros2/install/wheeltec_robot_keyboard:/home/wheeltec/wheeltec_ros2/install/tf2_tools:/home/wheeltec/wheeltec_ros2/install/nav2_simple_commander:/home/wheeltec/wheeltec_ros2/install/nav2_gazebo_spawner:/opt/ros/galactic /usr/bin/cmake --build /home/wheeltec/wheeltec_ros2/build/ldlidar_sl_ros2 -- -j4 -l4
[0.804s] Invoking command in '/home/wheeltec/wheeltec_ros2/build/ldlidar_sl_ros2': CMAKE_PREFIX_PATH=${CMAKE_PREFIX_PATH}:/home/wheeltec/wheeltec_ros2/install/simple_follower_ros2:/home/wheeltec/wheeltec_ros2/install/wheeltec_robot_keyboard:/home/wheeltec/wheeltec_ros2/install/tf2_tools:/home/wheeltec/wheeltec_ros2/install/nav2_simple_commander:/home/wheeltec/wheeltec_ros2/install/nav2_gazebo_spawner:/opt/ros/galactic /usr/bin/cmake --install /home/wheeltec/wheeltec_ros2/build/ldlidar_sl_ros2
[0.872s] -- Install configuration: ""
[0.874s] -- Up-to-date: /home/wheeltec/wheeltec_ros2/install/ldlidar_sl_ros2/lib/ldlidar_sl_ros2/ldlidar_sl_ros2_node
[0.876s] -- Up-to-date: /home/wheeltec/wheeltec_ros2/install/ldlidar_sl_ros2/share/ldlidar_sl_ros2//launch
[0.877s] -- Up-to-date: /home/wheeltec/wheeltec_ros2/install/ldlidar_sl_ros2/share/ldlidar_sl_ros2//launch/ld14.launch.py
[0.878s] -- Up-to-date: /home/wheeltec/wheeltec_ros2/install/ldlidar_sl_ros2/share/ldlidar_sl_ros2//launch/viewer_ld14.launch.py
[0.878s] -- Up-to-date: /home/wheeltec/wheeltec_ros2/install/ldlidar_sl_ros2/share/ldlidar_sl_ros2//rviz2
[0.879s] -- Up-to-date: /home/wheeltec/wheeltec_ros2/install/ldlidar_sl_ros2/share/ldlidar_sl_ros2//rviz2/ldlidar.rviz
[0.879s] -- Up-to-date: /home/wheeltec/wheeltec_ros2/install/ldlidar_sl_ros2/share/ldlidar_sl_ros2//scripts
[0.880s] -- Up-to-date: /home/wheeltec/wheeltec_ros2/install/ldlidar_sl_ros2/share/ldlidar_sl_ros2//scripts/ldlidar.rules
[0.880s] -- Up-to-date: /home/wheeltec/wheeltec_ros2/install/ldlidar_sl_ros2/share/ldlidar_sl_ros2//scripts/create_udev_rules.sh
[0.881s] -- Up-to-date: /home/wheeltec/wheeltec_ros2/install/ldlidar_sl_ros2/share/ldlidar_sl_ros2//scripts/delete_udev_rules.sh
[0.882s] -- Up-to-date: /home/wheeltec/wheeltec_ros2/install/ldlidar_sl_ros2/share/ament_index/resource_index/package_run_dependencies/ldlidar_sl_ros2
[0.882s] -- Up-to-date: /home/wheeltec/wheeltec_ros2/install/ldlidar_sl_ros2/share/ament_index/resource_index/parent_prefix_path/ldlidar_sl_ros2
[0.883s] -- Up-to-date: /home/wheeltec/wheeltec_ros2/install/ldlidar_sl_ros2/share/ldlidar_sl_ros2/environment/ament_prefix_path.sh
[0.883s] -- Up-to-date: /home/wheeltec/wheeltec_ros2/install/ldlidar_sl_ros2/share/ldlidar_sl_ros2/environment/ament_prefix_path.dsv
[0.884s] -- Up-to-date: /home/wheeltec/wheeltec_ros2/install/ldlidar_sl_ros2/share/ldlidar_sl_ros2/environment/path.sh
[0.884s] -- Up-to-date: /home/wheeltec/wheeltec_ros2/install/ldlidar_sl_ros2/share/ldlidar_sl_ros2/environment/path.dsv
[0.885s] -- Up-to-date: /home/wheeltec/wheeltec_ros2/install/ldlidar_sl_ros2/share/ldlidar_sl_ros2/local_setup.bash
[0.885s] -- Up-to-date: /home/wheeltec/wheeltec_ros2/install/ldlidar_sl_ros2/share/ldlidar_sl_ros2/local_setup.sh
[0.886s] -- Up-to-date: /home/wheeltec/wheeltec_ros2/install/ldlidar_sl_ros2/share/ldlidar_sl_ros2/local_setup.zsh
[0.886s] -- Up-to-date: /home/wheeltec/wheeltec_ros2/install/ldlidar_sl_ros2/share/ldlidar_sl_ros2/local_setup.dsv
[0.887s] -- Installing: /home/wheeltec/wheeltec_ros2/install/ldlidar_sl_ros2/share/ldlidar_sl_ros2/package.dsv
[0.899s] -- Up-to-date: /home/wheeltec/wheeltec_ros2/install/ldlidar_sl_ros2/share/ament_index/resource_index/packages/ldlidar_sl_ros2
[0.899s] -- Up-to-date: /home/wheeltec/wheeltec_ros2/install/ldlidar_sl_ros2/share/ldlidar_sl_ros2/cmake/ldlidar_sl_ros2Config.cmake
[0.900s] -- Up-to-date: /home/wheeltec/wheeltec_ros2/install/ldlidar_sl_ros2/share/ldlidar_sl_ros2/cmake/ldlidar_sl_ros2Config-version.cmake
[0.901s] -- Up-to-date: /home/wheeltec/wheeltec_ros2/install/ldlidar_sl_ros2/share/ldlidar_sl_ros2/package.xml
[0.904s] Invoked command in '/home/wheeltec/wheeltec_ros2/build/ldlidar_sl_ros2' returned '0': CMAKE_PREFIX_PATH=${CMAKE_PREFIX_PATH}:/home/wheeltec/wheeltec_ros2/install/simple_follower_ros2:/home/wheeltec/wheeltec_ros2/install/wheeltec_robot_keyboard:/home/wheeltec/wheeltec_ros2/install/tf2_tools:/home/wheeltec/wheeltec_ros2/install/nav2_simple_commander:/home/wheeltec/wheeltec_ros2/install/nav2_gazebo_spawner:/opt/ros/galactic /usr/bin/cmake --install /home/wheeltec/wheeltec_ros2/build/ldlidar_sl_ros2
