[0.273s] Invoking command in '/home/wheeltec/wheeltec_ros2/build/pcl_ros': CMAKE_PREFIX_PATH=/home/wheeltec/wheeltec_ros2/install/pcl_conversions:/home/wheeltec/wheeltec_ros2/install/wheeltec_rrt_msg:/home/wheeltec/wheeltec_ros2/install/turn_on_wheeltec_robot:/home/wheeltec/wheeltec_ros2/install/wheeltec_robot_msg:/home/wheeltec/wheeltec_ros2/install/wheeltec_joy:/home/wheeltec/wheeltec_ros2/install/wheeltec_cartographer:/home/wheeltec/wheeltec_ros2/install/web_video_server:/home/wheeltec/wheeltec_ros2/install/usb_cam:/home/wheeltec/wheeltec_ros2/install/serial:/home/wheeltec/wheeltec_ros2/install/rplidar_ros2:/home/wheeltec/wheeltec_ros2/install/perception_pcl:/home/wheeltec/wheeltec_ros2/install/pcl_ros:/home/wheeltec/wheeltec_ros2/install/openslam_gmapping:/home/wheeltec/wheeltec_ros2/install/nav_2d_utils:/home/wheeltec/wheeltec_ros2/install/dwb_msgs:/home/wheeltec/wheeltec_ros2/install/nav_2d_msgs:/home/wheeltec/wheeltec_ros2/install/nav2_voxel_grid:/home/wheeltec/wheeltec_ros2/install/nav2_lifecycle_manager:/home/wheeltec/wheeltec_ros2/install/nav2_amcl:/home/wheeltec/wheeltec_ros2/install/nav2_util:/home/wheeltec/wheeltec_ros2/install/nav2_msgs:/home/wheeltec/wheeltec_ros2/install/nav2_common:/home/wheeltec/wheeltec_ros2/install/lsn10:/home/wheeltec/wheeltec_ros2/install/lsm10_v2:/home/wheeltec/wheeltec_ros2/install/lidar_ros2:/home/wheeltec/wheeltec_ros2/install/ldlidar_stl_ros2:/home/wheeltec/wheeltec_ros2/install/ldlidar_sl_ros2:/home/wheeltec/wheeltec_ros2/install/astra_msgs:/home/wheeltec/wheeltec_ros2/install/ar_track_alvar_msgs:/home/wheeltec/wheeltec_ros2/install/ackermann_msgs:/home/wheeltec/wheeltec_ros2/install/wheeltec_robot_keyboard:/home/wheeltec/wheeltec_ros2/install/tf2_tools:/home/wheeltec/wheeltec_ros2/install/nav2_gazebo_spawner:/opt/ros/galactic /usr/bin/cmake --build /home/wheeltec/wheeltec_ros2/build/pcl_ros -- -j4 -l4
[0.713s] [100%] Built target pcl_ros_tf
[0.767s] Invoked command in '/home/wheeltec/wheeltec_ros2/build/pcl_ros' returned '0': CMAKE_PREFIX_PATH=/home/wheeltec/wheeltec_ros2/install/pcl_conversions:/home/wheeltec/wheeltec_ros2/install/wheeltec_rrt_msg:/home/wheeltec/wheeltec_ros2/install/turn_on_wheeltec_robot:/home/wheeltec/wheeltec_ros2/install/wheeltec_robot_msg:/home/wheeltec/wheeltec_ros2/install/wheeltec_joy:/home/wheeltec/wheeltec_ros2/install/wheeltec_cartographer:/home/wheeltec/wheeltec_ros2/install/web_video_server:/home/wheeltec/wheeltec_ros2/install/usb_cam:/home/wheeltec/wheeltec_ros2/install/serial:/home/wheeltec/wheeltec_ros2/install/rplidar_ros2:/home/wheeltec/wheeltec_ros2/install/perception_pcl:/home/wheeltec/wheeltec_ros2/install/pcl_ros:/home/wheeltec/wheeltec_ros2/install/openslam_gmapping:/home/wheeltec/wheeltec_ros2/install/nav_2d_utils:/home/wheeltec/wheeltec_ros2/install/dwb_msgs:/home/wheeltec/wheeltec_ros2/install/nav_2d_msgs:/home/wheeltec/wheeltec_ros2/install/nav2_voxel_grid:/home/wheeltec/wheeltec_ros2/install/nav2_lifecycle_manager:/home/wheeltec/wheeltec_ros2/install/nav2_amcl:/home/wheeltec/wheeltec_ros2/install/nav2_util:/home/wheeltec/wheeltec_ros2/install/nav2_msgs:/home/wheeltec/wheeltec_ros2/install/nav2_common:/home/wheeltec/wheeltec_ros2/install/lsn10:/home/wheeltec/wheeltec_ros2/install/lsm10_v2:/home/wheeltec/wheeltec_ros2/install/lidar_ros2:/home/wheeltec/wheeltec_ros2/install/ldlidar_stl_ros2:/home/wheeltec/wheeltec_ros2/install/ldlidar_sl_ros2:/home/wheeltec/wheeltec_ros2/install/astra_msgs:/home/wheeltec/wheeltec_ros2/install/ar_track_alvar_msgs:/home/wheeltec/wheeltec_ros2/install/ackermann_msgs:/home/wheeltec/wheeltec_ros2/install/wheeltec_robot_keyboard:/home/wheeltec/wheeltec_ros2/install/tf2_tools:/home/wheeltec/wheeltec_ros2/install/nav2_gazebo_spawner:/opt/ros/galactic /usr/bin/cmake --build /home/wheeltec/wheeltec_ros2/build/pcl_ros -- -j4 -l4
[0.911s] Invoking command in '/home/wheeltec/wheeltec_ros2/build/pcl_ros': CMAKE_PREFIX_PATH=/home/wheeltec/wheeltec_ros2/install/pcl_conversions:/home/wheeltec/wheeltec_ros2/install/wheeltec_rrt_msg:/home/wheeltec/wheeltec_ros2/install/turn_on_wheeltec_robot:/home/wheeltec/wheeltec_ros2/install/wheeltec_robot_msg:/home/wheeltec/wheeltec_ros2/install/wheeltec_joy:/home/wheeltec/wheeltec_ros2/install/wheeltec_cartographer:/home/wheeltec/wheeltec_ros2/install/web_video_server:/home/wheeltec/wheeltec_ros2/install/usb_cam:/home/wheeltec/wheeltec_ros2/install/serial:/home/wheeltec/wheeltec_ros2/install/rplidar_ros2:/home/wheeltec/wheeltec_ros2/install/perception_pcl:/home/wheeltec/wheeltec_ros2/install/pcl_ros:/home/wheeltec/wheeltec_ros2/install/openslam_gmapping:/home/wheeltec/wheeltec_ros2/install/nav_2d_utils:/home/wheeltec/wheeltec_ros2/install/dwb_msgs:/home/wheeltec/wheeltec_ros2/install/nav_2d_msgs:/home/wheeltec/wheeltec_ros2/install/nav2_voxel_grid:/home/wheeltec/wheeltec_ros2/install/nav2_lifecycle_manager:/home/wheeltec/wheeltec_ros2/install/nav2_amcl:/home/wheeltec/wheeltec_ros2/install/nav2_util:/home/wheeltec/wheeltec_ros2/install/nav2_msgs:/home/wheeltec/wheeltec_ros2/install/nav2_common:/home/wheeltec/wheeltec_ros2/install/lsn10:/home/wheeltec/wheeltec_ros2/install/lsm10_v2:/home/wheeltec/wheeltec_ros2/install/lidar_ros2:/home/wheeltec/wheeltec_ros2/install/ldlidar_stl_ros2:/home/wheeltec/wheeltec_ros2/install/ldlidar_sl_ros2:/home/wheeltec/wheeltec_ros2/install/astra_msgs:/home/wheeltec/wheeltec_ros2/install/ar_track_alvar_msgs:/home/wheeltec/wheeltec_ros2/install/ackermann_msgs:/home/wheeltec/wheeltec_ros2/install/wheeltec_robot_keyboard:/home/wheeltec/wheeltec_ros2/install/tf2_tools:/home/wheeltec/wheeltec_ros2/install/nav2_gazebo_spawner:/opt/ros/galactic /usr/bin/cmake --install /home/wheeltec/wheeltec_ros2/build/pcl_ros
[0.959s] -- Install configuration: ""
[0.960s] -- Up-to-date: /home/wheeltec/wheeltec_ros2/install/pcl_ros/include
[0.961s] -- Up-to-date: /home/wheeltec/wheeltec_ros2/install/pcl_ros/include/pcl_ros
[0.961s] -- Up-to-date: /home/wheeltec/wheeltec_ros2/install/pcl_ros/include/pcl_ros/point_cloud.hpp
[0.962s] -- Up-to-date: /home/wheeltec/wheeltec_ros2/install/pcl_ros/include/pcl_ros/transforms.hpp
[0.962s] -- Up-to-date: /home/wheeltec/wheeltec_ros2/install/pcl_ros/include/pcl_ros/publisher.hpp
[0.963s] -- Up-to-date: /home/wheeltec/wheeltec_ros2/install/pcl_ros/include/pcl_ros/io
[0.964s] -- Up-to-date: /home/wheeltec/wheeltec_ros2/install/pcl_ros/include/pcl_ros/io/concatenate_fields.hpp
[0.964s] -- Up-to-date: /home/wheeltec/wheeltec_ros2/install/pcl_ros/include/pcl_ros/io/concatenate_data.hpp
[0.965s] -- Up-to-date: /home/wheeltec/wheeltec_ros2/install/pcl_ros/include/pcl_ros/io/pcd_io.hpp
[0.966s] -- Up-to-date: /home/wheeltec/wheeltec_ros2/install/pcl_ros/include/pcl_ros/io/bag_io.hpp
[0.966s] -- Up-to-date: /home/wheeltec/wheeltec_ros2/install/pcl_ros/include/pcl_ros/filters
[0.967s] -- Up-to-date: /home/wheeltec/wheeltec_ros2/install/pcl_ros/include/pcl_ros/filters/filter.hpp
[0.967s] -- Up-to-date: /home/wheeltec/wheeltec_ros2/install/pcl_ros/include/pcl_ros/filters/passthrough.hpp
[0.968s] -- Up-to-date: /home/wheeltec/wheeltec_ros2/install/pcl_ros/include/pcl_ros/filters/crop_box.hpp
[0.968s] -- Up-to-date: /home/wheeltec/wheeltec_ros2/install/pcl_ros/include/pcl_ros/filters/project_inliers.hpp
[0.969s] -- Up-to-date: /home/wheeltec/wheeltec_ros2/install/pcl_ros/include/pcl_ros/filters/statistical_outlier_removal.hpp
[0.969s] -- Up-to-date: /home/wheeltec/wheeltec_ros2/install/pcl_ros/include/pcl_ros/filters/radius_outlier_removal.hpp
[0.969s] -- Up-to-date: /home/wheeltec/wheeltec_ros2/install/pcl_ros/include/pcl_ros/filters/extract_indices.hpp
[0.970s] -- Up-to-date: /home/wheeltec/wheeltec_ros2/install/pcl_ros/include/pcl_ros/filters/voxel_grid.hpp
[0.971s] -- Up-to-date: /home/wheeltec/wheeltec_ros2/install/pcl_ros/include/pcl_ros/segmentation
[0.972s] -- Up-to-date: /home/wheeltec/wheeltec_ros2/install/pcl_ros/include/pcl_ros/segmentation/extract_clusters.hpp
[0.972s] -- Up-to-date: /home/wheeltec/wheeltec_ros2/install/pcl_ros/include/pcl_ros/segmentation/extract_polygonal_prism_data.hpp
[0.972s] -- Up-to-date: /home/wheeltec/wheeltec_ros2/install/pcl_ros/include/pcl_ros/segmentation/sac_segmentation.hpp
[0.973s] -- Up-to-date: /home/wheeltec/wheeltec_ros2/install/pcl_ros/include/pcl_ros/segmentation/segment_differences.hpp
[0.973s] -- Up-to-date: /home/wheeltec/wheeltec_ros2/install/pcl_ros/include/pcl_ros/impl
[0.974s] -- Up-to-date: /home/wheeltec/wheeltec_ros2/install/pcl_ros/include/pcl_ros/impl/transforms.hpp
[0.974s] -- Up-to-date: /home/wheeltec/wheeltec_ros2/install/pcl_ros/include/pcl_ros/pcl_nodelet.hpp
[0.975s] -- Up-to-date: /home/wheeltec/wheeltec_ros2/install/pcl_ros/include/pcl_ros/surface
[0.975s] -- Up-to-date: /home/wheeltec/wheeltec_ros2/install/pcl_ros/include/pcl_ros/surface/convex_hull.hpp
[0.993s] -- Up-to-date: /home/wheeltec/wheeltec_ros2/install/pcl_ros/include/pcl_ros/surface/moving_least_squares.hpp
[0.994s] -- Up-to-date: /home/wheeltec/wheeltec_ros2/install/pcl_ros/include/pcl_ros/features
[0.995s] -- Up-to-date: /home/wheeltec/wheeltec_ros2/install/pcl_ros/include/pcl_ros/features/normal_3d_tbb.hpp
[0.995s] -- Up-to-date: /home/wheeltec/wheeltec_ros2/install/pcl_ros/include/pcl_ros/features/feature.hpp
[0.996s] -- Up-to-date: /home/wheeltec/wheeltec_ros2/install/pcl_ros/include/pcl_ros/features/pfh.hpp
[0.997s] -- Up-to-date: /home/wheeltec/wheeltec_ros2/install/pcl_ros/include/pcl_ros/features/normal_3d.hpp
[0.997s] -- Up-to-date: /home/wheeltec/wheeltec_ros2/install/pcl_ros/include/pcl_ros/features/fpfh.hpp
[0.999s] -- Up-to-date: /home/wheeltec/wheeltec_ros2/install/pcl_ros/include/pcl_ros/features/normal_3d_omp.hpp
[0.999s] -- Up-to-date: /home/wheeltec/wheeltec_ros2/install/pcl_ros/include/pcl_ros/features/principal_curvatures.hpp
[1.000s] -- Up-to-date: /home/wheeltec/wheeltec_ros2/install/pcl_ros/include/pcl_ros/features/fpfh_omp.hpp
[1.000s] -- Up-to-date: /home/wheeltec/wheeltec_ros2/install/pcl_ros/include/pcl_ros/features/shot_omp.hpp
[1.000s] -- Up-to-date: /home/wheeltec/wheeltec_ros2/install/pcl_ros/include/pcl_ros/features/boundary.hpp
[1.001s] -- Up-to-date: /home/wheeltec/wheeltec_ros2/install/pcl_ros/include/pcl_ros/features/vfh.hpp
[1.001s] -- Up-to-date: /home/wheeltec/wheeltec_ros2/install/pcl_ros/include/pcl_ros/features/moment_invariants.hpp
[1.002s] -- Up-to-date: /home/wheeltec/wheeltec_ros2/install/pcl_ros/include/pcl_ros/features/shot.hpp
[1.002s] -- Up-to-date: /home/wheeltec/wheeltec_ros2/install/pcl_ros/lib/libpcl_ros_tf.so
[1.003s] -- Up-to-date: /home/wheeltec/wheeltec_ros2/install/pcl_ros/share/pcl_ros/plugins
[1.004s] -- Up-to-date: /home/wheeltec/wheeltec_ros2/install/pcl_ros/share/pcl_ros/plugins/nodelet
[1.004s] -- Up-to-date: /home/wheeltec/wheeltec_ros2/install/pcl_ros/share/pcl_ros/plugins/nodelet/libpcl_ros_io.xml
[1.005s] -- Up-to-date: /home/wheeltec/wheeltec_ros2/install/pcl_ros/share/pcl_ros/plugins/nodelet/libpcl_ros_surface.xml
[1.005s] -- Up-to-date: /home/wheeltec/wheeltec_ros2/install/pcl_ros/share/pcl_ros/plugins/nodelet/libpcl_ros_segmentation.xml
[1.006s] -- Up-to-date: /home/wheeltec/wheeltec_ros2/install/pcl_ros/share/pcl_ros/plugins/nodelet/libpcl_ros_features.xml
[1.006s] -- Up-to-date: /home/wheeltec/wheeltec_ros2/install/pcl_ros/share/pcl_ros/plugins/nodelet/libpcl_ros_filters.xml
[1.007s] -- Up-to-date: /home/wheeltec/wheeltec_ros2/install/pcl_ros/share/pcl_ros/samples
[1.007s] -- Up-to-date: /home/wheeltec/wheeltec_ros2/install/pcl_ros/share/pcl_ros/samples/data
[1.008s] -- Up-to-date: /home/wheeltec/wheeltec_ros2/install/pcl_ros/share/pcl_ros/samples/data/.gitignore
[1.008s] -- Up-to-date: /home/wheeltec/wheeltec_ros2/install/pcl_ros/share/pcl_ros/samples/pcl_ros
[1.009s] -- Up-to-date: /home/wheeltec/wheeltec_ros2/install/pcl_ros/share/pcl_ros/samples/pcl_ros/io
[1.010s] -- Up-to-date: /home/wheeltec/wheeltec_ros2/install/pcl_ros/share/pcl_ros/samples/pcl_ros/io/sample_concatenate_data.launch
[1.011s] -- Up-to-date: /home/wheeltec/wheeltec_ros2/install/pcl_ros/share/pcl_ros/samples/pcl_ros/filters
[1.011s] -- Up-to-date: /home/wheeltec/wheeltec_ros2/install/pcl_ros/share/pcl_ros/samples/pcl_ros/filters/config
[1.014s] -- Up-to-date: /home/wheeltec/wheeltec_ros2/install/pcl_ros/share/pcl_ros/samples/pcl_ros/filters/config/statistical_outlier_removal.rviz
[1.014s] -- Up-to-date: /home/wheeltec/wheeltec_ros2/install/pcl_ros/share/pcl_ros/samples/pcl_ros/filters/config/voxel_grid.rviz
[1.015s] -- Up-to-date: /home/wheeltec/wheeltec_ros2/install/pcl_ros/share/pcl_ros/samples/pcl_ros/filters/sample_voxel_grid.launch
[1.015s] -- Up-to-date: /home/wheeltec/wheeltec_ros2/install/pcl_ros/share/pcl_ros/samples/pcl_ros/filters/sample_statistical_outlier_removal.launch
[1.016s] -- Up-to-date: /home/wheeltec/wheeltec_ros2/install/pcl_ros/share/pcl_ros/samples/pcl_ros/segmentation
[1.016s] -- Up-to-date: /home/wheeltec/wheeltec_ros2/install/pcl_ros/share/pcl_ros/samples/pcl_ros/segmentation/sample_extract_clusters.launch
[1.017s] -- Up-to-date: /home/wheeltec/wheeltec_ros2/install/pcl_ros/share/pcl_ros/samples/pcl_ros/surface
[1.017s] -- Up-to-date: /home/wheeltec/wheeltec_ros2/install/pcl_ros/share/pcl_ros/samples/pcl_ros/surface/sample_convex_hull.launch
[1.017s] -- Up-to-date: /home/wheeltec/wheeltec_ros2/install/pcl_ros/share/pcl_ros/samples/pcl_ros/features
[1.018s] -- Up-to-date: /home/wheeltec/wheeltec_ros2/install/pcl_ros/share/pcl_ros/samples/pcl_ros/features/sample_normal_3d.launch
[1.018s] -- Up-to-date: /home/wheeltec/wheeltec_ros2/install/pcl_ros/share/pcl_ros/environment/library_path.sh
[1.019s] -- Up-to-date: /home/wheeltec/wheeltec_ros2/install/pcl_ros/share/pcl_ros/environment/library_path.dsv
[1.019s] -- Up-to-date: /home/wheeltec/wheeltec_ros2/install/pcl_ros/share/ament_index/resource_index/package_run_dependencies/pcl_ros
[1.020s] -- Up-to-date: /home/wheeltec/wheeltec_ros2/install/pcl_ros/share/ament_index/resource_index/parent_prefix_path/pcl_ros
[1.020s] -- Up-to-date: /home/wheeltec/wheeltec_ros2/install/pcl_ros/share/pcl_ros/environment/ament_prefix_path.sh
[1.021s] -- Up-to-date: /home/wheeltec/wheeltec_ros2/install/pcl_ros/share/pcl_ros/environment/ament_prefix_path.dsv
[1.021s] -- Up-to-date: /home/wheeltec/wheeltec_ros2/install/pcl_ros/share/pcl_ros/environment/path.sh
[1.022s] -- Up-to-date: /home/wheeltec/wheeltec_ros2/install/pcl_ros/share/pcl_ros/environment/path.dsv
[1.024s] -- Up-to-date: /home/wheeltec/wheeltec_ros2/install/pcl_ros/share/pcl_ros/local_setup.bash
[1.033s] -- Up-to-date: /home/wheeltec/wheeltec_ros2/install/pcl_ros/share/pcl_ros/local_setup.sh
[1.034s] -- Up-to-date: /home/wheeltec/wheeltec_ros2/install/pcl_ros/share/pcl_ros/local_setup.zsh
[1.034s] -- Up-to-date: /home/wheeltec/wheeltec_ros2/install/pcl_ros/share/pcl_ros/local_setup.dsv
[1.035s] -- Installing: /home/wheeltec/wheeltec_ros2/install/pcl_ros/share/pcl_ros/package.dsv
[1.035s] -- Up-to-date: /home/wheeltec/wheeltec_ros2/install/pcl_ros/share/ament_index/resource_index/packages/pcl_ros
[1.036s] -- Up-to-date: /home/wheeltec/wheeltec_ros2/install/pcl_ros/share/pcl_ros/cmake/export_pcl_rosExport.cmake
[1.047s] -- Up-to-date: /home/wheeltec/wheeltec_ros2/install/pcl_ros/share/pcl_ros/cmake/export_pcl_rosExport-noconfig.cmake
[1.047s] -- Up-to-date: /home/wheeltec/wheeltec_ros2/install/pcl_ros/share/pcl_ros/cmake/ament_cmake_export_include_directories-extras.cmake
[1.048s] -- Up-to-date: /home/wheeltec/wheeltec_ros2/install/pcl_ros/share/pcl_ros/cmake/ament_cmake_export_libraries-extras.cmake
[1.048s] -- Up-to-date: /home/wheeltec/wheeltec_ros2/install/pcl_ros/share/pcl_ros/cmake/ament_cmake_export_dependencies-extras.cmake
[1.048s] -- Up-to-date: /home/wheeltec/wheeltec_ros2/install/pcl_ros/share/pcl_ros/cmake/ament_cmake_export_targets-extras.cmake
[1.049s] -- Up-to-date: /home/wheeltec/wheeltec_ros2/install/pcl_ros/share/pcl_ros/cmake/pcl_rosConfig.cmake
[1.049s] -- Up-to-date: /home/wheeltec/wheeltec_ros2/install/pcl_ros/share/pcl_ros/cmake/pcl_rosConfig-version.cmake
[1.060s] -- Up-to-date: /home/wheeltec/wheeltec_ros2/install/pcl_ros/share/pcl_ros/package.xml
[1.062s] Invoked command in '/home/wheeltec/wheeltec_ros2/build/pcl_ros' returned '0': CMAKE_PREFIX_PATH=/home/wheeltec/wheeltec_ros2/install/pcl_conversions:/home/wheeltec/wheeltec_ros2/install/wheeltec_rrt_msg:/home/wheeltec/wheeltec_ros2/install/turn_on_wheeltec_robot:/home/wheeltec/wheeltec_ros2/install/wheeltec_robot_msg:/home/wheeltec/wheeltec_ros2/install/wheeltec_joy:/home/wheeltec/wheeltec_ros2/install/wheeltec_cartographer:/home/wheeltec/wheeltec_ros2/install/web_video_server:/home/wheeltec/wheeltec_ros2/install/usb_cam:/home/wheeltec/wheeltec_ros2/install/serial:/home/wheeltec/wheeltec_ros2/install/rplidar_ros2:/home/wheeltec/wheeltec_ros2/install/perception_pcl:/home/wheeltec/wheeltec_ros2/install/pcl_ros:/home/wheeltec/wheeltec_ros2/install/openslam_gmapping:/home/wheeltec/wheeltec_ros2/install/nav_2d_utils:/home/wheeltec/wheeltec_ros2/install/dwb_msgs:/home/wheeltec/wheeltec_ros2/install/nav_2d_msgs:/home/wheeltec/wheeltec_ros2/install/nav2_voxel_grid:/home/wheeltec/wheeltec_ros2/install/nav2_lifecycle_manager:/home/wheeltec/wheeltec_ros2/install/nav2_amcl:/home/wheeltec/wheeltec_ros2/install/nav2_util:/home/wheeltec/wheeltec_ros2/install/nav2_msgs:/home/wheeltec/wheeltec_ros2/install/nav2_common:/home/wheeltec/wheeltec_ros2/install/lsn10:/home/wheeltec/wheeltec_ros2/install/lsm10_v2:/home/wheeltec/wheeltec_ros2/install/lidar_ros2:/home/wheeltec/wheeltec_ros2/install/ldlidar_stl_ros2:/home/wheeltec/wheeltec_ros2/install/ldlidar_sl_ros2:/home/wheeltec/wheeltec_ros2/install/astra_msgs:/home/wheeltec/wheeltec_ros2/install/ar_track_alvar_msgs:/home/wheeltec/wheeltec_ros2/install/ackermann_msgs:/home/wheeltec/wheeltec_ros2/install/wheeltec_robot_keyboard:/home/wheeltec/wheeltec_ros2/install/tf2_tools:/home/wheeltec/wheeltec_ros2/install/nav2_gazebo_spawner:/opt/ros/galactic /usr/bin/cmake --install /home/wheeltec/wheeltec_ros2/build/pcl_ros
