[0.140s] Invoking command in '/home/wheeltec/wheeltec_ros2/build/nav2_behavior_tree': CMAKE_PREFIX_PATH=/home/wheeltec/wheeltec_ros2/install/nav2_util:/home/wheeltec/wheeltec_ros2/install/nav2_msgs:/home/wheeltec/wheeltec_ros2/install/nav2_common:/home/wheeltec/wheeltec_ros2/install/wheeltec_slam_toolbox:/home/wheeltec/wheeltec_ros2/install/wheeltec_rrt_msg:/home/wheeltec/wheeltec_ros2/install/wheeltec_robot_urdf:/home/wheeltec/wheeltec_ros2/install/wheeltec_robot_rtab:/home/wheeltec/wheeltec_ros2/install/wheeltec_robot_rrt:/home/wheeltec/wheeltec_ros2/install/turn_on_wheeltec_robot:/home/wheeltec/wheeltec_ros2/install/wheeltec_robot_msg:/home/wheeltec/wheeltec_ros2/install/wheeltec_nav2:/home/wheeltec/wheeltec_ros2/install/wheeltec_joy:/home/wheeltec/wheeltec_ros2/install/wheeltec_cartographer:/home/wheeltec/wheeltec_ros2/install/web_video_server:/home/wheeltec/wheeltec_ros2/install/usb_cam:/home/wheeltec/wheeltec_ros2/install/slam_gmapping:/home/wheeltec/wheeltec_ros2/install/serial:/home/wheeltec/wheeltec_ros2/install/rplidar_ros2:/home/wheeltec/wheeltec_ros2/install/ros2_astra_camera:/home/wheeltec/wheeltec_ros2/install/ar_track_alvar:/home/wheeltec/wheeltec_ros2/install/perception_pcl:/home/wheeltec/wheeltec_ros2/install/pcl_ros:/home/wheeltec/wheeltec_ros2/install/lslidar_driver:/home/wheeltec/wheeltec_ros2/install/pcl_conversions:/home/wheeltec/wheeltec_ros2/install/openslam_gmapping:/home/wheeltec/wheeltec_ros2/install/nav2_system_tests:/home/wheeltec/wheeltec_ros2/install/nav2_bringup:/home/wheeltec/wheeltec_ros2/install/navigation2:/home/wheeltec/wheeltec_ros2/install/nav2_dwb_controller:/home/wheeltec/wheeltec_ros2/install/nav2_controller:/home/wheeltec/wheeltec_ros2/install/dwb_plugins:/home/wheeltec/wheeltec_ros2/install/dwb_critics:/home/wheeltec/wheeltec_ros2/install/dwb_core:/home/wheeltec/wheeltec_ros2/install/nav_2d_utils:/home/wheeltec/wheeltec_ros2/install/dwb_msgs:/home/wheeltec/wheeltec_ros2/install/nav_2d_msgs:/home/wheeltec/wheeltec_ros2/install/nav2_waypoint_follower:/home/wheeltec/wheeltec_ros2/install/nav2_theta_star_planner:/home/wheeltec/wheeltec_ros2/install/nav2_smac_planner:/home/wheeltec/wheeltec_ros2/install/nav2_rotation_shim_controller:/home/wheeltec/wheeltec_ros2/install/nav2_regulated_pure_pursuit_controller:/home/wheeltec/wheeltec_ros2/install/nav2_recoveries:/home/wheeltec/wheeltec_ros2/install/nav2_planner:/home/wheeltec/wheeltec_ros2/install/nav2_navfn_planner:/home/wheeltec/wheeltec_ros2/install/nav2_bt_navigator:/home/wheeltec/wheeltec_ros2/install/nav2_core:/home/wheeltec/wheeltec_ros2/install/costmap_queue:/home/wheeltec/wheeltec_ros2/install/nav2_costmap_2d:/home/wheeltec/wheeltec_ros2/install/nav2_voxel_grid:/home/wheeltec/wheeltec_ros2/install/nav2_rviz_plugins:/home/wheeltec/wheeltec_ros2/install/nav2_map_server:/home/wheeltec/wheeltec_ros2/install/nav2_lifecycle_manager:/home/wheeltec/wheeltec_ros2/install/nav2_behavior_tree:/home/wheeltec/wheeltec_ros2/install/nav2_amcl:/home/wheeltec/wheeltec_ros2/install/lsn10:/home/wheeltec/wheeltec_ros2/install/lsm10_v2:/home/wheeltec/wheeltec_ros2/install/lslidar_msgs:/home/wheeltec/wheeltec_ros2/install/lidar_ros2:/home/wheeltec/wheeltec_ros2/install/ldlidar_stl_ros2:/home/wheeltec/wheeltec_ros2/install/ldlidar_sl_ros2:/home/wheeltec/wheeltec_ros2/install/astra_msgs:/home/wheeltec/wheeltec_ros2/install/astra_camera:/home/wheeltec/wheeltec_ros2/install/astra_camera_msgs:/home/wheeltec/wheeltec_ros2/install/ar_track_alvar_msgs:/home/wheeltec/wheeltec_ros2/install/ackermann_msgs:/home/wheeltec/wheeltec_ros2/install/simple_follower_ros2:/home/wheeltec/wheeltec_ros2/install/wheeltec_robot_keyboard:/home/wheeltec/wheeltec_ros2/install/tf2_tools:/home/wheeltec/wheeltec_ros2/install/nav2_simple_commander:/home/wheeltec/wheeltec_ros2/install/nav2_gazebo_spawner:/opt/ros/galactic LD_LIBRARY_PATH=/home/wheeltec/wheeltec_ros2/install/nav2_util/lib:/home/wheeltec/wheeltec_ros2/install/nav2_msgs/lib:/home/wheeltec/wheeltec_ros2/install/wheeltec_rrt_msg/lib:/home/wheeltec/wheeltec_ros2/install/wheeltec_robot_rrt/lib:/home/wheeltec/wheeltec_ros2/install/turn_on_wheeltec_robot/lib:/home/wheeltec/wheeltec_ros2/install/wheeltec_robot_msg/lib:/home/wheeltec/wheeltec_ros2/install/usb_cam/lib:/home/wheeltec/wheeltec_ros2/install/serial/lib:/home/wheeltec/wheeltec_ros2/install/ros2_astra_camera/lib:/home/wheeltec/wheeltec_ros2/install/ar_track_alvar/lib:/home/wheeltec/wheeltec_ros2/install/pcl_ros/lib:/home/wheeltec/wheeltec_ros2/install/openslam_gmapping/lib:/home/wheeltec/wheeltec_ros2/install/nav2_controller/lib:/home/wheeltec/wheeltec_ros2/install/dwb_plugins/lib:/home/wheeltec/wheeltec_ros2/install/dwb_critics/lib:/home/wheeltec/wheeltec_ros2/install/dwb_core/lib:/home/wheeltec/wheeltec_ros2/install/nav_2d_utils/lib:/home/wheeltec/wheeltec_ros2/install/dwb_msgs/lib:/home/wheeltec/wheeltec_ros2/install/nav_2d_msgs/lib:/home/wheeltec/wheeltec_ros2/install/nav2_waypoint_follower/lib:/home/wheeltec/wheeltec_ros2/install/nav2_theta_star_planner/lib:/home/wheeltec/wheeltec_ros2/install/nav2_smac_planner/lib:/home/wheeltec/wheeltec_ros2/install/nav2_rotation_shim_controller/lib:/home/wheeltec/wheeltec_ros2/install/nav2_regulated_pure_pursuit_controller/lib:/home/wheeltec/wheeltec_ros2/install/nav2_recoveries/lib:/home/wheeltec/wheeltec_ros2/install/nav2_planner/lib:/home/wheeltec/wheeltec_ros2/install/nav2_navfn_planner/lib:/home/wheeltec/wheeltec_ros2/install/nav2_bt_navigator/lib:/home/wheeltec/wheeltec_ros2/install/costmap_queue/lib:/home/wheeltec/wheeltec_ros2/install/nav2_costmap_2d/lib:/home/wheeltec/wheeltec_ros2/install/nav2_voxel_grid/lib:/home/wheeltec/wheeltec_ros2/install/nav2_rviz_plugins/lib:/home/wheeltec/wheeltec_ros2/install/nav2_map_server/lib:/home/wheeltec/wheeltec_ros2/install/nav2_lifecycle_manager/lib:/home/wheeltec/wheeltec_ros2/install/nav2_behavior_tree/lib:/home/wheeltec/wheeltec_ros2/install/nav2_amcl/lib:/home/wheeltec/wheeltec_ros2/install/lsm10_v2/lib:/home/wheeltec/wheeltec_ros2/install/lslidar_msgs/lib:/home/wheeltec/wheeltec_ros2/install/astra_msgs/lib:/home/wheeltec/wheeltec_ros2/install/astra_camera/lib:/home/wheeltec/wheeltec_ros2/install/astra_camera_msgs/lib:/home/wheeltec/wheeltec_ros2/install/ar_track_alvar_msgs/lib:/home/wheeltec/wheeltec_ros2/install/ackermann_msgs/lib:/usr/lib/aarch64-linux-gnu/gazebo-11/plugins:/opt/ros/galactic/opt/yaml_cpp_vendor/lib:/opt/ros/galactic/opt/rviz_ogre_vendor/lib:/opt/ros/galactic/lib/aarch64-linux-gnu:/opt/ros/galactic/lib:/home/wheeltec/wheeltec_ros2/src/ros2_astra_camera-main/ros2_astra_camera/lib/openni2_redist/x64 PYTHONPATH=/home/wheeltec/wheeltec_ros2/install/nav2_msgs/lib/python3.8/site-packages:/home/wheeltec/wheeltec_ros2/install/nav2_common/lib/python3.8/site-packages:/home/wheeltec/wheeltec_ros2/install/wheeltec_rrt_msg/lib/python3.8/site-packages:/home/wheeltec/wheeltec_ros2/install/simple_follower_ros2/lib/python3.8/site-packages:/home/wheeltec/wheeltec_ros2/install/turn_on_wheeltec_robot/lib/python3.8/site-packages:/home/wheeltec/wheeltec_ros2/install/wheeltec_robot_msg/lib/python3.8/site-packages:/home/wheeltec/wheeltec_ros2/install/wheeltec_robot_keyboard/lib/python3.8/site-packages:/home/wheeltec/wheeltec_ros2/install/tf2_tools/lib/python3.8/site-packages:/home/wheeltec/wheeltec_ros2/install/dwb_msgs/lib/python3.8/site-packages:/home/wheeltec/wheeltec_ros2/install/nav_2d_msgs/lib/python3.8/site-packages:/home/wheeltec/wheeltec_ros2/install/nav2_simple_commander/lib/python3.8/site-packages:/home/wheeltec/wheeltec_ros2/install/nav2_gazebo_spawner/lib/python3.8/site-packages:/home/wheeltec/wheeltec_ros2/install/lsm10_v2/lib/python3.8/site-packages:/home/wheeltec/wheeltec_ros2/install/lslidar_msgs/lib/python3.8/site-packages:/home/wheeltec/wheeltec_ros2/install/astra_msgs/lib/python3.8/site-packages:/home/wheeltec/wheeltec_ros2/install/astra_camera_msgs/lib/python3.8/site-packages:/home/wheeltec/wheeltec_ros2/install/ar_track_alvar_msgs/lib/python3.8/site-packages:/home/wheeltec/wheeltec_ros2/install/ackermann_msgs/lib/python3.8/site-packages:/opt/ros/galactic/lib/python3.8/site-packages /usr/bin/cmake --build /home/wheeltec/wheeltec_ros2/build/nav2_behavior_tree -- -j4 -l4
[0.771s] [  1%] Built target nav2_single_trigger_bt_node
[0.853s] [  2%] Built target nav2_planner_selector_bt_node
[0.995s] [  3%] Built target nav2_goal_checker_selector_bt_node
[1.036s] [  4%] Built target nav2_controller_selector_bt_node
[1.244s] [  6%] Built target nav2_pipeline_sequence_bt_node
[1.278s] [  7%] Built target nav2_transform_available_condition_bt_node
[1.368s] [  8%] Built target nav2_wait_action_bt_node
[1.416s] [  9%] Built target nav2_spin_action_bt_node
[1.710s] [ 10%] Built target nav2_goal_updated_condition_bt_node
[1.716s] [ 12%] Built target nav2_compute_path_to_pose_action_bt_node
[1.764s] [ 13%] Built target nav2_compute_path_through_poses_action_bt_node
[1.786s] [ 14%] Built target nav2_is_stuck_condition_bt_node
[2.084s] [ 16%] Built target nav2_follow_path_action_bt_node
[2.205s] [ 18%] Built target nav2_goal_reached_condition_bt_node
[2.284s] [ 20%] Built target nav2_goal_updater_node_bt_node
[2.284s] [ 21%] Built target nav2_behavior_tree
[2.594s] [ 23%] Built target nav2_round_robin_node_bt_node
[2.683s] [ 25%] Built target nav2_navigate_through_poses_action_bt_node
[2.704s] [ 26%] Built target nav2_initial_pose_received_condition_bt_node
[2.730s] [ 27%] Built target nav2_remove_passed_goals_action_bt_node
[3.156s] [ 28%] Built target nav2_distance_traveled_condition_bt_node
[3.163s] [ 30%] Built target nav2_is_battery_low_condition_bt_node
[3.175s] [ 32%] Built target nav2_time_expired_condition_bt_node
[3.400s] [ 34%] Built target nav2_reinitialize_global_localization_service_bt_node
[3.698s] [ 36%] Built target nav2_rate_controller_bt_node
[3.707s] [ 38%] Built target nav2_distance_controller_bt_node
[3.751s] [ 40%] Built target nav2_clear_costmap_service_bt_node
[3.982s] [ 42%] Built target nav2_speed_controller_bt_node
[4.175s] [ 44%] Built target nav2_truncate_path_action_bt_node
[4.272s] [ 45%] Built target nav2_navigate_to_pose_action_bt_node
[4.357s] [ 47%] Built target nav2_back_up_action_bt_node
[4.392s] [ 48%] Built target nav2_recovery_node_bt_node
[4.498s] [ 49%] Built target gtest
[4.583s] [ 50%] Built target gtest_main
[4.837s] [ 51%] Built target test_bt_conversions
[4.874s] [ 53%] Built target test_condition_distance_traveled
[5.118s] [ 55%] Built target test_condition_goal_updated
[5.276s] [ 57%] Built target test_condition_is_battery_low
[5.346s] [ 59%] Built target test_condition_time_expired
[5.384s] [ 60%] Built target test_condition_initial_pose_received
[5.436s] [ 61%] Built target test_condition_transform_available
[5.523s] [ 62%] Built target test_condition_is_stuck
[5.687s] [ 63%] Built target test_condition_goal_reached
[5.760s] [ 65%] Built target test_goal_updater_node
[5.773s] [ 66%] Built target test_single_trigger_node
[5.972s] [ 67%] Built target test_decorator_rate_controller
[6.060s] [ 69%] Built target test_decorator_speed_controller
[6.098s] [ 71%] Built target test_decorator_distance_controller
[6.185s] [ 73%] Built target test_control_round_robin_node
[6.275s] [ 75%] Built target test_control_pipeline_sequence
[6.367s] [ 76%] Built target test_control_recovery_node
[6.431s] [ 77%] Built target test_goal_checker_selector_node
[6.592s] [ 78%] Built target test_planner_selector_node
[6.645s] [ 79%] Built target test_controller_selector_node
[6.705s] [ 81%] Built target test_action_spin_action
[6.808s] [ 83%] Built target test_bt_action_node
[6.876s] [ 85%] Built target test_action_back_up_action
[7.016s] [ 86%] Built target test_action_wait_action
[7.047s] [ 87%] Built target test_action_clear_costmap_service
[7.236s] [ 88%] Built target test_action_compute_path_to_pose_action
[7.239s] [ 89%] Built target test_action_reinitialize_global_localization_service
[7.425s] [ 91%] Built target test_action_compute_path_through_poses_action
[7.464s] [ 93%] Built target test_action_follow_path_action
[7.547s] [ 94%] Built target test_action_navigate_through_poses_action
[7.575s] [ 96%] Built target test_truncate_path_action
[7.723s] [ 98%] Built target test_remove_passed_goals_action
[7.738s] [100%] Built target test_action_navigate_to_pose_action
[7.808s] Invoked command in '/home/wheeltec/wheeltec_ros2/build/nav2_behavior_tree' returned '0': CMAKE_PREFIX_PATH=/home/wheeltec/wheeltec_ros2/install/nav2_util:/home/wheeltec/wheeltec_ros2/install/nav2_msgs:/home/wheeltec/wheeltec_ros2/install/nav2_common:/home/wheeltec/wheeltec_ros2/install/wheeltec_slam_toolbox:/home/wheeltec/wheeltec_ros2/install/wheeltec_rrt_msg:/home/wheeltec/wheeltec_ros2/install/wheeltec_robot_urdf:/home/wheeltec/wheeltec_ros2/install/wheeltec_robot_rtab:/home/wheeltec/wheeltec_ros2/install/wheeltec_robot_rrt:/home/wheeltec/wheeltec_ros2/install/turn_on_wheeltec_robot:/home/wheeltec/wheeltec_ros2/install/wheeltec_robot_msg:/home/wheeltec/wheeltec_ros2/install/wheeltec_nav2:/home/wheeltec/wheeltec_ros2/install/wheeltec_joy:/home/wheeltec/wheeltec_ros2/install/wheeltec_cartographer:/home/wheeltec/wheeltec_ros2/install/web_video_server:/home/wheeltec/wheeltec_ros2/install/usb_cam:/home/wheeltec/wheeltec_ros2/install/slam_gmapping:/home/wheeltec/wheeltec_ros2/install/serial:/home/wheeltec/wheeltec_ros2/install/rplidar_ros2:/home/wheeltec/wheeltec_ros2/install/ros2_astra_camera:/home/wheeltec/wheeltec_ros2/install/ar_track_alvar:/home/wheeltec/wheeltec_ros2/install/perception_pcl:/home/wheeltec/wheeltec_ros2/install/pcl_ros:/home/wheeltec/wheeltec_ros2/install/lslidar_driver:/home/wheeltec/wheeltec_ros2/install/pcl_conversions:/home/wheeltec/wheeltec_ros2/install/openslam_gmapping:/home/wheeltec/wheeltec_ros2/install/nav2_system_tests:/home/wheeltec/wheeltec_ros2/install/nav2_bringup:/home/wheeltec/wheeltec_ros2/install/navigation2:/home/wheeltec/wheeltec_ros2/install/nav2_dwb_controller:/home/wheeltec/wheeltec_ros2/install/nav2_controller:/home/wheeltec/wheeltec_ros2/install/dwb_plugins:/home/wheeltec/wheeltec_ros2/install/dwb_critics:/home/wheeltec/wheeltec_ros2/install/dwb_core:/home/wheeltec/wheeltec_ros2/install/nav_2d_utils:/home/wheeltec/wheeltec_ros2/install/dwb_msgs:/home/wheeltec/wheeltec_ros2/install/nav_2d_msgs:/home/wheeltec/wheeltec_ros2/install/nav2_waypoint_follower:/home/wheeltec/wheeltec_ros2/install/nav2_theta_star_planner:/home/wheeltec/wheeltec_ros2/install/nav2_smac_planner:/home/wheeltec/wheeltec_ros2/install/nav2_rotation_shim_controller:/home/wheeltec/wheeltec_ros2/install/nav2_regulated_pure_pursuit_controller:/home/wheeltec/wheeltec_ros2/install/nav2_recoveries:/home/wheeltec/wheeltec_ros2/install/nav2_planner:/home/wheeltec/wheeltec_ros2/install/nav2_navfn_planner:/home/wheeltec/wheeltec_ros2/install/nav2_bt_navigator:/home/wheeltec/wheeltec_ros2/install/nav2_core:/home/wheeltec/wheeltec_ros2/install/costmap_queue:/home/wheeltec/wheeltec_ros2/install/nav2_costmap_2d:/home/wheeltec/wheeltec_ros2/install/nav2_voxel_grid:/home/wheeltec/wheeltec_ros2/install/nav2_rviz_plugins:/home/wheeltec/wheeltec_ros2/install/nav2_map_server:/home/wheeltec/wheeltec_ros2/install/nav2_lifecycle_manager:/home/wheeltec/wheeltec_ros2/install/nav2_behavior_tree:/home/wheeltec/wheeltec_ros2/install/nav2_amcl:/home/wheeltec/wheeltec_ros2/install/lsn10:/home/wheeltec/wheeltec_ros2/install/lsm10_v2:/home/wheeltec/wheeltec_ros2/install/lslidar_msgs:/home/wheeltec/wheeltec_ros2/install/lidar_ros2:/home/wheeltec/wheeltec_ros2/install/ldlidar_stl_ros2:/home/wheeltec/wheeltec_ros2/install/ldlidar_sl_ros2:/home/wheeltec/wheeltec_ros2/install/astra_msgs:/home/wheeltec/wheeltec_ros2/install/astra_camera:/home/wheeltec/wheeltec_ros2/install/astra_camera_msgs:/home/wheeltec/wheeltec_ros2/install/ar_track_alvar_msgs:/home/wheeltec/wheeltec_ros2/install/ackermann_msgs:/home/wheeltec/wheeltec_ros2/install/simple_follower_ros2:/home/wheeltec/wheeltec_ros2/install/wheeltec_robot_keyboard:/home/wheeltec/wheeltec_ros2/install/tf2_tools:/home/wheeltec/wheeltec_ros2/install/nav2_simple_commander:/home/wheeltec/wheeltec_ros2/install/nav2_gazebo_spawner:/opt/ros/galactic LD_LIBRARY_PATH=/home/wheeltec/wheeltec_ros2/install/nav2_util/lib:/home/wheeltec/wheeltec_ros2/install/nav2_msgs/lib:/home/wheeltec/wheeltec_ros2/install/wheeltec_rrt_msg/lib:/home/wheeltec/wheeltec_ros2/install/wheeltec_robot_rrt/lib:/home/wheeltec/wheeltec_ros2/install/turn_on_wheeltec_robot/lib:/home/wheeltec/wheeltec_ros2/install/wheeltec_robot_msg/lib:/home/wheeltec/wheeltec_ros2/install/usb_cam/lib:/home/wheeltec/wheeltec_ros2/install/serial/lib:/home/wheeltec/wheeltec_ros2/install/ros2_astra_camera/lib:/home/wheeltec/wheeltec_ros2/install/ar_track_alvar/lib:/home/wheeltec/wheeltec_ros2/install/pcl_ros/lib:/home/wheeltec/wheeltec_ros2/install/openslam_gmapping/lib:/home/wheeltec/wheeltec_ros2/install/nav2_controller/lib:/home/wheeltec/wheeltec_ros2/install/dwb_plugins/lib:/home/wheeltec/wheeltec_ros2/install/dwb_critics/lib:/home/wheeltec/wheeltec_ros2/install/dwb_core/lib:/home/wheeltec/wheeltec_ros2/install/nav_2d_utils/lib:/home/wheeltec/wheeltec_ros2/install/dwb_msgs/lib:/home/wheeltec/wheeltec_ros2/install/nav_2d_msgs/lib:/home/wheeltec/wheeltec_ros2/install/nav2_waypoint_follower/lib:/home/wheeltec/wheeltec_ros2/install/nav2_theta_star_planner/lib:/home/wheeltec/wheeltec_ros2/install/nav2_smac_planner/lib:/home/wheeltec/wheeltec_ros2/install/nav2_rotation_shim_controller/lib:/home/wheeltec/wheeltec_ros2/install/nav2_regulated_pure_pursuit_controller/lib:/home/wheeltec/wheeltec_ros2/install/nav2_recoveries/lib:/home/wheeltec/wheeltec_ros2/install/nav2_planner/lib:/home/wheeltec/wheeltec_ros2/install/nav2_navfn_planner/lib:/home/wheeltec/wheeltec_ros2/install/nav2_bt_navigator/lib:/home/wheeltec/wheeltec_ros2/install/costmap_queue/lib:/home/wheeltec/wheeltec_ros2/install/nav2_costmap_2d/lib:/home/wheeltec/wheeltec_ros2/install/nav2_voxel_grid/lib:/home/wheeltec/wheeltec_ros2/install/nav2_rviz_plugins/lib:/home/wheeltec/wheeltec_ros2/install/nav2_map_server/lib:/home/wheeltec/wheeltec_ros2/install/nav2_lifecycle_manager/lib:/home/wheeltec/wheeltec_ros2/install/nav2_behavior_tree/lib:/home/wheeltec/wheeltec_ros2/install/nav2_amcl/lib:/home/wheeltec/wheeltec_ros2/install/lsm10_v2/lib:/home/wheeltec/wheeltec_ros2/install/lslidar_msgs/lib:/home/wheeltec/wheeltec_ros2/install/astra_msgs/lib:/home/wheeltec/wheeltec_ros2/install/astra_camera/lib:/home/wheeltec/wheeltec_ros2/install/astra_camera_msgs/lib:/home/wheeltec/wheeltec_ros2/install/ar_track_alvar_msgs/lib:/home/wheeltec/wheeltec_ros2/install/ackermann_msgs/lib:/usr/lib/aarch64-linux-gnu/gazebo-11/plugins:/opt/ros/galactic/opt/yaml_cpp_vendor/lib:/opt/ros/galactic/opt/rviz_ogre_vendor/lib:/opt/ros/galactic/lib/aarch64-linux-gnu:/opt/ros/galactic/lib:/home/wheeltec/wheeltec_ros2/src/ros2_astra_camera-main/ros2_astra_camera/lib/openni2_redist/x64 PYTHONPATH=/home/wheeltec/wheeltec_ros2/install/nav2_msgs/lib/python3.8/site-packages:/home/wheeltec/wheeltec_ros2/install/nav2_common/lib/python3.8/site-packages:/home/wheeltec/wheeltec_ros2/install/wheeltec_rrt_msg/lib/python3.8/site-packages:/home/wheeltec/wheeltec_ros2/install/simple_follower_ros2/lib/python3.8/site-packages:/home/wheeltec/wheeltec_ros2/install/turn_on_wheeltec_robot/lib/python3.8/site-packages:/home/wheeltec/wheeltec_ros2/install/wheeltec_robot_msg/lib/python3.8/site-packages:/home/wheeltec/wheeltec_ros2/install/wheeltec_robot_keyboard/lib/python3.8/site-packages:/home/wheeltec/wheeltec_ros2/install/tf2_tools/lib/python3.8/site-packages:/home/wheeltec/wheeltec_ros2/install/dwb_msgs/lib/python3.8/site-packages:/home/wheeltec/wheeltec_ros2/install/nav_2d_msgs/lib/python3.8/site-packages:/home/wheeltec/wheeltec_ros2/install/nav2_simple_commander/lib/python3.8/site-packages:/home/wheeltec/wheeltec_ros2/install/nav2_gazebo_spawner/lib/python3.8/site-packages:/home/wheeltec/wheeltec_ros2/install/lsm10_v2/lib/python3.8/site-packages:/home/wheeltec/wheeltec_ros2/install/lslidar_msgs/lib/python3.8/site-packages:/home/wheeltec/wheeltec_ros2/install/astra_msgs/lib/python3.8/site-packages:/home/wheeltec/wheeltec_ros2/install/astra_camera_msgs/lib/python3.8/site-packages:/home/wheeltec/wheeltec_ros2/install/ar_track_alvar_msgs/lib/python3.8/site-packages:/home/wheeltec/wheeltec_ros2/install/ackermann_msgs/lib/python3.8/site-packages:/opt/ros/galactic/lib/python3.8/site-packages /usr/bin/cmake --build /home/wheeltec/wheeltec_ros2/build/nav2_behavior_tree -- -j4 -l4
[9.076s] Invoking command in '/home/wheeltec/wheeltec_ros2/build/nav2_behavior_tree': CMAKE_PREFIX_PATH=/home/wheeltec/wheeltec_ros2/install/nav2_util:/home/wheeltec/wheeltec_ros2/install/nav2_msgs:/home/wheeltec/wheeltec_ros2/install/nav2_common:/home/wheeltec/wheeltec_ros2/install/wheeltec_slam_toolbox:/home/wheeltec/wheeltec_ros2/install/wheeltec_rrt_msg:/home/wheeltec/wheeltec_ros2/install/wheeltec_robot_urdf:/home/wheeltec/wheeltec_ros2/install/wheeltec_robot_rtab:/home/wheeltec/wheeltec_ros2/install/wheeltec_robot_rrt:/home/wheeltec/wheeltec_ros2/install/turn_on_wheeltec_robot:/home/wheeltec/wheeltec_ros2/install/wheeltec_robot_msg:/home/wheeltec/wheeltec_ros2/install/wheeltec_nav2:/home/wheeltec/wheeltec_ros2/install/wheeltec_joy:/home/wheeltec/wheeltec_ros2/install/wheeltec_cartographer:/home/wheeltec/wheeltec_ros2/install/web_video_server:/home/wheeltec/wheeltec_ros2/install/usb_cam:/home/wheeltec/wheeltec_ros2/install/slam_gmapping:/home/wheeltec/wheeltec_ros2/install/serial:/home/wheeltec/wheeltec_ros2/install/rplidar_ros2:/home/wheeltec/wheeltec_ros2/install/ros2_astra_camera:/home/wheeltec/wheeltec_ros2/install/ar_track_alvar:/home/wheeltec/wheeltec_ros2/install/perception_pcl:/home/wheeltec/wheeltec_ros2/install/pcl_ros:/home/wheeltec/wheeltec_ros2/install/lslidar_driver:/home/wheeltec/wheeltec_ros2/install/pcl_conversions:/home/wheeltec/wheeltec_ros2/install/openslam_gmapping:/home/wheeltec/wheeltec_ros2/install/nav2_system_tests:/home/wheeltec/wheeltec_ros2/install/nav2_bringup:/home/wheeltec/wheeltec_ros2/install/navigation2:/home/wheeltec/wheeltec_ros2/install/nav2_dwb_controller:/home/wheeltec/wheeltec_ros2/install/nav2_controller:/home/wheeltec/wheeltec_ros2/install/dwb_plugins:/home/wheeltec/wheeltec_ros2/install/dwb_critics:/home/wheeltec/wheeltec_ros2/install/dwb_core:/home/wheeltec/wheeltec_ros2/install/nav_2d_utils:/home/wheeltec/wheeltec_ros2/install/dwb_msgs:/home/wheeltec/wheeltec_ros2/install/nav_2d_msgs:/home/wheeltec/wheeltec_ros2/install/nav2_waypoint_follower:/home/wheeltec/wheeltec_ros2/install/nav2_theta_star_planner:/home/wheeltec/wheeltec_ros2/install/nav2_smac_planner:/home/wheeltec/wheeltec_ros2/install/nav2_rotation_shim_controller:/home/wheeltec/wheeltec_ros2/install/nav2_regulated_pure_pursuit_controller:/home/wheeltec/wheeltec_ros2/install/nav2_recoveries:/home/wheeltec/wheeltec_ros2/install/nav2_planner:/home/wheeltec/wheeltec_ros2/install/nav2_navfn_planner:/home/wheeltec/wheeltec_ros2/install/nav2_bt_navigator:/home/wheeltec/wheeltec_ros2/install/nav2_core:/home/wheeltec/wheeltec_ros2/install/costmap_queue:/home/wheeltec/wheeltec_ros2/install/nav2_costmap_2d:/home/wheeltec/wheeltec_ros2/install/nav2_voxel_grid:/home/wheeltec/wheeltec_ros2/install/nav2_rviz_plugins:/home/wheeltec/wheeltec_ros2/install/nav2_map_server:/home/wheeltec/wheeltec_ros2/install/nav2_lifecycle_manager:/home/wheeltec/wheeltec_ros2/install/nav2_behavior_tree:/home/wheeltec/wheeltec_ros2/install/nav2_amcl:/home/wheeltec/wheeltec_ros2/install/lsn10:/home/wheeltec/wheeltec_ros2/install/lsm10_v2:/home/wheeltec/wheeltec_ros2/install/lslidar_msgs:/home/wheeltec/wheeltec_ros2/install/lidar_ros2:/home/wheeltec/wheeltec_ros2/install/ldlidar_stl_ros2:/home/wheeltec/wheeltec_ros2/install/ldlidar_sl_ros2:/home/wheeltec/wheeltec_ros2/install/astra_msgs:/home/wheeltec/wheeltec_ros2/install/astra_camera:/home/wheeltec/wheeltec_ros2/install/astra_camera_msgs:/home/wheeltec/wheeltec_ros2/install/ar_track_alvar_msgs:/home/wheeltec/wheeltec_ros2/install/ackermann_msgs:/home/wheeltec/wheeltec_ros2/install/simple_follower_ros2:/home/wheeltec/wheeltec_ros2/install/wheeltec_robot_keyboard:/home/wheeltec/wheeltec_ros2/install/tf2_tools:/home/wheeltec/wheeltec_ros2/install/nav2_simple_commander:/home/wheeltec/wheeltec_ros2/install/nav2_gazebo_spawner:/opt/ros/galactic LD_LIBRARY_PATH=/home/wheeltec/wheeltec_ros2/install/nav2_util/lib:/home/wheeltec/wheeltec_ros2/install/nav2_msgs/lib:/home/wheeltec/wheeltec_ros2/install/wheeltec_rrt_msg/lib:/home/wheeltec/wheeltec_ros2/install/wheeltec_robot_rrt/lib:/home/wheeltec/wheeltec_ros2/install/turn_on_wheeltec_robot/lib:/home/wheeltec/wheeltec_ros2/install/wheeltec_robot_msg/lib:/home/wheeltec/wheeltec_ros2/install/usb_cam/lib:/home/wheeltec/wheeltec_ros2/install/serial/lib:/home/wheeltec/wheeltec_ros2/install/ros2_astra_camera/lib:/home/wheeltec/wheeltec_ros2/install/ar_track_alvar/lib:/home/wheeltec/wheeltec_ros2/install/pcl_ros/lib:/home/wheeltec/wheeltec_ros2/install/openslam_gmapping/lib:/home/wheeltec/wheeltec_ros2/install/nav2_controller/lib:/home/wheeltec/wheeltec_ros2/install/dwb_plugins/lib:/home/wheeltec/wheeltec_ros2/install/dwb_critics/lib:/home/wheeltec/wheeltec_ros2/install/dwb_core/lib:/home/wheeltec/wheeltec_ros2/install/nav_2d_utils/lib:/home/wheeltec/wheeltec_ros2/install/dwb_msgs/lib:/home/wheeltec/wheeltec_ros2/install/nav_2d_msgs/lib:/home/wheeltec/wheeltec_ros2/install/nav2_waypoint_follower/lib:/home/wheeltec/wheeltec_ros2/install/nav2_theta_star_planner/lib:/home/wheeltec/wheeltec_ros2/install/nav2_smac_planner/lib:/home/wheeltec/wheeltec_ros2/install/nav2_rotation_shim_controller/lib:/home/wheeltec/wheeltec_ros2/install/nav2_regulated_pure_pursuit_controller/lib:/home/wheeltec/wheeltec_ros2/install/nav2_recoveries/lib:/home/wheeltec/wheeltec_ros2/install/nav2_planner/lib:/home/wheeltec/wheeltec_ros2/install/nav2_navfn_planner/lib:/home/wheeltec/wheeltec_ros2/install/nav2_bt_navigator/lib:/home/wheeltec/wheeltec_ros2/install/costmap_queue/lib:/home/wheeltec/wheeltec_ros2/install/nav2_costmap_2d/lib:/home/wheeltec/wheeltec_ros2/install/nav2_voxel_grid/lib:/home/wheeltec/wheeltec_ros2/install/nav2_rviz_plugins/lib:/home/wheeltec/wheeltec_ros2/install/nav2_map_server/lib:/home/wheeltec/wheeltec_ros2/install/nav2_lifecycle_manager/lib:/home/wheeltec/wheeltec_ros2/install/nav2_behavior_tree/lib:/home/wheeltec/wheeltec_ros2/install/nav2_amcl/lib:/home/wheeltec/wheeltec_ros2/install/lsm10_v2/lib:/home/wheeltec/wheeltec_ros2/install/lslidar_msgs/lib:/home/wheeltec/wheeltec_ros2/install/astra_msgs/lib:/home/wheeltec/wheeltec_ros2/install/astra_camera/lib:/home/wheeltec/wheeltec_ros2/install/astra_camera_msgs/lib:/home/wheeltec/wheeltec_ros2/install/ar_track_alvar_msgs/lib:/home/wheeltec/wheeltec_ros2/install/ackermann_msgs/lib:/usr/lib/aarch64-linux-gnu/gazebo-11/plugins:/opt/ros/galactic/opt/yaml_cpp_vendor/lib:/opt/ros/galactic/opt/rviz_ogre_vendor/lib:/opt/ros/galactic/lib/aarch64-linux-gnu:/opt/ros/galactic/lib:/home/wheeltec/wheeltec_ros2/src/ros2_astra_camera-main/ros2_astra_camera/lib/openni2_redist/x64 PYTHONPATH=/home/wheeltec/wheeltec_ros2/install/nav2_msgs/lib/python3.8/site-packages:/home/wheeltec/wheeltec_ros2/install/nav2_common/lib/python3.8/site-packages:/home/wheeltec/wheeltec_ros2/install/wheeltec_rrt_msg/lib/python3.8/site-packages:/home/wheeltec/wheeltec_ros2/install/simple_follower_ros2/lib/python3.8/site-packages:/home/wheeltec/wheeltec_ros2/install/turn_on_wheeltec_robot/lib/python3.8/site-packages:/home/wheeltec/wheeltec_ros2/install/wheeltec_robot_msg/lib/python3.8/site-packages:/home/wheeltec/wheeltec_ros2/install/wheeltec_robot_keyboard/lib/python3.8/site-packages:/home/wheeltec/wheeltec_ros2/install/tf2_tools/lib/python3.8/site-packages:/home/wheeltec/wheeltec_ros2/install/dwb_msgs/lib/python3.8/site-packages:/home/wheeltec/wheeltec_ros2/install/nav_2d_msgs/lib/python3.8/site-packages:/home/wheeltec/wheeltec_ros2/install/nav2_simple_commander/lib/python3.8/site-packages:/home/wheeltec/wheeltec_ros2/install/nav2_gazebo_spawner/lib/python3.8/site-packages:/home/wheeltec/wheeltec_ros2/install/lsm10_v2/lib/python3.8/site-packages:/home/wheeltec/wheeltec_ros2/install/lslidar_msgs/lib/python3.8/site-packages:/home/wheeltec/wheeltec_ros2/install/astra_msgs/lib/python3.8/site-packages:/home/wheeltec/wheeltec_ros2/install/astra_camera_msgs/lib/python3.8/site-packages:/home/wheeltec/wheeltec_ros2/install/ar_track_alvar_msgs/lib/python3.8/site-packages:/home/wheeltec/wheeltec_ros2/install/ackermann_msgs/lib/python3.8/site-packages:/opt/ros/galactic/lib/python3.8/site-packages /usr/bin/cmake --install /home/wheeltec/wheeltec_ros2/build/nav2_behavior_tree
[9.145s] -- Install configuration: "Release"
[9.149s] -- Up-to-date: /home/wheeltec/wheeltec_ros2/install/nav2_behavior_tree/lib/libnav2_behavior_tree.so
[9.156s] -- Up-to-date: /home/wheeltec/wheeltec_ros2/install/nav2_behavior_tree/lib/libnav2_compute_path_to_pose_action_bt_node.so
[9.159s] -- Up-to-date: /home/wheeltec/wheeltec_ros2/install/nav2_behavior_tree/lib/libnav2_compute_path_through_poses_action_bt_node.so
[9.163s] -- Up-to-date: /home/wheeltec/wheeltec_ros2/install/nav2_behavior_tree/lib/libnav2_follow_path_action_bt_node.so
[9.167s] -- Up-to-date: /home/wheeltec/wheeltec_ros2/install/nav2_behavior_tree/lib/libnav2_back_up_action_bt_node.so
[9.170s] -- Up-to-date: /home/wheeltec/wheeltec_ros2/install/nav2_behavior_tree/lib/libnav2_spin_action_bt_node.so
[9.173s] -- Up-to-date: /home/wheeltec/wheeltec_ros2/install/nav2_behavior_tree/lib/libnav2_wait_action_bt_node.so
[9.177s] -- Up-to-date: /home/wheeltec/wheeltec_ros2/install/nav2_behavior_tree/lib/libnav2_clear_costmap_service_bt_node.so
[9.216s] -- Up-to-date: /home/wheeltec/wheeltec_ros2/install/nav2_behavior_tree/lib/libnav2_is_stuck_condition_bt_node.so
[9.220s] -- Up-to-date: /home/wheeltec/wheeltec_ros2/install/nav2_behavior_tree/lib/libnav2_transform_available_condition_bt_node.so
[9.223s] -- Up-to-date: /home/wheeltec/wheeltec_ros2/install/nav2_behavior_tree/lib/libnav2_goal_reached_condition_bt_node.so
[9.226s] -- Up-to-date: /home/wheeltec/wheeltec_ros2/install/nav2_behavior_tree/lib/libnav2_goal_updated_condition_bt_node.so
[9.227s] -- Up-to-date: /home/wheeltec/wheeltec_ros2/install/nav2_behavior_tree/lib/libnav2_time_expired_condition_bt_node.so
[9.228s] -- Up-to-date: /home/wheeltec/wheeltec_ros2/install/nav2_behavior_tree/lib/libnav2_distance_traveled_condition_bt_node.so
[9.229s] -- Up-to-date: /home/wheeltec/wheeltec_ros2/install/nav2_behavior_tree/lib/libnav2_initial_pose_received_condition_bt_node.so
[9.230s] -- Up-to-date: /home/wheeltec/wheeltec_ros2/install/nav2_behavior_tree/lib/libnav2_is_battery_low_condition_bt_node.so
[9.230s] -- Up-to-date: /home/wheeltec/wheeltec_ros2/install/nav2_behavior_tree/lib/libnav2_reinitialize_global_localization_service_bt_node.so
[9.231s] -- Up-to-date: /home/wheeltec/wheeltec_ros2/install/nav2_behavior_tree/lib/libnav2_rate_controller_bt_node.so
[9.240s] -- Up-to-date: /home/wheeltec/wheeltec_ros2/install/nav2_behavior_tree/lib/libnav2_distance_controller_bt_node.so
[9.242s] -- Up-to-date: /home/wheeltec/wheeltec_ros2/install/nav2_behavior_tree/lib/libnav2_speed_controller_bt_node.so
[9.252s] -- Up-to-date: /home/wheeltec/wheeltec_ros2/install/nav2_behavior_tree/lib/libnav2_truncate_path_action_bt_node.so
[9.255s] -- Up-to-date: /home/wheeltec/wheeltec_ros2/install/nav2_behavior_tree/lib/libnav2_goal_updater_node_bt_node.so
[9.258s] -- Up-to-date: /home/wheeltec/wheeltec_ros2/install/nav2_behavior_tree/lib/libnav2_recovery_node_bt_node.so
[9.263s] -- Up-to-date: /home/wheeltec/wheeltec_ros2/install/nav2_behavior_tree/lib/libnav2_navigate_to_pose_action_bt_node.so
[9.266s] -- Up-to-date: /home/wheeltec/wheeltec_ros2/install/nav2_behavior_tree/lib/libnav2_navigate_through_poses_action_bt_node.so
[9.271s] -- Up-to-date: /home/wheeltec/wheeltec_ros2/install/nav2_behavior_tree/lib/libnav2_remove_passed_goals_action_bt_node.so
[9.274s] -- Up-to-date: /home/wheeltec/wheeltec_ros2/install/nav2_behavior_tree/lib/libnav2_pipeline_sequence_bt_node.so
[9.277s] -- Up-to-date: /home/wheeltec/wheeltec_ros2/install/nav2_behavior_tree/lib/libnav2_round_robin_node_bt_node.so
[9.280s] -- Up-to-date: /home/wheeltec/wheeltec_ros2/install/nav2_behavior_tree/lib/libnav2_single_trigger_bt_node.so
[9.283s] -- Up-to-date: /home/wheeltec/wheeltec_ros2/install/nav2_behavior_tree/lib/libnav2_planner_selector_bt_node.so
[9.287s] -- Up-to-date: /home/wheeltec/wheeltec_ros2/install/nav2_behavior_tree/lib/libnav2_controller_selector_bt_node.so
[9.290s] -- Up-to-date: /home/wheeltec/wheeltec_ros2/install/nav2_behavior_tree/lib/libnav2_goal_checker_selector_bt_node.so
[9.291s] -- Up-to-date: /home/wheeltec/wheeltec_ros2/install/nav2_behavior_tree/include/
[9.292s] -- Up-to-date: /home/wheeltec/wheeltec_ros2/install/nav2_behavior_tree/include//nav2_behavior_tree
[9.293s] -- Up-to-date: /home/wheeltec/wheeltec_ros2/install/nav2_behavior_tree/include//nav2_behavior_tree/bt_action_server.hpp
[9.294s] -- Up-to-date: /home/wheeltec/wheeltec_ros2/install/nav2_behavior_tree/include//nav2_behavior_tree/behavior_tree_engine.hpp
[9.294s] -- Up-to-date: /home/wheeltec/wheeltec_ros2/install/nav2_behavior_tree/include//nav2_behavior_tree/bt_conversions.hpp
[9.295s] -- Up-to-date: /home/wheeltec/wheeltec_ros2/install/nav2_behavior_tree/include//nav2_behavior_tree/plugins
[9.296s] -- Up-to-date: /home/wheeltec/wheeltec_ros2/install/nav2_behavior_tree/include//nav2_behavior_tree/plugins/decorator
[9.296s] -- Up-to-date: /home/wheeltec/wheeltec_ros2/install/nav2_behavior_tree/include//nav2_behavior_tree/plugins/decorator/speed_controller.hpp
[9.297s] -- Up-to-date: /home/wheeltec/wheeltec_ros2/install/nav2_behavior_tree/include//nav2_behavior_tree/plugins/decorator/rate_controller.hpp
[9.298s] -- Up-to-date: /home/wheeltec/wheeltec_ros2/install/nav2_behavior_tree/include//nav2_behavior_tree/plugins/decorator/goal_updater_node.hpp
[9.299s] -- Up-to-date: /home/wheeltec/wheeltec_ros2/install/nav2_behavior_tree/include//nav2_behavior_tree/plugins/decorator/single_trigger_node.hpp
[9.300s] -- Up-to-date: /home/wheeltec/wheeltec_ros2/install/nav2_behavior_tree/include//nav2_behavior_tree/plugins/decorator/distance_controller.hpp
[9.310s] -- Up-to-date: /home/wheeltec/wheeltec_ros2/install/nav2_behavior_tree/include//nav2_behavior_tree/plugins/action
[9.311s] -- Up-to-date: /home/wheeltec/wheeltec_ros2/install/nav2_behavior_tree/include//nav2_behavior_tree/plugins/action/back_up_action.hpp
[9.311s] -- Up-to-date: /home/wheeltec/wheeltec_ros2/install/nav2_behavior_tree/include//nav2_behavior_tree/plugins/action/clear_costmap_service.hpp
[9.312s] -- Up-to-date: /home/wheeltec/wheeltec_ros2/install/nav2_behavior_tree/include//nav2_behavior_tree/plugins/action/compute_path_to_pose_action.hpp
[9.312s] -- Up-to-date: /home/wheeltec/wheeltec_ros2/install/nav2_behavior_tree/include//nav2_behavior_tree/plugins/action/navigate_to_pose_action.hpp
[9.313s] -- Up-to-date: /home/wheeltec/wheeltec_ros2/install/nav2_behavior_tree/include//nav2_behavior_tree/plugins/action/compute_path_through_poses_action.hpp
[9.313s] -- Up-to-date: /home/wheeltec/wheeltec_ros2/install/nav2_behavior_tree/include//nav2_behavior_tree/plugins/action/remove_passed_goals_action.hpp
[9.314s] -- Up-to-date: /home/wheeltec/wheeltec_ros2/install/nav2_behavior_tree/include//nav2_behavior_tree/plugins/action/spin_action.hpp
[9.314s] -- Up-to-date: /home/wheeltec/wheeltec_ros2/install/nav2_behavior_tree/include//nav2_behavior_tree/plugins/action/navigate_through_poses_action.hpp
[9.314s] -- Up-to-date: /home/wheeltec/wheeltec_ros2/install/nav2_behavior_tree/include//nav2_behavior_tree/plugins/action/reinitialize_global_localization_service.hpp
[9.315s] -- Up-to-date: /home/wheeltec/wheeltec_ros2/install/nav2_behavior_tree/include//nav2_behavior_tree/plugins/action/goal_checker_selector_node.hpp
[9.315s] -- Up-to-date: /home/wheeltec/wheeltec_ros2/install/nav2_behavior_tree/include//nav2_behavior_tree/plugins/action/truncate_path_action.hpp
[9.316s] -- Up-to-date: /home/wheeltec/wheeltec_ros2/install/nav2_behavior_tree/include//nav2_behavior_tree/plugins/action/wait_action.hpp
[9.317s] -- Up-to-date: /home/wheeltec/wheeltec_ros2/install/nav2_behavior_tree/include//nav2_behavior_tree/plugins/action/controller_selector_node.hpp
[9.317s] -- Up-to-date: /home/wheeltec/wheeltec_ros2/install/nav2_behavior_tree/include//nav2_behavior_tree/plugins/action/planner_selector_node.hpp
[9.318s] -- Up-to-date: /home/wheeltec/wheeltec_ros2/install/nav2_behavior_tree/include//nav2_behavior_tree/plugins/action/follow_path_action.hpp
[9.318s] -- Up-to-date: /home/wheeltec/wheeltec_ros2/install/nav2_behavior_tree/include//nav2_behavior_tree/plugins/control
[9.319s] -- Up-to-date: /home/wheeltec/wheeltec_ros2/install/nav2_behavior_tree/include//nav2_behavior_tree/plugins/control/pipeline_sequence.hpp
[9.319s] -- Up-to-date: /home/wheeltec/wheeltec_ros2/install/nav2_behavior_tree/include//nav2_behavior_tree/plugins/control/round_robin_node.hpp
[9.320s] -- Up-to-date: /home/wheeltec/wheeltec_ros2/install/nav2_behavior_tree/include//nav2_behavior_tree/plugins/control/recovery_node.hpp
[9.321s] -- Up-to-date: /home/wheeltec/wheeltec_ros2/install/nav2_behavior_tree/include//nav2_behavior_tree/plugins/condition
[9.321s] -- Up-to-date: /home/wheeltec/wheeltec_ros2/install/nav2_behavior_tree/include//nav2_behavior_tree/plugins/condition/is_battery_low_condition.hpp
[9.321s] -- Up-to-date: /home/wheeltec/wheeltec_ros2/install/nav2_behavior_tree/include//nav2_behavior_tree/plugins/condition/goal_updated_condition.hpp
[9.322s] -- Up-to-date: /home/wheeltec/wheeltec_ros2/install/nav2_behavior_tree/include//nav2_behavior_tree/plugins/condition/time_expired_condition.hpp
[9.322s] -- Up-to-date: /home/wheeltec/wheeltec_ros2/install/nav2_behavior_tree/include//nav2_behavior_tree/plugins/condition/distance_traveled_condition.hpp
[9.323s] -- Up-to-date: /home/wheeltec/wheeltec_ros2/install/nav2_behavior_tree/include//nav2_behavior_tree/plugins/condition/goal_reached_condition.hpp
[9.323s] -- Up-to-date: /home/wheeltec/wheeltec_ros2/install/nav2_behavior_tree/include//nav2_behavior_tree/plugins/condition/initial_pose_received_condition.hpp
[9.323s] -- Up-to-date: /home/wheeltec/wheeltec_ros2/install/nav2_behavior_tree/include//nav2_behavior_tree/plugins/condition/is_stuck_condition.hpp
[9.324s] -- Up-to-date: /home/wheeltec/wheeltec_ros2/install/nav2_behavior_tree/include//nav2_behavior_tree/plugins/condition/transform_available_condition.hpp
[9.324s] -- Up-to-date: /home/wheeltec/wheeltec_ros2/install/nav2_behavior_tree/include//nav2_behavior_tree/bt_action_server_impl.hpp
[9.324s] -- Up-to-date: /home/wheeltec/wheeltec_ros2/install/nav2_behavior_tree/include//nav2_behavior_tree/bt_service_node.hpp
[9.325s] -- Up-to-date: /home/wheeltec/wheeltec_ros2/install/nav2_behavior_tree/include//nav2_behavior_tree/bt_action_node.hpp
[9.325s] -- Up-to-date: /home/wheeltec/wheeltec_ros2/install/nav2_behavior_tree/include//nav2_behavior_tree/ros_topic_logger.hpp
[9.326s] -- Up-to-date: /home/wheeltec/wheeltec_ros2/install/nav2_behavior_tree/share/nav2_behavior_tree/nav2_tree_nodes.xml
[9.326s] -- Up-to-date: /home/wheeltec/wheeltec_ros2/install/nav2_behavior_tree/share/nav2_behavior_tree/environment/library_path.sh
[9.326s] -- Up-to-date: /home/wheeltec/wheeltec_ros2/install/nav2_behavior_tree/share/nav2_behavior_tree/environment/library_path.dsv
[9.327s] -- Up-to-date: /home/wheeltec/wheeltec_ros2/install/nav2_behavior_tree/share/ament_index/resource_index/package_run_dependencies/nav2_behavior_tree
[9.327s] -- Up-to-date: /home/wheeltec/wheeltec_ros2/install/nav2_behavior_tree/share/ament_index/resource_index/parent_prefix_path/nav2_behavior_tree
[9.328s] -- Up-to-date: /home/wheeltec/wheeltec_ros2/install/nav2_behavior_tree/share/nav2_behavior_tree/environment/ament_prefix_path.sh
[9.328s] -- Up-to-date: /home/wheeltec/wheeltec_ros2/install/nav2_behavior_tree/share/nav2_behavior_tree/environment/ament_prefix_path.dsv
[9.328s] -- Up-to-date: /home/wheeltec/wheeltec_ros2/install/nav2_behavior_tree/share/nav2_behavior_tree/environment/path.sh
[9.329s] -- Up-to-date: /home/wheeltec/wheeltec_ros2/install/nav2_behavior_tree/share/nav2_behavior_tree/environment/path.dsv
[9.329s] -- Up-to-date: /home/wheeltec/wheeltec_ros2/install/nav2_behavior_tree/share/nav2_behavior_tree/local_setup.bash
[9.330s] -- Up-to-date: /home/wheeltec/wheeltec_ros2/install/nav2_behavior_tree/share/nav2_behavior_tree/local_setup.sh
[9.330s] -- Up-to-date: /home/wheeltec/wheeltec_ros2/install/nav2_behavior_tree/share/nav2_behavior_tree/local_setup.zsh
[9.331s] -- Up-to-date: /home/wheeltec/wheeltec_ros2/install/nav2_behavior_tree/share/nav2_behavior_tree/local_setup.dsv
[9.331s] -- Installing: /home/wheeltec/wheeltec_ros2/install/nav2_behavior_tree/share/nav2_behavior_tree/package.dsv
[9.331s] -- Up-to-date: /home/wheeltec/wheeltec_ros2/install/nav2_behavior_tree/share/ament_index/resource_index/packages/nav2_behavior_tree
[9.332s] -- Up-to-date: /home/wheeltec/wheeltec_ros2/install/nav2_behavior_tree/share/nav2_behavior_tree/cmake/ament_cmake_export_include_directories-extras.cmake
[9.332s] -- Up-to-date: /home/wheeltec/wheeltec_ros2/install/nav2_behavior_tree/share/nav2_behavior_tree/cmake/ament_cmake_export_libraries-extras.cmake
[9.346s] -- Up-to-date: /home/wheeltec/wheeltec_ros2/install/nav2_behavior_tree/share/nav2_behavior_tree/cmake/ament_cmake_export_dependencies-extras.cmake
[9.346s] -- Up-to-date: /home/wheeltec/wheeltec_ros2/install/nav2_behavior_tree/share/nav2_behavior_tree/cmake/nav2_behavior_treeConfig.cmake
[9.347s] -- Up-to-date: /home/wheeltec/wheeltec_ros2/install/nav2_behavior_tree/share/nav2_behavior_tree/cmake/nav2_behavior_treeConfig-version.cmake
[9.347s] -- Up-to-date: /home/wheeltec/wheeltec_ros2/install/nav2_behavior_tree/share/nav2_behavior_tree/package.xml
[9.348s] Invoked command in '/home/wheeltec/wheeltec_ros2/build/nav2_behavior_tree' returned '0': CMAKE_PREFIX_PATH=/home/wheeltec/wheeltec_ros2/install/nav2_util:/home/wheeltec/wheeltec_ros2/install/nav2_msgs:/home/wheeltec/wheeltec_ros2/install/nav2_common:/home/wheeltec/wheeltec_ros2/install/wheeltec_slam_toolbox:/home/wheeltec/wheeltec_ros2/install/wheeltec_rrt_msg:/home/wheeltec/wheeltec_ros2/install/wheeltec_robot_urdf:/home/wheeltec/wheeltec_ros2/install/wheeltec_robot_rtab:/home/wheeltec/wheeltec_ros2/install/wheeltec_robot_rrt:/home/wheeltec/wheeltec_ros2/install/turn_on_wheeltec_robot:/home/wheeltec/wheeltec_ros2/install/wheeltec_robot_msg:/home/wheeltec/wheeltec_ros2/install/wheeltec_nav2:/home/wheeltec/wheeltec_ros2/install/wheeltec_joy:/home/wheeltec/wheeltec_ros2/install/wheeltec_cartographer:/home/wheeltec/wheeltec_ros2/install/web_video_server:/home/wheeltec/wheeltec_ros2/install/usb_cam:/home/wheeltec/wheeltec_ros2/install/slam_gmapping:/home/wheeltec/wheeltec_ros2/install/serial:/home/wheeltec/wheeltec_ros2/install/rplidar_ros2:/home/wheeltec/wheeltec_ros2/install/ros2_astra_camera:/home/wheeltec/wheeltec_ros2/install/ar_track_alvar:/home/wheeltec/wheeltec_ros2/install/perception_pcl:/home/wheeltec/wheeltec_ros2/install/pcl_ros:/home/wheeltec/wheeltec_ros2/install/lslidar_driver:/home/wheeltec/wheeltec_ros2/install/pcl_conversions:/home/wheeltec/wheeltec_ros2/install/openslam_gmapping:/home/wheeltec/wheeltec_ros2/install/nav2_system_tests:/home/wheeltec/wheeltec_ros2/install/nav2_bringup:/home/wheeltec/wheeltec_ros2/install/navigation2:/home/wheeltec/wheeltec_ros2/install/nav2_dwb_controller:/home/wheeltec/wheeltec_ros2/install/nav2_controller:/home/wheeltec/wheeltec_ros2/install/dwb_plugins:/home/wheeltec/wheeltec_ros2/install/dwb_critics:/home/wheeltec/wheeltec_ros2/install/dwb_core:/home/wheeltec/wheeltec_ros2/install/nav_2d_utils:/home/wheeltec/wheeltec_ros2/install/dwb_msgs:/home/wheeltec/wheeltec_ros2/install/nav_2d_msgs:/home/wheeltec/wheeltec_ros2/install/nav2_waypoint_follower:/home/wheeltec/wheeltec_ros2/install/nav2_theta_star_planner:/home/wheeltec/wheeltec_ros2/install/nav2_smac_planner:/home/wheeltec/wheeltec_ros2/install/nav2_rotation_shim_controller:/home/wheeltec/wheeltec_ros2/install/nav2_regulated_pure_pursuit_controller:/home/wheeltec/wheeltec_ros2/install/nav2_recoveries:/home/wheeltec/wheeltec_ros2/install/nav2_planner:/home/wheeltec/wheeltec_ros2/install/nav2_navfn_planner:/home/wheeltec/wheeltec_ros2/install/nav2_bt_navigator:/home/wheeltec/wheeltec_ros2/install/nav2_core:/home/wheeltec/wheeltec_ros2/install/costmap_queue:/home/wheeltec/wheeltec_ros2/install/nav2_costmap_2d:/home/wheeltec/wheeltec_ros2/install/nav2_voxel_grid:/home/wheeltec/wheeltec_ros2/install/nav2_rviz_plugins:/home/wheeltec/wheeltec_ros2/install/nav2_map_server:/home/wheeltec/wheeltec_ros2/install/nav2_lifecycle_manager:/home/wheeltec/wheeltec_ros2/install/nav2_behavior_tree:/home/wheeltec/wheeltec_ros2/install/nav2_amcl:/home/wheeltec/wheeltec_ros2/install/lsn10:/home/wheeltec/wheeltec_ros2/install/lsm10_v2:/home/wheeltec/wheeltec_ros2/install/lslidar_msgs:/home/wheeltec/wheeltec_ros2/install/lidar_ros2:/home/wheeltec/wheeltec_ros2/install/ldlidar_stl_ros2:/home/wheeltec/wheeltec_ros2/install/ldlidar_sl_ros2:/home/wheeltec/wheeltec_ros2/install/astra_msgs:/home/wheeltec/wheeltec_ros2/install/astra_camera:/home/wheeltec/wheeltec_ros2/install/astra_camera_msgs:/home/wheeltec/wheeltec_ros2/install/ar_track_alvar_msgs:/home/wheeltec/wheeltec_ros2/install/ackermann_msgs:/home/wheeltec/wheeltec_ros2/install/simple_follower_ros2:/home/wheeltec/wheeltec_ros2/install/wheeltec_robot_keyboard:/home/wheeltec/wheeltec_ros2/install/tf2_tools:/home/wheeltec/wheeltec_ros2/install/nav2_simple_commander:/home/wheeltec/wheeltec_ros2/install/nav2_gazebo_spawner:/opt/ros/galactic LD_LIBRARY_PATH=/home/wheeltec/wheeltec_ros2/install/nav2_util/lib:/home/wheeltec/wheeltec_ros2/install/nav2_msgs/lib:/home/wheeltec/wheeltec_ros2/install/wheeltec_rrt_msg/lib:/home/wheeltec/wheeltec_ros2/install/wheeltec_robot_rrt/lib:/home/wheeltec/wheeltec_ros2/install/turn_on_wheeltec_robot/lib:/home/wheeltec/wheeltec_ros2/install/wheeltec_robot_msg/lib:/home/wheeltec/wheeltec_ros2/install/usb_cam/lib:/home/wheeltec/wheeltec_ros2/install/serial/lib:/home/wheeltec/wheeltec_ros2/install/ros2_astra_camera/lib:/home/wheeltec/wheeltec_ros2/install/ar_track_alvar/lib:/home/wheeltec/wheeltec_ros2/install/pcl_ros/lib:/home/wheeltec/wheeltec_ros2/install/openslam_gmapping/lib:/home/wheeltec/wheeltec_ros2/install/nav2_controller/lib:/home/wheeltec/wheeltec_ros2/install/dwb_plugins/lib:/home/wheeltec/wheeltec_ros2/install/dwb_critics/lib:/home/wheeltec/wheeltec_ros2/install/dwb_core/lib:/home/wheeltec/wheeltec_ros2/install/nav_2d_utils/lib:/home/wheeltec/wheeltec_ros2/install/dwb_msgs/lib:/home/wheeltec/wheeltec_ros2/install/nav_2d_msgs/lib:/home/wheeltec/wheeltec_ros2/install/nav2_waypoint_follower/lib:/home/wheeltec/wheeltec_ros2/install/nav2_theta_star_planner/lib:/home/wheeltec/wheeltec_ros2/install/nav2_smac_planner/lib:/home/wheeltec/wheeltec_ros2/install/nav2_rotation_shim_controller/lib:/home/wheeltec/wheeltec_ros2/install/nav2_regulated_pure_pursuit_controller/lib:/home/wheeltec/wheeltec_ros2/install/nav2_recoveries/lib:/home/wheeltec/wheeltec_ros2/install/nav2_planner/lib:/home/wheeltec/wheeltec_ros2/install/nav2_navfn_planner/lib:/home/wheeltec/wheeltec_ros2/install/nav2_bt_navigator/lib:/home/wheeltec/wheeltec_ros2/install/costmap_queue/lib:/home/wheeltec/wheeltec_ros2/install/nav2_costmap_2d/lib:/home/wheeltec/wheeltec_ros2/install/nav2_voxel_grid/lib:/home/wheeltec/wheeltec_ros2/install/nav2_rviz_plugins/lib:/home/wheeltec/wheeltec_ros2/install/nav2_map_server/lib:/home/wheeltec/wheeltec_ros2/install/nav2_lifecycle_manager/lib:/home/wheeltec/wheeltec_ros2/install/nav2_behavior_tree/lib:/home/wheeltec/wheeltec_ros2/install/nav2_amcl/lib:/home/wheeltec/wheeltec_ros2/install/lsm10_v2/lib:/home/wheeltec/wheeltec_ros2/install/lslidar_msgs/lib:/home/wheeltec/wheeltec_ros2/install/astra_msgs/lib:/home/wheeltec/wheeltec_ros2/install/astra_camera/lib:/home/wheeltec/wheeltec_ros2/install/astra_camera_msgs/lib:/home/wheeltec/wheeltec_ros2/install/ar_track_alvar_msgs/lib:/home/wheeltec/wheeltec_ros2/install/ackermann_msgs/lib:/usr/lib/aarch64-linux-gnu/gazebo-11/plugins:/opt/ros/galactic/opt/yaml_cpp_vendor/lib:/opt/ros/galactic/opt/rviz_ogre_vendor/lib:/opt/ros/galactic/lib/aarch64-linux-gnu:/opt/ros/galactic/lib:/home/wheeltec/wheeltec_ros2/src/ros2_astra_camera-main/ros2_astra_camera/lib/openni2_redist/x64 PYTHONPATH=/home/wheeltec/wheeltec_ros2/install/nav2_msgs/lib/python3.8/site-packages:/home/wheeltec/wheeltec_ros2/install/nav2_common/lib/python3.8/site-packages:/home/wheeltec/wheeltec_ros2/install/wheeltec_rrt_msg/lib/python3.8/site-packages:/home/wheeltec/wheeltec_ros2/install/simple_follower_ros2/lib/python3.8/site-packages:/home/wheeltec/wheeltec_ros2/install/turn_on_wheeltec_robot/lib/python3.8/site-packages:/home/wheeltec/wheeltec_ros2/install/wheeltec_robot_msg/lib/python3.8/site-packages:/home/wheeltec/wheeltec_ros2/install/wheeltec_robot_keyboard/lib/python3.8/site-packages:/home/wheeltec/wheeltec_ros2/install/tf2_tools/lib/python3.8/site-packages:/home/wheeltec/wheeltec_ros2/install/dwb_msgs/lib/python3.8/site-packages:/home/wheeltec/wheeltec_ros2/install/nav_2d_msgs/lib/python3.8/site-packages:/home/wheeltec/wheeltec_ros2/install/nav2_simple_commander/lib/python3.8/site-packages:/home/wheeltec/wheeltec_ros2/install/nav2_gazebo_spawner/lib/python3.8/site-packages:/home/wheeltec/wheeltec_ros2/install/lsm10_v2/lib/python3.8/site-packages:/home/wheeltec/wheeltec_ros2/install/lslidar_msgs/lib/python3.8/site-packages:/home/wheeltec/wheeltec_ros2/install/astra_msgs/lib/python3.8/site-packages:/home/wheeltec/wheeltec_ros2/install/astra_camera_msgs/lib/python3.8/site-packages:/home/wheeltec/wheeltec_ros2/install/ar_track_alvar_msgs/lib/python3.8/site-packages:/home/wheeltec/wheeltec_ros2/install/ackermann_msgs/lib/python3.8/site-packages:/opt/ros/galactic/lib/python3.8/site-packages /usr/bin/cmake --install /home/wheeltec/wheeltec_ros2/build/nav2_behavior_tree
