[0.119s] Invoking command in '/home/wheeltec/wheeltec_ros2/build/astra_msgs': CMAKE_PREFIX_PATH=${CMAKE_PREFIX_PATH}:/home/wheeltec/wheeltec_ros2/install/wheeltec_robot_keyboard:/home/wheeltec/wheeltec_ros2/install/tf2_tools:/home/wheeltec/wheeltec_ros2/install/nav2_gazebo_spawner:/opt/ros/galactic /usr/bin/cmake --build /home/wheeltec/wheeltec_ros2/build/astra_msgs -- -j4 -l4
[0.670s] [  0%] Built target astra_msgs__cpp
[0.762s] [ 12%] Built target astra_msgs__rosidl_generator_c
[0.948s] [ 25%] Built target astra_msgs__rosidl_typesupport_introspection_cpp
[0.973s] [ 37%] Built target astra_msgs__rosidl_typesupport_cpp
[1.023s] [ 50%] Built target astra_msgs__rosidl_typesupport_introspection_c
[1.030s] [ 62%] Built target astra_msgs__rosidl_typesupport_fastrtps_cpp
[1.118s] [ 74%] Built target astra_msgs__rosidl_typesupport_c
[1.245s] [ 86%] Built target astra_msgs__rosidl_typesupport_fastrtps_c
[1.356s] [ 86%] Built target astra_msgs
[1.467s] [ 86%] Built target astra_msgs__py
[1.715s] [ 98%] Built target astra_msgs__python
[1.883s] [ 99%] Built target astra_msgs__rosidl_typesupport_c__pyext
[1.906s] [ 99%] Built target astra_msgs__rosidl_typesupport_introspection_c__pyext
[1.911s] [100%] Built target astra_msgs__rosidl_typesupport_fastrtps_c__pyext
[1.970s] Invoked command in '/home/wheeltec/wheeltec_ros2/build/astra_msgs' returned '0': CMAKE_PREFIX_PATH=${CMAKE_PREFIX_PATH}:/home/wheeltec/wheeltec_ros2/install/wheeltec_robot_keyboard:/home/wheeltec/wheeltec_ros2/install/tf2_tools:/home/wheeltec/wheeltec_ros2/install/nav2_gazebo_spawner:/opt/ros/galactic /usr/bin/cmake --build /home/wheeltec/wheeltec_ros2/build/astra_msgs -- -j4 -l4
[4.972s] Invoking command in '/home/wheeltec/wheeltec_ros2/build/astra_msgs': CMAKE_PREFIX_PATH=${CMAKE_PREFIX_PATH}:/home/wheeltec/wheeltec_ros2/install/wheeltec_robot_keyboard:/home/wheeltec/wheeltec_ros2/install/tf2_tools:/home/wheeltec/wheeltec_ros2/install/nav2_gazebo_spawner:/opt/ros/galactic /usr/bin/cmake --install /home/wheeltec/wheeltec_ros2/build/astra_msgs
[5.015s] -- Install configuration: ""
[5.016s] -- Up-to-date: /home/wheeltec/wheeltec_ros2/install/astra_msgs/share/ament_index/resource_index/rosidl_interfaces/astra_msgs
[5.017s] -- Up-to-date: /home/wheeltec/wheeltec_ros2/install/astra_msgs/include/astra_msgs
[5.017s] -- Up-to-date: /home/wheeltec/wheeltec_ros2/install/astra_msgs/include/astra_msgs/msg
[5.018s] -- Up-to-date: /home/wheeltec/wheeltec_ros2/install/astra_msgs/include/astra_msgs/msg/rosidl_generator_c__visibility_control.h
[5.019s] -- Up-to-date: /home/wheeltec/wheeltec_ros2/install/astra_msgs/include/astra_msgs/srv
[5.020s] -- Up-to-date: /home/wheeltec/wheeltec_ros2/install/astra_msgs/include/astra_msgs/srv/set_auto_white_balance.h
[5.020s] -- Up-to-date: /home/wheeltec/wheeltec_ros2/install/astra_msgs/include/astra_msgs/srv/set_ae_enable.h
[5.021s] -- Up-to-date: /home/wheeltec/wheeltec_ros2/install/astra_msgs/include/astra_msgs/srv/reset_ir_gain.h
[5.021s] -- Up-to-date: /home/wheeltec/wheeltec_ros2/install/astra_msgs/include/astra_msgs/srv/get_uvc_gain.h
[5.022s] -- Up-to-date: /home/wheeltec/wheeltec_ros2/install/astra_msgs/include/astra_msgs/srv/get_uvc_white_balance.h
[5.026s] -- Up-to-date: /home/wheeltec/wheeltec_ros2/install/astra_msgs/include/astra_msgs/srv/set_mirror.h
[5.026s] -- Up-to-date: /home/wheeltec/wheeltec_ros2/install/astra_msgs/include/astra_msgs/srv/set_uvc_white_balance.h
[5.027s] -- Up-to-date: /home/wheeltec/wheeltec_ros2/install/astra_msgs/include/astra_msgs/srv/switch_ir_camera.h
[5.027s] -- Up-to-date: /home/wheeltec/wheeltec_ros2/install/astra_msgs/include/astra_msgs/srv/reset_ir_exposure.h
[5.027s] -- Up-to-date: /home/wheeltec/wheeltec_ros2/install/astra_msgs/include/astra_msgs/srv/set_uvc_gain.h
[5.028s] -- Up-to-date: /home/wheeltec/wheeltec_ros2/install/astra_msgs/include/astra_msgs/srv/get_serial.h
[5.029s] -- Up-to-date: /home/wheeltec/wheeltec_ros2/install/astra_msgs/include/astra_msgs/srv/set_auto_exposure.h
[5.030s] -- Up-to-date: /home/wheeltec/wheeltec_ros2/install/astra_msgs/include/astra_msgs/srv/get_uvc_exposure.h
[5.031s] -- Up-to-date: /home/wheeltec/wheeltec_ros2/install/astra_msgs/include/astra_msgs/srv/get_device_type.h
[5.033s] -- Up-to-date: /home/wheeltec/wheeltec_ros2/install/astra_msgs/include/astra_msgs/srv/set_ir_gain.h
[5.034s] -- Up-to-date: /home/wheeltec/wheeltec_ros2/install/astra_msgs/include/astra_msgs/srv/set_laser.h
[5.036s] -- Up-to-date: /home/wheeltec/wheeltec_ros2/install/astra_msgs/include/astra_msgs/srv/detail
[5.037s] -- Up-to-date: /home/wheeltec/wheeltec_ros2/install/astra_msgs/include/astra_msgs/srv/detail/set_mirror__functions.h
[5.037s] -- Up-to-date: /home/wheeltec/wheeltec_ros2/install/astra_msgs/include/astra_msgs/srv/detail/reset_ir_exposure__functions.c
[5.044s] -- Up-to-date: /home/wheeltec/wheeltec_ros2/install/astra_msgs/include/astra_msgs/srv/detail/set_fan__functions.h
[5.045s] -- Up-to-date: /home/wheeltec/wheeltec_ros2/install/astra_msgs/include/astra_msgs/srv/detail/set_ir_flood__functions.c
[5.046s] -- Up-to-date: /home/wheeltec/wheeltec_ros2/install/astra_msgs/include/astra_msgs/srv/detail/set_distortioncal__functions.h
[5.046s] -- Up-to-date: /home/wheeltec/wheeltec_ros2/install/astra_msgs/include/astra_msgs/srv/detail/set_uvc_white_balance__functions.c
[5.047s] -- Up-to-date: /home/wheeltec/wheeltec_ros2/install/astra_msgs/include/astra_msgs/srv/detail/reset_ir_gain__struct.h
[5.047s] -- Up-to-date: /home/wheeltec/wheeltec_ros2/install/astra_msgs/include/astra_msgs/srv/detail/get_camera_info__struct.h
[5.048s] -- Up-to-date: /home/wheeltec/wheeltec_ros2/install/astra_msgs/include/astra_msgs/srv/detail/get_uvc_exposure__struct.h
[5.048s] -- Up-to-date: /home/wheeltec/wheeltec_ros2/install/astra_msgs/include/astra_msgs/srv/detail/get_device_type__functions.h
[5.049s] -- Up-to-date: /home/wheeltec/wheeltec_ros2/install/astra_msgs/include/astra_msgs/srv/detail/set_ir_flood__functions.h
[5.050s] -- Up-to-date: /home/wheeltec/wheeltec_ros2/install/astra_msgs/include/astra_msgs/srv/detail/set_ir_exposure__functions.c
[5.050s] -- Up-to-date: /home/wheeltec/wheeltec_ros2/install/astra_msgs/include/astra_msgs/srv/detail/set_uvc_exposure__functions.h
[5.051s] -- Up-to-date: /home/wheeltec/wheeltec_ros2/install/astra_msgs/include/astra_msgs/srv/detail/set_mirror__type_support.h
[5.051s] -- Up-to-date: /home/wheeltec/wheeltec_ros2/install/astra_msgs/include/astra_msgs/srv/detail/set_ir_gain__type_support.h
[5.052s] -- Up-to-date: /home/wheeltec/wheeltec_ros2/install/astra_msgs/include/astra_msgs/srv/detail/get_version__functions.c
[5.053s] -- Up-to-date: /home/wheeltec/wheeltec_ros2/install/astra_msgs/include/astra_msgs/srv/detail/set_uvc_gain__functions.c
[5.054s] -- Up-to-date: /home/wheeltec/wheeltec_ros2/install/astra_msgs/include/astra_msgs/srv/detail/set_uvc_exposure__type_support.h
[5.054s] -- Up-to-date: /home/wheeltec/wheeltec_ros2/install/astra_msgs/include/astra_msgs/srv/detail/set_auto_exposure__functions.c
[5.055s] -- Up-to-date: /home/wheeltec/wheeltec_ros2/install/astra_msgs/include/astra_msgs/srv/detail/reset_ir_exposure__struct.h
[5.055s] -- Up-to-date: /home/wheeltec/wheeltec_ros2/install/astra_msgs/include/astra_msgs/srv/detail/set_uvc_exposure__struct.h
[5.055s] -- Up-to-date: /home/wheeltec/wheeltec_ros2/install/astra_msgs/include/astra_msgs/srv/detail/set_laser__struct.h
[5.056s] -- Up-to-date: /home/wheeltec/wheeltec_ros2/install/astra_msgs/include/astra_msgs/srv/detail/set_distortioncal__struct.h
[5.056s] -- Up-to-date: /home/wheeltec/wheeltec_ros2/install/astra_msgs/include/astra_msgs/srv/detail/get_device_type__struct.h
[5.056s] -- Up-to-date: /home/wheeltec/wheeltec_ros2/install/astra_msgs/include/astra_msgs/srv/detail/set_uvc_gain__struct.h
[5.057s] -- Up-to-date: /home/wheeltec/wheeltec_ros2/install/astra_msgs/include/astra_msgs/srv/detail/set_auto_white_balance__functions.c
[5.058s] -- Up-to-date: /home/wheeltec/wheeltec_ros2/install/astra_msgs/include/astra_msgs/srv/detail/get_uvc_white_balance__functions.c
[5.058s] -- Up-to-date: /home/wheeltec/wheeltec_ros2/install/astra_msgs/include/astra_msgs/srv/detail/get_version__type_support.h
[5.059s] -- Up-to-date: /home/wheeltec/wheeltec_ros2/install/astra_msgs/include/astra_msgs/srv/detail/set_fan__functions.c
[5.060s] -- Up-to-date: /home/wheeltec/wheeltec_ros2/install/astra_msgs/include/astra_msgs/srv/detail/reset_ir_exposure__functions.h
[5.060s] -- Up-to-date: /home/wheeltec/wheeltec_ros2/install/astra_msgs/include/astra_msgs/srv/detail/get_uvc_gain__functions.h
[5.061s] -- Up-to-date: /home/wheeltec/wheeltec_ros2/install/astra_msgs/include/astra_msgs/srv/detail/set_uvc_gain__type_support.h
[5.062s] -- Up-to-date: /home/wheeltec/wheeltec_ros2/install/astra_msgs/include/astra_msgs/srv/detail/get_ir_exposure__struct.h
[5.063s] -- Up-to-date: /home/wheeltec/wheeltec_ros2/install/astra_msgs/include/astra_msgs/srv/detail/set_ir_exposure__type_support.h
[5.068s] -- Up-to-date: /home/wheeltec/wheeltec_ros2/install/astra_msgs/include/astra_msgs/srv/detail/get_version__struct.h
[5.069s] -- Up-to-date: /home/wheeltec/wheeltec_ros2/install/astra_msgs/include/astra_msgs/srv/detail/set_uvc_white_balance__type_support.h
[5.070s] -- Up-to-date: /home/wheeltec/wheeltec_ros2/install/astra_msgs/include/astra_msgs/srv/detail/set_laser__functions.c
[5.070s] -- Up-to-date: /home/wheeltec/wheeltec_ros2/install/astra_msgs/include/astra_msgs/srv/detail/set_auto_white_balance__functions.h
[5.070s] -- Up-to-date: /home/wheeltec/wheeltec_ros2/install/astra_msgs/include/astra_msgs/srv/detail/get_ir_gain__struct.h
[5.071s] -- Up-to-date: /home/wheeltec/wheeltec_ros2/install/astra_msgs/include/astra_msgs/srv/detail/set_auto_exposure__struct.h
[5.072s] -- Up-to-date: /home/wheeltec/wheeltec_ros2/install/astra_msgs/include/astra_msgs/srv/detail/set_ir_exposure__functions.h
[5.073s] -- Up-to-date: /home/wheeltec/wheeltec_ros2/install/astra_msgs/include/astra_msgs/srv/detail/set_distortioncal__functions.c
[5.073s] -- Up-to-date: /home/wheeltec/wheeltec_ros2/install/astra_msgs/include/astra_msgs/srv/detail/get_uvc_white_balance__struct.h
[5.074s] -- Up-to-date: /home/wheeltec/wheeltec_ros2/install/astra_msgs/include/astra_msgs/srv/detail/set_uvc_exposure__functions.c
[5.075s] -- Up-to-date: /home/wheeltec/wheeltec_ros2/install/astra_msgs/include/astra_msgs/srv/detail/set_ldp__functions.h
[5.075s] -- Up-to-date: /home/wheeltec/wheeltec_ros2/install/astra_msgs/include/astra_msgs/srv/detail/get_camera_info__functions.c
[5.076s] -- Up-to-date: /home/wheeltec/wheeltec_ros2/install/astra_msgs/include/astra_msgs/srv/detail/get_ir_gain__functions.c
[5.077s] -- Up-to-date: /home/wheeltec/wheeltec_ros2/install/astra_msgs/include/astra_msgs/srv/detail/get_device_type__type_support.h
[5.078s] -- Up-to-date: /home/wheeltec/wheeltec_ros2/install/astra_msgs/include/astra_msgs/srv/detail/get_uvc_exposure__functions.c
[5.079s] -- Up-to-date: /home/wheeltec/wheeltec_ros2/install/astra_msgs/include/astra_msgs/srv/detail/set_ldp__functions.c
[5.079s] -- Up-to-date: /home/wheeltec/wheeltec_ros2/install/astra_msgs/include/astra_msgs/srv/detail/get_version__functions.h
[5.080s] -- Up-to-date: /home/wheeltec/wheeltec_ros2/install/astra_msgs/include/astra_msgs/srv/detail/set_ae_enable__functions.h
[5.080s] -- Up-to-date: /home/wheeltec/wheeltec_ros2/install/astra_msgs/include/astra_msgs/srv/detail/set_uvc_white_balance__struct.h
[5.081s] -- Up-to-date: /home/wheeltec/wheeltec_ros2/install/astra_msgs/include/astra_msgs/srv/detail/get_uvc_gain__struct.h
[5.081s] -- Up-to-date: /home/wheeltec/wheeltec_ros2/install/astra_msgs/include/astra_msgs/srv/detail/set_auto_exposure__functions.h
[5.081s] -- Up-to-date: /home/wheeltec/wheeltec_ros2/install/astra_msgs/include/astra_msgs/srv/detail/get_uvc_exposure__functions.h
[5.082s] -- Up-to-date: /home/wheeltec/wheeltec_ros2/install/astra_msgs/include/astra_msgs/srv/detail/set_ir_flood__struct.h
[5.083s] -- Up-to-date: /home/wheeltec/wheeltec_ros2/install/astra_msgs/include/astra_msgs/srv/detail/get_camera_info__functions.h
[5.084s] -- Up-to-date: /home/wheeltec/wheeltec_ros2/install/astra_msgs/include/astra_msgs/srv/detail/set_auto_white_balance__struct.h
[5.084s] -- Up-to-date: /home/wheeltec/wheeltec_ros2/install/astra_msgs/include/astra_msgs/srv/detail/set_laser__functions.h
[5.085s] -- Up-to-date: /home/wheeltec/wheeltec_ros2/install/astra_msgs/include/astra_msgs/srv/detail/reset_ir_gain__functions.c
[5.085s] -- Up-to-date: /home/wheeltec/wheeltec_ros2/install/astra_msgs/include/astra_msgs/srv/detail/switch_ir_camera__struct.h
[5.086s] -- Up-to-date: /home/wheeltec/wheeltec_ros2/install/astra_msgs/include/astra_msgs/srv/detail/get_device_type__functions.c
[5.086s] -- Up-to-date: /home/wheeltec/wheeltec_ros2/install/astra_msgs/include/astra_msgs/srv/detail/get_uvc_white_balance__functions.h
[5.086s] -- Up-to-date: /home/wheeltec/wheeltec_ros2/install/astra_msgs/include/astra_msgs/srv/detail/set_ir_gain__functions.c
[5.086s] -- Up-to-date: /home/wheeltec/wheeltec_ros2/install/astra_msgs/include/astra_msgs/srv/detail/reset_ir_gain__type_support.h
[5.087s] -- Up-to-date: /home/wheeltec/wheeltec_ros2/install/astra_msgs/include/astra_msgs/srv/detail/get_serial__type_support.h
[5.087s] -- Up-to-date: /home/wheeltec/wheeltec_ros2/install/astra_msgs/include/astra_msgs/srv/detail/set_ir_exposure__struct.h
[5.087s] -- Up-to-date: /home/wheeltec/wheeltec_ros2/install/astra_msgs/include/astra_msgs/srv/detail/set_ae_enable__type_support.h
[5.088s] -- Up-to-date: /home/wheeltec/wheeltec_ros2/install/astra_msgs/include/astra_msgs/srv/detail/get_uvc_gain__type_support.h
[5.088s] -- Up-to-date: /home/wheeltec/wheeltec_ros2/install/astra_msgs/include/astra_msgs/srv/detail/set_auto_white_balance__type_support.h
[5.089s] -- Up-to-date: /home/wheeltec/wheeltec_ros2/install/astra_msgs/include/astra_msgs/srv/detail/reset_ir_exposure__type_support.h
[5.090s] -- Up-to-date: /home/wheeltec/wheeltec_ros2/install/astra_msgs/include/astra_msgs/srv/detail/switch_ir_camera__functions.h
[5.091s] -- Up-to-date: /home/wheeltec/wheeltec_ros2/install/astra_msgs/include/astra_msgs/srv/detail/get_ir_exposure__type_support.h
[5.092s] -- Up-to-date: /home/wheeltec/wheeltec_ros2/install/astra_msgs/include/astra_msgs/srv/detail/set_ae_enable__struct.h
[5.093s] -- Up-to-date: /home/wheeltec/wheeltec_ros2/install/astra_msgs/include/astra_msgs/srv/detail/set_mirror__struct.h
[5.093s] -- Up-to-date: /home/wheeltec/wheeltec_ros2/install/astra_msgs/include/astra_msgs/srv/detail/set_fan__type_support.h
[5.094s] -- Up-to-date: /home/wheeltec/wheeltec_ros2/install/astra_msgs/include/astra_msgs/srv/detail/set_uvc_white_balance__functions.h
[5.094s] -- Up-to-date: /home/wheeltec/wheeltec_ros2/install/astra_msgs/include/astra_msgs/srv/detail/get_uvc_exposure__type_support.h
[5.094s] -- Up-to-date: /home/wheeltec/wheeltec_ros2/install/astra_msgs/include/astra_msgs/srv/detail/get_serial__struct.h
[5.095s] -- Up-to-date: /home/wheeltec/wheeltec_ros2/install/astra_msgs/include/astra_msgs/srv/detail/switch_ir_camera__type_support.h
[5.095s] -- Up-to-date: /home/wheeltec/wheeltec_ros2/install/astra_msgs/include/astra_msgs/srv/detail/set_ir_gain__struct.h
[5.095s] -- Up-to-date: /home/wheeltec/wheeltec_ros2/install/astra_msgs/include/astra_msgs/srv/detail/set_auto_exposure__type_support.h
[5.096s] -- Up-to-date: /home/wheeltec/wheeltec_ros2/install/astra_msgs/include/astra_msgs/srv/detail/switch_ir_camera__functions.c
[5.097s] -- Up-to-date: /home/wheeltec/wheeltec_ros2/install/astra_msgs/include/astra_msgs/srv/detail/set_fan__struct.h
[5.097s] -- Up-to-date: /home/wheeltec/wheeltec_ros2/install/astra_msgs/include/astra_msgs/srv/detail/set_mirror__functions.c
[5.098s] -- Up-to-date: /home/wheeltec/wheeltec_ros2/install/astra_msgs/include/astra_msgs/srv/detail/get_ir_gain__type_support.h
[5.098s] -- Up-to-date: /home/wheeltec/wheeltec_ros2/install/astra_msgs/include/astra_msgs/srv/detail/set_laser__type_support.h
[5.099s] -- Up-to-date: /home/wheeltec/wheeltec_ros2/install/astra_msgs/include/astra_msgs/srv/detail/get_uvc_white_balance__type_support.h
[5.099s] -- Up-to-date: /home/wheeltec/wheeltec_ros2/install/astra_msgs/include/astra_msgs/srv/detail/get_serial__functions.c
[5.099s] -- Up-to-date: /home/wheeltec/wheeltec_ros2/install/astra_msgs/include/astra_msgs/srv/detail/set_ir_flood__type_support.h
[5.100s] -- Up-to-date: /home/wheeltec/wheeltec_ros2/install/astra_msgs/include/astra_msgs/srv/detail/set_ldp__type_support.h
[5.101s] -- Up-to-date: /home/wheeltec/wheeltec_ros2/install/astra_msgs/include/astra_msgs/srv/detail/get_uvc_gain__functions.c
[5.102s] -- Up-to-date: /home/wheeltec/wheeltec_ros2/install/astra_msgs/include/astra_msgs/srv/detail/set_uvc_gain__functions.h
[5.102s] -- Up-to-date: /home/wheeltec/wheeltec_ros2/install/astra_msgs/include/astra_msgs/srv/detail/get_ir_gain__functions.h
[5.103s] -- Up-to-date: /home/wheeltec/wheeltec_ros2/install/astra_msgs/include/astra_msgs/srv/detail/set_ir_gain__functions.h
[5.103s] -- Up-to-date: /home/wheeltec/wheeltec_ros2/install/astra_msgs/include/astra_msgs/srv/detail/get_serial__functions.h
[5.103s] -- Up-to-date: /home/wheeltec/wheeltec_ros2/install/astra_msgs/include/astra_msgs/srv/detail/reset_ir_gain__functions.h
[5.104s] -- Up-to-date: /home/wheeltec/wheeltec_ros2/install/astra_msgs/include/astra_msgs/srv/detail/get_ir_exposure__functions.c
[5.104s] -- Up-to-date: /home/wheeltec/wheeltec_ros2/install/astra_msgs/include/astra_msgs/srv/detail/get_camera_info__type_support.h
[5.105s] -- Up-to-date: /home/wheeltec/wheeltec_ros2/install/astra_msgs/include/astra_msgs/srv/detail/set_distortioncal__type_support.h
[5.105s] -- Up-to-date: /home/wheeltec/wheeltec_ros2/install/astra_msgs/include/astra_msgs/srv/detail/set_ae_enable__functions.c
[5.106s] -- Up-to-date: /home/wheeltec/wheeltec_ros2/install/astra_msgs/include/astra_msgs/srv/detail/get_ir_exposure__functions.h
[5.106s] -- Up-to-date: /home/wheeltec/wheeltec_ros2/install/astra_msgs/include/astra_msgs/srv/detail/set_ldp__struct.h
[5.107s] -- Up-to-date: /home/wheeltec/wheeltec_ros2/install/astra_msgs/include/astra_msgs/srv/get_version.h
[5.108s] -- Up-to-date: /home/wheeltec/wheeltec_ros2/install/astra_msgs/include/astra_msgs/srv/set_fan.h
[5.108s] -- Up-to-date: /home/wheeltec/wheeltec_ros2/install/astra_msgs/include/astra_msgs/srv/get_camera_info.h
[5.109s] -- Up-to-date: /home/wheeltec/wheeltec_ros2/install/astra_msgs/include/astra_msgs/srv/set_ir_flood.h
[5.109s] -- Up-to-date: /home/wheeltec/wheeltec_ros2/install/astra_msgs/include/astra_msgs/srv/set_ir_exposure.h
[5.110s] -- Up-to-date: /home/wheeltec/wheeltec_ros2/install/astra_msgs/include/astra_msgs/srv/set_uvc_exposure.h
[5.110s] -- Up-to-date: /home/wheeltec/wheeltec_ros2/install/astra_msgs/include/astra_msgs/srv/get_ir_gain.h
[5.110s] -- Up-to-date: /home/wheeltec/wheeltec_ros2/install/astra_msgs/include/astra_msgs/srv/get_ir_exposure.h
[5.111s] -- Up-to-date: /home/wheeltec/wheeltec_ros2/install/astra_msgs/include/astra_msgs/srv/set_ldp.h
[5.125s] -- Up-to-date: /home/wheeltec/wheeltec_ros2/install/astra_msgs/include/astra_msgs/srv/set_distortioncal.h
[5.132s] -- Up-to-date: /home/wheeltec/wheeltec_ros2/install/astra_msgs/share/astra_msgs/environment/library_path.sh
[5.132s] -- Up-to-date: /home/wheeltec/wheeltec_ros2/install/astra_msgs/share/astra_msgs/environment/library_path.dsv
[5.132s] -- Up-to-date: /home/wheeltec/wheeltec_ros2/install/astra_msgs/lib/libastra_msgs__rosidl_generator_c.so
[5.133s] -- Up-to-date: /home/wheeltec/wheeltec_ros2/install/astra_msgs/include/astra_msgs
[5.133s] -- Up-to-date: /home/wheeltec/wheeltec_ros2/install/astra_msgs/include/astra_msgs/msg
[5.133s] -- Up-to-date: /home/wheeltec/wheeltec_ros2/install/astra_msgs/include/astra_msgs/msg/rosidl_typesupport_fastrtps_c__visibility_control.h
[5.134s] -- Up-to-date: /home/wheeltec/wheeltec_ros2/install/astra_msgs/include/astra_msgs/srv
[5.134s] -- Up-to-date: /home/wheeltec/wheeltec_ros2/install/astra_msgs/include/astra_msgs/srv/detail
[5.135s] -- Up-to-date: /home/wheeltec/wheeltec_ros2/install/astra_msgs/include/astra_msgs/srv/detail/set_ir_flood__rosidl_typesupport_fastrtps_c.h
[5.135s] -- Up-to-date: /home/wheeltec/wheeltec_ros2/install/astra_msgs/include/astra_msgs/srv/detail/set_distortioncal__rosidl_typesupport_fastrtps_c.h
[5.135s] -- Up-to-date: /home/wheeltec/wheeltec_ros2/install/astra_msgs/include/astra_msgs/srv/detail/set_auto_exposure__rosidl_typesupport_fastrtps_c.h
[5.136s] -- Up-to-date: /home/wheeltec/wheeltec_ros2/install/astra_msgs/include/astra_msgs/srv/detail/reset_ir_gain__rosidl_typesupport_fastrtps_c.h
[5.136s] -- Up-to-date: /home/wheeltec/wheeltec_ros2/install/astra_msgs/include/astra_msgs/srv/detail/get_uvc_gain__rosidl_typesupport_fastrtps_c.h
[5.137s] -- Up-to-date: /home/wheeltec/wheeltec_ros2/install/astra_msgs/include/astra_msgs/srv/detail/set_ir_gain__rosidl_typesupport_fastrtps_c.h
[5.137s] -- Up-to-date: /home/wheeltec/wheeltec_ros2/install/astra_msgs/include/astra_msgs/srv/detail/get_ir_gain__rosidl_typesupport_fastrtps_c.h
[5.137s] -- Up-to-date: /home/wheeltec/wheeltec_ros2/install/astra_msgs/include/astra_msgs/srv/detail/get_device_type__rosidl_typesupport_fastrtps_c.h
[5.138s] -- Up-to-date: /home/wheeltec/wheeltec_ros2/install/astra_msgs/include/astra_msgs/srv/detail/get_version__rosidl_typesupport_fastrtps_c.h
[5.154s] -- Up-to-date: /home/wheeltec/wheeltec_ros2/install/astra_msgs/include/astra_msgs/srv/detail/set_ldp__rosidl_typesupport_fastrtps_c.h
[5.155s] -- Up-to-date: /home/wheeltec/wheeltec_ros2/install/astra_msgs/include/astra_msgs/srv/detail/set_laser__rosidl_typesupport_fastrtps_c.h
[5.155s] -- Up-to-date: /home/wheeltec/wheeltec_ros2/install/astra_msgs/include/astra_msgs/srv/detail/set_auto_white_balance__rosidl_typesupport_fastrtps_c.h
[5.156s] -- Up-to-date: /home/wheeltec/wheeltec_ros2/install/astra_msgs/include/astra_msgs/srv/detail/set_mirror__rosidl_typesupport_fastrtps_c.h
[5.156s] -- Up-to-date: /home/wheeltec/wheeltec_ros2/install/astra_msgs/include/astra_msgs/srv/detail/switch_ir_camera__rosidl_typesupport_fastrtps_c.h
[5.157s] -- Up-to-date: /home/wheeltec/wheeltec_ros2/install/astra_msgs/include/astra_msgs/srv/detail/get_serial__rosidl_typesupport_fastrtps_c.h
[5.157s] -- Up-to-date: /home/wheeltec/wheeltec_ros2/install/astra_msgs/include/astra_msgs/srv/detail/get_camera_info__rosidl_typesupport_fastrtps_c.h
[5.157s] -- Up-to-date: /home/wheeltec/wheeltec_ros2/install/astra_msgs/include/astra_msgs/srv/detail/set_uvc_exposure__rosidl_typesupport_fastrtps_c.h
[5.158s] -- Up-to-date: /home/wheeltec/wheeltec_ros2/install/astra_msgs/include/astra_msgs/srv/detail/get_ir_exposure__rosidl_typesupport_fastrtps_c.h
[5.158s] -- Up-to-date: /home/wheeltec/wheeltec_ros2/install/astra_msgs/include/astra_msgs/srv/detail/get_uvc_white_balance__rosidl_typesupport_fastrtps_c.h
[5.158s] -- Up-to-date: /home/wheeltec/wheeltec_ros2/install/astra_msgs/include/astra_msgs/srv/detail/reset_ir_exposure__rosidl_typesupport_fastrtps_c.h
[5.159s] -- Up-to-date: /home/wheeltec/wheeltec_ros2/install/astra_msgs/include/astra_msgs/srv/detail/set_uvc_gain__rosidl_typesupport_fastrtps_c.h
[5.159s] -- Up-to-date: /home/wheeltec/wheeltec_ros2/install/astra_msgs/include/astra_msgs/srv/detail/set_ir_exposure__rosidl_typesupport_fastrtps_c.h
[5.159s] -- Up-to-date: /home/wheeltec/wheeltec_ros2/install/astra_msgs/include/astra_msgs/srv/detail/set_fan__rosidl_typesupport_fastrtps_c.h
[5.160s] -- Up-to-date: /home/wheeltec/wheeltec_ros2/install/astra_msgs/include/astra_msgs/srv/detail/set_ae_enable__rosidl_typesupport_fastrtps_c.h
[5.160s] -- Up-to-date: /home/wheeltec/wheeltec_ros2/install/astra_msgs/include/astra_msgs/srv/detail/set_uvc_white_balance__rosidl_typesupport_fastrtps_c.h
[5.161s] -- Up-to-date: /home/wheeltec/wheeltec_ros2/install/astra_msgs/include/astra_msgs/srv/detail/get_uvc_exposure__rosidl_typesupport_fastrtps_c.h
[5.161s] -- Up-to-date: /home/wheeltec/wheeltec_ros2/install/astra_msgs/lib/libastra_msgs__rosidl_typesupport_fastrtps_c.so
[5.162s] -- Up-to-date: /home/wheeltec/wheeltec_ros2/install/astra_msgs/include/astra_msgs
[5.162s] -- Up-to-date: /home/wheeltec/wheeltec_ros2/install/astra_msgs/include/astra_msgs/msg
[5.162s] -- Up-to-date: /home/wheeltec/wheeltec_ros2/install/astra_msgs/include/astra_msgs/msg/rosidl_typesupport_fastrtps_cpp__visibility_control.h
[5.163s] -- Up-to-date: /home/wheeltec/wheeltec_ros2/install/astra_msgs/include/astra_msgs/srv
[5.163s] -- Up-to-date: /home/wheeltec/wheeltec_ros2/install/astra_msgs/include/astra_msgs/srv/detail
[5.163s] -- Up-to-date: /home/wheeltec/wheeltec_ros2/install/astra_msgs/include/astra_msgs/srv/detail/dds_fastrtps
[5.164s] -- Up-to-date: /home/wheeltec/wheeltec_ros2/install/astra_msgs/include/astra_msgs/srv/detail/set_ldp__rosidl_typesupport_fastrtps_cpp.hpp
[5.164s] -- Up-to-date: /home/wheeltec/wheeltec_ros2/install/astra_msgs/include/astra_msgs/srv/detail/get_ir_exposure__rosidl_typesupport_fastrtps_cpp.hpp
[5.165s] -- Up-to-date: /home/wheeltec/wheeltec_ros2/install/astra_msgs/include/astra_msgs/srv/detail/set_uvc_exposure__rosidl_typesupport_fastrtps_cpp.hpp
[5.165s] -- Up-to-date: /home/wheeltec/wheeltec_ros2/install/astra_msgs/include/astra_msgs/srv/detail/get_serial__rosidl_typesupport_fastrtps_cpp.hpp
[5.166s] -- Up-to-date: /home/wheeltec/wheeltec_ros2/install/astra_msgs/include/astra_msgs/srv/detail/get_uvc_gain__rosidl_typesupport_fastrtps_cpp.hpp
[5.166s] -- Up-to-date: /home/wheeltec/wheeltec_ros2/install/astra_msgs/include/astra_msgs/srv/detail/get_uvc_exposure__rosidl_typesupport_fastrtps_cpp.hpp
[5.166s] -- Up-to-date: /home/wheeltec/wheeltec_ros2/install/astra_msgs/include/astra_msgs/srv/detail/set_fan__rosidl_typesupport_fastrtps_cpp.hpp
[5.167s] -- Up-to-date: /home/wheeltec/wheeltec_ros2/install/astra_msgs/include/astra_msgs/srv/detail/get_version__rosidl_typesupport_fastrtps_cpp.hpp
[5.167s] -- Up-to-date: /home/wheeltec/wheeltec_ros2/install/astra_msgs/include/astra_msgs/srv/detail/set_uvc_white_balance__rosidl_typesupport_fastrtps_cpp.hpp
[5.167s] -- Up-to-date: /home/wheeltec/wheeltec_ros2/install/astra_msgs/include/astra_msgs/srv/detail/reset_ir_exposure__rosidl_typesupport_fastrtps_cpp.hpp
[5.168s] -- Up-to-date: /home/wheeltec/wheeltec_ros2/install/astra_msgs/include/astra_msgs/srv/detail/set_ir_gain__rosidl_typesupport_fastrtps_cpp.hpp
[5.168s] -- Up-to-date: /home/wheeltec/wheeltec_ros2/install/astra_msgs/include/astra_msgs/srv/detail/set_mirror__rosidl_typesupport_fastrtps_cpp.hpp
[5.169s] -- Up-to-date: /home/wheeltec/wheeltec_ros2/install/astra_msgs/include/astra_msgs/srv/detail/set_laser__rosidl_typesupport_fastrtps_cpp.hpp
[5.169s] -- Up-to-date: /home/wheeltec/wheeltec_ros2/install/astra_msgs/include/astra_msgs/srv/detail/set_auto_exposure__rosidl_typesupport_fastrtps_cpp.hpp
[5.169s] -- Up-to-date: /home/wheeltec/wheeltec_ros2/install/astra_msgs/include/astra_msgs/srv/detail/set_ae_enable__rosidl_typesupport_fastrtps_cpp.hpp
[5.170s] -- Up-to-date: /home/wheeltec/wheeltec_ros2/install/astra_msgs/include/astra_msgs/srv/detail/set_auto_white_balance__rosidl_typesupport_fastrtps_cpp.hpp
[5.180s] -- Up-to-date: /home/wheeltec/wheeltec_ros2/install/astra_msgs/include/astra_msgs/srv/detail/get_uvc_white_balance__rosidl_typesupport_fastrtps_cpp.hpp
[5.181s] -- Up-to-date: /home/wheeltec/wheeltec_ros2/install/astra_msgs/include/astra_msgs/srv/detail/switch_ir_camera__rosidl_typesupport_fastrtps_cpp.hpp
[5.181s] -- Up-to-date: /home/wheeltec/wheeltec_ros2/install/astra_msgs/include/astra_msgs/srv/detail/reset_ir_gain__rosidl_typesupport_fastrtps_cpp.hpp
[5.182s] -- Up-to-date: /home/wheeltec/wheeltec_ros2/install/astra_msgs/include/astra_msgs/srv/detail/get_device_type__rosidl_typesupport_fastrtps_cpp.hpp
[5.182s] -- Up-to-date: /home/wheeltec/wheeltec_ros2/install/astra_msgs/include/astra_msgs/srv/detail/set_distortioncal__rosidl_typesupport_fastrtps_cpp.hpp
[5.183s] -- Up-to-date: /home/wheeltec/wheeltec_ros2/install/astra_msgs/include/astra_msgs/srv/detail/set_uvc_gain__rosidl_typesupport_fastrtps_cpp.hpp
[5.183s] -- Up-to-date: /home/wheeltec/wheeltec_ros2/install/astra_msgs/include/astra_msgs/srv/detail/set_ir_flood__rosidl_typesupport_fastrtps_cpp.hpp
[5.184s] -- Up-to-date: /home/wheeltec/wheeltec_ros2/install/astra_msgs/include/astra_msgs/srv/detail/set_ir_exposure__rosidl_typesupport_fastrtps_cpp.hpp
[5.185s] -- Up-to-date: /home/wheeltec/wheeltec_ros2/install/astra_msgs/include/astra_msgs/srv/detail/get_camera_info__rosidl_typesupport_fastrtps_cpp.hpp
[5.185s] -- Up-to-date: /home/wheeltec/wheeltec_ros2/install/astra_msgs/include/astra_msgs/srv/detail/get_ir_gain__rosidl_typesupport_fastrtps_cpp.hpp
[5.186s] -- Up-to-date: /home/wheeltec/wheeltec_ros2/install/astra_msgs/lib/libastra_msgs__rosidl_typesupport_fastrtps_cpp.so
[5.186s] -- Up-to-date: /home/wheeltec/wheeltec_ros2/install/astra_msgs/include/astra_msgs
[5.186s] -- Up-to-date: /home/wheeltec/wheeltec_ros2/install/astra_msgs/include/astra_msgs/msg
[5.187s] -- Up-to-date: /home/wheeltec/wheeltec_ros2/install/astra_msgs/include/astra_msgs/msg/rosidl_typesupport_introspection_c__visibility_control.h
[5.187s] -- Up-to-date: /home/wheeltec/wheeltec_ros2/install/astra_msgs/include/astra_msgs/srv
[5.187s] -- Up-to-date: /home/wheeltec/wheeltec_ros2/install/astra_msgs/include/astra_msgs/srv/detail
[5.188s] -- Up-to-date: /home/wheeltec/wheeltec_ros2/install/astra_msgs/include/astra_msgs/srv/detail/set_uvc_white_balance__type_support.c
[5.188s] -- Up-to-date: /home/wheeltec/wheeltec_ros2/install/astra_msgs/include/astra_msgs/srv/detail/set_laser__rosidl_typesupport_introspection_c.h
[5.189s] -- Up-to-date: /home/wheeltec/wheeltec_ros2/install/astra_msgs/include/astra_msgs/srv/detail/set_ir_exposure__rosidl_typesupport_introspection_c.h
[5.189s] -- Up-to-date: /home/wheeltec/wheeltec_ros2/install/astra_msgs/include/astra_msgs/srv/detail/set_distortioncal__rosidl_typesupport_introspection_c.h
[5.190s] -- Up-to-date: /home/wheeltec/wheeltec_ros2/install/astra_msgs/include/astra_msgs/srv/detail/set_auto_exposure__type_support.c
[5.190s] -- Up-to-date: /home/wheeltec/wheeltec_ros2/install/astra_msgs/include/astra_msgs/srv/detail/get_uvc_white_balance__rosidl_typesupport_introspection_c.h
[5.191s] -- Up-to-date: /home/wheeltec/wheeltec_ros2/install/astra_msgs/include/astra_msgs/srv/detail/set_uvc_white_balance__rosidl_typesupport_introspection_c.h
[5.191s] -- Up-to-date: /home/wheeltec/wheeltec_ros2/install/astra_msgs/include/astra_msgs/srv/detail/get_camera_info__type_support.c
[5.191s] -- Up-to-date: /home/wheeltec/wheeltec_ros2/install/astra_msgs/include/astra_msgs/srv/detail/reset_ir_exposure__type_support.c
[5.192s] -- Up-to-date: /home/wheeltec/wheeltec_ros2/install/astra_msgs/include/astra_msgs/srv/detail/get_device_type__rosidl_typesupport_introspection_c.h
[5.192s] -- Up-to-date: /home/wheeltec/wheeltec_ros2/install/astra_msgs/include/astra_msgs/srv/detail/set_laser__type_support.c
[5.194s] -- Up-to-date: /home/wheeltec/wheeltec_ros2/install/astra_msgs/include/astra_msgs/srv/detail/set_ae_enable__rosidl_typesupport_introspection_c.h
[5.210s] -- Up-to-date: /home/wheeltec/wheeltec_ros2/install/astra_msgs/include/astra_msgs/srv/detail/set_mirror__type_support.c
[5.210s] -- Up-to-date: /home/wheeltec/wheeltec_ros2/install/astra_msgs/include/astra_msgs/srv/detail/get_uvc_white_balance__type_support.c
[5.210s] -- Up-to-date: /home/wheeltec/wheeltec_ros2/install/astra_msgs/include/astra_msgs/srv/detail/get_serial__rosidl_typesupport_introspection_c.h
[5.211s] -- Up-to-date: /home/wheeltec/wheeltec_ros2/install/astra_msgs/include/astra_msgs/srv/detail/switch_ir_camera__rosidl_typesupport_introspection_c.h
[5.211s] -- Up-to-date: /home/wheeltec/wheeltec_ros2/install/astra_msgs/include/astra_msgs/srv/detail/reset_ir_exposure__rosidl_typesupport_introspection_c.h
[5.212s] -- Up-to-date: /home/wheeltec/wheeltec_ros2/install/astra_msgs/include/astra_msgs/srv/detail/get_uvc_exposure__type_support.c
[5.212s] -- Up-to-date: /home/wheeltec/wheeltec_ros2/install/astra_msgs/include/astra_msgs/srv/detail/reset_ir_gain__type_support.c
[5.212s] -- Up-to-date: /home/wheeltec/wheeltec_ros2/install/astra_msgs/include/astra_msgs/srv/detail/set_auto_white_balance__type_support.c
[5.213s] -- Up-to-date: /home/wheeltec/wheeltec_ros2/install/astra_msgs/include/astra_msgs/srv/detail/set_distortioncal__type_support.c
[5.213s] -- Up-to-date: /home/wheeltec/wheeltec_ros2/install/astra_msgs/include/astra_msgs/srv/detail/get_uvc_gain__rosidl_typesupport_introspection_c.h
[5.214s] -- Up-to-date: /home/wheeltec/wheeltec_ros2/install/astra_msgs/include/astra_msgs/srv/detail/get_device_type__type_support.c
[5.214s] -- Up-to-date: /home/wheeltec/wheeltec_ros2/install/astra_msgs/include/astra_msgs/srv/detail/get_version__rosidl_typesupport_introspection_c.h
[5.214s] -- Up-to-date: /home/wheeltec/wheeltec_ros2/install/astra_msgs/include/astra_msgs/srv/detail/set_auto_white_balance__rosidl_typesupport_introspection_c.h
[5.215s] -- Up-to-date: /home/wheeltec/wheeltec_ros2/install/astra_msgs/include/astra_msgs/srv/detail/get_uvc_gain__type_support.c
[5.215s] -- Up-to-date: /home/wheeltec/wheeltec_ros2/install/astra_msgs/include/astra_msgs/srv/detail/set_ir_gain__type_support.c
[5.215s] -- Up-to-date: /home/wheeltec/wheeltec_ros2/install/astra_msgs/include/astra_msgs/srv/detail/set_ir_flood__rosidl_typesupport_introspection_c.h
[5.216s] -- Up-to-date: /home/wheeltec/wheeltec_ros2/install/astra_msgs/include/astra_msgs/srv/detail/set_uvc_gain__rosidl_typesupport_introspection_c.h
[5.216s] -- Up-to-date: /home/wheeltec/wheeltec_ros2/install/astra_msgs/include/astra_msgs/srv/detail/get_serial__type_support.c
[5.217s] -- Up-to-date: /home/wheeltec/wheeltec_ros2/install/astra_msgs/include/astra_msgs/srv/detail/set_fan__rosidl_typesupport_introspection_c.h
[5.217s] -- Up-to-date: /home/wheeltec/wheeltec_ros2/install/astra_msgs/include/astra_msgs/srv/detail/reset_ir_gain__rosidl_typesupport_introspection_c.h
[5.217s] -- Up-to-date: /home/wheeltec/wheeltec_ros2/install/astra_msgs/include/astra_msgs/srv/detail/set_ae_enable__type_support.c
[5.218s] -- Up-to-date: /home/wheeltec/wheeltec_ros2/install/astra_msgs/include/astra_msgs/srv/detail/switch_ir_camera__type_support.c
[5.218s] -- Up-to-date: /home/wheeltec/wheeltec_ros2/install/astra_msgs/include/astra_msgs/srv/detail/set_ldp__type_support.c
[5.218s] -- Up-to-date: /home/wheeltec/wheeltec_ros2/install/astra_msgs/include/astra_msgs/srv/detail/set_ir_flood__type_support.c
[5.219s] -- Up-to-date: /home/wheeltec/wheeltec_ros2/install/astra_msgs/include/astra_msgs/srv/detail/get_camera_info__rosidl_typesupport_introspection_c.h
[5.219s] -- Up-to-date: /home/wheeltec/wheeltec_ros2/install/astra_msgs/include/astra_msgs/srv/detail/set_fan__type_support.c
[5.220s] -- Up-to-date: /home/wheeltec/wheeltec_ros2/install/astra_msgs/include/astra_msgs/srv/detail/set_uvc_exposure__type_support.c
[5.220s] -- Up-to-date: /home/wheeltec/wheeltec_ros2/install/astra_msgs/include/astra_msgs/srv/detail/set_mirror__rosidl_typesupport_introspection_c.h
[5.221s] -- Up-to-date: /home/wheeltec/wheeltec_ros2/install/astra_msgs/include/astra_msgs/srv/detail/get_ir_exposure__rosidl_typesupport_introspection_c.h
[5.221s] -- Up-to-date: /home/wheeltec/wheeltec_ros2/install/astra_msgs/include/astra_msgs/srv/detail/set_auto_exposure__rosidl_typesupport_introspection_c.h
[5.221s] -- Up-to-date: /home/wheeltec/wheeltec_ros2/install/astra_msgs/include/astra_msgs/srv/detail/get_ir_gain__rosidl_typesupport_introspection_c.h
[5.222s] -- Up-to-date: /home/wheeltec/wheeltec_ros2/install/astra_msgs/include/astra_msgs/srv/detail/set_ldp__rosidl_typesupport_introspection_c.h
[5.222s] -- Up-to-date: /home/wheeltec/wheeltec_ros2/install/astra_msgs/include/astra_msgs/srv/detail/set_uvc_gain__type_support.c
[5.222s] -- Up-to-date: /home/wheeltec/wheeltec_ros2/install/astra_msgs/include/astra_msgs/srv/detail/get_version__type_support.c
[5.223s] -- Up-to-date: /home/wheeltec/wheeltec_ros2/install/astra_msgs/include/astra_msgs/srv/detail/get_ir_gain__type_support.c
[5.223s] -- Up-to-date: /home/wheeltec/wheeltec_ros2/install/astra_msgs/include/astra_msgs/srv/detail/set_ir_exposure__type_support.c
[5.224s] -- Up-to-date: /home/wheeltec/wheeltec_ros2/install/astra_msgs/include/astra_msgs/srv/detail/get_ir_exposure__type_support.c
[5.246s] -- Up-to-date: /home/wheeltec/wheeltec_ros2/install/astra_msgs/include/astra_msgs/srv/detail/get_uvc_exposure__rosidl_typesupport_introspection_c.h
[5.253s] -- Up-to-date: /home/wheeltec/wheeltec_ros2/install/astra_msgs/include/astra_msgs/srv/detail/set_ir_gain__rosidl_typesupport_introspection_c.h
[5.254s] -- Up-to-date: /home/wheeltec/wheeltec_ros2/install/astra_msgs/include/astra_msgs/srv/detail/set_uvc_exposure__rosidl_typesupport_introspection_c.h
[5.255s] -- Up-to-date: /home/wheeltec/wheeltec_ros2/install/astra_msgs/lib/libastra_msgs__rosidl_typesupport_introspection_c.so
[5.256s] -- Up-to-date: /home/wheeltec/wheeltec_ros2/install/astra_msgs/lib/libastra_msgs__rosidl_typesupport_c.so
[5.257s] -- Up-to-date: /home/wheeltec/wheeltec_ros2/install/astra_msgs/include/astra_msgs
[5.258s] -- Up-to-date: /home/wheeltec/wheeltec_ros2/install/astra_msgs/include/astra_msgs/srv
[5.259s] -- Up-to-date: /home/wheeltec/wheeltec_ros2/install/astra_msgs/include/astra_msgs/srv/set_auto_exposure.hpp
[5.260s] -- Up-to-date: /home/wheeltec/wheeltec_ros2/install/astra_msgs/include/astra_msgs/srv/set_uvc_gain.hpp
[5.261s] -- Up-to-date: /home/wheeltec/wheeltec_ros2/install/astra_msgs/include/astra_msgs/srv/set_ae_enable.hpp
[5.262s] -- Up-to-date: /home/wheeltec/wheeltec_ros2/install/astra_msgs/include/astra_msgs/srv/switch_ir_camera.hpp
[5.263s] -- Up-to-date: /home/wheeltec/wheeltec_ros2/install/astra_msgs/include/astra_msgs/srv/get_serial.hpp
[5.263s] -- Up-to-date: /home/wheeltec/wheeltec_ros2/install/astra_msgs/include/astra_msgs/srv/get_uvc_white_balance.hpp
[5.264s] -- Up-to-date: /home/wheeltec/wheeltec_ros2/install/astra_msgs/include/astra_msgs/srv/reset_ir_exposure.hpp
[5.264s] -- Up-to-date: /home/wheeltec/wheeltec_ros2/install/astra_msgs/include/astra_msgs/srv/set_uvc_white_balance.hpp
[5.264s] -- Up-to-date: /home/wheeltec/wheeltec_ros2/install/astra_msgs/include/astra_msgs/srv/set_ir_gain.hpp
[5.265s] -- Up-to-date: /home/wheeltec/wheeltec_ros2/install/astra_msgs/include/astra_msgs/srv/set_auto_white_balance.hpp
[5.265s] -- Up-to-date: /home/wheeltec/wheeltec_ros2/install/astra_msgs/include/astra_msgs/srv/get_camera_info.hpp
[5.266s] -- Up-to-date: /home/wheeltec/wheeltec_ros2/install/astra_msgs/include/astra_msgs/srv/set_uvc_exposure.hpp
[5.266s] -- Up-to-date: /home/wheeltec/wheeltec_ros2/install/astra_msgs/include/astra_msgs/srv/set_fan.hpp
[5.266s] -- Up-to-date: /home/wheeltec/wheeltec_ros2/install/astra_msgs/include/astra_msgs/srv/get_ir_exposure.hpp
[5.267s] -- Up-to-date: /home/wheeltec/wheeltec_ros2/install/astra_msgs/include/astra_msgs/srv/set_mirror.hpp
[5.267s] -- Up-to-date: /home/wheeltec/wheeltec_ros2/install/astra_msgs/include/astra_msgs/srv/detail
[5.267s] -- Up-to-date: /home/wheeltec/wheeltec_ros2/install/astra_msgs/include/astra_msgs/srv/detail/get_uvc_exposure__builder.hpp
[5.268s] -- Up-to-date: /home/wheeltec/wheeltec_ros2/install/astra_msgs/include/astra_msgs/srv/detail/set_laser__struct.hpp
[5.281s] -- Up-to-date: /home/wheeltec/wheeltec_ros2/install/astra_msgs/include/astra_msgs/srv/detail/set_fan__struct.hpp
[5.281s] -- Up-to-date: /home/wheeltec/wheeltec_ros2/install/astra_msgs/include/astra_msgs/srv/detail/set_uvc_white_balance__builder.hpp
[5.282s] -- Up-to-date: /home/wheeltec/wheeltec_ros2/install/astra_msgs/include/astra_msgs/srv/detail/set_uvc_white_balance__traits.hpp
[5.282s] -- Up-to-date: /home/wheeltec/wheeltec_ros2/install/astra_msgs/include/astra_msgs/srv/detail/get_serial__builder.hpp
[5.283s] -- Up-to-date: /home/wheeltec/wheeltec_ros2/install/astra_msgs/include/astra_msgs/srv/detail/get_ir_exposure__builder.hpp
[5.283s] -- Up-to-date: /home/wheeltec/wheeltec_ros2/install/astra_msgs/include/astra_msgs/srv/detail/set_ir_exposure__traits.hpp
[5.289s] -- Up-to-date: /home/wheeltec/wheeltec_ros2/install/astra_msgs/include/astra_msgs/srv/detail/reset_ir_exposure__traits.hpp
[5.290s] -- Up-to-date: /home/wheeltec/wheeltec_ros2/install/astra_msgs/include/astra_msgs/srv/detail/set_ae_enable__struct.hpp
[5.290s] -- Up-to-date: /home/wheeltec/wheeltec_ros2/install/astra_msgs/include/astra_msgs/srv/detail/set_distortioncal__struct.hpp
[5.291s] -- Up-to-date: /home/wheeltec/wheeltec_ros2/install/astra_msgs/include/astra_msgs/srv/detail/set_ir_exposure__struct.hpp
[5.291s] -- Up-to-date: /home/wheeltec/wheeltec_ros2/install/astra_msgs/include/astra_msgs/srv/detail/set_mirror__builder.hpp
[5.292s] -- Up-to-date: /home/wheeltec/wheeltec_ros2/install/astra_msgs/include/astra_msgs/srv/detail/switch_ir_camera__builder.hpp
[5.292s] -- Up-to-date: /home/wheeltec/wheeltec_ros2/install/astra_msgs/include/astra_msgs/srv/detail/set_fan__builder.hpp
[5.293s] -- Up-to-date: /home/wheeltec/wheeltec_ros2/install/astra_msgs/include/astra_msgs/srv/detail/set_distortioncal__builder.hpp
[5.293s] -- Up-to-date: /home/wheeltec/wheeltec_ros2/install/astra_msgs/include/astra_msgs/srv/detail/set_uvc_exposure__traits.hpp
[5.294s] -- Up-to-date: /home/wheeltec/wheeltec_ros2/install/astra_msgs/include/astra_msgs/srv/detail/get_ir_gain__builder.hpp
[5.294s] -- Up-to-date: /home/wheeltec/wheeltec_ros2/install/astra_msgs/include/astra_msgs/srv/detail/set_ir_gain__struct.hpp
[5.295s] -- Up-to-date: /home/wheeltec/wheeltec_ros2/install/astra_msgs/include/astra_msgs/srv/detail/set_ae_enable__builder.hpp
[5.295s] -- Up-to-date: /home/wheeltec/wheeltec_ros2/install/astra_msgs/include/astra_msgs/srv/detail/reset_ir_exposure__struct.hpp
[5.296s] -- Up-to-date: /home/wheeltec/wheeltec_ros2/install/astra_msgs/include/astra_msgs/srv/detail/set_uvc_gain__builder.hpp
[5.296s] -- Up-to-date: /home/wheeltec/wheeltec_ros2/install/astra_msgs/include/astra_msgs/srv/detail/set_ir_flood__traits.hpp
[5.297s] -- Up-to-date: /home/wheeltec/wheeltec_ros2/install/astra_msgs/include/astra_msgs/srv/detail/reset_ir_gain__struct.hpp
[5.297s] -- Up-to-date: /home/wheeltec/wheeltec_ros2/install/astra_msgs/include/astra_msgs/srv/detail/reset_ir_gain__builder.hpp
[5.297s] -- Up-to-date: /home/wheeltec/wheeltec_ros2/install/astra_msgs/include/astra_msgs/srv/detail/get_uvc_gain__traits.hpp
[5.298s] -- Up-to-date: /home/wheeltec/wheeltec_ros2/install/astra_msgs/include/astra_msgs/srv/detail/switch_ir_camera__struct.hpp
[5.298s] -- Up-to-date: /home/wheeltec/wheeltec_ros2/install/astra_msgs/include/astra_msgs/srv/detail/get_version__struct.hpp
[5.299s] -- Up-to-date: /home/wheeltec/wheeltec_ros2/install/astra_msgs/include/astra_msgs/srv/detail/get_camera_info__struct.hpp
[5.307s] -- Up-to-date: /home/wheeltec/wheeltec_ros2/install/astra_msgs/include/astra_msgs/srv/detail/set_auto_white_balance__builder.hpp
[5.314s] -- Up-to-date: /home/wheeltec/wheeltec_ros2/install/astra_msgs/include/astra_msgs/srv/detail/set_uvc_gain__struct.hpp
[5.314s] -- Up-to-date: /home/wheeltec/wheeltec_ros2/install/astra_msgs/include/astra_msgs/srv/detail/set_auto_white_balance__struct.hpp
[5.315s] -- Up-to-date: /home/wheeltec/wheeltec_ros2/install/astra_msgs/include/astra_msgs/srv/detail/set_auto_exposure__traits.hpp
[5.315s] -- Up-to-date: /home/wheeltec/wheeltec_ros2/install/astra_msgs/include/astra_msgs/srv/detail/set_ir_exposure__builder.hpp
[5.316s] -- Up-to-date: /home/wheeltec/wheeltec_ros2/install/astra_msgs/include/astra_msgs/srv/detail/get_ir_exposure__traits.hpp
[5.316s] -- Up-to-date: /home/wheeltec/wheeltec_ros2/install/astra_msgs/include/astra_msgs/srv/detail/set_ir_gain__builder.hpp
[5.317s] -- Up-to-date: /home/wheeltec/wheeltec_ros2/install/astra_msgs/include/astra_msgs/srv/detail/set_uvc_exposure__struct.hpp
[5.317s] -- Up-to-date: /home/wheeltec/wheeltec_ros2/install/astra_msgs/include/astra_msgs/srv/detail/get_serial__struct.hpp
[5.317s] -- Up-to-date: /home/wheeltec/wheeltec_ros2/install/astra_msgs/include/astra_msgs/srv/detail/get_device_type__traits.hpp
[5.318s] -- Up-to-date: /home/wheeltec/wheeltec_ros2/install/astra_msgs/include/astra_msgs/srv/detail/get_uvc_gain__builder.hpp
[5.322s] -- Up-to-date: /home/wheeltec/wheeltec_ros2/install/astra_msgs/include/astra_msgs/srv/detail/get_camera_info__builder.hpp
[5.325s] -- Up-to-date: /home/wheeltec/wheeltec_ros2/install/astra_msgs/include/astra_msgs/srv/detail/set_ldp__struct.hpp
[5.325s] -- Up-to-date: /home/wheeltec/wheeltec_ros2/install/astra_msgs/include/astra_msgs/srv/detail/get_uvc_exposure__traits.hpp
[5.326s] -- Up-to-date: /home/wheeltec/wheeltec_ros2/install/astra_msgs/include/astra_msgs/srv/detail/set_ir_flood__builder.hpp
[5.326s] -- Up-to-date: /home/wheeltec/wheeltec_ros2/install/astra_msgs/include/astra_msgs/srv/detail/set_ldp__builder.hpp
[5.327s] -- Up-to-date: /home/wheeltec/wheeltec_ros2/install/astra_msgs/include/astra_msgs/srv/detail/get_camera_info__traits.hpp
[5.328s] -- Up-to-date: /home/wheeltec/wheeltec_ros2/install/astra_msgs/include/astra_msgs/srv/detail/switch_ir_camera__traits.hpp
[5.328s] -- Up-to-date: /home/wheeltec/wheeltec_ros2/install/astra_msgs/include/astra_msgs/srv/detail/get_uvc_white_balance__traits.hpp
[5.329s] -- Up-to-date: /home/wheeltec/wheeltec_ros2/install/astra_msgs/include/astra_msgs/srv/detail/get_ir_gain__traits.hpp
[5.331s] -- Up-to-date: /home/wheeltec/wheeltec_ros2/install/astra_msgs/include/astra_msgs/srv/detail/set_ir_gain__traits.hpp
[5.332s] -- Up-to-date: /home/wheeltec/wheeltec_ros2/install/astra_msgs/include/astra_msgs/srv/detail/set_auto_exposure__builder.hpp
[5.333s] -- Up-to-date: /home/wheeltec/wheeltec_ros2/install/astra_msgs/include/astra_msgs/srv/detail/get_uvc_white_balance__struct.hpp
[5.333s] -- Up-to-date: /home/wheeltec/wheeltec_ros2/install/astra_msgs/include/astra_msgs/srv/detail/set_uvc_gain__traits.hpp
[5.339s] -- Up-to-date: /home/wheeltec/wheeltec_ros2/install/astra_msgs/include/astra_msgs/srv/detail/set_mirror__struct.hpp
[5.342s] -- Up-to-date: /home/wheeltec/wheeltec_ros2/install/astra_msgs/include/astra_msgs/srv/detail/set_ldp__traits.hpp
[5.343s] -- Up-to-date: /home/wheeltec/wheeltec_ros2/install/astra_msgs/include/astra_msgs/srv/detail/reset_ir_gain__traits.hpp
[5.344s] -- Up-to-date: /home/wheeltec/wheeltec_ros2/install/astra_msgs/include/astra_msgs/srv/detail/set_distortioncal__traits.hpp
[5.345s] -- Up-to-date: /home/wheeltec/wheeltec_ros2/install/astra_msgs/include/astra_msgs/srv/detail/get_version__builder.hpp
[5.346s] -- Up-to-date: /home/wheeltec/wheeltec_ros2/install/astra_msgs/include/astra_msgs/srv/detail/set_uvc_exposure__builder.hpp
[5.347s] -- Up-to-date: /home/wheeltec/wheeltec_ros2/install/astra_msgs/include/astra_msgs/srv/detail/get_device_type__struct.hpp
[5.348s] -- Up-to-date: /home/wheeltec/wheeltec_ros2/install/astra_msgs/include/astra_msgs/srv/detail/get_uvc_gain__struct.hpp
[5.349s] -- Up-to-date: /home/wheeltec/wheeltec_ros2/install/astra_msgs/include/astra_msgs/srv/detail/get_serial__traits.hpp
[5.350s] -- Up-to-date: /home/wheeltec/wheeltec_ros2/install/astra_msgs/include/astra_msgs/srv/detail/set_auto_white_balance__traits.hpp
[5.351s] -- Up-to-date: /home/wheeltec/wheeltec_ros2/install/astra_msgs/include/astra_msgs/srv/detail/set_mirror__traits.hpp
[5.354s] -- Up-to-date: /home/wheeltec/wheeltec_ros2/install/astra_msgs/include/astra_msgs/srv/detail/get_ir_gain__struct.hpp
[5.355s] -- Up-to-date: /home/wheeltec/wheeltec_ros2/install/astra_msgs/include/astra_msgs/srv/detail/reset_ir_exposure__builder.hpp
[5.356s] -- Up-to-date: /home/wheeltec/wheeltec_ros2/install/astra_msgs/include/astra_msgs/srv/detail/get_device_type__builder.hpp
[5.357s] -- Up-to-date: /home/wheeltec/wheeltec_ros2/install/astra_msgs/include/astra_msgs/srv/detail/set_uvc_white_balance__struct.hpp
[5.358s] -- Up-to-date: /home/wheeltec/wheeltec_ros2/install/astra_msgs/include/astra_msgs/srv/detail/set_ae_enable__traits.hpp
[5.359s] -- Up-to-date: /home/wheeltec/wheeltec_ros2/install/astra_msgs/include/astra_msgs/srv/detail/set_ir_flood__struct.hpp
[5.360s] -- Up-to-date: /home/wheeltec/wheeltec_ros2/install/astra_msgs/include/astra_msgs/srv/detail/get_uvc_exposure__struct.hpp
[5.365s] -- Up-to-date: /home/wheeltec/wheeltec_ros2/install/astra_msgs/include/astra_msgs/srv/detail/set_laser__traits.hpp
[5.366s] -- Up-to-date: /home/wheeltec/wheeltec_ros2/install/astra_msgs/include/astra_msgs/srv/detail/set_fan__traits.hpp
[5.367s] -- Up-to-date: /home/wheeltec/wheeltec_ros2/install/astra_msgs/include/astra_msgs/srv/detail/set_auto_exposure__struct.hpp
[5.367s] -- Up-to-date: /home/wheeltec/wheeltec_ros2/install/astra_msgs/include/astra_msgs/srv/detail/get_ir_exposure__struct.hpp
[5.368s] -- Up-to-date: /home/wheeltec/wheeltec_ros2/install/astra_msgs/include/astra_msgs/srv/detail/get_uvc_white_balance__builder.hpp
[5.369s] -- Up-to-date: /home/wheeltec/wheeltec_ros2/install/astra_msgs/include/astra_msgs/srv/detail/set_laser__builder.hpp
[5.369s] -- Up-to-date: /home/wheeltec/wheeltec_ros2/install/astra_msgs/include/astra_msgs/srv/detail/get_version__traits.hpp
[5.370s] -- Up-to-date: /home/wheeltec/wheeltec_ros2/install/astra_msgs/include/astra_msgs/srv/get_uvc_gain.hpp
[5.370s] -- Up-to-date: /home/wheeltec/wheeltec_ros2/install/astra_msgs/include/astra_msgs/srv/set_ir_flood.hpp
[5.371s] -- Up-to-date: /home/wheeltec/wheeltec_ros2/install/astra_msgs/include/astra_msgs/srv/get_ir_gain.hpp
[5.372s] -- Up-to-date: /home/wheeltec/wheeltec_ros2/install/astra_msgs/include/astra_msgs/srv/reset_ir_gain.hpp
[5.372s] -- Up-to-date: /home/wheeltec/wheeltec_ros2/install/astra_msgs/include/astra_msgs/srv/get_uvc_exposure.hpp
[5.373s] -- Up-to-date: /home/wheeltec/wheeltec_ros2/install/astra_msgs/include/astra_msgs/srv/set_ir_exposure.hpp
[5.381s] -- Up-to-date: /home/wheeltec/wheeltec_ros2/install/astra_msgs/include/astra_msgs/srv/get_version.hpp
[5.382s] -- Up-to-date: /home/wheeltec/wheeltec_ros2/install/astra_msgs/include/astra_msgs/srv/set_distortioncal.hpp
[5.383s] -- Up-to-date: /home/wheeltec/wheeltec_ros2/install/astra_msgs/include/astra_msgs/srv/set_laser.hpp
[5.383s] -- Up-to-date: /home/wheeltec/wheeltec_ros2/install/astra_msgs/include/astra_msgs/srv/get_device_type.hpp
[5.384s] -- Up-to-date: /home/wheeltec/wheeltec_ros2/install/astra_msgs/include/astra_msgs/srv/set_ldp.hpp
[5.385s] -- Up-to-date: /home/wheeltec/wheeltec_ros2/install/astra_msgs/include/astra_msgs
[5.388s] -- Up-to-date: /home/wheeltec/wheeltec_ros2/install/astra_msgs/include/astra_msgs/srv
[5.389s] -- Up-to-date: /home/wheeltec/wheeltec_ros2/install/astra_msgs/include/astra_msgs/srv/detail
[5.390s] -- Up-to-date: /home/wheeltec/wheeltec_ros2/install/astra_msgs/include/astra_msgs/srv/detail/set_ir_exposure__type_support.cpp
[5.390s] -- Up-to-date: /home/wheeltec/wheeltec_ros2/install/astra_msgs/include/astra_msgs/srv/detail/set_ir_flood__rosidl_typesupport_introspection_cpp.hpp
[5.391s] -- Up-to-date: /home/wheeltec/wheeltec_ros2/install/astra_msgs/include/astra_msgs/srv/detail/get_uvc_exposure__rosidl_typesupport_introspection_cpp.hpp
[5.392s] -- Up-to-date: /home/wheeltec/wheeltec_ros2/install/astra_msgs/include/astra_msgs/srv/detail/get_serial__type_support.cpp
[5.393s] -- Up-to-date: /home/wheeltec/wheeltec_ros2/install/astra_msgs/include/astra_msgs/srv/detail/reset_ir_exposure__rosidl_typesupport_introspection_cpp.hpp
[5.394s] -- Up-to-date: /home/wheeltec/wheeltec_ros2/install/astra_msgs/include/astra_msgs/srv/detail/set_distortioncal__rosidl_typesupport_introspection_cpp.hpp
[5.394s] -- Up-to-date: /home/wheeltec/wheeltec_ros2/install/astra_msgs/include/astra_msgs/srv/detail/get_uvc_gain__rosidl_typesupport_introspection_cpp.hpp
[5.395s] -- Up-to-date: /home/wheeltec/wheeltec_ros2/install/astra_msgs/include/astra_msgs/srv/detail/get_uvc_white_balance__rosidl_typesupport_introspection_cpp.hpp
[5.395s] -- Up-to-date: /home/wheeltec/wheeltec_ros2/install/astra_msgs/include/astra_msgs/srv/detail/get_device_type__rosidl_typesupport_introspection_cpp.hpp
[5.395s] -- Up-to-date: /home/wheeltec/wheeltec_ros2/install/astra_msgs/include/astra_msgs/srv/detail/set_uvc_white_balance__type_support.cpp
[5.396s] -- Up-to-date: /home/wheeltec/wheeltec_ros2/install/astra_msgs/include/astra_msgs/srv/detail/set_laser__type_support.cpp
[5.396s] -- Up-to-date: /home/wheeltec/wheeltec_ros2/install/astra_msgs/include/astra_msgs/srv/detail/set_ldp__type_support.cpp
[5.397s] -- Up-to-date: /home/wheeltec/wheeltec_ros2/install/astra_msgs/include/astra_msgs/srv/detail/set_laser__rosidl_typesupport_introspection_cpp.hpp
[5.398s] -- Up-to-date: /home/wheeltec/wheeltec_ros2/install/astra_msgs/include/astra_msgs/srv/detail/set_distortioncal__type_support.cpp
[5.399s] -- Up-to-date: /home/wheeltec/wheeltec_ros2/install/astra_msgs/include/astra_msgs/srv/detail/reset_ir_exposure__type_support.cpp
[5.399s] -- Up-to-date: /home/wheeltec/wheeltec_ros2/install/astra_msgs/include/astra_msgs/srv/detail/set_uvc_exposure__rosidl_typesupport_introspection_cpp.hpp
[5.402s] -- Up-to-date: /home/wheeltec/wheeltec_ros2/install/astra_msgs/include/astra_msgs/srv/detail/get_version__type_support.cpp
[5.406s] -- Up-to-date: /home/wheeltec/wheeltec_ros2/install/astra_msgs/include/astra_msgs/srv/detail/get_device_type__type_support.cpp
[5.414s] -- Up-to-date: /home/wheeltec/wheeltec_ros2/install/astra_msgs/include/astra_msgs/srv/detail/set_mirror__type_support.cpp
[5.415s] -- Up-to-date: /home/wheeltec/wheeltec_ros2/install/astra_msgs/include/astra_msgs/srv/detail/switch_ir_camera__rosidl_typesupport_introspection_cpp.hpp
[5.415s] -- Up-to-date: /home/wheeltec/wheeltec_ros2/install/astra_msgs/include/astra_msgs/srv/detail/set_uvc_exposure__type_support.cpp
[5.416s] -- Up-to-date: /home/wheeltec/wheeltec_ros2/install/astra_msgs/include/astra_msgs/srv/detail/set_auto_exposure__type_support.cpp
[5.416s] -- Up-to-date: /home/wheeltec/wheeltec_ros2/install/astra_msgs/include/astra_msgs/srv/detail/set_auto_white_balance__rosidl_typesupport_introspection_cpp.hpp
[5.417s] -- Up-to-date: /home/wheeltec/wheeltec_ros2/install/astra_msgs/include/astra_msgs/srv/detail/get_ir_exposure__type_support.cpp
[5.418s] -- Up-to-date: /home/wheeltec/wheeltec_ros2/install/astra_msgs/include/astra_msgs/srv/detail/switch_ir_camera__type_support.cpp
[5.418s] -- Up-to-date: /home/wheeltec/wheeltec_ros2/install/astra_msgs/include/astra_msgs/srv/detail/set_ldp__rosidl_typesupport_introspection_cpp.hpp
[5.419s] -- Up-to-date: /home/wheeltec/wheeltec_ros2/install/astra_msgs/include/astra_msgs/srv/detail/get_uvc_exposure__type_support.cpp
[5.420s] -- Up-to-date: /home/wheeltec/wheeltec_ros2/install/astra_msgs/include/astra_msgs/srv/detail/get_uvc_gain__type_support.cpp
[5.420s] -- Up-to-date: /home/wheeltec/wheeltec_ros2/install/astra_msgs/include/astra_msgs/srv/detail/get_serial__rosidl_typesupport_introspection_cpp.hpp
[5.421s] -- Up-to-date: /home/wheeltec/wheeltec_ros2/install/astra_msgs/include/astra_msgs/srv/detail/set_uvc_gain__type_support.cpp
[5.421s] -- Up-to-date: /home/wheeltec/wheeltec_ros2/install/astra_msgs/include/astra_msgs/srv/detail/set_fan__type_support.cpp
[5.422s] -- Up-to-date: /home/wheeltec/wheeltec_ros2/install/astra_msgs/include/astra_msgs/srv/detail/set_ae_enable__type_support.cpp
[5.423s] -- Up-to-date: /home/wheeltec/wheeltec_ros2/install/astra_msgs/include/astra_msgs/srv/detail/set_uvc_white_balance__rosidl_typesupport_introspection_cpp.hpp
[5.423s] -- Up-to-date: /home/wheeltec/wheeltec_ros2/install/astra_msgs/include/astra_msgs/srv/detail/set_ir_gain__rosidl_typesupport_introspection_cpp.hpp
[5.424s] -- Up-to-date: /home/wheeltec/wheeltec_ros2/install/astra_msgs/include/astra_msgs/srv/detail/get_camera_info__rosidl_typesupport_introspection_cpp.hpp
[5.424s] -- Up-to-date: /home/wheeltec/wheeltec_ros2/install/astra_msgs/include/astra_msgs/srv/detail/get_ir_gain__rosidl_typesupport_introspection_cpp.hpp
[5.425s] -- Up-to-date: /home/wheeltec/wheeltec_ros2/install/astra_msgs/include/astra_msgs/srv/detail/get_ir_exposure__rosidl_typesupport_introspection_cpp.hpp
[5.426s] -- Up-to-date: /home/wheeltec/wheeltec_ros2/install/astra_msgs/include/astra_msgs/srv/detail/get_uvc_white_balance__type_support.cpp
[5.427s] -- Up-to-date: /home/wheeltec/wheeltec_ros2/install/astra_msgs/include/astra_msgs/srv/detail/set_mirror__rosidl_typesupport_introspection_cpp.hpp
[5.429s] -- Up-to-date: /home/wheeltec/wheeltec_ros2/install/astra_msgs/include/astra_msgs/srv/detail/reset_ir_gain__rosidl_typesupport_introspection_cpp.hpp
[5.430s] -- Up-to-date: /home/wheeltec/wheeltec_ros2/install/astra_msgs/include/astra_msgs/srv/detail/set_ir_flood__type_support.cpp
[5.431s] -- Up-to-date: /home/wheeltec/wheeltec_ros2/install/astra_msgs/include/astra_msgs/srv/detail/set_auto_white_balance__type_support.cpp
[5.433s] -- Up-to-date: /home/wheeltec/wheeltec_ros2/install/astra_msgs/include/astra_msgs/srv/detail/set_fan__rosidl_typesupport_introspection_cpp.hpp
[5.434s] -- Up-to-date: /home/wheeltec/wheeltec_ros2/install/astra_msgs/include/astra_msgs/srv/detail/set_ir_gain__type_support.cpp
[5.439s] -- Up-to-date: /home/wheeltec/wheeltec_ros2/install/astra_msgs/include/astra_msgs/srv/detail/get_ir_gain__type_support.cpp
[5.440s] -- Up-to-date: /home/wheeltec/wheeltec_ros2/install/astra_msgs/include/astra_msgs/srv/detail/reset_ir_gain__type_support.cpp
[5.441s] -- Up-to-date: /home/wheeltec/wheeltec_ros2/install/astra_msgs/include/astra_msgs/srv/detail/set_ir_exposure__rosidl_typesupport_introspection_cpp.hpp
[5.441s] -- Up-to-date: /home/wheeltec/wheeltec_ros2/install/astra_msgs/include/astra_msgs/srv/detail/set_ae_enable__rosidl_typesupport_introspection_cpp.hpp
[5.441s] -- Up-to-date: /home/wheeltec/wheeltec_ros2/install/astra_msgs/include/astra_msgs/srv/detail/get_camera_info__type_support.cpp
[5.442s] -- Up-to-date: /home/wheeltec/wheeltec_ros2/install/astra_msgs/include/astra_msgs/srv/detail/set_auto_exposure__rosidl_typesupport_introspection_cpp.hpp
[5.442s] -- Up-to-date: /home/wheeltec/wheeltec_ros2/install/astra_msgs/include/astra_msgs/srv/detail/get_version__rosidl_typesupport_introspection_cpp.hpp
[5.442s] -- Up-to-date: /home/wheeltec/wheeltec_ros2/install/astra_msgs/include/astra_msgs/srv/detail/set_uvc_gain__rosidl_typesupport_introspection_cpp.hpp
[5.443s] -- Up-to-date: /home/wheeltec/wheeltec_ros2/install/astra_msgs/lib/libastra_msgs__rosidl_typesupport_introspection_cpp.so
[5.444s] -- Up-to-date: /home/wheeltec/wheeltec_ros2/install/astra_msgs/lib/libastra_msgs__rosidl_typesupport_cpp.so
[5.446s] -- Up-to-date: /home/wheeltec/wheeltec_ros2/install/astra_msgs/share/astra_msgs/environment/pythonpath.sh
[5.453s] -- Up-to-date: /home/wheeltec/wheeltec_ros2/install/astra_msgs/share/astra_msgs/environment/pythonpath.dsv
[5.474s] -- Up-to-date: /home/wheeltec/wheeltec_ros2/install/astra_msgs/lib/python3.8/site-packages/astra_msgs/__init__.py
[5.478s] -- Up-to-date: /home/wheeltec/wheeltec_ros2/install/astra_msgs/lib/python3.8/site-packages/astra_msgs/srv
[5.479s] -- Up-to-date: /home/wheeltec/wheeltec_ros2/install/astra_msgs/lib/python3.8/site-packages/astra_msgs/srv/_set_auto_exposure_s.c
[5.480s] -- Up-to-date: /home/wheeltec/wheeltec_ros2/install/astra_msgs/lib/python3.8/site-packages/astra_msgs/srv/_reset_ir_exposure_s.c
[5.480s] -- Up-to-date: /home/wheeltec/wheeltec_ros2/install/astra_msgs/lib/python3.8/site-packages/astra_msgs/srv/_set_distortioncal.py
[5.481s] -- Up-to-date: /home/wheeltec/wheeltec_ros2/install/astra_msgs/lib/python3.8/site-packages/astra_msgs/srv/_set_mirror.py
[5.481s] -- Up-to-date: /home/wheeltec/wheeltec_ros2/install/astra_msgs/lib/python3.8/site-packages/astra_msgs/srv/_get_device_type.py
[5.482s] -- Up-to-date: /home/wheeltec/wheeltec_ros2/install/astra_msgs/lib/python3.8/site-packages/astra_msgs/srv/_set_uvc_white_balance_s.c
[5.483s] -- Up-to-date: /home/wheeltec/wheeltec_ros2/install/astra_msgs/lib/python3.8/site-packages/astra_msgs/srv/_switch_ir_camera_s.c
[5.483s] -- Up-to-date: /home/wheeltec/wheeltec_ros2/install/astra_msgs/lib/python3.8/site-packages/astra_msgs/srv/_get_serial.py
[5.484s] -- Up-to-date: /home/wheeltec/wheeltec_ros2/install/astra_msgs/lib/python3.8/site-packages/astra_msgs/srv/__init__.py
[5.484s] -- Up-to-date: /home/wheeltec/wheeltec_ros2/install/astra_msgs/lib/python3.8/site-packages/astra_msgs/srv/_set_uvc_exposure.py
[5.485s] -- Up-to-date: /home/wheeltec/wheeltec_ros2/install/astra_msgs/lib/python3.8/site-packages/astra_msgs/srv/_reset_ir_exposure.py
[5.485s] -- Up-to-date: /home/wheeltec/wheeltec_ros2/install/astra_msgs/lib/python3.8/site-packages/astra_msgs/srv/_get_uvc_white_balance.py
[5.485s] -- Up-to-date: /home/wheeltec/wheeltec_ros2/install/astra_msgs/lib/python3.8/site-packages/astra_msgs/srv/_set_uvc_exposure_s.c
[5.486s] -- Up-to-date: /home/wheeltec/wheeltec_ros2/install/astra_msgs/lib/python3.8/site-packages/astra_msgs/srv/_set_mirror_s.c
[5.486s] -- Up-to-date: /home/wheeltec/wheeltec_ros2/install/astra_msgs/lib/python3.8/site-packages/astra_msgs/srv/_get_ir_gain.py
[5.487s] -- Up-to-date: /home/wheeltec/wheeltec_ros2/install/astra_msgs/lib/python3.8/site-packages/astra_msgs/srv/_get_serial_s.c
[5.487s] -- Up-to-date: /home/wheeltec/wheeltec_ros2/install/astra_msgs/lib/python3.8/site-packages/astra_msgs/srv/_set_ae_enable.py
[5.488s] -- Up-to-date: /home/wheeltec/wheeltec_ros2/install/astra_msgs/lib/python3.8/site-packages/astra_msgs/srv/_set_ir_gain_s.c
[5.488s] -- Up-to-date: /home/wheeltec/wheeltec_ros2/install/astra_msgs/lib/python3.8/site-packages/astra_msgs/srv/_set_uvc_gain_s.c
[5.488s] -- Up-to-date: /home/wheeltec/wheeltec_ros2/install/astra_msgs/lib/python3.8/site-packages/astra_msgs/srv/_set_auto_exposure.py
[5.489s] -- Up-to-date: /home/wheeltec/wheeltec_ros2/install/astra_msgs/lib/python3.8/site-packages/astra_msgs/srv/_set_ldp_s.c
[5.489s] -- Up-to-date: /home/wheeltec/wheeltec_ros2/install/astra_msgs/lib/python3.8/site-packages/astra_msgs/srv/_set_laser.py
[5.505s] -- Up-to-date: /home/wheeltec/wheeltec_ros2/install/astra_msgs/lib/python3.8/site-packages/astra_msgs/srv/_get_uvc_gain.py
[5.506s] -- Up-to-date: /home/wheeltec/wheeltec_ros2/install/astra_msgs/lib/python3.8/site-packages/astra_msgs/srv/_get_uvc_exposure.py
[5.507s] -- Up-to-date: /home/wheeltec/wheeltec_ros2/install/astra_msgs/lib/python3.8/site-packages/astra_msgs/srv/_reset_ir_gain.py
[5.508s] -- Up-to-date: /home/wheeltec/wheeltec_ros2/install/astra_msgs/lib/python3.8/site-packages/astra_msgs/srv/_get_version_s.c
[5.508s] -- Up-to-date: /home/wheeltec/wheeltec_ros2/install/astra_msgs/lib/python3.8/site-packages/astra_msgs/srv/_set_ldp.py
[5.510s] -- Up-to-date: /home/wheeltec/wheeltec_ros2/install/astra_msgs/lib/python3.8/site-packages/astra_msgs/srv/_switch_ir_camera.py
[5.510s] -- Up-to-date: /home/wheeltec/wheeltec_ros2/install/astra_msgs/lib/python3.8/site-packages/astra_msgs/srv/_get_uvc_exposure_s.c
[5.511s] -- Up-to-date: /home/wheeltec/wheeltec_ros2/install/astra_msgs/lib/python3.8/site-packages/astra_msgs/srv/_get_uvc_white_balance_s.c
[5.512s] -- Up-to-date: /home/wheeltec/wheeltec_ros2/install/astra_msgs/lib/python3.8/site-packages/astra_msgs/srv/_get_ir_exposure.py
[5.513s] -- Up-to-date: /home/wheeltec/wheeltec_ros2/install/astra_msgs/lib/python3.8/site-packages/astra_msgs/srv/_set_laser_s.c
[5.514s] -- Up-to-date: /home/wheeltec/wheeltec_ros2/install/astra_msgs/lib/python3.8/site-packages/astra_msgs/srv/_set_ir_exposure_s.c
[5.514s] -- Up-to-date: /home/wheeltec/wheeltec_ros2/install/astra_msgs/lib/python3.8/site-packages/astra_msgs/srv/_set_ir_flood_s.c
[5.532s] -- Up-to-date: /home/wheeltec/wheeltec_ros2/install/astra_msgs/lib/python3.8/site-packages/astra_msgs/srv/_get_camera_info_s.c
[5.533s] -- Up-to-date: /home/wheeltec/wheeltec_ros2/install/astra_msgs/lib/python3.8/site-packages/astra_msgs/srv/_set_fan.py
[5.534s] -- Up-to-date: /home/wheeltec/wheeltec_ros2/install/astra_msgs/lib/python3.8/site-packages/astra_msgs/srv/_get_camera_info.py
[5.535s] -- Up-to-date: /home/wheeltec/wheeltec_ros2/install/astra_msgs/lib/python3.8/site-packages/astra_msgs/srv/_set_fan_s.c
[5.536s] -- Up-to-date: /home/wheeltec/wheeltec_ros2/install/astra_msgs/lib/python3.8/site-packages/astra_msgs/srv/_set_uvc_white_balance.py
[5.537s] -- Up-to-date: /home/wheeltec/wheeltec_ros2/install/astra_msgs/lib/python3.8/site-packages/astra_msgs/srv/_set_ir_flood.py
[5.537s] -- Up-to-date: /home/wheeltec/wheeltec_ros2/install/astra_msgs/lib/python3.8/site-packages/astra_msgs/srv/_set_ae_enable_s.c
[5.538s] -- Up-to-date: /home/wheeltec/wheeltec_ros2/install/astra_msgs/lib/python3.8/site-packages/astra_msgs/srv/_set_distortioncal_s.c
[5.539s] -- Up-to-date: /home/wheeltec/wheeltec_ros2/install/astra_msgs/lib/python3.8/site-packages/astra_msgs/srv/_set_auto_white_balance_s.c
[5.540s] -- Up-to-date: /home/wheeltec/wheeltec_ros2/install/astra_msgs/lib/python3.8/site-packages/astra_msgs/srv/_get_ir_gain_s.c
[5.541s] -- Up-to-date: /home/wheeltec/wheeltec_ros2/install/astra_msgs/lib/python3.8/site-packages/astra_msgs/srv/_reset_ir_gain_s.c
[5.542s] -- Up-to-date: /home/wheeltec/wheeltec_ros2/install/astra_msgs/lib/python3.8/site-packages/astra_msgs/srv/_set_uvc_gain.py
[5.558s] -- Up-to-date: /home/wheeltec/wheeltec_ros2/install/astra_msgs/lib/python3.8/site-packages/astra_msgs/srv/_get_device_type_s.c
[5.560s] -- Up-to-date: /home/wheeltec/wheeltec_ros2/install/astra_msgs/lib/python3.8/site-packages/astra_msgs/srv/_set_ir_exposure.py
[5.561s] -- Up-to-date: /home/wheeltec/wheeltec_ros2/install/astra_msgs/lib/python3.8/site-packages/astra_msgs/srv/_set_ir_gain.py
[5.562s] -- Up-to-date: /home/wheeltec/wheeltec_ros2/install/astra_msgs/lib/python3.8/site-packages/astra_msgs/srv/_get_version.py
[5.563s] -- Up-to-date: /home/wheeltec/wheeltec_ros2/install/astra_msgs/lib/python3.8/site-packages/astra_msgs/srv/_get_uvc_gain_s.c
[5.563s] -- Up-to-date: /home/wheeltec/wheeltec_ros2/install/astra_msgs/lib/python3.8/site-packages/astra_msgs/srv/_set_auto_white_balance.py
[5.565s] -- Up-to-date: /home/wheeltec/wheeltec_ros2/install/astra_msgs/lib/python3.8/site-packages/astra_msgs/srv/_get_ir_exposure_s.c
[5.565s] -- Up-to-date: /home/wheeltec/wheeltec_ros2/install/astra_msgs/lib/python3.8/site-packages/astra_msgs/astra_msgs_s__rosidl_typesupport_fastrtps_c.cpython-38-aarch64-linux-gnu.so
[5.566s] -- Up-to-date: /home/wheeltec/wheeltec_ros2/install/astra_msgs/lib/python3.8/site-packages/astra_msgs/astra_msgs_s__rosidl_typesupport_introspection_c.cpython-38-aarch64-linux-gnu.so
[5.578s] -- Up-to-date: /home/wheeltec/wheeltec_ros2/install/astra_msgs/lib/python3.8/site-packages/astra_msgs/astra_msgs_s__rosidl_typesupport_c.cpython-38-aarch64-linux-gnu.so
[5.584s] -- Up-to-date: /home/wheeltec/wheeltec_ros2/install/astra_msgs/lib/libastra_msgs__python.so
[5.586s] -- Up-to-date: /home/wheeltec/wheeltec_ros2/install/astra_msgs/share/astra_msgs/srv/GetCameraInfo.idl
[5.586s] -- Up-to-date: /home/wheeltec/wheeltec_ros2/install/astra_msgs/share/astra_msgs/srv/GetDeviceType.idl
[5.587s] -- Up-to-date: /home/wheeltec/wheeltec_ros2/install/astra_msgs/share/astra_msgs/srv/GetIRExposure.idl
[5.589s] -- Up-to-date: /home/wheeltec/wheeltec_ros2/install/astra_msgs/share/astra_msgs/srv/GetIRGain.idl
[5.590s] -- Up-to-date: /home/wheeltec/wheeltec_ros2/install/astra_msgs/share/astra_msgs/srv/GetSerial.idl
[5.592s] -- Up-to-date: /home/wheeltec/wheeltec_ros2/install/astra_msgs/share/astra_msgs/srv/GetUVCExposure.idl
[5.593s] -- Up-to-date: /home/wheeltec/wheeltec_ros2/install/astra_msgs/share/astra_msgs/srv/GetUVCGain.idl
[5.594s] -- Up-to-date: /home/wheeltec/wheeltec_ros2/install/astra_msgs/share/astra_msgs/srv/GetUVCWhiteBalance.idl
[5.595s] -- Up-to-date: /home/wheeltec/wheeltec_ros2/install/astra_msgs/share/astra_msgs/srv/GetVersion.idl
[5.595s] -- Up-to-date: /home/wheeltec/wheeltec_ros2/install/astra_msgs/share/astra_msgs/srv/ResetIRExposure.idl
[5.596s] -- Up-to-date: /home/wheeltec/wheeltec_ros2/install/astra_msgs/share/astra_msgs/srv/ResetIRGain.idl
[5.597s] -- Up-to-date: /home/wheeltec/wheeltec_ros2/install/astra_msgs/share/astra_msgs/srv/SetAeEnable.idl
[5.598s] -- Up-to-date: /home/wheeltec/wheeltec_ros2/install/astra_msgs/share/astra_msgs/srv/SetAutoExposure.idl
[5.599s] -- Up-to-date: /home/wheeltec/wheeltec_ros2/install/astra_msgs/share/astra_msgs/srv/SetAutoWhiteBalance.idl
[5.599s] -- Up-to-date: /home/wheeltec/wheeltec_ros2/install/astra_msgs/share/astra_msgs/srv/SetDistortioncal.idl
[5.599s] -- Up-to-date: /home/wheeltec/wheeltec_ros2/install/astra_msgs/share/astra_msgs/srv/SetFan.idl
[5.601s] -- Up-to-date: /home/wheeltec/wheeltec_ros2/install/astra_msgs/share/astra_msgs/srv/SetIRExposure.idl
[5.606s] -- Up-to-date: /home/wheeltec/wheeltec_ros2/install/astra_msgs/share/astra_msgs/srv/SetIRFlood.idl
[5.607s] -- Up-to-date: /home/wheeltec/wheeltec_ros2/install/astra_msgs/share/astra_msgs/srv/SetIRGain.idl
[5.607s] -- Up-to-date: /home/wheeltec/wheeltec_ros2/install/astra_msgs/share/astra_msgs/srv/SetLaser.idl
[5.608s] -- Up-to-date: /home/wheeltec/wheeltec_ros2/install/astra_msgs/share/astra_msgs/srv/SetLDP.idl
[5.608s] -- Up-to-date: /home/wheeltec/wheeltec_ros2/install/astra_msgs/share/astra_msgs/srv/SetMirror.idl
[5.609s] -- Up-to-date: /home/wheeltec/wheeltec_ros2/install/astra_msgs/share/astra_msgs/srv/SetUVCExposure.idl
[5.609s] -- Up-to-date: /home/wheeltec/wheeltec_ros2/install/astra_msgs/share/astra_msgs/srv/SetUVCGain.idl
[5.609s] -- Up-to-date: /home/wheeltec/wheeltec_ros2/install/astra_msgs/share/astra_msgs/srv/SetUVCWhiteBalance.idl
[5.610s] -- Up-to-date: /home/wheeltec/wheeltec_ros2/install/astra_msgs/share/astra_msgs/srv/SwitchIRCamera.idl
[5.610s] -- Up-to-date: /home/wheeltec/wheeltec_ros2/install/astra_msgs/share/astra_msgs/srv/GetCameraInfo.srv
[5.611s] -- Up-to-date: /home/wheeltec/wheeltec_ros2/install/astra_msgs/share/astra_msgs/srv/GetCameraInfo_Request.msg
[5.615s] -- Up-to-date: /home/wheeltec/wheeltec_ros2/install/astra_msgs/share/astra_msgs/srv/GetCameraInfo_Response.msg
[5.615s] -- Up-to-date: /home/wheeltec/wheeltec_ros2/install/astra_msgs/share/astra_msgs/srv/GetDeviceType.srv
[5.616s] -- Up-to-date: /home/wheeltec/wheeltec_ros2/install/astra_msgs/share/astra_msgs/srv/GetDeviceType_Request.msg
[5.617s] -- Up-to-date: /home/wheeltec/wheeltec_ros2/install/astra_msgs/share/astra_msgs/srv/GetDeviceType_Response.msg
[5.617s] -- Up-to-date: /home/wheeltec/wheeltec_ros2/install/astra_msgs/share/astra_msgs/srv/GetIRExposure.srv
[5.618s] -- Up-to-date: /home/wheeltec/wheeltec_ros2/install/astra_msgs/share/astra_msgs/srv/GetIRExposure_Request.msg
[5.618s] -- Up-to-date: /home/wheeltec/wheeltec_ros2/install/astra_msgs/share/astra_msgs/srv/GetIRExposure_Response.msg
[5.618s] -- Up-to-date: /home/wheeltec/wheeltec_ros2/install/astra_msgs/share/astra_msgs/srv/GetIRGain.srv
[5.619s] -- Up-to-date: /home/wheeltec/wheeltec_ros2/install/astra_msgs/share/astra_msgs/srv/GetIRGain_Request.msg
[5.620s] -- Up-to-date: /home/wheeltec/wheeltec_ros2/install/astra_msgs/share/astra_msgs/srv/GetIRGain_Response.msg
[5.620s] -- Up-to-date: /home/wheeltec/wheeltec_ros2/install/astra_msgs/share/astra_msgs/srv/GetSerial.srv
[5.621s] -- Up-to-date: /home/wheeltec/wheeltec_ros2/install/astra_msgs/share/astra_msgs/srv/GetSerial_Request.msg
[5.622s] -- Up-to-date: /home/wheeltec/wheeltec_ros2/install/astra_msgs/share/astra_msgs/srv/GetSerial_Response.msg
[5.623s] -- Up-to-date: /home/wheeltec/wheeltec_ros2/install/astra_msgs/share/astra_msgs/srv/GetUVCExposure.srv
[5.624s] -- Up-to-date: /home/wheeltec/wheeltec_ros2/install/astra_msgs/share/astra_msgs/srv/GetUVCExposure_Request.msg
[5.625s] -- Up-to-date: /home/wheeltec/wheeltec_ros2/install/astra_msgs/share/astra_msgs/srv/GetUVCExposure_Response.msg
[5.626s] -- Up-to-date: /home/wheeltec/wheeltec_ros2/install/astra_msgs/share/astra_msgs/srv/GetUVCGain.srv
[5.632s] -- Up-to-date: /home/wheeltec/wheeltec_ros2/install/astra_msgs/share/astra_msgs/srv/GetUVCGain_Request.msg
[5.633s] -- Up-to-date: /home/wheeltec/wheeltec_ros2/install/astra_msgs/share/astra_msgs/srv/GetUVCGain_Response.msg
[5.634s] -- Up-to-date: /home/wheeltec/wheeltec_ros2/install/astra_msgs/share/astra_msgs/srv/GetUVCWhiteBalance.srv
[5.634s] -- Up-to-date: /home/wheeltec/wheeltec_ros2/install/astra_msgs/share/astra_msgs/srv/GetUVCWhiteBalance_Request.msg
[5.634s] -- Up-to-date: /home/wheeltec/wheeltec_ros2/install/astra_msgs/share/astra_msgs/srv/GetUVCWhiteBalance_Response.msg
[5.635s] -- Up-to-date: /home/wheeltec/wheeltec_ros2/install/astra_msgs/share/astra_msgs/srv/GetVersion.srv
[5.635s] -- Up-to-date: /home/wheeltec/wheeltec_ros2/install/astra_msgs/share/astra_msgs/srv/GetVersion_Request.msg
[5.636s] -- Up-to-date: /home/wheeltec/wheeltec_ros2/install/astra_msgs/share/astra_msgs/srv/GetVersion_Response.msg
[5.636s] -- Up-to-date: /home/wheeltec/wheeltec_ros2/install/astra_msgs/share/astra_msgs/srv/ResetIRExposure.srv
[5.637s] -- Up-to-date: /home/wheeltec/wheeltec_ros2/install/astra_msgs/share/astra_msgs/srv/ResetIRExposure_Request.msg
[5.637s] -- Up-to-date: /home/wheeltec/wheeltec_ros2/install/astra_msgs/share/astra_msgs/srv/ResetIRExposure_Response.msg
[5.638s] -- Up-to-date: /home/wheeltec/wheeltec_ros2/install/astra_msgs/share/astra_msgs/srv/ResetIRGain.srv
[5.638s] -- Up-to-date: /home/wheeltec/wheeltec_ros2/install/astra_msgs/share/astra_msgs/srv/ResetIRGain_Request.msg
[5.639s] -- Up-to-date: /home/wheeltec/wheeltec_ros2/install/astra_msgs/share/astra_msgs/srv/ResetIRGain_Response.msg
[5.640s] -- Up-to-date: /home/wheeltec/wheeltec_ros2/install/astra_msgs/share/astra_msgs/srv/SetAeEnable.srv
[5.640s] -- Up-to-date: /home/wheeltec/wheeltec_ros2/install/astra_msgs/share/astra_msgs/srv/SetAeEnable_Request.msg
[5.646s] -- Up-to-date: /home/wheeltec/wheeltec_ros2/install/astra_msgs/share/astra_msgs/srv/SetAeEnable_Response.msg
[5.647s] -- Up-to-date: /home/wheeltec/wheeltec_ros2/install/astra_msgs/share/astra_msgs/srv/SetAutoExposure.srv
[5.647s] -- Up-to-date: /home/wheeltec/wheeltec_ros2/install/astra_msgs/share/astra_msgs/srv/SetAutoExposure_Request.msg
[5.648s] -- Up-to-date: /home/wheeltec/wheeltec_ros2/install/astra_msgs/share/astra_msgs/srv/SetAutoExposure_Response.msg
[5.648s] -- Up-to-date: /home/wheeltec/wheeltec_ros2/install/astra_msgs/share/astra_msgs/srv/SetAutoWhiteBalance.srv
[5.649s] -- Up-to-date: /home/wheeltec/wheeltec_ros2/install/astra_msgs/share/astra_msgs/srv/SetAutoWhiteBalance_Request.msg
[5.649s] -- Up-to-date: /home/wheeltec/wheeltec_ros2/install/astra_msgs/share/astra_msgs/srv/SetAutoWhiteBalance_Response.msg
[5.649s] -- Up-to-date: /home/wheeltec/wheeltec_ros2/install/astra_msgs/share/astra_msgs/srv/SetDistortioncal.srv
[5.650s] -- Up-to-date: /home/wheeltec/wheeltec_ros2/install/astra_msgs/share/astra_msgs/srv/SetDistortioncal_Request.msg
[5.650s] -- Up-to-date: /home/wheeltec/wheeltec_ros2/install/astra_msgs/share/astra_msgs/srv/SetDistortioncal_Response.msg
[5.651s] -- Up-to-date: /home/wheeltec/wheeltec_ros2/install/astra_msgs/share/astra_msgs/srv/SetFan.srv
[5.651s] -- Up-to-date: /home/wheeltec/wheeltec_ros2/install/astra_msgs/share/astra_msgs/srv/SetFan_Request.msg
[5.651s] -- Up-to-date: /home/wheeltec/wheeltec_ros2/install/astra_msgs/share/astra_msgs/srv/SetFan_Response.msg
[5.652s] -- Up-to-date: /home/wheeltec/wheeltec_ros2/install/astra_msgs/share/astra_msgs/srv/SetIRExposure.srv
[5.652s] -- Up-to-date: /home/wheeltec/wheeltec_ros2/install/astra_msgs/share/astra_msgs/srv/SetIRExposure_Request.msg
[5.653s] -- Up-to-date: /home/wheeltec/wheeltec_ros2/install/astra_msgs/share/astra_msgs/srv/SetIRExposure_Response.msg
[5.659s] -- Up-to-date: /home/wheeltec/wheeltec_ros2/install/astra_msgs/share/astra_msgs/srv/SetIRFlood.srv
[5.662s] -- Up-to-date: /home/wheeltec/wheeltec_ros2/install/astra_msgs/share/astra_msgs/srv/SetIRFlood_Request.msg
[5.662s] -- Up-to-date: /home/wheeltec/wheeltec_ros2/install/astra_msgs/share/astra_msgs/srv/SetIRFlood_Response.msg
[5.663s] -- Up-to-date: /home/wheeltec/wheeltec_ros2/install/astra_msgs/share/astra_msgs/srv/SetIRGain.srv
[5.663s] -- Up-to-date: /home/wheeltec/wheeltec_ros2/install/astra_msgs/share/astra_msgs/srv/SetIRGain_Request.msg
[5.664s] -- Up-to-date: /home/wheeltec/wheeltec_ros2/install/astra_msgs/share/astra_msgs/srv/SetIRGain_Response.msg
[5.664s] -- Up-to-date: /home/wheeltec/wheeltec_ros2/install/astra_msgs/share/astra_msgs/srv/SetLaser.srv
[5.665s] -- Up-to-date: /home/wheeltec/wheeltec_ros2/install/astra_msgs/share/astra_msgs/srv/SetLaser_Request.msg
[5.665s] -- Up-to-date: /home/wheeltec/wheeltec_ros2/install/astra_msgs/share/astra_msgs/srv/SetLaser_Response.msg
[5.666s] -- Up-to-date: /home/wheeltec/wheeltec_ros2/install/astra_msgs/share/astra_msgs/srv/SetLDP.srv
[5.666s] -- Up-to-date: /home/wheeltec/wheeltec_ros2/install/astra_msgs/share/astra_msgs/srv/SetLDP_Request.msg
[5.666s] -- Up-to-date: /home/wheeltec/wheeltec_ros2/install/astra_msgs/share/astra_msgs/srv/SetLDP_Response.msg
[5.667s] -- Up-to-date: /home/wheeltec/wheeltec_ros2/install/astra_msgs/share/astra_msgs/srv/SetMirror.srv
[5.667s] -- Up-to-date: /home/wheeltec/wheeltec_ros2/install/astra_msgs/share/astra_msgs/srv/SetMirror_Request.msg
[5.668s] -- Up-to-date: /home/wheeltec/wheeltec_ros2/install/astra_msgs/share/astra_msgs/srv/SetMirror_Response.msg
[5.669s] -- Up-to-date: /home/wheeltec/wheeltec_ros2/install/astra_msgs/share/astra_msgs/srv/SetUVCExposure.srv
[5.669s] -- Up-to-date: /home/wheeltec/wheeltec_ros2/install/astra_msgs/share/astra_msgs/srv/SetUVCExposure_Request.msg
[5.670s] -- Up-to-date: /home/wheeltec/wheeltec_ros2/install/astra_msgs/share/astra_msgs/srv/SetUVCExposure_Response.msg
[5.670s] -- Up-to-date: /home/wheeltec/wheeltec_ros2/install/astra_msgs/share/astra_msgs/srv/SetUVCGain.srv
[5.670s] -- Up-to-date: /home/wheeltec/wheeltec_ros2/install/astra_msgs/share/astra_msgs/srv/SetUVCGain_Request.msg
[5.671s] -- Up-to-date: /home/wheeltec/wheeltec_ros2/install/astra_msgs/share/astra_msgs/srv/SetUVCGain_Response.msg
[5.671s] -- Up-to-date: /home/wheeltec/wheeltec_ros2/install/astra_msgs/share/astra_msgs/srv/SetUVCWhiteBalance.srv
[5.672s] -- Up-to-date: /home/wheeltec/wheeltec_ros2/install/astra_msgs/share/astra_msgs/srv/SetUVCWhiteBalance_Request.msg
[5.672s] -- Up-to-date: /home/wheeltec/wheeltec_ros2/install/astra_msgs/share/astra_msgs/srv/SetUVCWhiteBalance_Response.msg
[5.672s] -- Up-to-date: /home/wheeltec/wheeltec_ros2/install/astra_msgs/share/astra_msgs/srv/SwitchIRCamera.srv
[5.673s] -- Up-to-date: /home/wheeltec/wheeltec_ros2/install/astra_msgs/share/astra_msgs/srv/SwitchIRCamera_Request.msg
[5.673s] -- Up-to-date: /home/wheeltec/wheeltec_ros2/install/astra_msgs/share/astra_msgs/srv/SwitchIRCamera_Response.msg
[5.674s] -- Up-to-date: /home/wheeltec/wheeltec_ros2/install/astra_msgs/share/ament_index/resource_index/package_run_dependencies/astra_msgs
[5.674s] -- Up-to-date: /home/wheeltec/wheeltec_ros2/install/astra_msgs/share/ament_index/resource_index/parent_prefix_path/astra_msgs
[5.675s] -- Up-to-date: /home/wheeltec/wheeltec_ros2/install/astra_msgs/share/astra_msgs/environment/ament_prefix_path.sh
[5.675s] -- Up-to-date: /home/wheeltec/wheeltec_ros2/install/astra_msgs/share/astra_msgs/environment/ament_prefix_path.dsv
[5.675s] -- Up-to-date: /home/wheeltec/wheeltec_ros2/install/astra_msgs/share/astra_msgs/environment/path.sh
[5.676s] -- Up-to-date: /home/wheeltec/wheeltec_ros2/install/astra_msgs/share/astra_msgs/environment/path.dsv
[5.676s] -- Up-to-date: /home/wheeltec/wheeltec_ros2/install/astra_msgs/share/astra_msgs/local_setup.bash
[5.676s] -- Up-to-date: /home/wheeltec/wheeltec_ros2/install/astra_msgs/share/astra_msgs/local_setup.sh
[5.677s] -- Up-to-date: /home/wheeltec/wheeltec_ros2/install/astra_msgs/share/astra_msgs/local_setup.zsh
[5.677s] -- Up-to-date: /home/wheeltec/wheeltec_ros2/install/astra_msgs/share/astra_msgs/local_setup.dsv
[5.678s] -- Installing: /home/wheeltec/wheeltec_ros2/install/astra_msgs/share/astra_msgs/package.dsv
[5.678s] -- Up-to-date: /home/wheeltec/wheeltec_ros2/install/astra_msgs/share/ament_index/resource_index/packages/astra_msgs
[5.678s] -- Up-to-date: /home/wheeltec/wheeltec_ros2/install/astra_msgs/share/astra_msgs/cmake/astra_msgs__rosidl_generator_cExport.cmake
[5.679s] -- Up-to-date: /home/wheeltec/wheeltec_ros2/install/astra_msgs/share/astra_msgs/cmake/astra_msgs__rosidl_generator_cExport-noconfig.cmake
[5.679s] -- Up-to-date: /home/wheeltec/wheeltec_ros2/install/astra_msgs/share/astra_msgs/cmake/astra_msgs__rosidl_typesupport_introspection_cExport.cmake
[5.680s] -- Up-to-date: /home/wheeltec/wheeltec_ros2/install/astra_msgs/share/astra_msgs/cmake/astra_msgs__rosidl_typesupport_introspection_cExport-noconfig.cmake
[5.680s] -- Up-to-date: /home/wheeltec/wheeltec_ros2/install/astra_msgs/share/astra_msgs/cmake/astra_msgs__rosidl_typesupport_cExport.cmake
[5.680s] -- Up-to-date: /home/wheeltec/wheeltec_ros2/install/astra_msgs/share/astra_msgs/cmake/astra_msgs__rosidl_typesupport_cExport-noconfig.cmake
[5.681s] -- Up-to-date: /home/wheeltec/wheeltec_ros2/install/astra_msgs/share/astra_msgs/cmake/astra_msgs__rosidl_generator_cppExport.cmake
[5.681s] -- Up-to-date: /home/wheeltec/wheeltec_ros2/install/astra_msgs/share/astra_msgs/cmake/astra_msgs__rosidl_typesupport_introspection_cppExport.cmake
[5.681s] -- Up-to-date: /home/wheeltec/wheeltec_ros2/install/astra_msgs/share/astra_msgs/cmake/astra_msgs__rosidl_typesupport_introspection_cppExport-noconfig.cmake
[5.681s] -- Up-to-date: /home/wheeltec/wheeltec_ros2/install/astra_msgs/share/astra_msgs/cmake/astra_msgs__rosidl_typesupport_cppExport.cmake
[5.682s] -- Up-to-date: /home/wheeltec/wheeltec_ros2/install/astra_msgs/share/astra_msgs/cmake/astra_msgs__rosidl_typesupport_cppExport-noconfig.cmake
[5.682s] -- Up-to-date: /home/wheeltec/wheeltec_ros2/install/astra_msgs/share/astra_msgs/cmake/rosidl_cmake-extras.cmake
[5.682s] -- Up-to-date: /home/wheeltec/wheeltec_ros2/install/astra_msgs/share/astra_msgs/cmake/ament_cmake_export_dependencies-extras.cmake
[5.683s] -- Up-to-date: /home/wheeltec/wheeltec_ros2/install/astra_msgs/share/astra_msgs/cmake/ament_cmake_export_libraries-extras.cmake
[5.683s] -- Up-to-date: /home/wheeltec/wheeltec_ros2/install/astra_msgs/share/astra_msgs/cmake/ament_cmake_export_targets-extras.cmake
[5.683s] -- Up-to-date: /home/wheeltec/wheeltec_ros2/install/astra_msgs/share/astra_msgs/cmake/ament_cmake_export_include_directories-extras.cmake
[5.684s] -- Up-to-date: /home/wheeltec/wheeltec_ros2/install/astra_msgs/share/astra_msgs/cmake/rosidl_cmake_export_typesupport_libraries-extras.cmake
[5.686s] -- Up-to-date: /home/wheeltec/wheeltec_ros2/install/astra_msgs/share/astra_msgs/cmake/rosidl_cmake_export_typesupport_targets-extras.cmake
[5.687s] -- Up-to-date: /home/wheeltec/wheeltec_ros2/install/astra_msgs/share/astra_msgs/cmake/astra_msgsConfig.cmake
[5.687s] -- Up-to-date: /home/wheeltec/wheeltec_ros2/install/astra_msgs/share/astra_msgs/cmake/astra_msgsConfig-version.cmake
[5.688s] -- Up-to-date: /home/wheeltec/wheeltec_ros2/install/astra_msgs/share/astra_msgs/package.xml
[5.690s] Invoked command in '/home/wheeltec/wheeltec_ros2/build/astra_msgs' returned '0': CMAKE_PREFIX_PATH=${CMAKE_PREFIX_PATH}:/home/wheeltec/wheeltec_ros2/install/wheeltec_robot_keyboard:/home/wheeltec/wheeltec_ros2/install/tf2_tools:/home/wheeltec/wheeltec_ros2/install/nav2_gazebo_spawner:/opt/ros/galactic /usr/bin/cmake --install /home/wheeltec/wheeltec_ros2/build/astra_msgs
