[ 33%] Built target gtest
[ 66%] Built target gtest_main
[100%] Built target pcl_conversions-test
-- Install configuration: ""
-- Execute custom install script
-- Symlinking: /home/wheeltec/wheeltec_ros2/install/pcl_conversions/include/pcl_conversions//pcl_conversions.h
-- Symlinking: /home/wheeltec/wheeltec_ros2/install/pcl_conversions/share/ament_index/resource_index/package_run_dependencies/pcl_conversions
-- Symlinking: /home/wheeltec/wheeltec_ros2/install/pcl_conversions/share/ament_index/resource_index/parent_prefix_path/pcl_conversions
-- Symlinking: /home/wheeltec/wheeltec_ros2/install/pcl_conversions/share/pcl_conversions/environment/ament_prefix_path.sh
-- Symlinking: /home/wheeltec/wheeltec_ros2/install/pcl_conversions/share/pcl_conversions/environment/ament_prefix_path.dsv
-- Symlinking: /home/wheeltec/wheeltec_ros2/install/pcl_conversions/share/pcl_conversions/environment/path.sh
-- Symlinking: /home/wheeltec/wheeltec_ros2/install/pcl_conversions/share/pcl_conversions/environment/path.dsv
-- Symlinking: /home/wheeltec/wheeltec_ros2/install/pcl_conversions/share/pcl_conversions/local_setup.bash
-- Symlinking: /home/wheeltec/wheeltec_ros2/install/pcl_conversions/share/pcl_conversions/local_setup.sh
-- Symlinking: /home/wheeltec/wheeltec_ros2/install/pcl_conversions/share/pcl_conversions/local_setup.zsh
-- Symlinking: /home/wheeltec/wheeltec_ros2/install/pcl_conversions/share/pcl_conversions/local_setup.dsv
-- Symlinking: /home/wheeltec/wheeltec_ros2/install/pcl_conversions/share/pcl_conversions/package.dsv
-- Symlinking: /home/wheeltec/wheeltec_ros2/install/pcl_conversions/share/ament_index/resource_index/packages/pcl_conversions
-- Symlinking: /home/wheeltec/wheeltec_ros2/install/pcl_conversions/share/pcl_conversions/cmake/ament_cmake_export_include_directories-extras.cmake
-- Symlinking: /home/wheeltec/wheeltec_ros2/install/pcl_conversions/share/pcl_conversions/cmake/ament_cmake_export_dependencies-extras.cmake
-- Symlinking: /home/wheeltec/wheeltec_ros2/install/pcl_conversions/share/pcl_conversions/cmake/pcl_conversionsConfig.cmake
-- Symlinking: /home/wheeltec/wheeltec_ros2/install/pcl_conversions/share/pcl_conversions/cmake/pcl_conversionsConfig-version.cmake
-- Symlinking: /home/wheeltec/wheeltec_ros2/install/pcl_conversions/share/pcl_conversions/package.xml
