[0.176s] Invoking command in '/home/wheeltec/wheeltec_ros2/build/nav2_util': AMENT_PREFIX_PATH=/home/wheeltec/wheeltec_ros2/install/nav2_msgs:/home/wheeltec/wheeltec_ros2/install/nav2_common:${AMENT_PREFIX_PATH} CMAKE_PREFIX_PATH=/home/wheeltec/wheeltec_ros2/install/nav2_msgs:/home/wheeltec/wheeltec_ros2/install/nav2_common:/opt/ros/galactic LD_LIBRARY_PATH=/home/wheeltec/wheeltec_ros2/install/nav2_msgs/lib:${LD_LIBRARY_PATH} PYTHONPATH=/home/wheeltec/wheeltec_ros2/install/nav2_msgs/lib/python3.8/site-packages:/home/wheeltec/wheeltec_ros2/install/nav2_common/lib/python3.8/site-packages:${PYTHONPATH} /usr/bin/cmake --build /home/wheeltec/wheeltec_ros2/build/nav2_util -- -j4 -l4
[0.574s] [  5%] Built target gtest_main
[0.580s] [ 10%] Built target gtest
[0.679s] [ 15%] Built target dump_params
[0.760s] [ 20%] Built target test_execution_timer
[0.864s] [ 45%] Built target nav2_util_core
[1.090s] [ 50%] Built target test_string_utils
[1.120s] [ 55%] Built target lifecycle_bringup
[1.131s] [ 60%] Built target test_service_client
[1.174s] [ 65%] Built target test_lifecycle_node
[1.244s] [ 70%] Built target test_lifecycle_utils
[1.379s] [ 75%] Built target test_node_utils
[1.386s] [ 80%] Built target test_lifecycle_cli_node
[1.406s] [ 85%] Built target test_actions
[1.442s] [ 90%] Built target test_geometry_utils
[1.579s] [ 95%] Built target test_robot_utils
[1.613s] [100%] Built target test_odometry_utils
[1.654s] Invoked command in '/home/wheeltec/wheeltec_ros2/build/nav2_util' returned '0': AMENT_PREFIX_PATH=/home/wheeltec/wheeltec_ros2/install/nav2_msgs:/home/wheeltec/wheeltec_ros2/install/nav2_common:${AMENT_PREFIX_PATH} CMAKE_PREFIX_PATH=/home/wheeltec/wheeltec_ros2/install/nav2_msgs:/home/wheeltec/wheeltec_ros2/install/nav2_common:/opt/ros/galactic LD_LIBRARY_PATH=/home/wheeltec/wheeltec_ros2/install/nav2_msgs/lib:${LD_LIBRARY_PATH} PYTHONPATH=/home/wheeltec/wheeltec_ros2/install/nav2_msgs/lib/python3.8/site-packages:/home/wheeltec/wheeltec_ros2/install/nav2_common/lib/python3.8/site-packages:${PYTHONPATH} /usr/bin/cmake --build /home/wheeltec/wheeltec_ros2/build/nav2_util -- -j4 -l4
[1.866s] Invoking command in '/home/wheeltec/wheeltec_ros2/build/nav2_util': AMENT_PREFIX_PATH=/home/wheeltec/wheeltec_ros2/install/nav2_msgs:/home/wheeltec/wheeltec_ros2/install/nav2_common:${AMENT_PREFIX_PATH} CMAKE_PREFIX_PATH=/home/wheeltec/wheeltec_ros2/install/nav2_msgs:/home/wheeltec/wheeltec_ros2/install/nav2_common:/opt/ros/galactic LD_LIBRARY_PATH=/home/wheeltec/wheeltec_ros2/install/nav2_msgs/lib:${LD_LIBRARY_PATH} PYTHONPATH=/home/wheeltec/wheeltec_ros2/install/nav2_msgs/lib/python3.8/site-packages:/home/wheeltec/wheeltec_ros2/install/nav2_common/lib/python3.8/site-packages:${PYTHONPATH} /usr/bin/cmake --install /home/wheeltec/wheeltec_ros2/build/nav2_util
[1.901s] -- Install configuration: "Release"
[1.906s] -- Up-to-date: /home/wheeltec/wheeltec_ros2/install/nav2_util/include/
[1.908s] -- Up-to-date: /home/wheeltec/wheeltec_ros2/install/nav2_util/include//nav2_util
[1.909s] -- Up-to-date: /home/wheeltec/wheeltec_ros2/install/nav2_util/include//nav2_util/lifecycle_service_client.hpp
[1.910s] -- Up-to-date: /home/wheeltec/wheeltec_ros2/install/nav2_util/include//nav2_util/service_client.hpp
[1.910s] -- Up-to-date: /home/wheeltec/wheeltec_ros2/install/nav2_util/include//nav2_util/node_thread.hpp
[1.911s] -- Up-to-date: /home/wheeltec/wheeltec_ros2/install/nav2_util/include//nav2_util/robot_utils.hpp
[1.913s] -- Up-to-date: /home/wheeltec/wheeltec_ros2/install/nav2_util/include//nav2_util/odometry_utils.hpp
[1.913s] -- Up-to-date: /home/wheeltec/wheeltec_ros2/install/nav2_util/include//nav2_util/node_utils.hpp
[1.915s] -- Up-to-date: /home/wheeltec/wheeltec_ros2/install/nav2_util/include//nav2_util/string_utils.hpp
[1.915s] -- Up-to-date: /home/wheeltec/wheeltec_ros2/install/nav2_util/include//nav2_util/occ_grid_values.hpp
[1.916s] -- Up-to-date: /home/wheeltec/wheeltec_ros2/install/nav2_util/include//nav2_util/execution_timer.hpp
[1.918s] -- Up-to-date: /home/wheeltec/wheeltec_ros2/install/nav2_util/include//nav2_util/simple_action_server.hpp
[1.919s] -- Up-to-date: /home/wheeltec/wheeltec_ros2/install/nav2_util/include//nav2_util/geometry_utils.hpp
[1.921s] -- Up-to-date: /home/wheeltec/wheeltec_ros2/install/nav2_util/include//nav2_util/lifecycle_node.hpp
[1.921s] -- Up-to-date: /home/wheeltec/wheeltec_ros2/install/nav2_util/include//nav2_util/lifecycle_utils.hpp
[1.922s] -- Up-to-date: /home/wheeltec/wheeltec_ros2/install/nav2_util/include//nav2_util/line_iterator.hpp
[1.937s] -- Up-to-date: /home/wheeltec/wheeltec_ros2/install/nav2_util/include//nav2_util/costmap.hpp
[1.937s] -- Up-to-date: /home/wheeltec/wheeltec_ros2/install/nav2_util/include//nav2_util/clear_entirely_costmap_service_client.hpp
[1.947s] -- Up-to-date: /home/wheeltec/wheeltec_ros2/install/nav2_util/share/nav2_util/environment/library_path.sh
[1.948s] -- Up-to-date: /home/wheeltec/wheeltec_ros2/install/nav2_util/share/nav2_util/environment/library_path.dsv
[1.949s] -- Up-to-date: /home/wheeltec/wheeltec_ros2/install/nav2_util/share/ament_index/resource_index/package_run_dependencies/nav2_util
[1.954s] -- Up-to-date: /home/wheeltec/wheeltec_ros2/install/nav2_util/share/ament_index/resource_index/parent_prefix_path/nav2_util
[1.955s] -- Up-to-date: /home/wheeltec/wheeltec_ros2/install/nav2_util/share/nav2_util/environment/ament_prefix_path.sh
[1.955s] -- Up-to-date: /home/wheeltec/wheeltec_ros2/install/nav2_util/share/nav2_util/environment/ament_prefix_path.dsv
[1.956s] -- Up-to-date: /home/wheeltec/wheeltec_ros2/install/nav2_util/share/nav2_util/environment/path.sh
[1.956s] -- Up-to-date: /home/wheeltec/wheeltec_ros2/install/nav2_util/share/nav2_util/environment/path.dsv
[1.957s] -- Up-to-date: /home/wheeltec/wheeltec_ros2/install/nav2_util/share/nav2_util/local_setup.bash
[1.957s] -- Up-to-date: /home/wheeltec/wheeltec_ros2/install/nav2_util/share/nav2_util/local_setup.sh
[1.958s] -- Up-to-date: /home/wheeltec/wheeltec_ros2/install/nav2_util/share/nav2_util/local_setup.zsh
[1.959s] -- Up-to-date: /home/wheeltec/wheeltec_ros2/install/nav2_util/share/nav2_util/local_setup.dsv
[1.960s] -- Installing: /home/wheeltec/wheeltec_ros2/install/nav2_util/share/nav2_util/package.dsv
[1.962s] -- Up-to-date: /home/wheeltec/wheeltec_ros2/install/nav2_util/share/ament_index/resource_index/packages/nav2_util
[1.964s] -- Up-to-date: /home/wheeltec/wheeltec_ros2/install/nav2_util/share/nav2_util/cmake/ament_cmake_export_include_directories-extras.cmake
[1.969s] -- Up-to-date: /home/wheeltec/wheeltec_ros2/install/nav2_util/share/nav2_util/cmake/ament_cmake_export_libraries-extras.cmake
[1.970s] -- Up-to-date: /home/wheeltec/wheeltec_ros2/install/nav2_util/share/nav2_util/cmake/ament_cmake_export_dependencies-extras.cmake
[1.970s] -- Up-to-date: /home/wheeltec/wheeltec_ros2/install/nav2_util/share/nav2_util/cmake/nav2_utilConfig.cmake
[1.971s] -- Up-to-date: /home/wheeltec/wheeltec_ros2/install/nav2_util/share/nav2_util/cmake/nav2_utilConfig-version.cmake
[1.972s] -- Up-to-date: /home/wheeltec/wheeltec_ros2/install/nav2_util/share/nav2_util/package.xml
[1.973s] -- Up-to-date: /home/wheeltec/wheeltec_ros2/install/nav2_util/lib/libnav2_util_core.so
[1.974s] -- Up-to-date: /home/wheeltec/wheeltec_ros2/install/nav2_util/lib/nav2_util/lifecycle_bringup
[1.978s] -- Up-to-date: /home/wheeltec/wheeltec_ros2/install/nav2_util/lib/nav2_util/dump_params
[2.106s] Invoked command in '/home/wheeltec/wheeltec_ros2/build/nav2_util' returned '0': AMENT_PREFIX_PATH=/home/wheeltec/wheeltec_ros2/install/nav2_msgs:/home/wheeltec/wheeltec_ros2/install/nav2_common:${AMENT_PREFIX_PATH} CMAKE_PREFIX_PATH=/home/wheeltec/wheeltec_ros2/install/nav2_msgs:/home/wheeltec/wheeltec_ros2/install/nav2_common:/opt/ros/galactic LD_LIBRARY_PATH=/home/wheeltec/wheeltec_ros2/install/nav2_msgs/lib:${LD_LIBRARY_PATH} PYTHONPATH=/home/wheeltec/wheeltec_ros2/install/nav2_msgs/lib/python3.8/site-packages:/home/wheeltec/wheeltec_ros2/install/nav2_common/lib/python3.8/site-packages:${PYTHONPATH} /usr/bin/cmake --install /home/wheeltec/wheeltec_ros2/build/nav2_util
