[0.202s] Invoking command in '/home/wheeltec/wheeltec_ros2/build/wheeltec_cartographer': CMAKE_PREFIX_PATH=${CMAKE_PREFIX_PATH}:/home/wheeltec/wheeltec_ros2/install/simple_follower_ros2:/home/wheeltec/wheeltec_ros2/install/wheeltec_robot_keyboard:/home/wheeltec/wheeltec_ros2/install/tf2_tools:/home/wheeltec/wheeltec_ros2/install/nav2_simple_commander:/home/wheeltec/wheeltec_ros2/install/nav2_gazebo_spawner:/opt/ros/galactic /usr/bin/cmake --build /home/wheeltec/wheeltec_ros2/build/wheeltec_cartographer -- -j4 -l4
[0.494s] Invoked command in '/home/wheeltec/wheeltec_ros2/build/wheeltec_cartographer' returned '0': CMAKE_PREFIX_PATH=${CMAKE_PREFIX_PATH}:/home/wheeltec/wheeltec_ros2/install/simple_follower_ros2:/home/wheeltec/wheeltec_ros2/install/wheeltec_robot_keyboard:/home/wheeltec/wheeltec_ros2/install/tf2_tools:/home/wheeltec/wheeltec_ros2/install/nav2_simple_commander:/home/wheeltec/wheeltec_ros2/install/nav2_gazebo_spawner:/opt/ros/galactic /usr/bin/cmake --build /home/wheeltec/wheeltec_ros2/build/wheeltec_cartographer -- -j4 -l4
[0.690s] Invoking command in '/home/wheeltec/wheeltec_ros2/build/wheeltec_cartographer': CMAKE_PREFIX_PATH=${CMAKE_PREFIX_PATH}:/home/wheeltec/wheeltec_ros2/install/simple_follower_ros2:/home/wheeltec/wheeltec_ros2/install/wheeltec_robot_keyboard:/home/wheeltec/wheeltec_ros2/install/tf2_tools:/home/wheeltec/wheeltec_ros2/install/nav2_simple_commander:/home/wheeltec/wheeltec_ros2/install/nav2_gazebo_spawner:/opt/ros/galactic /usr/bin/cmake --install /home/wheeltec/wheeltec_ros2/build/wheeltec_cartographer
[0.756s] -- Install configuration: ""
[0.756s] -- Up-to-date: /home/wheeltec/wheeltec_ros2/install/wheeltec_cartographer/share/wheeltec_cartographer/launch
[0.757s] -- Up-to-date: /home/wheeltec/wheeltec_ros2/install/wheeltec_cartographer/share/wheeltec_cartographer/launch/turtlebot3_scan.launch.py
[0.758s] -- Up-to-date: /home/wheeltec/wheeltec_ros2/install/wheeltec_cartographer/share/wheeltec_cartographer/launch/realsense_d400.launch.py
[0.758s] -- Up-to-date: /home/wheeltec/wheeltec_ros2/install/wheeltec_cartographer/share/wheeltec_cartographer/launch/cartographer.launch.py
[0.758s] -- Up-to-date: /home/wheeltec/wheeltec_ros2/install/wheeltec_cartographer/share/wheeltec_cartographer/launch/slam_rtabmap.launch.py
[0.759s] -- Up-to-date: /home/wheeltec/wheeltec_ros2/install/wheeltec_cartographer/share/wheeltec_cartographer/config
[0.760s] -- Up-to-date: /home/wheeltec/wheeltec_ros2/install/wheeltec_cartographer/share/wheeltec_cartographer/config/cartographer.lua
[0.761s] -- Up-to-date: /home/wheeltec/wheeltec_ros2/install/wheeltec_cartographer/share/ament_index/resource_index/package_run_dependencies/wheeltec_cartographer
[0.761s] -- Up-to-date: /home/wheeltec/wheeltec_ros2/install/wheeltec_cartographer/share/ament_index/resource_index/parent_prefix_path/wheeltec_cartographer
[0.762s] -- Up-to-date: /home/wheeltec/wheeltec_ros2/install/wheeltec_cartographer/share/wheeltec_cartographer/environment/ament_prefix_path.sh
[0.762s] -- Up-to-date: /home/wheeltec/wheeltec_ros2/install/wheeltec_cartographer/share/wheeltec_cartographer/environment/ament_prefix_path.dsv
[0.763s] -- Up-to-date: /home/wheeltec/wheeltec_ros2/install/wheeltec_cartographer/share/wheeltec_cartographer/environment/path.sh
[0.764s] -- Up-to-date: /home/wheeltec/wheeltec_ros2/install/wheeltec_cartographer/share/wheeltec_cartographer/environment/path.dsv
[0.764s] -- Up-to-date: /home/wheeltec/wheeltec_ros2/install/wheeltec_cartographer/share/wheeltec_cartographer/local_setup.bash
[0.765s] -- Up-to-date: /home/wheeltec/wheeltec_ros2/install/wheeltec_cartographer/share/wheeltec_cartographer/local_setup.sh
[0.765s] -- Up-to-date: /home/wheeltec/wheeltec_ros2/install/wheeltec_cartographer/share/wheeltec_cartographer/local_setup.zsh
[0.766s] -- Up-to-date: /home/wheeltec/wheeltec_ros2/install/wheeltec_cartographer/share/wheeltec_cartographer/local_setup.dsv
[0.766s] -- Installing: /home/wheeltec/wheeltec_ros2/install/wheeltec_cartographer/share/wheeltec_cartographer/package.dsv
[0.767s] -- Up-to-date: /home/wheeltec/wheeltec_ros2/install/wheeltec_cartographer/share/ament_index/resource_index/packages/wheeltec_cartographer
[0.767s] -- Up-to-date: /home/wheeltec/wheeltec_ros2/install/wheeltec_cartographer/share/wheeltec_cartographer/cmake/wheeltec_cartographerConfig.cmake
[0.768s] -- Up-to-date: /home/wheeltec/wheeltec_ros2/install/wheeltec_cartographer/share/wheeltec_cartographer/cmake/wheeltec_cartographerConfig-version.cmake
[0.781s] -- Up-to-date: /home/wheeltec/wheeltec_ros2/install/wheeltec_cartographer/share/wheeltec_cartographer/package.xml
[0.854s] Invoked command in '/home/wheeltec/wheeltec_ros2/build/wheeltec_cartographer' returned '0': CMAKE_PREFIX_PATH=${CMAKE_PREFIX_PATH}:/home/wheeltec/wheeltec_ros2/install/simple_follower_ros2:/home/wheeltec/wheeltec_ros2/install/wheeltec_robot_keyboard:/home/wheeltec/wheeltec_ros2/install/tf2_tools:/home/wheeltec/wheeltec_ros2/install/nav2_simple_commander:/home/wheeltec/wheeltec_ros2/install/nav2_gazebo_spawner:/opt/ros/galactic /usr/bin/cmake --install /home/wheeltec/wheeltec_ros2/build/wheeltec_cartographer
