[0.137s] Invoking command in '/home/wheeltec/wheeltec_ros2/build/pcl_conversions': CMAKE_PREFIX_PATH=/opt/ros/galactic /usr/bin/cmake --build /home/wheeltec/wheeltec_ros2/build/pcl_conversions -- -j4 -l4
[0.454s] [ 33%] Built target gtest_main
[0.460s] [ 66%] Built target gtest
[0.805s] [100%] Built target pcl_conversions-test
[0.874s] Invoked command in '/home/wheeltec/wheeltec_ros2/build/pcl_conversions' returned '0': CMAKE_PREFIX_PATH=/opt/ros/galactic /usr/bin/cmake --build /home/wheeltec/wheeltec_ros2/build/pcl_conversions -- -j4 -l4
[1.079s] Invoking command in '/home/wheeltec/wheeltec_ros2/build/pcl_conversions': CMAKE_PREFIX_PATH=/opt/ros/galactic /usr/bin/cmake --install /home/wheeltec/wheeltec_ros2/build/pcl_conversions
[1.118s] -- Install configuration: ""
[1.119s] -- Up-to-date: /home/wheeltec/wheeltec_ros2/install/pcl_conversions/include/pcl_conversions/
[1.121s] -- Up-to-date: /home/wheeltec/wheeltec_ros2/install/pcl_conversions/include/pcl_conversions//pcl_conversions.h
[1.124s] -- Up-to-date: /home/wheeltec/wheeltec_ros2/install/pcl_conversions/share/ament_index/resource_index/package_run_dependencies/pcl_conversions
[1.125s] -- Up-to-date: /home/wheeltec/wheeltec_ros2/install/pcl_conversions/share/ament_index/resource_index/parent_prefix_path/pcl_conversions
[1.127s] -- Up-to-date: /home/wheeltec/wheeltec_ros2/install/pcl_conversions/share/pcl_conversions/environment/ament_prefix_path.sh
[1.127s] -- Up-to-date: /home/wheeltec/wheeltec_ros2/install/pcl_conversions/share/pcl_conversions/environment/ament_prefix_path.dsv
[1.128s] -- Up-to-date: /home/wheeltec/wheeltec_ros2/install/pcl_conversions/share/pcl_conversions/environment/path.sh
[1.131s] -- Up-to-date: /home/wheeltec/wheeltec_ros2/install/pcl_conversions/share/pcl_conversions/environment/path.dsv
[1.131s] -- Up-to-date: /home/wheeltec/wheeltec_ros2/install/pcl_conversions/share/pcl_conversions/local_setup.bash
[1.132s] -- Up-to-date: /home/wheeltec/wheeltec_ros2/install/pcl_conversions/share/pcl_conversions/local_setup.sh
[1.132s] -- Up-to-date: /home/wheeltec/wheeltec_ros2/install/pcl_conversions/share/pcl_conversions/local_setup.zsh
[1.133s] -- Up-to-date: /home/wheeltec/wheeltec_ros2/install/pcl_conversions/share/pcl_conversions/local_setup.dsv
[1.135s] -- Installing: /home/wheeltec/wheeltec_ros2/install/pcl_conversions/share/pcl_conversions/package.dsv
[1.141s] -- Up-to-date: /home/wheeltec/wheeltec_ros2/install/pcl_conversions/share/ament_index/resource_index/packages/pcl_conversions
[1.145s] -- Up-to-date: /home/wheeltec/wheeltec_ros2/install/pcl_conversions/share/pcl_conversions/cmake/ament_cmake_export_include_directories-extras.cmake
[1.153s] -- Up-to-date: /home/wheeltec/wheeltec_ros2/install/pcl_conversions/share/pcl_conversions/cmake/ament_cmake_export_dependencies-extras.cmake
[1.153s] -- Up-to-date: /home/wheeltec/wheeltec_ros2/install/pcl_conversions/share/pcl_conversions/cmake/pcl_conversionsConfig.cmake
[1.154s] -- Up-to-date: /home/wheeltec/wheeltec_ros2/install/pcl_conversions/share/pcl_conversions/cmake/pcl_conversionsConfig-version.cmake
[1.154s] -- Up-to-date: /home/wheeltec/wheeltec_ros2/install/pcl_conversions/share/pcl_conversions/package.xml
[1.155s] Invoked command in '/home/wheeltec/wheeltec_ros2/build/pcl_conversions' returned '0': CMAKE_PREFIX_PATH=/opt/ros/galactic /usr/bin/cmake --install /home/wheeltec/wheeltec_ros2/build/pcl_conversions
