[0.384s] Invoking command in '/home/wheeltec/wheeltec_ros2/build/nav_2d_msgs': CMAKE_PREFIX_PATH=${CMAKE_PREFIX_PATH}:/home/wheeltec/wheeltec_ros2/install/simple_follower_ros2:/home/wheeltec/wheeltec_ros2/install/wheeltec_robot_keyboard:/home/wheeltec/wheeltec_ros2/install/tf2_tools:/home/wheeltec/wheeltec_ros2/install/nav2_simple_commander:/home/wheeltec/wheeltec_ros2/install/nav2_gazebo_spawner:/opt/ros/galactic /usr/bin/cmake --build /home/wheeltec/wheeltec_ros2/build/nav_2d_msgs -- -j4 -l4
[1.153s] [  1%] Built target nav_2d_msgs__cpp
[1.183s] [ 12%] Built target nav_2d_msgs__rosidl_generator_c
[1.706s] [ 23%] Built target nav_2d_msgs__rosidl_typesupport_cpp
[1.761s] [ 35%] Built target nav_2d_msgs__rosidl_typesupport_fastrtps_cpp
[1.828s] [ 46%] Built target nav_2d_msgs__rosidl_typesupport_introspection_cpp
[2.066s] [ 57%] Built target nav_2d_msgs__rosidl_typesupport_c
[2.220s] [ 69%] Built target nav_2d_msgs__rosidl_typesupport_introspection_c
[2.297s] [ 80%] Built target nav_2d_msgs__rosidl_typesupport_fastrtps_c
[2.536s] [ 80%] Built target nav_2d_msgs
[2.869s] [ 81%] Built target nav_2d_msgs__py
[3.260s] [ 91%] Built target nav_2d_msgs__python
[3.738s] [ 94%] Built target nav_2d_msgs__rosidl_typesupport_introspection_c__pyext
[3.805s] [ 97%] Built target nav_2d_msgs__rosidl_typesupport_fastrtps_c__pyext
[4.093s] [100%] Built target nav_2d_msgs__rosidl_typesupport_c__pyext
[4.232s] Invoked command in '/home/wheeltec/wheeltec_ros2/build/nav_2d_msgs' returned '0': CMAKE_PREFIX_PATH=${CMAKE_PREFIX_PATH}:/home/wheeltec/wheeltec_ros2/install/simple_follower_ros2:/home/wheeltec/wheeltec_ros2/install/wheeltec_robot_keyboard:/home/wheeltec/wheeltec_ros2/install/tf2_tools:/home/wheeltec/wheeltec_ros2/install/nav2_simple_commander:/home/wheeltec/wheeltec_ros2/install/nav2_gazebo_spawner:/opt/ros/galactic /usr/bin/cmake --build /home/wheeltec/wheeltec_ros2/build/nav_2d_msgs -- -j4 -l4
[6.261s] Invoking command in '/home/wheeltec/wheeltec_ros2/build/nav_2d_msgs': CMAKE_PREFIX_PATH=${CMAKE_PREFIX_PATH}:/home/wheeltec/wheeltec_ros2/install/simple_follower_ros2:/home/wheeltec/wheeltec_ros2/install/wheeltec_robot_keyboard:/home/wheeltec/wheeltec_ros2/install/tf2_tools:/home/wheeltec/wheeltec_ros2/install/nav2_simple_commander:/home/wheeltec/wheeltec_ros2/install/nav2_gazebo_spawner:/opt/ros/galactic /usr/bin/cmake --install /home/wheeltec/wheeltec_ros2/build/nav_2d_msgs
[6.345s] -- Install configuration: ""
[6.345s] -- Up-to-date: /home/wheeltec/wheeltec_ros2/install/nav_2d_msgs/share/ament_index/resource_index/rosidl_interfaces/nav_2d_msgs
[6.346s] -- Up-to-date: /home/wheeltec/wheeltec_ros2/install/nav_2d_msgs/include/nav_2d_msgs
[6.346s] -- Up-to-date: /home/wheeltec/wheeltec_ros2/install/nav_2d_msgs/include/nav_2d_msgs/msg
[6.357s] -- Up-to-date: /home/wheeltec/wheeltec_ros2/install/nav_2d_msgs/include/nav_2d_msgs/msg/twist2_d.h
[6.357s] -- Up-to-date: /home/wheeltec/wheeltec_ros2/install/nav_2d_msgs/include/nav_2d_msgs/msg/path2_d.h
[6.358s] -- Up-to-date: /home/wheeltec/wheeltec_ros2/install/nav_2d_msgs/include/nav_2d_msgs/msg/twist2_d32.h
[6.359s] -- Up-to-date: /home/wheeltec/wheeltec_ros2/install/nav_2d_msgs/include/nav_2d_msgs/msg/detail
[6.360s] -- Up-to-date: /home/wheeltec/wheeltec_ros2/install/nav_2d_msgs/include/nav_2d_msgs/msg/detail/twist2_d_stamped__functions.c
[6.360s] -- Up-to-date: /home/wheeltec/wheeltec_ros2/install/nav_2d_msgs/include/nav_2d_msgs/msg/detail/twist2_d32__functions.c
[6.360s] -- Up-to-date: /home/wheeltec/wheeltec_ros2/install/nav_2d_msgs/include/nav_2d_msgs/msg/detail/pose2_d_stamped__functions.h
[6.363s] -- Up-to-date: /home/wheeltec/wheeltec_ros2/install/nav_2d_msgs/include/nav_2d_msgs/msg/detail/path2_d__functions.h
[6.365s] -- Up-to-date: /home/wheeltec/wheeltec_ros2/install/nav_2d_msgs/include/nav_2d_msgs/msg/detail/twist2_d32__functions.h
[6.365s] -- Up-to-date: /home/wheeltec/wheeltec_ros2/install/nav_2d_msgs/include/nav_2d_msgs/msg/detail/path2_d__type_support.h
[6.366s] -- Up-to-date: /home/wheeltec/wheeltec_ros2/install/nav_2d_msgs/include/nav_2d_msgs/msg/detail/pose2_d_stamped__functions.c
[6.367s] -- Up-to-date: /home/wheeltec/wheeltec_ros2/install/nav_2d_msgs/include/nav_2d_msgs/msg/detail/twist2_d__struct.h
[6.367s] -- Up-to-date: /home/wheeltec/wheeltec_ros2/install/nav_2d_msgs/include/nav_2d_msgs/msg/detail/pose2_d32__functions.c
[6.368s] -- Up-to-date: /home/wheeltec/wheeltec_ros2/install/nav_2d_msgs/include/nav_2d_msgs/msg/detail/twist2_d_stamped__struct.h
[6.368s] -- Up-to-date: /home/wheeltec/wheeltec_ros2/install/nav_2d_msgs/include/nav_2d_msgs/msg/detail/twist2_d__functions.h
[6.368s] -- Up-to-date: /home/wheeltec/wheeltec_ros2/install/nav_2d_msgs/include/nav_2d_msgs/msg/detail/pose2_d32__struct.h
[6.369s] -- Up-to-date: /home/wheeltec/wheeltec_ros2/install/nav_2d_msgs/include/nav_2d_msgs/msg/detail/twist2_d32__type_support.h
[6.369s] -- Up-to-date: /home/wheeltec/wheeltec_ros2/install/nav_2d_msgs/include/nav_2d_msgs/msg/detail/twist2_d_stamped__functions.h
[6.370s] -- Up-to-date: /home/wheeltec/wheeltec_ros2/install/nav_2d_msgs/include/nav_2d_msgs/msg/detail/twist2_d__functions.c
[6.370s] -- Up-to-date: /home/wheeltec/wheeltec_ros2/install/nav_2d_msgs/include/nav_2d_msgs/msg/detail/pose2_d_stamped__struct.h
[6.371s] -- Up-to-date: /home/wheeltec/wheeltec_ros2/install/nav_2d_msgs/include/nav_2d_msgs/msg/detail/pose2_d_stamped__type_support.h
[6.371s] -- Up-to-date: /home/wheeltec/wheeltec_ros2/install/nav_2d_msgs/include/nav_2d_msgs/msg/detail/path2_d__struct.h
[6.371s] -- Up-to-date: /home/wheeltec/wheeltec_ros2/install/nav_2d_msgs/include/nav_2d_msgs/msg/detail/pose2_d32__functions.h
[6.377s] -- Up-to-date: /home/wheeltec/wheeltec_ros2/install/nav_2d_msgs/include/nav_2d_msgs/msg/detail/pose2_d32__type_support.h
[6.378s] -- Up-to-date: /home/wheeltec/wheeltec_ros2/install/nav_2d_msgs/include/nav_2d_msgs/msg/detail/twist2_d_stamped__type_support.h
[6.379s] -- Up-to-date: /home/wheeltec/wheeltec_ros2/install/nav_2d_msgs/include/nav_2d_msgs/msg/detail/twist2_d__type_support.h
[6.379s] -- Up-to-date: /home/wheeltec/wheeltec_ros2/install/nav_2d_msgs/include/nav_2d_msgs/msg/detail/twist2_d32__struct.h
[6.380s] -- Up-to-date: /home/wheeltec/wheeltec_ros2/install/nav_2d_msgs/include/nav_2d_msgs/msg/detail/path2_d__functions.c
[6.380s] -- Up-to-date: /home/wheeltec/wheeltec_ros2/install/nav_2d_msgs/include/nav_2d_msgs/msg/pose2_d_stamped.h
[6.381s] -- Up-to-date: /home/wheeltec/wheeltec_ros2/install/nav_2d_msgs/include/nav_2d_msgs/msg/rosidl_generator_c__visibility_control.h
[6.381s] -- Up-to-date: /home/wheeltec/wheeltec_ros2/install/nav_2d_msgs/include/nav_2d_msgs/msg/twist2_d_stamped.h
[6.392s] -- Up-to-date: /home/wheeltec/wheeltec_ros2/install/nav_2d_msgs/include/nav_2d_msgs/msg/pose2_d32.h
[6.393s] -- Up-to-date: /home/wheeltec/wheeltec_ros2/install/nav_2d_msgs/share/nav_2d_msgs/environment/library_path.sh
[6.394s] -- Up-to-date: /home/wheeltec/wheeltec_ros2/install/nav_2d_msgs/share/nav_2d_msgs/environment/library_path.dsv
[6.394s] -- Up-to-date: /home/wheeltec/wheeltec_ros2/install/nav_2d_msgs/lib/libnav_2d_msgs__rosidl_generator_c.so
[6.395s] -- Up-to-date: /home/wheeltec/wheeltec_ros2/install/nav_2d_msgs/include/nav_2d_msgs
[6.396s] -- Up-to-date: /home/wheeltec/wheeltec_ros2/install/nav_2d_msgs/include/nav_2d_msgs/msg
[6.407s] -- Up-to-date: /home/wheeltec/wheeltec_ros2/install/nav_2d_msgs/include/nav_2d_msgs/msg/detail
[6.417s] -- Up-to-date: /home/wheeltec/wheeltec_ros2/install/nav_2d_msgs/include/nav_2d_msgs/msg/detail/twist2_d32__rosidl_typesupport_fastrtps_c.h
[6.417s] -- Up-to-date: /home/wheeltec/wheeltec_ros2/install/nav_2d_msgs/include/nav_2d_msgs/msg/detail/twist2_d__rosidl_typesupport_fastrtps_c.h
[6.418s] -- Up-to-date: /home/wheeltec/wheeltec_ros2/install/nav_2d_msgs/include/nav_2d_msgs/msg/detail/twist2_d_stamped__rosidl_typesupport_fastrtps_c.h
[6.418s] -- Up-to-date: /home/wheeltec/wheeltec_ros2/install/nav_2d_msgs/include/nav_2d_msgs/msg/detail/pose2_d32__rosidl_typesupport_fastrtps_c.h
[6.419s] -- Up-to-date: /home/wheeltec/wheeltec_ros2/install/nav_2d_msgs/include/nav_2d_msgs/msg/detail/path2_d__rosidl_typesupport_fastrtps_c.h
[6.419s] -- Up-to-date: /home/wheeltec/wheeltec_ros2/install/nav_2d_msgs/include/nav_2d_msgs/msg/detail/pose2_d_stamped__rosidl_typesupport_fastrtps_c.h
[6.420s] -- Up-to-date: /home/wheeltec/wheeltec_ros2/install/nav_2d_msgs/include/nav_2d_msgs/msg/rosidl_typesupport_fastrtps_c__visibility_control.h
[6.428s] -- Up-to-date: /home/wheeltec/wheeltec_ros2/install/nav_2d_msgs/lib/libnav_2d_msgs__rosidl_typesupport_fastrtps_c.so
[6.428s] -- Up-to-date: /home/wheeltec/wheeltec_ros2/install/nav_2d_msgs/include/nav_2d_msgs
[6.429s] -- Up-to-date: /home/wheeltec/wheeltec_ros2/install/nav_2d_msgs/include/nav_2d_msgs/msg
[6.429s] -- Up-to-date: /home/wheeltec/wheeltec_ros2/install/nav_2d_msgs/include/nav_2d_msgs/msg/rosidl_typesupport_fastrtps_cpp__visibility_control.h
[6.429s] -- Up-to-date: /home/wheeltec/wheeltec_ros2/install/nav_2d_msgs/include/nav_2d_msgs/msg/detail
[6.430s] -- Up-to-date: /home/wheeltec/wheeltec_ros2/install/nav_2d_msgs/include/nav_2d_msgs/msg/detail/twist2_d32__rosidl_typesupport_fastrtps_cpp.hpp
[6.430s] -- Up-to-date: /home/wheeltec/wheeltec_ros2/install/nav_2d_msgs/include/nav_2d_msgs/msg/detail/twist2_d__rosidl_typesupport_fastrtps_cpp.hpp
[6.430s] -- Up-to-date: /home/wheeltec/wheeltec_ros2/install/nav_2d_msgs/include/nav_2d_msgs/msg/detail/path2_d__rosidl_typesupport_fastrtps_cpp.hpp
[6.431s] -- Up-to-date: /home/wheeltec/wheeltec_ros2/install/nav_2d_msgs/include/nav_2d_msgs/msg/detail/twist2_d_stamped__rosidl_typesupport_fastrtps_cpp.hpp
[6.431s] -- Up-to-date: /home/wheeltec/wheeltec_ros2/install/nav_2d_msgs/include/nav_2d_msgs/msg/detail/dds_fastrtps
[6.432s] -- Up-to-date: /home/wheeltec/wheeltec_ros2/install/nav_2d_msgs/include/nav_2d_msgs/msg/detail/pose2_d_stamped__rosidl_typesupport_fastrtps_cpp.hpp
[6.432s] -- Up-to-date: /home/wheeltec/wheeltec_ros2/install/nav_2d_msgs/include/nav_2d_msgs/msg/detail/pose2_d32__rosidl_typesupport_fastrtps_cpp.hpp
[6.433s] -- Up-to-date: /home/wheeltec/wheeltec_ros2/install/nav_2d_msgs/lib/libnav_2d_msgs__rosidl_typesupport_fastrtps_cpp.so
[6.433s] -- Up-to-date: /home/wheeltec/wheeltec_ros2/install/nav_2d_msgs/include/nav_2d_msgs
[6.433s] -- Up-to-date: /home/wheeltec/wheeltec_ros2/install/nav_2d_msgs/include/nav_2d_msgs/msg
[6.434s] -- Up-to-date: /home/wheeltec/wheeltec_ros2/install/nav_2d_msgs/include/nav_2d_msgs/msg/detail
[6.434s] -- Up-to-date: /home/wheeltec/wheeltec_ros2/install/nav_2d_msgs/include/nav_2d_msgs/msg/detail/twist2_d__type_support.c
[6.435s] -- Up-to-date: /home/wheeltec/wheeltec_ros2/install/nav_2d_msgs/include/nav_2d_msgs/msg/detail/twist2_d_stamped__type_support.c
[6.435s] -- Up-to-date: /home/wheeltec/wheeltec_ros2/install/nav_2d_msgs/include/nav_2d_msgs/msg/detail/twist2_d32__type_support.c
[6.436s] -- Up-to-date: /home/wheeltec/wheeltec_ros2/install/nav_2d_msgs/include/nav_2d_msgs/msg/detail/twist2_d_stamped__rosidl_typesupport_introspection_c.h
[6.436s] -- Up-to-date: /home/wheeltec/wheeltec_ros2/install/nav_2d_msgs/include/nav_2d_msgs/msg/detail/twist2_d__rosidl_typesupport_introspection_c.h
[6.436s] -- Up-to-date: /home/wheeltec/wheeltec_ros2/install/nav_2d_msgs/include/nav_2d_msgs/msg/detail/path2_d__rosidl_typesupport_introspection_c.h
[6.437s] -- Up-to-date: /home/wheeltec/wheeltec_ros2/install/nav_2d_msgs/include/nav_2d_msgs/msg/detail/path2_d__type_support.c
[6.437s] -- Up-to-date: /home/wheeltec/wheeltec_ros2/install/nav_2d_msgs/include/nav_2d_msgs/msg/detail/twist2_d32__rosidl_typesupport_introspection_c.h
[6.437s] -- Up-to-date: /home/wheeltec/wheeltec_ros2/install/nav_2d_msgs/include/nav_2d_msgs/msg/detail/pose2_d32__type_support.c
[6.454s] -- Up-to-date: /home/wheeltec/wheeltec_ros2/install/nav_2d_msgs/include/nav_2d_msgs/msg/detail/pose2_d_stamped__type_support.c
[6.454s] -- Up-to-date: /home/wheeltec/wheeltec_ros2/install/nav_2d_msgs/include/nav_2d_msgs/msg/detail/pose2_d_stamped__rosidl_typesupport_introspection_c.h
[6.455s] -- Up-to-date: /home/wheeltec/wheeltec_ros2/install/nav_2d_msgs/include/nav_2d_msgs/msg/detail/pose2_d32__rosidl_typesupport_introspection_c.h
[6.455s] -- Up-to-date: /home/wheeltec/wheeltec_ros2/install/nav_2d_msgs/include/nav_2d_msgs/msg/rosidl_typesupport_introspection_c__visibility_control.h
[6.455s] -- Up-to-date: /home/wheeltec/wheeltec_ros2/install/nav_2d_msgs/lib/libnav_2d_msgs__rosidl_typesupport_introspection_c.so
[6.456s] -- Up-to-date: /home/wheeltec/wheeltec_ros2/install/nav_2d_msgs/lib/libnav_2d_msgs__rosidl_typesupport_c.so
[6.456s] -- Up-to-date: /home/wheeltec/wheeltec_ros2/install/nav_2d_msgs/include/nav_2d_msgs
[6.457s] -- Up-to-date: /home/wheeltec/wheeltec_ros2/install/nav_2d_msgs/include/nav_2d_msgs/msg
[6.457s] -- Up-to-date: /home/wheeltec/wheeltec_ros2/install/nav_2d_msgs/include/nav_2d_msgs/msg/path2_d.hpp
[6.457s] -- Up-to-date: /home/wheeltec/wheeltec_ros2/install/nav_2d_msgs/include/nav_2d_msgs/msg/twist2_d_stamped.hpp
[6.458s] -- Up-to-date: /home/wheeltec/wheeltec_ros2/install/nav_2d_msgs/include/nav_2d_msgs/msg/detail
[6.458s] -- Up-to-date: /home/wheeltec/wheeltec_ros2/install/nav_2d_msgs/include/nav_2d_msgs/msg/detail/path2_d__builder.hpp
[6.458s] -- Up-to-date: /home/wheeltec/wheeltec_ros2/install/nav_2d_msgs/include/nav_2d_msgs/msg/detail/twist2_d32__builder.hpp
[6.459s] -- Up-to-date: /home/wheeltec/wheeltec_ros2/install/nav_2d_msgs/include/nav_2d_msgs/msg/detail/pose2_d32__struct.hpp
[6.459s] -- Up-to-date: /home/wheeltec/wheeltec_ros2/install/nav_2d_msgs/include/nav_2d_msgs/msg/detail/twist2_d32__struct.hpp
[6.473s] -- Up-to-date: /home/wheeltec/wheeltec_ros2/install/nav_2d_msgs/include/nav_2d_msgs/msg/detail/pose2_d32__builder.hpp
[6.474s] -- Up-to-date: /home/wheeltec/wheeltec_ros2/install/nav_2d_msgs/include/nav_2d_msgs/msg/detail/pose2_d_stamped__traits.hpp
[6.474s] -- Up-to-date: /home/wheeltec/wheeltec_ros2/install/nav_2d_msgs/include/nav_2d_msgs/msg/detail/path2_d__traits.hpp
[6.475s] -- Up-to-date: /home/wheeltec/wheeltec_ros2/install/nav_2d_msgs/include/nav_2d_msgs/msg/detail/pose2_d_stamped__builder.hpp
[6.478s] -- Up-to-date: /home/wheeltec/wheeltec_ros2/install/nav_2d_msgs/include/nav_2d_msgs/msg/detail/pose2_d_stamped__struct.hpp
[6.478s] -- Up-to-date: /home/wheeltec/wheeltec_ros2/install/nav_2d_msgs/include/nav_2d_msgs/msg/detail/twist2_d__builder.hpp
[6.478s] -- Up-to-date: /home/wheeltec/wheeltec_ros2/install/nav_2d_msgs/include/nav_2d_msgs/msg/detail/twist2_d__traits.hpp
[6.479s] -- Up-to-date: /home/wheeltec/wheeltec_ros2/install/nav_2d_msgs/include/nav_2d_msgs/msg/detail/path2_d__struct.hpp
[6.479s] -- Up-to-date: /home/wheeltec/wheeltec_ros2/install/nav_2d_msgs/include/nav_2d_msgs/msg/detail/pose2_d32__traits.hpp
[6.489s] -- Up-to-date: /home/wheeltec/wheeltec_ros2/install/nav_2d_msgs/include/nav_2d_msgs/msg/detail/twist2_d_stamped__builder.hpp
[6.489s] -- Up-to-date: /home/wheeltec/wheeltec_ros2/install/nav_2d_msgs/include/nav_2d_msgs/msg/detail/twist2_d_stamped__traits.hpp
[6.490s] -- Up-to-date: /home/wheeltec/wheeltec_ros2/install/nav_2d_msgs/include/nav_2d_msgs/msg/detail/twist2_d_stamped__struct.hpp
[6.490s] -- Up-to-date: /home/wheeltec/wheeltec_ros2/install/nav_2d_msgs/include/nav_2d_msgs/msg/detail/twist2_d32__traits.hpp
[6.491s] -- Up-to-date: /home/wheeltec/wheeltec_ros2/install/nav_2d_msgs/include/nav_2d_msgs/msg/detail/twist2_d__struct.hpp
[6.491s] -- Up-to-date: /home/wheeltec/wheeltec_ros2/install/nav_2d_msgs/include/nav_2d_msgs/msg/twist2_d32.hpp
[6.491s] -- Up-to-date: /home/wheeltec/wheeltec_ros2/install/nav_2d_msgs/include/nav_2d_msgs/msg/pose2_d32.hpp
[6.492s] -- Up-to-date: /home/wheeltec/wheeltec_ros2/install/nav_2d_msgs/include/nav_2d_msgs/msg/twist2_d.hpp
[6.492s] -- Up-to-date: /home/wheeltec/wheeltec_ros2/install/nav_2d_msgs/include/nav_2d_msgs/msg/pose2_d_stamped.hpp
[6.493s] -- Up-to-date: /home/wheeltec/wheeltec_ros2/install/nav_2d_msgs/include/nav_2d_msgs
[6.495s] -- Up-to-date: /home/wheeltec/wheeltec_ros2/install/nav_2d_msgs/include/nav_2d_msgs/msg
[6.495s] -- Up-to-date: /home/wheeltec/wheeltec_ros2/install/nav_2d_msgs/include/nav_2d_msgs/msg/detail
[6.496s] -- Up-to-date: /home/wheeltec/wheeltec_ros2/install/nav_2d_msgs/include/nav_2d_msgs/msg/detail/twist2_d_stamped__rosidl_typesupport_introspection_cpp.hpp
[6.496s] -- Up-to-date: /home/wheeltec/wheeltec_ros2/install/nav_2d_msgs/include/nav_2d_msgs/msg/detail/path2_d__type_support.cpp
[6.497s] -- Up-to-date: /home/wheeltec/wheeltec_ros2/install/nav_2d_msgs/include/nav_2d_msgs/msg/detail/twist2_d32__rosidl_typesupport_introspection_cpp.hpp
[6.497s] -- Up-to-date: /home/wheeltec/wheeltec_ros2/install/nav_2d_msgs/include/nav_2d_msgs/msg/detail/twist2_d32__type_support.cpp
[6.498s] -- Up-to-date: /home/wheeltec/wheeltec_ros2/install/nav_2d_msgs/include/nav_2d_msgs/msg/detail/twist2_d_stamped__type_support.cpp
[6.498s] -- Up-to-date: /home/wheeltec/wheeltec_ros2/install/nav_2d_msgs/include/nav_2d_msgs/msg/detail/twist2_d__rosidl_typesupport_introspection_cpp.hpp
[6.498s] -- Up-to-date: /home/wheeltec/wheeltec_ros2/install/nav_2d_msgs/include/nav_2d_msgs/msg/detail/pose2_d_stamped__type_support.cpp
[6.499s] -- Up-to-date: /home/wheeltec/wheeltec_ros2/install/nav_2d_msgs/include/nav_2d_msgs/msg/detail/pose2_d32__type_support.cpp
[6.511s] -- Up-to-date: /home/wheeltec/wheeltec_ros2/install/nav_2d_msgs/include/nav_2d_msgs/msg/detail/path2_d__rosidl_typesupport_introspection_cpp.hpp
[6.511s] -- Up-to-date: /home/wheeltec/wheeltec_ros2/install/nav_2d_msgs/include/nav_2d_msgs/msg/detail/twist2_d__type_support.cpp
[6.512s] -- Up-to-date: /home/wheeltec/wheeltec_ros2/install/nav_2d_msgs/include/nav_2d_msgs/msg/detail/pose2_d_stamped__rosidl_typesupport_introspection_cpp.hpp
[6.512s] -- Up-to-date: /home/wheeltec/wheeltec_ros2/install/nav_2d_msgs/include/nav_2d_msgs/msg/detail/pose2_d32__rosidl_typesupport_introspection_cpp.hpp
[6.513s] -- Up-to-date: /home/wheeltec/wheeltec_ros2/install/nav_2d_msgs/lib/libnav_2d_msgs__rosidl_typesupport_introspection_cpp.so
[6.513s] -- Up-to-date: /home/wheeltec/wheeltec_ros2/install/nav_2d_msgs/lib/libnav_2d_msgs__rosidl_typesupport_cpp.so
[6.514s] -- Up-to-date: /home/wheeltec/wheeltec_ros2/install/nav_2d_msgs/share/nav_2d_msgs/environment/pythonpath.sh
[6.514s] -- Up-to-date: /home/wheeltec/wheeltec_ros2/install/nav_2d_msgs/share/nav_2d_msgs/environment/pythonpath.dsv
[6.514s] -- Up-to-date: /home/wheeltec/wheeltec_ros2/install/nav_2d_msgs/lib/python3.8/site-packages/nav_2d_msgs/__init__.py
[6.693s] -- Up-to-date: /home/wheeltec/wheeltec_ros2/install/nav_2d_msgs/lib/python3.8/site-packages/nav_2d_msgs/msg
[6.696s] -- Up-to-date: /home/wheeltec/wheeltec_ros2/install/nav_2d_msgs/lib/python3.8/site-packages/nav_2d_msgs/msg/__init__.py
[6.696s] -- Up-to-date: /home/wheeltec/wheeltec_ros2/install/nav_2d_msgs/lib/python3.8/site-packages/nav_2d_msgs/msg/_pose2_d_stamped_s.c
[6.697s] -- Up-to-date: /home/wheeltec/wheeltec_ros2/install/nav_2d_msgs/lib/python3.8/site-packages/nav_2d_msgs/msg/_pose2_d32_s.c
[6.698s] -- Up-to-date: /home/wheeltec/wheeltec_ros2/install/nav_2d_msgs/lib/python3.8/site-packages/nav_2d_msgs/msg/_twist2_d32_s.c
[6.699s] -- Up-to-date: /home/wheeltec/wheeltec_ros2/install/nav_2d_msgs/lib/python3.8/site-packages/nav_2d_msgs/msg/_twist2_d.py
[6.699s] -- Up-to-date: /home/wheeltec/wheeltec_ros2/install/nav_2d_msgs/lib/python3.8/site-packages/nav_2d_msgs/msg/_twist2_d_s.c
[6.700s] -- Up-to-date: /home/wheeltec/wheeltec_ros2/install/nav_2d_msgs/lib/python3.8/site-packages/nav_2d_msgs/msg/_twist2_d_stamped.py
[6.701s] -- Up-to-date: /home/wheeltec/wheeltec_ros2/install/nav_2d_msgs/lib/python3.8/site-packages/nav_2d_msgs/msg/_pose2_d32.py
[6.702s] -- Up-to-date: /home/wheeltec/wheeltec_ros2/install/nav_2d_msgs/lib/python3.8/site-packages/nav_2d_msgs/msg/_path2_d_s.c
[6.702s] -- Up-to-date: /home/wheeltec/wheeltec_ros2/install/nav_2d_msgs/lib/python3.8/site-packages/nav_2d_msgs/msg/_path2_d.py
[6.703s] -- Up-to-date: /home/wheeltec/wheeltec_ros2/install/nav_2d_msgs/lib/python3.8/site-packages/nav_2d_msgs/msg/_twist2_d32.py
[6.703s] -- Up-to-date: /home/wheeltec/wheeltec_ros2/install/nav_2d_msgs/lib/python3.8/site-packages/nav_2d_msgs/msg/_pose2_d_stamped.py
[6.704s] -- Up-to-date: /home/wheeltec/wheeltec_ros2/install/nav_2d_msgs/lib/python3.8/site-packages/nav_2d_msgs/msg/_twist2_d_stamped_s.c
[6.704s] -- Up-to-date: /home/wheeltec/wheeltec_ros2/install/nav_2d_msgs/lib/python3.8/site-packages/nav_2d_msgs/nav_2d_msgs_s__rosidl_typesupport_fastrtps_c.cpython-38-aarch64-linux-gnu.so
[6.708s] -- Up-to-date: /home/wheeltec/wheeltec_ros2/install/nav_2d_msgs/lib/python3.8/site-packages/nav_2d_msgs/nav_2d_msgs_s__rosidl_typesupport_introspection_c.cpython-38-aarch64-linux-gnu.so
[6.712s] -- Up-to-date: /home/wheeltec/wheeltec_ros2/install/nav_2d_msgs/lib/python3.8/site-packages/nav_2d_msgs/nav_2d_msgs_s__rosidl_typesupport_c.cpython-38-aarch64-linux-gnu.so
[6.721s] -- Up-to-date: /home/wheeltec/wheeltec_ros2/install/nav_2d_msgs/lib/libnav_2d_msgs__python.so
[6.726s] -- Up-to-date: /home/wheeltec/wheeltec_ros2/install/nav_2d_msgs/share/nav_2d_msgs/msg/Path2D.idl
[6.727s] -- Up-to-date: /home/wheeltec/wheeltec_ros2/install/nav_2d_msgs/share/nav_2d_msgs/msg/Pose2D32.idl
[6.727s] -- Up-to-date: /home/wheeltec/wheeltec_ros2/install/nav_2d_msgs/share/nav_2d_msgs/msg/Pose2DStamped.idl
[6.728s] -- Up-to-date: /home/wheeltec/wheeltec_ros2/install/nav_2d_msgs/share/nav_2d_msgs/msg/Twist2D.idl
[6.731s] -- Up-to-date: /home/wheeltec/wheeltec_ros2/install/nav_2d_msgs/share/nav_2d_msgs/msg/Twist2D32.idl
[6.731s] -- Up-to-date: /home/wheeltec/wheeltec_ros2/install/nav_2d_msgs/share/nav_2d_msgs/msg/Twist2DStamped.idl
[6.732s] -- Up-to-date: /home/wheeltec/wheeltec_ros2/install/nav_2d_msgs/share/nav_2d_msgs/msg/Path2D.msg
[6.733s] -- Up-to-date: /home/wheeltec/wheeltec_ros2/install/nav_2d_msgs/share/nav_2d_msgs/msg/Pose2D32.msg
[6.734s] -- Up-to-date: /home/wheeltec/wheeltec_ros2/install/nav_2d_msgs/share/nav_2d_msgs/msg/Pose2DStamped.msg
[6.734s] -- Up-to-date: /home/wheeltec/wheeltec_ros2/install/nav_2d_msgs/share/nav_2d_msgs/msg/Twist2D.msg
[6.735s] -- Up-to-date: /home/wheeltec/wheeltec_ros2/install/nav_2d_msgs/share/nav_2d_msgs/msg/Twist2D32.msg
[6.735s] -- Up-to-date: /home/wheeltec/wheeltec_ros2/install/nav_2d_msgs/share/nav_2d_msgs/msg/Twist2DStamped.msg
[6.735s] -- Up-to-date: /home/wheeltec/wheeltec_ros2/install/nav_2d_msgs/share/ament_index/resource_index/package_run_dependencies/nav_2d_msgs
[6.736s] -- Up-to-date: /home/wheeltec/wheeltec_ros2/install/nav_2d_msgs/share/ament_index/resource_index/parent_prefix_path/nav_2d_msgs
[6.736s] -- Up-to-date: /home/wheeltec/wheeltec_ros2/install/nav_2d_msgs/share/nav_2d_msgs/environment/ament_prefix_path.sh
[6.737s] -- Up-to-date: /home/wheeltec/wheeltec_ros2/install/nav_2d_msgs/share/nav_2d_msgs/environment/ament_prefix_path.dsv
[6.737s] -- Up-to-date: /home/wheeltec/wheeltec_ros2/install/nav_2d_msgs/share/nav_2d_msgs/environment/path.sh
[6.738s] -- Up-to-date: /home/wheeltec/wheeltec_ros2/install/nav_2d_msgs/share/nav_2d_msgs/environment/path.dsv
[6.738s] -- Up-to-date: /home/wheeltec/wheeltec_ros2/install/nav_2d_msgs/share/nav_2d_msgs/local_setup.bash
[6.739s] -- Up-to-date: /home/wheeltec/wheeltec_ros2/install/nav_2d_msgs/share/nav_2d_msgs/local_setup.sh
[6.739s] -- Up-to-date: /home/wheeltec/wheeltec_ros2/install/nav_2d_msgs/share/nav_2d_msgs/local_setup.zsh
[6.740s] -- Up-to-date: /home/wheeltec/wheeltec_ros2/install/nav_2d_msgs/share/nav_2d_msgs/local_setup.dsv
[6.740s] -- Installing: /home/wheeltec/wheeltec_ros2/install/nav_2d_msgs/share/nav_2d_msgs/package.dsv
[6.740s] -- Up-to-date: /home/wheeltec/wheeltec_ros2/install/nav_2d_msgs/share/ament_index/resource_index/packages/nav_2d_msgs
[6.750s] -- Up-to-date: /home/wheeltec/wheeltec_ros2/install/nav_2d_msgs/share/nav_2d_msgs/cmake/nav_2d_msgs__rosidl_generator_cExport.cmake
[6.751s] -- Up-to-date: /home/wheeltec/wheeltec_ros2/install/nav_2d_msgs/share/nav_2d_msgs/cmake/nav_2d_msgs__rosidl_generator_cExport-noconfig.cmake
[6.756s] -- Up-to-date: /home/wheeltec/wheeltec_ros2/install/nav_2d_msgs/share/nav_2d_msgs/cmake/nav_2d_msgs__rosidl_typesupport_introspection_cExport.cmake
[6.757s] -- Up-to-date: /home/wheeltec/wheeltec_ros2/install/nav_2d_msgs/share/nav_2d_msgs/cmake/nav_2d_msgs__rosidl_typesupport_introspection_cExport-noconfig.cmake
[6.758s] -- Up-to-date: /home/wheeltec/wheeltec_ros2/install/nav_2d_msgs/share/nav_2d_msgs/cmake/nav_2d_msgs__rosidl_typesupport_cExport.cmake
[6.758s] -- Up-to-date: /home/wheeltec/wheeltec_ros2/install/nav_2d_msgs/share/nav_2d_msgs/cmake/nav_2d_msgs__rosidl_typesupport_cExport-noconfig.cmake
[6.765s] -- Up-to-date: /home/wheeltec/wheeltec_ros2/install/nav_2d_msgs/share/nav_2d_msgs/cmake/nav_2d_msgs__rosidl_generator_cppExport.cmake
[6.769s] -- Up-to-date: /home/wheeltec/wheeltec_ros2/install/nav_2d_msgs/share/nav_2d_msgs/cmake/nav_2d_msgs__rosidl_typesupport_introspection_cppExport.cmake
[6.770s] -- Up-to-date: /home/wheeltec/wheeltec_ros2/install/nav_2d_msgs/share/nav_2d_msgs/cmake/nav_2d_msgs__rosidl_typesupport_introspection_cppExport-noconfig.cmake
[6.770s] -- Up-to-date: /home/wheeltec/wheeltec_ros2/install/nav_2d_msgs/share/nav_2d_msgs/cmake/nav_2d_msgs__rosidl_typesupport_cppExport.cmake
[6.771s] -- Up-to-date: /home/wheeltec/wheeltec_ros2/install/nav_2d_msgs/share/nav_2d_msgs/cmake/nav_2d_msgs__rosidl_typesupport_cppExport-noconfig.cmake
[6.777s] -- Up-to-date: /home/wheeltec/wheeltec_ros2/install/nav_2d_msgs/share/nav_2d_msgs/cmake/rosidl_cmake-extras.cmake
[6.778s] -- Up-to-date: /home/wheeltec/wheeltec_ros2/install/nav_2d_msgs/share/nav_2d_msgs/cmake/ament_cmake_export_dependencies-extras.cmake
[6.779s] -- Up-to-date: /home/wheeltec/wheeltec_ros2/install/nav_2d_msgs/share/nav_2d_msgs/cmake/ament_cmake_export_libraries-extras.cmake
[6.779s] -- Up-to-date: /home/wheeltec/wheeltec_ros2/install/nav_2d_msgs/share/nav_2d_msgs/cmake/ament_cmake_export_targets-extras.cmake
[6.779s] -- Up-to-date: /home/wheeltec/wheeltec_ros2/install/nav_2d_msgs/share/nav_2d_msgs/cmake/ament_cmake_export_include_directories-extras.cmake
[6.780s] -- Up-to-date: /home/wheeltec/wheeltec_ros2/install/nav_2d_msgs/share/nav_2d_msgs/cmake/rosidl_cmake_export_typesupport_libraries-extras.cmake
[6.780s] -- Up-to-date: /home/wheeltec/wheeltec_ros2/install/nav_2d_msgs/share/nav_2d_msgs/cmake/rosidl_cmake_export_typesupport_targets-extras.cmake
[6.781s] -- Up-to-date: /home/wheeltec/wheeltec_ros2/install/nav_2d_msgs/share/nav_2d_msgs/cmake/nav_2d_msgsConfig.cmake
[6.781s] -- Up-to-date: /home/wheeltec/wheeltec_ros2/install/nav_2d_msgs/share/nav_2d_msgs/cmake/nav_2d_msgsConfig-version.cmake
[6.782s] -- Up-to-date: /home/wheeltec/wheeltec_ros2/install/nav_2d_msgs/share/nav_2d_msgs/package.xml
[6.806s] Invoked command in '/home/wheeltec/wheeltec_ros2/build/nav_2d_msgs' returned '0': CMAKE_PREFIX_PATH=${CMAKE_PREFIX_PATH}:/home/wheeltec/wheeltec_ros2/install/simple_follower_ros2:/home/wheeltec/wheeltec_ros2/install/wheeltec_robot_keyboard:/home/wheeltec/wheeltec_ros2/install/tf2_tools:/home/wheeltec/wheeltec_ros2/install/nav2_simple_commander:/home/wheeltec/wheeltec_ros2/install/nav2_gazebo_spawner:/opt/ros/galactic /usr/bin/cmake --install /home/wheeltec/wheeltec_ros2/build/nav_2d_msgs
