[0.231s] Invoking command in '/home/wheeltec/wheeltec_ros2/build/wheeltec_robot_rtab': CMAKE_PREFIX_PATH=${CMAKE_PREFIX_PATH}:/home/wheeltec/wheeltec_ros2/install/simple_follower_ros2:/home/wheeltec/wheeltec_ros2/install/wheeltec_robot_keyboard:/home/wheeltec/wheeltec_ros2/install/tf2_tools:/home/wheeltec/wheeltec_ros2/install/nav2_simple_commander:/home/wheeltec/wheeltec_ros2/install/nav2_gazebo_spawner:/opt/ros/galactic /usr/bin/cmake --build /home/wheeltec/wheeltec_ros2/build/wheeltec_robot_rtab -- -j4 -l4
[0.509s] Invoked command in '/home/wheeltec/wheeltec_ros2/build/wheeltec_robot_rtab' returned '0': CMAKE_PREFIX_PATH=${CMAKE_PREFIX_PATH}:/home/wheeltec/wheeltec_ros2/install/simple_follower_ros2:/home/wheeltec/wheeltec_ros2/install/wheeltec_robot_keyboard:/home/wheeltec/wheeltec_ros2/install/tf2_tools:/home/wheeltec/wheeltec_ros2/install/nav2_simple_commander:/home/wheeltec/wheeltec_ros2/install/nav2_gazebo_spawner:/opt/ros/galactic /usr/bin/cmake --build /home/wheeltec/wheeltec_ros2/build/wheeltec_robot_rtab -- -j4 -l4
[0.679s] Invoking command in '/home/wheeltec/wheeltec_ros2/build/wheeltec_robot_rtab': CMAKE_PREFIX_PATH=${CMAKE_PREFIX_PATH}:/home/wheeltec/wheeltec_ros2/install/simple_follower_ros2:/home/wheeltec/wheeltec_ros2/install/wheeltec_robot_keyboard:/home/wheeltec/wheeltec_ros2/install/tf2_tools:/home/wheeltec/wheeltec_ros2/install/nav2_simple_commander:/home/wheeltec/wheeltec_ros2/install/nav2_gazebo_spawner:/opt/ros/galactic /usr/bin/cmake --install /home/wheeltec/wheeltec_ros2/build/wheeltec_robot_rtab
[0.762s] -- Install configuration: ""
[0.762s] -- Up-to-date: /home/wheeltec/wheeltec_ros2/install/wheeltec_robot_rtab/share/wheeltec_robot_rtab/launch
[0.764s] -- Up-to-date: /home/wheeltec/wheeltec_ros2/install/wheeltec_robot_rtab/share/wheeltec_robot_rtab/launch/wheeltec_nav2_rtab.launch.py
[0.767s] -- Up-to-date: /home/wheeltec/wheeltec_ros2/install/wheeltec_robot_rtab/share/wheeltec_robot_rtab/launch/wheeltec_slam_rtab.launch.py
[0.767s] -- Up-to-date: /home/wheeltec/wheeltec_ros2/install/wheeltec_robot_rtab/share/ament_index/resource_index/package_run_dependencies/wheeltec_robot_rtab
[0.768s] -- Up-to-date: /home/wheeltec/wheeltec_ros2/install/wheeltec_robot_rtab/share/ament_index/resource_index/parent_prefix_path/wheeltec_robot_rtab
[0.769s] -- Up-to-date: /home/wheeltec/wheeltec_ros2/install/wheeltec_robot_rtab/share/wheeltec_robot_rtab/environment/ament_prefix_path.sh
[0.770s] -- Up-to-date: /home/wheeltec/wheeltec_ros2/install/wheeltec_robot_rtab/share/wheeltec_robot_rtab/environment/ament_prefix_path.dsv
[0.770s] -- Up-to-date: /home/wheeltec/wheeltec_ros2/install/wheeltec_robot_rtab/share/wheeltec_robot_rtab/environment/path.sh
[0.771s] -- Up-to-date: /home/wheeltec/wheeltec_ros2/install/wheeltec_robot_rtab/share/wheeltec_robot_rtab/environment/path.dsv
[0.772s] -- Up-to-date: /home/wheeltec/wheeltec_ros2/install/wheeltec_robot_rtab/share/wheeltec_robot_rtab/local_setup.bash
[0.773s] -- Up-to-date: /home/wheeltec/wheeltec_ros2/install/wheeltec_robot_rtab/share/wheeltec_robot_rtab/local_setup.sh
[0.773s] -- Up-to-date: /home/wheeltec/wheeltec_ros2/install/wheeltec_robot_rtab/share/wheeltec_robot_rtab/local_setup.zsh
[0.774s] -- Up-to-date: /home/wheeltec/wheeltec_ros2/install/wheeltec_robot_rtab/share/wheeltec_robot_rtab/local_setup.dsv
[0.775s] -- Installing: /home/wheeltec/wheeltec_ros2/install/wheeltec_robot_rtab/share/wheeltec_robot_rtab/package.dsv
[0.787s] -- Up-to-date: /home/wheeltec/wheeltec_ros2/install/wheeltec_robot_rtab/share/ament_index/resource_index/packages/wheeltec_robot_rtab
[0.788s] -- Up-to-date: /home/wheeltec/wheeltec_ros2/install/wheeltec_robot_rtab/share/wheeltec_robot_rtab/cmake/wheeltec_robot_rtabConfig.cmake
[0.788s] -- Up-to-date: /home/wheeltec/wheeltec_ros2/install/wheeltec_robot_rtab/share/wheeltec_robot_rtab/cmake/wheeltec_robot_rtabConfig-version.cmake
[0.797s] -- Up-to-date: /home/wheeltec/wheeltec_ros2/install/wheeltec_robot_rtab/share/wheeltec_robot_rtab/package.xml
[0.798s] Invoked command in '/home/wheeltec/wheeltec_ros2/build/wheeltec_robot_rtab' returned '0': CMAKE_PREFIX_PATH=${CMAKE_PREFIX_PATH}:/home/wheeltec/wheeltec_ros2/install/simple_follower_ros2:/home/wheeltec/wheeltec_ros2/install/wheeltec_robot_keyboard:/home/wheeltec/wheeltec_ros2/install/tf2_tools:/home/wheeltec/wheeltec_ros2/install/nav2_simple_commander:/home/wheeltec/wheeltec_ros2/install/nav2_gazebo_spawner:/opt/ros/galactic /usr/bin/cmake --install /home/wheeltec/wheeltec_ros2/build/wheeltec_robot_rtab
