[0.079s] Invoking command in '/home/wheeltec/wheeltec_ros2/build/perception_pcl': AMENT_PREFIX_PATH=/home/wheeltec/wheeltec_ros2/install/pcl_ros:/home/wheeltec/wheeltec_ros2/install/pcl_conversions:${AMENT_PREFIX_PATH} CMAKE_PREFIX_PATH=/home/wheeltec/wheeltec_ros2/install/pcl_ros:/home/wheeltec/wheeltec_ros2/install/pcl_conversions:/opt/ros/galactic LD_LIBRARY_PATH=/home/wheeltec/wheeltec_ros2/install/pcl_ros/lib:/usr/local/cuda-10.2/lib64:/opt/ros/galactic/opt/yaml_cpp_vendor/lib:/opt/ros/galactic/opt/rviz_ogre_vendor/lib:/opt/ros/galactic/lib/aarch64-linux-gnu:/opt/ros/galactic/lib:/usr/local/cuda-10.2/lib64 /usr/bin/cmake --build /home/wheeltec/wheeltec_ros2/build/perception_pcl -- -j4 -l4
[0.290s] Invoked command in '/home/wheeltec/wheeltec_ros2/build/perception_pcl' returned '0': AMENT_PREFIX_PATH=/home/wheeltec/wheeltec_ros2/install/pcl_ros:/home/wheeltec/wheeltec_ros2/install/pcl_conversions:${AMENT_PREFIX_PATH} CMAKE_PREFIX_PATH=/home/wheeltec/wheeltec_ros2/install/pcl_ros:/home/wheeltec/wheeltec_ros2/install/pcl_conversions:/opt/ros/galactic LD_LIBRARY_PATH=/home/wheeltec/wheeltec_ros2/install/pcl_ros/lib:/usr/local/cuda-10.2/lib64:/opt/ros/galactic/opt/yaml_cpp_vendor/lib:/opt/ros/galactic/opt/rviz_ogre_vendor/lib:/opt/ros/galactic/lib/aarch64-linux-gnu:/opt/ros/galactic/lib:/usr/local/cuda-10.2/lib64 /usr/bin/cmake --build /home/wheeltec/wheeltec_ros2/build/perception_pcl -- -j4 -l4
[0.464s] Invoking command in '/home/wheeltec/wheeltec_ros2/build/perception_pcl': AMENT_PREFIX_PATH=/home/wheeltec/wheeltec_ros2/install/pcl_ros:/home/wheeltec/wheeltec_ros2/install/pcl_conversions:${AMENT_PREFIX_PATH} CMAKE_PREFIX_PATH=/home/wheeltec/wheeltec_ros2/install/pcl_ros:/home/wheeltec/wheeltec_ros2/install/pcl_conversions:/opt/ros/galactic LD_LIBRARY_PATH=/home/wheeltec/wheeltec_ros2/install/pcl_ros/lib:/usr/local/cuda-10.2/lib64:/opt/ros/galactic/opt/yaml_cpp_vendor/lib:/opt/ros/galactic/opt/rviz_ogre_vendor/lib:/opt/ros/galactic/lib/aarch64-linux-gnu:/opt/ros/galactic/lib:/usr/local/cuda-10.2/lib64 /usr/bin/cmake --install /home/wheeltec/wheeltec_ros2/build/perception_pcl
[0.647s] -- Install configuration: ""
[0.648s] -- Up-to-date: /home/wheeltec/wheeltec_ros2/install/perception_pcl/share/ament_index/resource_index/package_run_dependencies/perception_pcl
[0.664s] -- Up-to-date: /home/wheeltec/wheeltec_ros2/install/perception_pcl/share/ament_index/resource_index/parent_prefix_path/perception_pcl
[0.674s] -- Up-to-date: /home/wheeltec/wheeltec_ros2/install/perception_pcl/share/perception_pcl/environment/ament_prefix_path.sh
[0.674s] -- Up-to-date: /home/wheeltec/wheeltec_ros2/install/perception_pcl/share/perception_pcl/environment/ament_prefix_path.dsv
[0.675s] -- Up-to-date: /home/wheeltec/wheeltec_ros2/install/perception_pcl/share/perception_pcl/environment/path.sh
[0.676s] -- Up-to-date: /home/wheeltec/wheeltec_ros2/install/perception_pcl/share/perception_pcl/environment/path.dsv
[0.677s] -- Up-to-date: /home/wheeltec/wheeltec_ros2/install/perception_pcl/share/perception_pcl/local_setup.bash
[0.677s] -- Up-to-date: /home/wheeltec/wheeltec_ros2/install/perception_pcl/share/perception_pcl/local_setup.sh
[0.678s] -- Up-to-date: /home/wheeltec/wheeltec_ros2/install/perception_pcl/share/perception_pcl/local_setup.zsh
[0.678s] -- Up-to-date: /home/wheeltec/wheeltec_ros2/install/perception_pcl/share/perception_pcl/local_setup.dsv
[0.679s] -- Up-to-date: /home/wheeltec/wheeltec_ros2/install/perception_pcl/share/perception_pcl/package.dsv
[0.679s] -- Up-to-date: /home/wheeltec/wheeltec_ros2/install/perception_pcl/share/ament_index/resource_index/packages/perception_pcl
[0.679s] -- Up-to-date: /home/wheeltec/wheeltec_ros2/install/perception_pcl/share/perception_pcl/cmake/perception_pclConfig.cmake
[0.680s] -- Up-to-date: /home/wheeltec/wheeltec_ros2/install/perception_pcl/share/perception_pcl/cmake/perception_pclConfig-version.cmake
[0.681s] -- Up-to-date: /home/wheeltec/wheeltec_ros2/install/perception_pcl/share/perception_pcl/package.xml
[0.799s] Invoked command in '/home/wheeltec/wheeltec_ros2/build/perception_pcl' returned '0': AMENT_PREFIX_PATH=/home/wheeltec/wheeltec_ros2/install/pcl_ros:/home/wheeltec/wheeltec_ros2/install/pcl_conversions:${AMENT_PREFIX_PATH} CMAKE_PREFIX_PATH=/home/wheeltec/wheeltec_ros2/install/pcl_ros:/home/wheeltec/wheeltec_ros2/install/pcl_conversions:/opt/ros/galactic LD_LIBRARY_PATH=/home/wheeltec/wheeltec_ros2/install/pcl_ros/lib:/usr/local/cuda-10.2/lib64:/opt/ros/galactic/opt/yaml_cpp_vendor/lib:/opt/ros/galactic/opt/rviz_ogre_vendor/lib:/opt/ros/galactic/lib/aarch64-linux-gnu:/opt/ros/galactic/lib:/usr/local/cuda-10.2/lib64 /usr/bin/cmake --install /home/wheeltec/wheeltec_ros2/build/perception_pcl
