[0.064s] Invoking command in '/home/wheeltec/wheeltec_ros2/build/wheeltec_robot_rrt': CMAKE_PREFIX_PATH=/opt/ros/galactic /usr/bin/cmake /home/wheeltec/wheeltec_ros2/src/wheeltec_robot_rrt2 -DCMAKE_INSTALL_PREFIX=/home/wheeltec/wheeltec_ros2/install/wheeltec_robot_rrt
[0.320s] -- The C compiler identification is GNU 9.4.0
[0.531s] -- The CXX compiler identification is GNU 9.4.0
[0.562s] -- Check for working C compiler: /usr/bin/cc
[0.826s] -- Check for working C compiler: /usr/bin/cc -- works
[0.833s] -- Detecting C compiler ABI info
[1.104s] -- Detecting C compiler ABI info - done
[1.154s] -- Detecting C compile features
[1.157s] -- Detecting C compile features - done
[1.170s] -- Check for working CXX compiler: /usr/bin/c++
[1.482s] -- Check for working CXX compiler: /usr/bin/c++ -- works
[1.486s] -- Detecting CXX compiler ABI info
[1.788s] -- Detecting CXX compiler ABI info - done
[1.837s] -- Detecting CXX compile features
[1.840s] -- Detecting CXX compile features - done
[1.885s] -- Found ament_cmake: 1.1.5 (/opt/ros/galactic/share/ament_cmake/cmake)
[2.018s] -- Found PythonInterp: /usr/bin/python3 (found suitable version "3.8.10", minimum required is "3") 
[2.020s] -- Using PYTHON_EXECUTABLE: /usr/bin/python3
[2.504s] -- Found rclcpp: 9.2.1 (/opt/ros/galactic/share/rclcpp/cmake)
[2.849s] -- Using all available rosidl_typesupport_c: rosidl_typesupport_fastrtps_c;rosidl_typesupport_introspection_c
[2.901s] -- Found rosidl_adapter: 2.2.2 (/opt/ros/galactic/share/rosidl_adapter/cmake)
[3.459s] -- Found OpenSSL: /usr/lib/aarch64-linux-gnu/libcrypto.so (found version "1.1.1f")  
[3.581s] -- Found FastRTPS: /opt/ros/galactic/include  
[4.007s] -- Using all available rosidl_typesupport_cpp: rosidl_typesupport_fastrtps_cpp;rosidl_typesupport_introspection_cpp
[4.400s] -- Found rmw_implementation_cmake: 3.3.1 (/opt/ros/galactic/share/rmw_implementation_cmake/cmake)
[4.422s] -- Found rmw_cyclonedds_cpp: 0.22.5 (/opt/ros/galactic/share/rmw_cyclonedds_cpp/cmake)
[4.538s] -- Using RMW implementation 'rmw_cyclonedds_cpp' as default
[4.545s] -- Looking for pthread.h
[4.870s] -- Looking for pthread.h - found
[4.871s] -- Performing Test CMAKE_HAVE_LIBC_PTHREAD
[5.148s] -- Performing Test CMAKE_HAVE_LIBC_PTHREAD - Failed
[5.150s] -- Looking for pthread_create in pthreads
[5.372s] -- Looking for pthread_create in pthreads - not found
[5.373s] -- Looking for pthread_create in pthread
[5.632s] -- Looking for pthread_create in pthread - found
[5.635s] -- Found Threads: TRUE  
[6.519s] -- Found rclcpp_action: 9.2.1 (/opt/ros/galactic/share/rclcpp_action/cmake)
[6.993s] CMake Error at CMakeLists.txt:21 (find_package):
[6.994s]   By not providing "Findfilters.cmake" in CMAKE_MODULE_PATH this project has
[6.995s]   asked CMake to find a package configuration file provided by "filters", but
[6.995s]   CMake did not find one.
[6.996s] 
[6.997s]   Could not find a package configuration file provided by "filters" with any
[6.997s]   of the following names:
[6.998s] 
[6.999s]     filtersConfig.cmake
[6.999s]     filters-config.cmake
[7.000s] 
[7.000s]   Add the installation prefix of "filters" to CMAKE_PREFIX_PATH or set
[7.001s]   "filters_DIR" to a directory containing one of the above files.  If
[7.002s]   "filters" provides a separate development package or SDK, be sure it has
[7.002s]   been installed.
[7.003s] 
[7.004s] 
[7.014s] -- Configuring incomplete, errors occurred!
[7.015s] See also "/home/wheeltec/wheeltec_ros2/build/wheeltec_robot_rrt/CMakeFiles/CMakeOutput.log".
[7.015s] See also "/home/wheeltec/wheeltec_ros2/build/wheeltec_robot_rrt/CMakeFiles/CMakeError.log".
[7.054s] Invoked command in '/home/wheeltec/wheeltec_ros2/build/wheeltec_robot_rrt' returned '1': CMAKE_PREFIX_PATH=/opt/ros/galactic /usr/bin/cmake /home/wheeltec/wheeltec_ros2/src/wheeltec_robot_rrt2 -DCMAKE_INSTALL_PREFIX=/home/wheeltec/wheeltec_ros2/install/wheeltec_robot_rrt
