[0.172s] Invoking command in '/home/wheeltec/wheeltec_ros2/build/pcl_conversions': CMAKE_PREFIX_PATH=/opt/ros/galactic /usr/bin/cmake --build /home/wheeltec/wheeltec_ros2/build/pcl_conversions -- -j4 -l4
[0.555s] [ 33%] Built target gtest
[0.597s] [ 66%] Built target gtest_main
[0.987s] [100%] Built target pcl_conversions-test
[1.034s] Invoked command in '/home/wheeltec/wheeltec_ros2/build/pcl_conversions' returned '0': CMAKE_PREFIX_PATH=/opt/ros/galactic /usr/bin/cmake --build /home/wheeltec/wheeltec_ros2/build/pcl_conversions -- -j4 -l4
[1.190s] Invoking command in '/home/wheeltec/wheeltec_ros2/build/pcl_conversions': CMAKE_PREFIX_PATH=/opt/ros/galactic /usr/bin/cmake --install /home/wheeltec/wheeltec_ros2/build/pcl_conversions
[1.244s] -- Install configuration: ""
[1.249s] -- Execute custom install script
[1.255s] -- Up-to-date symlink: /home/wheeltec/wheeltec_ros2/install/pcl_conversions/include/pcl_conversions//pcl_conversions.h
[1.263s] -- Up-to-date symlink: /home/wheeltec/wheeltec_ros2/install/pcl_conversions/share/ament_index/resource_index/package_run_dependencies/pcl_conversions
[1.265s] -- Up-to-date symlink: /home/wheeltec/wheeltec_ros2/install/pcl_conversions/share/ament_index/resource_index/parent_prefix_path/pcl_conversions
[1.272s] -- Up-to-date symlink: /home/wheeltec/wheeltec_ros2/install/pcl_conversions/share/pcl_conversions/environment/ament_prefix_path.sh
[1.275s] -- Up-to-date symlink: /home/wheeltec/wheeltec_ros2/install/pcl_conversions/share/pcl_conversions/environment/ament_prefix_path.dsv
[1.277s] -- Up-to-date symlink: /home/wheeltec/wheeltec_ros2/install/pcl_conversions/share/pcl_conversions/environment/path.sh
[1.277s] -- Up-to-date symlink: /home/wheeltec/wheeltec_ros2/install/pcl_conversions/share/pcl_conversions/environment/path.dsv
[1.279s] -- Up-to-date symlink: /home/wheeltec/wheeltec_ros2/install/pcl_conversions/share/pcl_conversions/local_setup.bash
[1.282s] -- Up-to-date symlink: /home/wheeltec/wheeltec_ros2/install/pcl_conversions/share/pcl_conversions/local_setup.sh
[1.283s] -- Up-to-date symlink: /home/wheeltec/wheeltec_ros2/install/pcl_conversions/share/pcl_conversions/local_setup.zsh
[1.285s] -- Up-to-date symlink: /home/wheeltec/wheeltec_ros2/install/pcl_conversions/share/pcl_conversions/local_setup.dsv
[1.287s] -- Symlinking: /home/wheeltec/wheeltec_ros2/install/pcl_conversions/share/pcl_conversions/package.dsv
[1.327s] -- Up-to-date symlink: /home/wheeltec/wheeltec_ros2/install/pcl_conversions/share/ament_index/resource_index/packages/pcl_conversions
[1.329s] -- Up-to-date symlink: /home/wheeltec/wheeltec_ros2/install/pcl_conversions/share/pcl_conversions/cmake/ament_cmake_export_include_directories-extras.cmake
[1.330s] -- Up-to-date symlink: /home/wheeltec/wheeltec_ros2/install/pcl_conversions/share/pcl_conversions/cmake/ament_cmake_export_dependencies-extras.cmake
[1.332s] -- Up-to-date symlink: /home/wheeltec/wheeltec_ros2/install/pcl_conversions/share/pcl_conversions/cmake/pcl_conversionsConfig.cmake
[1.333s] -- Up-to-date symlink: /home/wheeltec/wheeltec_ros2/install/pcl_conversions/share/pcl_conversions/cmake/pcl_conversionsConfig-version.cmake
[1.335s] -- Up-to-date symlink: /home/wheeltec/wheeltec_ros2/install/pcl_conversions/share/pcl_conversions/package.xml
[1.344s] Invoked command in '/home/wheeltec/wheeltec_ros2/build/pcl_conversions' returned '0': CMAKE_PREFIX_PATH=/opt/ros/galactic /usr/bin/cmake --install /home/wheeltec/wheeltec_ros2/build/pcl_conversions
