[0.140s] Invoking command in '/home/wheeltec/wheeltec_ros2/build/nav2_recoveries': AMENT_PREFIX_PATH=/home/wheeltec/wheeltec_ros2/install/nav2_core:/home/wheeltec/wheeltec_ros2/install/nav2_costmap_2d:/home/wheeltec/wheeltec_ros2/install/nav2_map_server:/home/wheeltec/wheeltec_ros2/install/nav2_lifecycle_manager:/home/wheeltec/wheeltec_ros2/install/nav2_behavior_tree:/home/wheeltec/wheeltec_ros2/install/nav2_util:/home/wheeltec/wheeltec_ros2/install/nav2_voxel_grid:/home/wheeltec/wheeltec_ros2/install/nav2_msgs:/home/wheeltec/wheeltec_ros2/install/nav2_common:${AMENT_PREFIX_PATH} CMAKE_PREFIX_PATH=/home/wheeltec/wheeltec_ros2/install/nav2_core:/home/wheeltec/wheeltec_ros2/install/nav2_costmap_2d:/home/wheeltec/wheeltec_ros2/install/nav2_map_server:/home/wheeltec/wheeltec_ros2/install/nav2_lifecycle_manager:/home/wheeltec/wheeltec_ros2/install/nav2_behavior_tree:/home/wheeltec/wheeltec_ros2/install/nav2_util:/home/wheeltec/wheeltec_ros2/install/nav2_voxel_grid:/home/wheeltec/wheeltec_ros2/install/nav2_msgs:/home/wheeltec/wheeltec_ros2/install/nav2_common:/opt/ros/galactic LD_LIBRARY_PATH=/home/wheeltec/wheeltec_ros2/install/nav2_costmap_2d/lib:/home/wheeltec/wheeltec_ros2/install/nav2_map_server/lib:/home/wheeltec/wheeltec_ros2/install/nav2_lifecycle_manager/lib:/home/wheeltec/wheeltec_ros2/install/nav2_behavior_tree/lib:/home/wheeltec/wheeltec_ros2/install/nav2_util/lib:/home/wheeltec/wheeltec_ros2/install/nav2_voxel_grid/lib:/home/wheeltec/wheeltec_ros2/install/nav2_msgs/lib:${LD_LIBRARY_PATH} PYTHONPATH=/home/wheeltec/wheeltec_ros2/install/nav2_msgs/lib/python3.8/site-packages:/home/wheeltec/wheeltec_ros2/install/nav2_common/lib/python3.8/site-packages:${PYTHONPATH} /usr/bin/cmake --build /home/wheeltec/wheeltec_ros2/build/nav2_recoveries -- -j4 -l4
[0.566s] [ 12%] Built target recoveries_server_core
[0.602s] [ 25%] Built target nav2_wait_recovery
[0.609s] [ 37%] Built target nav2_backup_recovery
[0.668s] [ 50%] Built target nav2_spin_recovery
[0.768s] [ 62%] Built target gtest
[0.771s] [ 75%] Built target gtest_main
[1.011s] [ 87%] Built target recoveries_server
[1.098s] [100%] Built target test_recoveries
[1.208s] Invoked command in '/home/wheeltec/wheeltec_ros2/build/nav2_recoveries' returned '0': AMENT_PREFIX_PATH=/home/wheeltec/wheeltec_ros2/install/nav2_core:/home/wheeltec/wheeltec_ros2/install/nav2_costmap_2d:/home/wheeltec/wheeltec_ros2/install/nav2_map_server:/home/wheeltec/wheeltec_ros2/install/nav2_lifecycle_manager:/home/wheeltec/wheeltec_ros2/install/nav2_behavior_tree:/home/wheeltec/wheeltec_ros2/install/nav2_util:/home/wheeltec/wheeltec_ros2/install/nav2_voxel_grid:/home/wheeltec/wheeltec_ros2/install/nav2_msgs:/home/wheeltec/wheeltec_ros2/install/nav2_common:${AMENT_PREFIX_PATH} CMAKE_PREFIX_PATH=/home/wheeltec/wheeltec_ros2/install/nav2_core:/home/wheeltec/wheeltec_ros2/install/nav2_costmap_2d:/home/wheeltec/wheeltec_ros2/install/nav2_map_server:/home/wheeltec/wheeltec_ros2/install/nav2_lifecycle_manager:/home/wheeltec/wheeltec_ros2/install/nav2_behavior_tree:/home/wheeltec/wheeltec_ros2/install/nav2_util:/home/wheeltec/wheeltec_ros2/install/nav2_voxel_grid:/home/wheeltec/wheeltec_ros2/install/nav2_msgs:/home/wheeltec/wheeltec_ros2/install/nav2_common:/opt/ros/galactic LD_LIBRARY_PATH=/home/wheeltec/wheeltec_ros2/install/nav2_costmap_2d/lib:/home/wheeltec/wheeltec_ros2/install/nav2_map_server/lib:/home/wheeltec/wheeltec_ros2/install/nav2_lifecycle_manager/lib:/home/wheeltec/wheeltec_ros2/install/nav2_behavior_tree/lib:/home/wheeltec/wheeltec_ros2/install/nav2_util/lib:/home/wheeltec/wheeltec_ros2/install/nav2_voxel_grid/lib:/home/wheeltec/wheeltec_ros2/install/nav2_msgs/lib:${LD_LIBRARY_PATH} PYTHONPATH=/home/wheeltec/wheeltec_ros2/install/nav2_msgs/lib/python3.8/site-packages:/home/wheeltec/wheeltec_ros2/install/nav2_common/lib/python3.8/site-packages:${PYTHONPATH} /usr/bin/cmake --build /home/wheeltec/wheeltec_ros2/build/nav2_recoveries -- -j4 -l4
[1.764s] Invoking command in '/home/wheeltec/wheeltec_ros2/build/nav2_recoveries': AMENT_PREFIX_PATH=/home/wheeltec/wheeltec_ros2/install/nav2_core:/home/wheeltec/wheeltec_ros2/install/nav2_costmap_2d:/home/wheeltec/wheeltec_ros2/install/nav2_map_server:/home/wheeltec/wheeltec_ros2/install/nav2_lifecycle_manager:/home/wheeltec/wheeltec_ros2/install/nav2_behavior_tree:/home/wheeltec/wheeltec_ros2/install/nav2_util:/home/wheeltec/wheeltec_ros2/install/nav2_voxel_grid:/home/wheeltec/wheeltec_ros2/install/nav2_msgs:/home/wheeltec/wheeltec_ros2/install/nav2_common:${AMENT_PREFIX_PATH} CMAKE_PREFIX_PATH=/home/wheeltec/wheeltec_ros2/install/nav2_core:/home/wheeltec/wheeltec_ros2/install/nav2_costmap_2d:/home/wheeltec/wheeltec_ros2/install/nav2_map_server:/home/wheeltec/wheeltec_ros2/install/nav2_lifecycle_manager:/home/wheeltec/wheeltec_ros2/install/nav2_behavior_tree:/home/wheeltec/wheeltec_ros2/install/nav2_util:/home/wheeltec/wheeltec_ros2/install/nav2_voxel_grid:/home/wheeltec/wheeltec_ros2/install/nav2_msgs:/home/wheeltec/wheeltec_ros2/install/nav2_common:/opt/ros/galactic LD_LIBRARY_PATH=/home/wheeltec/wheeltec_ros2/install/nav2_costmap_2d/lib:/home/wheeltec/wheeltec_ros2/install/nav2_map_server/lib:/home/wheeltec/wheeltec_ros2/install/nav2_lifecycle_manager/lib:/home/wheeltec/wheeltec_ros2/install/nav2_behavior_tree/lib:/home/wheeltec/wheeltec_ros2/install/nav2_util/lib:/home/wheeltec/wheeltec_ros2/install/nav2_voxel_grid/lib:/home/wheeltec/wheeltec_ros2/install/nav2_msgs/lib:${LD_LIBRARY_PATH} PYTHONPATH=/home/wheeltec/wheeltec_ros2/install/nav2_msgs/lib/python3.8/site-packages:/home/wheeltec/wheeltec_ros2/install/nav2_common/lib/python3.8/site-packages:${PYTHONPATH} /usr/bin/cmake --install /home/wheeltec/wheeltec_ros2/build/nav2_recoveries
[1.805s] -- Install configuration: "Release"
[1.808s] -- Up-to-date: /home/wheeltec/wheeltec_ros2/install/nav2_recoveries/share/nav2_recoveries/recovery_plugin.xml
[1.808s] -- Up-to-date: /home/wheeltec/wheeltec_ros2/install/nav2_recoveries/lib/librecoveries_server_core.a
[1.811s] -- Up-to-date: /home/wheeltec/wheeltec_ros2/install/nav2_recoveries/lib/libnav2_backup_recovery.so
[1.815s] -- Up-to-date: /home/wheeltec/wheeltec_ros2/install/nav2_recoveries/lib/libnav2_spin_recovery.so
[1.818s] -- Up-to-date: /home/wheeltec/wheeltec_ros2/install/nav2_recoveries/lib/libnav2_wait_recovery.so
[1.821s] -- Up-to-date: /home/wheeltec/wheeltec_ros2/install/nav2_recoveries/lib/nav2_recoveries/recoveries_server
[1.822s] -- Up-to-date: /home/wheeltec/wheeltec_ros2/install/nav2_recoveries/include/
[1.823s] -- Up-to-date: /home/wheeltec/wheeltec_ros2/install/nav2_recoveries/include//nav2_recoveries
[1.823s] -- Up-to-date: /home/wheeltec/wheeltec_ros2/install/nav2_recoveries/include//nav2_recoveries/recovery.hpp
[1.824s] -- Up-to-date: /home/wheeltec/wheeltec_ros2/install/nav2_recoveries/include//nav2_recoveries/recovery_server.hpp
[1.824s] -- Up-to-date: /home/wheeltec/wheeltec_ros2/install/nav2_recoveries/share/nav2_recoveries/recovery_plugin.xml
[1.825s] -- Up-to-date: /home/wheeltec/wheeltec_ros2/install/nav2_recoveries/share/nav2_recoveries/environment/library_path.sh
[1.825s] -- Up-to-date: /home/wheeltec/wheeltec_ros2/install/nav2_recoveries/share/nav2_recoveries/environment/library_path.dsv
[1.830s] -- Up-to-date: /home/wheeltec/wheeltec_ros2/install/nav2_recoveries/share/ament_index/resource_index/package_run_dependencies/nav2_recoveries
[1.832s] -- Up-to-date: /home/wheeltec/wheeltec_ros2/install/nav2_recoveries/share/ament_index/resource_index/parent_prefix_path/nav2_recoveries
[1.832s] -- Up-to-date: /home/wheeltec/wheeltec_ros2/install/nav2_recoveries/share/nav2_recoveries/environment/ament_prefix_path.sh
[1.833s] -- Up-to-date: /home/wheeltec/wheeltec_ros2/install/nav2_recoveries/share/nav2_recoveries/environment/ament_prefix_path.dsv
[1.833s] -- Up-to-date: /home/wheeltec/wheeltec_ros2/install/nav2_recoveries/share/nav2_recoveries/environment/path.sh
[1.836s] -- Up-to-date: /home/wheeltec/wheeltec_ros2/install/nav2_recoveries/share/nav2_recoveries/environment/path.dsv
[1.836s] -- Up-to-date: /home/wheeltec/wheeltec_ros2/install/nav2_recoveries/share/nav2_recoveries/local_setup.bash
[1.837s] -- Up-to-date: /home/wheeltec/wheeltec_ros2/install/nav2_recoveries/share/nav2_recoveries/local_setup.sh
[1.837s] -- Up-to-date: /home/wheeltec/wheeltec_ros2/install/nav2_recoveries/share/nav2_recoveries/local_setup.zsh
[1.838s] -- Up-to-date: /home/wheeltec/wheeltec_ros2/install/nav2_recoveries/share/nav2_recoveries/local_setup.dsv
[1.839s] -- Installing: /home/wheeltec/wheeltec_ros2/install/nav2_recoveries/share/nav2_recoveries/package.dsv
[1.840s] -- Up-to-date: /home/wheeltec/wheeltec_ros2/install/nav2_recoveries/share/ament_index/resource_index/packages/nav2_recoveries
[1.842s] -- Up-to-date: /home/wheeltec/wheeltec_ros2/install/nav2_recoveries/share/ament_index/resource_index/nav2_core__pluginlib__plugin/nav2_recoveries
[1.850s] -- Up-to-date: /home/wheeltec/wheeltec_ros2/install/nav2_recoveries/share/nav2_recoveries/cmake/ament_cmake_export_include_directories-extras.cmake
[1.851s] -- Up-to-date: /home/wheeltec/wheeltec_ros2/install/nav2_recoveries/share/nav2_recoveries/cmake/ament_cmake_export_libraries-extras.cmake
[1.851s] -- Up-to-date: /home/wheeltec/wheeltec_ros2/install/nav2_recoveries/share/nav2_recoveries/cmake/ament_cmake_export_dependencies-extras.cmake
[1.851s] -- Up-to-date: /home/wheeltec/wheeltec_ros2/install/nav2_recoveries/share/nav2_recoveries/cmake/nav2_recoveriesConfig.cmake
[1.852s] -- Up-to-date: /home/wheeltec/wheeltec_ros2/install/nav2_recoveries/share/nav2_recoveries/cmake/nav2_recoveriesConfig-version.cmake
[1.852s] -- Up-to-date: /home/wheeltec/wheeltec_ros2/install/nav2_recoveries/share/nav2_recoveries/package.xml
[1.853s] Invoked command in '/home/wheeltec/wheeltec_ros2/build/nav2_recoveries' returned '0': AMENT_PREFIX_PATH=/home/wheeltec/wheeltec_ros2/install/nav2_core:/home/wheeltec/wheeltec_ros2/install/nav2_costmap_2d:/home/wheeltec/wheeltec_ros2/install/nav2_map_server:/home/wheeltec/wheeltec_ros2/install/nav2_lifecycle_manager:/home/wheeltec/wheeltec_ros2/install/nav2_behavior_tree:/home/wheeltec/wheeltec_ros2/install/nav2_util:/home/wheeltec/wheeltec_ros2/install/nav2_voxel_grid:/home/wheeltec/wheeltec_ros2/install/nav2_msgs:/home/wheeltec/wheeltec_ros2/install/nav2_common:${AMENT_PREFIX_PATH} CMAKE_PREFIX_PATH=/home/wheeltec/wheeltec_ros2/install/nav2_core:/home/wheeltec/wheeltec_ros2/install/nav2_costmap_2d:/home/wheeltec/wheeltec_ros2/install/nav2_map_server:/home/wheeltec/wheeltec_ros2/install/nav2_lifecycle_manager:/home/wheeltec/wheeltec_ros2/install/nav2_behavior_tree:/home/wheeltec/wheeltec_ros2/install/nav2_util:/home/wheeltec/wheeltec_ros2/install/nav2_voxel_grid:/home/wheeltec/wheeltec_ros2/install/nav2_msgs:/home/wheeltec/wheeltec_ros2/install/nav2_common:/opt/ros/galactic LD_LIBRARY_PATH=/home/wheeltec/wheeltec_ros2/install/nav2_costmap_2d/lib:/home/wheeltec/wheeltec_ros2/install/nav2_map_server/lib:/home/wheeltec/wheeltec_ros2/install/nav2_lifecycle_manager/lib:/home/wheeltec/wheeltec_ros2/install/nav2_behavior_tree/lib:/home/wheeltec/wheeltec_ros2/install/nav2_util/lib:/home/wheeltec/wheeltec_ros2/install/nav2_voxel_grid/lib:/home/wheeltec/wheeltec_ros2/install/nav2_msgs/lib:${LD_LIBRARY_PATH} PYTHONPATH=/home/wheeltec/wheeltec_ros2/install/nav2_msgs/lib/python3.8/site-packages:/home/wheeltec/wheeltec_ros2/install/nav2_common/lib/python3.8/site-packages:${PYTHONPATH} /usr/bin/cmake --install /home/wheeltec/wheeltec_ros2/build/nav2_recoveries
