[0.424s] Invoking command in '/home/wheeltec/wheeltec_ros2/build/dwb_msgs': CMAKE_PREFIX_PATH=/home/wheeltec/wheeltec_ros2/install/nav_2d_msgs:/home/wheeltec/wheeltec_ros2/install/wheeltec_slam_toolbox:/home/wheeltec/wheeltec_ros2/install/wheeltec_rrt_msg:/home/wheeltec/wheeltec_ros2/install/wheeltec_robot_urdf:/home/wheeltec/wheeltec_ros2/install/wheeltec_robot_rtab:/home/wheeltec/wheeltec_ros2/install/wheeltec_robot_rrt:/home/wheeltec/wheeltec_ros2/install/turn_on_wheeltec_robot:/home/wheeltec/wheeltec_ros2/install/wheeltec_robot_msg:/home/wheeltec/wheeltec_ros2/install/wheeltec_nav2:/home/wheeltec/wheeltec_ros2/install/wheeltec_joy:/home/wheeltec/wheeltec_ros2/install/wheeltec_cartographer:/home/wheeltec/wheeltec_ros2/install/web_video_server:/home/wheeltec/wheeltec_ros2/install/usb_cam:/home/wheeltec/wheeltec_ros2/install/slam_gmapping:/home/wheeltec/wheeltec_ros2/install/serial:/home/wheeltec/wheeltec_ros2/install/rplidar_ros2:/home/wheeltec/wheeltec_ros2/install/ros2_astra_camera:/home/wheeltec/wheeltec_ros2/install/ar_track_alvar:/home/wheeltec/wheeltec_ros2/install/perception_pcl:/home/wheeltec/wheeltec_ros2/install/pcl_ros:/home/wheeltec/wheeltec_ros2/install/lslidar_driver:/home/wheeltec/wheeltec_ros2/install/pcl_conversions:/home/wheeltec/wheeltec_ros2/install/openslam_gmapping:/home/wheeltec/wheeltec_ros2/install/nav2_system_tests:/home/wheeltec/wheeltec_ros2/install/nav2_bringup:/home/wheeltec/wheeltec_ros2/install/navigation2:/home/wheeltec/wheeltec_ros2/install/nav2_dwb_controller:/home/wheeltec/wheeltec_ros2/install/nav2_controller:/home/wheeltec/wheeltec_ros2/install/dwb_plugins:/home/wheeltec/wheeltec_ros2/install/dwb_critics:/home/wheeltec/wheeltec_ros2/install/dwb_core:/home/wheeltec/wheeltec_ros2/install/nav_2d_utils:/home/wheeltec/wheeltec_ros2/install/dwb_msgs:/home/wheeltec/wheeltec_ros2/install/nav2_waypoint_follower:/home/wheeltec/wheeltec_ros2/install/nav2_theta_star_planner:/home/wheeltec/wheeltec_ros2/install/nav2_smac_planner:/home/wheeltec/wheeltec_ros2/install/nav2_rotation_shim_controller:/home/wheeltec/wheeltec_ros2/install/nav2_regulated_pure_pursuit_controller:/home/wheeltec/wheeltec_ros2/install/nav2_recoveries:/home/wheeltec/wheeltec_ros2/install/nav2_planner:/home/wheeltec/wheeltec_ros2/install/nav2_navfn_planner:/home/wheeltec/wheeltec_ros2/install/nav2_bt_navigator:/home/wheeltec/wheeltec_ros2/install/nav2_core:/home/wheeltec/wheeltec_ros2/install/costmap_queue:/home/wheeltec/wheeltec_ros2/install/nav2_costmap_2d:/home/wheeltec/wheeltec_ros2/install/nav2_voxel_grid:/home/wheeltec/wheeltec_ros2/install/nav2_rviz_plugins:/home/wheeltec/wheeltec_ros2/install/nav2_map_server:/home/wheeltec/wheeltec_ros2/install/nav2_lifecycle_manager:/home/wheeltec/wheeltec_ros2/install/nav2_behavior_tree:/home/wheeltec/wheeltec_ros2/install/nav2_amcl:/home/wheeltec/wheeltec_ros2/install/nav2_util:/home/wheeltec/wheeltec_ros2/install/nav2_msgs:/home/wheeltec/wheeltec_ros2/install/nav2_common:/home/wheeltec/wheeltec_ros2/install/lsn10:/home/wheeltec/wheeltec_ros2/install/lsm10_v2:/home/wheeltec/wheeltec_ros2/install/lslidar_msgs:/home/wheeltec/wheeltec_ros2/install/lidar_ros2:/home/wheeltec/wheeltec_ros2/install/ldlidar_stl_ros2:/home/wheeltec/wheeltec_ros2/install/ldlidar_sl_ros2:/home/wheeltec/wheeltec_ros2/install/astra_msgs:/home/wheeltec/wheeltec_ros2/install/astra_camera:/home/wheeltec/wheeltec_ros2/install/astra_camera_msgs:/home/wheeltec/wheeltec_ros2/install/ar_track_alvar_msgs:/home/wheeltec/wheeltec_ros2/install/ackermann_msgs:/home/wheeltec/wheeltec_ros2/install/simple_follower_ros2:/home/wheeltec/wheeltec_ros2/install/wheeltec_robot_keyboard:/home/wheeltec/wheeltec_ros2/install/tf2_tools:/home/wheeltec/wheeltec_ros2/install/nav2_simple_commander:/home/wheeltec/wheeltec_ros2/install/nav2_gazebo_spawner:/opt/ros/galactic LD_LIBRARY_PATH=/home/wheeltec/wheeltec_ros2/install/nav_2d_msgs/lib:/home/wheeltec/wheeltec_ros2/install/wheeltec_rrt_msg/lib:/home/wheeltec/wheeltec_ros2/install/wheeltec_robot_rrt/lib:/home/wheeltec/wheeltec_ros2/install/turn_on_wheeltec_robot/lib:/home/wheeltec/wheeltec_ros2/install/wheeltec_robot_msg/lib:/home/wheeltec/wheeltec_ros2/install/usb_cam/lib:/home/wheeltec/wheeltec_ros2/install/serial/lib:/home/wheeltec/wheeltec_ros2/install/ros2_astra_camera/lib:/home/wheeltec/wheeltec_ros2/install/ar_track_alvar/lib:/home/wheeltec/wheeltec_ros2/install/pcl_ros/lib:/home/wheeltec/wheeltec_ros2/install/openslam_gmapping/lib:/home/wheeltec/wheeltec_ros2/install/nav2_controller/lib:/home/wheeltec/wheeltec_ros2/install/dwb_plugins/lib:/home/wheeltec/wheeltec_ros2/install/dwb_critics/lib:/home/wheeltec/wheeltec_ros2/install/dwb_core/lib:/home/wheeltec/wheeltec_ros2/install/nav_2d_utils/lib:/home/wheeltec/wheeltec_ros2/install/dwb_msgs/lib:/home/wheeltec/wheeltec_ros2/install/nav2_waypoint_follower/lib:/home/wheeltec/wheeltec_ros2/install/nav2_theta_star_planner/lib:/home/wheeltec/wheeltec_ros2/install/nav2_smac_planner/lib:/home/wheeltec/wheeltec_ros2/install/nav2_rotation_shim_controller/lib:/home/wheeltec/wheeltec_ros2/install/nav2_regulated_pure_pursuit_controller/lib:/home/wheeltec/wheeltec_ros2/install/nav2_recoveries/lib:/home/wheeltec/wheeltec_ros2/install/nav2_planner/lib:/home/wheeltec/wheeltec_ros2/install/nav2_navfn_planner/lib:/home/wheeltec/wheeltec_ros2/install/nav2_bt_navigator/lib:/home/wheeltec/wheeltec_ros2/install/costmap_queue/lib:/home/wheeltec/wheeltec_ros2/install/nav2_costmap_2d/lib:/home/wheeltec/wheeltec_ros2/install/nav2_voxel_grid/lib:/home/wheeltec/wheeltec_ros2/install/nav2_rviz_plugins/lib:/home/wheeltec/wheeltec_ros2/install/nav2_map_server/lib:/home/wheeltec/wheeltec_ros2/install/nav2_lifecycle_manager/lib:/home/wheeltec/wheeltec_ros2/install/nav2_behavior_tree/lib:/home/wheeltec/wheeltec_ros2/install/nav2_amcl/lib:/home/wheeltec/wheeltec_ros2/install/nav2_util/lib:/home/wheeltec/wheeltec_ros2/install/nav2_msgs/lib:/home/wheeltec/wheeltec_ros2/install/lsm10_v2/lib:/home/wheeltec/wheeltec_ros2/install/lslidar_msgs/lib:/home/wheeltec/wheeltec_ros2/install/astra_msgs/lib:/home/wheeltec/wheeltec_ros2/install/astra_camera/lib:/home/wheeltec/wheeltec_ros2/install/astra_camera_msgs/lib:/home/wheeltec/wheeltec_ros2/install/ar_track_alvar_msgs/lib:/home/wheeltec/wheeltec_ros2/install/ackermann_msgs/lib:/usr/lib/aarch64-linux-gnu/gazebo-11/plugins:/opt/ros/galactic/opt/yaml_cpp_vendor/lib:/opt/ros/galactic/opt/rviz_ogre_vendor/lib:/opt/ros/galactic/lib/aarch64-linux-gnu:/opt/ros/galactic/lib:/home/wheeltec/wheeltec_ros2/src/ros2_astra_camera-main/ros2_astra_camera/lib/openni2_redist/x64 PYTHONPATH=/home/wheeltec/wheeltec_ros2/install/nav_2d_msgs/lib/python3.8/site-packages:/home/wheeltec/wheeltec_ros2/install/wheeltec_rrt_msg/lib/python3.8/site-packages:/home/wheeltec/wheeltec_ros2/install/simple_follower_ros2/lib/python3.8/site-packages:/home/wheeltec/wheeltec_ros2/install/turn_on_wheeltec_robot/lib/python3.8/site-packages:/home/wheeltec/wheeltec_ros2/install/wheeltec_robot_msg/lib/python3.8/site-packages:/home/wheeltec/wheeltec_ros2/install/wheeltec_robot_keyboard/lib/python3.8/site-packages:/home/wheeltec/wheeltec_ros2/install/tf2_tools/lib/python3.8/site-packages:/home/wheeltec/wheeltec_ros2/install/dwb_msgs/lib/python3.8/site-packages:/home/wheeltec/wheeltec_ros2/install/nav2_simple_commander/lib/python3.8/site-packages:/home/wheeltec/wheeltec_ros2/install/nav2_msgs/lib/python3.8/site-packages:/home/wheeltec/wheeltec_ros2/install/nav2_gazebo_spawner/lib/python3.8/site-packages:/home/wheeltec/wheeltec_ros2/install/nav2_common/lib/python3.8/site-packages:/home/wheeltec/wheeltec_ros2/install/lsm10_v2/lib/python3.8/site-packages:/home/wheeltec/wheeltec_ros2/install/lslidar_msgs/lib/python3.8/site-packages:/home/wheeltec/wheeltec_ros2/install/astra_msgs/lib/python3.8/site-packages:/home/wheeltec/wheeltec_ros2/install/astra_camera_msgs/lib/python3.8/site-packages:/home/wheeltec/wheeltec_ros2/install/ar_track_alvar_msgs/lib/python3.8/site-packages:/home/wheeltec/wheeltec_ros2/install/ackermann_msgs/lib/python3.8/site-packages:/opt/ros/galactic/lib/python3.8/site-packages /usr/bin/cmake --build /home/wheeltec/wheeltec_ros2/build/dwb_msgs -- -j4 -l4
[1.137s] [  1%] Built target dwb_msgs__cpp
[1.151s] [ 12%] Built target dwb_msgs__rosidl_generator_c
[1.436s] [ 24%] Built target dwb_msgs__rosidl_typesupport_cpp
[1.495s] [ 35%] Built target dwb_msgs__rosidl_typesupport_fastrtps_cpp
[1.726s] [ 47%] Built target dwb_msgs__rosidl_typesupport_c
[1.768s] [ 58%] Built target dwb_msgs__rosidl_typesupport_introspection_c
[2.112s] [ 70%] Built target dwb_msgs__rosidl_typesupport_introspection_cpp
[2.177s] [ 82%] Built target dwb_msgs__rosidl_typesupport_fastrtps_c
[2.400s] [ 82%] Built target dwb_msgs
[2.627s] [ 83%] Built target dwb_msgs__py
[2.937s] [ 93%] Built target dwb_msgs__python
[3.262s] [ 95%] Built target dwb_msgs__rosidl_typesupport_c__pyext
[3.357s] [ 97%] Built target dwb_msgs__rosidl_typesupport_introspection_c__pyext
[3.693s] [100%] Built target dwb_msgs__rosidl_typesupport_fastrtps_c__pyext
[3.849s] Invoked command in '/home/wheeltec/wheeltec_ros2/build/dwb_msgs' returned '0': CMAKE_PREFIX_PATH=/home/wheeltec/wheeltec_ros2/install/nav_2d_msgs:/home/wheeltec/wheeltec_ros2/install/wheeltec_slam_toolbox:/home/wheeltec/wheeltec_ros2/install/wheeltec_rrt_msg:/home/wheeltec/wheeltec_ros2/install/wheeltec_robot_urdf:/home/wheeltec/wheeltec_ros2/install/wheeltec_robot_rtab:/home/wheeltec/wheeltec_ros2/install/wheeltec_robot_rrt:/home/wheeltec/wheeltec_ros2/install/turn_on_wheeltec_robot:/home/wheeltec/wheeltec_ros2/install/wheeltec_robot_msg:/home/wheeltec/wheeltec_ros2/install/wheeltec_nav2:/home/wheeltec/wheeltec_ros2/install/wheeltec_joy:/home/wheeltec/wheeltec_ros2/install/wheeltec_cartographer:/home/wheeltec/wheeltec_ros2/install/web_video_server:/home/wheeltec/wheeltec_ros2/install/usb_cam:/home/wheeltec/wheeltec_ros2/install/slam_gmapping:/home/wheeltec/wheeltec_ros2/install/serial:/home/wheeltec/wheeltec_ros2/install/rplidar_ros2:/home/wheeltec/wheeltec_ros2/install/ros2_astra_camera:/home/wheeltec/wheeltec_ros2/install/ar_track_alvar:/home/wheeltec/wheeltec_ros2/install/perception_pcl:/home/wheeltec/wheeltec_ros2/install/pcl_ros:/home/wheeltec/wheeltec_ros2/install/lslidar_driver:/home/wheeltec/wheeltec_ros2/install/pcl_conversions:/home/wheeltec/wheeltec_ros2/install/openslam_gmapping:/home/wheeltec/wheeltec_ros2/install/nav2_system_tests:/home/wheeltec/wheeltec_ros2/install/nav2_bringup:/home/wheeltec/wheeltec_ros2/install/navigation2:/home/wheeltec/wheeltec_ros2/install/nav2_dwb_controller:/home/wheeltec/wheeltec_ros2/install/nav2_controller:/home/wheeltec/wheeltec_ros2/install/dwb_plugins:/home/wheeltec/wheeltec_ros2/install/dwb_critics:/home/wheeltec/wheeltec_ros2/install/dwb_core:/home/wheeltec/wheeltec_ros2/install/nav_2d_utils:/home/wheeltec/wheeltec_ros2/install/dwb_msgs:/home/wheeltec/wheeltec_ros2/install/nav2_waypoint_follower:/home/wheeltec/wheeltec_ros2/install/nav2_theta_star_planner:/home/wheeltec/wheeltec_ros2/install/nav2_smac_planner:/home/wheeltec/wheeltec_ros2/install/nav2_rotation_shim_controller:/home/wheeltec/wheeltec_ros2/install/nav2_regulated_pure_pursuit_controller:/home/wheeltec/wheeltec_ros2/install/nav2_recoveries:/home/wheeltec/wheeltec_ros2/install/nav2_planner:/home/wheeltec/wheeltec_ros2/install/nav2_navfn_planner:/home/wheeltec/wheeltec_ros2/install/nav2_bt_navigator:/home/wheeltec/wheeltec_ros2/install/nav2_core:/home/wheeltec/wheeltec_ros2/install/costmap_queue:/home/wheeltec/wheeltec_ros2/install/nav2_costmap_2d:/home/wheeltec/wheeltec_ros2/install/nav2_voxel_grid:/home/wheeltec/wheeltec_ros2/install/nav2_rviz_plugins:/home/wheeltec/wheeltec_ros2/install/nav2_map_server:/home/wheeltec/wheeltec_ros2/install/nav2_lifecycle_manager:/home/wheeltec/wheeltec_ros2/install/nav2_behavior_tree:/home/wheeltec/wheeltec_ros2/install/nav2_amcl:/home/wheeltec/wheeltec_ros2/install/nav2_util:/home/wheeltec/wheeltec_ros2/install/nav2_msgs:/home/wheeltec/wheeltec_ros2/install/nav2_common:/home/wheeltec/wheeltec_ros2/install/lsn10:/home/wheeltec/wheeltec_ros2/install/lsm10_v2:/home/wheeltec/wheeltec_ros2/install/lslidar_msgs:/home/wheeltec/wheeltec_ros2/install/lidar_ros2:/home/wheeltec/wheeltec_ros2/install/ldlidar_stl_ros2:/home/wheeltec/wheeltec_ros2/install/ldlidar_sl_ros2:/home/wheeltec/wheeltec_ros2/install/astra_msgs:/home/wheeltec/wheeltec_ros2/install/astra_camera:/home/wheeltec/wheeltec_ros2/install/astra_camera_msgs:/home/wheeltec/wheeltec_ros2/install/ar_track_alvar_msgs:/home/wheeltec/wheeltec_ros2/install/ackermann_msgs:/home/wheeltec/wheeltec_ros2/install/simple_follower_ros2:/home/wheeltec/wheeltec_ros2/install/wheeltec_robot_keyboard:/home/wheeltec/wheeltec_ros2/install/tf2_tools:/home/wheeltec/wheeltec_ros2/install/nav2_simple_commander:/home/wheeltec/wheeltec_ros2/install/nav2_gazebo_spawner:/opt/ros/galactic LD_LIBRARY_PATH=/home/wheeltec/wheeltec_ros2/install/nav_2d_msgs/lib:/home/wheeltec/wheeltec_ros2/install/wheeltec_rrt_msg/lib:/home/wheeltec/wheeltec_ros2/install/wheeltec_robot_rrt/lib:/home/wheeltec/wheeltec_ros2/install/turn_on_wheeltec_robot/lib:/home/wheeltec/wheeltec_ros2/install/wheeltec_robot_msg/lib:/home/wheeltec/wheeltec_ros2/install/usb_cam/lib:/home/wheeltec/wheeltec_ros2/install/serial/lib:/home/wheeltec/wheeltec_ros2/install/ros2_astra_camera/lib:/home/wheeltec/wheeltec_ros2/install/ar_track_alvar/lib:/home/wheeltec/wheeltec_ros2/install/pcl_ros/lib:/home/wheeltec/wheeltec_ros2/install/openslam_gmapping/lib:/home/wheeltec/wheeltec_ros2/install/nav2_controller/lib:/home/wheeltec/wheeltec_ros2/install/dwb_plugins/lib:/home/wheeltec/wheeltec_ros2/install/dwb_critics/lib:/home/wheeltec/wheeltec_ros2/install/dwb_core/lib:/home/wheeltec/wheeltec_ros2/install/nav_2d_utils/lib:/home/wheeltec/wheeltec_ros2/install/dwb_msgs/lib:/home/wheeltec/wheeltec_ros2/install/nav2_waypoint_follower/lib:/home/wheeltec/wheeltec_ros2/install/nav2_theta_star_planner/lib:/home/wheeltec/wheeltec_ros2/install/nav2_smac_planner/lib:/home/wheeltec/wheeltec_ros2/install/nav2_rotation_shim_controller/lib:/home/wheeltec/wheeltec_ros2/install/nav2_regulated_pure_pursuit_controller/lib:/home/wheeltec/wheeltec_ros2/install/nav2_recoveries/lib:/home/wheeltec/wheeltec_ros2/install/nav2_planner/lib:/home/wheeltec/wheeltec_ros2/install/nav2_navfn_planner/lib:/home/wheeltec/wheeltec_ros2/install/nav2_bt_navigator/lib:/home/wheeltec/wheeltec_ros2/install/costmap_queue/lib:/home/wheeltec/wheeltec_ros2/install/nav2_costmap_2d/lib:/home/wheeltec/wheeltec_ros2/install/nav2_voxel_grid/lib:/home/wheeltec/wheeltec_ros2/install/nav2_rviz_plugins/lib:/home/wheeltec/wheeltec_ros2/install/nav2_map_server/lib:/home/wheeltec/wheeltec_ros2/install/nav2_lifecycle_manager/lib:/home/wheeltec/wheeltec_ros2/install/nav2_behavior_tree/lib:/home/wheeltec/wheeltec_ros2/install/nav2_amcl/lib:/home/wheeltec/wheeltec_ros2/install/nav2_util/lib:/home/wheeltec/wheeltec_ros2/install/nav2_msgs/lib:/home/wheeltec/wheeltec_ros2/install/lsm10_v2/lib:/home/wheeltec/wheeltec_ros2/install/lslidar_msgs/lib:/home/wheeltec/wheeltec_ros2/install/astra_msgs/lib:/home/wheeltec/wheeltec_ros2/install/astra_camera/lib:/home/wheeltec/wheeltec_ros2/install/astra_camera_msgs/lib:/home/wheeltec/wheeltec_ros2/install/ar_track_alvar_msgs/lib:/home/wheeltec/wheeltec_ros2/install/ackermann_msgs/lib:/usr/lib/aarch64-linux-gnu/gazebo-11/plugins:/opt/ros/galactic/opt/yaml_cpp_vendor/lib:/opt/ros/galactic/opt/rviz_ogre_vendor/lib:/opt/ros/galactic/lib/aarch64-linux-gnu:/opt/ros/galactic/lib:/home/wheeltec/wheeltec_ros2/src/ros2_astra_camera-main/ros2_astra_camera/lib/openni2_redist/x64 PYTHONPATH=/home/wheeltec/wheeltec_ros2/install/nav_2d_msgs/lib/python3.8/site-packages:/home/wheeltec/wheeltec_ros2/install/wheeltec_rrt_msg/lib/python3.8/site-packages:/home/wheeltec/wheeltec_ros2/install/simple_follower_ros2/lib/python3.8/site-packages:/home/wheeltec/wheeltec_ros2/install/turn_on_wheeltec_robot/lib/python3.8/site-packages:/home/wheeltec/wheeltec_ros2/install/wheeltec_robot_msg/lib/python3.8/site-packages:/home/wheeltec/wheeltec_ros2/install/wheeltec_robot_keyboard/lib/python3.8/site-packages:/home/wheeltec/wheeltec_ros2/install/tf2_tools/lib/python3.8/site-packages:/home/wheeltec/wheeltec_ros2/install/dwb_msgs/lib/python3.8/site-packages:/home/wheeltec/wheeltec_ros2/install/nav2_simple_commander/lib/python3.8/site-packages:/home/wheeltec/wheeltec_ros2/install/nav2_msgs/lib/python3.8/site-packages:/home/wheeltec/wheeltec_ros2/install/nav2_gazebo_spawner/lib/python3.8/site-packages:/home/wheeltec/wheeltec_ros2/install/nav2_common/lib/python3.8/site-packages:/home/wheeltec/wheeltec_ros2/install/lsm10_v2/lib/python3.8/site-packages:/home/wheeltec/wheeltec_ros2/install/lslidar_msgs/lib/python3.8/site-packages:/home/wheeltec/wheeltec_ros2/install/astra_msgs/lib/python3.8/site-packages:/home/wheeltec/wheeltec_ros2/install/astra_camera_msgs/lib/python3.8/site-packages:/home/wheeltec/wheeltec_ros2/install/ar_track_alvar_msgs/lib/python3.8/site-packages:/home/wheeltec/wheeltec_ros2/install/ackermann_msgs/lib/python3.8/site-packages:/opt/ros/galactic/lib/python3.8/site-packages /usr/bin/cmake --build /home/wheeltec/wheeltec_ros2/build/dwb_msgs -- -j4 -l4
[7.138s] Invoking command in '/home/wheeltec/wheeltec_ros2/build/dwb_msgs': CMAKE_PREFIX_PATH=/home/wheeltec/wheeltec_ros2/install/nav_2d_msgs:/home/wheeltec/wheeltec_ros2/install/wheeltec_slam_toolbox:/home/wheeltec/wheeltec_ros2/install/wheeltec_rrt_msg:/home/wheeltec/wheeltec_ros2/install/wheeltec_robot_urdf:/home/wheeltec/wheeltec_ros2/install/wheeltec_robot_rtab:/home/wheeltec/wheeltec_ros2/install/wheeltec_robot_rrt:/home/wheeltec/wheeltec_ros2/install/turn_on_wheeltec_robot:/home/wheeltec/wheeltec_ros2/install/wheeltec_robot_msg:/home/wheeltec/wheeltec_ros2/install/wheeltec_nav2:/home/wheeltec/wheeltec_ros2/install/wheeltec_joy:/home/wheeltec/wheeltec_ros2/install/wheeltec_cartographer:/home/wheeltec/wheeltec_ros2/install/web_video_server:/home/wheeltec/wheeltec_ros2/install/usb_cam:/home/wheeltec/wheeltec_ros2/install/slam_gmapping:/home/wheeltec/wheeltec_ros2/install/serial:/home/wheeltec/wheeltec_ros2/install/rplidar_ros2:/home/wheeltec/wheeltec_ros2/install/ros2_astra_camera:/home/wheeltec/wheeltec_ros2/install/ar_track_alvar:/home/wheeltec/wheeltec_ros2/install/perception_pcl:/home/wheeltec/wheeltec_ros2/install/pcl_ros:/home/wheeltec/wheeltec_ros2/install/lslidar_driver:/home/wheeltec/wheeltec_ros2/install/pcl_conversions:/home/wheeltec/wheeltec_ros2/install/openslam_gmapping:/home/wheeltec/wheeltec_ros2/install/nav2_system_tests:/home/wheeltec/wheeltec_ros2/install/nav2_bringup:/home/wheeltec/wheeltec_ros2/install/navigation2:/home/wheeltec/wheeltec_ros2/install/nav2_dwb_controller:/home/wheeltec/wheeltec_ros2/install/nav2_controller:/home/wheeltec/wheeltec_ros2/install/dwb_plugins:/home/wheeltec/wheeltec_ros2/install/dwb_critics:/home/wheeltec/wheeltec_ros2/install/dwb_core:/home/wheeltec/wheeltec_ros2/install/nav_2d_utils:/home/wheeltec/wheeltec_ros2/install/dwb_msgs:/home/wheeltec/wheeltec_ros2/install/nav2_waypoint_follower:/home/wheeltec/wheeltec_ros2/install/nav2_theta_star_planner:/home/wheeltec/wheeltec_ros2/install/nav2_smac_planner:/home/wheeltec/wheeltec_ros2/install/nav2_rotation_shim_controller:/home/wheeltec/wheeltec_ros2/install/nav2_regulated_pure_pursuit_controller:/home/wheeltec/wheeltec_ros2/install/nav2_recoveries:/home/wheeltec/wheeltec_ros2/install/nav2_planner:/home/wheeltec/wheeltec_ros2/install/nav2_navfn_planner:/home/wheeltec/wheeltec_ros2/install/nav2_bt_navigator:/home/wheeltec/wheeltec_ros2/install/nav2_core:/home/wheeltec/wheeltec_ros2/install/costmap_queue:/home/wheeltec/wheeltec_ros2/install/nav2_costmap_2d:/home/wheeltec/wheeltec_ros2/install/nav2_voxel_grid:/home/wheeltec/wheeltec_ros2/install/nav2_rviz_plugins:/home/wheeltec/wheeltec_ros2/install/nav2_map_server:/home/wheeltec/wheeltec_ros2/install/nav2_lifecycle_manager:/home/wheeltec/wheeltec_ros2/install/nav2_behavior_tree:/home/wheeltec/wheeltec_ros2/install/nav2_amcl:/home/wheeltec/wheeltec_ros2/install/nav2_util:/home/wheeltec/wheeltec_ros2/install/nav2_msgs:/home/wheeltec/wheeltec_ros2/install/nav2_common:/home/wheeltec/wheeltec_ros2/install/lsn10:/home/wheeltec/wheeltec_ros2/install/lsm10_v2:/home/wheeltec/wheeltec_ros2/install/lslidar_msgs:/home/wheeltec/wheeltec_ros2/install/lidar_ros2:/home/wheeltec/wheeltec_ros2/install/ldlidar_stl_ros2:/home/wheeltec/wheeltec_ros2/install/ldlidar_sl_ros2:/home/wheeltec/wheeltec_ros2/install/astra_msgs:/home/wheeltec/wheeltec_ros2/install/astra_camera:/home/wheeltec/wheeltec_ros2/install/astra_camera_msgs:/home/wheeltec/wheeltec_ros2/install/ar_track_alvar_msgs:/home/wheeltec/wheeltec_ros2/install/ackermann_msgs:/home/wheeltec/wheeltec_ros2/install/simple_follower_ros2:/home/wheeltec/wheeltec_ros2/install/wheeltec_robot_keyboard:/home/wheeltec/wheeltec_ros2/install/tf2_tools:/home/wheeltec/wheeltec_ros2/install/nav2_simple_commander:/home/wheeltec/wheeltec_ros2/install/nav2_gazebo_spawner:/opt/ros/galactic LD_LIBRARY_PATH=/home/wheeltec/wheeltec_ros2/install/nav_2d_msgs/lib:/home/wheeltec/wheeltec_ros2/install/wheeltec_rrt_msg/lib:/home/wheeltec/wheeltec_ros2/install/wheeltec_robot_rrt/lib:/home/wheeltec/wheeltec_ros2/install/turn_on_wheeltec_robot/lib:/home/wheeltec/wheeltec_ros2/install/wheeltec_robot_msg/lib:/home/wheeltec/wheeltec_ros2/install/usb_cam/lib:/home/wheeltec/wheeltec_ros2/install/serial/lib:/home/wheeltec/wheeltec_ros2/install/ros2_astra_camera/lib:/home/wheeltec/wheeltec_ros2/install/ar_track_alvar/lib:/home/wheeltec/wheeltec_ros2/install/pcl_ros/lib:/home/wheeltec/wheeltec_ros2/install/openslam_gmapping/lib:/home/wheeltec/wheeltec_ros2/install/nav2_controller/lib:/home/wheeltec/wheeltec_ros2/install/dwb_plugins/lib:/home/wheeltec/wheeltec_ros2/install/dwb_critics/lib:/home/wheeltec/wheeltec_ros2/install/dwb_core/lib:/home/wheeltec/wheeltec_ros2/install/nav_2d_utils/lib:/home/wheeltec/wheeltec_ros2/install/dwb_msgs/lib:/home/wheeltec/wheeltec_ros2/install/nav2_waypoint_follower/lib:/home/wheeltec/wheeltec_ros2/install/nav2_theta_star_planner/lib:/home/wheeltec/wheeltec_ros2/install/nav2_smac_planner/lib:/home/wheeltec/wheeltec_ros2/install/nav2_rotation_shim_controller/lib:/home/wheeltec/wheeltec_ros2/install/nav2_regulated_pure_pursuit_controller/lib:/home/wheeltec/wheeltec_ros2/install/nav2_recoveries/lib:/home/wheeltec/wheeltec_ros2/install/nav2_planner/lib:/home/wheeltec/wheeltec_ros2/install/nav2_navfn_planner/lib:/home/wheeltec/wheeltec_ros2/install/nav2_bt_navigator/lib:/home/wheeltec/wheeltec_ros2/install/costmap_queue/lib:/home/wheeltec/wheeltec_ros2/install/nav2_costmap_2d/lib:/home/wheeltec/wheeltec_ros2/install/nav2_voxel_grid/lib:/home/wheeltec/wheeltec_ros2/install/nav2_rviz_plugins/lib:/home/wheeltec/wheeltec_ros2/install/nav2_map_server/lib:/home/wheeltec/wheeltec_ros2/install/nav2_lifecycle_manager/lib:/home/wheeltec/wheeltec_ros2/install/nav2_behavior_tree/lib:/home/wheeltec/wheeltec_ros2/install/nav2_amcl/lib:/home/wheeltec/wheeltec_ros2/install/nav2_util/lib:/home/wheeltec/wheeltec_ros2/install/nav2_msgs/lib:/home/wheeltec/wheeltec_ros2/install/lsm10_v2/lib:/home/wheeltec/wheeltec_ros2/install/lslidar_msgs/lib:/home/wheeltec/wheeltec_ros2/install/astra_msgs/lib:/home/wheeltec/wheeltec_ros2/install/astra_camera/lib:/home/wheeltec/wheeltec_ros2/install/astra_camera_msgs/lib:/home/wheeltec/wheeltec_ros2/install/ar_track_alvar_msgs/lib:/home/wheeltec/wheeltec_ros2/install/ackermann_msgs/lib:/usr/lib/aarch64-linux-gnu/gazebo-11/plugins:/opt/ros/galactic/opt/yaml_cpp_vendor/lib:/opt/ros/galactic/opt/rviz_ogre_vendor/lib:/opt/ros/galactic/lib/aarch64-linux-gnu:/opt/ros/galactic/lib:/home/wheeltec/wheeltec_ros2/src/ros2_astra_camera-main/ros2_astra_camera/lib/openni2_redist/x64 PYTHONPATH=/home/wheeltec/wheeltec_ros2/install/nav_2d_msgs/lib/python3.8/site-packages:/home/wheeltec/wheeltec_ros2/install/wheeltec_rrt_msg/lib/python3.8/site-packages:/home/wheeltec/wheeltec_ros2/install/simple_follower_ros2/lib/python3.8/site-packages:/home/wheeltec/wheeltec_ros2/install/turn_on_wheeltec_robot/lib/python3.8/site-packages:/home/wheeltec/wheeltec_ros2/install/wheeltec_robot_msg/lib/python3.8/site-packages:/home/wheeltec/wheeltec_ros2/install/wheeltec_robot_keyboard/lib/python3.8/site-packages:/home/wheeltec/wheeltec_ros2/install/tf2_tools/lib/python3.8/site-packages:/home/wheeltec/wheeltec_ros2/install/dwb_msgs/lib/python3.8/site-packages:/home/wheeltec/wheeltec_ros2/install/nav2_simple_commander/lib/python3.8/site-packages:/home/wheeltec/wheeltec_ros2/install/nav2_msgs/lib/python3.8/site-packages:/home/wheeltec/wheeltec_ros2/install/nav2_gazebo_spawner/lib/python3.8/site-packages:/home/wheeltec/wheeltec_ros2/install/nav2_common/lib/python3.8/site-packages:/home/wheeltec/wheeltec_ros2/install/lsm10_v2/lib/python3.8/site-packages:/home/wheeltec/wheeltec_ros2/install/lslidar_msgs/lib/python3.8/site-packages:/home/wheeltec/wheeltec_ros2/install/astra_msgs/lib/python3.8/site-packages:/home/wheeltec/wheeltec_ros2/install/astra_camera_msgs/lib/python3.8/site-packages:/home/wheeltec/wheeltec_ros2/install/ar_track_alvar_msgs/lib/python3.8/site-packages:/home/wheeltec/wheeltec_ros2/install/ackermann_msgs/lib/python3.8/site-packages:/opt/ros/galactic/lib/python3.8/site-packages /usr/bin/cmake --install /home/wheeltec/wheeltec_ros2/build/dwb_msgs
[7.230s] -- Install configuration: ""
[7.231s] -- Up-to-date: /home/wheeltec/wheeltec_ros2/install/dwb_msgs/share/ament_index/resource_index/rosidl_interfaces/dwb_msgs
[7.232s] -- Up-to-date: /home/wheeltec/wheeltec_ros2/install/dwb_msgs/include/dwb_msgs
[7.233s] -- Up-to-date: /home/wheeltec/wheeltec_ros2/install/dwb_msgs/include/dwb_msgs/msg
[7.233s] -- Up-to-date: /home/wheeltec/wheeltec_ros2/install/dwb_msgs/include/dwb_msgs/msg/local_plan_evaluation.h
[7.234s] -- Up-to-date: /home/wheeltec/wheeltec_ros2/install/dwb_msgs/include/dwb_msgs/msg/detail
[7.234s] -- Up-to-date: /home/wheeltec/wheeltec_ros2/install/dwb_msgs/include/dwb_msgs/msg/detail/trajectory_score__type_support.h
[7.234s] -- Up-to-date: /home/wheeltec/wheeltec_ros2/install/dwb_msgs/include/dwb_msgs/msg/detail/trajectory2_d__functions.c
[7.235s] -- Up-to-date: /home/wheeltec/wheeltec_ros2/install/dwb_msgs/include/dwb_msgs/msg/detail/trajectory_score__functions.h
[7.235s] -- Up-to-date: /home/wheeltec/wheeltec_ros2/install/dwb_msgs/include/dwb_msgs/msg/detail/critic_score__struct.h
[7.235s] -- Up-to-date: /home/wheeltec/wheeltec_ros2/install/dwb_msgs/include/dwb_msgs/msg/detail/trajectory_score__struct.h
[7.236s] -- Up-to-date: /home/wheeltec/wheeltec_ros2/install/dwb_msgs/include/dwb_msgs/msg/detail/critic_score__functions.h
[7.237s] -- Up-to-date: /home/wheeltec/wheeltec_ros2/install/dwb_msgs/include/dwb_msgs/msg/detail/critic_score__functions.c
[7.240s] -- Up-to-date: /home/wheeltec/wheeltec_ros2/install/dwb_msgs/include/dwb_msgs/msg/detail/local_plan_evaluation__functions.c
[7.240s] -- Up-to-date: /home/wheeltec/wheeltec_ros2/install/dwb_msgs/include/dwb_msgs/msg/detail/trajectory2_d__struct.h
[7.241s] -- Up-to-date: /home/wheeltec/wheeltec_ros2/install/dwb_msgs/include/dwb_msgs/msg/detail/critic_score__type_support.h
[7.241s] -- Up-to-date: /home/wheeltec/wheeltec_ros2/install/dwb_msgs/include/dwb_msgs/msg/detail/trajectory2_d__functions.h
[7.241s] -- Up-to-date: /home/wheeltec/wheeltec_ros2/install/dwb_msgs/include/dwb_msgs/msg/detail/trajectory2_d__type_support.h
[7.242s] -- Up-to-date: /home/wheeltec/wheeltec_ros2/install/dwb_msgs/include/dwb_msgs/msg/detail/trajectory_score__functions.c
[7.245s] -- Up-to-date: /home/wheeltec/wheeltec_ros2/install/dwb_msgs/include/dwb_msgs/msg/detail/local_plan_evaluation__functions.h
[7.245s] -- Up-to-date: /home/wheeltec/wheeltec_ros2/install/dwb_msgs/include/dwb_msgs/msg/detail/local_plan_evaluation__type_support.h
[7.246s] -- Up-to-date: /home/wheeltec/wheeltec_ros2/install/dwb_msgs/include/dwb_msgs/msg/detail/local_plan_evaluation__struct.h
[7.246s] -- Up-to-date: /home/wheeltec/wheeltec_ros2/install/dwb_msgs/include/dwb_msgs/msg/trajectory2_d.h
[7.247s] -- Up-to-date: /home/wheeltec/wheeltec_ros2/install/dwb_msgs/include/dwb_msgs/msg/rosidl_generator_c__visibility_control.h
[7.247s] -- Up-to-date: /home/wheeltec/wheeltec_ros2/install/dwb_msgs/include/dwb_msgs/msg/critic_score.h
[7.247s] -- Up-to-date: /home/wheeltec/wheeltec_ros2/install/dwb_msgs/include/dwb_msgs/msg/trajectory_score.h
[7.248s] -- Up-to-date: /home/wheeltec/wheeltec_ros2/install/dwb_msgs/include/dwb_msgs/srv
[7.248s] -- Up-to-date: /home/wheeltec/wheeltec_ros2/install/dwb_msgs/include/dwb_msgs/srv/generate_trajectory.h
[7.251s] -- Up-to-date: /home/wheeltec/wheeltec_ros2/install/dwb_msgs/include/dwb_msgs/srv/detail
[7.253s] -- Up-to-date: /home/wheeltec/wheeltec_ros2/install/dwb_msgs/include/dwb_msgs/srv/detail/score_trajectory__struct.h
[7.254s] -- Up-to-date: /home/wheeltec/wheeltec_ros2/install/dwb_msgs/include/dwb_msgs/srv/detail/generate_trajectory__functions.h
[7.255s] -- Up-to-date: /home/wheeltec/wheeltec_ros2/install/dwb_msgs/include/dwb_msgs/srv/detail/get_critic_score__type_support.h
[7.256s] -- Up-to-date: /home/wheeltec/wheeltec_ros2/install/dwb_msgs/include/dwb_msgs/srv/detail/debug_local_plan__functions.c
[7.256s] -- Up-to-date: /home/wheeltec/wheeltec_ros2/install/dwb_msgs/include/dwb_msgs/srv/detail/score_trajectory__functions.h
[7.256s] -- Up-to-date: /home/wheeltec/wheeltec_ros2/install/dwb_msgs/include/dwb_msgs/srv/detail/debug_local_plan__struct.h
[7.257s] -- Up-to-date: /home/wheeltec/wheeltec_ros2/install/dwb_msgs/include/dwb_msgs/srv/detail/generate_twists__type_support.h
[7.257s] -- Up-to-date: /home/wheeltec/wheeltec_ros2/install/dwb_msgs/include/dwb_msgs/srv/detail/debug_local_plan__functions.h
[7.258s] -- Up-to-date: /home/wheeltec/wheeltec_ros2/install/dwb_msgs/include/dwb_msgs/srv/detail/get_critic_score__struct.h
[7.258s] -- Up-to-date: /home/wheeltec/wheeltec_ros2/install/dwb_msgs/include/dwb_msgs/srv/detail/generate_trajectory__struct.h
[7.259s] -- Up-to-date: /home/wheeltec/wheeltec_ros2/install/dwb_msgs/include/dwb_msgs/srv/detail/generate_twists__functions.h
[7.260s] -- Up-to-date: /home/wheeltec/wheeltec_ros2/install/dwb_msgs/include/dwb_msgs/srv/detail/debug_local_plan__type_support.h
[7.261s] -- Up-to-date: /home/wheeltec/wheeltec_ros2/install/dwb_msgs/include/dwb_msgs/srv/detail/get_critic_score__functions.c
[7.262s] -- Up-to-date: /home/wheeltec/wheeltec_ros2/install/dwb_msgs/include/dwb_msgs/srv/detail/generate_trajectory__functions.c
[7.263s] -- Up-to-date: /home/wheeltec/wheeltec_ros2/install/dwb_msgs/include/dwb_msgs/srv/detail/score_trajectory__functions.c
[7.263s] -- Up-to-date: /home/wheeltec/wheeltec_ros2/install/dwb_msgs/include/dwb_msgs/srv/detail/generate_twists__functions.c
[7.263s] -- Up-to-date: /home/wheeltec/wheeltec_ros2/install/dwb_msgs/include/dwb_msgs/srv/detail/generate_trajectory__type_support.h
[7.264s] -- Up-to-date: /home/wheeltec/wheeltec_ros2/install/dwb_msgs/include/dwb_msgs/srv/detail/generate_twists__struct.h
[7.265s] -- Up-to-date: /home/wheeltec/wheeltec_ros2/install/dwb_msgs/include/dwb_msgs/srv/detail/score_trajectory__type_support.h
[7.266s] -- Up-to-date: /home/wheeltec/wheeltec_ros2/install/dwb_msgs/include/dwb_msgs/srv/detail/get_critic_score__functions.h
[7.267s] -- Up-to-date: /home/wheeltec/wheeltec_ros2/install/dwb_msgs/include/dwb_msgs/srv/generate_twists.h
[7.267s] -- Up-to-date: /home/wheeltec/wheeltec_ros2/install/dwb_msgs/include/dwb_msgs/srv/debug_local_plan.h
[7.269s] -- Up-to-date: /home/wheeltec/wheeltec_ros2/install/dwb_msgs/include/dwb_msgs/srv/get_critic_score.h
[7.270s] -- Up-to-date: /home/wheeltec/wheeltec_ros2/install/dwb_msgs/include/dwb_msgs/srv/score_trajectory.h
[7.274s] -- Up-to-date: /home/wheeltec/wheeltec_ros2/install/dwb_msgs/share/dwb_msgs/environment/library_path.sh
[7.275s] -- Up-to-date: /home/wheeltec/wheeltec_ros2/install/dwb_msgs/share/dwb_msgs/environment/library_path.dsv
[7.277s] -- Up-to-date: /home/wheeltec/wheeltec_ros2/install/dwb_msgs/lib/libdwb_msgs__rosidl_generator_c.so
[7.279s] -- Up-to-date: /home/wheeltec/wheeltec_ros2/install/dwb_msgs/include/dwb_msgs
[7.280s] -- Up-to-date: /home/wheeltec/wheeltec_ros2/install/dwb_msgs/include/dwb_msgs/msg
[7.282s] -- Up-to-date: /home/wheeltec/wheeltec_ros2/install/dwb_msgs/include/dwb_msgs/msg/detail
[7.282s] -- Up-to-date: /home/wheeltec/wheeltec_ros2/install/dwb_msgs/include/dwb_msgs/msg/detail/trajectory_score__rosidl_typesupport_fastrtps_c.h
[7.283s] -- Up-to-date: /home/wheeltec/wheeltec_ros2/install/dwb_msgs/include/dwb_msgs/msg/detail/critic_score__rosidl_typesupport_fastrtps_c.h
[7.283s] -- Up-to-date: /home/wheeltec/wheeltec_ros2/install/dwb_msgs/include/dwb_msgs/msg/detail/trajectory2_d__rosidl_typesupport_fastrtps_c.h
[7.284s] -- Up-to-date: /home/wheeltec/wheeltec_ros2/install/dwb_msgs/include/dwb_msgs/msg/detail/local_plan_evaluation__rosidl_typesupport_fastrtps_c.h
[7.284s] -- Up-to-date: /home/wheeltec/wheeltec_ros2/install/dwb_msgs/include/dwb_msgs/msg/rosidl_typesupport_fastrtps_c__visibility_control.h
[7.285s] -- Up-to-date: /home/wheeltec/wheeltec_ros2/install/dwb_msgs/include/dwb_msgs/srv
[7.285s] -- Up-to-date: /home/wheeltec/wheeltec_ros2/install/dwb_msgs/include/dwb_msgs/srv/detail
[7.289s] -- Up-to-date: /home/wheeltec/wheeltec_ros2/install/dwb_msgs/include/dwb_msgs/srv/detail/generate_twists__rosidl_typesupport_fastrtps_c.h
[7.295s] -- Up-to-date: /home/wheeltec/wheeltec_ros2/install/dwb_msgs/include/dwb_msgs/srv/detail/debug_local_plan__rosidl_typesupport_fastrtps_c.h
[7.295s] -- Up-to-date: /home/wheeltec/wheeltec_ros2/install/dwb_msgs/include/dwb_msgs/srv/detail/score_trajectory__rosidl_typesupport_fastrtps_c.h
[7.296s] -- Up-to-date: /home/wheeltec/wheeltec_ros2/install/dwb_msgs/include/dwb_msgs/srv/detail/get_critic_score__rosidl_typesupport_fastrtps_c.h
[7.328s] -- Up-to-date: /home/wheeltec/wheeltec_ros2/install/dwb_msgs/include/dwb_msgs/srv/detail/generate_trajectory__rosidl_typesupport_fastrtps_c.h
[7.333s] -- Up-to-date: /home/wheeltec/wheeltec_ros2/install/dwb_msgs/lib/libdwb_msgs__rosidl_typesupport_fastrtps_c.so
[7.333s] -- Up-to-date: /home/wheeltec/wheeltec_ros2/install/dwb_msgs/include/dwb_msgs
[7.334s] -- Up-to-date: /home/wheeltec/wheeltec_ros2/install/dwb_msgs/include/dwb_msgs/msg
[7.335s] -- Up-to-date: /home/wheeltec/wheeltec_ros2/install/dwb_msgs/include/dwb_msgs/msg/rosidl_typesupport_fastrtps_cpp__visibility_control.h
[7.335s] -- Up-to-date: /home/wheeltec/wheeltec_ros2/install/dwb_msgs/include/dwb_msgs/msg/detail
[7.336s] -- Up-to-date: /home/wheeltec/wheeltec_ros2/install/dwb_msgs/include/dwb_msgs/msg/detail/trajectory_score__rosidl_typesupport_fastrtps_cpp.hpp
[7.336s] -- Up-to-date: /home/wheeltec/wheeltec_ros2/install/dwb_msgs/include/dwb_msgs/msg/detail/local_plan_evaluation__rosidl_typesupport_fastrtps_cpp.hpp
[7.338s] -- Up-to-date: /home/wheeltec/wheeltec_ros2/install/dwb_msgs/include/dwb_msgs/msg/detail/trajectory2_d__rosidl_typesupport_fastrtps_cpp.hpp
[7.338s] -- Up-to-date: /home/wheeltec/wheeltec_ros2/install/dwb_msgs/include/dwb_msgs/msg/detail/dds_fastrtps
[7.339s] -- Up-to-date: /home/wheeltec/wheeltec_ros2/install/dwb_msgs/include/dwb_msgs/msg/detail/critic_score__rosidl_typesupport_fastrtps_cpp.hpp
[7.340s] -- Up-to-date: /home/wheeltec/wheeltec_ros2/install/dwb_msgs/include/dwb_msgs/srv
[7.340s] -- Up-to-date: /home/wheeltec/wheeltec_ros2/install/dwb_msgs/include/dwb_msgs/srv/detail
[7.342s] -- Up-to-date: /home/wheeltec/wheeltec_ros2/install/dwb_msgs/include/dwb_msgs/srv/detail/score_trajectory__rosidl_typesupport_fastrtps_cpp.hpp
[7.342s] -- Up-to-date: /home/wheeltec/wheeltec_ros2/install/dwb_msgs/include/dwb_msgs/srv/detail/get_critic_score__rosidl_typesupport_fastrtps_cpp.hpp
[7.346s] -- Up-to-date: /home/wheeltec/wheeltec_ros2/install/dwb_msgs/include/dwb_msgs/srv/detail/dds_fastrtps
[7.347s] -- Up-to-date: /home/wheeltec/wheeltec_ros2/install/dwb_msgs/include/dwb_msgs/srv/detail/debug_local_plan__rosidl_typesupport_fastrtps_cpp.hpp
[7.348s] -- Up-to-date: /home/wheeltec/wheeltec_ros2/install/dwb_msgs/include/dwb_msgs/srv/detail/generate_trajectory__rosidl_typesupport_fastrtps_cpp.hpp
[7.358s] -- Up-to-date: /home/wheeltec/wheeltec_ros2/install/dwb_msgs/include/dwb_msgs/srv/detail/generate_twists__rosidl_typesupport_fastrtps_cpp.hpp
[7.359s] -- Up-to-date: /home/wheeltec/wheeltec_ros2/install/dwb_msgs/lib/libdwb_msgs__rosidl_typesupport_fastrtps_cpp.so
[7.359s] -- Up-to-date: /home/wheeltec/wheeltec_ros2/install/dwb_msgs/include/dwb_msgs
[7.360s] -- Up-to-date: /home/wheeltec/wheeltec_ros2/install/dwb_msgs/include/dwb_msgs/msg
[7.360s] -- Up-to-date: /home/wheeltec/wheeltec_ros2/install/dwb_msgs/include/dwb_msgs/msg/detail
[7.360s] -- Up-to-date: /home/wheeltec/wheeltec_ros2/install/dwb_msgs/include/dwb_msgs/msg/detail/local_plan_evaluation__type_support.c
[7.381s] -- Up-to-date: /home/wheeltec/wheeltec_ros2/install/dwb_msgs/include/dwb_msgs/msg/detail/trajectory_score__rosidl_typesupport_introspection_c.h
[7.381s] -- Up-to-date: /home/wheeltec/wheeltec_ros2/install/dwb_msgs/include/dwb_msgs/msg/detail/local_plan_evaluation__rosidl_typesupport_introspection_c.h
[7.382s] -- Up-to-date: /home/wheeltec/wheeltec_ros2/install/dwb_msgs/include/dwb_msgs/msg/detail/critic_score__type_support.c
[7.383s] -- Up-to-date: /home/wheeltec/wheeltec_ros2/install/dwb_msgs/include/dwb_msgs/msg/detail/trajectory2_d__rosidl_typesupport_introspection_c.h
[7.383s] -- Up-to-date: /home/wheeltec/wheeltec_ros2/install/dwb_msgs/include/dwb_msgs/msg/detail/trajectory_score__type_support.c
[7.384s] -- Up-to-date: /home/wheeltec/wheeltec_ros2/install/dwb_msgs/include/dwb_msgs/msg/detail/trajectory2_d__type_support.c
[7.385s] -- Up-to-date: /home/wheeltec/wheeltec_ros2/install/dwb_msgs/include/dwb_msgs/msg/detail/critic_score__rosidl_typesupport_introspection_c.h
[7.386s] -- Up-to-date: /home/wheeltec/wheeltec_ros2/install/dwb_msgs/include/dwb_msgs/msg/rosidl_typesupport_introspection_c__visibility_control.h
[7.387s] -- Up-to-date: /home/wheeltec/wheeltec_ros2/install/dwb_msgs/include/dwb_msgs/srv
[7.399s] -- Up-to-date: /home/wheeltec/wheeltec_ros2/install/dwb_msgs/include/dwb_msgs/srv/detail
[7.400s] -- Up-to-date: /home/wheeltec/wheeltec_ros2/install/dwb_msgs/include/dwb_msgs/srv/detail/get_critic_score__type_support.c
[7.401s] -- Up-to-date: /home/wheeltec/wheeltec_ros2/install/dwb_msgs/include/dwb_msgs/srv/detail/debug_local_plan__rosidl_typesupport_introspection_c.h
[7.403s] -- Up-to-date: /home/wheeltec/wheeltec_ros2/install/dwb_msgs/include/dwb_msgs/srv/detail/generate_twists__type_support.c
[7.404s] -- Up-to-date: /home/wheeltec/wheeltec_ros2/install/dwb_msgs/include/dwb_msgs/srv/detail/score_trajectory__rosidl_typesupport_introspection_c.h
[7.418s] -- Up-to-date: /home/wheeltec/wheeltec_ros2/install/dwb_msgs/include/dwb_msgs/srv/detail/debug_local_plan__type_support.c
[7.419s] -- Up-to-date: /home/wheeltec/wheeltec_ros2/install/dwb_msgs/include/dwb_msgs/srv/detail/get_critic_score__rosidl_typesupport_introspection_c.h
[7.420s] -- Up-to-date: /home/wheeltec/wheeltec_ros2/install/dwb_msgs/include/dwb_msgs/srv/detail/generate_trajectory__type_support.c
[7.420s] -- Up-to-date: /home/wheeltec/wheeltec_ros2/install/dwb_msgs/include/dwb_msgs/srv/detail/generate_trajectory__rosidl_typesupport_introspection_c.h
[7.421s] -- Up-to-date: /home/wheeltec/wheeltec_ros2/install/dwb_msgs/include/dwb_msgs/srv/detail/generate_twists__rosidl_typesupport_introspection_c.h
[7.421s] -- Up-to-date: /home/wheeltec/wheeltec_ros2/install/dwb_msgs/include/dwb_msgs/srv/detail/score_trajectory__type_support.c
[7.422s] -- Up-to-date: /home/wheeltec/wheeltec_ros2/install/dwb_msgs/lib/libdwb_msgs__rosidl_typesupport_introspection_c.so
[7.422s] -- Up-to-date: /home/wheeltec/wheeltec_ros2/install/dwb_msgs/lib/libdwb_msgs__rosidl_typesupport_c.so
[7.423s] -- Up-to-date: /home/wheeltec/wheeltec_ros2/install/dwb_msgs/include/dwb_msgs
[7.424s] -- Up-to-date: /home/wheeltec/wheeltec_ros2/install/dwb_msgs/include/dwb_msgs/msg
[7.424s] -- Up-to-date: /home/wheeltec/wheeltec_ros2/install/dwb_msgs/include/dwb_msgs/msg/trajectory_score.hpp
[7.424s] -- Up-to-date: /home/wheeltec/wheeltec_ros2/install/dwb_msgs/include/dwb_msgs/msg/detail
[7.425s] -- Up-to-date: /home/wheeltec/wheeltec_ros2/install/dwb_msgs/include/dwb_msgs/msg/detail/critic_score__traits.hpp
[7.425s] -- Up-to-date: /home/wheeltec/wheeltec_ros2/install/dwb_msgs/include/dwb_msgs/msg/detail/trajectory_score__builder.hpp
[7.426s] -- Up-to-date: /home/wheeltec/wheeltec_ros2/install/dwb_msgs/include/dwb_msgs/msg/detail/local_plan_evaluation__struct.hpp
[7.426s] -- Up-to-date: /home/wheeltec/wheeltec_ros2/install/dwb_msgs/include/dwb_msgs/msg/detail/trajectory2_d__builder.hpp
[7.427s] -- Up-to-date: /home/wheeltec/wheeltec_ros2/install/dwb_msgs/include/dwb_msgs/msg/detail/trajectory2_d__struct.hpp
[7.427s] -- Up-to-date: /home/wheeltec/wheeltec_ros2/install/dwb_msgs/include/dwb_msgs/msg/detail/trajectory2_d__traits.hpp
[7.428s] -- Up-to-date: /home/wheeltec/wheeltec_ros2/install/dwb_msgs/include/dwb_msgs/msg/detail/critic_score__builder.hpp
[7.429s] -- Up-to-date: /home/wheeltec/wheeltec_ros2/install/dwb_msgs/include/dwb_msgs/msg/detail/local_plan_evaluation__builder.hpp
[7.429s] -- Up-to-date: /home/wheeltec/wheeltec_ros2/install/dwb_msgs/include/dwb_msgs/msg/detail/local_plan_evaluation__traits.hpp
[7.433s] -- Up-to-date: /home/wheeltec/wheeltec_ros2/install/dwb_msgs/include/dwb_msgs/msg/detail/trajectory_score__struct.hpp
[7.434s] -- Up-to-date: /home/wheeltec/wheeltec_ros2/install/dwb_msgs/include/dwb_msgs/msg/detail/critic_score__struct.hpp
[7.438s] -- Up-to-date: /home/wheeltec/wheeltec_ros2/install/dwb_msgs/include/dwb_msgs/msg/detail/trajectory_score__traits.hpp
[7.456s] -- Up-to-date: /home/wheeltec/wheeltec_ros2/install/dwb_msgs/include/dwb_msgs/msg/trajectory2_d.hpp
[7.457s] -- Up-to-date: /home/wheeltec/wheeltec_ros2/install/dwb_msgs/include/dwb_msgs/msg/critic_score.hpp
[7.458s] -- Up-to-date: /home/wheeltec/wheeltec_ros2/install/dwb_msgs/include/dwb_msgs/msg/local_plan_evaluation.hpp
[7.458s] -- Up-to-date: /home/wheeltec/wheeltec_ros2/install/dwb_msgs/include/dwb_msgs/srv
[7.458s] -- Up-to-date: /home/wheeltec/wheeltec_ros2/install/dwb_msgs/include/dwb_msgs/srv/generate_twists.hpp
[7.459s] -- Up-to-date: /home/wheeltec/wheeltec_ros2/install/dwb_msgs/include/dwb_msgs/srv/detail
[7.459s] -- Up-to-date: /home/wheeltec/wheeltec_ros2/install/dwb_msgs/include/dwb_msgs/srv/detail/debug_local_plan__traits.hpp
[7.459s] -- Up-to-date: /home/wheeltec/wheeltec_ros2/install/dwb_msgs/include/dwb_msgs/srv/detail/get_critic_score__struct.hpp
[7.460s] -- Up-to-date: /home/wheeltec/wheeltec_ros2/install/dwb_msgs/include/dwb_msgs/srv/detail/generate_trajectory__builder.hpp
[7.460s] -- Up-to-date: /home/wheeltec/wheeltec_ros2/install/dwb_msgs/include/dwb_msgs/srv/detail/get_critic_score__traits.hpp
[7.460s] -- Up-to-date: /home/wheeltec/wheeltec_ros2/install/dwb_msgs/include/dwb_msgs/srv/detail/score_trajectory__struct.hpp
[7.461s] -- Up-to-date: /home/wheeltec/wheeltec_ros2/install/dwb_msgs/include/dwb_msgs/srv/detail/score_trajectory__traits.hpp
[7.461s] -- Up-to-date: /home/wheeltec/wheeltec_ros2/install/dwb_msgs/include/dwb_msgs/srv/detail/score_trajectory__builder.hpp
[7.462s] -- Up-to-date: /home/wheeltec/wheeltec_ros2/install/dwb_msgs/include/dwb_msgs/srv/detail/generate_twists__traits.hpp
[7.482s] -- Up-to-date: /home/wheeltec/wheeltec_ros2/install/dwb_msgs/include/dwb_msgs/srv/detail/debug_local_plan__builder.hpp
[7.482s] -- Up-to-date: /home/wheeltec/wheeltec_ros2/install/dwb_msgs/include/dwb_msgs/srv/detail/generate_trajectory__traits.hpp
[7.483s] -- Up-to-date: /home/wheeltec/wheeltec_ros2/install/dwb_msgs/include/dwb_msgs/srv/detail/generate_trajectory__struct.hpp
[7.483s] -- Up-to-date: /home/wheeltec/wheeltec_ros2/install/dwb_msgs/include/dwb_msgs/srv/detail/get_critic_score__builder.hpp
[7.484s] -- Up-to-date: /home/wheeltec/wheeltec_ros2/install/dwb_msgs/include/dwb_msgs/srv/detail/debug_local_plan__struct.hpp
[7.484s] -- Up-to-date: /home/wheeltec/wheeltec_ros2/install/dwb_msgs/include/dwb_msgs/srv/detail/generate_twists__builder.hpp
[7.485s] -- Up-to-date: /home/wheeltec/wheeltec_ros2/install/dwb_msgs/include/dwb_msgs/srv/detail/generate_twists__struct.hpp
[7.485s] -- Up-to-date: /home/wheeltec/wheeltec_ros2/install/dwb_msgs/include/dwb_msgs/srv/get_critic_score.hpp
[7.485s] -- Up-to-date: /home/wheeltec/wheeltec_ros2/install/dwb_msgs/include/dwb_msgs/srv/debug_local_plan.hpp
[7.486s] -- Up-to-date: /home/wheeltec/wheeltec_ros2/install/dwb_msgs/include/dwb_msgs/srv/generate_trajectory.hpp
[7.486s] -- Up-to-date: /home/wheeltec/wheeltec_ros2/install/dwb_msgs/include/dwb_msgs/srv/score_trajectory.hpp
[7.487s] -- Up-to-date: /home/wheeltec/wheeltec_ros2/install/dwb_msgs/include/dwb_msgs
[7.487s] -- Up-to-date: /home/wheeltec/wheeltec_ros2/install/dwb_msgs/include/dwb_msgs/msg
[7.487s] -- Up-to-date: /home/wheeltec/wheeltec_ros2/install/dwb_msgs/include/dwb_msgs/msg/detail
[7.488s] -- Up-to-date: /home/wheeltec/wheeltec_ros2/install/dwb_msgs/include/dwb_msgs/msg/detail/trajectory2_d__rosidl_typesupport_introspection_cpp.hpp
[7.488s] -- Up-to-date: /home/wheeltec/wheeltec_ros2/install/dwb_msgs/include/dwb_msgs/msg/detail/trajectory2_d__type_support.cpp
[7.498s] -- Up-to-date: /home/wheeltec/wheeltec_ros2/install/dwb_msgs/include/dwb_msgs/msg/detail/local_plan_evaluation__type_support.cpp
[7.498s] -- Up-to-date: /home/wheeltec/wheeltec_ros2/install/dwb_msgs/include/dwb_msgs/msg/detail/trajectory_score__rosidl_typesupport_introspection_cpp.hpp
[7.499s] -- Up-to-date: /home/wheeltec/wheeltec_ros2/install/dwb_msgs/include/dwb_msgs/msg/detail/critic_score__type_support.cpp
[7.499s] -- Up-to-date: /home/wheeltec/wheeltec_ros2/install/dwb_msgs/include/dwb_msgs/msg/detail/trajectory_score__type_support.cpp
[7.499s] -- Up-to-date: /home/wheeltec/wheeltec_ros2/install/dwb_msgs/include/dwb_msgs/msg/detail/critic_score__rosidl_typesupport_introspection_cpp.hpp
[7.500s] -- Up-to-date: /home/wheeltec/wheeltec_ros2/install/dwb_msgs/include/dwb_msgs/msg/detail/local_plan_evaluation__rosidl_typesupport_introspection_cpp.hpp
[7.500s] -- Up-to-date: /home/wheeltec/wheeltec_ros2/install/dwb_msgs/include/dwb_msgs/srv
[7.501s] -- Up-to-date: /home/wheeltec/wheeltec_ros2/install/dwb_msgs/include/dwb_msgs/srv/detail
[7.519s] -- Up-to-date: /home/wheeltec/wheeltec_ros2/install/dwb_msgs/include/dwb_msgs/srv/detail/get_critic_score__type_support.cpp
[7.520s] -- Up-to-date: /home/wheeltec/wheeltec_ros2/install/dwb_msgs/include/dwb_msgs/srv/detail/score_trajectory__rosidl_typesupport_introspection_cpp.hpp
[7.526s] -- Up-to-date: /home/wheeltec/wheeltec_ros2/install/dwb_msgs/include/dwb_msgs/srv/detail/generate_trajectory__rosidl_typesupport_introspection_cpp.hpp
[7.527s] -- Up-to-date: /home/wheeltec/wheeltec_ros2/install/dwb_msgs/include/dwb_msgs/srv/detail/score_trajectory__type_support.cpp
[7.527s] -- Up-to-date: /home/wheeltec/wheeltec_ros2/install/dwb_msgs/include/dwb_msgs/srv/detail/debug_local_plan__type_support.cpp
[7.528s] -- Up-to-date: /home/wheeltec/wheeltec_ros2/install/dwb_msgs/include/dwb_msgs/srv/detail/debug_local_plan__rosidl_typesupport_introspection_cpp.hpp
[7.528s] -- Up-to-date: /home/wheeltec/wheeltec_ros2/install/dwb_msgs/include/dwb_msgs/srv/detail/get_critic_score__rosidl_typesupport_introspection_cpp.hpp
[7.529s] -- Up-to-date: /home/wheeltec/wheeltec_ros2/install/dwb_msgs/include/dwb_msgs/srv/detail/generate_twists__type_support.cpp
[7.529s] -- Up-to-date: /home/wheeltec/wheeltec_ros2/install/dwb_msgs/include/dwb_msgs/srv/detail/generate_twists__rosidl_typesupport_introspection_cpp.hpp
[7.530s] -- Up-to-date: /home/wheeltec/wheeltec_ros2/install/dwb_msgs/include/dwb_msgs/srv/detail/generate_trajectory__type_support.cpp
[7.530s] -- Up-to-date: /home/wheeltec/wheeltec_ros2/install/dwb_msgs/lib/libdwb_msgs__rosidl_typesupport_introspection_cpp.so
[7.531s] -- Up-to-date: /home/wheeltec/wheeltec_ros2/install/dwb_msgs/lib/libdwb_msgs__rosidl_typesupport_cpp.so
[7.531s] -- Up-to-date: /home/wheeltec/wheeltec_ros2/install/dwb_msgs/share/dwb_msgs/environment/pythonpath.sh
[7.531s] -- Up-to-date: /home/wheeltec/wheeltec_ros2/install/dwb_msgs/share/dwb_msgs/environment/pythonpath.dsv
[7.532s] -- Up-to-date: /home/wheeltec/wheeltec_ros2/install/dwb_msgs/lib/python3.8/site-packages/dwb_msgs/__init__.py
[7.545s] -- Up-to-date: /home/wheeltec/wheeltec_ros2/install/dwb_msgs/lib/python3.8/site-packages/dwb_msgs/msg
[7.551s] -- Up-to-date: /home/wheeltec/wheeltec_ros2/install/dwb_msgs/lib/python3.8/site-packages/dwb_msgs/msg/__init__.py
[7.553s] -- Up-to-date: /home/wheeltec/wheeltec_ros2/install/dwb_msgs/lib/python3.8/site-packages/dwb_msgs/msg/_trajectory_score.py
[7.557s] -- Up-to-date: /home/wheeltec/wheeltec_ros2/install/dwb_msgs/lib/python3.8/site-packages/dwb_msgs/msg/_critic_score.py
[7.566s] -- Up-to-date: /home/wheeltec/wheeltec_ros2/install/dwb_msgs/lib/python3.8/site-packages/dwb_msgs/msg/_critic_score_s.c
[7.567s] -- Up-to-date: /home/wheeltec/wheeltec_ros2/install/dwb_msgs/lib/python3.8/site-packages/dwb_msgs/msg/_trajectory2_d_s.c
[7.568s] -- Up-to-date: /home/wheeltec/wheeltec_ros2/install/dwb_msgs/lib/python3.8/site-packages/dwb_msgs/msg/_local_plan_evaluation.py
[7.569s] -- Up-to-date: /home/wheeltec/wheeltec_ros2/install/dwb_msgs/lib/python3.8/site-packages/dwb_msgs/msg/_trajectory_score_s.c
[7.570s] -- Up-to-date: /home/wheeltec/wheeltec_ros2/install/dwb_msgs/lib/python3.8/site-packages/dwb_msgs/msg/_trajectory2_d.py
[7.577s] -- Up-to-date: /home/wheeltec/wheeltec_ros2/install/dwb_msgs/lib/python3.8/site-packages/dwb_msgs/msg/_local_plan_evaluation_s.c
[7.581s] -- Up-to-date: /home/wheeltec/wheeltec_ros2/install/dwb_msgs/lib/python3.8/site-packages/dwb_msgs/srv
[7.582s] -- Up-to-date: /home/wheeltec/wheeltec_ros2/install/dwb_msgs/lib/python3.8/site-packages/dwb_msgs/srv/__init__.py
[7.583s] -- Up-to-date: /home/wheeltec/wheeltec_ros2/install/dwb_msgs/lib/python3.8/site-packages/dwb_msgs/srv/_score_trajectory.py
[7.583s] -- Up-to-date: /home/wheeltec/wheeltec_ros2/install/dwb_msgs/lib/python3.8/site-packages/dwb_msgs/srv/_score_trajectory_s.c
[7.584s] -- Up-to-date: /home/wheeltec/wheeltec_ros2/install/dwb_msgs/lib/python3.8/site-packages/dwb_msgs/srv/_generate_twists.py
[7.584s] -- Up-to-date: /home/wheeltec/wheeltec_ros2/install/dwb_msgs/lib/python3.8/site-packages/dwb_msgs/srv/_generate_trajectory_s.c
[7.584s] -- Up-to-date: /home/wheeltec/wheeltec_ros2/install/dwb_msgs/lib/python3.8/site-packages/dwb_msgs/srv/_get_critic_score.py
[7.585s] -- Up-to-date: /home/wheeltec/wheeltec_ros2/install/dwb_msgs/lib/python3.8/site-packages/dwb_msgs/srv/_debug_local_plan.py
[7.585s] -- Up-to-date: /home/wheeltec/wheeltec_ros2/install/dwb_msgs/lib/python3.8/site-packages/dwb_msgs/srv/_generate_trajectory.py
[7.586s] -- Up-to-date: /home/wheeltec/wheeltec_ros2/install/dwb_msgs/lib/python3.8/site-packages/dwb_msgs/srv/_get_critic_score_s.c
[7.586s] -- Up-to-date: /home/wheeltec/wheeltec_ros2/install/dwb_msgs/lib/python3.8/site-packages/dwb_msgs/srv/_debug_local_plan_s.c
[7.586s] -- Up-to-date: /home/wheeltec/wheeltec_ros2/install/dwb_msgs/lib/python3.8/site-packages/dwb_msgs/srv/_generate_twists_s.c
[7.587s] -- Up-to-date: /home/wheeltec/wheeltec_ros2/install/dwb_msgs/lib/python3.8/site-packages/dwb_msgs/dwb_msgs_s__rosidl_typesupport_fastrtps_c.cpython-38-aarch64-linux-gnu.so
[7.587s] -- Up-to-date: /home/wheeltec/wheeltec_ros2/install/dwb_msgs/lib/python3.8/site-packages/dwb_msgs/dwb_msgs_s__rosidl_typesupport_introspection_c.cpython-38-aarch64-linux-gnu.so
[7.587s] -- Up-to-date: /home/wheeltec/wheeltec_ros2/install/dwb_msgs/lib/python3.8/site-packages/dwb_msgs/dwb_msgs_s__rosidl_typesupport_c.cpython-38-aarch64-linux-gnu.so
[7.588s] -- Up-to-date: /home/wheeltec/wheeltec_ros2/install/dwb_msgs/lib/libdwb_msgs__python.so
[7.588s] -- Up-to-date: /home/wheeltec/wheeltec_ros2/install/dwb_msgs/share/dwb_msgs/msg/CriticScore.idl
[7.588s] -- Up-to-date: /home/wheeltec/wheeltec_ros2/install/dwb_msgs/share/dwb_msgs/msg/LocalPlanEvaluation.idl
[7.596s] -- Up-to-date: /home/wheeltec/wheeltec_ros2/install/dwb_msgs/share/dwb_msgs/msg/Trajectory2D.idl
[7.597s] -- Up-to-date: /home/wheeltec/wheeltec_ros2/install/dwb_msgs/share/dwb_msgs/msg/TrajectoryScore.idl
[7.597s] -- Up-to-date: /home/wheeltec/wheeltec_ros2/install/dwb_msgs/share/dwb_msgs/srv/DebugLocalPlan.idl
[7.598s] -- Up-to-date: /home/wheeltec/wheeltec_ros2/install/dwb_msgs/share/dwb_msgs/srv/GenerateTrajectory.idl
[7.599s] -- Up-to-date: /home/wheeltec/wheeltec_ros2/install/dwb_msgs/share/dwb_msgs/srv/GenerateTwists.idl
[7.599s] -- Up-to-date: /home/wheeltec/wheeltec_ros2/install/dwb_msgs/share/dwb_msgs/srv/GetCriticScore.idl
[7.599s] -- Up-to-date: /home/wheeltec/wheeltec_ros2/install/dwb_msgs/share/dwb_msgs/srv/ScoreTrajectory.idl
[7.600s] -- Up-to-date: /home/wheeltec/wheeltec_ros2/install/dwb_msgs/share/dwb_msgs/msg/CriticScore.msg
[7.600s] -- Up-to-date: /home/wheeltec/wheeltec_ros2/install/dwb_msgs/share/dwb_msgs/msg/LocalPlanEvaluation.msg
[7.600s] -- Up-to-date: /home/wheeltec/wheeltec_ros2/install/dwb_msgs/share/dwb_msgs/msg/Trajectory2D.msg
[7.612s] -- Up-to-date: /home/wheeltec/wheeltec_ros2/install/dwb_msgs/share/dwb_msgs/msg/TrajectoryScore.msg
[7.613s] -- Up-to-date: /home/wheeltec/wheeltec_ros2/install/dwb_msgs/share/dwb_msgs/srv/DebugLocalPlan.srv
[7.613s] -- Up-to-date: /home/wheeltec/wheeltec_ros2/install/dwb_msgs/share/dwb_msgs/srv/DebugLocalPlan_Request.msg
[7.614s] -- Up-to-date: /home/wheeltec/wheeltec_ros2/install/dwb_msgs/share/dwb_msgs/srv/DebugLocalPlan_Response.msg
[7.615s] -- Up-to-date: /home/wheeltec/wheeltec_ros2/install/dwb_msgs/share/dwb_msgs/srv/GenerateTrajectory.srv
[7.615s] -- Up-to-date: /home/wheeltec/wheeltec_ros2/install/dwb_msgs/share/dwb_msgs/srv/GenerateTrajectory_Request.msg
[7.616s] -- Up-to-date: /home/wheeltec/wheeltec_ros2/install/dwb_msgs/share/dwb_msgs/srv/GenerateTrajectory_Response.msg
[7.616s] -- Up-to-date: /home/wheeltec/wheeltec_ros2/install/dwb_msgs/share/dwb_msgs/srv/GenerateTwists.srv
[7.616s] -- Up-to-date: /home/wheeltec/wheeltec_ros2/install/dwb_msgs/share/dwb_msgs/srv/GenerateTwists_Request.msg
[7.617s] -- Up-to-date: /home/wheeltec/wheeltec_ros2/install/dwb_msgs/share/dwb_msgs/srv/GenerateTwists_Response.msg
[7.617s] -- Up-to-date: /home/wheeltec/wheeltec_ros2/install/dwb_msgs/share/dwb_msgs/srv/GetCriticScore.srv
[7.618s] -- Up-to-date: /home/wheeltec/wheeltec_ros2/install/dwb_msgs/share/dwb_msgs/srv/GetCriticScore_Request.msg
[7.618s] -- Up-to-date: /home/wheeltec/wheeltec_ros2/install/dwb_msgs/share/dwb_msgs/srv/GetCriticScore_Response.msg
[7.619s] -- Up-to-date: /home/wheeltec/wheeltec_ros2/install/dwb_msgs/share/dwb_msgs/srv/ScoreTrajectory.srv
[7.619s] -- Up-to-date: /home/wheeltec/wheeltec_ros2/install/dwb_msgs/share/dwb_msgs/srv/ScoreTrajectory_Request.msg
[7.620s] -- Up-to-date: /home/wheeltec/wheeltec_ros2/install/dwb_msgs/share/dwb_msgs/srv/ScoreTrajectory_Response.msg
[7.620s] -- Up-to-date: /home/wheeltec/wheeltec_ros2/install/dwb_msgs/share/ament_index/resource_index/package_run_dependencies/dwb_msgs
[7.621s] -- Up-to-date: /home/wheeltec/wheeltec_ros2/install/dwb_msgs/share/ament_index/resource_index/parent_prefix_path/dwb_msgs
[7.622s] -- Up-to-date: /home/wheeltec/wheeltec_ros2/install/dwb_msgs/share/dwb_msgs/environment/ament_prefix_path.sh
[7.622s] -- Up-to-date: /home/wheeltec/wheeltec_ros2/install/dwb_msgs/share/dwb_msgs/environment/ament_prefix_path.dsv
[7.623s] -- Up-to-date: /home/wheeltec/wheeltec_ros2/install/dwb_msgs/share/dwb_msgs/environment/path.sh
[7.623s] -- Up-to-date: /home/wheeltec/wheeltec_ros2/install/dwb_msgs/share/dwb_msgs/environment/path.dsv
[7.624s] -- Up-to-date: /home/wheeltec/wheeltec_ros2/install/dwb_msgs/share/dwb_msgs/local_setup.bash
[7.624s] -- Up-to-date: /home/wheeltec/wheeltec_ros2/install/dwb_msgs/share/dwb_msgs/local_setup.sh
[7.625s] -- Up-to-date: /home/wheeltec/wheeltec_ros2/install/dwb_msgs/share/dwb_msgs/local_setup.zsh
[7.625s] -- Up-to-date: /home/wheeltec/wheeltec_ros2/install/dwb_msgs/share/dwb_msgs/local_setup.dsv
[7.626s] -- Installing: /home/wheeltec/wheeltec_ros2/install/dwb_msgs/share/dwb_msgs/package.dsv
[7.626s] -- Up-to-date: /home/wheeltec/wheeltec_ros2/install/dwb_msgs/share/ament_index/resource_index/packages/dwb_msgs
[7.626s] -- Up-to-date: /home/wheeltec/wheeltec_ros2/install/dwb_msgs/share/dwb_msgs/cmake/dwb_msgs__rosidl_generator_cExport.cmake
[7.627s] -- Up-to-date: /home/wheeltec/wheeltec_ros2/install/dwb_msgs/share/dwb_msgs/cmake/dwb_msgs__rosidl_generator_cExport-noconfig.cmake
[7.627s] -- Up-to-date: /home/wheeltec/wheeltec_ros2/install/dwb_msgs/share/dwb_msgs/cmake/dwb_msgs__rosidl_typesupport_introspection_cExport.cmake
[7.628s] -- Up-to-date: /home/wheeltec/wheeltec_ros2/install/dwb_msgs/share/dwb_msgs/cmake/dwb_msgs__rosidl_typesupport_introspection_cExport-noconfig.cmake
[7.628s] -- Up-to-date: /home/wheeltec/wheeltec_ros2/install/dwb_msgs/share/dwb_msgs/cmake/dwb_msgs__rosidl_typesupport_cExport.cmake
[7.629s] -- Up-to-date: /home/wheeltec/wheeltec_ros2/install/dwb_msgs/share/dwb_msgs/cmake/dwb_msgs__rosidl_typesupport_cExport-noconfig.cmake
[7.630s] -- Up-to-date: /home/wheeltec/wheeltec_ros2/install/dwb_msgs/share/dwb_msgs/cmake/dwb_msgs__rosidl_generator_cppExport.cmake
[7.630s] -- Up-to-date: /home/wheeltec/wheeltec_ros2/install/dwb_msgs/share/dwb_msgs/cmake/dwb_msgs__rosidl_typesupport_introspection_cppExport.cmake
[7.631s] -- Up-to-date: /home/wheeltec/wheeltec_ros2/install/dwb_msgs/share/dwb_msgs/cmake/dwb_msgs__rosidl_typesupport_introspection_cppExport-noconfig.cmake
[7.637s] -- Up-to-date: /home/wheeltec/wheeltec_ros2/install/dwb_msgs/share/dwb_msgs/cmake/dwb_msgs__rosidl_typesupport_cppExport.cmake
[7.637s] -- Up-to-date: /home/wheeltec/wheeltec_ros2/install/dwb_msgs/share/dwb_msgs/cmake/dwb_msgs__rosidl_typesupport_cppExport-noconfig.cmake
[7.638s] -- Up-to-date: /home/wheeltec/wheeltec_ros2/install/dwb_msgs/share/dwb_msgs/cmake/rosidl_cmake-extras.cmake
[7.638s] -- Up-to-date: /home/wheeltec/wheeltec_ros2/install/dwb_msgs/share/dwb_msgs/cmake/ament_cmake_export_dependencies-extras.cmake
[7.639s] -- Up-to-date: /home/wheeltec/wheeltec_ros2/install/dwb_msgs/share/dwb_msgs/cmake/ament_cmake_export_libraries-extras.cmake
[7.639s] -- Up-to-date: /home/wheeltec/wheeltec_ros2/install/dwb_msgs/share/dwb_msgs/cmake/ament_cmake_export_targets-extras.cmake
[7.639s] -- Up-to-date: /home/wheeltec/wheeltec_ros2/install/dwb_msgs/share/dwb_msgs/cmake/ament_cmake_export_include_directories-extras.cmake
[7.640s] -- Up-to-date: /home/wheeltec/wheeltec_ros2/install/dwb_msgs/share/dwb_msgs/cmake/rosidl_cmake_export_typesupport_libraries-extras.cmake
[7.640s] -- Up-to-date: /home/wheeltec/wheeltec_ros2/install/dwb_msgs/share/dwb_msgs/cmake/rosidl_cmake_export_typesupport_targets-extras.cmake
[7.641s] -- Up-to-date: /home/wheeltec/wheeltec_ros2/install/dwb_msgs/share/dwb_msgs/cmake/dwb_msgsConfig.cmake
[7.649s] -- Up-to-date: /home/wheeltec/wheeltec_ros2/install/dwb_msgs/share/dwb_msgs/cmake/dwb_msgsConfig-version.cmake
[7.650s] -- Up-to-date: /home/wheeltec/wheeltec_ros2/install/dwb_msgs/share/dwb_msgs/package.xml
[7.665s] Invoked command in '/home/wheeltec/wheeltec_ros2/build/dwb_msgs' returned '0': CMAKE_PREFIX_PATH=/home/wheeltec/wheeltec_ros2/install/nav_2d_msgs:/home/wheeltec/wheeltec_ros2/install/wheeltec_slam_toolbox:/home/wheeltec/wheeltec_ros2/install/wheeltec_rrt_msg:/home/wheeltec/wheeltec_ros2/install/wheeltec_robot_urdf:/home/wheeltec/wheeltec_ros2/install/wheeltec_robot_rtab:/home/wheeltec/wheeltec_ros2/install/wheeltec_robot_rrt:/home/wheeltec/wheeltec_ros2/install/turn_on_wheeltec_robot:/home/wheeltec/wheeltec_ros2/install/wheeltec_robot_msg:/home/wheeltec/wheeltec_ros2/install/wheeltec_nav2:/home/wheeltec/wheeltec_ros2/install/wheeltec_joy:/home/wheeltec/wheeltec_ros2/install/wheeltec_cartographer:/home/wheeltec/wheeltec_ros2/install/web_video_server:/home/wheeltec/wheeltec_ros2/install/usb_cam:/home/wheeltec/wheeltec_ros2/install/slam_gmapping:/home/wheeltec/wheeltec_ros2/install/serial:/home/wheeltec/wheeltec_ros2/install/rplidar_ros2:/home/wheeltec/wheeltec_ros2/install/ros2_astra_camera:/home/wheeltec/wheeltec_ros2/install/ar_track_alvar:/home/wheeltec/wheeltec_ros2/install/perception_pcl:/home/wheeltec/wheeltec_ros2/install/pcl_ros:/home/wheeltec/wheeltec_ros2/install/lslidar_driver:/home/wheeltec/wheeltec_ros2/install/pcl_conversions:/home/wheeltec/wheeltec_ros2/install/openslam_gmapping:/home/wheeltec/wheeltec_ros2/install/nav2_system_tests:/home/wheeltec/wheeltec_ros2/install/nav2_bringup:/home/wheeltec/wheeltec_ros2/install/navigation2:/home/wheeltec/wheeltec_ros2/install/nav2_dwb_controller:/home/wheeltec/wheeltec_ros2/install/nav2_controller:/home/wheeltec/wheeltec_ros2/install/dwb_plugins:/home/wheeltec/wheeltec_ros2/install/dwb_critics:/home/wheeltec/wheeltec_ros2/install/dwb_core:/home/wheeltec/wheeltec_ros2/install/nav_2d_utils:/home/wheeltec/wheeltec_ros2/install/dwb_msgs:/home/wheeltec/wheeltec_ros2/install/nav2_waypoint_follower:/home/wheeltec/wheeltec_ros2/install/nav2_theta_star_planner:/home/wheeltec/wheeltec_ros2/install/nav2_smac_planner:/home/wheeltec/wheeltec_ros2/install/nav2_rotation_shim_controller:/home/wheeltec/wheeltec_ros2/install/nav2_regulated_pure_pursuit_controller:/home/wheeltec/wheeltec_ros2/install/nav2_recoveries:/home/wheeltec/wheeltec_ros2/install/nav2_planner:/home/wheeltec/wheeltec_ros2/install/nav2_navfn_planner:/home/wheeltec/wheeltec_ros2/install/nav2_bt_navigator:/home/wheeltec/wheeltec_ros2/install/nav2_core:/home/wheeltec/wheeltec_ros2/install/costmap_queue:/home/wheeltec/wheeltec_ros2/install/nav2_costmap_2d:/home/wheeltec/wheeltec_ros2/install/nav2_voxel_grid:/home/wheeltec/wheeltec_ros2/install/nav2_rviz_plugins:/home/wheeltec/wheeltec_ros2/install/nav2_map_server:/home/wheeltec/wheeltec_ros2/install/nav2_lifecycle_manager:/home/wheeltec/wheeltec_ros2/install/nav2_behavior_tree:/home/wheeltec/wheeltec_ros2/install/nav2_amcl:/home/wheeltec/wheeltec_ros2/install/nav2_util:/home/wheeltec/wheeltec_ros2/install/nav2_msgs:/home/wheeltec/wheeltec_ros2/install/nav2_common:/home/wheeltec/wheeltec_ros2/install/lsn10:/home/wheeltec/wheeltec_ros2/install/lsm10_v2:/home/wheeltec/wheeltec_ros2/install/lslidar_msgs:/home/wheeltec/wheeltec_ros2/install/lidar_ros2:/home/wheeltec/wheeltec_ros2/install/ldlidar_stl_ros2:/home/wheeltec/wheeltec_ros2/install/ldlidar_sl_ros2:/home/wheeltec/wheeltec_ros2/install/astra_msgs:/home/wheeltec/wheeltec_ros2/install/astra_camera:/home/wheeltec/wheeltec_ros2/install/astra_camera_msgs:/home/wheeltec/wheeltec_ros2/install/ar_track_alvar_msgs:/home/wheeltec/wheeltec_ros2/install/ackermann_msgs:/home/wheeltec/wheeltec_ros2/install/simple_follower_ros2:/home/wheeltec/wheeltec_ros2/install/wheeltec_robot_keyboard:/home/wheeltec/wheeltec_ros2/install/tf2_tools:/home/wheeltec/wheeltec_ros2/install/nav2_simple_commander:/home/wheeltec/wheeltec_ros2/install/nav2_gazebo_spawner:/opt/ros/galactic LD_LIBRARY_PATH=/home/wheeltec/wheeltec_ros2/install/nav_2d_msgs/lib:/home/wheeltec/wheeltec_ros2/install/wheeltec_rrt_msg/lib:/home/wheeltec/wheeltec_ros2/install/wheeltec_robot_rrt/lib:/home/wheeltec/wheeltec_ros2/install/turn_on_wheeltec_robot/lib:/home/wheeltec/wheeltec_ros2/install/wheeltec_robot_msg/lib:/home/wheeltec/wheeltec_ros2/install/usb_cam/lib:/home/wheeltec/wheeltec_ros2/install/serial/lib:/home/wheeltec/wheeltec_ros2/install/ros2_astra_camera/lib:/home/wheeltec/wheeltec_ros2/install/ar_track_alvar/lib:/home/wheeltec/wheeltec_ros2/install/pcl_ros/lib:/home/wheeltec/wheeltec_ros2/install/openslam_gmapping/lib:/home/wheeltec/wheeltec_ros2/install/nav2_controller/lib:/home/wheeltec/wheeltec_ros2/install/dwb_plugins/lib:/home/wheeltec/wheeltec_ros2/install/dwb_critics/lib:/home/wheeltec/wheeltec_ros2/install/dwb_core/lib:/home/wheeltec/wheeltec_ros2/install/nav_2d_utils/lib:/home/wheeltec/wheeltec_ros2/install/dwb_msgs/lib:/home/wheeltec/wheeltec_ros2/install/nav2_waypoint_follower/lib:/home/wheeltec/wheeltec_ros2/install/nav2_theta_star_planner/lib:/home/wheeltec/wheeltec_ros2/install/nav2_smac_planner/lib:/home/wheeltec/wheeltec_ros2/install/nav2_rotation_shim_controller/lib:/home/wheeltec/wheeltec_ros2/install/nav2_regulated_pure_pursuit_controller/lib:/home/wheeltec/wheeltec_ros2/install/nav2_recoveries/lib:/home/wheeltec/wheeltec_ros2/install/nav2_planner/lib:/home/wheeltec/wheeltec_ros2/install/nav2_navfn_planner/lib:/home/wheeltec/wheeltec_ros2/install/nav2_bt_navigator/lib:/home/wheeltec/wheeltec_ros2/install/costmap_queue/lib:/home/wheeltec/wheeltec_ros2/install/nav2_costmap_2d/lib:/home/wheeltec/wheeltec_ros2/install/nav2_voxel_grid/lib:/home/wheeltec/wheeltec_ros2/install/nav2_rviz_plugins/lib:/home/wheeltec/wheeltec_ros2/install/nav2_map_server/lib:/home/wheeltec/wheeltec_ros2/install/nav2_lifecycle_manager/lib:/home/wheeltec/wheeltec_ros2/install/nav2_behavior_tree/lib:/home/wheeltec/wheeltec_ros2/install/nav2_amcl/lib:/home/wheeltec/wheeltec_ros2/install/nav2_util/lib:/home/wheeltec/wheeltec_ros2/install/nav2_msgs/lib:/home/wheeltec/wheeltec_ros2/install/lsm10_v2/lib:/home/wheeltec/wheeltec_ros2/install/lslidar_msgs/lib:/home/wheeltec/wheeltec_ros2/install/astra_msgs/lib:/home/wheeltec/wheeltec_ros2/install/astra_camera/lib:/home/wheeltec/wheeltec_ros2/install/astra_camera_msgs/lib:/home/wheeltec/wheeltec_ros2/install/ar_track_alvar_msgs/lib:/home/wheeltec/wheeltec_ros2/install/ackermann_msgs/lib:/usr/lib/aarch64-linux-gnu/gazebo-11/plugins:/opt/ros/galactic/opt/yaml_cpp_vendor/lib:/opt/ros/galactic/opt/rviz_ogre_vendor/lib:/opt/ros/galactic/lib/aarch64-linux-gnu:/opt/ros/galactic/lib:/home/wheeltec/wheeltec_ros2/src/ros2_astra_camera-main/ros2_astra_camera/lib/openni2_redist/x64 PYTHONPATH=/home/wheeltec/wheeltec_ros2/install/nav_2d_msgs/lib/python3.8/site-packages:/home/wheeltec/wheeltec_ros2/install/wheeltec_rrt_msg/lib/python3.8/site-packages:/home/wheeltec/wheeltec_ros2/install/simple_follower_ros2/lib/python3.8/site-packages:/home/wheeltec/wheeltec_ros2/install/turn_on_wheeltec_robot/lib/python3.8/site-packages:/home/wheeltec/wheeltec_ros2/install/wheeltec_robot_msg/lib/python3.8/site-packages:/home/wheeltec/wheeltec_ros2/install/wheeltec_robot_keyboard/lib/python3.8/site-packages:/home/wheeltec/wheeltec_ros2/install/tf2_tools/lib/python3.8/site-packages:/home/wheeltec/wheeltec_ros2/install/dwb_msgs/lib/python3.8/site-packages:/home/wheeltec/wheeltec_ros2/install/nav2_simple_commander/lib/python3.8/site-packages:/home/wheeltec/wheeltec_ros2/install/nav2_msgs/lib/python3.8/site-packages:/home/wheeltec/wheeltec_ros2/install/nav2_gazebo_spawner/lib/python3.8/site-packages:/home/wheeltec/wheeltec_ros2/install/nav2_common/lib/python3.8/site-packages:/home/wheeltec/wheeltec_ros2/install/lsm10_v2/lib/python3.8/site-packages:/home/wheeltec/wheeltec_ros2/install/lslidar_msgs/lib/python3.8/site-packages:/home/wheeltec/wheeltec_ros2/install/astra_msgs/lib/python3.8/site-packages:/home/wheeltec/wheeltec_ros2/install/astra_camera_msgs/lib/python3.8/site-packages:/home/wheeltec/wheeltec_ros2/install/ar_track_alvar_msgs/lib/python3.8/site-packages:/home/wheeltec/wheeltec_ros2/install/ackermann_msgs/lib/python3.8/site-packages:/opt/ros/galactic/lib/python3.8/site-packages /usr/bin/cmake --install /home/wheeltec/wheeltec_ros2/build/dwb_msgs
