[0.081s] Invoking command in '/home/wheeltec/wheeltec_ros2/build/nav2_voxel_grid': AMENT_PREFIX_PATH=/home/wheeltec/wheeltec_ros2/install/nav2_common:${AMENT_PREFIX_PATH} CMAKE_PREFIX_PATH=/home/wheeltec/wheeltec_ros2/install/nav2_common:/opt/ros/galactic PYTHONPATH=/home/wheeltec/wheeltec_ros2/install/nav2_common/lib/python3.8/site-packages:${PYTHONPATH} /usr/bin/cmake /home/wheeltec/wheeltec_ros2/src/navigation2-galactic/nav2_voxel_grid -DCMAKE_INSTALL_PREFIX=/home/wheeltec/wheeltec_ros2/install/nav2_voxel_grid
[0.495s] -- The C compiler identification is GNU 9.4.0
[0.870s] -- The CXX compiler identification is GNU 9.4.0
[0.913s] -- Check for working C compiler: /usr/bin/cc
[1.442s] -- Check for working C compiler: /usr/bin/cc -- works
[1.445s] -- Detecting C compiler ABI info
[2.103s] -- Detecting C compiler ABI info - done
[2.177s] -- Detecting C compile features
[2.180s] -- Detecting C compile features - done
[2.206s] -- Check for working CXX compiler: /usr/bin/c++
[2.554s] -- Check for working CXX compiler: /usr/bin/c++ -- works
[2.560s] -- Detecting CXX compiler ABI info
[2.973s] -- Detecting CXX compiler ABI info - done
[3.031s] -- Detecting CXX compile features
[3.033s] -- Detecting CXX compile features - done
[3.047s] -- Found ament_cmake: 1.1.5 (/opt/ros/galactic/share/ament_cmake/cmake)
[3.192s] -- Found PythonInterp: /usr/bin/python3 (found suitable version "3.8.10", minimum required is "3") 
[3.193s] -- Using PYTHON_EXECUTABLE: /usr/bin/python3
[3.597s] -- Found nav2_common: 1.0.12 (/home/wheeltec/wheeltec_ros2/install/nav2_common/share/nav2_common/cmake)
[3.608s] -- Found rclcpp: 9.2.1 (/opt/ros/galactic/share/rclcpp/cmake)
[3.855s] -- Using all available rosidl_typesupport_c: rosidl_typesupport_fastrtps_c;rosidl_typesupport_introspection_c
[3.897s] -- Found rosidl_adapter: 2.2.2 (/opt/ros/galactic/share/rosidl_adapter/cmake)
[4.470s] -- Found OpenSSL: /usr/lib/aarch64-linux-gnu/libcrypto.so (found version "1.1.1f")  
[4.615s] -- Found FastRTPS: /opt/ros/galactic/include  
[5.112s] -- Using all available rosidl_typesupport_cpp: rosidl_typesupport_fastrtps_cpp;rosidl_typesupport_introspection_cpp
[5.411s] -- Found rmw_implementation_cmake: 3.3.1 (/opt/ros/galactic/share/rmw_implementation_cmake/cmake)
[5.426s] -- Found rmw_cyclonedds_cpp: 0.22.5 (/opt/ros/galactic/share/rmw_cyclonedds_cpp/cmake)
[5.519s] -- Using RMW implementation 'rmw_cyclonedds_cpp' as default
[5.524s] -- Looking for pthread.h
[5.958s] -- Looking for pthread.h - found
[5.959s] -- Performing Test CMAKE_HAVE_LIBC_PTHREAD
[6.739s] -- Performing Test CMAKE_HAVE_LIBC_PTHREAD - Failed
[6.739s] -- Looking for pthread_create in pthreads
[7.356s] -- Looking for pthread_create in pthreads - not found
[7.357s] -- Looking for pthread_create in pthread
[7.992s] -- Looking for pthread_create in pthread - found
[7.997s] -- Found Threads: TRUE  
[8.724s] -- Setting build type to Release as none was specified.
[8.749s] -- Found ament_lint_auto: 0.10.7 (/opt/ros/galactic/share/ament_lint_auto/cmake)
[9.265s] -- Found gtest sources under '/opt/ros/galactic/src/gtest_vendor': C++ tests using 'Google Test' will be built
[9.273s] -- Check if compiler accepts -pthread
[9.575s] -- Check if compiler accepts -pthread - yes
[9.615s] -- Added test 'cppcheck' to perform static code analysis on C / C++ code
[9.617s] -- Configured cppcheck include dirs: /home/wheeltec/wheeltec_ros2/src/navigation2-galactic/nav2_voxel_grid/include
[9.618s] -- Configured cppcheck exclude dirs and/or files: 
[9.625s] -- Added test 'cpplint' to check C / C++ code against the Google style
[9.626s] -- Configured cpplint exclude dirs and/or files: 
[9.631s] -- Added test 'lint_cmake' to check CMake code style
[9.639s] -- Added test 'uncrustify' to check C / C++ code style
[9.640s] -- Configured uncrustify additional arguments: 
[9.644s] -- Added test 'xmllint' to check XML markup files
[9.671s] -- Configuring done
[9.742s] -- Generating done
[9.751s] -- Build files have been written to: /home/wheeltec/wheeltec_ros2/build/nav2_voxel_grid
[9.798s] Invoked command in '/home/wheeltec/wheeltec_ros2/build/nav2_voxel_grid' returned '0': AMENT_PREFIX_PATH=/home/wheeltec/wheeltec_ros2/install/nav2_common:${AMENT_PREFIX_PATH} CMAKE_PREFIX_PATH=/home/wheeltec/wheeltec_ros2/install/nav2_common:/opt/ros/galactic PYTHONPATH=/home/wheeltec/wheeltec_ros2/install/nav2_common/lib/python3.8/site-packages:${PYTHONPATH} /usr/bin/cmake /home/wheeltec/wheeltec_ros2/src/navigation2-galactic/nav2_voxel_grid -DCMAKE_INSTALL_PREFIX=/home/wheeltec/wheeltec_ros2/install/nav2_voxel_grid
[9.802s] Invoking command in '/home/wheeltec/wheeltec_ros2/build/nav2_voxel_grid': AMENT_PREFIX_PATH=/home/wheeltec/wheeltec_ros2/install/nav2_common:${AMENT_PREFIX_PATH} CMAKE_PREFIX_PATH=/home/wheeltec/wheeltec_ros2/install/nav2_common:/opt/ros/galactic PYTHONPATH=/home/wheeltec/wheeltec_ros2/install/nav2_common/lib/python3.8/site-packages:${PYTHONPATH} /usr/bin/cmake --build /home/wheeltec/wheeltec_ros2/build/nav2_voxel_grid -- -j4 -l4
[9.975s] [35m[1mScanning dependencies of target voxel_grid[0m
[10.153s] [ 10%] [32mBuilding CXX object CMakeFiles/voxel_grid.dir/src/voxel_grid.cpp.o[0m
[24.410s] [ 20%] [32m[1mLinking CXX shared library libvoxel_grid.so[0m
[24.909s] [ 20%] Built target voxel_grid
[24.952s] [35m[1mScanning dependencies of target gtest_main[0m
[25.004s] [ 30%] [32mBuilding CXX object gtest/CMakeFiles/gtest_main.dir/src/gtest_main.cc.o[0m
[32.362s] [ 40%] [32m[1mLinking CXX static library libgtest_main.a[0m
[32.700s] [ 40%] Built target gtest_main
[32.771s] [35m[1mScanning dependencies of target gtest[0m
[32.852s] [ 50%] [32mBuilding CXX object gtest/CMakeFiles/gtest.dir/src/gtest-all.cc.o[0m
[76.687s] [ 60%] [32m[1mLinking CXX static library libgtest.a[0m
[76.948s] [ 60%] Built target gtest
[77.010s] [35m[1mScanning dependencies of target voxel_grid_bresenham_3d[0m
[77.241s] [ 70%] [32mBuilding CXX object test/CMakeFiles/voxel_grid_bresenham_3d.dir/voxel_grid_bresenham_3d.cpp.o[0m
[96.083s] [ 80%] [32m[1mLinking CXX executable voxel_grid_bresenham_3d[0m
[97.022s] [ 80%] Built target voxel_grid_bresenham_3d
[97.142s] [35m[1mScanning dependencies of target voxel_grid_tests[0m
[97.463s] [ 90%] [32mBuilding CXX object test/CMakeFiles/voxel_grid_tests.dir/voxel_grid_tests.cpp.o[0m
[119.527s] [100%] [32m[1mLinking CXX executable voxel_grid_tests[0m
[119.987s] [100%] Built target voxel_grid_tests
[120.042s] Invoked command in '/home/wheeltec/wheeltec_ros2/build/nav2_voxel_grid' returned '0': AMENT_PREFIX_PATH=/home/wheeltec/wheeltec_ros2/install/nav2_common:${AMENT_PREFIX_PATH} CMAKE_PREFIX_PATH=/home/wheeltec/wheeltec_ros2/install/nav2_common:/opt/ros/galactic PYTHONPATH=/home/wheeltec/wheeltec_ros2/install/nav2_common/lib/python3.8/site-packages:${PYTHONPATH} /usr/bin/cmake --build /home/wheeltec/wheeltec_ros2/build/nav2_voxel_grid -- -j4 -l4
[120.211s] Invoking command in '/home/wheeltec/wheeltec_ros2/build/nav2_voxel_grid': AMENT_PREFIX_PATH=/home/wheeltec/wheeltec_ros2/install/nav2_common:${AMENT_PREFIX_PATH} CMAKE_PREFIX_PATH=/home/wheeltec/wheeltec_ros2/install/nav2_common:/opt/ros/galactic PYTHONPATH=/home/wheeltec/wheeltec_ros2/install/nav2_common/lib/python3.8/site-packages:${PYTHONPATH} /usr/bin/cmake --install /home/wheeltec/wheeltec_ros2/build/nav2_voxel_grid
[120.239s] -- Install configuration: "Release"
[120.240s] -- Installing: /home/wheeltec/wheeltec_ros2/install/nav2_voxel_grid/lib/libvoxel_grid.so
[120.241s] -- Set runtime path of "/home/wheeltec/wheeltec_ros2/install/nav2_voxel_grid/lib/libvoxel_grid.so" to ""
[120.242s] -- Installing: /home/wheeltec/wheeltec_ros2/install/nav2_voxel_grid/include
[120.242s] -- Installing: /home/wheeltec/wheeltec_ros2/install/nav2_voxel_grid/include/nav2_voxel_grid
[120.243s] -- Installing: /home/wheeltec/wheeltec_ros2/install/nav2_voxel_grid/include/nav2_voxel_grid/voxel_grid.hpp
[120.243s] -- Installing: /home/wheeltec/wheeltec_ros2/install/nav2_voxel_grid/share/nav2_voxel_grid/environment/library_path.sh
[120.244s] -- Installing: /home/wheeltec/wheeltec_ros2/install/nav2_voxel_grid/share/nav2_voxel_grid/environment/library_path.dsv
[120.245s] -- Installing: /home/wheeltec/wheeltec_ros2/install/nav2_voxel_grid/share/ament_index/resource_index/package_run_dependencies/nav2_voxel_grid
[120.246s] -- Installing: /home/wheeltec/wheeltec_ros2/install/nav2_voxel_grid/share/ament_index/resource_index/parent_prefix_path/nav2_voxel_grid
[120.247s] -- Installing: /home/wheeltec/wheeltec_ros2/install/nav2_voxel_grid/share/nav2_voxel_grid/environment/ament_prefix_path.sh
[120.247s] -- Installing: /home/wheeltec/wheeltec_ros2/install/nav2_voxel_grid/share/nav2_voxel_grid/environment/ament_prefix_path.dsv
[120.248s] -- Installing: /home/wheeltec/wheeltec_ros2/install/nav2_voxel_grid/share/nav2_voxel_grid/environment/path.sh
[120.248s] -- Installing: /home/wheeltec/wheeltec_ros2/install/nav2_voxel_grid/share/nav2_voxel_grid/environment/path.dsv
[120.249s] -- Installing: /home/wheeltec/wheeltec_ros2/install/nav2_voxel_grid/share/nav2_voxel_grid/local_setup.bash
[120.249s] -- Installing: /home/wheeltec/wheeltec_ros2/install/nav2_voxel_grid/share/nav2_voxel_grid/local_setup.sh
[120.250s] -- Installing: /home/wheeltec/wheeltec_ros2/install/nav2_voxel_grid/share/nav2_voxel_grid/local_setup.zsh
[120.251s] -- Installing: /home/wheeltec/wheeltec_ros2/install/nav2_voxel_grid/share/nav2_voxel_grid/local_setup.dsv
[120.251s] -- Installing: /home/wheeltec/wheeltec_ros2/install/nav2_voxel_grid/share/nav2_voxel_grid/package.dsv
[120.252s] -- Installing: /home/wheeltec/wheeltec_ros2/install/nav2_voxel_grid/share/ament_index/resource_index/packages/nav2_voxel_grid
[120.253s] -- Installing: /home/wheeltec/wheeltec_ros2/install/nav2_voxel_grid/share/nav2_voxel_grid/cmake/ament_cmake_export_dependencies-extras.cmake
[120.258s] -- Installing: /home/wheeltec/wheeltec_ros2/install/nav2_voxel_grid/share/nav2_voxel_grid/cmake/ament_cmake_export_include_directories-extras.cmake
[120.279s] -- Installing: /home/wheeltec/wheeltec_ros2/install/nav2_voxel_grid/share/nav2_voxel_grid/cmake/ament_cmake_export_libraries-extras.cmake
[120.280s] -- Installing: /home/wheeltec/wheeltec_ros2/install/nav2_voxel_grid/share/nav2_voxel_grid/cmake/nav2_voxel_gridConfig.cmake
[120.280s] -- Installing: /home/wheeltec/wheeltec_ros2/install/nav2_voxel_grid/share/nav2_voxel_grid/cmake/nav2_voxel_gridConfig-version.cmake
[120.281s] -- Installing: /home/wheeltec/wheeltec_ros2/install/nav2_voxel_grid/share/nav2_voxel_grid/package.xml
[120.282s] Invoked command in '/home/wheeltec/wheeltec_ros2/build/nav2_voxel_grid' returned '0': AMENT_PREFIX_PATH=/home/wheeltec/wheeltec_ros2/install/nav2_common:${AMENT_PREFIX_PATH} CMAKE_PREFIX_PATH=/home/wheeltec/wheeltec_ros2/install/nav2_common:/opt/ros/galactic PYTHONPATH=/home/wheeltec/wheeltec_ros2/install/nav2_common/lib/python3.8/site-packages:${PYTHONPATH} /usr/bin/cmake --install /home/wheeltec/wheeltec_ros2/build/nav2_voxel_grid
