[4.949s] Invoking command in '/home/wheeltec/wheeltec_ros2/src/navigation2-galactic/nav2_simple_commander': AMENT_PREFIX_PATH=/home/wheeltec/wheeltec_ros2/install/nav2_msgs:/home/wheeltec/wheeltec_ros2/install/nav2_common:${AMENT_PREFIX_PATH} CMAKE_PREFIX_PATH=/home/wheeltec/wheeltec_ros2/install/nav2_msgs:/home/wheeltec/wheeltec_ros2/install/nav2_common LD_LIBRARY_PATH=/home/wheeltec/wheeltec_ros2/install/nav2_msgs/lib:${LD_LIBRARY_PATH} PYTHONPATH=/home/wheeltec/wheeltec_ros2/build/nav2_simple_commander/prefix_override:/usr/lib/python3/dist-packages/colcon_core/task/python/colcon_distutils_commands:/home/wheeltec/wheeltec_ros2/install/nav2_simple_commander/lib/python3.8/site-packages:/home/wheeltec/wheeltec_ros2/install/nav2_msgs/lib/python3.8/site-packages:/home/wheeltec/wheeltec_ros2/install/nav2_common/lib/python3.8/site-packages:${PYTHONPATH} /usr/bin/python3 -W ignore:setup.py install is deprecated setup.py egg_info --egg-base ../../../build/nav2_simple_commander build --build-base /home/wheeltec/wheeltec_ros2/build/nav2_simple_commander/build install --record /home/wheeltec/wheeltec_ros2/build/nav2_simple_commander/install.log --install-scripts $base/lib/nav2_simple_commander --single-version-externally-managed install_data
[6.259s] /home/wheeltec/.local/lib/python3.8/site-packages/setuptools/dist.py:771: UserWarning: Usage of dash-separated 'script-dir' will not be supported in future versions. Please use the underscore name 'script_dir' instead
[6.260s]   warnings.warn(
[6.701s] running egg_info
[6.766s] writing ../../../build/nav2_simple_commander/nav2_simple_commander.egg-info/PKG-INFO
[6.769s] writing dependency_links to ../../../build/nav2_simple_commander/nav2_simple_commander.egg-info/dependency_links.txt
[6.771s] writing entry points to ../../../build/nav2_simple_commander/nav2_simple_commander.egg-info/entry_points.txt
[6.772s] writing requirements to ../../../build/nav2_simple_commander/nav2_simple_commander.egg-info/requires.txt
[6.773s] writing top-level names to ../../../build/nav2_simple_commander/nav2_simple_commander.egg-info/top_level.txt
[6.932s] reading manifest file '../../../build/nav2_simple_commander/nav2_simple_commander.egg-info/SOURCES.txt'
[6.937s] writing manifest file '../../../build/nav2_simple_commander/nav2_simple_commander.egg-info/SOURCES.txt'
[6.938s] running build
[6.938s] running build_py
[6.943s] running install
[6.982s] running install_lib
[7.042s] running install_data
[7.044s] running install_egg_info
[7.111s] removing '/home/wheeltec/wheeltec_ros2/install/nav2_simple_commander/lib/python3.8/site-packages/nav2_simple_commander-1.0.0-py3.8.egg-info' (and everything under it)
[7.112s] Copying ../../../build/nav2_simple_commander/nav2_simple_commander.egg-info to /home/wheeltec/wheeltec_ros2/install/nav2_simple_commander/lib/python3.8/site-packages/nav2_simple_commander-1.0.0-py3.8.egg-info
[7.116s] running install_scripts
[7.455s] Installing demo_inspection script to /home/wheeltec/wheeltec_ros2/install/nav2_simple_commander/lib/nav2_simple_commander
[7.457s] Installing demo_picking script to /home/wheeltec/wheeltec_ros2/install/nav2_simple_commander/lib/nav2_simple_commander
[7.458s] Installing demo_recoveries script to /home/wheeltec/wheeltec_ros2/install/nav2_simple_commander/lib/nav2_simple_commander
[7.458s] Installing demo_security script to /home/wheeltec/wheeltec_ros2/install/nav2_simple_commander/lib/nav2_simple_commander
[7.459s] Installing example_follow_path script to /home/wheeltec/wheeltec_ros2/install/nav2_simple_commander/lib/nav2_simple_commander
[7.459s] Installing example_nav_through_poses script to /home/wheeltec/wheeltec_ros2/install/nav2_simple_commander/lib/nav2_simple_commander
[7.460s] Installing example_nav_to_pose script to /home/wheeltec/wheeltec_ros2/install/nav2_simple_commander/lib/nav2_simple_commander
[7.460s] Installing example_waypoint_follower script to /home/wheeltec/wheeltec_ros2/install/nav2_simple_commander/lib/nav2_simple_commander
[7.461s] writing list of installed files to '/home/wheeltec/wheeltec_ros2/build/nav2_simple_commander/install.log'
[7.620s] Invoked command in '/home/wheeltec/wheeltec_ros2/src/navigation2-galactic/nav2_simple_commander' returned '0': AMENT_PREFIX_PATH=/home/wheeltec/wheeltec_ros2/install/nav2_msgs:/home/wheeltec/wheeltec_ros2/install/nav2_common:${AMENT_PREFIX_PATH} CMAKE_PREFIX_PATH=/home/wheeltec/wheeltec_ros2/install/nav2_msgs:/home/wheeltec/wheeltec_ros2/install/nav2_common LD_LIBRARY_PATH=/home/wheeltec/wheeltec_ros2/install/nav2_msgs/lib:${LD_LIBRARY_PATH} PYTHONPATH=/home/wheeltec/wheeltec_ros2/build/nav2_simple_commander/prefix_override:/usr/lib/python3/dist-packages/colcon_core/task/python/colcon_distutils_commands:/home/wheeltec/wheeltec_ros2/install/nav2_simple_commander/lib/python3.8/site-packages:/home/wheeltec/wheeltec_ros2/install/nav2_msgs/lib/python3.8/site-packages:/home/wheeltec/wheeltec_ros2/install/nav2_common/lib/python3.8/site-packages:${PYTHONPATH} /usr/bin/python3 -W ignore:setup.py install is deprecated setup.py egg_info --egg-base ../../../build/nav2_simple_commander build --build-base /home/wheeltec/wheeltec_ros2/build/nav2_simple_commander/build install --record /home/wheeltec/wheeltec_ros2/build/nav2_simple_commander/install.log --install-scripts $base/lib/nav2_simple_commander --single-version-externally-managed install_data
