[0.119s] Invoking command in '/home/wheeltec/wheeltec_ros2/build/nav2_recoveries': AMENT_PREFIX_PATH=/home/wheeltec/wheeltec_ros2/install/nav2_core:/home/wheeltec/wheeltec_ros2/install/nav2_costmap_2d:/home/wheeltec/wheeltec_ros2/install/nav2_map_server:/home/wheeltec/wheeltec_ros2/install/nav2_lifecycle_manager:/home/wheeltec/wheeltec_ros2/install/nav2_behavior_tree:/home/wheeltec/wheeltec_ros2/install/nav2_util:/home/wheeltec/wheeltec_ros2/install/nav2_voxel_grid:/home/wheeltec/wheeltec_ros2/install/nav2_msgs:/home/wheeltec/wheeltec_ros2/install/nav2_common:${AMENT_PREFIX_PATH} CMAKE_PREFIX_PATH=/home/wheeltec/wheeltec_ros2/install/nav2_core:/home/wheeltec/wheeltec_ros2/install/nav2_costmap_2d:/home/wheeltec/wheeltec_ros2/install/nav2_map_server:/home/wheeltec/wheeltec_ros2/install/nav2_lifecycle_manager:/home/wheeltec/wheeltec_ros2/install/nav2_behavior_tree:/home/wheeltec/wheeltec_ros2/install/nav2_util:/home/wheeltec/wheeltec_ros2/install/nav2_voxel_grid:/home/wheeltec/wheeltec_ros2/install/nav2_msgs:/home/wheeltec/wheeltec_ros2/install/nav2_common:/opt/ros/galactic LD_LIBRARY_PATH=/home/wheeltec/wheeltec_ros2/install/nav2_costmap_2d/lib:/home/wheeltec/wheeltec_ros2/install/nav2_map_server/lib:/home/wheeltec/wheeltec_ros2/install/nav2_lifecycle_manager/lib:/home/wheeltec/wheeltec_ros2/install/nav2_behavior_tree/lib:/home/wheeltec/wheeltec_ros2/install/nav2_util/lib:/home/wheeltec/wheeltec_ros2/install/nav2_voxel_grid/lib:/home/wheeltec/wheeltec_ros2/install/nav2_msgs/lib:${LD_LIBRARY_PATH} PYTHONPATH=/home/wheeltec/wheeltec_ros2/install/nav2_msgs/lib/python3.8/site-packages:/home/wheeltec/wheeltec_ros2/install/nav2_common/lib/python3.8/site-packages:${PYTHONPATH} /usr/bin/cmake --build /home/wheeltec/wheeltec_ros2/build/nav2_recoveries -- -j4 -l4
[0.623s] [ 12%] Built target recoveries_server_core
[0.677s] [ 25%] Built target nav2_backup_recovery
[0.731s] [ 37%] Built target nav2_wait_recovery
[0.765s] [ 50%] Built target gtest
[0.818s] [ 62%] Built target nav2_spin_recovery
[0.864s] [ 75%] Built target gtest_main
[0.954s] [ 87%] Built target recoveries_server
[1.073s] [100%] Built target test_recoveries
[1.198s] Invoked command in '/home/wheeltec/wheeltec_ros2/build/nav2_recoveries' returned '0': AMENT_PREFIX_PATH=/home/wheeltec/wheeltec_ros2/install/nav2_core:/home/wheeltec/wheeltec_ros2/install/nav2_costmap_2d:/home/wheeltec/wheeltec_ros2/install/nav2_map_server:/home/wheeltec/wheeltec_ros2/install/nav2_lifecycle_manager:/home/wheeltec/wheeltec_ros2/install/nav2_behavior_tree:/home/wheeltec/wheeltec_ros2/install/nav2_util:/home/wheeltec/wheeltec_ros2/install/nav2_voxel_grid:/home/wheeltec/wheeltec_ros2/install/nav2_msgs:/home/wheeltec/wheeltec_ros2/install/nav2_common:${AMENT_PREFIX_PATH} CMAKE_PREFIX_PATH=/home/wheeltec/wheeltec_ros2/install/nav2_core:/home/wheeltec/wheeltec_ros2/install/nav2_costmap_2d:/home/wheeltec/wheeltec_ros2/install/nav2_map_server:/home/wheeltec/wheeltec_ros2/install/nav2_lifecycle_manager:/home/wheeltec/wheeltec_ros2/install/nav2_behavior_tree:/home/wheeltec/wheeltec_ros2/install/nav2_util:/home/wheeltec/wheeltec_ros2/install/nav2_voxel_grid:/home/wheeltec/wheeltec_ros2/install/nav2_msgs:/home/wheeltec/wheeltec_ros2/install/nav2_common:/opt/ros/galactic LD_LIBRARY_PATH=/home/wheeltec/wheeltec_ros2/install/nav2_costmap_2d/lib:/home/wheeltec/wheeltec_ros2/install/nav2_map_server/lib:/home/wheeltec/wheeltec_ros2/install/nav2_lifecycle_manager/lib:/home/wheeltec/wheeltec_ros2/install/nav2_behavior_tree/lib:/home/wheeltec/wheeltec_ros2/install/nav2_util/lib:/home/wheeltec/wheeltec_ros2/install/nav2_voxel_grid/lib:/home/wheeltec/wheeltec_ros2/install/nav2_msgs/lib:${LD_LIBRARY_PATH} PYTHONPATH=/home/wheeltec/wheeltec_ros2/install/nav2_msgs/lib/python3.8/site-packages:/home/wheeltec/wheeltec_ros2/install/nav2_common/lib/python3.8/site-packages:${PYTHONPATH} /usr/bin/cmake --build /home/wheeltec/wheeltec_ros2/build/nav2_recoveries -- -j4 -l4
[1.530s] Invoking command in '/home/wheeltec/wheeltec_ros2/build/nav2_recoveries': AMENT_PREFIX_PATH=/home/wheeltec/wheeltec_ros2/install/nav2_core:/home/wheeltec/wheeltec_ros2/install/nav2_costmap_2d:/home/wheeltec/wheeltec_ros2/install/nav2_map_server:/home/wheeltec/wheeltec_ros2/install/nav2_lifecycle_manager:/home/wheeltec/wheeltec_ros2/install/nav2_behavior_tree:/home/wheeltec/wheeltec_ros2/install/nav2_util:/home/wheeltec/wheeltec_ros2/install/nav2_voxel_grid:/home/wheeltec/wheeltec_ros2/install/nav2_msgs:/home/wheeltec/wheeltec_ros2/install/nav2_common:${AMENT_PREFIX_PATH} CMAKE_PREFIX_PATH=/home/wheeltec/wheeltec_ros2/install/nav2_core:/home/wheeltec/wheeltec_ros2/install/nav2_costmap_2d:/home/wheeltec/wheeltec_ros2/install/nav2_map_server:/home/wheeltec/wheeltec_ros2/install/nav2_lifecycle_manager:/home/wheeltec/wheeltec_ros2/install/nav2_behavior_tree:/home/wheeltec/wheeltec_ros2/install/nav2_util:/home/wheeltec/wheeltec_ros2/install/nav2_voxel_grid:/home/wheeltec/wheeltec_ros2/install/nav2_msgs:/home/wheeltec/wheeltec_ros2/install/nav2_common:/opt/ros/galactic LD_LIBRARY_PATH=/home/wheeltec/wheeltec_ros2/install/nav2_costmap_2d/lib:/home/wheeltec/wheeltec_ros2/install/nav2_map_server/lib:/home/wheeltec/wheeltec_ros2/install/nav2_lifecycle_manager/lib:/home/wheeltec/wheeltec_ros2/install/nav2_behavior_tree/lib:/home/wheeltec/wheeltec_ros2/install/nav2_util/lib:/home/wheeltec/wheeltec_ros2/install/nav2_voxel_grid/lib:/home/wheeltec/wheeltec_ros2/install/nav2_msgs/lib:${LD_LIBRARY_PATH} PYTHONPATH=/home/wheeltec/wheeltec_ros2/install/nav2_msgs/lib/python3.8/site-packages:/home/wheeltec/wheeltec_ros2/install/nav2_common/lib/python3.8/site-packages:${PYTHONPATH} /usr/bin/cmake --install /home/wheeltec/wheeltec_ros2/build/nav2_recoveries
[1.597s] -- Install configuration: "Release"
[1.598s] -- Up-to-date: /home/wheeltec/wheeltec_ros2/install/nav2_recoveries/share/nav2_recoveries/recovery_plugin.xml
[1.598s] -- Up-to-date: /home/wheeltec/wheeltec_ros2/install/nav2_recoveries/lib/librecoveries_server_core.a
[1.599s] -- Up-to-date: /home/wheeltec/wheeltec_ros2/install/nav2_recoveries/lib/libnav2_backup_recovery.so
[1.601s] -- Up-to-date: /home/wheeltec/wheeltec_ros2/install/nav2_recoveries/lib/libnav2_spin_recovery.so
[1.601s] -- Up-to-date: /home/wheeltec/wheeltec_ros2/install/nav2_recoveries/lib/libnav2_wait_recovery.so
[1.603s] -- Up-to-date: /home/wheeltec/wheeltec_ros2/install/nav2_recoveries/lib/nav2_recoveries/recoveries_server
[1.603s] -- Up-to-date: /home/wheeltec/wheeltec_ros2/install/nav2_recoveries/include/
[1.605s] -- Up-to-date: /home/wheeltec/wheeltec_ros2/install/nav2_recoveries/include//nav2_recoveries
[1.605s] -- Up-to-date: /home/wheeltec/wheeltec_ros2/install/nav2_recoveries/include//nav2_recoveries/recovery.hpp
[1.606s] -- Up-to-date: /home/wheeltec/wheeltec_ros2/install/nav2_recoveries/include//nav2_recoveries/recovery_server.hpp
[1.606s] -- Up-to-date: /home/wheeltec/wheeltec_ros2/install/nav2_recoveries/share/nav2_recoveries/recovery_plugin.xml
[1.607s] -- Up-to-date: /home/wheeltec/wheeltec_ros2/install/nav2_recoveries/share/nav2_recoveries/environment/library_path.sh
[1.607s] -- Up-to-date: /home/wheeltec/wheeltec_ros2/install/nav2_recoveries/share/nav2_recoveries/environment/library_path.dsv
[1.608s] -- Up-to-date: /home/wheeltec/wheeltec_ros2/install/nav2_recoveries/share/ament_index/resource_index/package_run_dependencies/nav2_recoveries
[1.609s] -- Up-to-date: /home/wheeltec/wheeltec_ros2/install/nav2_recoveries/share/ament_index/resource_index/parent_prefix_path/nav2_recoveries
[1.609s] -- Up-to-date: /home/wheeltec/wheeltec_ros2/install/nav2_recoveries/share/nav2_recoveries/environment/ament_prefix_path.sh
[1.610s] -- Up-to-date: /home/wheeltec/wheeltec_ros2/install/nav2_recoveries/share/nav2_recoveries/environment/ament_prefix_path.dsv
[1.610s] -- Up-to-date: /home/wheeltec/wheeltec_ros2/install/nav2_recoveries/share/nav2_recoveries/environment/path.sh
[1.611s] -- Up-to-date: /home/wheeltec/wheeltec_ros2/install/nav2_recoveries/share/nav2_recoveries/environment/path.dsv
[1.613s] -- Up-to-date: /home/wheeltec/wheeltec_ros2/install/nav2_recoveries/share/nav2_recoveries/local_setup.bash
[1.614s] -- Up-to-date: /home/wheeltec/wheeltec_ros2/install/nav2_recoveries/share/nav2_recoveries/local_setup.sh
[1.632s] -- Up-to-date: /home/wheeltec/wheeltec_ros2/install/nav2_recoveries/share/nav2_recoveries/local_setup.zsh
[1.633s] -- Up-to-date: /home/wheeltec/wheeltec_ros2/install/nav2_recoveries/share/nav2_recoveries/local_setup.dsv
[1.633s] -- Installing: /home/wheeltec/wheeltec_ros2/install/nav2_recoveries/share/nav2_recoveries/package.dsv
[1.634s] -- Up-to-date: /home/wheeltec/wheeltec_ros2/install/nav2_recoveries/share/ament_index/resource_index/packages/nav2_recoveries
[1.634s] -- Up-to-date: /home/wheeltec/wheeltec_ros2/install/nav2_recoveries/share/ament_index/resource_index/nav2_core__pluginlib__plugin/nav2_recoveries
[1.635s] -- Up-to-date: /home/wheeltec/wheeltec_ros2/install/nav2_recoveries/share/nav2_recoveries/cmake/ament_cmake_export_include_directories-extras.cmake
[1.635s] -- Up-to-date: /home/wheeltec/wheeltec_ros2/install/nav2_recoveries/share/nav2_recoveries/cmake/ament_cmake_export_libraries-extras.cmake
[1.635s] -- Up-to-date: /home/wheeltec/wheeltec_ros2/install/nav2_recoveries/share/nav2_recoveries/cmake/ament_cmake_export_dependencies-extras.cmake
[1.636s] -- Up-to-date: /home/wheeltec/wheeltec_ros2/install/nav2_recoveries/share/nav2_recoveries/cmake/nav2_recoveriesConfig.cmake
[1.636s] -- Up-to-date: /home/wheeltec/wheeltec_ros2/install/nav2_recoveries/share/nav2_recoveries/cmake/nav2_recoveriesConfig-version.cmake
[1.636s] -- Up-to-date: /home/wheeltec/wheeltec_ros2/install/nav2_recoveries/share/nav2_recoveries/package.xml
[1.638s] Invoked command in '/home/wheeltec/wheeltec_ros2/build/nav2_recoveries' returned '0': AMENT_PREFIX_PATH=/home/wheeltec/wheeltec_ros2/install/nav2_core:/home/wheeltec/wheeltec_ros2/install/nav2_costmap_2d:/home/wheeltec/wheeltec_ros2/install/nav2_map_server:/home/wheeltec/wheeltec_ros2/install/nav2_lifecycle_manager:/home/wheeltec/wheeltec_ros2/install/nav2_behavior_tree:/home/wheeltec/wheeltec_ros2/install/nav2_util:/home/wheeltec/wheeltec_ros2/install/nav2_voxel_grid:/home/wheeltec/wheeltec_ros2/install/nav2_msgs:/home/wheeltec/wheeltec_ros2/install/nav2_common:${AMENT_PREFIX_PATH} CMAKE_PREFIX_PATH=/home/wheeltec/wheeltec_ros2/install/nav2_core:/home/wheeltec/wheeltec_ros2/install/nav2_costmap_2d:/home/wheeltec/wheeltec_ros2/install/nav2_map_server:/home/wheeltec/wheeltec_ros2/install/nav2_lifecycle_manager:/home/wheeltec/wheeltec_ros2/install/nav2_behavior_tree:/home/wheeltec/wheeltec_ros2/install/nav2_util:/home/wheeltec/wheeltec_ros2/install/nav2_voxel_grid:/home/wheeltec/wheeltec_ros2/install/nav2_msgs:/home/wheeltec/wheeltec_ros2/install/nav2_common:/opt/ros/galactic LD_LIBRARY_PATH=/home/wheeltec/wheeltec_ros2/install/nav2_costmap_2d/lib:/home/wheeltec/wheeltec_ros2/install/nav2_map_server/lib:/home/wheeltec/wheeltec_ros2/install/nav2_lifecycle_manager/lib:/home/wheeltec/wheeltec_ros2/install/nav2_behavior_tree/lib:/home/wheeltec/wheeltec_ros2/install/nav2_util/lib:/home/wheeltec/wheeltec_ros2/install/nav2_voxel_grid/lib:/home/wheeltec/wheeltec_ros2/install/nav2_msgs/lib:${LD_LIBRARY_PATH} PYTHONPATH=/home/wheeltec/wheeltec_ros2/install/nav2_msgs/lib/python3.8/site-packages:/home/wheeltec/wheeltec_ros2/install/nav2_common/lib/python3.8/site-packages:${PYTHONPATH} /usr/bin/cmake --install /home/wheeltec/wheeltec_ros2/build/nav2_recoveries
