[0.166s] Invoking command in '/home/wheeltec/wheeltec_ros2/build/dwb_msgs': CMAKE_PREFIX_PATH=/home/wheeltec/wheeltec_ros2/install/nav_2d_msgs:/home/wheeltec/wheeltec_ros2/install/wheeltec_slam_toolbox:/home/wheeltec/wheeltec_ros2/install/wheeltec_rrt_msg:/home/wheeltec/wheeltec_ros2/install/wheeltec_robot_urdf:/home/wheeltec/wheeltec_ros2/install/wheeltec_robot_rtab:/home/wheeltec/wheeltec_ros2/install/wheeltec_robot_rrt:/home/wheeltec/wheeltec_ros2/install/turn_on_wheeltec_robot:/home/wheeltec/wheeltec_ros2/install/wheeltec_robot_msg:/home/wheeltec/wheeltec_ros2/install/wheeltec_nav2:/home/wheeltec/wheeltec_ros2/install/wheeltec_joy:/home/wheeltec/wheeltec_ros2/install/wheeltec_cartographer:/home/wheeltec/wheeltec_ros2/install/web_video_server:/home/wheeltec/wheeltec_ros2/install/usb_cam:/home/wheeltec/wheeltec_ros2/install/slam_gmapping:/home/wheeltec/wheeltec_ros2/install/serial:/home/wheeltec/wheeltec_ros2/install/rplidar_ros2:/home/wheeltec/wheeltec_ros2/install/ros2_astra_camera:/home/wheeltec/wheeltec_ros2/install/ar_track_alvar:/home/wheeltec/wheeltec_ros2/install/perception_pcl:/home/wheeltec/wheeltec_ros2/install/pcl_ros:/home/wheeltec/wheeltec_ros2/install/lslidar_driver:/home/wheeltec/wheeltec_ros2/install/pcl_conversions:/home/wheeltec/wheeltec_ros2/install/openslam_gmapping:/home/wheeltec/wheeltec_ros2/install/nav2_system_tests:/home/wheeltec/wheeltec_ros2/install/nav2_bringup:/home/wheeltec/wheeltec_ros2/install/navigation2:/home/wheeltec/wheeltec_ros2/install/nav2_dwb_controller:/home/wheeltec/wheeltec_ros2/install/nav2_controller:/home/wheeltec/wheeltec_ros2/install/dwb_plugins:/home/wheeltec/wheeltec_ros2/install/dwb_critics:/home/wheeltec/wheeltec_ros2/install/dwb_core:/home/wheeltec/wheeltec_ros2/install/nav_2d_utils:/home/wheeltec/wheeltec_ros2/install/dwb_msgs:/home/wheeltec/wheeltec_ros2/install/nav2_waypoint_follower:/home/wheeltec/wheeltec_ros2/install/nav2_theta_star_planner:/home/wheeltec/wheeltec_ros2/install/nav2_smac_planner:/home/wheeltec/wheeltec_ros2/install/nav2_rotation_shim_controller:/home/wheeltec/wheeltec_ros2/install/nav2_regulated_pure_pursuit_controller:/home/wheeltec/wheeltec_ros2/install/nav2_recoveries:/home/wheeltec/wheeltec_ros2/install/nav2_planner:/home/wheeltec/wheeltec_ros2/install/nav2_navfn_planner:/home/wheeltec/wheeltec_ros2/install/nav2_bt_navigator:/home/wheeltec/wheeltec_ros2/install/nav2_core:/home/wheeltec/wheeltec_ros2/install/costmap_queue:/home/wheeltec/wheeltec_ros2/install/nav2_costmap_2d:/home/wheeltec/wheeltec_ros2/install/nav2_voxel_grid:/home/wheeltec/wheeltec_ros2/install/nav2_rviz_plugins:/home/wheeltec/wheeltec_ros2/install/nav2_map_server:/home/wheeltec/wheeltec_ros2/install/nav2_lifecycle_manager:/home/wheeltec/wheeltec_ros2/install/nav2_behavior_tree:/home/wheeltec/wheeltec_ros2/install/nav2_amcl:/home/wheeltec/wheeltec_ros2/install/nav2_util:/home/wheeltec/wheeltec_ros2/install/nav2_msgs:/home/wheeltec/wheeltec_ros2/install/nav2_common:/home/wheeltec/wheeltec_ros2/install/lsn10:/home/wheeltec/wheeltec_ros2/install/lsm10_v2:/home/wheeltec/wheeltec_ros2/install/lslidar_msgs:/home/wheeltec/wheeltec_ros2/install/lidar_ros2:/home/wheeltec/wheeltec_ros2/install/ldlidar_stl_ros2:/home/wheeltec/wheeltec_ros2/install/ldlidar_sl_ros2:/home/wheeltec/wheeltec_ros2/install/astra_msgs:/home/wheeltec/wheeltec_ros2/install/astra_camera:/home/wheeltec/wheeltec_ros2/install/astra_camera_msgs:/home/wheeltec/wheeltec_ros2/install/ar_track_alvar_msgs:/home/wheeltec/wheeltec_ros2/install/ackermann_msgs:/home/wheeltec/wheeltec_ros2/install/simple_follower_ros2:/home/wheeltec/wheeltec_ros2/install/wheeltec_robot_keyboard:/home/wheeltec/wheeltec_ros2/install/tf2_tools:/home/wheeltec/wheeltec_ros2/install/nav2_simple_commander:/home/wheeltec/wheeltec_ros2/install/nav2_gazebo_spawner:/opt/ros/galactic LD_LIBRARY_PATH=/home/wheeltec/wheeltec_ros2/install/nav_2d_msgs/lib:/home/wheeltec/wheeltec_ros2/install/wheeltec_rrt_msg/lib:/home/wheeltec/wheeltec_ros2/install/wheeltec_robot_rrt/lib:/home/wheeltec/wheeltec_ros2/install/turn_on_wheeltec_robot/lib:/home/wheeltec/wheeltec_ros2/install/wheeltec_robot_msg/lib:/home/wheeltec/wheeltec_ros2/install/usb_cam/lib:/home/wheeltec/wheeltec_ros2/install/serial/lib:/home/wheeltec/wheeltec_ros2/install/ros2_astra_camera/lib:/home/wheeltec/wheeltec_ros2/install/ar_track_alvar/lib:/home/wheeltec/wheeltec_ros2/install/pcl_ros/lib:/home/wheeltec/wheeltec_ros2/install/openslam_gmapping/lib:/home/wheeltec/wheeltec_ros2/install/nav2_controller/lib:/home/wheeltec/wheeltec_ros2/install/dwb_plugins/lib:/home/wheeltec/wheeltec_ros2/install/dwb_critics/lib:/home/wheeltec/wheeltec_ros2/install/dwb_core/lib:/home/wheeltec/wheeltec_ros2/install/nav_2d_utils/lib:/home/wheeltec/wheeltec_ros2/install/dwb_msgs/lib:/home/wheeltec/wheeltec_ros2/install/nav2_waypoint_follower/lib:/home/wheeltec/wheeltec_ros2/install/nav2_theta_star_planner/lib:/home/wheeltec/wheeltec_ros2/install/nav2_smac_planner/lib:/home/wheeltec/wheeltec_ros2/install/nav2_rotation_shim_controller/lib:/home/wheeltec/wheeltec_ros2/install/nav2_regulated_pure_pursuit_controller/lib:/home/wheeltec/wheeltec_ros2/install/nav2_recoveries/lib:/home/wheeltec/wheeltec_ros2/install/nav2_planner/lib:/home/wheeltec/wheeltec_ros2/install/nav2_navfn_planner/lib:/home/wheeltec/wheeltec_ros2/install/nav2_bt_navigator/lib:/home/wheeltec/wheeltec_ros2/install/costmap_queue/lib:/home/wheeltec/wheeltec_ros2/install/nav2_costmap_2d/lib:/home/wheeltec/wheeltec_ros2/install/nav2_voxel_grid/lib:/home/wheeltec/wheeltec_ros2/install/nav2_rviz_plugins/lib:/home/wheeltec/wheeltec_ros2/install/nav2_map_server/lib:/home/wheeltec/wheeltec_ros2/install/nav2_lifecycle_manager/lib:/home/wheeltec/wheeltec_ros2/install/nav2_behavior_tree/lib:/home/wheeltec/wheeltec_ros2/install/nav2_amcl/lib:/home/wheeltec/wheeltec_ros2/install/nav2_util/lib:/home/wheeltec/wheeltec_ros2/install/nav2_msgs/lib:/home/wheeltec/wheeltec_ros2/install/lsm10_v2/lib:/home/wheeltec/wheeltec_ros2/install/lslidar_msgs/lib:/home/wheeltec/wheeltec_ros2/install/astra_msgs/lib:/home/wheeltec/wheeltec_ros2/install/astra_camera/lib:/home/wheeltec/wheeltec_ros2/install/astra_camera_msgs/lib:/home/wheeltec/wheeltec_ros2/install/ar_track_alvar_msgs/lib:/home/wheeltec/wheeltec_ros2/install/ackermann_msgs/lib:/usr/lib/aarch64-linux-gnu/gazebo-11/plugins:/opt/ros/galactic/opt/yaml_cpp_vendor/lib:/opt/ros/galactic/opt/rviz_ogre_vendor/lib:/opt/ros/galactic/lib/aarch64-linux-gnu:/opt/ros/galactic/lib:/home/wheeltec/wheeltec_ros2/src/ros2_astra_camera-main/ros2_astra_camera/lib/openni2_redist/x64 PYTHONPATH=/home/wheeltec/wheeltec_ros2/install/nav_2d_msgs/lib/python3.8/site-packages:/home/wheeltec/wheeltec_ros2/install/wheeltec_rrt_msg/lib/python3.8/site-packages:/home/wheeltec/wheeltec_ros2/install/simple_follower_ros2/lib/python3.8/site-packages:/home/wheeltec/wheeltec_ros2/install/turn_on_wheeltec_robot/lib/python3.8/site-packages:/home/wheeltec/wheeltec_ros2/install/wheeltec_robot_msg/lib/python3.8/site-packages:/home/wheeltec/wheeltec_ros2/install/wheeltec_robot_keyboard/lib/python3.8/site-packages:/home/wheeltec/wheeltec_ros2/install/tf2_tools/lib/python3.8/site-packages:/home/wheeltec/wheeltec_ros2/install/dwb_msgs/lib/python3.8/site-packages:/home/wheeltec/wheeltec_ros2/install/nav2_simple_commander/lib/python3.8/site-packages:/home/wheeltec/wheeltec_ros2/install/nav2_msgs/lib/python3.8/site-packages:/home/wheeltec/wheeltec_ros2/install/nav2_gazebo_spawner/lib/python3.8/site-packages:/home/wheeltec/wheeltec_ros2/install/nav2_common/lib/python3.8/site-packages:/home/wheeltec/wheeltec_ros2/install/lsm10_v2/lib/python3.8/site-packages:/home/wheeltec/wheeltec_ros2/install/lslidar_msgs/lib/python3.8/site-packages:/home/wheeltec/wheeltec_ros2/install/astra_msgs/lib/python3.8/site-packages:/home/wheeltec/wheeltec_ros2/install/astra_camera_msgs/lib/python3.8/site-packages:/home/wheeltec/wheeltec_ros2/install/ar_track_alvar_msgs/lib/python3.8/site-packages:/home/wheeltec/wheeltec_ros2/install/ackermann_msgs/lib/python3.8/site-packages:/opt/ros/galactic/lib/python3.8/site-packages /usr/bin/cmake --build /home/wheeltec/wheeltec_ros2/build/dwb_msgs -- -j4 -l4
[0.348s] -- Found builtin_interfaces: 1.0.3 (/opt/ros/galactic/share/builtin_interfaces/cmake)
[0.490s] -- Found PythonInterp: /usr/bin/python3 (found suitable version "3.8.10", minimum required is "3") 
[0.491s] -- Using PYTHON_EXECUTABLE: /usr/bin/python3
[1.103s] -- Using all available rosidl_typesupport_c: rosidl_typesupport_fastrtps_c;rosidl_typesupport_introspection_c
[1.116s] -- Found rosidl_adapter: 2.2.3 (/opt/ros/galactic/share/rosidl_adapter/cmake)
[1.980s] -- Using all available rosidl_typesupport_cpp: rosidl_typesupport_fastrtps_cpp;rosidl_typesupport_introspection_cpp
[2.085s] -- Found geometry_msgs: 2.2.4 (/opt/ros/galactic/share/geometry_msgs/cmake)
[2.342s] -- Found nav_2d_msgs: 1.0.12 (/home/wheeltec/wheeltec_ros2/install/nav_2d_msgs/share/nav_2d_msgs/cmake)
[2.695s] -- Found nav_msgs: 2.2.4 (/opt/ros/galactic/share/nav_msgs/cmake)
[3.014s] -- Found rosidl_default_generators: 1.1.1 (/opt/ros/galactic/share/rosidl_default_generators/cmake)
[3.465s] -- Found PythonInterp: /usr/bin/python3 (found version "3.8.10") 
[6.525s] -- Found ament_cmake_ros: 0.9.2 (/opt/ros/galactic/share/ament_cmake_ros/cmake)
[9.753s] -- Using all available rosidl_typesupport_c: rosidl_typesupport_fastrtps_c;rosidl_typesupport_introspection_c
[10.900s] -- Using all available rosidl_typesupport_cpp: rosidl_typesupport_fastrtps_cpp;rosidl_typesupport_introspection_cpp
[11.137s] -- Found PythonInterp: /usr/bin/python3 (found suitable version "3.8.10", minimum required is "3.5") 
[11.138s] -- Found python_cmake_module: 0.8.1 (/opt/ros/galactic/share/python_cmake_module/cmake)
[11.383s] -- Using PYTHON_EXECUTABLE: /usr/bin/python3
[11.384s] -- Using PYTHON_INCLUDE_DIRS: /usr/include/python3.8
[11.385s] -- Using PYTHON_LIBRARIES: /usr/lib/aarch64-linux-gnu/libpython3.8.so
[12.316s] -- Configuring done
[13.079s] -- Generating done
[13.103s] -- Build files have been written to: /home/wheeltec/wheeltec_ros2/build/dwb_msgs
[13.528s] [  1%] [34m[1mGenerating C code for ROS interfaces[0m
[13.546s] [  2%] [34m[1mGenerating C++ code for ROS interfaces[0m
[23.044s] [  2%] Built target dwb_msgs__cpp
[23.651s] [  3%] [34m[1mGenerating C++ type support dispatch for ROS interfaces[0m
[23.958s] [  4%] [34m[1mGenerating C++ introspection for ROS interfaces[0m
[24.520s] [  5%] [34m[1mGenerating C++ type support for eProsima Fast-RTPS[0m
[24.526s] [35m[1mScanning dependencies of target dwb_msgs__rosidl_generator_c[0m
[24.807s] [  6%] [32mBuilding C object CMakeFiles/dwb_msgs__rosidl_generator_c.dir/rosidl_generator_c/dwb_msgs/msg/detail/critic_score__functions.c.o[0m
[25.351s] [  7%] [32mBuilding C object CMakeFiles/dwb_msgs__rosidl_generator_c.dir/rosidl_generator_c/dwb_msgs/msg/detail/local_plan_evaluation__functions.c.o[0m
[25.923s] [  8%] [32mBuilding C object CMakeFiles/dwb_msgs__rosidl_generator_c.dir/rosidl_generator_c/dwb_msgs/msg/detail/trajectory2_d__functions.c.o[0m
[26.618s] [  9%] [32mBuilding C object CMakeFiles/dwb_msgs__rosidl_generator_c.dir/rosidl_generator_c/dwb_msgs/msg/detail/trajectory_score__functions.c.o[0m
[27.186s] [ 10%] [32mBuilding C object CMakeFiles/dwb_msgs__rosidl_generator_c.dir/rosidl_generator_c/dwb_msgs/srv/detail/debug_local_plan__functions.c.o[0m
[27.831s] [ 11%] [32mBuilding C object CMakeFiles/dwb_msgs__rosidl_generator_c.dir/rosidl_generator_c/dwb_msgs/srv/detail/generate_trajectory__functions.c.o[0m
[28.415s] [ 12%] [32mBuilding C object CMakeFiles/dwb_msgs__rosidl_generator_c.dir/rosidl_generator_c/dwb_msgs/srv/detail/generate_twists__functions.c.o[0m
[28.943s] [ 13%] [32mBuilding C object CMakeFiles/dwb_msgs__rosidl_generator_c.dir/rosidl_generator_c/dwb_msgs/srv/detail/get_critic_score__functions.c.o[0m
[29.648s] [ 14%] [32mBuilding C object CMakeFiles/dwb_msgs__rosidl_generator_c.dir/rosidl_generator_c/dwb_msgs/srv/detail/score_trajectory__functions.c.o[0m
[30.290s] [ 15%] [32m[1mLinking C shared library libdwb_msgs__rosidl_generator_c.so[0m
[30.961s] [ 15%] Built target dwb_msgs__rosidl_generator_c
[31.237s] [ 16%] [34m[1mGenerating C introspection for ROS interfaces[0m
[31.335s] [35m[1mScanning dependencies of target dwb_msgs__rosidl_typesupport_cpp[0m
[31.630s] [ 17%] [32mBuilding CXX object CMakeFiles/dwb_msgs__rosidl_typesupport_cpp.dir/rosidl_typesupport_cpp/dwb_msgs/msg/critic_score__type_support.cpp.o[0m
[33.938s] [35m[1mScanning dependencies of target dwb_msgs__rosidl_typesupport_introspection_cpp[0m
[34.233s] [ 18%] [32mBuilding CXX object CMakeFiles/dwb_msgs__rosidl_typesupport_introspection_cpp.dir/rosidl_typesupport_introspection_cpp/dwb_msgs/msg/detail/critic_score__type_support.cpp.o[0m
[34.769s] [ 20%] [32mBuilding CXX object CMakeFiles/dwb_msgs__rosidl_typesupport_cpp.dir/rosidl_typesupport_cpp/dwb_msgs/msg/local_plan_evaluation__type_support.cpp.o[0m
[36.109s] [35m[1mScanning dependencies of target dwb_msgs__rosidl_typesupport_fastrtps_cpp[0m
[36.398s] [ 21%] [32mBuilding CXX object CMakeFiles/dwb_msgs__rosidl_typesupport_fastrtps_cpp.dir/rosidl_typesupport_fastrtps_cpp/dwb_msgs/msg/detail/dds_fastrtps/critic_score__type_support.cpp.o[0m
[37.250s] [ 22%] [32mBuilding CXX object CMakeFiles/dwb_msgs__rosidl_typesupport_introspection_cpp.dir/rosidl_typesupport_introspection_cpp/dwb_msgs/msg/detail/local_plan_evaluation__type_support.cpp.o[0m
[37.782s] [ 23%] [32mBuilding CXX object CMakeFiles/dwb_msgs__rosidl_typesupport_cpp.dir/rosidl_typesupport_cpp/dwb_msgs/msg/trajectory2_d__type_support.cpp.o[0m
[40.567s] [ 24%] [32mBuilding CXX object CMakeFiles/dwb_msgs__rosidl_typesupport_introspection_cpp.dir/rosidl_typesupport_introspection_cpp/dwb_msgs/msg/detail/trajectory2_d__type_support.cpp.o[0m
[40.738s] [ 25%] [32mBuilding CXX object CMakeFiles/dwb_msgs__rosidl_typesupport_fastrtps_cpp.dir/rosidl_typesupport_fastrtps_cpp/dwb_msgs/msg/detail/dds_fastrtps/local_plan_evaluation__type_support.cpp.o[0m
[40.854s] [ 26%] [32mBuilding CXX object CMakeFiles/dwb_msgs__rosidl_typesupport_cpp.dir/rosidl_typesupport_cpp/dwb_msgs/msg/trajectory_score__type_support.cpp.o[0m
[41.266s] [35m[1mScanning dependencies of target dwb_msgs__rosidl_typesupport_introspection_c[0m
[41.567s] [ 27%] [32mBuilding C object CMakeFiles/dwb_msgs__rosidl_typesupport_introspection_c.dir/rosidl_typesupport_introspection_c/dwb_msgs/msg/detail/critic_score__type_support.c.o[0m
[41.946s] [ 28%] [32mBuilding C object CMakeFiles/dwb_msgs__rosidl_typesupport_introspection_c.dir/rosidl_typesupport_introspection_c/dwb_msgs/msg/detail/local_plan_evaluation__type_support.c.o[0m
[42.345s] [ 29%] [32mBuilding C object CMakeFiles/dwb_msgs__rosidl_typesupport_introspection_c.dir/rosidl_typesupport_introspection_c/dwb_msgs/msg/detail/trajectory2_d__type_support.c.o[0m
[42.858s] [ 30%] [32mBuilding C object CMakeFiles/dwb_msgs__rosidl_typesupport_introspection_c.dir/rosidl_typesupport_introspection_c/dwb_msgs/msg/detail/trajectory_score__type_support.c.o[0m
[43.273s] [ 31%] [32mBuilding C object CMakeFiles/dwb_msgs__rosidl_typesupport_introspection_c.dir/rosidl_typesupport_introspection_c/dwb_msgs/srv/detail/debug_local_plan__type_support.c.o[0m
[43.765s] [ 32%] [32mBuilding C object CMakeFiles/dwb_msgs__rosidl_typesupport_introspection_c.dir/rosidl_typesupport_introspection_c/dwb_msgs/srv/detail/generate_trajectory__type_support.c.o[0m
[43.837s] [ 33%] [32mBuilding CXX object CMakeFiles/dwb_msgs__rosidl_typesupport_introspection_cpp.dir/rosidl_typesupport_introspection_cpp/dwb_msgs/msg/detail/trajectory_score__type_support.cpp.o[0m
[44.063s] [ 34%] [32mBuilding CXX object CMakeFiles/dwb_msgs__rosidl_typesupport_cpp.dir/rosidl_typesupport_cpp/dwb_msgs/srv/debug_local_plan__type_support.cpp.o[0m
[44.286s] [ 35%] [32mBuilding C object CMakeFiles/dwb_msgs__rosidl_typesupport_introspection_c.dir/rosidl_typesupport_introspection_c/dwb_msgs/srv/detail/generate_twists__type_support.c.o[0m
[44.823s] [ 36%] [32mBuilding C object CMakeFiles/dwb_msgs__rosidl_typesupport_introspection_c.dir/rosidl_typesupport_introspection_c/dwb_msgs/srv/detail/get_critic_score__type_support.c.o[0m
[45.306s] [ 37%] [32mBuilding C object CMakeFiles/dwb_msgs__rosidl_typesupport_introspection_c.dir/rosidl_typesupport_introspection_c/dwb_msgs/srv/detail/score_trajectory__type_support.c.o[0m
[45.789s] [ 38%] [32m[1mLinking C shared library libdwb_msgs__rosidl_typesupport_introspection_c.so[0m
[46.159s] [ 40%] [32mBuilding CXX object CMakeFiles/dwb_msgs__rosidl_typesupport_fastrtps_cpp.dir/rosidl_typesupport_fastrtps_cpp/dwb_msgs/msg/detail/dds_fastrtps/trajectory2_d__type_support.cpp.o[0m
[46.280s] [ 40%] Built target dwb_msgs__rosidl_typesupport_introspection_c
[46.898s] [ 41%] [32mBuilding CXX object CMakeFiles/dwb_msgs__rosidl_typesupport_cpp.dir/rosidl_typesupport_cpp/dwb_msgs/srv/generate_trajectory__type_support.cpp.o[0m
[47.247s] [ 42%] [32mBuilding CXX object CMakeFiles/dwb_msgs__rosidl_typesupport_introspection_cpp.dir/rosidl_typesupport_introspection_cpp/dwb_msgs/srv/detail/debug_local_plan__type_support.cpp.o[0m
[49.245s] [ 43%] [32mBuilding CXX object CMakeFiles/dwb_msgs__rosidl_typesupport_cpp.dir/rosidl_typesupport_cpp/dwb_msgs/srv/generate_twists__type_support.cpp.o[0m
[49.891s] [ 44%] [32mBuilding CXX object CMakeFiles/dwb_msgs__rosidl_typesupport_introspection_cpp.dir/rosidl_typesupport_introspection_cpp/dwb_msgs/srv/detail/generate_trajectory__type_support.cpp.o[0m
[50.151s] [ 45%] [32mBuilding CXX object CMakeFiles/dwb_msgs__rosidl_typesupport_fastrtps_cpp.dir/rosidl_typesupport_fastrtps_cpp/dwb_msgs/msg/detail/dds_fastrtps/trajectory_score__type_support.cpp.o[0m
[51.096s] [ 46%] [32mBuilding CXX object CMakeFiles/dwb_msgs__rosidl_typesupport_cpp.dir/rosidl_typesupport_cpp/dwb_msgs/srv/get_critic_score__type_support.cpp.o[0m
[52.044s] [ 47%] [32mBuilding CXX object CMakeFiles/dwb_msgs__rosidl_typesupport_introspection_cpp.dir/rosidl_typesupport_introspection_cpp/dwb_msgs/srv/detail/generate_twists__type_support.cpp.o[0m
[52.671s] [ 48%] [32mBuilding CXX object CMakeFiles/dwb_msgs__rosidl_typesupport_fastrtps_cpp.dir/rosidl_typesupport_fastrtps_cpp/dwb_msgs/srv/detail/dds_fastrtps/debug_local_plan__type_support.cpp.o[0m
[52.705s] [ 49%] [32mBuilding CXX object CMakeFiles/dwb_msgs__rosidl_typesupport_cpp.dir/rosidl_typesupport_cpp/dwb_msgs/srv/score_trajectory__type_support.cpp.o[0m
[53.819s] [ 50%] [32mBuilding CXX object CMakeFiles/dwb_msgs__rosidl_typesupport_introspection_cpp.dir/rosidl_typesupport_introspection_cpp/dwb_msgs/srv/detail/get_critic_score__type_support.cpp.o[0m
[54.958s] [ 51%] [32m[1mLinking CXX shared library libdwb_msgs__rosidl_typesupport_cpp.so[0m
[55.359s] [ 51%] Built target dwb_msgs__rosidl_typesupport_cpp
[55.774s] [ 52%] [32mBuilding CXX object CMakeFiles/dwb_msgs__rosidl_typesupport_fastrtps_cpp.dir/rosidl_typesupport_fastrtps_cpp/dwb_msgs/srv/detail/dds_fastrtps/generate_trajectory__type_support.cpp.o[0m
[55.891s] [ 53%] [32mBuilding CXX object CMakeFiles/dwb_msgs__rosidl_typesupport_introspection_cpp.dir/rosidl_typesupport_introspection_cpp/dwb_msgs/srv/detail/score_trajectory__type_support.cpp.o[0m
[57.731s] [ 54%] [32m[1mLinking CXX shared library libdwb_msgs__rosidl_typesupport_introspection_cpp.so[0m
[58.330s] [ 55%] [32mBuilding CXX object CMakeFiles/dwb_msgs__rosidl_typesupport_fastrtps_cpp.dir/rosidl_typesupport_fastrtps_cpp/dwb_msgs/srv/detail/dds_fastrtps/generate_twists__type_support.cpp.o[0m
[58.358s] [ 55%] Built target dwb_msgs__rosidl_typesupport_introspection_cpp
[60.458s] [ 56%] [32mBuilding CXX object CMakeFiles/dwb_msgs__rosidl_typesupport_fastrtps_cpp.dir/rosidl_typesupport_fastrtps_cpp/dwb_msgs/srv/detail/dds_fastrtps/score_trajectory__type_support.cpp.o[0m
[62.536s] [ 57%] [32mBuilding CXX object CMakeFiles/dwb_msgs__rosidl_typesupport_fastrtps_cpp.dir/rosidl_typesupport_fastrtps_cpp/dwb_msgs/srv/detail/dds_fastrtps/get_critic_score__type_support.cpp.o[0m
[64.605s] [ 58%] [32m[1mLinking CXX shared library libdwb_msgs__rosidl_typesupport_fastrtps_cpp.so[0m
[65.072s] [ 58%] Built target dwb_msgs__rosidl_typesupport_fastrtps_cpp
[65.148s] [ 60%] [34m[1mGenerating C type support dispatch for ROS interfaces[0m
[68.668s] [35m[1mScanning dependencies of target dwb_msgs__rosidl_typesupport_c[0m
[68.768s] [ 61%] [32mBuilding CXX object CMakeFiles/dwb_msgs__rosidl_typesupport_c.dir/rosidl_typesupport_c/dwb_msgs/msg/critic_score__type_support.cpp.o[0m
[68.929s] [ 62%] [32mBuilding CXX object CMakeFiles/dwb_msgs__rosidl_typesupport_c.dir/rosidl_typesupport_c/dwb_msgs/msg/trajectory2_d__type_support.cpp.o[0m
[69.093s] [ 63%] [32mBuilding CXX object CMakeFiles/dwb_msgs__rosidl_typesupport_c.dir/rosidl_typesupport_c/dwb_msgs/msg/trajectory_score__type_support.cpp.o[0m
[69.261s] [ 64%] [32mBuilding CXX object CMakeFiles/dwb_msgs__rosidl_typesupport_c.dir/rosidl_typesupport_c/dwb_msgs/srv/debug_local_plan__type_support.cpp.o[0m
[69.446s] [ 65%] [32mBuilding CXX object CMakeFiles/dwb_msgs__rosidl_typesupport_c.dir/rosidl_typesupport_c/dwb_msgs/srv/generate_trajectory__type_support.cpp.o[0m
[69.613s] [ 66%] [32mBuilding CXX object CMakeFiles/dwb_msgs__rosidl_typesupport_c.dir/rosidl_typesupport_c/dwb_msgs/srv/generate_twists__type_support.cpp.o[0m
[69.779s] [ 67%] [32mBuilding CXX object CMakeFiles/dwb_msgs__rosidl_typesupport_c.dir/rosidl_typesupport_c/dwb_msgs/srv/get_critic_score__type_support.cpp.o[0m
[69.952s] [ 68%] [32mBuilding CXX object CMakeFiles/dwb_msgs__rosidl_typesupport_c.dir/rosidl_typesupport_c/dwb_msgs/srv/score_trajectory__type_support.cpp.o[0m
[70.129s] [ 69%] [32mBuilding CXX object CMakeFiles/dwb_msgs__rosidl_typesupport_c.dir/rosidl_typesupport_c/dwb_msgs/msg/local_plan_evaluation__type_support.cpp.o[0m
[70.302s] [ 70%] [32m[1mLinking CXX shared library libdwb_msgs__rosidl_typesupport_c.so[0m
[70.533s] [ 70%] Built target dwb_msgs__rosidl_typesupport_c
[70.618s] [ 71%] [34m[1mGenerating C type support for eProsima Fast-RTPS[0m
[75.557s] [35m[1mScanning dependencies of target dwb_msgs__rosidl_typesupport_fastrtps_c[0m
[75.737s] [ 72%] [32mBuilding CXX object CMakeFiles/dwb_msgs__rosidl_typesupport_fastrtps_c.dir/rosidl_typesupport_fastrtps_c/dwb_msgs/msg/detail/critic_score__type_support_c.cpp.o[0m
[77.357s] [ 73%] [32mBuilding CXX object CMakeFiles/dwb_msgs__rosidl_typesupport_fastrtps_c.dir/rosidl_typesupport_fastrtps_c/dwb_msgs/msg/detail/trajectory_score__type_support_c.cpp.o[0m
[78.974s] [ 74%] [32mBuilding CXX object CMakeFiles/dwb_msgs__rosidl_typesupport_fastrtps_c.dir/rosidl_typesupport_fastrtps_c/dwb_msgs/srv/detail/debug_local_plan__type_support_c.cpp.o[0m
[80.677s] [ 75%] [32mBuilding CXX object CMakeFiles/dwb_msgs__rosidl_typesupport_fastrtps_c.dir/rosidl_typesupport_fastrtps_c/dwb_msgs/srv/detail/generate_trajectory__type_support_c.cpp.o[0m
[82.319s] [ 76%] [32mBuilding CXX object CMakeFiles/dwb_msgs__rosidl_typesupport_fastrtps_c.dir/rosidl_typesupport_fastrtps_c/dwb_msgs/srv/detail/generate_twists__type_support_c.cpp.o[0m
[84.030s] [ 77%] [32mBuilding CXX object CMakeFiles/dwb_msgs__rosidl_typesupport_fastrtps_c.dir/rosidl_typesupport_fastrtps_c/dwb_msgs/srv/detail/get_critic_score__type_support_c.cpp.o[0m
[85.773s] [ 78%] [32mBuilding CXX object CMakeFiles/dwb_msgs__rosidl_typesupport_fastrtps_c.dir/rosidl_typesupport_fastrtps_c/dwb_msgs/srv/detail/score_trajectory__type_support_c.cpp.o[0m
[87.460s] [ 80%] [32mBuilding CXX object CMakeFiles/dwb_msgs__rosidl_typesupport_fastrtps_c.dir/rosidl_typesupport_fastrtps_c/dwb_msgs/msg/detail/trajectory2_d__type_support_c.cpp.o[0m
[89.110s] [ 81%] [32mBuilding CXX object CMakeFiles/dwb_msgs__rosidl_typesupport_fastrtps_c.dir/rosidl_typesupport_fastrtps_c/dwb_msgs/msg/detail/local_plan_evaluation__type_support_c.cpp.o[0m
[90.754s] [ 82%] [32m[1mLinking CXX shared library libdwb_msgs__rosidl_typesupport_fastrtps_c.so[0m
[91.150s] [ 82%] Built target dwb_msgs__rosidl_typesupport_fastrtps_c
[91.300s] [ 82%] Built target dwb_msgs
[91.452s] [ 83%] [34m[1mGenerating Python code for ROS interfaces[0m
[101.121s] [ 83%] Built target dwb_msgs__py
[101.208s] [35m[1mScanning dependencies of target dwb_msgs__python[0m
[101.405s] [ 84%] [32mBuilding C object CMakeFiles/dwb_msgs__python.dir/rosidl_generator_py/dwb_msgs/msg/_critic_score_s.c.o[0m
[101.882s] [ 85%] [32mBuilding C object CMakeFiles/dwb_msgs__python.dir/rosidl_generator_py/dwb_msgs/msg/_trajectory_score_s.c.o[0m
[102.382s] [ 86%] [32mBuilding C object CMakeFiles/dwb_msgs__python.dir/rosidl_generator_py/dwb_msgs/srv/_debug_local_plan_s.c.o[0m
[102.856s] [ 87%] [32mBuilding C object CMakeFiles/dwb_msgs__python.dir/rosidl_generator_py/dwb_msgs/srv/_generate_trajectory_s.c.o[0m
[103.341s] [ 88%] [32mBuilding C object CMakeFiles/dwb_msgs__python.dir/rosidl_generator_py/dwb_msgs/srv/_generate_twists_s.c.o[0m
[103.862s] [ 89%] [32mBuilding C object CMakeFiles/dwb_msgs__python.dir/rosidl_generator_py/dwb_msgs/srv/_get_critic_score_s.c.o[0m
[104.380s] [ 90%] [32mBuilding C object CMakeFiles/dwb_msgs__python.dir/rosidl_generator_py/dwb_msgs/srv/_score_trajectory_s.c.o[0m
[104.862s] [ 91%] [32mBuilding C object CMakeFiles/dwb_msgs__python.dir/rosidl_generator_py/dwb_msgs/msg/_trajectory2_d_s.c.o[0m
[105.315s] [ 92%] [32mBuilding C object CMakeFiles/dwb_msgs__python.dir/rosidl_generator_py/dwb_msgs/msg/_local_plan_evaluation_s.c.o[0m
[105.806s] [ 93%] [32m[1mLinking C shared library rosidl_generator_py/dwb_msgs/libdwb_msgs__python.so[0m
[106.097s] [ 93%] Built target dwb_msgs__python
[106.184s] [35m[1mScanning dependencies of target dwb_msgs__rosidl_typesupport_c__pyext[0m
[106.320s] [ 94%] [32mBuilding C object CMakeFiles/dwb_msgs__rosidl_typesupport_c__pyext.dir/rosidl_generator_py/dwb_msgs/_dwb_msgs_s.ep.rosidl_typesupport_c.c.o[0m
[106.985s] [ 95%] [32m[1mLinking C shared library rosidl_generator_py/dwb_msgs/dwb_msgs_s__rosidl_typesupport_c.cpython-38-aarch64-linux-gnu.so[0m
[107.230s] [ 95%] Built target dwb_msgs__rosidl_typesupport_c__pyext
[107.314s] [35m[1mScanning dependencies of target dwb_msgs__rosidl_typesupport_fastrtps_c__pyext[0m
[107.474s] [ 96%] [32mBuilding C object CMakeFiles/dwb_msgs__rosidl_typesupport_fastrtps_c__pyext.dir/rosidl_generator_py/dwb_msgs/_dwb_msgs_s.ep.rosidl_typesupport_fastrtps_c.c.o[0m
[108.115s] [ 97%] [32m[1mLinking CXX shared library rosidl_generator_py/dwb_msgs/dwb_msgs_s__rosidl_typesupport_fastrtps_c.cpython-38-aarch64-linux-gnu.so[0m
[108.512s] [ 97%] Built target dwb_msgs__rosidl_typesupport_fastrtps_c__pyext
[108.592s] [35m[1mScanning dependencies of target dwb_msgs__rosidl_typesupport_introspection_c__pyext[0m
[108.727s] [ 98%] [32mBuilding C object CMakeFiles/dwb_msgs__rosidl_typesupport_introspection_c__pyext.dir/rosidl_generator_py/dwb_msgs/_dwb_msgs_s.ep.rosidl_typesupport_introspection_c.c.o[0m
[109.383s] [100%] [32m[1mLinking C shared library rosidl_generator_py/dwb_msgs/dwb_msgs_s__rosidl_typesupport_introspection_c.cpython-38-aarch64-linux-gnu.so[0m
[109.654s] [100%] Built target dwb_msgs__rosidl_typesupport_introspection_c__pyext
[109.733s] Invoked command in '/home/wheeltec/wheeltec_ros2/build/dwb_msgs' returned '0': CMAKE_PREFIX_PATH=/home/wheeltec/wheeltec_ros2/install/nav_2d_msgs:/home/wheeltec/wheeltec_ros2/install/wheeltec_slam_toolbox:/home/wheeltec/wheeltec_ros2/install/wheeltec_rrt_msg:/home/wheeltec/wheeltec_ros2/install/wheeltec_robot_urdf:/home/wheeltec/wheeltec_ros2/install/wheeltec_robot_rtab:/home/wheeltec/wheeltec_ros2/install/wheeltec_robot_rrt:/home/wheeltec/wheeltec_ros2/install/turn_on_wheeltec_robot:/home/wheeltec/wheeltec_ros2/install/wheeltec_robot_msg:/home/wheeltec/wheeltec_ros2/install/wheeltec_nav2:/home/wheeltec/wheeltec_ros2/install/wheeltec_joy:/home/wheeltec/wheeltec_ros2/install/wheeltec_cartographer:/home/wheeltec/wheeltec_ros2/install/web_video_server:/home/wheeltec/wheeltec_ros2/install/usb_cam:/home/wheeltec/wheeltec_ros2/install/slam_gmapping:/home/wheeltec/wheeltec_ros2/install/serial:/home/wheeltec/wheeltec_ros2/install/rplidar_ros2:/home/wheeltec/wheeltec_ros2/install/ros2_astra_camera:/home/wheeltec/wheeltec_ros2/install/ar_track_alvar:/home/wheeltec/wheeltec_ros2/install/perception_pcl:/home/wheeltec/wheeltec_ros2/install/pcl_ros:/home/wheeltec/wheeltec_ros2/install/lslidar_driver:/home/wheeltec/wheeltec_ros2/install/pcl_conversions:/home/wheeltec/wheeltec_ros2/install/openslam_gmapping:/home/wheeltec/wheeltec_ros2/install/nav2_system_tests:/home/wheeltec/wheeltec_ros2/install/nav2_bringup:/home/wheeltec/wheeltec_ros2/install/navigation2:/home/wheeltec/wheeltec_ros2/install/nav2_dwb_controller:/home/wheeltec/wheeltec_ros2/install/nav2_controller:/home/wheeltec/wheeltec_ros2/install/dwb_plugins:/home/wheeltec/wheeltec_ros2/install/dwb_critics:/home/wheeltec/wheeltec_ros2/install/dwb_core:/home/wheeltec/wheeltec_ros2/install/nav_2d_utils:/home/wheeltec/wheeltec_ros2/install/dwb_msgs:/home/wheeltec/wheeltec_ros2/install/nav2_waypoint_follower:/home/wheeltec/wheeltec_ros2/install/nav2_theta_star_planner:/home/wheeltec/wheeltec_ros2/install/nav2_smac_planner:/home/wheeltec/wheeltec_ros2/install/nav2_rotation_shim_controller:/home/wheeltec/wheeltec_ros2/install/nav2_regulated_pure_pursuit_controller:/home/wheeltec/wheeltec_ros2/install/nav2_recoveries:/home/wheeltec/wheeltec_ros2/install/nav2_planner:/home/wheeltec/wheeltec_ros2/install/nav2_navfn_planner:/home/wheeltec/wheeltec_ros2/install/nav2_bt_navigator:/home/wheeltec/wheeltec_ros2/install/nav2_core:/home/wheeltec/wheeltec_ros2/install/costmap_queue:/home/wheeltec/wheeltec_ros2/install/nav2_costmap_2d:/home/wheeltec/wheeltec_ros2/install/nav2_voxel_grid:/home/wheeltec/wheeltec_ros2/install/nav2_rviz_plugins:/home/wheeltec/wheeltec_ros2/install/nav2_map_server:/home/wheeltec/wheeltec_ros2/install/nav2_lifecycle_manager:/home/wheeltec/wheeltec_ros2/install/nav2_behavior_tree:/home/wheeltec/wheeltec_ros2/install/nav2_amcl:/home/wheeltec/wheeltec_ros2/install/nav2_util:/home/wheeltec/wheeltec_ros2/install/nav2_msgs:/home/wheeltec/wheeltec_ros2/install/nav2_common:/home/wheeltec/wheeltec_ros2/install/lsn10:/home/wheeltec/wheeltec_ros2/install/lsm10_v2:/home/wheeltec/wheeltec_ros2/install/lslidar_msgs:/home/wheeltec/wheeltec_ros2/install/lidar_ros2:/home/wheeltec/wheeltec_ros2/install/ldlidar_stl_ros2:/home/wheeltec/wheeltec_ros2/install/ldlidar_sl_ros2:/home/wheeltec/wheeltec_ros2/install/astra_msgs:/home/wheeltec/wheeltec_ros2/install/astra_camera:/home/wheeltec/wheeltec_ros2/install/astra_camera_msgs:/home/wheeltec/wheeltec_ros2/install/ar_track_alvar_msgs:/home/wheeltec/wheeltec_ros2/install/ackermann_msgs:/home/wheeltec/wheeltec_ros2/install/simple_follower_ros2:/home/wheeltec/wheeltec_ros2/install/wheeltec_robot_keyboard:/home/wheeltec/wheeltec_ros2/install/tf2_tools:/home/wheeltec/wheeltec_ros2/install/nav2_simple_commander:/home/wheeltec/wheeltec_ros2/install/nav2_gazebo_spawner:/opt/ros/galactic LD_LIBRARY_PATH=/home/wheeltec/wheeltec_ros2/install/nav_2d_msgs/lib:/home/wheeltec/wheeltec_ros2/install/wheeltec_rrt_msg/lib:/home/wheeltec/wheeltec_ros2/install/wheeltec_robot_rrt/lib:/home/wheeltec/wheeltec_ros2/install/turn_on_wheeltec_robot/lib:/home/wheeltec/wheeltec_ros2/install/wheeltec_robot_msg/lib:/home/wheeltec/wheeltec_ros2/install/usb_cam/lib:/home/wheeltec/wheeltec_ros2/install/serial/lib:/home/wheeltec/wheeltec_ros2/install/ros2_astra_camera/lib:/home/wheeltec/wheeltec_ros2/install/ar_track_alvar/lib:/home/wheeltec/wheeltec_ros2/install/pcl_ros/lib:/home/wheeltec/wheeltec_ros2/install/openslam_gmapping/lib:/home/wheeltec/wheeltec_ros2/install/nav2_controller/lib:/home/wheeltec/wheeltec_ros2/install/dwb_plugins/lib:/home/wheeltec/wheeltec_ros2/install/dwb_critics/lib:/home/wheeltec/wheeltec_ros2/install/dwb_core/lib:/home/wheeltec/wheeltec_ros2/install/nav_2d_utils/lib:/home/wheeltec/wheeltec_ros2/install/dwb_msgs/lib:/home/wheeltec/wheeltec_ros2/install/nav2_waypoint_follower/lib:/home/wheeltec/wheeltec_ros2/install/nav2_theta_star_planner/lib:/home/wheeltec/wheeltec_ros2/install/nav2_smac_planner/lib:/home/wheeltec/wheeltec_ros2/install/nav2_rotation_shim_controller/lib:/home/wheeltec/wheeltec_ros2/install/nav2_regulated_pure_pursuit_controller/lib:/home/wheeltec/wheeltec_ros2/install/nav2_recoveries/lib:/home/wheeltec/wheeltec_ros2/install/nav2_planner/lib:/home/wheeltec/wheeltec_ros2/install/nav2_navfn_planner/lib:/home/wheeltec/wheeltec_ros2/install/nav2_bt_navigator/lib:/home/wheeltec/wheeltec_ros2/install/costmap_queue/lib:/home/wheeltec/wheeltec_ros2/install/nav2_costmap_2d/lib:/home/wheeltec/wheeltec_ros2/install/nav2_voxel_grid/lib:/home/wheeltec/wheeltec_ros2/install/nav2_rviz_plugins/lib:/home/wheeltec/wheeltec_ros2/install/nav2_map_server/lib:/home/wheeltec/wheeltec_ros2/install/nav2_lifecycle_manager/lib:/home/wheeltec/wheeltec_ros2/install/nav2_behavior_tree/lib:/home/wheeltec/wheeltec_ros2/install/nav2_amcl/lib:/home/wheeltec/wheeltec_ros2/install/nav2_util/lib:/home/wheeltec/wheeltec_ros2/install/nav2_msgs/lib:/home/wheeltec/wheeltec_ros2/install/lsm10_v2/lib:/home/wheeltec/wheeltec_ros2/install/lslidar_msgs/lib:/home/wheeltec/wheeltec_ros2/install/astra_msgs/lib:/home/wheeltec/wheeltec_ros2/install/astra_camera/lib:/home/wheeltec/wheeltec_ros2/install/astra_camera_msgs/lib:/home/wheeltec/wheeltec_ros2/install/ar_track_alvar_msgs/lib:/home/wheeltec/wheeltec_ros2/install/ackermann_msgs/lib:/usr/lib/aarch64-linux-gnu/gazebo-11/plugins:/opt/ros/galactic/opt/yaml_cpp_vendor/lib:/opt/ros/galactic/opt/rviz_ogre_vendor/lib:/opt/ros/galactic/lib/aarch64-linux-gnu:/opt/ros/galactic/lib:/home/wheeltec/wheeltec_ros2/src/ros2_astra_camera-main/ros2_astra_camera/lib/openni2_redist/x64 PYTHONPATH=/home/wheeltec/wheeltec_ros2/install/nav_2d_msgs/lib/python3.8/site-packages:/home/wheeltec/wheeltec_ros2/install/wheeltec_rrt_msg/lib/python3.8/site-packages:/home/wheeltec/wheeltec_ros2/install/simple_follower_ros2/lib/python3.8/site-packages:/home/wheeltec/wheeltec_ros2/install/turn_on_wheeltec_robot/lib/python3.8/site-packages:/home/wheeltec/wheeltec_ros2/install/wheeltec_robot_msg/lib/python3.8/site-packages:/home/wheeltec/wheeltec_ros2/install/wheeltec_robot_keyboard/lib/python3.8/site-packages:/home/wheeltec/wheeltec_ros2/install/tf2_tools/lib/python3.8/site-packages:/home/wheeltec/wheeltec_ros2/install/dwb_msgs/lib/python3.8/site-packages:/home/wheeltec/wheeltec_ros2/install/nav2_simple_commander/lib/python3.8/site-packages:/home/wheeltec/wheeltec_ros2/install/nav2_msgs/lib/python3.8/site-packages:/home/wheeltec/wheeltec_ros2/install/nav2_gazebo_spawner/lib/python3.8/site-packages:/home/wheeltec/wheeltec_ros2/install/nav2_common/lib/python3.8/site-packages:/home/wheeltec/wheeltec_ros2/install/lsm10_v2/lib/python3.8/site-packages:/home/wheeltec/wheeltec_ros2/install/lslidar_msgs/lib/python3.8/site-packages:/home/wheeltec/wheeltec_ros2/install/astra_msgs/lib/python3.8/site-packages:/home/wheeltec/wheeltec_ros2/install/astra_camera_msgs/lib/python3.8/site-packages:/home/wheeltec/wheeltec_ros2/install/ar_track_alvar_msgs/lib/python3.8/site-packages:/home/wheeltec/wheeltec_ros2/install/ackermann_msgs/lib/python3.8/site-packages:/opt/ros/galactic/lib/python3.8/site-packages /usr/bin/cmake --build /home/wheeltec/wheeltec_ros2/build/dwb_msgs -- -j4 -l4
[111.378s] Invoking command in '/home/wheeltec/wheeltec_ros2/build/dwb_msgs': CMAKE_PREFIX_PATH=/home/wheeltec/wheeltec_ros2/install/nav_2d_msgs:/home/wheeltec/wheeltec_ros2/install/wheeltec_slam_toolbox:/home/wheeltec/wheeltec_ros2/install/wheeltec_rrt_msg:/home/wheeltec/wheeltec_ros2/install/wheeltec_robot_urdf:/home/wheeltec/wheeltec_ros2/install/wheeltec_robot_rtab:/home/wheeltec/wheeltec_ros2/install/wheeltec_robot_rrt:/home/wheeltec/wheeltec_ros2/install/turn_on_wheeltec_robot:/home/wheeltec/wheeltec_ros2/install/wheeltec_robot_msg:/home/wheeltec/wheeltec_ros2/install/wheeltec_nav2:/home/wheeltec/wheeltec_ros2/install/wheeltec_joy:/home/wheeltec/wheeltec_ros2/install/wheeltec_cartographer:/home/wheeltec/wheeltec_ros2/install/web_video_server:/home/wheeltec/wheeltec_ros2/install/usb_cam:/home/wheeltec/wheeltec_ros2/install/slam_gmapping:/home/wheeltec/wheeltec_ros2/install/serial:/home/wheeltec/wheeltec_ros2/install/rplidar_ros2:/home/wheeltec/wheeltec_ros2/install/ros2_astra_camera:/home/wheeltec/wheeltec_ros2/install/ar_track_alvar:/home/wheeltec/wheeltec_ros2/install/perception_pcl:/home/wheeltec/wheeltec_ros2/install/pcl_ros:/home/wheeltec/wheeltec_ros2/install/lslidar_driver:/home/wheeltec/wheeltec_ros2/install/pcl_conversions:/home/wheeltec/wheeltec_ros2/install/openslam_gmapping:/home/wheeltec/wheeltec_ros2/install/nav2_system_tests:/home/wheeltec/wheeltec_ros2/install/nav2_bringup:/home/wheeltec/wheeltec_ros2/install/navigation2:/home/wheeltec/wheeltec_ros2/install/nav2_dwb_controller:/home/wheeltec/wheeltec_ros2/install/nav2_controller:/home/wheeltec/wheeltec_ros2/install/dwb_plugins:/home/wheeltec/wheeltec_ros2/install/dwb_critics:/home/wheeltec/wheeltec_ros2/install/dwb_core:/home/wheeltec/wheeltec_ros2/install/nav_2d_utils:/home/wheeltec/wheeltec_ros2/install/dwb_msgs:/home/wheeltec/wheeltec_ros2/install/nav2_waypoint_follower:/home/wheeltec/wheeltec_ros2/install/nav2_theta_star_planner:/home/wheeltec/wheeltec_ros2/install/nav2_smac_planner:/home/wheeltec/wheeltec_ros2/install/nav2_rotation_shim_controller:/home/wheeltec/wheeltec_ros2/install/nav2_regulated_pure_pursuit_controller:/home/wheeltec/wheeltec_ros2/install/nav2_recoveries:/home/wheeltec/wheeltec_ros2/install/nav2_planner:/home/wheeltec/wheeltec_ros2/install/nav2_navfn_planner:/home/wheeltec/wheeltec_ros2/install/nav2_bt_navigator:/home/wheeltec/wheeltec_ros2/install/nav2_core:/home/wheeltec/wheeltec_ros2/install/costmap_queue:/home/wheeltec/wheeltec_ros2/install/nav2_costmap_2d:/home/wheeltec/wheeltec_ros2/install/nav2_voxel_grid:/home/wheeltec/wheeltec_ros2/install/nav2_rviz_plugins:/home/wheeltec/wheeltec_ros2/install/nav2_map_server:/home/wheeltec/wheeltec_ros2/install/nav2_lifecycle_manager:/home/wheeltec/wheeltec_ros2/install/nav2_behavior_tree:/home/wheeltec/wheeltec_ros2/install/nav2_amcl:/home/wheeltec/wheeltec_ros2/install/nav2_util:/home/wheeltec/wheeltec_ros2/install/nav2_msgs:/home/wheeltec/wheeltec_ros2/install/nav2_common:/home/wheeltec/wheeltec_ros2/install/lsn10:/home/wheeltec/wheeltec_ros2/install/lsm10_v2:/home/wheeltec/wheeltec_ros2/install/lslidar_msgs:/home/wheeltec/wheeltec_ros2/install/lidar_ros2:/home/wheeltec/wheeltec_ros2/install/ldlidar_stl_ros2:/home/wheeltec/wheeltec_ros2/install/ldlidar_sl_ros2:/home/wheeltec/wheeltec_ros2/install/astra_msgs:/home/wheeltec/wheeltec_ros2/install/astra_camera:/home/wheeltec/wheeltec_ros2/install/astra_camera_msgs:/home/wheeltec/wheeltec_ros2/install/ar_track_alvar_msgs:/home/wheeltec/wheeltec_ros2/install/ackermann_msgs:/home/wheeltec/wheeltec_ros2/install/simple_follower_ros2:/home/wheeltec/wheeltec_ros2/install/wheeltec_robot_keyboard:/home/wheeltec/wheeltec_ros2/install/tf2_tools:/home/wheeltec/wheeltec_ros2/install/nav2_simple_commander:/home/wheeltec/wheeltec_ros2/install/nav2_gazebo_spawner:/opt/ros/galactic LD_LIBRARY_PATH=/home/wheeltec/wheeltec_ros2/install/nav_2d_msgs/lib:/home/wheeltec/wheeltec_ros2/install/wheeltec_rrt_msg/lib:/home/wheeltec/wheeltec_ros2/install/wheeltec_robot_rrt/lib:/home/wheeltec/wheeltec_ros2/install/turn_on_wheeltec_robot/lib:/home/wheeltec/wheeltec_ros2/install/wheeltec_robot_msg/lib:/home/wheeltec/wheeltec_ros2/install/usb_cam/lib:/home/wheeltec/wheeltec_ros2/install/serial/lib:/home/wheeltec/wheeltec_ros2/install/ros2_astra_camera/lib:/home/wheeltec/wheeltec_ros2/install/ar_track_alvar/lib:/home/wheeltec/wheeltec_ros2/install/pcl_ros/lib:/home/wheeltec/wheeltec_ros2/install/openslam_gmapping/lib:/home/wheeltec/wheeltec_ros2/install/nav2_controller/lib:/home/wheeltec/wheeltec_ros2/install/dwb_plugins/lib:/home/wheeltec/wheeltec_ros2/install/dwb_critics/lib:/home/wheeltec/wheeltec_ros2/install/dwb_core/lib:/home/wheeltec/wheeltec_ros2/install/nav_2d_utils/lib:/home/wheeltec/wheeltec_ros2/install/dwb_msgs/lib:/home/wheeltec/wheeltec_ros2/install/nav2_waypoint_follower/lib:/home/wheeltec/wheeltec_ros2/install/nav2_theta_star_planner/lib:/home/wheeltec/wheeltec_ros2/install/nav2_smac_planner/lib:/home/wheeltec/wheeltec_ros2/install/nav2_rotation_shim_controller/lib:/home/wheeltec/wheeltec_ros2/install/nav2_regulated_pure_pursuit_controller/lib:/home/wheeltec/wheeltec_ros2/install/nav2_recoveries/lib:/home/wheeltec/wheeltec_ros2/install/nav2_planner/lib:/home/wheeltec/wheeltec_ros2/install/nav2_navfn_planner/lib:/home/wheeltec/wheeltec_ros2/install/nav2_bt_navigator/lib:/home/wheeltec/wheeltec_ros2/install/costmap_queue/lib:/home/wheeltec/wheeltec_ros2/install/nav2_costmap_2d/lib:/home/wheeltec/wheeltec_ros2/install/nav2_voxel_grid/lib:/home/wheeltec/wheeltec_ros2/install/nav2_rviz_plugins/lib:/home/wheeltec/wheeltec_ros2/install/nav2_map_server/lib:/home/wheeltec/wheeltec_ros2/install/nav2_lifecycle_manager/lib:/home/wheeltec/wheeltec_ros2/install/nav2_behavior_tree/lib:/home/wheeltec/wheeltec_ros2/install/nav2_amcl/lib:/home/wheeltec/wheeltec_ros2/install/nav2_util/lib:/home/wheeltec/wheeltec_ros2/install/nav2_msgs/lib:/home/wheeltec/wheeltec_ros2/install/lsm10_v2/lib:/home/wheeltec/wheeltec_ros2/install/lslidar_msgs/lib:/home/wheeltec/wheeltec_ros2/install/astra_msgs/lib:/home/wheeltec/wheeltec_ros2/install/astra_camera/lib:/home/wheeltec/wheeltec_ros2/install/astra_camera_msgs/lib:/home/wheeltec/wheeltec_ros2/install/ar_track_alvar_msgs/lib:/home/wheeltec/wheeltec_ros2/install/ackermann_msgs/lib:/usr/lib/aarch64-linux-gnu/gazebo-11/plugins:/opt/ros/galactic/opt/yaml_cpp_vendor/lib:/opt/ros/galactic/opt/rviz_ogre_vendor/lib:/opt/ros/galactic/lib/aarch64-linux-gnu:/opt/ros/galactic/lib:/home/wheeltec/wheeltec_ros2/src/ros2_astra_camera-main/ros2_astra_camera/lib/openni2_redist/x64 PYTHONPATH=/home/wheeltec/wheeltec_ros2/install/nav_2d_msgs/lib/python3.8/site-packages:/home/wheeltec/wheeltec_ros2/install/wheeltec_rrt_msg/lib/python3.8/site-packages:/home/wheeltec/wheeltec_ros2/install/simple_follower_ros2/lib/python3.8/site-packages:/home/wheeltec/wheeltec_ros2/install/turn_on_wheeltec_robot/lib/python3.8/site-packages:/home/wheeltec/wheeltec_ros2/install/wheeltec_robot_msg/lib/python3.8/site-packages:/home/wheeltec/wheeltec_ros2/install/wheeltec_robot_keyboard/lib/python3.8/site-packages:/home/wheeltec/wheeltec_ros2/install/tf2_tools/lib/python3.8/site-packages:/home/wheeltec/wheeltec_ros2/install/dwb_msgs/lib/python3.8/site-packages:/home/wheeltec/wheeltec_ros2/install/nav2_simple_commander/lib/python3.8/site-packages:/home/wheeltec/wheeltec_ros2/install/nav2_msgs/lib/python3.8/site-packages:/home/wheeltec/wheeltec_ros2/install/nav2_gazebo_spawner/lib/python3.8/site-packages:/home/wheeltec/wheeltec_ros2/install/nav2_common/lib/python3.8/site-packages:/home/wheeltec/wheeltec_ros2/install/lsm10_v2/lib/python3.8/site-packages:/home/wheeltec/wheeltec_ros2/install/lslidar_msgs/lib/python3.8/site-packages:/home/wheeltec/wheeltec_ros2/install/astra_msgs/lib/python3.8/site-packages:/home/wheeltec/wheeltec_ros2/install/astra_camera_msgs/lib/python3.8/site-packages:/home/wheeltec/wheeltec_ros2/install/ar_track_alvar_msgs/lib/python3.8/site-packages:/home/wheeltec/wheeltec_ros2/install/ackermann_msgs/lib/python3.8/site-packages:/opt/ros/galactic/lib/python3.8/site-packages /usr/bin/cmake --install /home/wheeltec/wheeltec_ros2/build/dwb_msgs
[111.439s] -- Install configuration: ""
[111.441s] -- Up-to-date: /home/wheeltec/wheeltec_ros2/install/dwb_msgs/share/ament_index/resource_index/rosidl_interfaces/dwb_msgs
[111.442s] -- Up-to-date: /home/wheeltec/wheeltec_ros2/install/dwb_msgs/include/dwb_msgs
[111.443s] -- Up-to-date: /home/wheeltec/wheeltec_ros2/install/dwb_msgs/include/dwb_msgs/msg
[111.445s] -- Installing: /home/wheeltec/wheeltec_ros2/install/dwb_msgs/include/dwb_msgs/msg/local_plan_evaluation.h
[111.446s] -- Up-to-date: /home/wheeltec/wheeltec_ros2/install/dwb_msgs/include/dwb_msgs/msg/detail
[111.447s] -- Installing: /home/wheeltec/wheeltec_ros2/install/dwb_msgs/include/dwb_msgs/msg/detail/trajectory_score__type_support.h
[111.449s] -- Installing: /home/wheeltec/wheeltec_ros2/install/dwb_msgs/include/dwb_msgs/msg/detail/trajectory2_d__functions.c
[111.450s] -- Installing: /home/wheeltec/wheeltec_ros2/install/dwb_msgs/include/dwb_msgs/msg/detail/trajectory_score__functions.h
[111.451s] -- Installing: /home/wheeltec/wheeltec_ros2/install/dwb_msgs/include/dwb_msgs/msg/detail/critic_score__struct.h
[111.453s] -- Installing: /home/wheeltec/wheeltec_ros2/install/dwb_msgs/include/dwb_msgs/msg/detail/trajectory_score__struct.h
[111.454s] -- Installing: /home/wheeltec/wheeltec_ros2/install/dwb_msgs/include/dwb_msgs/msg/detail/critic_score__functions.h
[111.455s] -- Installing: /home/wheeltec/wheeltec_ros2/install/dwb_msgs/include/dwb_msgs/msg/detail/critic_score__functions.c
[111.457s] -- Installing: /home/wheeltec/wheeltec_ros2/install/dwb_msgs/include/dwb_msgs/msg/detail/local_plan_evaluation__functions.c
[111.458s] -- Installing: /home/wheeltec/wheeltec_ros2/install/dwb_msgs/include/dwb_msgs/msg/detail/trajectory2_d__struct.h
[111.460s] -- Installing: /home/wheeltec/wheeltec_ros2/install/dwb_msgs/include/dwb_msgs/msg/detail/critic_score__type_support.h
[111.461s] -- Installing: /home/wheeltec/wheeltec_ros2/install/dwb_msgs/include/dwb_msgs/msg/detail/trajectory2_d__functions.h
[111.462s] -- Installing: /home/wheeltec/wheeltec_ros2/install/dwb_msgs/include/dwb_msgs/msg/detail/trajectory2_d__type_support.h
[111.464s] -- Installing: /home/wheeltec/wheeltec_ros2/install/dwb_msgs/include/dwb_msgs/msg/detail/trajectory_score__functions.c
[111.466s] -- Installing: /home/wheeltec/wheeltec_ros2/install/dwb_msgs/include/dwb_msgs/msg/detail/local_plan_evaluation__functions.h
[111.466s] -- Installing: /home/wheeltec/wheeltec_ros2/install/dwb_msgs/include/dwb_msgs/msg/detail/local_plan_evaluation__type_support.h
[111.467s] -- Installing: /home/wheeltec/wheeltec_ros2/install/dwb_msgs/include/dwb_msgs/msg/detail/local_plan_evaluation__struct.h
[111.469s] -- Installing: /home/wheeltec/wheeltec_ros2/install/dwb_msgs/include/dwb_msgs/msg/trajectory2_d.h
[111.470s] -- Up-to-date: /home/wheeltec/wheeltec_ros2/install/dwb_msgs/include/dwb_msgs/msg/rosidl_generator_c__visibility_control.h
[111.471s] -- Installing: /home/wheeltec/wheeltec_ros2/install/dwb_msgs/include/dwb_msgs/msg/critic_score.h
[111.472s] -- Installing: /home/wheeltec/wheeltec_ros2/install/dwb_msgs/include/dwb_msgs/msg/trajectory_score.h
[111.473s] -- Up-to-date: /home/wheeltec/wheeltec_ros2/install/dwb_msgs/include/dwb_msgs/srv
[111.475s] -- Installing: /home/wheeltec/wheeltec_ros2/install/dwb_msgs/include/dwb_msgs/srv/generate_trajectory.h
[111.476s] -- Up-to-date: /home/wheeltec/wheeltec_ros2/install/dwb_msgs/include/dwb_msgs/srv/detail
[111.477s] -- Installing: /home/wheeltec/wheeltec_ros2/install/dwb_msgs/include/dwb_msgs/srv/detail/score_trajectory__struct.h
[111.478s] -- Installing: /home/wheeltec/wheeltec_ros2/install/dwb_msgs/include/dwb_msgs/srv/detail/generate_trajectory__functions.h
[111.480s] -- Installing: /home/wheeltec/wheeltec_ros2/install/dwb_msgs/include/dwb_msgs/srv/detail/get_critic_score__type_support.h
[111.482s] -- Installing: /home/wheeltec/wheeltec_ros2/install/dwb_msgs/include/dwb_msgs/srv/detail/debug_local_plan__functions.c
[111.483s] -- Installing: /home/wheeltec/wheeltec_ros2/install/dwb_msgs/include/dwb_msgs/srv/detail/score_trajectory__functions.h
[111.484s] -- Installing: /home/wheeltec/wheeltec_ros2/install/dwb_msgs/include/dwb_msgs/srv/detail/debug_local_plan__struct.h
[111.486s] -- Installing: /home/wheeltec/wheeltec_ros2/install/dwb_msgs/include/dwb_msgs/srv/detail/generate_twists__type_support.h
[111.487s] -- Installing: /home/wheeltec/wheeltec_ros2/install/dwb_msgs/include/dwb_msgs/srv/detail/debug_local_plan__functions.h
[111.489s] -- Installing: /home/wheeltec/wheeltec_ros2/install/dwb_msgs/include/dwb_msgs/srv/detail/get_critic_score__struct.h
[111.490s] -- Installing: /home/wheeltec/wheeltec_ros2/install/dwb_msgs/include/dwb_msgs/srv/detail/generate_trajectory__struct.h
[111.491s] -- Installing: /home/wheeltec/wheeltec_ros2/install/dwb_msgs/include/dwb_msgs/srv/detail/generate_twists__functions.h
[111.493s] -- Installing: /home/wheeltec/wheeltec_ros2/install/dwb_msgs/include/dwb_msgs/srv/detail/debug_local_plan__type_support.h
[111.494s] -- Installing: /home/wheeltec/wheeltec_ros2/install/dwb_msgs/include/dwb_msgs/srv/detail/get_critic_score__functions.c
[111.496s] -- Installing: /home/wheeltec/wheeltec_ros2/install/dwb_msgs/include/dwb_msgs/srv/detail/generate_trajectory__functions.c
[111.497s] -- Installing: /home/wheeltec/wheeltec_ros2/install/dwb_msgs/include/dwb_msgs/srv/detail/score_trajectory__functions.c
[111.499s] -- Installing: /home/wheeltec/wheeltec_ros2/install/dwb_msgs/include/dwb_msgs/srv/detail/generate_twists__functions.c
[111.500s] -- Installing: /home/wheeltec/wheeltec_ros2/install/dwb_msgs/include/dwb_msgs/srv/detail/generate_trajectory__type_support.h
[111.501s] -- Installing: /home/wheeltec/wheeltec_ros2/install/dwb_msgs/include/dwb_msgs/srv/detail/generate_twists__struct.h
[111.503s] -- Installing: /home/wheeltec/wheeltec_ros2/install/dwb_msgs/include/dwb_msgs/srv/detail/score_trajectory__type_support.h
[111.504s] -- Installing: /home/wheeltec/wheeltec_ros2/install/dwb_msgs/include/dwb_msgs/srv/detail/get_critic_score__functions.h
[111.505s] -- Installing: /home/wheeltec/wheeltec_ros2/install/dwb_msgs/include/dwb_msgs/srv/generate_twists.h
[111.506s] -- Installing: /home/wheeltec/wheeltec_ros2/install/dwb_msgs/include/dwb_msgs/srv/debug_local_plan.h
[111.508s] -- Installing: /home/wheeltec/wheeltec_ros2/install/dwb_msgs/include/dwb_msgs/srv/get_critic_score.h
[111.509s] -- Installing: /home/wheeltec/wheeltec_ros2/install/dwb_msgs/include/dwb_msgs/srv/score_trajectory.h
[111.511s] -- Up-to-date: /home/wheeltec/wheeltec_ros2/install/dwb_msgs/share/dwb_msgs/environment/library_path.sh
[111.512s] -- Installing: /home/wheeltec/wheeltec_ros2/install/dwb_msgs/share/dwb_msgs/environment/library_path.dsv
[111.515s] -- Installing: /home/wheeltec/wheeltec_ros2/install/dwb_msgs/lib/libdwb_msgs__rosidl_generator_c.so
[111.518s] -- Set runtime path of "/home/wheeltec/wheeltec_ros2/install/dwb_msgs/lib/libdwb_msgs__rosidl_generator_c.so" to ""
[111.518s] -- Up-to-date: /home/wheeltec/wheeltec_ros2/install/dwb_msgs/include/dwb_msgs
[111.519s] -- Up-to-date: /home/wheeltec/wheeltec_ros2/install/dwb_msgs/include/dwb_msgs/msg
[111.519s] -- Up-to-date: /home/wheeltec/wheeltec_ros2/install/dwb_msgs/include/dwb_msgs/msg/detail
[111.519s] -- Installing: /home/wheeltec/wheeltec_ros2/install/dwb_msgs/include/dwb_msgs/msg/detail/trajectory_score__rosidl_typesupport_fastrtps_c.h
[111.520s] -- Installing: /home/wheeltec/wheeltec_ros2/install/dwb_msgs/include/dwb_msgs/msg/detail/critic_score__rosidl_typesupport_fastrtps_c.h
[111.520s] -- Installing: /home/wheeltec/wheeltec_ros2/install/dwb_msgs/include/dwb_msgs/msg/detail/trajectory2_d__rosidl_typesupport_fastrtps_c.h
[111.521s] -- Installing: /home/wheeltec/wheeltec_ros2/install/dwb_msgs/include/dwb_msgs/msg/detail/local_plan_evaluation__rosidl_typesupport_fastrtps_c.h
[111.522s] -- Up-to-date: /home/wheeltec/wheeltec_ros2/install/dwb_msgs/include/dwb_msgs/msg/rosidl_typesupport_fastrtps_c__visibility_control.h
[111.522s] -- Up-to-date: /home/wheeltec/wheeltec_ros2/install/dwb_msgs/include/dwb_msgs/srv
[111.523s] -- Up-to-date: /home/wheeltec/wheeltec_ros2/install/dwb_msgs/include/dwb_msgs/srv/detail
[111.523s] -- Installing: /home/wheeltec/wheeltec_ros2/install/dwb_msgs/include/dwb_msgs/srv/detail/generate_twists__rosidl_typesupport_fastrtps_c.h
[111.524s] -- Installing: /home/wheeltec/wheeltec_ros2/install/dwb_msgs/include/dwb_msgs/srv/detail/debug_local_plan__rosidl_typesupport_fastrtps_c.h
[111.524s] -- Installing: /home/wheeltec/wheeltec_ros2/install/dwb_msgs/include/dwb_msgs/srv/detail/score_trajectory__rosidl_typesupport_fastrtps_c.h
[111.525s] -- Installing: /home/wheeltec/wheeltec_ros2/install/dwb_msgs/include/dwb_msgs/srv/detail/get_critic_score__rosidl_typesupport_fastrtps_c.h
[111.526s] -- Installing: /home/wheeltec/wheeltec_ros2/install/dwb_msgs/include/dwb_msgs/srv/detail/generate_trajectory__rosidl_typesupport_fastrtps_c.h
[111.529s] -- Installing: /home/wheeltec/wheeltec_ros2/install/dwb_msgs/lib/libdwb_msgs__rosidl_typesupport_fastrtps_c.so
[111.531s] -- Set runtime path of "/home/wheeltec/wheeltec_ros2/install/dwb_msgs/lib/libdwb_msgs__rosidl_typesupport_fastrtps_c.so" to ""
[111.532s] -- Up-to-date: /home/wheeltec/wheeltec_ros2/install/dwb_msgs/include/dwb_msgs
[111.532s] -- Up-to-date: /home/wheeltec/wheeltec_ros2/install/dwb_msgs/include/dwb_msgs/msg
[111.533s] -- Up-to-date: /home/wheeltec/wheeltec_ros2/install/dwb_msgs/include/dwb_msgs/msg/rosidl_typesupport_fastrtps_cpp__visibility_control.h
[111.533s] -- Up-to-date: /home/wheeltec/wheeltec_ros2/install/dwb_msgs/include/dwb_msgs/msg/detail
[111.534s] -- Installing: /home/wheeltec/wheeltec_ros2/install/dwb_msgs/include/dwb_msgs/msg/detail/trajectory_score__rosidl_typesupport_fastrtps_cpp.hpp
[111.534s] -- Installing: /home/wheeltec/wheeltec_ros2/install/dwb_msgs/include/dwb_msgs/msg/detail/local_plan_evaluation__rosidl_typesupport_fastrtps_cpp.hpp
[111.534s] -- Installing: /home/wheeltec/wheeltec_ros2/install/dwb_msgs/include/dwb_msgs/msg/detail/trajectory2_d__rosidl_typesupport_fastrtps_cpp.hpp
[111.535s] -- Up-to-date: /home/wheeltec/wheeltec_ros2/install/dwb_msgs/include/dwb_msgs/msg/detail/dds_fastrtps
[111.535s] -- Installing: /home/wheeltec/wheeltec_ros2/install/dwb_msgs/include/dwb_msgs/msg/detail/critic_score__rosidl_typesupport_fastrtps_cpp.hpp
[111.543s] -- Up-to-date: /home/wheeltec/wheeltec_ros2/install/dwb_msgs/include/dwb_msgs/srv
[111.543s] -- Up-to-date: /home/wheeltec/wheeltec_ros2/install/dwb_msgs/include/dwb_msgs/srv/detail
[111.543s] -- Installing: /home/wheeltec/wheeltec_ros2/install/dwb_msgs/include/dwb_msgs/srv/detail/score_trajectory__rosidl_typesupport_fastrtps_cpp.hpp
[111.544s] -- Installing: /home/wheeltec/wheeltec_ros2/install/dwb_msgs/include/dwb_msgs/srv/detail/get_critic_score__rosidl_typesupport_fastrtps_cpp.hpp
[111.544s] -- Up-to-date: /home/wheeltec/wheeltec_ros2/install/dwb_msgs/include/dwb_msgs/srv/detail/dds_fastrtps
[111.545s] -- Installing: /home/wheeltec/wheeltec_ros2/install/dwb_msgs/include/dwb_msgs/srv/detail/debug_local_plan__rosidl_typesupport_fastrtps_cpp.hpp
[111.545s] -- Installing: /home/wheeltec/wheeltec_ros2/install/dwb_msgs/include/dwb_msgs/srv/detail/generate_trajectory__rosidl_typesupport_fastrtps_cpp.hpp
[111.545s] -- Installing: /home/wheeltec/wheeltec_ros2/install/dwb_msgs/include/dwb_msgs/srv/detail/generate_twists__rosidl_typesupport_fastrtps_cpp.hpp
[111.547s] -- Installing: /home/wheeltec/wheeltec_ros2/install/dwb_msgs/lib/libdwb_msgs__rosidl_typesupport_fastrtps_cpp.so
[111.550s] -- Set runtime path of "/home/wheeltec/wheeltec_ros2/install/dwb_msgs/lib/libdwb_msgs__rosidl_typesupport_fastrtps_cpp.so" to ""
[111.551s] -- Up-to-date: /home/wheeltec/wheeltec_ros2/install/dwb_msgs/include/dwb_msgs
[111.552s] -- Up-to-date: /home/wheeltec/wheeltec_ros2/install/dwb_msgs/include/dwb_msgs/msg
[111.553s] -- Up-to-date: /home/wheeltec/wheeltec_ros2/install/dwb_msgs/include/dwb_msgs/msg/detail
[111.554s] -- Installing: /home/wheeltec/wheeltec_ros2/install/dwb_msgs/include/dwb_msgs/msg/detail/local_plan_evaluation__type_support.c
[111.555s] -- Installing: /home/wheeltec/wheeltec_ros2/install/dwb_msgs/include/dwb_msgs/msg/detail/trajectory_score__rosidl_typesupport_introspection_c.h
[111.556s] -- Installing: /home/wheeltec/wheeltec_ros2/install/dwb_msgs/include/dwb_msgs/msg/detail/local_plan_evaluation__rosidl_typesupport_introspection_c.h
[111.557s] -- Installing: /home/wheeltec/wheeltec_ros2/install/dwb_msgs/include/dwb_msgs/msg/detail/critic_score__type_support.c
[111.559s] -- Installing: /home/wheeltec/wheeltec_ros2/install/dwb_msgs/include/dwb_msgs/msg/detail/trajectory2_d__rosidl_typesupport_introspection_c.h
[111.560s] -- Installing: /home/wheeltec/wheeltec_ros2/install/dwb_msgs/include/dwb_msgs/msg/detail/trajectory_score__type_support.c
[111.561s] -- Installing: /home/wheeltec/wheeltec_ros2/install/dwb_msgs/include/dwb_msgs/msg/detail/trajectory2_d__type_support.c
[111.563s] -- Installing: /home/wheeltec/wheeltec_ros2/install/dwb_msgs/include/dwb_msgs/msg/detail/critic_score__rosidl_typesupport_introspection_c.h
[111.564s] -- Up-to-date: /home/wheeltec/wheeltec_ros2/install/dwb_msgs/include/dwb_msgs/msg/rosidl_typesupport_introspection_c__visibility_control.h
[111.565s] -- Up-to-date: /home/wheeltec/wheeltec_ros2/install/dwb_msgs/include/dwb_msgs/srv
[111.565s] -- Up-to-date: /home/wheeltec/wheeltec_ros2/install/dwb_msgs/include/dwb_msgs/srv/detail
[111.566s] -- Installing: /home/wheeltec/wheeltec_ros2/install/dwb_msgs/include/dwb_msgs/srv/detail/get_critic_score__type_support.c
[111.568s] -- Installing: /home/wheeltec/wheeltec_ros2/install/dwb_msgs/include/dwb_msgs/srv/detail/debug_local_plan__rosidl_typesupport_introspection_c.h
[111.569s] -- Installing: /home/wheeltec/wheeltec_ros2/install/dwb_msgs/include/dwb_msgs/srv/detail/generate_twists__type_support.c
[111.570s] -- Installing: /home/wheeltec/wheeltec_ros2/install/dwb_msgs/include/dwb_msgs/srv/detail/score_trajectory__rosidl_typesupport_introspection_c.h
[111.572s] -- Installing: /home/wheeltec/wheeltec_ros2/install/dwb_msgs/include/dwb_msgs/srv/detail/debug_local_plan__type_support.c
[111.573s] -- Installing: /home/wheeltec/wheeltec_ros2/install/dwb_msgs/include/dwb_msgs/srv/detail/get_critic_score__rosidl_typesupport_introspection_c.h
[111.575s] -- Installing: /home/wheeltec/wheeltec_ros2/install/dwb_msgs/include/dwb_msgs/srv/detail/generate_trajectory__type_support.c
[111.576s] -- Installing: /home/wheeltec/wheeltec_ros2/install/dwb_msgs/include/dwb_msgs/srv/detail/generate_trajectory__rosidl_typesupport_introspection_c.h
[111.577s] -- Installing: /home/wheeltec/wheeltec_ros2/install/dwb_msgs/include/dwb_msgs/srv/detail/generate_twists__rosidl_typesupport_introspection_c.h
[111.578s] -- Installing: /home/wheeltec/wheeltec_ros2/install/dwb_msgs/include/dwb_msgs/srv/detail/score_trajectory__type_support.c
[111.583s] -- Installing: /home/wheeltec/wheeltec_ros2/install/dwb_msgs/lib/libdwb_msgs__rosidl_typesupport_introspection_c.so
[111.585s] -- Set runtime path of "/home/wheeltec/wheeltec_ros2/install/dwb_msgs/lib/libdwb_msgs__rosidl_typesupport_introspection_c.so" to ""
[111.588s] -- Installing: /home/wheeltec/wheeltec_ros2/install/dwb_msgs/lib/libdwb_msgs__rosidl_typesupport_c.so
[111.590s] -- Set runtime path of "/home/wheeltec/wheeltec_ros2/install/dwb_msgs/lib/libdwb_msgs__rosidl_typesupport_c.so" to ""
[111.591s] -- Up-to-date: /home/wheeltec/wheeltec_ros2/install/dwb_msgs/include/dwb_msgs
[111.592s] -- Up-to-date: /home/wheeltec/wheeltec_ros2/install/dwb_msgs/include/dwb_msgs/msg
[111.593s] -- Installing: /home/wheeltec/wheeltec_ros2/install/dwb_msgs/include/dwb_msgs/msg/trajectory_score.hpp
[111.594s] -- Up-to-date: /home/wheeltec/wheeltec_ros2/install/dwb_msgs/include/dwb_msgs/msg/detail
[111.595s] -- Installing: /home/wheeltec/wheeltec_ros2/install/dwb_msgs/include/dwb_msgs/msg/detail/critic_score__traits.hpp
[111.597s] -- Installing: /home/wheeltec/wheeltec_ros2/install/dwb_msgs/include/dwb_msgs/msg/detail/trajectory_score__builder.hpp
[111.598s] -- Installing: /home/wheeltec/wheeltec_ros2/install/dwb_msgs/include/dwb_msgs/msg/detail/local_plan_evaluation__struct.hpp
[111.599s] -- Installing: /home/wheeltec/wheeltec_ros2/install/dwb_msgs/include/dwb_msgs/msg/detail/trajectory2_d__builder.hpp
[111.601s] -- Installing: /home/wheeltec/wheeltec_ros2/install/dwb_msgs/include/dwb_msgs/msg/detail/trajectory2_d__struct.hpp
[111.602s] -- Installing: /home/wheeltec/wheeltec_ros2/install/dwb_msgs/include/dwb_msgs/msg/detail/trajectory2_d__traits.hpp
[111.603s] -- Installing: /home/wheeltec/wheeltec_ros2/install/dwb_msgs/include/dwb_msgs/msg/detail/critic_score__builder.hpp
[111.604s] -- Installing: /home/wheeltec/wheeltec_ros2/install/dwb_msgs/include/dwb_msgs/msg/detail/local_plan_evaluation__builder.hpp
[111.606s] -- Installing: /home/wheeltec/wheeltec_ros2/install/dwb_msgs/include/dwb_msgs/msg/detail/local_plan_evaluation__traits.hpp
[111.607s] -- Installing: /home/wheeltec/wheeltec_ros2/install/dwb_msgs/include/dwb_msgs/msg/detail/trajectory_score__struct.hpp
[111.611s] -- Installing: /home/wheeltec/wheeltec_ros2/install/dwb_msgs/include/dwb_msgs/msg/detail/critic_score__struct.hpp
[111.612s] -- Installing: /home/wheeltec/wheeltec_ros2/install/dwb_msgs/include/dwb_msgs/msg/detail/trajectory_score__traits.hpp
[111.613s] -- Installing: /home/wheeltec/wheeltec_ros2/install/dwb_msgs/include/dwb_msgs/msg/trajectory2_d.hpp
[111.615s] -- Installing: /home/wheeltec/wheeltec_ros2/install/dwb_msgs/include/dwb_msgs/msg/critic_score.hpp
[111.616s] -- Installing: /home/wheeltec/wheeltec_ros2/install/dwb_msgs/include/dwb_msgs/msg/local_plan_evaluation.hpp
[111.618s] -- Up-to-date: /home/wheeltec/wheeltec_ros2/install/dwb_msgs/include/dwb_msgs/srv
[111.619s] -- Installing: /home/wheeltec/wheeltec_ros2/install/dwb_msgs/include/dwb_msgs/srv/generate_twists.hpp
[111.620s] -- Up-to-date: /home/wheeltec/wheeltec_ros2/install/dwb_msgs/include/dwb_msgs/srv/detail
[111.620s] -- Installing: /home/wheeltec/wheeltec_ros2/install/dwb_msgs/include/dwb_msgs/srv/detail/debug_local_plan__traits.hpp
[111.622s] -- Installing: /home/wheeltec/wheeltec_ros2/install/dwb_msgs/include/dwb_msgs/srv/detail/get_critic_score__struct.hpp
[111.623s] -- Installing: /home/wheeltec/wheeltec_ros2/install/dwb_msgs/include/dwb_msgs/srv/detail/generate_trajectory__builder.hpp
[111.624s] -- Installing: /home/wheeltec/wheeltec_ros2/install/dwb_msgs/include/dwb_msgs/srv/detail/get_critic_score__traits.hpp
[111.625s] -- Installing: /home/wheeltec/wheeltec_ros2/install/dwb_msgs/include/dwb_msgs/srv/detail/score_trajectory__struct.hpp
[111.627s] -- Installing: /home/wheeltec/wheeltec_ros2/install/dwb_msgs/include/dwb_msgs/srv/detail/score_trajectory__traits.hpp
[111.628s] -- Installing: /home/wheeltec/wheeltec_ros2/install/dwb_msgs/include/dwb_msgs/srv/detail/score_trajectory__builder.hpp
[111.629s] -- Installing: /home/wheeltec/wheeltec_ros2/install/dwb_msgs/include/dwb_msgs/srv/detail/generate_twists__traits.hpp
[111.631s] -- Installing: /home/wheeltec/wheeltec_ros2/install/dwb_msgs/include/dwb_msgs/srv/detail/debug_local_plan__builder.hpp
[111.632s] -- Installing: /home/wheeltec/wheeltec_ros2/install/dwb_msgs/include/dwb_msgs/srv/detail/generate_trajectory__traits.hpp
[111.634s] -- Installing: /home/wheeltec/wheeltec_ros2/install/dwb_msgs/include/dwb_msgs/srv/detail/generate_trajectory__struct.hpp
[111.635s] -- Installing: /home/wheeltec/wheeltec_ros2/install/dwb_msgs/include/dwb_msgs/srv/detail/get_critic_score__builder.hpp
[111.636s] -- Installing: /home/wheeltec/wheeltec_ros2/install/dwb_msgs/include/dwb_msgs/srv/detail/debug_local_plan__struct.hpp
[111.638s] -- Installing: /home/wheeltec/wheeltec_ros2/install/dwb_msgs/include/dwb_msgs/srv/detail/generate_twists__builder.hpp
[111.639s] -- Installing: /home/wheeltec/wheeltec_ros2/install/dwb_msgs/include/dwb_msgs/srv/detail/generate_twists__struct.hpp
[111.640s] -- Installing: /home/wheeltec/wheeltec_ros2/install/dwb_msgs/include/dwb_msgs/srv/get_critic_score.hpp
[111.641s] -- Installing: /home/wheeltec/wheeltec_ros2/install/dwb_msgs/include/dwb_msgs/srv/debug_local_plan.hpp
[111.642s] -- Installing: /home/wheeltec/wheeltec_ros2/install/dwb_msgs/include/dwb_msgs/srv/generate_trajectory.hpp
[111.643s] -- Installing: /home/wheeltec/wheeltec_ros2/install/dwb_msgs/include/dwb_msgs/srv/score_trajectory.hpp
[111.645s] -- Up-to-date: /home/wheeltec/wheeltec_ros2/install/dwb_msgs/include/dwb_msgs
[111.646s] -- Up-to-date: /home/wheeltec/wheeltec_ros2/install/dwb_msgs/include/dwb_msgs/msg
[111.646s] -- Up-to-date: /home/wheeltec/wheeltec_ros2/install/dwb_msgs/include/dwb_msgs/msg/detail
[111.647s] -- Installing: /home/wheeltec/wheeltec_ros2/install/dwb_msgs/include/dwb_msgs/msg/detail/trajectory2_d__rosidl_typesupport_introspection_cpp.hpp
[111.648s] -- Installing: /home/wheeltec/wheeltec_ros2/install/dwb_msgs/include/dwb_msgs/msg/detail/trajectory2_d__type_support.cpp
[111.649s] -- Installing: /home/wheeltec/wheeltec_ros2/install/dwb_msgs/include/dwb_msgs/msg/detail/local_plan_evaluation__type_support.cpp
[111.651s] -- Installing: /home/wheeltec/wheeltec_ros2/install/dwb_msgs/include/dwb_msgs/msg/detail/trajectory_score__rosidl_typesupport_introspection_cpp.hpp
[111.652s] -- Installing: /home/wheeltec/wheeltec_ros2/install/dwb_msgs/include/dwb_msgs/msg/detail/critic_score__type_support.cpp
[111.653s] -- Installing: /home/wheeltec/wheeltec_ros2/install/dwb_msgs/include/dwb_msgs/msg/detail/trajectory_score__type_support.cpp
[111.654s] -- Installing: /home/wheeltec/wheeltec_ros2/install/dwb_msgs/include/dwb_msgs/msg/detail/critic_score__rosidl_typesupport_introspection_cpp.hpp
[111.656s] -- Installing: /home/wheeltec/wheeltec_ros2/install/dwb_msgs/include/dwb_msgs/msg/detail/local_plan_evaluation__rosidl_typesupport_introspection_cpp.hpp
[111.657s] -- Up-to-date: /home/wheeltec/wheeltec_ros2/install/dwb_msgs/include/dwb_msgs/srv
[111.658s] -- Up-to-date: /home/wheeltec/wheeltec_ros2/install/dwb_msgs/include/dwb_msgs/srv/detail
[111.659s] -- Installing: /home/wheeltec/wheeltec_ros2/install/dwb_msgs/include/dwb_msgs/srv/detail/get_critic_score__type_support.cpp
[111.660s] -- Installing: /home/wheeltec/wheeltec_ros2/install/dwb_msgs/include/dwb_msgs/srv/detail/score_trajectory__rosidl_typesupport_introspection_cpp.hpp
[111.661s] -- Installing: /home/wheeltec/wheeltec_ros2/install/dwb_msgs/include/dwb_msgs/srv/detail/generate_trajectory__rosidl_typesupport_introspection_cpp.hpp
[111.663s] -- Installing: /home/wheeltec/wheeltec_ros2/install/dwb_msgs/include/dwb_msgs/srv/detail/score_trajectory__type_support.cpp
[111.664s] -- Installing: /home/wheeltec/wheeltec_ros2/install/dwb_msgs/include/dwb_msgs/srv/detail/debug_local_plan__type_support.cpp
[111.665s] -- Installing: /home/wheeltec/wheeltec_ros2/install/dwb_msgs/include/dwb_msgs/srv/detail/debug_local_plan__rosidl_typesupport_introspection_cpp.hpp
[111.666s] -- Installing: /home/wheeltec/wheeltec_ros2/install/dwb_msgs/include/dwb_msgs/srv/detail/get_critic_score__rosidl_typesupport_introspection_cpp.hpp
[111.668s] -- Installing: /home/wheeltec/wheeltec_ros2/install/dwb_msgs/include/dwb_msgs/srv/detail/generate_twists__type_support.cpp
[111.669s] -- Installing: /home/wheeltec/wheeltec_ros2/install/dwb_msgs/include/dwb_msgs/srv/detail/generate_twists__rosidl_typesupport_introspection_cpp.hpp
[111.670s] -- Installing: /home/wheeltec/wheeltec_ros2/install/dwb_msgs/include/dwb_msgs/srv/detail/generate_trajectory__type_support.cpp
[111.675s] -- Installing: /home/wheeltec/wheeltec_ros2/install/dwb_msgs/lib/libdwb_msgs__rosidl_typesupport_introspection_cpp.so
[111.679s] -- Set runtime path of "/home/wheeltec/wheeltec_ros2/install/dwb_msgs/lib/libdwb_msgs__rosidl_typesupport_introspection_cpp.so" to ""
[111.683s] -- Installing: /home/wheeltec/wheeltec_ros2/install/dwb_msgs/lib/libdwb_msgs__rosidl_typesupport_cpp.so
[111.684s] -- Set runtime path of "/home/wheeltec/wheeltec_ros2/install/dwb_msgs/lib/libdwb_msgs__rosidl_typesupport_cpp.so" to ""
[111.685s] -- Up-to-date: /home/wheeltec/wheeltec_ros2/install/dwb_msgs/share/dwb_msgs/environment/pythonpath.sh
[111.686s] -- Installing: /home/wheeltec/wheeltec_ros2/install/dwb_msgs/share/dwb_msgs/environment/pythonpath.dsv
[111.688s] -- Installing: /home/wheeltec/wheeltec_ros2/install/dwb_msgs/lib/python3.8/site-packages/dwb_msgs/__init__.py
[111.886s] Compiling '/home/wheeltec/wheeltec_ros2/install/dwb_msgs/lib/python3.8/site-packages/dwb_msgs/__init__.py'...
[111.914s] -- Up-to-date: /home/wheeltec/wheeltec_ros2/install/dwb_msgs/lib/python3.8/site-packages/dwb_msgs/msg
[111.917s] -- Installing: /home/wheeltec/wheeltec_ros2/install/dwb_msgs/lib/python3.8/site-packages/dwb_msgs/msg/__init__.py
[111.919s] -- Installing: /home/wheeltec/wheeltec_ros2/install/dwb_msgs/lib/python3.8/site-packages/dwb_msgs/msg/_trajectory_score.py
[111.921s] -- Installing: /home/wheeltec/wheeltec_ros2/install/dwb_msgs/lib/python3.8/site-packages/dwb_msgs/msg/_critic_score.py
[111.922s] -- Installing: /home/wheeltec/wheeltec_ros2/install/dwb_msgs/lib/python3.8/site-packages/dwb_msgs/msg/_critic_score_s.c
[111.924s] -- Installing: /home/wheeltec/wheeltec_ros2/install/dwb_msgs/lib/python3.8/site-packages/dwb_msgs/msg/_trajectory2_d_s.c
[111.925s] -- Installing: /home/wheeltec/wheeltec_ros2/install/dwb_msgs/lib/python3.8/site-packages/dwb_msgs/msg/_local_plan_evaluation.py
[111.928s] -- Installing: /home/wheeltec/wheeltec_ros2/install/dwb_msgs/lib/python3.8/site-packages/dwb_msgs/msg/_trajectory_score_s.c
[111.930s] -- Installing: /home/wheeltec/wheeltec_ros2/install/dwb_msgs/lib/python3.8/site-packages/dwb_msgs/msg/_trajectory2_d.py
[111.931s] -- Installing: /home/wheeltec/wheeltec_ros2/install/dwb_msgs/lib/python3.8/site-packages/dwb_msgs/msg/_local_plan_evaluation_s.c
[111.933s] -- Up-to-date: /home/wheeltec/wheeltec_ros2/install/dwb_msgs/lib/python3.8/site-packages/dwb_msgs/srv
[111.935s] -- Installing: /home/wheeltec/wheeltec_ros2/install/dwb_msgs/lib/python3.8/site-packages/dwb_msgs/srv/__init__.py
[111.936s] -- Installing: /home/wheeltec/wheeltec_ros2/install/dwb_msgs/lib/python3.8/site-packages/dwb_msgs/srv/_score_trajectory.py
[111.938s] -- Installing: /home/wheeltec/wheeltec_ros2/install/dwb_msgs/lib/python3.8/site-packages/dwb_msgs/srv/_score_trajectory_s.c
[111.939s] -- Installing: /home/wheeltec/wheeltec_ros2/install/dwb_msgs/lib/python3.8/site-packages/dwb_msgs/srv/_generate_twists.py
[111.941s] -- Installing: /home/wheeltec/wheeltec_ros2/install/dwb_msgs/lib/python3.8/site-packages/dwb_msgs/srv/_generate_trajectory_s.c
[111.943s] -- Installing: /home/wheeltec/wheeltec_ros2/install/dwb_msgs/lib/python3.8/site-packages/dwb_msgs/srv/_get_critic_score.py
[111.945s] -- Installing: /home/wheeltec/wheeltec_ros2/install/dwb_msgs/lib/python3.8/site-packages/dwb_msgs/srv/_debug_local_plan.py
[111.946s] -- Installing: /home/wheeltec/wheeltec_ros2/install/dwb_msgs/lib/python3.8/site-packages/dwb_msgs/srv/_generate_trajectory.py
[111.948s] -- Installing: /home/wheeltec/wheeltec_ros2/install/dwb_msgs/lib/python3.8/site-packages/dwb_msgs/srv/_get_critic_score_s.c
[111.949s] -- Installing: /home/wheeltec/wheeltec_ros2/install/dwb_msgs/lib/python3.8/site-packages/dwb_msgs/srv/_debug_local_plan_s.c
[111.951s] -- Installing: /home/wheeltec/wheeltec_ros2/install/dwb_msgs/lib/python3.8/site-packages/dwb_msgs/srv/_generate_twists_s.c
[111.955s] -- Installing: /home/wheeltec/wheeltec_ros2/install/dwb_msgs/lib/python3.8/site-packages/dwb_msgs/dwb_msgs_s__rosidl_typesupport_fastrtps_c.cpython-38-aarch64-linux-gnu.so
[111.958s] -- Set runtime path of "/home/wheeltec/wheeltec_ros2/install/dwb_msgs/lib/python3.8/site-packages/dwb_msgs/dwb_msgs_s__rosidl_typesupport_fastrtps_c.cpython-38-aarch64-linux-gnu.so" to ""
[111.962s] -- Installing: /home/wheeltec/wheeltec_ros2/install/dwb_msgs/lib/python3.8/site-packages/dwb_msgs/dwb_msgs_s__rosidl_typesupport_introspection_c.cpython-38-aarch64-linux-gnu.so
[111.966s] -- Set runtime path of "/home/wheeltec/wheeltec_ros2/install/dwb_msgs/lib/python3.8/site-packages/dwb_msgs/dwb_msgs_s__rosidl_typesupport_introspection_c.cpython-38-aarch64-linux-gnu.so" to ""
[111.969s] -- Installing: /home/wheeltec/wheeltec_ros2/install/dwb_msgs/lib/python3.8/site-packages/dwb_msgs/dwb_msgs_s__rosidl_typesupport_c.cpython-38-aarch64-linux-gnu.so
[111.973s] -- Set runtime path of "/home/wheeltec/wheeltec_ros2/install/dwb_msgs/lib/python3.8/site-packages/dwb_msgs/dwb_msgs_s__rosidl_typesupport_c.cpython-38-aarch64-linux-gnu.so" to ""
[111.976s] -- Installing: /home/wheeltec/wheeltec_ros2/install/dwb_msgs/lib/libdwb_msgs__python.so
[111.979s] -- Set runtime path of "/home/wheeltec/wheeltec_ros2/install/dwb_msgs/lib/libdwb_msgs__python.so" to ""
[111.981s] -- Up-to-date: /home/wheeltec/wheeltec_ros2/install/dwb_msgs/share/dwb_msgs/msg/CriticScore.idl
[111.983s] -- Up-to-date: /home/wheeltec/wheeltec_ros2/install/dwb_msgs/share/dwb_msgs/msg/LocalPlanEvaluation.idl
[111.984s] -- Up-to-date: /home/wheeltec/wheeltec_ros2/install/dwb_msgs/share/dwb_msgs/msg/Trajectory2D.idl
[111.986s] -- Up-to-date: /home/wheeltec/wheeltec_ros2/install/dwb_msgs/share/dwb_msgs/msg/TrajectoryScore.idl
[111.989s] -- Up-to-date: /home/wheeltec/wheeltec_ros2/install/dwb_msgs/share/dwb_msgs/srv/DebugLocalPlan.idl
[111.990s] -- Up-to-date: /home/wheeltec/wheeltec_ros2/install/dwb_msgs/share/dwb_msgs/srv/GenerateTrajectory.idl
[111.992s] -- Up-to-date: /home/wheeltec/wheeltec_ros2/install/dwb_msgs/share/dwb_msgs/srv/GenerateTwists.idl
[111.995s] -- Up-to-date: /home/wheeltec/wheeltec_ros2/install/dwb_msgs/share/dwb_msgs/srv/GetCriticScore.idl
[111.997s] -- Up-to-date: /home/wheeltec/wheeltec_ros2/install/dwb_msgs/share/dwb_msgs/srv/ScoreTrajectory.idl
[111.998s] -- Up-to-date: /home/wheeltec/wheeltec_ros2/install/dwb_msgs/share/dwb_msgs/msg/CriticScore.msg
[112.000s] -- Up-to-date: /home/wheeltec/wheeltec_ros2/install/dwb_msgs/share/dwb_msgs/msg/LocalPlanEvaluation.msg
[112.001s] -- Up-to-date: /home/wheeltec/wheeltec_ros2/install/dwb_msgs/share/dwb_msgs/msg/Trajectory2D.msg
[112.002s] -- Up-to-date: /home/wheeltec/wheeltec_ros2/install/dwb_msgs/share/dwb_msgs/msg/TrajectoryScore.msg
[112.003s] -- Up-to-date: /home/wheeltec/wheeltec_ros2/install/dwb_msgs/share/dwb_msgs/srv/DebugLocalPlan.srv
[112.005s] -- Up-to-date: /home/wheeltec/wheeltec_ros2/install/dwb_msgs/share/dwb_msgs/srv/DebugLocalPlan_Request.msg
[112.006s] -- Up-to-date: /home/wheeltec/wheeltec_ros2/install/dwb_msgs/share/dwb_msgs/srv/DebugLocalPlan_Response.msg
[112.007s] -- Up-to-date: /home/wheeltec/wheeltec_ros2/install/dwb_msgs/share/dwb_msgs/srv/GenerateTrajectory.srv
[112.009s] -- Up-to-date: /home/wheeltec/wheeltec_ros2/install/dwb_msgs/share/dwb_msgs/srv/GenerateTrajectory_Request.msg
[112.011s] -- Up-to-date: /home/wheeltec/wheeltec_ros2/install/dwb_msgs/share/dwb_msgs/srv/GenerateTrajectory_Response.msg
[112.011s] -- Up-to-date: /home/wheeltec/wheeltec_ros2/install/dwb_msgs/share/dwb_msgs/srv/GenerateTwists.srv
[112.012s] -- Up-to-date: /home/wheeltec/wheeltec_ros2/install/dwb_msgs/share/dwb_msgs/srv/GenerateTwists_Request.msg
[112.013s] -- Up-to-date: /home/wheeltec/wheeltec_ros2/install/dwb_msgs/share/dwb_msgs/srv/GenerateTwists_Response.msg
[112.014s] -- Up-to-date: /home/wheeltec/wheeltec_ros2/install/dwb_msgs/share/dwb_msgs/srv/GetCriticScore.srv
[112.017s] -- Up-to-date: /home/wheeltec/wheeltec_ros2/install/dwb_msgs/share/dwb_msgs/srv/GetCriticScore_Request.msg
[112.017s] -- Up-to-date: /home/wheeltec/wheeltec_ros2/install/dwb_msgs/share/dwb_msgs/srv/GetCriticScore_Response.msg
[112.018s] -- Up-to-date: /home/wheeltec/wheeltec_ros2/install/dwb_msgs/share/dwb_msgs/srv/ScoreTrajectory.srv
[112.019s] -- Up-to-date: /home/wheeltec/wheeltec_ros2/install/dwb_msgs/share/dwb_msgs/srv/ScoreTrajectory_Request.msg
[112.019s] -- Up-to-date: /home/wheeltec/wheeltec_ros2/install/dwb_msgs/share/dwb_msgs/srv/ScoreTrajectory_Response.msg
[112.027s] -- Up-to-date: /home/wheeltec/wheeltec_ros2/install/dwb_msgs/share/ament_index/resource_index/package_run_dependencies/dwb_msgs
[112.027s] -- Installing: /home/wheeltec/wheeltec_ros2/install/dwb_msgs/share/ament_index/resource_index/parent_prefix_path/dwb_msgs
[112.028s] -- Installing: /home/wheeltec/wheeltec_ros2/install/dwb_msgs/share/dwb_msgs/environment/ament_prefix_path.sh
[112.029s] -- Installing: /home/wheeltec/wheeltec_ros2/install/dwb_msgs/share/dwb_msgs/environment/ament_prefix_path.dsv
[112.029s] -- Installing: /home/wheeltec/wheeltec_ros2/install/dwb_msgs/share/dwb_msgs/environment/path.sh
[112.030s] -- Installing: /home/wheeltec/wheeltec_ros2/install/dwb_msgs/share/dwb_msgs/environment/path.dsv
[112.030s] -- Up-to-date: /home/wheeltec/wheeltec_ros2/install/dwb_msgs/share/dwb_msgs/local_setup.bash
[112.031s] -- Up-to-date: /home/wheeltec/wheeltec_ros2/install/dwb_msgs/share/dwb_msgs/local_setup.sh
[112.032s] -- Up-to-date: /home/wheeltec/wheeltec_ros2/install/dwb_msgs/share/dwb_msgs/local_setup.zsh
[112.032s] -- Installing: /home/wheeltec/wheeltec_ros2/install/dwb_msgs/share/dwb_msgs/local_setup.dsv
[112.039s] -- Installing: /home/wheeltec/wheeltec_ros2/install/dwb_msgs/share/dwb_msgs/package.dsv
[112.040s] -- Up-to-date: /home/wheeltec/wheeltec_ros2/install/dwb_msgs/share/ament_index/resource_index/packages/dwb_msgs
[112.041s] -- Up-to-date: /home/wheeltec/wheeltec_ros2/install/dwb_msgs/share/dwb_msgs/cmake/dwb_msgs__rosidl_generator_cExport.cmake
[112.042s] -- Installing: /home/wheeltec/wheeltec_ros2/install/dwb_msgs/share/dwb_msgs/cmake/dwb_msgs__rosidl_generator_cExport-noconfig.cmake
[112.042s] -- Up-to-date: /home/wheeltec/wheeltec_ros2/install/dwb_msgs/share/dwb_msgs/cmake/dwb_msgs__rosidl_typesupport_introspection_cExport.cmake
[112.043s] -- Installing: /home/wheeltec/wheeltec_ros2/install/dwb_msgs/share/dwb_msgs/cmake/dwb_msgs__rosidl_typesupport_introspection_cExport-noconfig.cmake
[112.044s] -- Up-to-date: /home/wheeltec/wheeltec_ros2/install/dwb_msgs/share/dwb_msgs/cmake/dwb_msgs__rosidl_typesupport_cExport.cmake
[112.045s] -- Installing: /home/wheeltec/wheeltec_ros2/install/dwb_msgs/share/dwb_msgs/cmake/dwb_msgs__rosidl_typesupport_cExport-noconfig.cmake
[112.046s] -- Up-to-date: /home/wheeltec/wheeltec_ros2/install/dwb_msgs/share/dwb_msgs/cmake/dwb_msgs__rosidl_generator_cppExport.cmake
[112.046s] -- Up-to-date: /home/wheeltec/wheeltec_ros2/install/dwb_msgs/share/dwb_msgs/cmake/dwb_msgs__rosidl_typesupport_introspection_cppExport.cmake
[112.047s] -- Installing: /home/wheeltec/wheeltec_ros2/install/dwb_msgs/share/dwb_msgs/cmake/dwb_msgs__rosidl_typesupport_introspection_cppExport-noconfig.cmake
[112.047s] -- Up-to-date: /home/wheeltec/wheeltec_ros2/install/dwb_msgs/share/dwb_msgs/cmake/dwb_msgs__rosidl_typesupport_cppExport.cmake
[112.048s] -- Installing: /home/wheeltec/wheeltec_ros2/install/dwb_msgs/share/dwb_msgs/cmake/dwb_msgs__rosidl_typesupport_cppExport-noconfig.cmake
[112.048s] -- Up-to-date: /home/wheeltec/wheeltec_ros2/install/dwb_msgs/share/dwb_msgs/cmake/rosidl_cmake-extras.cmake
[112.049s] -- Up-to-date: /home/wheeltec/wheeltec_ros2/install/dwb_msgs/share/dwb_msgs/cmake/ament_cmake_export_dependencies-extras.cmake
[112.049s] -- Up-to-date: /home/wheeltec/wheeltec_ros2/install/dwb_msgs/share/dwb_msgs/cmake/ament_cmake_export_libraries-extras.cmake
[112.050s] -- Installing: /home/wheeltec/wheeltec_ros2/install/dwb_msgs/share/dwb_msgs/cmake/ament_cmake_export_targets-extras.cmake
[112.051s] -- Up-to-date: /home/wheeltec/wheeltec_ros2/install/dwb_msgs/share/dwb_msgs/cmake/ament_cmake_export_include_directories-extras.cmake
[112.052s] -- Up-to-date: /home/wheeltec/wheeltec_ros2/install/dwb_msgs/share/dwb_msgs/cmake/rosidl_cmake_export_typesupport_libraries-extras.cmake
[112.061s] -- Up-to-date: /home/wheeltec/wheeltec_ros2/install/dwb_msgs/share/dwb_msgs/cmake/rosidl_cmake_export_typesupport_targets-extras.cmake
[112.062s] -- Up-to-date: /home/wheeltec/wheeltec_ros2/install/dwb_msgs/share/dwb_msgs/cmake/dwb_msgsConfig.cmake
[112.062s] -- Up-to-date: /home/wheeltec/wheeltec_ros2/install/dwb_msgs/share/dwb_msgs/cmake/dwb_msgsConfig-version.cmake
[112.063s] -- Up-to-date: /home/wheeltec/wheeltec_ros2/install/dwb_msgs/share/dwb_msgs/package.xml
[112.064s] Invoked command in '/home/wheeltec/wheeltec_ros2/build/dwb_msgs' returned '0': CMAKE_PREFIX_PATH=/home/wheeltec/wheeltec_ros2/install/nav_2d_msgs:/home/wheeltec/wheeltec_ros2/install/wheeltec_slam_toolbox:/home/wheeltec/wheeltec_ros2/install/wheeltec_rrt_msg:/home/wheeltec/wheeltec_ros2/install/wheeltec_robot_urdf:/home/wheeltec/wheeltec_ros2/install/wheeltec_robot_rtab:/home/wheeltec/wheeltec_ros2/install/wheeltec_robot_rrt:/home/wheeltec/wheeltec_ros2/install/turn_on_wheeltec_robot:/home/wheeltec/wheeltec_ros2/install/wheeltec_robot_msg:/home/wheeltec/wheeltec_ros2/install/wheeltec_nav2:/home/wheeltec/wheeltec_ros2/install/wheeltec_joy:/home/wheeltec/wheeltec_ros2/install/wheeltec_cartographer:/home/wheeltec/wheeltec_ros2/install/web_video_server:/home/wheeltec/wheeltec_ros2/install/usb_cam:/home/wheeltec/wheeltec_ros2/install/slam_gmapping:/home/wheeltec/wheeltec_ros2/install/serial:/home/wheeltec/wheeltec_ros2/install/rplidar_ros2:/home/wheeltec/wheeltec_ros2/install/ros2_astra_camera:/home/wheeltec/wheeltec_ros2/install/ar_track_alvar:/home/wheeltec/wheeltec_ros2/install/perception_pcl:/home/wheeltec/wheeltec_ros2/install/pcl_ros:/home/wheeltec/wheeltec_ros2/install/lslidar_driver:/home/wheeltec/wheeltec_ros2/install/pcl_conversions:/home/wheeltec/wheeltec_ros2/install/openslam_gmapping:/home/wheeltec/wheeltec_ros2/install/nav2_system_tests:/home/wheeltec/wheeltec_ros2/install/nav2_bringup:/home/wheeltec/wheeltec_ros2/install/navigation2:/home/wheeltec/wheeltec_ros2/install/nav2_dwb_controller:/home/wheeltec/wheeltec_ros2/install/nav2_controller:/home/wheeltec/wheeltec_ros2/install/dwb_plugins:/home/wheeltec/wheeltec_ros2/install/dwb_critics:/home/wheeltec/wheeltec_ros2/install/dwb_core:/home/wheeltec/wheeltec_ros2/install/nav_2d_utils:/home/wheeltec/wheeltec_ros2/install/dwb_msgs:/home/wheeltec/wheeltec_ros2/install/nav2_waypoint_follower:/home/wheeltec/wheeltec_ros2/install/nav2_theta_star_planner:/home/wheeltec/wheeltec_ros2/install/nav2_smac_planner:/home/wheeltec/wheeltec_ros2/install/nav2_rotation_shim_controller:/home/wheeltec/wheeltec_ros2/install/nav2_regulated_pure_pursuit_controller:/home/wheeltec/wheeltec_ros2/install/nav2_recoveries:/home/wheeltec/wheeltec_ros2/install/nav2_planner:/home/wheeltec/wheeltec_ros2/install/nav2_navfn_planner:/home/wheeltec/wheeltec_ros2/install/nav2_bt_navigator:/home/wheeltec/wheeltec_ros2/install/nav2_core:/home/wheeltec/wheeltec_ros2/install/costmap_queue:/home/wheeltec/wheeltec_ros2/install/nav2_costmap_2d:/home/wheeltec/wheeltec_ros2/install/nav2_voxel_grid:/home/wheeltec/wheeltec_ros2/install/nav2_rviz_plugins:/home/wheeltec/wheeltec_ros2/install/nav2_map_server:/home/wheeltec/wheeltec_ros2/install/nav2_lifecycle_manager:/home/wheeltec/wheeltec_ros2/install/nav2_behavior_tree:/home/wheeltec/wheeltec_ros2/install/nav2_amcl:/home/wheeltec/wheeltec_ros2/install/nav2_util:/home/wheeltec/wheeltec_ros2/install/nav2_msgs:/home/wheeltec/wheeltec_ros2/install/nav2_common:/home/wheeltec/wheeltec_ros2/install/lsn10:/home/wheeltec/wheeltec_ros2/install/lsm10_v2:/home/wheeltec/wheeltec_ros2/install/lslidar_msgs:/home/wheeltec/wheeltec_ros2/install/lidar_ros2:/home/wheeltec/wheeltec_ros2/install/ldlidar_stl_ros2:/home/wheeltec/wheeltec_ros2/install/ldlidar_sl_ros2:/home/wheeltec/wheeltec_ros2/install/astra_msgs:/home/wheeltec/wheeltec_ros2/install/astra_camera:/home/wheeltec/wheeltec_ros2/install/astra_camera_msgs:/home/wheeltec/wheeltec_ros2/install/ar_track_alvar_msgs:/home/wheeltec/wheeltec_ros2/install/ackermann_msgs:/home/wheeltec/wheeltec_ros2/install/simple_follower_ros2:/home/wheeltec/wheeltec_ros2/install/wheeltec_robot_keyboard:/home/wheeltec/wheeltec_ros2/install/tf2_tools:/home/wheeltec/wheeltec_ros2/install/nav2_simple_commander:/home/wheeltec/wheeltec_ros2/install/nav2_gazebo_spawner:/opt/ros/galactic LD_LIBRARY_PATH=/home/wheeltec/wheeltec_ros2/install/nav_2d_msgs/lib:/home/wheeltec/wheeltec_ros2/install/wheeltec_rrt_msg/lib:/home/wheeltec/wheeltec_ros2/install/wheeltec_robot_rrt/lib:/home/wheeltec/wheeltec_ros2/install/turn_on_wheeltec_robot/lib:/home/wheeltec/wheeltec_ros2/install/wheeltec_robot_msg/lib:/home/wheeltec/wheeltec_ros2/install/usb_cam/lib:/home/wheeltec/wheeltec_ros2/install/serial/lib:/home/wheeltec/wheeltec_ros2/install/ros2_astra_camera/lib:/home/wheeltec/wheeltec_ros2/install/ar_track_alvar/lib:/home/wheeltec/wheeltec_ros2/install/pcl_ros/lib:/home/wheeltec/wheeltec_ros2/install/openslam_gmapping/lib:/home/wheeltec/wheeltec_ros2/install/nav2_controller/lib:/home/wheeltec/wheeltec_ros2/install/dwb_plugins/lib:/home/wheeltec/wheeltec_ros2/install/dwb_critics/lib:/home/wheeltec/wheeltec_ros2/install/dwb_core/lib:/home/wheeltec/wheeltec_ros2/install/nav_2d_utils/lib:/home/wheeltec/wheeltec_ros2/install/dwb_msgs/lib:/home/wheeltec/wheeltec_ros2/install/nav2_waypoint_follower/lib:/home/wheeltec/wheeltec_ros2/install/nav2_theta_star_planner/lib:/home/wheeltec/wheeltec_ros2/install/nav2_smac_planner/lib:/home/wheeltec/wheeltec_ros2/install/nav2_rotation_shim_controller/lib:/home/wheeltec/wheeltec_ros2/install/nav2_regulated_pure_pursuit_controller/lib:/home/wheeltec/wheeltec_ros2/install/nav2_recoveries/lib:/home/wheeltec/wheeltec_ros2/install/nav2_planner/lib:/home/wheeltec/wheeltec_ros2/install/nav2_navfn_planner/lib:/home/wheeltec/wheeltec_ros2/install/nav2_bt_navigator/lib:/home/wheeltec/wheeltec_ros2/install/costmap_queue/lib:/home/wheeltec/wheeltec_ros2/install/nav2_costmap_2d/lib:/home/wheeltec/wheeltec_ros2/install/nav2_voxel_grid/lib:/home/wheeltec/wheeltec_ros2/install/nav2_rviz_plugins/lib:/home/wheeltec/wheeltec_ros2/install/nav2_map_server/lib:/home/wheeltec/wheeltec_ros2/install/nav2_lifecycle_manager/lib:/home/wheeltec/wheeltec_ros2/install/nav2_behavior_tree/lib:/home/wheeltec/wheeltec_ros2/install/nav2_amcl/lib:/home/wheeltec/wheeltec_ros2/install/nav2_util/lib:/home/wheeltec/wheeltec_ros2/install/nav2_msgs/lib:/home/wheeltec/wheeltec_ros2/install/lsm10_v2/lib:/home/wheeltec/wheeltec_ros2/install/lslidar_msgs/lib:/home/wheeltec/wheeltec_ros2/install/astra_msgs/lib:/home/wheeltec/wheeltec_ros2/install/astra_camera/lib:/home/wheeltec/wheeltec_ros2/install/astra_camera_msgs/lib:/home/wheeltec/wheeltec_ros2/install/ar_track_alvar_msgs/lib:/home/wheeltec/wheeltec_ros2/install/ackermann_msgs/lib:/usr/lib/aarch64-linux-gnu/gazebo-11/plugins:/opt/ros/galactic/opt/yaml_cpp_vendor/lib:/opt/ros/galactic/opt/rviz_ogre_vendor/lib:/opt/ros/galactic/lib/aarch64-linux-gnu:/opt/ros/galactic/lib:/home/wheeltec/wheeltec_ros2/src/ros2_astra_camera-main/ros2_astra_camera/lib/openni2_redist/x64 PYTHONPATH=/home/wheeltec/wheeltec_ros2/install/nav_2d_msgs/lib/python3.8/site-packages:/home/wheeltec/wheeltec_ros2/install/wheeltec_rrt_msg/lib/python3.8/site-packages:/home/wheeltec/wheeltec_ros2/install/simple_follower_ros2/lib/python3.8/site-packages:/home/wheeltec/wheeltec_ros2/install/turn_on_wheeltec_robot/lib/python3.8/site-packages:/home/wheeltec/wheeltec_ros2/install/wheeltec_robot_msg/lib/python3.8/site-packages:/home/wheeltec/wheeltec_ros2/install/wheeltec_robot_keyboard/lib/python3.8/site-packages:/home/wheeltec/wheeltec_ros2/install/tf2_tools/lib/python3.8/site-packages:/home/wheeltec/wheeltec_ros2/install/dwb_msgs/lib/python3.8/site-packages:/home/wheeltec/wheeltec_ros2/install/nav2_simple_commander/lib/python3.8/site-packages:/home/wheeltec/wheeltec_ros2/install/nav2_msgs/lib/python3.8/site-packages:/home/wheeltec/wheeltec_ros2/install/nav2_gazebo_spawner/lib/python3.8/site-packages:/home/wheeltec/wheeltec_ros2/install/nav2_common/lib/python3.8/site-packages:/home/wheeltec/wheeltec_ros2/install/lsm10_v2/lib/python3.8/site-packages:/home/wheeltec/wheeltec_ros2/install/lslidar_msgs/lib/python3.8/site-packages:/home/wheeltec/wheeltec_ros2/install/astra_msgs/lib/python3.8/site-packages:/home/wheeltec/wheeltec_ros2/install/astra_camera_msgs/lib/python3.8/site-packages:/home/wheeltec/wheeltec_ros2/install/ar_track_alvar_msgs/lib/python3.8/site-packages:/home/wheeltec/wheeltec_ros2/install/ackermann_msgs/lib/python3.8/site-packages:/opt/ros/galactic/lib/python3.8/site-packages /usr/bin/cmake --install /home/wheeltec/wheeltec_ros2/build/dwb_msgs
