[0.227s] Invoking command in '/home/wheeltec/wheeltec_ros2/build/slam_gmapping': CMAKE_PREFIX_PATH=/home/wheeltec/wheeltec_ros2/install/openslam_gmapping:/home/wheeltec/wheeltec_ros2/install/wheeltec_slam_toolbox:/home/wheeltec/wheeltec_ros2/install/wheeltec_rrt_msg:/home/wheeltec/wheeltec_ros2/install/wheeltec_robot_urdf:/home/wheeltec/wheeltec_ros2/install/wheeltec_robot_rtab:/home/wheeltec/wheeltec_ros2/install/wheeltec_robot_rrt:/home/wheeltec/wheeltec_ros2/install/turn_on_wheeltec_robot:/home/wheeltec/wheeltec_ros2/install/wheeltec_robot_msg:/home/wheeltec/wheeltec_ros2/install/wheeltec_nav2:/home/wheeltec/wheeltec_ros2/install/wheeltec_joy:/home/wheeltec/wheeltec_ros2/install/wheeltec_cartographer:/home/wheeltec/wheeltec_ros2/install/web_video_server:/home/wheeltec/wheeltec_ros2/install/usb_cam:/home/wheeltec/wheeltec_ros2/install/slam_gmapping:/home/wheeltec/wheeltec_ros2/install/serial:/home/wheeltec/wheeltec_ros2/install/rplidar_ros2:/home/wheeltec/wheeltec_ros2/install/ros2_astra_camera:/home/wheeltec/wheeltec_ros2/install/ar_track_alvar:/home/wheeltec/wheeltec_ros2/install/perception_pcl:/home/wheeltec/wheeltec_ros2/install/pcl_ros:/home/wheeltec/wheeltec_ros2/install/lslidar_driver:/home/wheeltec/wheeltec_ros2/install/pcl_conversions:/home/wheeltec/wheeltec_ros2/install/nav2_system_tests:/home/wheeltec/wheeltec_ros2/install/nav2_bringup:/home/wheeltec/wheeltec_ros2/install/navigation2:/home/wheeltec/wheeltec_ros2/install/nav2_dwb_controller:/home/wheeltec/wheeltec_ros2/install/nav2_controller:/home/wheeltec/wheeltec_ros2/install/dwb_plugins:/home/wheeltec/wheeltec_ros2/install/dwb_critics:/home/wheeltec/wheeltec_ros2/install/dwb_core:/home/wheeltec/wheeltec_ros2/install/nav_2d_utils:/home/wheeltec/wheeltec_ros2/install/dwb_msgs:/home/wheeltec/wheeltec_ros2/install/nav_2d_msgs:/home/wheeltec/wheeltec_ros2/install/nav2_waypoint_follower:/home/wheeltec/wheeltec_ros2/install/nav2_theta_star_planner:/home/wheeltec/wheeltec_ros2/install/nav2_smac_planner:/home/wheeltec/wheeltec_ros2/install/nav2_rotation_shim_controller:/home/wheeltec/wheeltec_ros2/install/nav2_regulated_pure_pursuit_controller:/home/wheeltec/wheeltec_ros2/install/nav2_recoveries:/home/wheeltec/wheeltec_ros2/install/nav2_planner:/home/wheeltec/wheeltec_ros2/install/nav2_navfn_planner:/home/wheeltec/wheeltec_ros2/install/nav2_bt_navigator:/home/wheeltec/wheeltec_ros2/install/nav2_core:/home/wheeltec/wheeltec_ros2/install/costmap_queue:/home/wheeltec/wheeltec_ros2/install/nav2_costmap_2d:/home/wheeltec/wheeltec_ros2/install/nav2_voxel_grid:/home/wheeltec/wheeltec_ros2/install/nav2_rviz_plugins:/home/wheeltec/wheeltec_ros2/install/nav2_map_server:/home/wheeltec/wheeltec_ros2/install/nav2_lifecycle_manager:/home/wheeltec/wheeltec_ros2/install/nav2_behavior_tree:/home/wheeltec/wheeltec_ros2/install/nav2_amcl:/home/wheeltec/wheeltec_ros2/install/nav2_util:/home/wheeltec/wheeltec_ros2/install/nav2_msgs:/home/wheeltec/wheeltec_ros2/install/nav2_common:/home/wheeltec/wheeltec_ros2/install/lsn10:/home/wheeltec/wheeltec_ros2/install/lsm10_v2:/home/wheeltec/wheeltec_ros2/install/lslidar_msgs:/home/wheeltec/wheeltec_ros2/install/lidar_ros2:/home/wheeltec/wheeltec_ros2/install/ldlidar_stl_ros2:/home/wheeltec/wheeltec_ros2/install/ldlidar_sl_ros2:/home/wheeltec/wheeltec_ros2/install/astra_msgs:/home/wheeltec/wheeltec_ros2/install/astra_camera:/home/wheeltec/wheeltec_ros2/install/astra_camera_msgs:/home/wheeltec/wheeltec_ros2/install/ar_track_alvar_msgs:/home/wheeltec/wheeltec_ros2/install/ackermann_msgs:/home/wheeltec/wheeltec_ros2/install/simple_follower_ros2:/home/wheeltec/wheeltec_ros2/install/wheeltec_robot_keyboard:/home/wheeltec/wheeltec_ros2/install/tf2_tools:/home/wheeltec/wheeltec_ros2/install/nav2_simple_commander:/home/wheeltec/wheeltec_ros2/install/nav2_gazebo_spawner:/opt/ros/galactic /usr/bin/cmake --build /home/wheeltec/wheeltec_ros2/build/slam_gmapping -- -j4 -l4
[0.443s]  -fuse-ld=lld -Wl,--disable-new-dtags
[0.444s] -- Found ament_cmake: 1.1.6 (/opt/ros/galactic/share/ament_cmake/cmake)
[0.628s] -- Using PYTHON_EXECUTABLE: /usr/bin/python3
[1.110s] -- Found std_msgs: 2.2.4 (/opt/ros/galactic/share/std_msgs/cmake)
[1.298s] -- Using all available rosidl_typesupport_c: rosidl_typesupport_fastrtps_c;rosidl_typesupport_introspection_c
[1.319s] -- Found rosidl_adapter: 2.2.3 (/opt/ros/galactic/share/rosidl_adapter/cmake)
[2.138s] -- Using all available rosidl_typesupport_cpp: rosidl_typesupport_fastrtps_cpp;rosidl_typesupport_introspection_cpp
[2.393s] -- Found nav_msgs: 2.2.4 (/opt/ros/galactic/share/nav_msgs/cmake)
[2.973s] -- Found tf2: 0.17.5 (/opt/ros/galactic/share/tf2/cmake)
[3.030s] -- Found tf2_ros: 0.17.5 (/opt/ros/galactic/share/tf2_ros/cmake)
[3.357s] -- Found rmw_implementation_cmake: 3.3.1 (/opt/ros/galactic/share/rmw_implementation_cmake/cmake)
[3.389s] -- Found rmw_cyclonedds_cpp: 0.22.6 (/opt/ros/galactic/share/rmw_cyclonedds_cpp/cmake)
[3.520s] -- Using RMW implementation 'rmw_cyclonedds_cpp' as default
[6.017s] -- Found tf2_geometry_msgs: 0.17.5 (/opt/ros/galactic/share/tf2_geometry_msgs/cmake)
[6.057s] -- Found eigen3_cmake_module: 0.1.1 (/opt/ros/galactic/share/eigen3_cmake_module/cmake)
[6.199s] -- Found sensor_msgs: 2.2.4 (/opt/ros/galactic/share/sensor_msgs/cmake)
[6.539s] -- Found visualization_msgs: 2.2.4 (/opt/ros/galactic/share/visualization_msgs/cmake)
[6.874s] -- Found openslam_gmapping: 0.1.2 (/home/wheeltec/wheeltec_ros2/install/openslam_gmapping/share/openslam_gmapping/cmake)
[6.885s] -- Found ament_lint_auto: 0.10.7 (/opt/ros/galactic/share/ament_lint_auto/cmake)
[7.366s] -- Added test 'cppcheck' to perform static code analysis on C / C++ code
[7.368s] -- Configured cppcheck include dirs: /home/wheeltec/wheeltec_ros2/src/wheeltec_robot_slam/slam_gmapping/include
[7.369s] -- Configured cppcheck exclude dirs and/or files: 
[7.373s] -- Added test 'flake8' to check Python code syntax and style conventions
[7.376s] -- Added test 'lint_cmake' to check CMake code style
[7.380s] -- Added test 'pep257' to check Python code against some of the style conventions in PEP 257
[7.385s] -- Added test 'uncrustify' to check C / C++ code style
[7.386s] -- Configured uncrustify additional arguments: 
[7.389s] -- Added test 'xmllint' to check XML markup files
[7.407s] -- Configuring done
[7.485s] -- Generating done
[7.494s] -- Build files have been written to: /home/wheeltec/wheeltec_ros2/build/slam_gmapping
[7.686s] [35m[1mScanning dependencies of target slam_gmapping[0m
[7.989s] [ 50%] [32mBuilding CXX object CMakeFiles/slam_gmapping.dir/src/slam_gmapping.cpp.o[0m
[19.133s] In file included from [01m[K/home/wheeltec/wheeltec_ros2/install/openslam_gmapping/include/gmapping/gridfastslam/gridslamprocessor.h:9[m[K,
[19.135s]                  from [01m[K/home/wheeltec/wheeltec_ros2/src/wheeltec_robot_slam/slam_gmapping/include/slam_gmapping/slam_gmapping.h:45[m[K,
[19.135s]                  from [01m[K/home/wheeltec/wheeltec_ros2/src/wheeltec_robot_slam/slam_gmapping/src/slam_gmapping.cpp:24[m[K:
[19.135s] [01m[K/home/wheeltec/wheeltec_ros2/install/openslam_gmapping/include/gmapping/particlefilter/particlefilter.h:[m[K In function ‘[01m[Kvoid rle(OutputIterator&, const Iterator&, const Iterator&)[m[K’:
[19.136s] [01m[K/home/wheeltec/wheeltec_ros2/install/openslam_gmapping/include/gmapping/particlefilter/particlefilter.h:140:2:[m[K [01;35m[Kwarning: [m[Kthis ‘[01m[Kif[m[K’ clause does not guard... [[01;35m[K-Wmisleading-indentation[m[K]
[19.136s]   140 |  [01;35m[Kif[m[K (count>0)
[19.137s]       |  [01;35m[K^~[m[K
[19.137s] [01m[K/home/wheeltec/wheeltec_ros2/install/openslam_gmapping/include/gmapping/particlefilter/particlefilter.h:142:3:[m[K [01;36m[Knote: [m[K...this statement, but the latter is misleadingly indented as if it were guarded by the ‘[01m[Kif[m[K’
[19.137s]   142 |   [01;36m[Kout[m[K++;
[19.138s]       |   [01;36m[K^~~[m[K
[19.138s] In file included from [01m[K/home/wheeltec/wheeltec_ros2/install/openslam_gmapping/include/gmapping/gridfastslam/gridslamprocessor.h:10[m[K,
[19.139s]                  from [01m[K/home/wheeltec/wheeltec_ros2/src/wheeltec_robot_slam/slam_gmapping/include/slam_gmapping/slam_gmapping.h:45[m[K,
[19.139s]                  from [01m[K/home/wheeltec/wheeltec_ros2/src/wheeltec_robot_slam/slam_gmapping/src/slam_gmapping.cpp:24[m[K:
[19.139s] [01m[K/home/wheeltec/wheeltec_ros2/install/openslam_gmapping/include/gmapping/utils/point.h:[m[K At global scope:
[19.140s] [01m[K/home/wheeltec/wheeltec_ros2/install/openslam_gmapping/include/gmapping/utils/point.h:205:2:[m[K [01;35m[Kwarning: [m[Kextra ‘[01m[K;[m[K’ [[01;35m[K-Wpedantic[m[K]
[19.140s]   205 | }[01;35m[K;[m[K //end namespace
[19.141s]       |  [01;35m[K^[m[K
[19.141s] In file included from [01m[K/home/wheeltec/wheeltec_ros2/install/openslam_gmapping/include/gmapping/sensor/sensor_base/sensorreading.h:4[m[K,
[19.141s]                  from [01m[K/home/wheeltec/wheeltec_ros2/install/openslam_gmapping/include/gmapping/log/sensorlog.h:6[m[K,
[19.142s]                  from [01m[K/home/wheeltec/wheeltec_ros2/install/openslam_gmapping/include/gmapping/gridfastslam/gridslamprocessor.h:12[m[K,
[19.142s]                  from [01m[K/home/wheeltec/wheeltec_ros2/src/wheeltec_robot_slam/slam_gmapping/include/slam_gmapping/slam_gmapping.h:45[m[K,
[19.143s]                  from [01m[K/home/wheeltec/wheeltec_ros2/src/wheeltec_robot_slam/slam_gmapping/src/slam_gmapping.cpp:24[m[K:
[19.143s] [01m[K/home/wheeltec/wheeltec_ros2/install/openslam_gmapping/include/gmapping/sensor/sensor_base/sensor.h:21:2:[m[K [01;35m[Kwarning: [m[Kextra ‘[01m[K;[m[K’ [[01;35m[K-Wpedantic[m[K]
[19.143s]    21 | }[01;35m[K;[m[K //end namespace
[19.144s]       |  [01;35m[K^[m[K
[19.144s] In file included from [01m[K/home/wheeltec/wheeltec_ros2/install/openslam_gmapping/include/gmapping/log/sensorlog.h:6[m[K,
[19.158s]                  from [01m[K/home/wheeltec/wheeltec_ros2/install/openslam_gmapping/include/gmapping/gridfastslam/gridslamprocessor.h:12[m[K,
[19.159s]                  from [01m[K/home/wheeltec/wheeltec_ros2/src/wheeltec_robot_slam/slam_gmapping/include/slam_gmapping/slam_gmapping.h:45[m[K,
[19.159s]                  from [01m[K/home/wheeltec/wheeltec_ros2/src/wheeltec_robot_slam/slam_gmapping/src/slam_gmapping.cpp:24[m[K:
[19.160s] [01m[K/home/wheeltec/wheeltec_ros2/install/openslam_gmapping/include/gmapping/sensor/sensor_base/sensorreading.h:23:2:[m[K [01;35m[Kwarning: [m[Kextra ‘[01m[K;[m[K’ [[01;35m[K-Wpedantic[m[K]
[19.160s]    23 | }[01;35m[K;[m[K //end namespace
[19.160s]       |  [01;35m[K^[m[K
[19.161s] In file included from [01m[K/home/wheeltec/wheeltec_ros2/install/openslam_gmapping/include/gmapping/log/sensorlog.h:7[m[K,
[19.161s]                  from [01m[K/home/wheeltec/wheeltec_ros2/install/openslam_gmapping/include/gmapping/gridfastslam/gridslamprocessor.h:12[m[K,
[19.162s]                  from [01m[K/home/wheeltec/wheeltec_ros2/src/wheeltec_robot_slam/slam_gmapping/include/slam_gmapping/slam_gmapping.h:45[m[K,
[19.162s]                  from [01m[K/home/wheeltec/wheeltec_ros2/src/wheeltec_robot_slam/slam_gmapping/src/slam_gmapping.cpp:24[m[K:
[19.164s] [01m[K/home/wheeltec/wheeltec_ros2/install/openslam_gmapping/include/gmapping/sensor/sensor_odometry/odometrysensor.h:17:2:[m[K [01;35m[Kwarning: [m[Kextra ‘[01m[K;[m[K’ [[01;35m[K-Wpedantic[m[K]
[19.164s]    17 | }[01;35m[K;[m[K
[19.165s]       |  [01;35m[K^[m[K
[19.165s] In file included from [01m[K/home/wheeltec/wheeltec_ros2/install/openslam_gmapping/include/gmapping/log/sensorlog.h:8[m[K,
[19.166s]                  from [01m[K/home/wheeltec/wheeltec_ros2/install/openslam_gmapping/include/gmapping/gridfastslam/gridslamprocessor.h:12[m[K,
[19.166s]                  from [01m[K/home/wheeltec/wheeltec_ros2/src/wheeltec_robot_slam/slam_gmapping/include/slam_gmapping/slam_gmapping.h:45[m[K,
[19.169s]                  from [01m[K/home/wheeltec/wheeltec_ros2/src/wheeltec_robot_slam/slam_gmapping/src/slam_gmapping.cpp:24[m[K:
[19.170s] [01m[K/home/wheeltec/wheeltec_ros2/install/openslam_gmapping/include/gmapping/sensor/sensor_range/rangesensor.h:33:2:[m[K [01;35m[Kwarning: [m[Kextra ‘[01m[K;[m[K’ [[01;35m[K-Wpedantic[m[K]
[19.171s]    33 | }[01;35m[K;[m[K
[19.171s]       |  [01;35m[K^[m[K
[19.180s] In file included from [01m[K/home/wheeltec/wheeltec_ros2/install/openslam_gmapping/include/gmapping/log/sensorlog.h:9[m[K,
[19.181s]                  from [01m[K/home/wheeltec/wheeltec_ros2/install/openslam_gmapping/include/gmapping/gridfastslam/gridslamprocessor.h:12[m[K,
[19.181s]                  from [01m[K/home/wheeltec/wheeltec_ros2/src/wheeltec_robot_slam/slam_gmapping/include/slam_gmapping/slam_gmapping.h:45[m[K,
[19.182s]                  from [01m[K/home/wheeltec/wheeltec_ros2/src/wheeltec_robot_slam/slam_gmapping/src/slam_gmapping.cpp:24[m[K:
[19.182s] [01m[K/home/wheeltec/wheeltec_ros2/install/openslam_gmapping/include/gmapping/sensor/sensor_odometry/odometryreading.h:27:2:[m[K [01;35m[Kwarning: [m[Kextra ‘[01m[K;[m[K’ [[01;35m[K-Wpedantic[m[K]
[19.183s]    27 | }[01;35m[K;[m[K
[19.183s]       |  [01;35m[K^[m[K
[19.184s] In file included from [01m[K/home/wheeltec/wheeltec_ros2/install/openslam_gmapping/include/gmapping/log/sensorlog.h:10[m[K,
[19.184s]                  from [01m[K/home/wheeltec/wheeltec_ros2/install/openslam_gmapping/include/gmapping/gridfastslam/gridslamprocessor.h:12[m[K,
[19.184s]                  from [01m[K/home/wheeltec/wheeltec_ros2/src/wheeltec_robot_slam/slam_gmapping/include/slam_gmapping/slam_gmapping.h:45[m[K,
[19.185s]                  from [01m[K/home/wheeltec/wheeltec_ros2/src/wheeltec_robot_slam/slam_gmapping/src/slam_gmapping.cpp:24[m[K:
[19.185s] [01m[K/home/wheeltec/wheeltec_ros2/install/openslam_gmapping/include/gmapping/sensor/sensor_range/rangereading.h:24:2:[m[K [01;35m[Kwarning: [m[Kextra ‘[01m[K;[m[K’ [[01;35m[K-Wpedantic[m[K]
[19.186s]    24 | }[01;35m[K;[m[K
[19.186s]       |  [01;35m[K^[m[K
[19.187s] In file included from [01m[K/home/wheeltec/wheeltec_ros2/install/openslam_gmapping/include/gmapping/log/sensorlog.h:11[m[K,
[19.187s]                  from [01m[K/home/wheeltec/wheeltec_ros2/install/openslam_gmapping/include/gmapping/gridfastslam/gridslamprocessor.h:12[m[K,
[19.188s]                  from [01m[K/home/wheeltec/wheeltec_ros2/src/wheeltec_robot_slam/slam_gmapping/include/slam_gmapping/slam_gmapping.h:45[m[K,
[19.188s]                  from [01m[K/home/wheeltec/wheeltec_ros2/src/wheeltec_robot_slam/slam_gmapping/src/slam_gmapping.cpp:24[m[K:
[19.189s] [01m[K/home/wheeltec/wheeltec_ros2/install/openslam_gmapping/include/gmapping/log/configuration.h:15:2:[m[K [01;35m[Kwarning: [m[Kextra ‘[01m[K;[m[K’ [[01;35m[K-Wpedantic[m[K]
[19.189s]    15 | }[01;35m[K;[m[K
[19.189s]       |  [01;35m[K^[m[K
[19.190s] In file included from [01m[K/home/wheeltec/wheeltec_ros2/install/openslam_gmapping/include/gmapping/gridfastslam/gridslamprocessor.h:12[m[K,
[19.190s]                  from [01m[K/home/wheeltec/wheeltec_ros2/src/wheeltec_robot_slam/slam_gmapping/include/slam_gmapping/slam_gmapping.h:45[m[K,
[19.191s]                  from [01m[K/home/wheeltec/wheeltec_ros2/src/wheeltec_robot_slam/slam_gmapping/src/slam_gmapping.cpp:24[m[K:
[19.191s] [01m[K/home/wheeltec/wheeltec_ros2/install/openslam_gmapping/include/gmapping/log/sensorlog.h:27:2:[m[K [01;35m[Kwarning: [m[Kextra ‘[01m[K;[m[K’ [[01;35m[K-Wpedantic[m[K]
[19.192s]    27 | }[01;35m[K;[m[K
[19.192s]       |  [01;35m[K^[m[K
[19.193s] In file included from [01m[K/home/wheeltec/wheeltec_ros2/install/openslam_gmapping/include/gmapping/grid/map.h:5[m[K,
[19.193s]                  from [01m[K/home/wheeltec/wheeltec_ros2/install/openslam_gmapping/include/gmapping/scanmatcher/smmap.h:3[m[K,
[19.194s]                  from [01m[K/home/wheeltec/wheeltec_ros2/install/openslam_gmapping/include/gmapping/scanmatcher/scanmatcher.h:5[m[K,
[19.194s]                  from [01m[K/home/wheeltec/wheeltec_ros2/install/openslam_gmapping/include/gmapping/gridfastslam/gridslamprocessor.h:15[m[K,
[19.195s]                  from [01m[K/home/wheeltec/wheeltec_ros2/src/wheeltec_robot_slam/slam_gmapping/include/slam_gmapping/slam_gmapping.h:45[m[K,
[19.195s]                  from [01m[K/home/wheeltec/wheeltec_ros2/src/wheeltec_robot_slam/slam_gmapping/src/slam_gmapping.cpp:24[m[K:
[19.196s] [01m[K/home/wheeltec/wheeltec_ros2/install/openslam_gmapping/include/gmapping/grid/accessstate.h:6:2:[m[K [01;35m[Kwarning: [m[Kextra ‘[01m[K;[m[K’ [[01;35m[K-Wpedantic[m[K]
[19.196s]     6 | }[01;35m[K;[m[K
[19.197s]       |  [01;35m[K^[m[K
[19.197s] In file included from [01m[K/home/wheeltec/wheeltec_ros2/install/openslam_gmapping/include/gmapping/grid/map.h:6[m[K,
[19.197s]                  from [01m[K/home/wheeltec/wheeltec_ros2/install/openslam_gmapping/include/gmapping/scanmatcher/smmap.h:3[m[K,
[19.198s]                  from [01m[K/home/wheeltec/wheeltec_ros2/install/openslam_gmapping/include/gmapping/scanmatcher/scanmatcher.h:5[m[K,
[19.198s]                  from [01m[K/home/wheeltec/wheeltec_ros2/install/openslam_gmapping/include/gmapping/gridfastslam/gridslamprocessor.h:15[m[K,
[19.199s]                  from [01m[K/home/wheeltec/wheeltec_ros2/src/wheeltec_robot_slam/slam_gmapping/include/slam_gmapping/slam_gmapping.h:45[m[K,
[19.199s]                  from [01m[K/home/wheeltec/wheeltec_ros2/src/wheeltec_robot_slam/slam_gmapping/src/slam_gmapping.cpp:24[m[K:
[19.200s] [01m[K/home/wheeltec/wheeltec_ros2/install/openslam_gmapping/include/gmapping/grid/array2d.h:185:2:[m[K [01;35m[Kwarning: [m[Kextra ‘[01m[K;[m[K’ [[01;35m[K-Wpedantic[m[K]
[19.200s]   185 | }[01;35m[K;[m[K
[19.201s]       |  [01;35m[K^[m[K
[19.201s] In file included from [01m[K/home/wheeltec/wheeltec_ros2/install/openslam_gmapping/include/gmapping/scanmatcher/smmap.h:3[m[K,
[19.202s]                  from [01m[K/home/wheeltec/wheeltec_ros2/install/openslam_gmapping/include/gmapping/scanmatcher/scanmatcher.h:5[m[K,
[19.202s]                  from [01m[K/home/wheeltec/wheeltec_ros2/install/openslam_gmapping/include/gmapping/gridfastslam/gridslamprocessor.h:15[m[K,
[19.202s]                  from [01m[K/home/wheeltec/wheeltec_ros2/src/wheeltec_robot_slam/slam_gmapping/include/slam_gmapping/slam_gmapping.h:45[m[K,
[19.203s]                  from [01m[K/home/wheeltec/wheeltec_ros2/src/wheeltec_robot_slam/slam_gmapping/src/slam_gmapping.cpp:24[m[K:
[19.203s] [01m[K/home/wheeltec/wheeltec_ros2/install/openslam_gmapping/include/gmapping/grid/map.h:262:2:[m[K [01;35m[Kwarning: [m[Kextra ‘[01m[K;[m[K’ [[01;35m[K-Wpedantic[m[K]
[19.204s]   262 | }[01;35m[K;[m[K
[19.204s]       |  [01;35m[K^[m[K
[19.205s] In file included from [01m[K/home/wheeltec/wheeltec_ros2/install/openslam_gmapping/include/gmapping/grid/harray2d.h:5[m[K,
[19.205s]                  from [01m[K/home/wheeltec/wheeltec_ros2/install/openslam_gmapping/include/gmapping/scanmatcher/smmap.h:4[m[K,
[19.206s]                  from [01m[K/home/wheeltec/wheeltec_ros2/install/openslam_gmapping/include/gmapping/scanmatcher/scanmatcher.h:5[m[K,
[19.206s]                  from [01m[K/home/wheeltec/wheeltec_ros2/install/openslam_gmapping/include/gmapping/gridfastslam/gridslamprocessor.h:15[m[K,
[19.207s]                  from [01m[K/home/wheeltec/wheeltec_ros2/src/wheeltec_robot_slam/slam_gmapping/include/slam_gmapping/slam_gmapping.h:45[m[K,
[19.207s]                  from [01m[K/home/wheeltec/wheeltec_ros2/src/wheeltec_robot_slam/slam_gmapping/src/slam_gmapping.cpp:24[m[K:
[19.208s] [01m[K/home/wheeltec/wheeltec_ros2/install/openslam_gmapping/include/gmapping/utils/autoptr.h:96:2:[m[K [01;35m[Kwarning: [m[Kextra ‘[01m[K;[m[K’ [[01;35m[K-Wpedantic[m[K]
[19.208s]    96 | }[01;35m[K;[m[K
[19.209s]       |  [01;35m[K^[m[K
[19.251s] In file included from [01m[K/home/wheeltec/wheeltec_ros2/install/openslam_gmapping/include/gmapping/scanmatcher/smmap.h:4[m[K,
[19.251s]                  from [01m[K/home/wheeltec/wheeltec_ros2/install/openslam_gmapping/include/gmapping/scanmatcher/scanmatcher.h:5[m[K,
[19.252s]                  from [01m[K/home/wheeltec/wheeltec_ros2/install/openslam_gmapping/include/gmapping/gridfastslam/gridslamprocessor.h:15[m[K,
[19.252s]                  from [01m[K/home/wheeltec/wheeltec_ros2/src/wheeltec_robot_slam/slam_gmapping/include/slam_gmapping/slam_gmapping.h:45[m[K,
[19.253s]                  from [01m[K/home/wheeltec/wheeltec_ros2/src/wheeltec_robot_slam/slam_gmapping/src/slam_gmapping.cpp:24[m[K:
[19.253s] [01m[K/home/wheeltec/wheeltec_ros2/install/openslam_gmapping/include/gmapping/grid/harray2d.h:197:2:[m[K [01;35m[Kwarning: [m[Kextra ‘[01m[K;[m[K’ [[01;35m[K-Wpedantic[m[K]
[19.254s]   197 | }[01;35m[K;[m[K
[19.254s]       |  [01;35m[K^[m[K
[19.255s] In file included from [01m[K/home/wheeltec/wheeltec_ros2/install/openslam_gmapping/include/gmapping/scanmatcher/scanmatcher.h:5[m[K,
[19.256s]                  from [01m[K/home/wheeltec/wheeltec_ros2/install/openslam_gmapping/include/gmapping/gridfastslam/gridslamprocessor.h:15[m[K,
[19.257s]                  from [01m[K/home/wheeltec/wheeltec_ros2/src/wheeltec_robot_slam/slam_gmapping/include/slam_gmapping/slam_gmapping.h:45[m[K,
[19.258s]                  from [01m[K/home/wheeltec/wheeltec_ros2/src/wheeltec_robot_slam/slam_gmapping/src/slam_gmapping.cpp:24[m[K:
[19.259s] [01m[K/home/wheeltec/wheeltec_ros2/install/openslam_gmapping/include/gmapping/scanmatcher/smmap.h:52:2:[m[K [01;35m[Kwarning: [m[Kextra ‘[01m[K;[m[K’ [[01;35m[K-Wpedantic[m[K]
[19.259s]    52 | }[01;35m[K;[m[K
[19.260s]       |  [01;35m[K^[m[K
[19.267s] In file included from [01m[K/home/wheeltec/wheeltec_ros2/install/openslam_gmapping/include/gmapping/scanmatcher/scanmatcher.h:7[m[K,
[19.268s]                  from [01m[K/home/wheeltec/wheeltec_ros2/install/openslam_gmapping/include/gmapping/gridfastslam/gridslamprocessor.h:15[m[K,
[19.268s]                  from [01m[K/home/wheeltec/wheeltec_ros2/src/wheeltec_robot_slam/slam_gmapping/include/slam_gmapping/slam_gmapping.h:45[m[K,
[19.269s]                  from [01m[K/home/wheeltec/wheeltec_ros2/src/wheeltec_robot_slam/slam_gmapping/src/slam_gmapping.cpp:24[m[K:
[19.269s] [01m[K/home/wheeltec/wheeltec_ros2/install/openslam_gmapping/include/gmapping/utils/stat.h:145:2:[m[K [01;35m[Kwarning: [m[Kextra ‘[01m[K;[m[K’ [[01;35m[K-Wpedantic[m[K]
[19.270s]   145 | }[01;35m[K;[m[K //end namespace
[19.270s]       |  [01;35m[K^[m[K
[19.318s] In file included from [01m[K/home/wheeltec/wheeltec_ros2/install/openslam_gmapping/include/gmapping/gridfastslam/gridslamprocessor.h:15[m[K,
[19.319s]                  from [01m[K/home/wheeltec/wheeltec_ros2/src/wheeltec_robot_slam/slam_gmapping/include/slam_gmapping/slam_gmapping.h:45[m[K,
[19.319s]                  from [01m[K/home/wheeltec/wheeltec_ros2/src/wheeltec_robot_slam/slam_gmapping/src/slam_gmapping.cpp:24[m[K:
[19.320s] [01m[K/home/wheeltec/wheeltec_ros2/install/openslam_gmapping/include/gmapping/scanmatcher/scanmatcher.h:250:2:[m[K [01;35m[Kwarning: [m[Kextra ‘[01m[K;[m[K’ [[01;35m[K-Wpedantic[m[K]
[19.320s]   250 | }[01;35m[K;[m[K
[19.321s]       |  [01;35m[K^[m[K
[19.321s] In file included from [01m[K/home/wheeltec/wheeltec_ros2/install/openslam_gmapping/include/gmapping/gridfastslam/gridslamprocessor.h:16[m[K,
[19.321s]                  from [01m[K/home/wheeltec/wheeltec_ros2/src/wheeltec_robot_slam/slam_gmapping/include/slam_gmapping/slam_gmapping.h:45[m[K,
[19.322s]                  from [01m[K/home/wheeltec/wheeltec_ros2/src/wheeltec_robot_slam/slam_gmapping/src/slam_gmapping.cpp:24[m[K:
[19.323s] [01m[K/home/wheeltec/wheeltec_ros2/install/openslam_gmapping/include/gmapping/gridfastslam/motionmodel.h:17:2:[m[K [01;35m[Kwarning: [m[Kextra ‘[01m[K;[m[K’ [[01;35m[K-Wpedantic[m[K]
[19.323s]    17 | }[01;35m[K;[m[K
[19.323s]       |  [01;35m[K^[m[K
[19.408s] In file included from [01m[K/home/wheeltec/wheeltec_ros2/src/wheeltec_robot_slam/slam_gmapping/include/slam_gmapping/slam_gmapping.h:45[m[K,
[19.409s]                  from [01m[K/home/wheeltec/wheeltec_ros2/src/wheeltec_robot_slam/slam_gmapping/src/slam_gmapping.cpp:24[m[K:
[19.409s] [01m[K/home/wheeltec/wheeltec_ros2/install/openslam_gmapping/include/gmapping/gridfastslam/gridslamprocessor.h:335:2:[m[K [01;35m[Kwarning: [m[Kextra ‘[01m[K;[m[K’ [[01;35m[K-Wpedantic[m[K]
[19.410s]   335 | }[01;35m[K;[m[K
[19.410s]       |  [01;35m[K^[m[K
[57.561s] [100%] [32m[1mLinking CXX executable slam_gmapping[0m
[60.077s] [100%] Built target slam_gmapping
[60.187s] Invoked command in '/home/wheeltec/wheeltec_ros2/build/slam_gmapping' returned '0': CMAKE_PREFIX_PATH=/home/wheeltec/wheeltec_ros2/install/openslam_gmapping:/home/wheeltec/wheeltec_ros2/install/wheeltec_slam_toolbox:/home/wheeltec/wheeltec_ros2/install/wheeltec_rrt_msg:/home/wheeltec/wheeltec_ros2/install/wheeltec_robot_urdf:/home/wheeltec/wheeltec_ros2/install/wheeltec_robot_rtab:/home/wheeltec/wheeltec_ros2/install/wheeltec_robot_rrt:/home/wheeltec/wheeltec_ros2/install/turn_on_wheeltec_robot:/home/wheeltec/wheeltec_ros2/install/wheeltec_robot_msg:/home/wheeltec/wheeltec_ros2/install/wheeltec_nav2:/home/wheeltec/wheeltec_ros2/install/wheeltec_joy:/home/wheeltec/wheeltec_ros2/install/wheeltec_cartographer:/home/wheeltec/wheeltec_ros2/install/web_video_server:/home/wheeltec/wheeltec_ros2/install/usb_cam:/home/wheeltec/wheeltec_ros2/install/slam_gmapping:/home/wheeltec/wheeltec_ros2/install/serial:/home/wheeltec/wheeltec_ros2/install/rplidar_ros2:/home/wheeltec/wheeltec_ros2/install/ros2_astra_camera:/home/wheeltec/wheeltec_ros2/install/ar_track_alvar:/home/wheeltec/wheeltec_ros2/install/perception_pcl:/home/wheeltec/wheeltec_ros2/install/pcl_ros:/home/wheeltec/wheeltec_ros2/install/lslidar_driver:/home/wheeltec/wheeltec_ros2/install/pcl_conversions:/home/wheeltec/wheeltec_ros2/install/nav2_system_tests:/home/wheeltec/wheeltec_ros2/install/nav2_bringup:/home/wheeltec/wheeltec_ros2/install/navigation2:/home/wheeltec/wheeltec_ros2/install/nav2_dwb_controller:/home/wheeltec/wheeltec_ros2/install/nav2_controller:/home/wheeltec/wheeltec_ros2/install/dwb_plugins:/home/wheeltec/wheeltec_ros2/install/dwb_critics:/home/wheeltec/wheeltec_ros2/install/dwb_core:/home/wheeltec/wheeltec_ros2/install/nav_2d_utils:/home/wheeltec/wheeltec_ros2/install/dwb_msgs:/home/wheeltec/wheeltec_ros2/install/nav_2d_msgs:/home/wheeltec/wheeltec_ros2/install/nav2_waypoint_follower:/home/wheeltec/wheeltec_ros2/install/nav2_theta_star_planner:/home/wheeltec/wheeltec_ros2/install/nav2_smac_planner:/home/wheeltec/wheeltec_ros2/install/nav2_rotation_shim_controller:/home/wheeltec/wheeltec_ros2/install/nav2_regulated_pure_pursuit_controller:/home/wheeltec/wheeltec_ros2/install/nav2_recoveries:/home/wheeltec/wheeltec_ros2/install/nav2_planner:/home/wheeltec/wheeltec_ros2/install/nav2_navfn_planner:/home/wheeltec/wheeltec_ros2/install/nav2_bt_navigator:/home/wheeltec/wheeltec_ros2/install/nav2_core:/home/wheeltec/wheeltec_ros2/install/costmap_queue:/home/wheeltec/wheeltec_ros2/install/nav2_costmap_2d:/home/wheeltec/wheeltec_ros2/install/nav2_voxel_grid:/home/wheeltec/wheeltec_ros2/install/nav2_rviz_plugins:/home/wheeltec/wheeltec_ros2/install/nav2_map_server:/home/wheeltec/wheeltec_ros2/install/nav2_lifecycle_manager:/home/wheeltec/wheeltec_ros2/install/nav2_behavior_tree:/home/wheeltec/wheeltec_ros2/install/nav2_amcl:/home/wheeltec/wheeltec_ros2/install/nav2_util:/home/wheeltec/wheeltec_ros2/install/nav2_msgs:/home/wheeltec/wheeltec_ros2/install/nav2_common:/home/wheeltec/wheeltec_ros2/install/lsn10:/home/wheeltec/wheeltec_ros2/install/lsm10_v2:/home/wheeltec/wheeltec_ros2/install/lslidar_msgs:/home/wheeltec/wheeltec_ros2/install/lidar_ros2:/home/wheeltec/wheeltec_ros2/install/ldlidar_stl_ros2:/home/wheeltec/wheeltec_ros2/install/ldlidar_sl_ros2:/home/wheeltec/wheeltec_ros2/install/astra_msgs:/home/wheeltec/wheeltec_ros2/install/astra_camera:/home/wheeltec/wheeltec_ros2/install/astra_camera_msgs:/home/wheeltec/wheeltec_ros2/install/ar_track_alvar_msgs:/home/wheeltec/wheeltec_ros2/install/ackermann_msgs:/home/wheeltec/wheeltec_ros2/install/simple_follower_ros2:/home/wheeltec/wheeltec_ros2/install/wheeltec_robot_keyboard:/home/wheeltec/wheeltec_ros2/install/tf2_tools:/home/wheeltec/wheeltec_ros2/install/nav2_simple_commander:/home/wheeltec/wheeltec_ros2/install/nav2_gazebo_spawner:/opt/ros/galactic /usr/bin/cmake --build /home/wheeltec/wheeltec_ros2/build/slam_gmapping -- -j4 -l4
[60.393s] Invoking command in '/home/wheeltec/wheeltec_ros2/build/slam_gmapping': CMAKE_PREFIX_PATH=/home/wheeltec/wheeltec_ros2/install/openslam_gmapping:/home/wheeltec/wheeltec_ros2/install/wheeltec_slam_toolbox:/home/wheeltec/wheeltec_ros2/install/wheeltec_rrt_msg:/home/wheeltec/wheeltec_ros2/install/wheeltec_robot_urdf:/home/wheeltec/wheeltec_ros2/install/wheeltec_robot_rtab:/home/wheeltec/wheeltec_ros2/install/wheeltec_robot_rrt:/home/wheeltec/wheeltec_ros2/install/turn_on_wheeltec_robot:/home/wheeltec/wheeltec_ros2/install/wheeltec_robot_msg:/home/wheeltec/wheeltec_ros2/install/wheeltec_nav2:/home/wheeltec/wheeltec_ros2/install/wheeltec_joy:/home/wheeltec/wheeltec_ros2/install/wheeltec_cartographer:/home/wheeltec/wheeltec_ros2/install/web_video_server:/home/wheeltec/wheeltec_ros2/install/usb_cam:/home/wheeltec/wheeltec_ros2/install/slam_gmapping:/home/wheeltec/wheeltec_ros2/install/serial:/home/wheeltec/wheeltec_ros2/install/rplidar_ros2:/home/wheeltec/wheeltec_ros2/install/ros2_astra_camera:/home/wheeltec/wheeltec_ros2/install/ar_track_alvar:/home/wheeltec/wheeltec_ros2/install/perception_pcl:/home/wheeltec/wheeltec_ros2/install/pcl_ros:/home/wheeltec/wheeltec_ros2/install/lslidar_driver:/home/wheeltec/wheeltec_ros2/install/pcl_conversions:/home/wheeltec/wheeltec_ros2/install/nav2_system_tests:/home/wheeltec/wheeltec_ros2/install/nav2_bringup:/home/wheeltec/wheeltec_ros2/install/navigation2:/home/wheeltec/wheeltec_ros2/install/nav2_dwb_controller:/home/wheeltec/wheeltec_ros2/install/nav2_controller:/home/wheeltec/wheeltec_ros2/install/dwb_plugins:/home/wheeltec/wheeltec_ros2/install/dwb_critics:/home/wheeltec/wheeltec_ros2/install/dwb_core:/home/wheeltec/wheeltec_ros2/install/nav_2d_utils:/home/wheeltec/wheeltec_ros2/install/dwb_msgs:/home/wheeltec/wheeltec_ros2/install/nav_2d_msgs:/home/wheeltec/wheeltec_ros2/install/nav2_waypoint_follower:/home/wheeltec/wheeltec_ros2/install/nav2_theta_star_planner:/home/wheeltec/wheeltec_ros2/install/nav2_smac_planner:/home/wheeltec/wheeltec_ros2/install/nav2_rotation_shim_controller:/home/wheeltec/wheeltec_ros2/install/nav2_regulated_pure_pursuit_controller:/home/wheeltec/wheeltec_ros2/install/nav2_recoveries:/home/wheeltec/wheeltec_ros2/install/nav2_planner:/home/wheeltec/wheeltec_ros2/install/nav2_navfn_planner:/home/wheeltec/wheeltec_ros2/install/nav2_bt_navigator:/home/wheeltec/wheeltec_ros2/install/nav2_core:/home/wheeltec/wheeltec_ros2/install/costmap_queue:/home/wheeltec/wheeltec_ros2/install/nav2_costmap_2d:/home/wheeltec/wheeltec_ros2/install/nav2_voxel_grid:/home/wheeltec/wheeltec_ros2/install/nav2_rviz_plugins:/home/wheeltec/wheeltec_ros2/install/nav2_map_server:/home/wheeltec/wheeltec_ros2/install/nav2_lifecycle_manager:/home/wheeltec/wheeltec_ros2/install/nav2_behavior_tree:/home/wheeltec/wheeltec_ros2/install/nav2_amcl:/home/wheeltec/wheeltec_ros2/install/nav2_util:/home/wheeltec/wheeltec_ros2/install/nav2_msgs:/home/wheeltec/wheeltec_ros2/install/nav2_common:/home/wheeltec/wheeltec_ros2/install/lsn10:/home/wheeltec/wheeltec_ros2/install/lsm10_v2:/home/wheeltec/wheeltec_ros2/install/lslidar_msgs:/home/wheeltec/wheeltec_ros2/install/lidar_ros2:/home/wheeltec/wheeltec_ros2/install/ldlidar_stl_ros2:/home/wheeltec/wheeltec_ros2/install/ldlidar_sl_ros2:/home/wheeltec/wheeltec_ros2/install/astra_msgs:/home/wheeltec/wheeltec_ros2/install/astra_camera:/home/wheeltec/wheeltec_ros2/install/astra_camera_msgs:/home/wheeltec/wheeltec_ros2/install/ar_track_alvar_msgs:/home/wheeltec/wheeltec_ros2/install/ackermann_msgs:/home/wheeltec/wheeltec_ros2/install/simple_follower_ros2:/home/wheeltec/wheeltec_ros2/install/wheeltec_robot_keyboard:/home/wheeltec/wheeltec_ros2/install/tf2_tools:/home/wheeltec/wheeltec_ros2/install/nav2_simple_commander:/home/wheeltec/wheeltec_ros2/install/nav2_gazebo_spawner:/opt/ros/galactic /usr/bin/cmake --install /home/wheeltec/wheeltec_ros2/build/slam_gmapping
[60.460s] -- Install configuration: ""
[60.465s] -- Installing: /home/wheeltec/wheeltec_ros2/install/slam_gmapping/lib/slam_gmapping/slam_gmapping
[60.488s] -- Set runtime path of "/home/wheeltec/wheeltec_ros2/install/slam_gmapping/lib/slam_gmapping/slam_gmapping" to ""
[60.489s] -- Up-to-date: /home/wheeltec/wheeltec_ros2/install/slam_gmapping/share/slam_gmapping/launch
[60.489s] -- Installing: /home/wheeltec/wheeltec_ros2/install/slam_gmapping/share/slam_gmapping/launch/slam_gmapping.launch.py
[60.491s] -- Up-to-date: /home/wheeltec/wheeltec_ros2/install/slam_gmapping/share/ament_index/resource_index/package_run_dependencies/slam_gmapping
[60.492s] -- Installing: /home/wheeltec/wheeltec_ros2/install/slam_gmapping/share/ament_index/resource_index/parent_prefix_path/slam_gmapping
[60.493s] -- Installing: /home/wheeltec/wheeltec_ros2/install/slam_gmapping/share/slam_gmapping/environment/ament_prefix_path.sh
[60.494s] -- Installing: /home/wheeltec/wheeltec_ros2/install/slam_gmapping/share/slam_gmapping/environment/ament_prefix_path.dsv
[60.495s] -- Installing: /home/wheeltec/wheeltec_ros2/install/slam_gmapping/share/slam_gmapping/environment/path.sh
[60.496s] -- Installing: /home/wheeltec/wheeltec_ros2/install/slam_gmapping/share/slam_gmapping/environment/path.dsv
[60.497s] -- Up-to-date: /home/wheeltec/wheeltec_ros2/install/slam_gmapping/share/slam_gmapping/local_setup.bash
[60.497s] -- Up-to-date: /home/wheeltec/wheeltec_ros2/install/slam_gmapping/share/slam_gmapping/local_setup.sh
[60.498s] -- Up-to-date: /home/wheeltec/wheeltec_ros2/install/slam_gmapping/share/slam_gmapping/local_setup.zsh
[60.499s] -- Installing: /home/wheeltec/wheeltec_ros2/install/slam_gmapping/share/slam_gmapping/local_setup.dsv
[60.499s] -- Installing: /home/wheeltec/wheeltec_ros2/install/slam_gmapping/share/slam_gmapping/package.dsv
[60.500s] -- Up-to-date: /home/wheeltec/wheeltec_ros2/install/slam_gmapping/share/ament_index/resource_index/packages/slam_gmapping
[60.502s] -- Up-to-date: /home/wheeltec/wheeltec_ros2/install/slam_gmapping/share/slam_gmapping/cmake/slam_gmappingConfig.cmake
[60.503s] -- Up-to-date: /home/wheeltec/wheeltec_ros2/install/slam_gmapping/share/slam_gmapping/cmake/slam_gmappingConfig-version.cmake
[60.504s] -- Installing: /home/wheeltec/wheeltec_ros2/install/slam_gmapping/share/slam_gmapping/package.xml
[60.517s] Invoked command in '/home/wheeltec/wheeltec_ros2/build/slam_gmapping' returned '0': CMAKE_PREFIX_PATH=/home/wheeltec/wheeltec_ros2/install/openslam_gmapping:/home/wheeltec/wheeltec_ros2/install/wheeltec_slam_toolbox:/home/wheeltec/wheeltec_ros2/install/wheeltec_rrt_msg:/home/wheeltec/wheeltec_ros2/install/wheeltec_robot_urdf:/home/wheeltec/wheeltec_ros2/install/wheeltec_robot_rtab:/home/wheeltec/wheeltec_ros2/install/wheeltec_robot_rrt:/home/wheeltec/wheeltec_ros2/install/turn_on_wheeltec_robot:/home/wheeltec/wheeltec_ros2/install/wheeltec_robot_msg:/home/wheeltec/wheeltec_ros2/install/wheeltec_nav2:/home/wheeltec/wheeltec_ros2/install/wheeltec_joy:/home/wheeltec/wheeltec_ros2/install/wheeltec_cartographer:/home/wheeltec/wheeltec_ros2/install/web_video_server:/home/wheeltec/wheeltec_ros2/install/usb_cam:/home/wheeltec/wheeltec_ros2/install/slam_gmapping:/home/wheeltec/wheeltec_ros2/install/serial:/home/wheeltec/wheeltec_ros2/install/rplidar_ros2:/home/wheeltec/wheeltec_ros2/install/ros2_astra_camera:/home/wheeltec/wheeltec_ros2/install/ar_track_alvar:/home/wheeltec/wheeltec_ros2/install/perception_pcl:/home/wheeltec/wheeltec_ros2/install/pcl_ros:/home/wheeltec/wheeltec_ros2/install/lslidar_driver:/home/wheeltec/wheeltec_ros2/install/pcl_conversions:/home/wheeltec/wheeltec_ros2/install/nav2_system_tests:/home/wheeltec/wheeltec_ros2/install/nav2_bringup:/home/wheeltec/wheeltec_ros2/install/navigation2:/home/wheeltec/wheeltec_ros2/install/nav2_dwb_controller:/home/wheeltec/wheeltec_ros2/install/nav2_controller:/home/wheeltec/wheeltec_ros2/install/dwb_plugins:/home/wheeltec/wheeltec_ros2/install/dwb_critics:/home/wheeltec/wheeltec_ros2/install/dwb_core:/home/wheeltec/wheeltec_ros2/install/nav_2d_utils:/home/wheeltec/wheeltec_ros2/install/dwb_msgs:/home/wheeltec/wheeltec_ros2/install/nav_2d_msgs:/home/wheeltec/wheeltec_ros2/install/nav2_waypoint_follower:/home/wheeltec/wheeltec_ros2/install/nav2_theta_star_planner:/home/wheeltec/wheeltec_ros2/install/nav2_smac_planner:/home/wheeltec/wheeltec_ros2/install/nav2_rotation_shim_controller:/home/wheeltec/wheeltec_ros2/install/nav2_regulated_pure_pursuit_controller:/home/wheeltec/wheeltec_ros2/install/nav2_recoveries:/home/wheeltec/wheeltec_ros2/install/nav2_planner:/home/wheeltec/wheeltec_ros2/install/nav2_navfn_planner:/home/wheeltec/wheeltec_ros2/install/nav2_bt_navigator:/home/wheeltec/wheeltec_ros2/install/nav2_core:/home/wheeltec/wheeltec_ros2/install/costmap_queue:/home/wheeltec/wheeltec_ros2/install/nav2_costmap_2d:/home/wheeltec/wheeltec_ros2/install/nav2_voxel_grid:/home/wheeltec/wheeltec_ros2/install/nav2_rviz_plugins:/home/wheeltec/wheeltec_ros2/install/nav2_map_server:/home/wheeltec/wheeltec_ros2/install/nav2_lifecycle_manager:/home/wheeltec/wheeltec_ros2/install/nav2_behavior_tree:/home/wheeltec/wheeltec_ros2/install/nav2_amcl:/home/wheeltec/wheeltec_ros2/install/nav2_util:/home/wheeltec/wheeltec_ros2/install/nav2_msgs:/home/wheeltec/wheeltec_ros2/install/nav2_common:/home/wheeltec/wheeltec_ros2/install/lsn10:/home/wheeltec/wheeltec_ros2/install/lsm10_v2:/home/wheeltec/wheeltec_ros2/install/lslidar_msgs:/home/wheeltec/wheeltec_ros2/install/lidar_ros2:/home/wheeltec/wheeltec_ros2/install/ldlidar_stl_ros2:/home/wheeltec/wheeltec_ros2/install/ldlidar_sl_ros2:/home/wheeltec/wheeltec_ros2/install/astra_msgs:/home/wheeltec/wheeltec_ros2/install/astra_camera:/home/wheeltec/wheeltec_ros2/install/astra_camera_msgs:/home/wheeltec/wheeltec_ros2/install/ar_track_alvar_msgs:/home/wheeltec/wheeltec_ros2/install/ackermann_msgs:/home/wheeltec/wheeltec_ros2/install/simple_follower_ros2:/home/wheeltec/wheeltec_ros2/install/wheeltec_robot_keyboard:/home/wheeltec/wheeltec_ros2/install/tf2_tools:/home/wheeltec/wheeltec_ros2/install/nav2_simple_commander:/home/wheeltec/wheeltec_ros2/install/nav2_gazebo_spawner:/opt/ros/galactic /usr/bin/cmake --install /home/wheeltec/wheeltec_ros2/build/slam_gmapping
