[0.401s] Invoking command in '/home/wheeltec/wheeltec_ros2/build/dwb_critics': AMENT_PREFIX_PATH=/home/wheeltec/wheeltec_ros2/install/dwb_core:/home/wheeltec/wheeltec_ros2/install/nav2_core:/home/wheeltec/wheeltec_ros2/install/costmap_queue:/home/wheeltec/wheeltec_ros2/install/nav2_costmap_2d:/home/wheeltec/wheeltec_ros2/install/nav_2d_utils:/home/wheeltec/wheeltec_ros2/install/nav2_map_server:/home/wheeltec/wheeltec_ros2/install/nav2_lifecycle_manager:/home/wheeltec/wheeltec_ros2/install/nav2_util:/home/wheeltec/wheeltec_ros2/install/nav2_voxel_grid:/home/wheeltec/wheeltec_ros2/install/nav2_msgs:/home/wheeltec/wheeltec_ros2/install/dwb_msgs:/home/wheeltec/wheeltec_ros2/install/nav_2d_msgs:/home/wheeltec/wheeltec_ros2/install/nav2_common:${AMENT_PREFIX_PATH} CMAKE_PREFIX_PATH=/home/wheeltec/wheeltec_ros2/install/dwb_core:/home/wheeltec/wheeltec_ros2/install/nav2_core:/home/wheeltec/wheeltec_ros2/install/costmap_queue:/home/wheeltec/wheeltec_ros2/install/nav2_costmap_2d:/home/wheeltec/wheeltec_ros2/install/nav_2d_utils:/home/wheeltec/wheeltec_ros2/install/nav2_map_server:/home/wheeltec/wheeltec_ros2/install/nav2_lifecycle_manager:/home/wheeltec/wheeltec_ros2/install/nav2_util:/home/wheeltec/wheeltec_ros2/install/nav2_voxel_grid:/home/wheeltec/wheeltec_ros2/install/nav2_msgs:/home/wheeltec/wheeltec_ros2/install/dwb_msgs:/home/wheeltec/wheeltec_ros2/install/nav_2d_msgs:/home/wheeltec/wheeltec_ros2/install/nav2_common:/opt/ros/galactic LD_LIBRARY_PATH=/home/wheeltec/wheeltec_ros2/install/dwb_core/lib:/home/wheeltec/wheeltec_ros2/install/costmap_queue/lib:/home/wheeltec/wheeltec_ros2/install/nav2_costmap_2d/lib:/home/wheeltec/wheeltec_ros2/install/nav_2d_utils/lib:/home/wheeltec/wheeltec_ros2/install/nav2_map_server/lib:/home/wheeltec/wheeltec_ros2/install/nav2_lifecycle_manager/lib:/home/wheeltec/wheeltec_ros2/install/nav2_util/lib:/home/wheeltec/wheeltec_ros2/install/nav2_voxel_grid/lib:/home/wheeltec/wheeltec_ros2/install/nav2_msgs/lib:/home/wheeltec/wheeltec_ros2/install/dwb_msgs/lib:/home/wheeltec/wheeltec_ros2/install/nav_2d_msgs/lib:${LD_LIBRARY_PATH} PYTHONPATH=/home/wheeltec/wheeltec_ros2/install/nav2_msgs/lib/python3.8/site-packages:/home/wheeltec/wheeltec_ros2/install/dwb_msgs/lib/python3.8/site-packages:/home/wheeltec/wheeltec_ros2/install/nav_2d_msgs/lib/python3.8/site-packages:/home/wheeltec/wheeltec_ros2/install/nav2_common/lib/python3.8/site-packages:${PYTHONPATH} /usr/bin/cmake --build /home/wheeltec/wheeltec_ros2/build/dwb_critics -- -j4 -l4
[0.867s] [  7%] Built target gtest
[0.903s] [ 14%] Built target gtest_main
[0.992s] [ 62%] Built target dwb_critics
[1.203s] [ 70%] Built target alignment_util_tests
[1.233s] [ 77%] Built target twirling_tests
[1.361s] [ 85%] Built target base_obstacle_tests
[1.420s] [ 92%] Built target obstacle_footprint_tests
[1.521s] [100%] Built target prefer_forward_tests
[1.619s] Invoked command in '/home/wheeltec/wheeltec_ros2/build/dwb_critics' returned '0': AMENT_PREFIX_PATH=/home/wheeltec/wheeltec_ros2/install/dwb_core:/home/wheeltec/wheeltec_ros2/install/nav2_core:/home/wheeltec/wheeltec_ros2/install/costmap_queue:/home/wheeltec/wheeltec_ros2/install/nav2_costmap_2d:/home/wheeltec/wheeltec_ros2/install/nav_2d_utils:/home/wheeltec/wheeltec_ros2/install/nav2_map_server:/home/wheeltec/wheeltec_ros2/install/nav2_lifecycle_manager:/home/wheeltec/wheeltec_ros2/install/nav2_util:/home/wheeltec/wheeltec_ros2/install/nav2_voxel_grid:/home/wheeltec/wheeltec_ros2/install/nav2_msgs:/home/wheeltec/wheeltec_ros2/install/dwb_msgs:/home/wheeltec/wheeltec_ros2/install/nav_2d_msgs:/home/wheeltec/wheeltec_ros2/install/nav2_common:${AMENT_PREFIX_PATH} CMAKE_PREFIX_PATH=/home/wheeltec/wheeltec_ros2/install/dwb_core:/home/wheeltec/wheeltec_ros2/install/nav2_core:/home/wheeltec/wheeltec_ros2/install/costmap_queue:/home/wheeltec/wheeltec_ros2/install/nav2_costmap_2d:/home/wheeltec/wheeltec_ros2/install/nav_2d_utils:/home/wheeltec/wheeltec_ros2/install/nav2_map_server:/home/wheeltec/wheeltec_ros2/install/nav2_lifecycle_manager:/home/wheeltec/wheeltec_ros2/install/nav2_util:/home/wheeltec/wheeltec_ros2/install/nav2_voxel_grid:/home/wheeltec/wheeltec_ros2/install/nav2_msgs:/home/wheeltec/wheeltec_ros2/install/dwb_msgs:/home/wheeltec/wheeltec_ros2/install/nav_2d_msgs:/home/wheeltec/wheeltec_ros2/install/nav2_common:/opt/ros/galactic LD_LIBRARY_PATH=/home/wheeltec/wheeltec_ros2/install/dwb_core/lib:/home/wheeltec/wheeltec_ros2/install/costmap_queue/lib:/home/wheeltec/wheeltec_ros2/install/nav2_costmap_2d/lib:/home/wheeltec/wheeltec_ros2/install/nav_2d_utils/lib:/home/wheeltec/wheeltec_ros2/install/nav2_map_server/lib:/home/wheeltec/wheeltec_ros2/install/nav2_lifecycle_manager/lib:/home/wheeltec/wheeltec_ros2/install/nav2_util/lib:/home/wheeltec/wheeltec_ros2/install/nav2_voxel_grid/lib:/home/wheeltec/wheeltec_ros2/install/nav2_msgs/lib:/home/wheeltec/wheeltec_ros2/install/dwb_msgs/lib:/home/wheeltec/wheeltec_ros2/install/nav_2d_msgs/lib:${LD_LIBRARY_PATH} PYTHONPATH=/home/wheeltec/wheeltec_ros2/install/nav2_msgs/lib/python3.8/site-packages:/home/wheeltec/wheeltec_ros2/install/dwb_msgs/lib/python3.8/site-packages:/home/wheeltec/wheeltec_ros2/install/nav_2d_msgs/lib/python3.8/site-packages:/home/wheeltec/wheeltec_ros2/install/nav2_common/lib/python3.8/site-packages:${PYTHONPATH} /usr/bin/cmake --build /home/wheeltec/wheeltec_ros2/build/dwb_critics -- -j4 -l4
[1.898s] Invoking command in '/home/wheeltec/wheeltec_ros2/build/dwb_critics': AMENT_PREFIX_PATH=/home/wheeltec/wheeltec_ros2/install/dwb_core:/home/wheeltec/wheeltec_ros2/install/nav2_core:/home/wheeltec/wheeltec_ros2/install/costmap_queue:/home/wheeltec/wheeltec_ros2/install/nav2_costmap_2d:/home/wheeltec/wheeltec_ros2/install/nav_2d_utils:/home/wheeltec/wheeltec_ros2/install/nav2_map_server:/home/wheeltec/wheeltec_ros2/install/nav2_lifecycle_manager:/home/wheeltec/wheeltec_ros2/install/nav2_util:/home/wheeltec/wheeltec_ros2/install/nav2_voxel_grid:/home/wheeltec/wheeltec_ros2/install/nav2_msgs:/home/wheeltec/wheeltec_ros2/install/dwb_msgs:/home/wheeltec/wheeltec_ros2/install/nav_2d_msgs:/home/wheeltec/wheeltec_ros2/install/nav2_common:${AMENT_PREFIX_PATH} CMAKE_PREFIX_PATH=/home/wheeltec/wheeltec_ros2/install/dwb_core:/home/wheeltec/wheeltec_ros2/install/nav2_core:/home/wheeltec/wheeltec_ros2/install/costmap_queue:/home/wheeltec/wheeltec_ros2/install/nav2_costmap_2d:/home/wheeltec/wheeltec_ros2/install/nav_2d_utils:/home/wheeltec/wheeltec_ros2/install/nav2_map_server:/home/wheeltec/wheeltec_ros2/install/nav2_lifecycle_manager:/home/wheeltec/wheeltec_ros2/install/nav2_util:/home/wheeltec/wheeltec_ros2/install/nav2_voxel_grid:/home/wheeltec/wheeltec_ros2/install/nav2_msgs:/home/wheeltec/wheeltec_ros2/install/dwb_msgs:/home/wheeltec/wheeltec_ros2/install/nav_2d_msgs:/home/wheeltec/wheeltec_ros2/install/nav2_common:/opt/ros/galactic LD_LIBRARY_PATH=/home/wheeltec/wheeltec_ros2/install/dwb_core/lib:/home/wheeltec/wheeltec_ros2/install/costmap_queue/lib:/home/wheeltec/wheeltec_ros2/install/nav2_costmap_2d/lib:/home/wheeltec/wheeltec_ros2/install/nav_2d_utils/lib:/home/wheeltec/wheeltec_ros2/install/nav2_map_server/lib:/home/wheeltec/wheeltec_ros2/install/nav2_lifecycle_manager/lib:/home/wheeltec/wheeltec_ros2/install/nav2_util/lib:/home/wheeltec/wheeltec_ros2/install/nav2_voxel_grid/lib:/home/wheeltec/wheeltec_ros2/install/nav2_msgs/lib:/home/wheeltec/wheeltec_ros2/install/dwb_msgs/lib:/home/wheeltec/wheeltec_ros2/install/nav_2d_msgs/lib:${LD_LIBRARY_PATH} PYTHONPATH=/home/wheeltec/wheeltec_ros2/install/nav2_msgs/lib/python3.8/site-packages:/home/wheeltec/wheeltec_ros2/install/dwb_msgs/lib/python3.8/site-packages:/home/wheeltec/wheeltec_ros2/install/nav_2d_msgs/lib/python3.8/site-packages:/home/wheeltec/wheeltec_ros2/install/nav2_common/lib/python3.8/site-packages:${PYTHONPATH} /usr/bin/cmake --install /home/wheeltec/wheeltec_ros2/build/dwb_critics
[1.952s] -- Install configuration: "Release"
[1.953s] -- Up-to-date: /home/wheeltec/wheeltec_ros2/install/dwb_critics/lib/libdwb_critics.so
[1.954s] -- Up-to-date: /home/wheeltec/wheeltec_ros2/install/dwb_critics/include/
[1.955s] -- Up-to-date: /home/wheeltec/wheeltec_ros2/install/dwb_critics/include//dwb_critics
[1.956s] -- Up-to-date: /home/wheeltec/wheeltec_ros2/install/dwb_critics/include//dwb_critics/base_obstacle.hpp
[1.957s] -- Up-to-date: /home/wheeltec/wheeltec_ros2/install/dwb_critics/include//dwb_critics/path_dist.hpp
[1.957s] -- Up-to-date: /home/wheeltec/wheeltec_ros2/install/dwb_critics/include//dwb_critics/oscillation.hpp
[1.957s] -- Up-to-date: /home/wheeltec/wheeltec_ros2/install/dwb_critics/include//dwb_critics/twirling.hpp
[1.958s] -- Up-to-date: /home/wheeltec/wheeltec_ros2/install/dwb_critics/include//dwb_critics/goal_dist.hpp
[1.958s] -- Up-to-date: /home/wheeltec/wheeltec_ros2/install/dwb_critics/include//dwb_critics/map_grid.hpp
[1.959s] -- Up-to-date: /home/wheeltec/wheeltec_ros2/install/dwb_critics/include//dwb_critics/line_iterator.hpp
[1.959s] -- Up-to-date: /home/wheeltec/wheeltec_ros2/install/dwb_critics/include//dwb_critics/prefer_forward.hpp
[1.959s] -- Up-to-date: /home/wheeltec/wheeltec_ros2/install/dwb_critics/include//dwb_critics/rotate_to_goal.hpp
[1.960s] -- Up-to-date: /home/wheeltec/wheeltec_ros2/install/dwb_critics/include//dwb_critics/alignment_util.hpp
[1.960s] -- Up-to-date: /home/wheeltec/wheeltec_ros2/install/dwb_critics/include//dwb_critics/goal_align.hpp
[1.961s] -- Up-to-date: /home/wheeltec/wheeltec_ros2/install/dwb_critics/include//dwb_critics/obstacle_footprint.hpp
[1.961s] -- Up-to-date: /home/wheeltec/wheeltec_ros2/install/dwb_critics/include//dwb_critics/path_align.hpp
[1.962s] -- Up-to-date: /home/wheeltec/wheeltec_ros2/install/dwb_critics/share/dwb_critics/default_critics.xml
[1.962s] -- Up-to-date: /home/wheeltec/wheeltec_ros2/install/dwb_critics/share/dwb_critics/environment/library_path.sh
[1.963s] -- Up-to-date: /home/wheeltec/wheeltec_ros2/install/dwb_critics/share/dwb_critics/environment/library_path.dsv
[1.963s] -- Up-to-date: /home/wheeltec/wheeltec_ros2/install/dwb_critics/share/dwb_critics/default_critics.xml
[1.963s] -- Up-to-date: /home/wheeltec/wheeltec_ros2/install/dwb_critics/share/ament_index/resource_index/package_run_dependencies/dwb_critics
[1.964s] -- Up-to-date: /home/wheeltec/wheeltec_ros2/install/dwb_critics/share/ament_index/resource_index/parent_prefix_path/dwb_critics
[1.964s] -- Up-to-date: /home/wheeltec/wheeltec_ros2/install/dwb_critics/share/dwb_critics/environment/ament_prefix_path.sh
[1.965s] -- Up-to-date: /home/wheeltec/wheeltec_ros2/install/dwb_critics/share/dwb_critics/environment/ament_prefix_path.dsv
[1.965s] -- Up-to-date: /home/wheeltec/wheeltec_ros2/install/dwb_critics/share/dwb_critics/environment/path.sh
[1.968s] -- Up-to-date: /home/wheeltec/wheeltec_ros2/install/dwb_critics/share/dwb_critics/environment/path.dsv
[1.968s] -- Up-to-date: /home/wheeltec/wheeltec_ros2/install/dwb_critics/share/dwb_critics/local_setup.bash
[1.969s] -- Up-to-date: /home/wheeltec/wheeltec_ros2/install/dwb_critics/share/dwb_critics/local_setup.sh
[1.969s] -- Up-to-date: /home/wheeltec/wheeltec_ros2/install/dwb_critics/share/dwb_critics/local_setup.zsh
[1.970s] -- Up-to-date: /home/wheeltec/wheeltec_ros2/install/dwb_critics/share/dwb_critics/local_setup.dsv
[1.970s] -- Installing: /home/wheeltec/wheeltec_ros2/install/dwb_critics/share/dwb_critics/package.dsv
[1.974s] -- Up-to-date: /home/wheeltec/wheeltec_ros2/install/dwb_critics/share/ament_index/resource_index/packages/dwb_critics
[1.975s] -- Up-to-date: /home/wheeltec/wheeltec_ros2/install/dwb_critics/share/ament_index/resource_index/dwb_core__pluginlib__plugin/dwb_critics
[1.975s] -- Up-to-date: /home/wheeltec/wheeltec_ros2/install/dwb_critics/share/dwb_critics/cmake/ament_cmake_export_include_directories-extras.cmake
[1.976s] -- Up-to-date: /home/wheeltec/wheeltec_ros2/install/dwb_critics/share/dwb_critics/cmake/ament_cmake_export_libraries-extras.cmake
[1.976s] -- Up-to-date: /home/wheeltec/wheeltec_ros2/install/dwb_critics/share/dwb_critics/cmake/ament_cmake_export_dependencies-extras.cmake
[1.977s] -- Up-to-date: /home/wheeltec/wheeltec_ros2/install/dwb_critics/share/dwb_critics/cmake/dwb_criticsConfig.cmake
[1.977s] -- Up-to-date: /home/wheeltec/wheeltec_ros2/install/dwb_critics/share/dwb_critics/cmake/dwb_criticsConfig-version.cmake
[1.978s] -- Up-to-date: /home/wheeltec/wheeltec_ros2/install/dwb_critics/share/dwb_critics/package.xml
[1.995s] Invoked command in '/home/wheeltec/wheeltec_ros2/build/dwb_critics' returned '0': AMENT_PREFIX_PATH=/home/wheeltec/wheeltec_ros2/install/dwb_core:/home/wheeltec/wheeltec_ros2/install/nav2_core:/home/wheeltec/wheeltec_ros2/install/costmap_queue:/home/wheeltec/wheeltec_ros2/install/nav2_costmap_2d:/home/wheeltec/wheeltec_ros2/install/nav_2d_utils:/home/wheeltec/wheeltec_ros2/install/nav2_map_server:/home/wheeltec/wheeltec_ros2/install/nav2_lifecycle_manager:/home/wheeltec/wheeltec_ros2/install/nav2_util:/home/wheeltec/wheeltec_ros2/install/nav2_voxel_grid:/home/wheeltec/wheeltec_ros2/install/nav2_msgs:/home/wheeltec/wheeltec_ros2/install/dwb_msgs:/home/wheeltec/wheeltec_ros2/install/nav_2d_msgs:/home/wheeltec/wheeltec_ros2/install/nav2_common:${AMENT_PREFIX_PATH} CMAKE_PREFIX_PATH=/home/wheeltec/wheeltec_ros2/install/dwb_core:/home/wheeltec/wheeltec_ros2/install/nav2_core:/home/wheeltec/wheeltec_ros2/install/costmap_queue:/home/wheeltec/wheeltec_ros2/install/nav2_costmap_2d:/home/wheeltec/wheeltec_ros2/install/nav_2d_utils:/home/wheeltec/wheeltec_ros2/install/nav2_map_server:/home/wheeltec/wheeltec_ros2/install/nav2_lifecycle_manager:/home/wheeltec/wheeltec_ros2/install/nav2_util:/home/wheeltec/wheeltec_ros2/install/nav2_voxel_grid:/home/wheeltec/wheeltec_ros2/install/nav2_msgs:/home/wheeltec/wheeltec_ros2/install/dwb_msgs:/home/wheeltec/wheeltec_ros2/install/nav_2d_msgs:/home/wheeltec/wheeltec_ros2/install/nav2_common:/opt/ros/galactic LD_LIBRARY_PATH=/home/wheeltec/wheeltec_ros2/install/dwb_core/lib:/home/wheeltec/wheeltec_ros2/install/costmap_queue/lib:/home/wheeltec/wheeltec_ros2/install/nav2_costmap_2d/lib:/home/wheeltec/wheeltec_ros2/install/nav_2d_utils/lib:/home/wheeltec/wheeltec_ros2/install/nav2_map_server/lib:/home/wheeltec/wheeltec_ros2/install/nav2_lifecycle_manager/lib:/home/wheeltec/wheeltec_ros2/install/nav2_util/lib:/home/wheeltec/wheeltec_ros2/install/nav2_voxel_grid/lib:/home/wheeltec/wheeltec_ros2/install/nav2_msgs/lib:/home/wheeltec/wheeltec_ros2/install/dwb_msgs/lib:/home/wheeltec/wheeltec_ros2/install/nav_2d_msgs/lib:${LD_LIBRARY_PATH} PYTHONPATH=/home/wheeltec/wheeltec_ros2/install/nav2_msgs/lib/python3.8/site-packages:/home/wheeltec/wheeltec_ros2/install/dwb_msgs/lib/python3.8/site-packages:/home/wheeltec/wheeltec_ros2/install/nav_2d_msgs/lib/python3.8/site-packages:/home/wheeltec/wheeltec_ros2/install/nav2_common/lib/python3.8/site-packages:${PYTHONPATH} /usr/bin/cmake --install /home/wheeltec/wheeltec_ros2/build/dwb_critics
