[0.110s] Invoking command in '/home/wheeltec/wheeltec_ros2/build/openslam_gmapping': CMAKE_PREFIX_PATH=${CMAKE_PREFIX_PATH}:/home/wheeltec/wheeltec_ros2/install/wheeltec_robot_keyboard:/home/wheeltec/wheeltec_ros2/install/tf2_tools:/home/wheeltec/wheeltec_ros2/install/nav2_gazebo_spawner:/opt/ros/galactic /usr/bin/cmake --build /home/wheeltec/wheeltec_ros2/build/openslam_gmapping -- -j4 -l4
[0.523s] [ 13%] Built target utils
[0.605s] [ 27%] Built target sensor_base
[0.640s] [ 40%] Built target sensor_range
[0.677s] [ 54%] Built target sensor_odometry
[0.774s] [ 77%] Built target scanmatcher
[0.906s] [100%] Built target gridfastslam
[1.067s] Invoked command in '/home/wheeltec/wheeltec_ros2/build/openslam_gmapping' returned '0': CMAKE_PREFIX_PATH=${CMAKE_PREFIX_PATH}:/home/wheeltec/wheeltec_ros2/install/wheeltec_robot_keyboard:/home/wheeltec/wheeltec_ros2/install/tf2_tools:/home/wheeltec/wheeltec_ros2/install/nav2_gazebo_spawner:/opt/ros/galactic /usr/bin/cmake --build /home/wheeltec/wheeltec_ros2/build/openslam_gmapping -- -j4 -l4
[1.227s] Invoking command in '/home/wheeltec/wheeltec_ros2/build/openslam_gmapping': CMAKE_PREFIX_PATH=${CMAKE_PREFIX_PATH}:/home/wheeltec/wheeltec_ros2/install/wheeltec_robot_keyboard:/home/wheeltec/wheeltec_ros2/install/tf2_tools:/home/wheeltec/wheeltec_ros2/install/nav2_gazebo_spawner:/opt/ros/galactic /usr/bin/cmake --install /home/wheeltec/wheeltec_ros2/build/openslam_gmapping
[1.266s] -- Install configuration: ""
[1.267s] -- Up-to-date: /home/wheeltec/wheeltec_ros2/install/openslam_gmapping/share/openslam_gmapping/environment/library_path.sh
[1.267s] -- Up-to-date: /home/wheeltec/wheeltec_ros2/install/openslam_gmapping/share/openslam_gmapping/environment/library_path.dsv
[1.268s] -- Up-to-date: /home/wheeltec/wheeltec_ros2/install/openslam_gmapping/include/
[1.269s] -- Up-to-date: /home/wheeltec/wheeltec_ros2/install/openslam_gmapping/include//gmapping
[1.269s] -- Up-to-date: /home/wheeltec/wheeltec_ros2/install/openslam_gmapping/include//gmapping/gridfastslam
[1.270s] -- Up-to-date: /home/wheeltec/wheeltec_ros2/install/openslam_gmapping/include//gmapping/gridfastslam/motionmodel.h
[1.270s] -- Up-to-date: /home/wheeltec/wheeltec_ros2/install/openslam_gmapping/include//gmapping/gridfastslam/gridslamprocessor.hxx
[1.271s] -- Up-to-date: /home/wheeltec/wheeltec_ros2/install/openslam_gmapping/include//gmapping/gridfastslam/gridslamprocessor.h
[1.272s] -- Up-to-date: /home/wheeltec/wheeltec_ros2/install/openslam_gmapping/include//gmapping/log
[1.272s] -- Up-to-date: /home/wheeltec/wheeltec_ros2/install/openslam_gmapping/include//gmapping/log/configuration.h
[1.273s] -- Up-to-date: /home/wheeltec/wheeltec_ros2/install/openslam_gmapping/include//gmapping/log/sensorlog.h
[1.273s] -- Up-to-date: /home/wheeltec/wheeltec_ros2/install/openslam_gmapping/include//gmapping/grid
[1.273s] -- Up-to-date: /home/wheeltec/wheeltec_ros2/install/openslam_gmapping/include//gmapping/grid/harray2d.h
[1.274s] -- Up-to-date: /home/wheeltec/wheeltec_ros2/install/openslam_gmapping/include//gmapping/grid/array2d.h
[1.275s] -- Up-to-date: /home/wheeltec/wheeltec_ros2/install/openslam_gmapping/include//gmapping/grid/accessstate.h
[1.275s] -- Up-to-date: /home/wheeltec/wheeltec_ros2/install/openslam_gmapping/include//gmapping/grid/map.h
[1.276s] -- Up-to-date: /home/wheeltec/wheeltec_ros2/install/openslam_gmapping/include//gmapping/particlefilter
[1.276s] -- Up-to-date: /home/wheeltec/wheeltec_ros2/install/openslam_gmapping/include//gmapping/particlefilter/particlefilter.h
[1.277s] -- Up-to-date: /home/wheeltec/wheeltec_ros2/install/openslam_gmapping/include//gmapping/utils
[1.278s] -- Up-to-date: /home/wheeltec/wheeltec_ros2/install/openslam_gmapping/include//gmapping/utils/point.h
[1.278s] -- Up-to-date: /home/wheeltec/wheeltec_ros2/install/openslam_gmapping/include//gmapping/utils/gvalues.h
[1.279s] -- Up-to-date: /home/wheeltec/wheeltec_ros2/install/openslam_gmapping/include//gmapping/utils/commandline.h
[1.280s] -- Up-to-date: /home/wheeltec/wheeltec_ros2/install/openslam_gmapping/include//gmapping/utils/stat.h
[1.280s] -- Up-to-date: /home/wheeltec/wheeltec_ros2/install/openslam_gmapping/include//gmapping/utils/macro_params.h
[1.281s] -- Up-to-date: /home/wheeltec/wheeltec_ros2/install/openslam_gmapping/include//gmapping/utils/autoptr.h
[1.281s] -- Up-to-date: /home/wheeltec/wheeltec_ros2/install/openslam_gmapping/include//gmapping/sensor
[1.281s] -- Up-to-date: /home/wheeltec/wheeltec_ros2/install/openslam_gmapping/include//gmapping/sensor/sensor_odometry
[1.282s] -- Up-to-date: /home/wheeltec/wheeltec_ros2/install/openslam_gmapping/include//gmapping/sensor/sensor_odometry/odometrysensor.h
[1.282s] -- Up-to-date: /home/wheeltec/wheeltec_ros2/install/openslam_gmapping/include//gmapping/sensor/sensor_odometry/odometryreading.h
[1.283s] -- Up-to-date: /home/wheeltec/wheeltec_ros2/install/openslam_gmapping/include//gmapping/sensor/sensor_base
[1.284s] -- Up-to-date: /home/wheeltec/wheeltec_ros2/install/openslam_gmapping/include//gmapping/sensor/sensor_base/sensorreading.h
[1.284s] -- Up-to-date: /home/wheeltec/wheeltec_ros2/install/openslam_gmapping/include//gmapping/sensor/sensor_base/sensor.h
[1.285s] -- Up-to-date: /home/wheeltec/wheeltec_ros2/install/openslam_gmapping/include//gmapping/sensor/sensor_range
[1.286s] -- Up-to-date: /home/wheeltec/wheeltec_ros2/install/openslam_gmapping/include//gmapping/sensor/sensor_range/rangesensor.h
[1.287s] -- Up-to-date: /home/wheeltec/wheeltec_ros2/install/openslam_gmapping/include//gmapping/sensor/sensor_range/rangereading.h
[1.287s] -- Up-to-date: /home/wheeltec/wheeltec_ros2/install/openslam_gmapping/include//gmapping/scanmatcher
[1.288s] -- Up-to-date: /home/wheeltec/wheeltec_ros2/install/openslam_gmapping/include//gmapping/scanmatcher/smmap.h
[1.288s] -- Up-to-date: /home/wheeltec/wheeltec_ros2/install/openslam_gmapping/include//gmapping/scanmatcher/scanmatcher.h
[1.289s] -- Up-to-date: /home/wheeltec/wheeltec_ros2/install/openslam_gmapping/include//gmapping/scanmatcher/icp.h
[1.290s] -- Up-to-date: /home/wheeltec/wheeltec_ros2/install/openslam_gmapping/share/ament_index/resource_index/package_run_dependencies/openslam_gmapping
[1.291s] -- Up-to-date: /home/wheeltec/wheeltec_ros2/install/openslam_gmapping/share/ament_index/resource_index/parent_prefix_path/openslam_gmapping
[1.291s] -- Up-to-date: /home/wheeltec/wheeltec_ros2/install/openslam_gmapping/share/openslam_gmapping/environment/ament_prefix_path.sh
[1.292s] -- Up-to-date: /home/wheeltec/wheeltec_ros2/install/openslam_gmapping/share/openslam_gmapping/environment/ament_prefix_path.dsv
[1.293s] -- Up-to-date: /home/wheeltec/wheeltec_ros2/install/openslam_gmapping/share/openslam_gmapping/environment/path.sh
[1.295s] -- Up-to-date: /home/wheeltec/wheeltec_ros2/install/openslam_gmapping/share/openslam_gmapping/environment/path.dsv
[1.296s] -- Up-to-date: /home/wheeltec/wheeltec_ros2/install/openslam_gmapping/share/openslam_gmapping/local_setup.bash
[1.297s] -- Up-to-date: /home/wheeltec/wheeltec_ros2/install/openslam_gmapping/share/openslam_gmapping/local_setup.sh
[1.297s] -- Up-to-date: /home/wheeltec/wheeltec_ros2/install/openslam_gmapping/share/openslam_gmapping/local_setup.zsh
[1.297s] -- Up-to-date: /home/wheeltec/wheeltec_ros2/install/openslam_gmapping/share/openslam_gmapping/local_setup.dsv
[1.298s] -- Installing: /home/wheeltec/wheeltec_ros2/install/openslam_gmapping/share/openslam_gmapping/package.dsv
[1.299s] -- Up-to-date: /home/wheeltec/wheeltec_ros2/install/openslam_gmapping/share/ament_index/resource_index/packages/openslam_gmapping
[1.303s] -- Up-to-date: /home/wheeltec/wheeltec_ros2/install/openslam_gmapping/share/openslam_gmapping/cmake/ament_cmake_export_libraries-extras.cmake
[1.304s] -- Up-to-date: /home/wheeltec/wheeltec_ros2/install/openslam_gmapping/share/openslam_gmapping/cmake/ament_cmake_export_include_directories-extras.cmake
[1.305s] -- Up-to-date: /home/wheeltec/wheeltec_ros2/install/openslam_gmapping/share/openslam_gmapping/cmake/openslam_gmappingConfig.cmake
[1.306s] -- Up-to-date: /home/wheeltec/wheeltec_ros2/install/openslam_gmapping/share/openslam_gmapping/cmake/openslam_gmappingConfig-version.cmake
[1.311s] -- Up-to-date: /home/wheeltec/wheeltec_ros2/install/openslam_gmapping/share/openslam_gmapping/package.xml
[1.312s] -- Up-to-date: /home/wheeltec/wheeltec_ros2/install/openslam_gmapping/lib/libgridfastslam.a
[1.312s] -- Up-to-date: /home/wheeltec/wheeltec_ros2/install/openslam_gmapping/lib/libscanmatcher.a
[1.313s] -- Up-to-date: /home/wheeltec/wheeltec_ros2/install/openslam_gmapping/share/openslam_gmapping/environment/library_path.sh
[1.313s] -- Up-to-date: /home/wheeltec/wheeltec_ros2/install/openslam_gmapping/share/openslam_gmapping/environment/library_path.dsv
[1.313s] -- Up-to-date: /home/wheeltec/wheeltec_ros2/install/openslam_gmapping/lib/libsensor_base.a
[1.314s] -- Up-to-date: /home/wheeltec/wheeltec_ros2/install/openslam_gmapping/share/openslam_gmapping/environment/library_path.sh
[1.314s] -- Up-to-date: /home/wheeltec/wheeltec_ros2/install/openslam_gmapping/share/openslam_gmapping/environment/library_path.dsv
[1.315s] -- Up-to-date: /home/wheeltec/wheeltec_ros2/install/openslam_gmapping/lib/libsensor_odometry.a
[1.315s] -- Up-to-date: /home/wheeltec/wheeltec_ros2/install/openslam_gmapping/lib/libsensor_range.a
[1.316s] -- Up-to-date: /home/wheeltec/wheeltec_ros2/install/openslam_gmapping/lib/libutils.a
[1.316s] -- Up-to-date: /home/wheeltec/wheeltec_ros2/install/openslam_gmapping/share/openslam_gmapping/environment/library_path.sh
[1.317s] -- Up-to-date: /home/wheeltec/wheeltec_ros2/install/openslam_gmapping/share/openslam_gmapping/environment/library_path.dsv
[1.333s] Invoked command in '/home/wheeltec/wheeltec_ros2/build/openslam_gmapping' returned '0': CMAKE_PREFIX_PATH=${CMAKE_PREFIX_PATH}:/home/wheeltec/wheeltec_ros2/install/wheeltec_robot_keyboard:/home/wheeltec/wheeltec_ros2/install/tf2_tools:/home/wheeltec/wheeltec_ros2/install/nav2_gazebo_spawner:/opt/ros/galactic /usr/bin/cmake --install /home/wheeltec/wheeltec_ros2/build/openslam_gmapping
