In file included from [01m[K/home/wheeltec/wheeltec_ros2/src/ar_track/ar_track_alvar/include/ar_track_alvar/Camera.h:45[m[K,
                 from [01m[K/home/wheeltec/wheeltec_ros2/src/ar_track/ar_track_alvar/include/ar_track_alvar/ConnectedComponents.h:36[m[K,
                 from [01m[K/home/wheeltec/wheeltec_ros2/src/ar_track/ar_track_alvar/include/ar_track_alvar/MarkerDetector.h:35[m[K,
                 from [01m[K/home/wheeltec/wheeltec_ros2/src/ar_track/ar_track_alvar/nodes/TrainMarkerBundle.cpp:39[m[K:
[01m[K/opt/ros/galactic/include/resource_retriever/retriever.h:37:2:[m[K [01;35m[Kwarning: [m[K#warning Including header <resource_retriever/retriever.h> is deprecated, include <resource_retriever/retriever.hpp> instead. [[01;35m[K-Wcpp[m[K]
   37 | #[01;35m[Kwarning[m[K Including header <resource_retriever/retriever.h> is deprecated, \
      |  [01;35m[K^~~~~~~[m[K
[01m[K/home/wheeltec/wheeltec_ros2/src/ar_track/ar_track_alvar/nodes/TrainMarkerBundle.cpp:[m[K In member function ‘[01m[Kvoid TrainMarkerBundle::makeMarkerMsgs(int, int, alvar::Pose&, sensor_msgs::msg::Image_<std::allocator<void> >::ConstSharedPtr, geometry_msgs::msg::TransformStamped&, visualization_msgs::msg::Marker*, ar_track_alvar_msgs::msg::AlvarMarker*)[m[K’:
[01m[K/home/wheeltec/wheeltec_ros2/src/ar_track/ar_track_alvar/nodes/TrainMarkerBundle.cpp:410:48:[m[K [01;35m[Kwarning: [m[K‘[01m[Krclcpp::Duration::Duration(rcl_duration_value_t)[m[K’ is deprecated: Use Duration::from_nanoseconds instead or std::chrono_literals. For example:rclcpp::Duration::from_nanoseconds(int64_variable);rclcpp::Duration(0ns); [[01;35m[K-Wdeprecated-declarations[m[K]
  410 |    rvizMarker->lifetime = rclcpp::Duration (1.0[01;35m[K)[m[K;
      |                                                [01;35m[K^[m[K
In file included from [01m[K/opt/ros/galactic/include/rclcpp/qos.hpp:20[m[K,
                 from [01m[K/opt/ros/galactic/include/rclcpp/node_interfaces/node_graph_interface.hpp:31[m[K,
                 from [01m[K/opt/ros/galactic/include/rclcpp/client.hpp:34[m[K,
                 from [01m[K/opt/ros/galactic/include/rclcpp/callback_group.hpp:23[m[K,
                 from [01m[K/opt/ros/galactic/include/rclcpp/any_executable.hpp:20[m[K,
                 from [01m[K/opt/ros/galactic/include/rclcpp/memory_strategy.hpp:25[m[K,
                 from [01m[K/opt/ros/galactic/include/rclcpp/memory_strategies.hpp:18[m[K,
                 from [01m[K/opt/ros/galactic/include/rclcpp/executor_options.hpp:20[m[K,
                 from [01m[K/opt/ros/galactic/include/rclcpp/executor.hpp:36[m[K,
                 from [01m[K/opt/ros/galactic/include/rclcpp/executors/multi_threaded_executor.hpp:26[m[K,
                 from [01m[K/opt/ros/galactic/include/rclcpp/executors.hpp:21[m[K,
                 from [01m[K/opt/ros/galactic/include/rclcpp/rclcpp.hpp:156[m[K,
                 from [01m[K/home/wheeltec/wheeltec_ros2/src/ar_track/ar_track_alvar/include/ar_track_alvar/Camera.h:40[m[K,
                 from [01m[K/home/wheeltec/wheeltec_ros2/src/ar_track/ar_track_alvar/include/ar_track_alvar/ConnectedComponents.h:36[m[K,
                 from [01m[K/home/wheeltec/wheeltec_ros2/src/ar_track/ar_track_alvar/include/ar_track_alvar/MarkerDetector.h:35[m[K,
                 from [01m[K/home/wheeltec/wheeltec_ros2/src/ar_track/ar_track_alvar/nodes/TrainMarkerBundle.cpp:39[m[K:
[01m[K/opt/ros/galactic/include/rclcpp/duration.hpp:46:12:[m[K [01;36m[Knote: [m[Kdeclared here
   46 |   explicit [01;36m[KDuration[m[K(rcl_duration_value_t nanoseconds);
      |            [01;36m[K^~~~~~~~[m[K
