-- The C compiler identification is GNU 9.4.0
-- The CXX compiler identification is GNU 9.4.0
-- Check for working C compiler: /usr/bin/cc
-- Check for working C compiler: /usr/bin/cc -- works
-- Detecting C compiler ABI info
-- Detecting C compiler ABI info - done
-- Detecting C compile features
-- Detecting C compile features - done
-- Check for working CXX compiler: /usr/bin/c++
-- Check for working CXX compiler: /usr/bin/c++ -- works
-- Detecting CXX compiler ABI info
-- Detecting CXX compiler ABI info - done
-- Detecting CXX compile features
-- Detecting CXX compile features - done
-- Found ament_cmake: 1.1.5 (/opt/ros/galactic/share/ament_cmake/cmake)
-- Found PythonInterp: /usr/bin/python3 (found suitable version "3.8.10", minimum required is "3") 
-- Using PYTHON_EXECUTABLE: /usr/bin/python3
-- Found rclcpp: 9.2.1 (/opt/ros/galactic/share/rclcpp/cmake)
-- Using all available rosidl_typesupport_c: rosidl_typesupport_fastrtps_c;rosidl_typesupport_introspection_c
-- Found rosidl_adapter: 2.2.2 (/opt/ros/galactic/share/rosidl_adapter/cmake)
-- Found OpenSSL: /usr/lib/aarch64-linux-gnu/libcrypto.so (found version "1.1.1f")  
-- Found FastRTPS: /opt/ros/galactic/include  
-- Using all available rosidl_typesupport_cpp: rosidl_typesupport_fastrtps_cpp;rosidl_typesupport_introspection_cpp
-- Found rmw_implementation_cmake: 3.3.1 (/opt/ros/galactic/share/rmw_implementation_cmake/cmake)
-- Found rmw_cyclonedds_cpp: 0.22.5 (/opt/ros/galactic/share/rmw_cyclonedds_cpp/cmake)
-- Using RMW implementation 'rmw_cyclonedds_cpp' as default
-- Looking for pthread.h
-- Looking for pthread.h - found
-- Performing Test CMAKE_HAVE_LIBC_PTHREAD
-- Performing Test CMAKE_HAVE_LIBC_PTHREAD - Failed
-- Looking for pthread_create in pthreads
-- Looking for pthread_create in pthreads - not found
-- Looking for pthread_create in pthread
-- Looking for pthread_create in pthread - found
-- Found Threads: TRUE  
-- Found sensor_msgs: 2.2.4 (/opt/ros/galactic/share/sensor_msgs/cmake)
-- Found std_srvs: 2.2.4 (/opt/ros/galactic/share/std_srvs/cmake)
-- Found ament_lint_auto: 0.10.7 (/opt/ros/galactic/share/ament_lint_auto/cmake)
-- Added test 'copyright' to check source files copyright and LICENSE
-- Added test 'cppcheck' to perform static code analysis on C / C++ code
-- Configured cppcheck include dirs: $<BUILD_INTERFACE:/home/wheeltec/wheeltec_ros2/src/wheeltec_lidar_ros2/rplidar_A1/include>;$<BUILD_INTERFACE:/home/wheeltec/wheeltec_ros2/src/wheeltec_lidar_ros2/rplidar_A1/sdk/include>;$<BUILD_INTERFACE:/home/wheeltec/wheeltec_ros2/src/wheeltec_lidar_ros2/rplidar_A1/sdk/src>
-- Configured cppcheck exclude dirs and/or files: 
-- Added test 'cpplint' to check C / C++ code against the Google style
-- Configured cpplint exclude dirs and/or files: 
-- Added test 'flake8' to check Python code syntax and style conventions
-- Added test 'lint_cmake' to check CMake code style
-- Added test 'pep257' to check Python code against some of the style conventions in PEP 257
-- Added test 'uncrustify' to check C / C++ code style
-- Configured uncrustify additional arguments: 
-- Added test 'xmllint' to check XML markup files
-- Configuring done
-- Generating done
-- Build files have been written to: /home/wheeltec/wheeltec_ros2/build/lidar_ros2
[35m[1mScanning dependencies of target rplidarNode[0m
[ 14%] [32mBuilding CXX object CMakeFiles/rplidarNode.dir/src/rplidar_node.cpp.o[0m
[ 28%] [32mBuilding CXX object CMakeFiles/rplidarNode.dir/sdk/src/arch/linux/timer.cpp.o[0m
[ 42%] [32mBuilding CXX object CMakeFiles/rplidarNode.dir/sdk/src/hal/thread.cpp.o[0m
[ 57%] [32mBuilding CXX object CMakeFiles/rplidarNode.dir/sdk/src/rplidar_driver.cpp.o[0m
[ 71%] [32mBuilding CXX object CMakeFiles/rplidarNode.dir/sdk/src/arch/linux/net_socket.cpp.o[0m
[ 85%] [32mBuilding CXX object CMakeFiles/rplidarNode.dir/sdk/src/arch/linux/net_serial.cpp.o[0m
[100%] [32m[1mLinking CXX executable rplidarNode[0m
[100%] Built target rplidarNode
-- Install configuration: ""
-- Installing: /home/wheeltec/wheeltec_ros2/install/lidar_ros2/lib/lidar_ros2/rplidarNode
-- Set runtime path of "/home/wheeltec/wheeltec_ros2/install/lidar_ros2/lib/lidar_ros2/rplidarNode" to ""
-- Installing: /home/wheeltec/wheeltec_ros2/install/lidar_ros2/share/lidar_ros2//launch
-- Installing: /home/wheeltec/wheeltec_ros2/install/lidar_ros2/share/lidar_ros2//launch/rplidar.launch.py
-- Installing: /home/wheeltec/wheeltec_ros2/install/lidar_ros2/share/lidar_ros2//launch/rplidar_a3.launch .py
-- Installing: /home/wheeltec/wheeltec_ros2/install/lidar_ros2/share/lidar_ros2//launch/view_rplidar.launch.py
-- Installing: /home/wheeltec/wheeltec_ros2/install/lidar_ros2/share/lidar_ros2//rviz
-- Installing: /home/wheeltec/wheeltec_ros2/install/lidar_ros2/share/lidar_ros2//rviz/rplidar.rviz
-- Installing: /home/wheeltec/wheeltec_ros2/install/lidar_ros2/share/lidar_ros2//sdk
-- Installing: /home/wheeltec/wheeltec_ros2/install/lidar_ros2/share/lidar_ros2//sdk/README.txt
-- Installing: /home/wheeltec/wheeltec_ros2/install/lidar_ros2/share/lidar_ros2//sdk/include
-- Installing: /home/wheeltec/wheeltec_ros2/install/lidar_ros2/share/lidar_ros2//sdk/include/rplidar_protocol.h
-- Installing: /home/wheeltec/wheeltec_ros2/install/lidar_ros2/share/lidar_ros2//sdk/include/rptypes.h
-- Installing: /home/wheeltec/wheeltec_ros2/install/lidar_ros2/share/lidar_ros2//sdk/include/rplidar.h
-- Installing: /home/wheeltec/wheeltec_ros2/install/lidar_ros2/share/lidar_ros2//sdk/include/rplidar_cmd.h
-- Installing: /home/wheeltec/wheeltec_ros2/install/lidar_ros2/share/lidar_ros2//sdk/include/rplidar_driver.h
-- Installing: /home/wheeltec/wheeltec_ros2/install/lidar_ros2/share/lidar_ros2//sdk/src
-- Installing: /home/wheeltec/wheeltec_ros2/install/lidar_ros2/share/lidar_ros2//sdk/src/hal
-- Installing: /home/wheeltec/wheeltec_ros2/install/lidar_ros2/share/lidar_ros2//sdk/src/hal/event.h
-- Installing: /home/wheeltec/wheeltec_ros2/install/lidar_ros2/share/lidar_ros2//sdk/src/hal/socket.h
-- Installing: /home/wheeltec/wheeltec_ros2/install/lidar_ros2/share/lidar_ros2//sdk/src/hal/thread.cpp
-- Installing: /home/wheeltec/wheeltec_ros2/install/lidar_ros2/share/lidar_ros2//sdk/src/hal/thread.h
-- Installing: /home/wheeltec/wheeltec_ros2/install/lidar_ros2/share/lidar_ros2//sdk/src/hal/locker.h
-- Installing: /home/wheeltec/wheeltec_ros2/install/lidar_ros2/share/lidar_ros2//sdk/src/hal/types.h
-- Installing: /home/wheeltec/wheeltec_ros2/install/lidar_ros2/share/lidar_ros2//sdk/src/hal/util.h
-- Installing: /home/wheeltec/wheeltec_ros2/install/lidar_ros2/share/lidar_ros2//sdk/src/hal/byteops.h
-- Installing: /home/wheeltec/wheeltec_ros2/install/lidar_ros2/share/lidar_ros2//sdk/src/hal/abs_rxtx.h
-- Installing: /home/wheeltec/wheeltec_ros2/install/lidar_ros2/share/lidar_ros2//sdk/src/hal/assert.h
-- Installing: /home/wheeltec/wheeltec_ros2/install/lidar_ros2/share/lidar_ros2//sdk/src/sdkcommon.h
-- Installing: /home/wheeltec/wheeltec_ros2/install/lidar_ros2/share/lidar_ros2//sdk/src/rplidar_driver_impl.h
-- Installing: /home/wheeltec/wheeltec_ros2/install/lidar_ros2/share/lidar_ros2//sdk/src/rplidar_driver_TCP.h
-- Installing: /home/wheeltec/wheeltec_ros2/install/lidar_ros2/share/lidar_ros2//sdk/src/rplidar_driver.cpp
-- Installing: /home/wheeltec/wheeltec_ros2/install/lidar_ros2/share/lidar_ros2//sdk/src/arch
-- Installing: /home/wheeltec/wheeltec_ros2/install/lidar_ros2/share/lidar_ros2//sdk/src/arch/win32
-- Installing: /home/wheeltec/wheeltec_ros2/install/lidar_ros2/share/lidar_ros2//sdk/src/arch/win32/winthread.hpp
-- Installing: /home/wheeltec/wheeltec_ros2/install/lidar_ros2/share/lidar_ros2//sdk/src/arch/win32/timer.h
-- Installing: /home/wheeltec/wheeltec_ros2/install/lidar_ros2/share/lidar_ros2//sdk/src/arch/win32/arch_win32.h
-- Installing: /home/wheeltec/wheeltec_ros2/install/lidar_ros2/share/lidar_ros2//sdk/src/arch/win32/net_serial.cpp
-- Installing: /home/wheeltec/wheeltec_ros2/install/lidar_ros2/share/lidar_ros2//sdk/src/arch/win32/timer.cpp
-- Installing: /home/wheeltec/wheeltec_ros2/install/lidar_ros2/share/lidar_ros2//sdk/src/arch/win32/net_socket.cpp
-- Installing: /home/wheeltec/wheeltec_ros2/install/lidar_ros2/share/lidar_ros2//sdk/src/arch/win32/net_serial.h
-- Installing: /home/wheeltec/wheeltec_ros2/install/lidar_ros2/share/lidar_ros2//sdk/src/arch/macOS
-- Installing: /home/wheeltec/wheeltec_ros2/install/lidar_ros2/share/lidar_ros2//sdk/src/arch/macOS/thread.hpp
-- Installing: /home/wheeltec/wheeltec_ros2/install/lidar_ros2/share/lidar_ros2//sdk/src/arch/macOS/timer.h
-- Installing: /home/wheeltec/wheeltec_ros2/install/lidar_ros2/share/lidar_ros2//sdk/src/arch/macOS/net_serial.cpp
-- Installing: /home/wheeltec/wheeltec_ros2/install/lidar_ros2/share/lidar_ros2//sdk/src/arch/macOS/timer.cpp
-- Installing: /home/wheeltec/wheeltec_ros2/install/lidar_ros2/share/lidar_ros2//sdk/src/arch/macOS/net_socket.cpp
-- Installing: /home/wheeltec/wheeltec_ros2/install/lidar_ros2/share/lidar_ros2//sdk/src/arch/macOS/net_serial.h
-- Installing: /home/wheeltec/wheeltec_ros2/install/lidar_ros2/share/lidar_ros2//sdk/src/arch/macOS/arch_macOS.h
-- Installing: /home/wheeltec/wheeltec_ros2/install/lidar_ros2/share/lidar_ros2//sdk/src/arch/linux
-- Installing: /home/wheeltec/wheeltec_ros2/install/lidar_ros2/share/lidar_ros2//sdk/src/arch/linux/thread.hpp
-- Installing: /home/wheeltec/wheeltec_ros2/install/lidar_ros2/share/lidar_ros2//sdk/src/arch/linux/arch_linux.h
-- Installing: /home/wheeltec/wheeltec_ros2/install/lidar_ros2/share/lidar_ros2//sdk/src/arch/linux/timer.h
-- Installing: /home/wheeltec/wheeltec_ros2/install/lidar_ros2/share/lidar_ros2//sdk/src/arch/linux/net_serial.cpp
-- Installing: /home/wheeltec/wheeltec_ros2/install/lidar_ros2/share/lidar_ros2//sdk/src/arch/linux/timer.cpp
-- Installing: /home/wheeltec/wheeltec_ros2/install/lidar_ros2/share/lidar_ros2//sdk/src/arch/linux/net_socket.cpp
-- Installing: /home/wheeltec/wheeltec_ros2/install/lidar_ros2/share/lidar_ros2//sdk/src/arch/linux/net_serial.h
-- Installing: /home/wheeltec/wheeltec_ros2/install/lidar_ros2/share/lidar_ros2//sdk/src/rplidar_driver_serial.h
-- Installing: /home/wheeltec/wheeltec_ros2/install/lidar_ros2/share/ament_index/resource_index/package_run_dependencies/lidar_ros2
-- Installing: /home/wheeltec/wheeltec_ros2/install/lidar_ros2/share/ament_index/resource_index/parent_prefix_path/lidar_ros2
-- Installing: /home/wheeltec/wheeltec_ros2/install/lidar_ros2/share/lidar_ros2/environment/ament_prefix_path.sh
-- Installing: /home/wheeltec/wheeltec_ros2/install/lidar_ros2/share/lidar_ros2/environment/ament_prefix_path.dsv
-- Installing: /home/wheeltec/wheeltec_ros2/install/lidar_ros2/share/lidar_ros2/environment/path.sh
-- Installing: /home/wheeltec/wheeltec_ros2/install/lidar_ros2/share/lidar_ros2/environment/path.dsv
-- Installing: /home/wheeltec/wheeltec_ros2/install/lidar_ros2/share/lidar_ros2/local_setup.bash
-- Installing: /home/wheeltec/wheeltec_ros2/install/lidar_ros2/share/lidar_ros2/local_setup.sh
-- Installing: /home/wheeltec/wheeltec_ros2/install/lidar_ros2/share/lidar_ros2/local_setup.zsh
-- Installing: /home/wheeltec/wheeltec_ros2/install/lidar_ros2/share/lidar_ros2/local_setup.dsv
-- Installing: /home/wheeltec/wheeltec_ros2/install/lidar_ros2/share/lidar_ros2/package.dsv
-- Installing: /home/wheeltec/wheeltec_ros2/install/lidar_ros2/share/ament_index/resource_index/packages/lidar_ros2
-- Installing: /home/wheeltec/wheeltec_ros2/install/lidar_ros2/share/lidar_ros2/cmake/lidar_ros2Config.cmake
-- Installing: /home/wheeltec/wheeltec_ros2/install/lidar_ros2/share/lidar_ros2/cmake/lidar_ros2Config-version.cmake
-- Installing: /home/wheeltec/wheeltec_ros2/install/lidar_ros2/share/lidar_ros2/package.xml
