[0.067s] Invoking command in '/home/wheeltec/wheeltec_ros2/build/perception_pcl': AMENT_PREFIX_PATH=/home/wheeltec/wheeltec_ros2/install/pcl_ros:/home/wheeltec/wheeltec_ros2/install/pcl_conversions:${AMENT_PREFIX_PATH} CMAKE_PREFIX_PATH=/home/wheeltec/wheeltec_ros2/install/pcl_ros:/home/wheeltec/wheeltec_ros2/install/pcl_conversions:/opt/ros/galactic LD_LIBRARY_PATH=/home/wheeltec/wheeltec_ros2/install/pcl_ros/lib:/usr/local/cuda-10.2/lib64:/opt/ros/galactic/opt/yaml_cpp_vendor/lib:/opt/ros/galactic/opt/rviz_ogre_vendor/lib:/opt/ros/galactic/lib/aarch64-linux-gnu:/opt/ros/galactic/lib:/usr/local/cuda-10.2/lib64 /usr/bin/cmake /home/wheeltec/wheeltec_ros2/src/ar_track/ar_track_alvar-ros2-devel/perception_pcl-foxy-devel/perception_pcl-foxy-devel/perception_pcl -DCMAKE_INSTALL_PREFIX=/home/wheeltec/wheeltec_ros2/install/perception_pcl
[0.289s] -- The C compiler identification is GNU 9.4.0
[0.483s] -- The CXX compiler identification is GNU 9.4.0
[0.500s] -- Check for working C compiler: /usr/bin/cc
[0.746s] -- Check for working C compiler: /usr/bin/cc -- works
[0.750s] -- Detecting C compiler ABI info
[1.011s] -- Detecting C compiler ABI info - done
[1.054s] -- Detecting C compile features
[1.056s] -- Detecting C compile features - done
[1.066s] -- Check for working CXX compiler: /usr/bin/c++
[1.339s] -- Check for working CXX compiler: /usr/bin/c++ -- works
[1.343s] -- Detecting CXX compiler ABI info
[1.618s] -- Detecting CXX compiler ABI info - done
[1.663s] -- Detecting CXX compile features
[1.666s] -- Detecting CXX compile features - done
[1.682s] -- Found ament_cmake: 1.1.5 (/opt/ros/galactic/share/ament_cmake/cmake)
[1.785s] -- Found PythonInterp: /usr/bin/python3 (found suitable version "3.8.10", minimum required is "3") 
[1.786s] -- Using PYTHON_EXECUTABLE: /usr/bin/python3
[2.408s] -- Configuring done
[2.416s] -- Generating done
[2.420s] -- Build files have been written to: /home/wheeltec/wheeltec_ros2/build/perception_pcl
[2.440s] Invoked command in '/home/wheeltec/wheeltec_ros2/build/perception_pcl' returned '0': AMENT_PREFIX_PATH=/home/wheeltec/wheeltec_ros2/install/pcl_ros:/home/wheeltec/wheeltec_ros2/install/pcl_conversions:${AMENT_PREFIX_PATH} CMAKE_PREFIX_PATH=/home/wheeltec/wheeltec_ros2/install/pcl_ros:/home/wheeltec/wheeltec_ros2/install/pcl_conversions:/opt/ros/galactic LD_LIBRARY_PATH=/home/wheeltec/wheeltec_ros2/install/pcl_ros/lib:/usr/local/cuda-10.2/lib64:/opt/ros/galactic/opt/yaml_cpp_vendor/lib:/opt/ros/galactic/opt/rviz_ogre_vendor/lib:/opt/ros/galactic/lib/aarch64-linux-gnu:/opt/ros/galactic/lib:/usr/local/cuda-10.2/lib64 /usr/bin/cmake /home/wheeltec/wheeltec_ros2/src/ar_track/ar_track_alvar-ros2-devel/perception_pcl-foxy-devel/perception_pcl-foxy-devel/perception_pcl -DCMAKE_INSTALL_PREFIX=/home/wheeltec/wheeltec_ros2/install/perception_pcl
[2.445s] Invoking command in '/home/wheeltec/wheeltec_ros2/build/perception_pcl': AMENT_PREFIX_PATH=/home/wheeltec/wheeltec_ros2/install/pcl_ros:/home/wheeltec/wheeltec_ros2/install/pcl_conversions:${AMENT_PREFIX_PATH} CMAKE_PREFIX_PATH=/home/wheeltec/wheeltec_ros2/install/pcl_ros:/home/wheeltec/wheeltec_ros2/install/pcl_conversions:/opt/ros/galactic LD_LIBRARY_PATH=/home/wheeltec/wheeltec_ros2/install/pcl_ros/lib:/usr/local/cuda-10.2/lib64:/opt/ros/galactic/opt/yaml_cpp_vendor/lib:/opt/ros/galactic/opt/rviz_ogre_vendor/lib:/opt/ros/galactic/lib/aarch64-linux-gnu:/opt/ros/galactic/lib:/usr/local/cuda-10.2/lib64 /usr/bin/cmake --build /home/wheeltec/wheeltec_ros2/build/perception_pcl -- -j4 -l4
[2.592s] Invoked command in '/home/wheeltec/wheeltec_ros2/build/perception_pcl' returned '0': AMENT_PREFIX_PATH=/home/wheeltec/wheeltec_ros2/install/pcl_ros:/home/wheeltec/wheeltec_ros2/install/pcl_conversions:${AMENT_PREFIX_PATH} CMAKE_PREFIX_PATH=/home/wheeltec/wheeltec_ros2/install/pcl_ros:/home/wheeltec/wheeltec_ros2/install/pcl_conversions:/opt/ros/galactic LD_LIBRARY_PATH=/home/wheeltec/wheeltec_ros2/install/pcl_ros/lib:/usr/local/cuda-10.2/lib64:/opt/ros/galactic/opt/yaml_cpp_vendor/lib:/opt/ros/galactic/opt/rviz_ogre_vendor/lib:/opt/ros/galactic/lib/aarch64-linux-gnu:/opt/ros/galactic/lib:/usr/local/cuda-10.2/lib64 /usr/bin/cmake --build /home/wheeltec/wheeltec_ros2/build/perception_pcl -- -j4 -l4
[2.676s] Invoking command in '/home/wheeltec/wheeltec_ros2/build/perception_pcl': AMENT_PREFIX_PATH=/home/wheeltec/wheeltec_ros2/install/pcl_ros:/home/wheeltec/wheeltec_ros2/install/pcl_conversions:${AMENT_PREFIX_PATH} CMAKE_PREFIX_PATH=/home/wheeltec/wheeltec_ros2/install/pcl_ros:/home/wheeltec/wheeltec_ros2/install/pcl_conversions:/opt/ros/galactic LD_LIBRARY_PATH=/home/wheeltec/wheeltec_ros2/install/pcl_ros/lib:/usr/local/cuda-10.2/lib64:/opt/ros/galactic/opt/yaml_cpp_vendor/lib:/opt/ros/galactic/opt/rviz_ogre_vendor/lib:/opt/ros/galactic/lib/aarch64-linux-gnu:/opt/ros/galactic/lib:/usr/local/cuda-10.2/lib64 /usr/bin/cmake --install /home/wheeltec/wheeltec_ros2/build/perception_pcl
[2.713s] -- Install configuration: ""
[2.715s] -- Installing: /home/wheeltec/wheeltec_ros2/install/perception_pcl/share/ament_index/resource_index/package_run_dependencies/perception_pcl
[2.717s] -- Installing: /home/wheeltec/wheeltec_ros2/install/perception_pcl/share/ament_index/resource_index/parent_prefix_path/perception_pcl
[2.719s] -- Installing: /home/wheeltec/wheeltec_ros2/install/perception_pcl/share/perception_pcl/environment/ament_prefix_path.sh
[2.720s] -- Installing: /home/wheeltec/wheeltec_ros2/install/perception_pcl/share/perception_pcl/environment/ament_prefix_path.dsv
[2.721s] -- Installing: /home/wheeltec/wheeltec_ros2/install/perception_pcl/share/perception_pcl/environment/path.sh
[2.723s] -- Installing: /home/wheeltec/wheeltec_ros2/install/perception_pcl/share/perception_pcl/environment/path.dsv
[2.724s] -- Installing: /home/wheeltec/wheeltec_ros2/install/perception_pcl/share/perception_pcl/local_setup.bash
[2.726s] -- Installing: /home/wheeltec/wheeltec_ros2/install/perception_pcl/share/perception_pcl/local_setup.sh
[2.727s] -- Installing: /home/wheeltec/wheeltec_ros2/install/perception_pcl/share/perception_pcl/local_setup.zsh
[2.729s] -- Installing: /home/wheeltec/wheeltec_ros2/install/perception_pcl/share/perception_pcl/local_setup.dsv
[2.730s] -- Installing: /home/wheeltec/wheeltec_ros2/install/perception_pcl/share/perception_pcl/package.dsv
[2.732s] -- Installing: /home/wheeltec/wheeltec_ros2/install/perception_pcl/share/ament_index/resource_index/packages/perception_pcl
[2.734s] -- Installing: /home/wheeltec/wheeltec_ros2/install/perception_pcl/share/perception_pcl/cmake/perception_pclConfig.cmake
[2.735s] -- Installing: /home/wheeltec/wheeltec_ros2/install/perception_pcl/share/perception_pcl/cmake/perception_pclConfig-version.cmake
[2.736s] -- Installing: /home/wheeltec/wheeltec_ros2/install/perception_pcl/share/perception_pcl/package.xml
[2.755s] Invoked command in '/home/wheeltec/wheeltec_ros2/build/perception_pcl' returned '0': AMENT_PREFIX_PATH=/home/wheeltec/wheeltec_ros2/install/pcl_ros:/home/wheeltec/wheeltec_ros2/install/pcl_conversions:${AMENT_PREFIX_PATH} CMAKE_PREFIX_PATH=/home/wheeltec/wheeltec_ros2/install/pcl_ros:/home/wheeltec/wheeltec_ros2/install/pcl_conversions:/opt/ros/galactic LD_LIBRARY_PATH=/home/wheeltec/wheeltec_ros2/install/pcl_ros/lib:/usr/local/cuda-10.2/lib64:/opt/ros/galactic/opt/yaml_cpp_vendor/lib:/opt/ros/galactic/opt/rviz_ogre_vendor/lib:/opt/ros/galactic/lib/aarch64-linux-gnu:/opt/ros/galactic/lib:/usr/local/cuda-10.2/lib64 /usr/bin/cmake --install /home/wheeltec/wheeltec_ros2/build/perception_pcl
