[0.128s] Invoking command in '/home/wheeltec/wheeltec_ros2/build/openslam_gmapping': CMAKE_PREFIX_PATH=/opt/ros/galactic /usr/bin/cmake --build /home/wheeltec/wheeltec_ros2/build/openslam_gmapping -- -j4 -l4
[0.345s] [ 13%] Built target utils
[0.347s] [ 27%] Built target sensor_base
[0.426s] [ 40%] Built target sensor_range
[0.450s] [ 54%] Built target sensor_odometry
[0.566s] [ 77%] Built target scanmatcher
[0.708s] [100%] Built target gridfastslam
[0.737s] Invoked command in '/home/wheeltec/wheeltec_ros2/build/openslam_gmapping' returned '0': CMAKE_PREFIX_PATH=/opt/ros/galactic /usr/bin/cmake --build /home/wheeltec/wheeltec_ros2/build/openslam_gmapping -- -j4 -l4
[0.836s] Invoking command in '/home/wheeltec/wheeltec_ros2/build/openslam_gmapping': CMAKE_PREFIX_PATH=/opt/ros/galactic /usr/bin/cmake --install /home/wheeltec/wheeltec_ros2/build/openslam_gmapping
[0.910s] -- Install configuration: ""
[0.913s] -- Up-to-date: /home/wheeltec/wheeltec_ros2/install/openslam_gmapping/share/openslam_gmapping/environment/library_path.sh
[0.914s] -- Up-to-date: /home/wheeltec/wheeltec_ros2/install/openslam_gmapping/share/openslam_gmapping/environment/library_path.dsv
[0.914s] -- Up-to-date: /home/wheeltec/wheeltec_ros2/install/openslam_gmapping/include/
[0.915s] -- Up-to-date: /home/wheeltec/wheeltec_ros2/install/openslam_gmapping/include//gmapping
[0.916s] -- Up-to-date: /home/wheeltec/wheeltec_ros2/install/openslam_gmapping/include//gmapping/gridfastslam
[0.917s] -- Up-to-date: /home/wheeltec/wheeltec_ros2/install/openslam_gmapping/include//gmapping/gridfastslam/gridslamprocessor.hxx
[0.918s] -- Up-to-date: /home/wheeltec/wheeltec_ros2/install/openslam_gmapping/include//gmapping/gridfastslam/motionmodel.h
[0.919s] -- Up-to-date: /home/wheeltec/wheeltec_ros2/install/openslam_gmapping/include//gmapping/gridfastslam/gridslamprocessor.h
[0.919s] -- Up-to-date: /home/wheeltec/wheeltec_ros2/install/openslam_gmapping/include//gmapping/utils
[0.920s] -- Up-to-date: /home/wheeltec/wheeltec_ros2/install/openslam_gmapping/include//gmapping/utils/macro_params.h
[0.920s] -- Up-to-date: /home/wheeltec/wheeltec_ros2/install/openslam_gmapping/include//gmapping/utils/point.h
[0.922s] -- Up-to-date: /home/wheeltec/wheeltec_ros2/install/openslam_gmapping/include//gmapping/utils/gvalues.h
[0.922s] -- Up-to-date: /home/wheeltec/wheeltec_ros2/install/openslam_gmapping/include//gmapping/utils/stat.h
[0.923s] -- Up-to-date: /home/wheeltec/wheeltec_ros2/install/openslam_gmapping/include//gmapping/utils/commandline.h
[0.924s] -- Up-to-date: /home/wheeltec/wheeltec_ros2/install/openslam_gmapping/include//gmapping/utils/autoptr.h
[0.924s] -- Up-to-date: /home/wheeltec/wheeltec_ros2/install/openslam_gmapping/include//gmapping/particlefilter
[0.925s] -- Up-to-date: /home/wheeltec/wheeltec_ros2/install/openslam_gmapping/include//gmapping/particlefilter/particlefilter.h
[0.925s] -- Up-to-date: /home/wheeltec/wheeltec_ros2/install/openslam_gmapping/include//gmapping/sensor
[0.926s] -- Up-to-date: /home/wheeltec/wheeltec_ros2/install/openslam_gmapping/include//gmapping/sensor/sensor_range
[0.926s] -- Up-to-date: /home/wheeltec/wheeltec_ros2/install/openslam_gmapping/include//gmapping/sensor/sensor_range/rangereading.h
[0.927s] -- Up-to-date: /home/wheeltec/wheeltec_ros2/install/openslam_gmapping/include//gmapping/sensor/sensor_range/rangesensor.h
[0.928s] -- Up-to-date: /home/wheeltec/wheeltec_ros2/install/openslam_gmapping/include//gmapping/sensor/sensor_odometry
[0.928s] -- Up-to-date: /home/wheeltec/wheeltec_ros2/install/openslam_gmapping/include//gmapping/sensor/sensor_odometry/odometrysensor.h
[0.928s] -- Up-to-date: /home/wheeltec/wheeltec_ros2/install/openslam_gmapping/include//gmapping/sensor/sensor_odometry/odometryreading.h
[0.929s] -- Up-to-date: /home/wheeltec/wheeltec_ros2/install/openslam_gmapping/include//gmapping/sensor/sensor_base
[0.929s] -- Up-to-date: /home/wheeltec/wheeltec_ros2/install/openslam_gmapping/include//gmapping/sensor/sensor_base/sensor.h
[0.930s] -- Up-to-date: /home/wheeltec/wheeltec_ros2/install/openslam_gmapping/include//gmapping/sensor/sensor_base/sensorreading.h
[0.930s] -- Up-to-date: /home/wheeltec/wheeltec_ros2/install/openslam_gmapping/include//gmapping/grid
[0.930s] -- Up-to-date: /home/wheeltec/wheeltec_ros2/install/openslam_gmapping/include//gmapping/grid/accessstate.h
[0.931s] -- Up-to-date: /home/wheeltec/wheeltec_ros2/install/openslam_gmapping/include//gmapping/grid/array2d.h
[0.931s] -- Up-to-date: /home/wheeltec/wheeltec_ros2/install/openslam_gmapping/include//gmapping/grid/map.h
[0.934s] -- Up-to-date: /home/wheeltec/wheeltec_ros2/install/openslam_gmapping/include//gmapping/grid/harray2d.h
[0.935s] -- Up-to-date: /home/wheeltec/wheeltec_ros2/install/openslam_gmapping/include//gmapping/log
[0.935s] -- Up-to-date: /home/wheeltec/wheeltec_ros2/install/openslam_gmapping/include//gmapping/log/configuration.h
[0.936s] -- Up-to-date: /home/wheeltec/wheeltec_ros2/install/openslam_gmapping/include//gmapping/log/sensorlog.h
[0.936s] -- Up-to-date: /home/wheeltec/wheeltec_ros2/install/openslam_gmapping/include//gmapping/scanmatcher
[0.936s] -- Up-to-date: /home/wheeltec/wheeltec_ros2/install/openslam_gmapping/include//gmapping/scanmatcher/icp.h
[0.937s] -- Up-to-date: /home/wheeltec/wheeltec_ros2/install/openslam_gmapping/include//gmapping/scanmatcher/smmap.h
[0.938s] -- Up-to-date: /home/wheeltec/wheeltec_ros2/install/openslam_gmapping/include//gmapping/scanmatcher/scanmatcher.h
[0.939s] -- Up-to-date: /home/wheeltec/wheeltec_ros2/install/openslam_gmapping/share/ament_index/resource_index/package_run_dependencies/openslam_gmapping
[0.940s] -- Up-to-date: /home/wheeltec/wheeltec_ros2/install/openslam_gmapping/share/ament_index/resource_index/parent_prefix_path/openslam_gmapping
[0.941s] -- Up-to-date: /home/wheeltec/wheeltec_ros2/install/openslam_gmapping/share/openslam_gmapping/environment/ament_prefix_path.sh
[0.942s] -- Up-to-date: /home/wheeltec/wheeltec_ros2/install/openslam_gmapping/share/openslam_gmapping/environment/ament_prefix_path.dsv
[0.943s] -- Up-to-date: /home/wheeltec/wheeltec_ros2/install/openslam_gmapping/share/openslam_gmapping/environment/path.sh
[0.944s] -- Up-to-date: /home/wheeltec/wheeltec_ros2/install/openslam_gmapping/share/openslam_gmapping/environment/path.dsv
[0.945s] -- Up-to-date: /home/wheeltec/wheeltec_ros2/install/openslam_gmapping/share/openslam_gmapping/local_setup.bash
[0.947s] -- Up-to-date: /home/wheeltec/wheeltec_ros2/install/openslam_gmapping/share/openslam_gmapping/local_setup.sh
[0.948s] -- Up-to-date: /home/wheeltec/wheeltec_ros2/install/openslam_gmapping/share/openslam_gmapping/local_setup.zsh
[0.948s] -- Up-to-date: /home/wheeltec/wheeltec_ros2/install/openslam_gmapping/share/openslam_gmapping/local_setup.dsv
[0.949s] -- Installing: /home/wheeltec/wheeltec_ros2/install/openslam_gmapping/share/openslam_gmapping/package.dsv
[0.949s] -- Up-to-date: /home/wheeltec/wheeltec_ros2/install/openslam_gmapping/share/ament_index/resource_index/packages/openslam_gmapping
[0.949s] -- Up-to-date: /home/wheeltec/wheeltec_ros2/install/openslam_gmapping/share/openslam_gmapping/cmake/ament_cmake_export_libraries-extras.cmake
[0.950s] -- Up-to-date: /home/wheeltec/wheeltec_ros2/install/openslam_gmapping/share/openslam_gmapping/cmake/ament_cmake_export_include_directories-extras.cmake
[0.951s] -- Up-to-date: /home/wheeltec/wheeltec_ros2/install/openslam_gmapping/share/openslam_gmapping/cmake/openslam_gmappingConfig.cmake
[0.952s] -- Up-to-date: /home/wheeltec/wheeltec_ros2/install/openslam_gmapping/share/openslam_gmapping/cmake/openslam_gmappingConfig-version.cmake
[0.952s] -- Up-to-date: /home/wheeltec/wheeltec_ros2/install/openslam_gmapping/share/openslam_gmapping/package.xml
[0.953s] -- Up-to-date: /home/wheeltec/wheeltec_ros2/install/openslam_gmapping/lib/libgridfastslam.a
[0.954s] -- Up-to-date: /home/wheeltec/wheeltec_ros2/install/openslam_gmapping/lib/libscanmatcher.a
[0.955s] -- Up-to-date: /home/wheeltec/wheeltec_ros2/install/openslam_gmapping/share/openslam_gmapping/environment/library_path.sh
[0.956s] -- Up-to-date: /home/wheeltec/wheeltec_ros2/install/openslam_gmapping/share/openslam_gmapping/environment/library_path.dsv
[0.957s] -- Up-to-date: /home/wheeltec/wheeltec_ros2/install/openslam_gmapping/lib/libsensor_base.a
[0.959s] -- Up-to-date: /home/wheeltec/wheeltec_ros2/install/openslam_gmapping/share/openslam_gmapping/environment/library_path.sh
[0.961s] -- Up-to-date: /home/wheeltec/wheeltec_ros2/install/openslam_gmapping/share/openslam_gmapping/environment/library_path.dsv
[0.962s] -- Up-to-date: /home/wheeltec/wheeltec_ros2/install/openslam_gmapping/lib/libsensor_odometry.a
[0.962s] -- Up-to-date: /home/wheeltec/wheeltec_ros2/install/openslam_gmapping/lib/libsensor_range.a
[0.963s] -- Up-to-date: /home/wheeltec/wheeltec_ros2/install/openslam_gmapping/lib/libutils.a
[0.964s] -- Up-to-date: /home/wheeltec/wheeltec_ros2/install/openslam_gmapping/share/openslam_gmapping/environment/library_path.sh
[0.965s] -- Up-to-date: /home/wheeltec/wheeltec_ros2/install/openslam_gmapping/share/openslam_gmapping/environment/library_path.dsv
[0.997s] Invoked command in '/home/wheeltec/wheeltec_ros2/build/openslam_gmapping' returned '0': CMAKE_PREFIX_PATH=/opt/ros/galactic /usr/bin/cmake --install /home/wheeltec/wheeltec_ros2/build/openslam_gmapping
