[0.058s] Invoking command in '/home/wheeltec/wheeltec_ros2/build/ldlidar_stl_ros2': CMAKE_PREFIX_PATH=/opt/ros/galactic /usr/bin/cmake --build /home/wheeltec/wheeltec_ros2/build/ldlidar_stl_ros2 -- -j4 -l4
[0.297s] [100%] Built target ldlidar_stl_ros2_node
[0.342s] Invoked command in '/home/wheeltec/wheeltec_ros2/build/ldlidar_stl_ros2' returned '0': CMAKE_PREFIX_PATH=/opt/ros/galactic /usr/bin/cmake --build /home/wheeltec/wheeltec_ros2/build/ldlidar_stl_ros2 -- -j4 -l4
[0.514s] Invoking command in '/home/wheeltec/wheeltec_ros2/build/ldlidar_stl_ros2': CMAKE_PREFIX_PATH=/opt/ros/galactic /usr/bin/cmake --install /home/wheeltec/wheeltec_ros2/build/ldlidar_stl_ros2
[0.560s] -- Install configuration: ""
[0.562s] -- Up-to-date: /home/wheeltec/wheeltec_ros2/install/ldlidar_stl_ros2/lib/ldlidar_stl_ros2/ldlidar_stl_ros2_node
[0.563s] -- Up-to-date: /home/wheeltec/wheeltec_ros2/install/ldlidar_stl_ros2/share/ldlidar_stl_ros2//launch
[0.564s] -- Up-to-date: /home/wheeltec/wheeltec_ros2/install/ldlidar_stl_ros2/share/ldlidar_stl_ros2//launch/ld19.launch.py
[0.565s] -- Up-to-date: /home/wheeltec/wheeltec_ros2/install/ldlidar_stl_ros2/share/ldlidar_stl_ros2//launch/viewer_ld06.launch.py
[0.576s] -- Up-to-date: /home/wheeltec/wheeltec_ros2/install/ldlidar_stl_ros2/share/ldlidar_stl_ros2//launch/viewer_ld19.launch.py
[0.577s] -- Up-to-date: /home/wheeltec/wheeltec_ros2/install/ldlidar_stl_ros2/share/ldlidar_stl_ros2//launch/ld06.launch.py
[0.577s] -- Up-to-date: /home/wheeltec/wheeltec_ros2/install/ldlidar_stl_ros2/share/ldlidar_stl_ros2//rviz2
[0.578s] -- Up-to-date: /home/wheeltec/wheeltec_ros2/install/ldlidar_stl_ros2/share/ldlidar_stl_ros2//rviz2/ldlidar.rviz
[0.578s] -- Up-to-date: /home/wheeltec/wheeltec_ros2/install/ldlidar_stl_ros2/share/ament_index/resource_index/package_run_dependencies/ldlidar_stl_ros2
[0.578s] -- Up-to-date: /home/wheeltec/wheeltec_ros2/install/ldlidar_stl_ros2/share/ament_index/resource_index/parent_prefix_path/ldlidar_stl_ros2
[0.579s] -- Up-to-date: /home/wheeltec/wheeltec_ros2/install/ldlidar_stl_ros2/share/ldlidar_stl_ros2/environment/ament_prefix_path.sh
[0.579s] -- Up-to-date: /home/wheeltec/wheeltec_ros2/install/ldlidar_stl_ros2/share/ldlidar_stl_ros2/environment/ament_prefix_path.dsv
[0.579s] -- Up-to-date: /home/wheeltec/wheeltec_ros2/install/ldlidar_stl_ros2/share/ldlidar_stl_ros2/environment/path.sh
[0.580s] -- Up-to-date: /home/wheeltec/wheeltec_ros2/install/ldlidar_stl_ros2/share/ldlidar_stl_ros2/environment/path.dsv
[0.580s] -- Up-to-date: /home/wheeltec/wheeltec_ros2/install/ldlidar_stl_ros2/share/ldlidar_stl_ros2/local_setup.bash
[0.580s] -- Up-to-date: /home/wheeltec/wheeltec_ros2/install/ldlidar_stl_ros2/share/ldlidar_stl_ros2/local_setup.sh
[0.581s] -- Up-to-date: /home/wheeltec/wheeltec_ros2/install/ldlidar_stl_ros2/share/ldlidar_stl_ros2/local_setup.zsh
[0.583s] -- Up-to-date: /home/wheeltec/wheeltec_ros2/install/ldlidar_stl_ros2/share/ldlidar_stl_ros2/local_setup.dsv
[0.583s] -- Installing: /home/wheeltec/wheeltec_ros2/install/ldlidar_stl_ros2/share/ldlidar_stl_ros2/package.dsv
[0.585s] -- Up-to-date: /home/wheeltec/wheeltec_ros2/install/ldlidar_stl_ros2/share/ament_index/resource_index/packages/ldlidar_stl_ros2
[0.589s] -- Up-to-date: /home/wheeltec/wheeltec_ros2/install/ldlidar_stl_ros2/share/ldlidar_stl_ros2/cmake/ldlidar_stl_ros2Config.cmake
[0.592s] -- Up-to-date: /home/wheeltec/wheeltec_ros2/install/ldlidar_stl_ros2/share/ldlidar_stl_ros2/cmake/ldlidar_stl_ros2Config-version.cmake
[0.593s] -- Up-to-date: /home/wheeltec/wheeltec_ros2/install/ldlidar_stl_ros2/share/ldlidar_stl_ros2/package.xml
[0.598s] Invoked command in '/home/wheeltec/wheeltec_ros2/build/ldlidar_stl_ros2' returned '0': CMAKE_PREFIX_PATH=/opt/ros/galactic /usr/bin/cmake --install /home/wheeltec/wheeltec_ros2/build/ldlidar_stl_ros2
