[0.222s] Invoking command in '/home/wheeltec/wheeltec_ros2/build/nav2_common': CMAKE_PREFIX_PATH=${CMAKE_PREFIX_PATH}:/home/wheeltec/wheeltec_ros2/install/simple_follower_ros2:/home/wheeltec/wheeltec_ros2/install/wheeltec_robot_keyboard:/home/wheeltec/wheeltec_ros2/install/tf2_tools:/home/wheeltec/wheeltec_ros2/install/nav2_simple_commander:/home/wheeltec/wheeltec_ros2/install/nav2_gazebo_spawner:/opt/ros/galactic /usr/bin/cmake --build /home/wheeltec/wheeltec_ros2/build/nav2_common -- -j4 -l4
[0.685s] Built target ament_cmake_python_symlink_nav2_common
[2.652s] running egg_info
[2.729s] writing nav2_common.egg-info/PKG-INFO
[2.730s] writing dependency_links to nav2_common.egg-info/dependency_links.txt
[2.731s] writing top-level names to nav2_common.egg-info/top_level.txt
[2.962s] reading manifest file 'nav2_common.egg-info/SOURCES.txt'
[2.965s] writing manifest file 'nav2_common.egg-info/SOURCES.txt'
[3.183s] Built target ament_cmake_python_build_nav2_common_egg
[3.244s] Invoked command in '/home/wheeltec/wheeltec_ros2/build/nav2_common' returned '0': CMAKE_PREFIX_PATH=${CMAKE_PREFIX_PATH}:/home/wheeltec/wheeltec_ros2/install/simple_follower_ros2:/home/wheeltec/wheeltec_ros2/install/wheeltec_robot_keyboard:/home/wheeltec/wheeltec_ros2/install/tf2_tools:/home/wheeltec/wheeltec_ros2/install/nav2_simple_commander:/home/wheeltec/wheeltec_ros2/install/nav2_gazebo_spawner:/opt/ros/galactic /usr/bin/cmake --build /home/wheeltec/wheeltec_ros2/build/nav2_common -- -j4 -l4
[3.396s] Invoking command in '/home/wheeltec/wheeltec_ros2/build/nav2_common': CMAKE_PREFIX_PATH=${CMAKE_PREFIX_PATH}:/home/wheeltec/wheeltec_ros2/install/simple_follower_ros2:/home/wheeltec/wheeltec_ros2/install/wheeltec_robot_keyboard:/home/wheeltec/wheeltec_ros2/install/tf2_tools:/home/wheeltec/wheeltec_ros2/install/nav2_simple_commander:/home/wheeltec/wheeltec_ros2/install/nav2_gazebo_spawner:/opt/ros/galactic /usr/bin/cmake --install /home/wheeltec/wheeltec_ros2/build/nav2_common
[3.449s] -- Install configuration: ""
[3.450s] -- Execute custom install script
[3.451s] -- Symlinking: /home/wheeltec/wheeltec_ros2/install/nav2_common/share/nav2_common/environment/pythonpath.sh
[3.513s] -- Symlinking: /home/wheeltec/wheeltec_ros2/install/nav2_common/share/nav2_common/environment/pythonpath.dsv
[3.565s] -- Symlinking: /home/wheeltec/wheeltec_ros2/install/nav2_common/lib/python3.8/site-packages//nav2_common.egg-info/PKG-INFO
[3.620s] -- Symlinking: /home/wheeltec/wheeltec_ros2/install/nav2_common/lib/python3.8/site-packages//nav2_common.egg-info/SOURCES.txt
[3.673s] -- Symlinking: /home/wheeltec/wheeltec_ros2/install/nav2_common/lib/python3.8/site-packages//nav2_common.egg-info/dependency_links.txt
[3.733s] -- Symlinking: /home/wheeltec/wheeltec_ros2/install/nav2_common/lib/python3.8/site-packages//nav2_common.egg-info/top_level.txt
[3.787s] -- Symlinking: /home/wheeltec/wheeltec_ros2/install/nav2_common/lib/python3.8/site-packages/nav2_common/__init__.py
[3.861s] -- Symlinking: /home/wheeltec/wheeltec_ros2/install/nav2_common/lib/python3.8/site-packages/nav2_common/launch/__init__.py
[3.916s] -- Symlinking: /home/wheeltec/wheeltec_ros2/install/nav2_common/lib/python3.8/site-packages/nav2_common/launch/has_node_params.py
[3.967s] -- Symlinking: /home/wheeltec/wheeltec_ros2/install/nav2_common/lib/python3.8/site-packages/nav2_common/launch/replace_string.py
[4.018s] -- Symlinking: /home/wheeltec/wheeltec_ros2/install/nav2_common/lib/python3.8/site-packages/nav2_common/launch/rewritten_yaml.py
[4.078s] -- Symlinking: /home/wheeltec/wheeltec_ros2/install/nav2_common/share/ament_index/resource_index/package_run_dependencies/nav2_common
[4.130s] -- Symlinking: /home/wheeltec/wheeltec_ros2/install/nav2_common/share/ament_index/resource_index/parent_prefix_path/nav2_common
[4.181s] -- Symlinking: /home/wheeltec/wheeltec_ros2/install/nav2_common/share/nav2_common/environment/ament_prefix_path.sh
[4.234s] -- Symlinking: /home/wheeltec/wheeltec_ros2/install/nav2_common/share/nav2_common/environment/ament_prefix_path.dsv
[4.287s] -- Symlinking: /home/wheeltec/wheeltec_ros2/install/nav2_common/share/nav2_common/environment/path.sh
[4.337s] -- Symlinking: /home/wheeltec/wheeltec_ros2/install/nav2_common/share/nav2_common/environment/path.dsv
[4.393s] -- Symlinking: /home/wheeltec/wheeltec_ros2/install/nav2_common/share/nav2_common/local_setup.bash
[4.444s] -- Symlinking: /home/wheeltec/wheeltec_ros2/install/nav2_common/share/nav2_common/local_setup.sh
[4.495s] -- Symlinking: /home/wheeltec/wheeltec_ros2/install/nav2_common/share/nav2_common/local_setup.zsh
[4.561s] -- Symlinking: /home/wheeltec/wheeltec_ros2/install/nav2_common/share/nav2_common/local_setup.dsv
[4.611s] -- Symlinking: /home/wheeltec/wheeltec_ros2/install/nav2_common/share/nav2_common/package.dsv
[4.675s] -- Symlinking: /home/wheeltec/wheeltec_ros2/install/nav2_common/share/ament_index/resource_index/packages/nav2_common
[4.732s] -- Symlinking: /home/wheeltec/wheeltec_ros2/install/nav2_common/share/nav2_common/cmake/nav2_common-extras.cmake
[4.799s] -- Symlinking: /home/wheeltec/wheeltec_ros2/install/nav2_common/share/nav2_common/cmake/nav2_commonConfig.cmake
[4.861s] -- Symlinking: /home/wheeltec/wheeltec_ros2/install/nav2_common/share/nav2_common/cmake/nav2_commonConfig-version.cmake
[4.917s] -- Symlinking: /home/wheeltec/wheeltec_ros2/install/nav2_common/share/nav2_common/package.xml
[4.977s] -- Symlinking: /home/wheeltec/wheeltec_ros2/install/nav2_common/share/nav2_common/cmake/nav2_package.cmake
[5.214s] Listing '/home/wheeltec/wheeltec_ros2/install/nav2_common/lib/python3.8/site-packages/nav2_common'...
[5.215s] Listing '/home/wheeltec/wheeltec_ros2/install/nav2_common/lib/python3.8/site-packages/nav2_common/launch'...
[5.251s] Invoked command in '/home/wheeltec/wheeltec_ros2/build/nav2_common' returned '0': CMAKE_PREFIX_PATH=${CMAKE_PREFIX_PATH}:/home/wheeltec/wheeltec_ros2/install/simple_follower_ros2:/home/wheeltec/wheeltec_ros2/install/wheeltec_robot_keyboard:/home/wheeltec/wheeltec_ros2/install/tf2_tools:/home/wheeltec/wheeltec_ros2/install/nav2_simple_commander:/home/wheeltec/wheeltec_ros2/install/nav2_gazebo_spawner:/opt/ros/galactic /usr/bin/cmake --install /home/wheeltec/wheeltec_ros2/build/nav2_common
