[0.062s] Invoking command in '/home/wheeltec/wheeltec_ros2/build/wheeltec_robot_msg': CMAKE_PREFIX_PATH=/opt/ros/galactic /usr/bin/cmake --build /home/wheeltec/wheeltec_ros2/build/wheeltec_robot_msg -- -j4 -l4
[0.324s] [  3%] Built target wheeltec_robot_msg__cpp
[0.366s] [ 12%] Built target wheeltec_robot_msg__rosidl_generator_c
[0.521s] [ 22%] Built target wheeltec_robot_msg__rosidl_typesupport_introspection_cpp
[0.538s] [ 32%] Built target wheeltec_robot_msg__rosidl_typesupport_introspection_c
[0.568s] [ 41%] Built target wheeltec_robot_msg__rosidl_typesupport_fastrtps_cpp
[0.584s] [ 51%] Built target wheeltec_robot_msg__rosidl_typesupport_cpp
[0.630s] [ 61%] Built target wheeltec_robot_msg__rosidl_typesupport_c
[0.679s] [ 70%] Built target wheeltec_robot_msg__rosidl_typesupport_fastrtps_c
[0.782s] [ 70%] Built target wheeltec_robot_msg
[0.866s] [ 74%] Built target wheeltec_robot_msg__py
[0.976s] [ 80%] Built target wheeltec_robot_msg__python
[1.138s] [ 87%] Built target wheeltec_robot_msg__rosidl_typesupport_introspection_c__pyext
[1.149s] [ 93%] Built target wheeltec_robot_msg__rosidl_typesupport_fastrtps_c__pyext
[1.177s] [100%] Built target wheeltec_robot_msg__rosidl_typesupport_c__pyext
[1.222s] Invoked command in '/home/wheeltec/wheeltec_ros2/build/wheeltec_robot_msg' returned '0': CMAKE_PREFIX_PATH=/opt/ros/galactic /usr/bin/cmake --build /home/wheeltec/wheeltec_ros2/build/wheeltec_robot_msg -- -j4 -l4
[1.588s] Invoking command in '/home/wheeltec/wheeltec_ros2/build/wheeltec_robot_msg': CMAKE_PREFIX_PATH=/opt/ros/galactic /usr/bin/cmake --install /home/wheeltec/wheeltec_ros2/build/wheeltec_robot_msg
[1.626s] -- Install configuration: ""
[1.626s] -- Up-to-date: /home/wheeltec/wheeltec_ros2/install/wheeltec_robot_msg/share/ament_index/resource_index/rosidl_interfaces/wheeltec_robot_msg
[1.627s] -- Up-to-date: /home/wheeltec/wheeltec_ros2/install/wheeltec_robot_msg/include/wheeltec_robot_msg
[1.627s] -- Up-to-date: /home/wheeltec/wheeltec_ros2/install/wheeltec_robot_msg/include/wheeltec_robot_msg/msg
[1.628s] -- Up-to-date: /home/wheeltec/wheeltec_ros2/install/wheeltec_robot_msg/include/wheeltec_robot_msg/msg/detail
[1.628s] -- Up-to-date: /home/wheeltec/wheeltec_ros2/install/wheeltec_robot_msg/include/wheeltec_robot_msg/msg/detail/data__functions.c
[1.628s] -- Up-to-date: /home/wheeltec/wheeltec_ros2/install/wheeltec_robot_msg/include/wheeltec_robot_msg/msg/detail/data__struct.h
[1.631s] -- Up-to-date: /home/wheeltec/wheeltec_ros2/install/wheeltec_robot_msg/include/wheeltec_robot_msg/msg/detail/data__type_support.h
[1.632s] -- Up-to-date: /home/wheeltec/wheeltec_ros2/install/wheeltec_robot_msg/include/wheeltec_robot_msg/msg/detail/data__functions.h
[1.632s] -- Up-to-date: /home/wheeltec/wheeltec_ros2/install/wheeltec_robot_msg/include/wheeltec_robot_msg/msg/data.h
[1.633s] -- Up-to-date: /home/wheeltec/wheeltec_ros2/install/wheeltec_robot_msg/include/wheeltec_robot_msg/msg/rosidl_generator_c__visibility_control.h
[1.633s] -- Up-to-date: /home/wheeltec/wheeltec_ros2/install/wheeltec_robot_msg/share/wheeltec_robot_msg/environment/library_path.sh
[1.634s] -- Up-to-date: /home/wheeltec/wheeltec_ros2/install/wheeltec_robot_msg/share/wheeltec_robot_msg/environment/library_path.dsv
[1.634s] -- Up-to-date: /home/wheeltec/wheeltec_ros2/install/wheeltec_robot_msg/lib/libwheeltec_robot_msg__rosidl_generator_c.so
[1.634s] -- Up-to-date: /home/wheeltec/wheeltec_ros2/install/wheeltec_robot_msg/include/wheeltec_robot_msg
[1.635s] -- Up-to-date: /home/wheeltec/wheeltec_ros2/install/wheeltec_robot_msg/include/wheeltec_robot_msg/msg
[1.635s] -- Up-to-date: /home/wheeltec/wheeltec_ros2/install/wheeltec_robot_msg/include/wheeltec_robot_msg/msg/detail
[1.636s] -- Up-to-date: /home/wheeltec/wheeltec_ros2/install/wheeltec_robot_msg/include/wheeltec_robot_msg/msg/detail/data__rosidl_typesupport_fastrtps_c.h
[1.636s] -- Up-to-date: /home/wheeltec/wheeltec_ros2/install/wheeltec_robot_msg/include/wheeltec_robot_msg/msg/rosidl_typesupport_fastrtps_c__visibility_control.h
[1.639s] -- Up-to-date: /home/wheeltec/wheeltec_ros2/install/wheeltec_robot_msg/lib/libwheeltec_robot_msg__rosidl_typesupport_fastrtps_c.so
[1.640s] -- Up-to-date: /home/wheeltec/wheeltec_ros2/install/wheeltec_robot_msg/include/wheeltec_robot_msg
[1.642s] -- Up-to-date: /home/wheeltec/wheeltec_ros2/install/wheeltec_robot_msg/include/wheeltec_robot_msg/msg
[1.645s] -- Up-to-date: /home/wheeltec/wheeltec_ros2/install/wheeltec_robot_msg/include/wheeltec_robot_msg/msg/rosidl_typesupport_fastrtps_cpp__visibility_control.h
[1.645s] -- Up-to-date: /home/wheeltec/wheeltec_ros2/install/wheeltec_robot_msg/include/wheeltec_robot_msg/msg/detail
[1.648s] -- Up-to-date: /home/wheeltec/wheeltec_ros2/install/wheeltec_robot_msg/include/wheeltec_robot_msg/msg/detail/data__rosidl_typesupport_fastrtps_cpp.hpp
[1.649s] -- Up-to-date: /home/wheeltec/wheeltec_ros2/install/wheeltec_robot_msg/include/wheeltec_robot_msg/msg/detail/dds_fastrtps
[1.651s] -- Up-to-date: /home/wheeltec/wheeltec_ros2/install/wheeltec_robot_msg/lib/libwheeltec_robot_msg__rosidl_typesupport_fastrtps_cpp.so
[1.652s] -- Up-to-date: /home/wheeltec/wheeltec_ros2/install/wheeltec_robot_msg/include/wheeltec_robot_msg
[1.654s] -- Up-to-date: /home/wheeltec/wheeltec_ros2/install/wheeltec_robot_msg/include/wheeltec_robot_msg/msg
[1.670s] -- Up-to-date: /home/wheeltec/wheeltec_ros2/install/wheeltec_robot_msg/include/wheeltec_robot_msg/msg/detail
[1.673s] -- Up-to-date: /home/wheeltec/wheeltec_ros2/install/wheeltec_robot_msg/include/wheeltec_robot_msg/msg/detail/data__rosidl_typesupport_introspection_c.h
[1.673s] -- Up-to-date: /home/wheeltec/wheeltec_ros2/install/wheeltec_robot_msg/include/wheeltec_robot_msg/msg/detail/data__type_support.c
[1.674s] -- Up-to-date: /home/wheeltec/wheeltec_ros2/install/wheeltec_robot_msg/include/wheeltec_robot_msg/msg/rosidl_typesupport_introspection_c__visibility_control.h
[1.674s] -- Up-to-date: /home/wheeltec/wheeltec_ros2/install/wheeltec_robot_msg/lib/libwheeltec_robot_msg__rosidl_typesupport_introspection_c.so
[1.674s] -- Up-to-date: /home/wheeltec/wheeltec_ros2/install/wheeltec_robot_msg/lib/libwheeltec_robot_msg__rosidl_typesupport_c.so
[1.675s] -- Up-to-date: /home/wheeltec/wheeltec_ros2/install/wheeltec_robot_msg/include/wheeltec_robot_msg
[1.675s] -- Up-to-date: /home/wheeltec/wheeltec_ros2/install/wheeltec_robot_msg/include/wheeltec_robot_msg/msg
[1.675s] -- Up-to-date: /home/wheeltec/wheeltec_ros2/install/wheeltec_robot_msg/include/wheeltec_robot_msg/msg/detail
[1.676s] -- Up-to-date: /home/wheeltec/wheeltec_ros2/install/wheeltec_robot_msg/include/wheeltec_robot_msg/msg/detail/data__traits.hpp
[1.676s] -- Up-to-date: /home/wheeltec/wheeltec_ros2/install/wheeltec_robot_msg/include/wheeltec_robot_msg/msg/detail/data__builder.hpp
[1.677s] -- Up-to-date: /home/wheeltec/wheeltec_ros2/install/wheeltec_robot_msg/include/wheeltec_robot_msg/msg/detail/data__struct.hpp
[1.677s] -- Up-to-date: /home/wheeltec/wheeltec_ros2/install/wheeltec_robot_msg/include/wheeltec_robot_msg/msg/data.hpp
[1.678s] -- Up-to-date: /home/wheeltec/wheeltec_ros2/install/wheeltec_robot_msg/include/wheeltec_robot_msg
[1.679s] -- Up-to-date: /home/wheeltec/wheeltec_ros2/install/wheeltec_robot_msg/include/wheeltec_robot_msg/msg
[1.679s] -- Up-to-date: /home/wheeltec/wheeltec_ros2/install/wheeltec_robot_msg/include/wheeltec_robot_msg/msg/detail
[1.680s] -- Up-to-date: /home/wheeltec/wheeltec_ros2/install/wheeltec_robot_msg/include/wheeltec_robot_msg/msg/detail/data__rosidl_typesupport_introspection_cpp.hpp
[1.680s] -- Up-to-date: /home/wheeltec/wheeltec_ros2/install/wheeltec_robot_msg/include/wheeltec_robot_msg/msg/detail/data__type_support.cpp
[1.681s] -- Up-to-date: /home/wheeltec/wheeltec_ros2/install/wheeltec_robot_msg/lib/libwheeltec_robot_msg__rosidl_typesupport_introspection_cpp.so
[1.681s] -- Up-to-date: /home/wheeltec/wheeltec_ros2/install/wheeltec_robot_msg/lib/libwheeltec_robot_msg__rosidl_typesupport_cpp.so
[1.682s] -- Up-to-date: /home/wheeltec/wheeltec_ros2/install/wheeltec_robot_msg/share/wheeltec_robot_msg/environment/pythonpath.sh
[1.683s] -- Up-to-date: /home/wheeltec/wheeltec_ros2/install/wheeltec_robot_msg/share/wheeltec_robot_msg/environment/pythonpath.dsv
[1.683s] -- Up-to-date: /home/wheeltec/wheeltec_ros2/install/wheeltec_robot_msg/lib/python3.8/site-packages/wheeltec_robot_msg/__init__.py
[1.928s] -- Up-to-date: /home/wheeltec/wheeltec_ros2/install/wheeltec_robot_msg/lib/python3.8/site-packages/wheeltec_robot_msg/msg
[1.929s] -- Up-to-date: /home/wheeltec/wheeltec_ros2/install/wheeltec_robot_msg/lib/python3.8/site-packages/wheeltec_robot_msg/msg/__init__.py
[1.932s] -- Up-to-date: /home/wheeltec/wheeltec_ros2/install/wheeltec_robot_msg/lib/python3.8/site-packages/wheeltec_robot_msg/msg/_data_s.c
[1.932s] -- Up-to-date: /home/wheeltec/wheeltec_ros2/install/wheeltec_robot_msg/lib/python3.8/site-packages/wheeltec_robot_msg/msg/_data.py
[1.935s] -- Up-to-date: /home/wheeltec/wheeltec_ros2/install/wheeltec_robot_msg/lib/python3.8/site-packages/wheeltec_robot_msg/wheeltec_robot_msg_s__rosidl_typesupport_fastrtps_c.cpython-38-aarch64-linux-gnu.so
[1.936s] -- Up-to-date: /home/wheeltec/wheeltec_ros2/install/wheeltec_robot_msg/lib/python3.8/site-packages/wheeltec_robot_msg/wheeltec_robot_msg_s__rosidl_typesupport_introspection_c.cpython-38-aarch64-linux-gnu.so
[1.939s] -- Up-to-date: /home/wheeltec/wheeltec_ros2/install/wheeltec_robot_msg/lib/python3.8/site-packages/wheeltec_robot_msg/wheeltec_robot_msg_s__rosidl_typesupport_c.cpython-38-aarch64-linux-gnu.so
[1.942s] -- Up-to-date: /home/wheeltec/wheeltec_ros2/install/wheeltec_robot_msg/lib/libwheeltec_robot_msg__python.so
[1.943s] -- Up-to-date: /home/wheeltec/wheeltec_ros2/install/wheeltec_robot_msg/share/wheeltec_robot_msg/msg/Data.idl
[1.944s] -- Up-to-date: /home/wheeltec/wheeltec_ros2/install/wheeltec_robot_msg/share/wheeltec_robot_msg/msg/Data.msg
[1.946s] -- Up-to-date: /home/wheeltec/wheeltec_ros2/install/wheeltec_robot_msg/share/ament_index/resource_index/package_run_dependencies/wheeltec_robot_msg
[1.947s] -- Up-to-date: /home/wheeltec/wheeltec_ros2/install/wheeltec_robot_msg/share/ament_index/resource_index/parent_prefix_path/wheeltec_robot_msg
[1.949s] -- Up-to-date: /home/wheeltec/wheeltec_ros2/install/wheeltec_robot_msg/share/wheeltec_robot_msg/environment/ament_prefix_path.sh
[1.950s] -- Up-to-date: /home/wheeltec/wheeltec_ros2/install/wheeltec_robot_msg/share/wheeltec_robot_msg/environment/ament_prefix_path.dsv
[1.951s] -- Up-to-date: /home/wheeltec/wheeltec_ros2/install/wheeltec_robot_msg/share/wheeltec_robot_msg/environment/path.sh
[1.952s] -- Up-to-date: /home/wheeltec/wheeltec_ros2/install/wheeltec_robot_msg/share/wheeltec_robot_msg/environment/path.dsv
[1.953s] -- Up-to-date: /home/wheeltec/wheeltec_ros2/install/wheeltec_robot_msg/share/wheeltec_robot_msg/local_setup.bash
[1.954s] -- Up-to-date: /home/wheeltec/wheeltec_ros2/install/wheeltec_robot_msg/share/wheeltec_robot_msg/local_setup.sh
[1.955s] -- Up-to-date: /home/wheeltec/wheeltec_ros2/install/wheeltec_robot_msg/share/wheeltec_robot_msg/local_setup.zsh
[1.956s] -- Up-to-date: /home/wheeltec/wheeltec_ros2/install/wheeltec_robot_msg/share/wheeltec_robot_msg/local_setup.dsv
[1.959s] -- Installing: /home/wheeltec/wheeltec_ros2/install/wheeltec_robot_msg/share/wheeltec_robot_msg/package.dsv
[1.961s] -- Up-to-date: /home/wheeltec/wheeltec_ros2/install/wheeltec_robot_msg/share/ament_index/resource_index/packages/wheeltec_robot_msg
[1.962s] -- Up-to-date: /home/wheeltec/wheeltec_ros2/install/wheeltec_robot_msg/share/wheeltec_robot_msg/cmake/wheeltec_robot_msg__rosidl_generator_cExport.cmake
[1.963s] -- Up-to-date: /home/wheeltec/wheeltec_ros2/install/wheeltec_robot_msg/share/wheeltec_robot_msg/cmake/wheeltec_robot_msg__rosidl_generator_cExport-noconfig.cmake
[1.965s] -- Up-to-date: /home/wheeltec/wheeltec_ros2/install/wheeltec_robot_msg/share/wheeltec_robot_msg/cmake/wheeltec_robot_msg__rosidl_typesupport_introspection_cExport.cmake
[1.966s] -- Up-to-date: /home/wheeltec/wheeltec_ros2/install/wheeltec_robot_msg/share/wheeltec_robot_msg/cmake/wheeltec_robot_msg__rosidl_typesupport_introspection_cExport-noconfig.cmake
[1.967s] -- Up-to-date: /home/wheeltec/wheeltec_ros2/install/wheeltec_robot_msg/share/wheeltec_robot_msg/cmake/wheeltec_robot_msg__rosidl_typesupport_cExport.cmake
[1.969s] -- Up-to-date: /home/wheeltec/wheeltec_ros2/install/wheeltec_robot_msg/share/wheeltec_robot_msg/cmake/wheeltec_robot_msg__rosidl_typesupport_cExport-noconfig.cmake
[1.970s] -- Up-to-date: /home/wheeltec/wheeltec_ros2/install/wheeltec_robot_msg/share/wheeltec_robot_msg/cmake/wheeltec_robot_msg__rosidl_generator_cppExport.cmake
[1.972s] -- Up-to-date: /home/wheeltec/wheeltec_ros2/install/wheeltec_robot_msg/share/wheeltec_robot_msg/cmake/wheeltec_robot_msg__rosidl_typesupport_introspection_cppExport.cmake
[1.973s] -- Up-to-date: /home/wheeltec/wheeltec_ros2/install/wheeltec_robot_msg/share/wheeltec_robot_msg/cmake/wheeltec_robot_msg__rosidl_typesupport_introspection_cppExport-noconfig.cmake
[1.975s] -- Up-to-date: /home/wheeltec/wheeltec_ros2/install/wheeltec_robot_msg/share/wheeltec_robot_msg/cmake/wheeltec_robot_msg__rosidl_typesupport_cppExport.cmake
[1.977s] -- Up-to-date: /home/wheeltec/wheeltec_ros2/install/wheeltec_robot_msg/share/wheeltec_robot_msg/cmake/wheeltec_robot_msg__rosidl_typesupport_cppExport-noconfig.cmake
[1.978s] -- Up-to-date: /home/wheeltec/wheeltec_ros2/install/wheeltec_robot_msg/share/wheeltec_robot_msg/cmake/rosidl_cmake-extras.cmake
[1.979s] -- Up-to-date: /home/wheeltec/wheeltec_ros2/install/wheeltec_robot_msg/share/wheeltec_robot_msg/cmake/ament_cmake_export_dependencies-extras.cmake
[1.980s] -- Up-to-date: /home/wheeltec/wheeltec_ros2/install/wheeltec_robot_msg/share/wheeltec_robot_msg/cmake/ament_cmake_export_libraries-extras.cmake
[1.982s] -- Up-to-date: /home/wheeltec/wheeltec_ros2/install/wheeltec_robot_msg/share/wheeltec_robot_msg/cmake/ament_cmake_export_targets-extras.cmake
[1.983s] -- Up-to-date: /home/wheeltec/wheeltec_ros2/install/wheeltec_robot_msg/share/wheeltec_robot_msg/cmake/ament_cmake_export_include_directories-extras.cmake
[1.985s] -- Up-to-date: /home/wheeltec/wheeltec_ros2/install/wheeltec_robot_msg/share/wheeltec_robot_msg/cmake/rosidl_cmake_export_typesupport_libraries-extras.cmake
[1.987s] -- Up-to-date: /home/wheeltec/wheeltec_ros2/install/wheeltec_robot_msg/share/wheeltec_robot_msg/cmake/rosidl_cmake_export_typesupport_targets-extras.cmake
[1.987s] -- Up-to-date: /home/wheeltec/wheeltec_ros2/install/wheeltec_robot_msg/share/wheeltec_robot_msg/cmake/wheeltec_robot_msgConfig.cmake
[1.991s] -- Up-to-date: /home/wheeltec/wheeltec_ros2/install/wheeltec_robot_msg/share/wheeltec_robot_msg/cmake/wheeltec_robot_msgConfig-version.cmake
[1.991s] -- Up-to-date: /home/wheeltec/wheeltec_ros2/install/wheeltec_robot_msg/share/wheeltec_robot_msg/package.xml
[2.005s] Invoked command in '/home/wheeltec/wheeltec_ros2/build/wheeltec_robot_msg' returned '0': CMAKE_PREFIX_PATH=/opt/ros/galactic /usr/bin/cmake --install /home/wheeltec/wheeltec_ros2/build/wheeltec_robot_msg
