[0.303s] Invoking command in '/home/wheeltec/wheeltec_ros2/build/nav_2d_msgs': CMAKE_PREFIX_PATH=${CMAKE_PREFIX_PATH}:/home/wheeltec/wheeltec_ros2/install/simple_follower_ros2:/home/wheeltec/wheeltec_ros2/install/wheeltec_robot_keyboard:/home/wheeltec/wheeltec_ros2/install/tf2_tools:/home/wheeltec/wheeltec_ros2/install/nav2_simple_commander:/home/wheeltec/wheeltec_ros2/install/nav2_gazebo_spawner:/opt/ros/galactic /usr/bin/cmake /home/wheeltec/wheeltec_ros2/src/navigation2-galactic/nav2_dwb_controller/nav_2d_msgs -DAMENT_CMAKE_SYMLINK_INSTALL=1 -DCMAKE_INSTALL_PREFIX=/home/wheeltec/wheeltec_ros2/install/nav_2d_msgs
[0.448s] -- Found geometry_msgs: 2.2.4 (/opt/ros/galactic/share/geometry_msgs/cmake)
[0.587s] -- Found PythonInterp: /usr/bin/python3 (found suitable version "3.8.10", minimum required is "3") 
[0.588s] -- Using PYTHON_EXECUTABLE: /usr/bin/python3
[0.946s] -- Override CMake install command with custom implementation using symlinks instead of copying resources
[1.184s] -- Using all available rosidl_typesupport_c: rosidl_typesupport_fastrtps_c;rosidl_typesupport_introspection_c
[1.197s] -- Found rosidl_adapter: 2.2.3 (/opt/ros/galactic/share/rosidl_adapter/cmake)
[1.922s] -- Using all available rosidl_typesupport_cpp: rosidl_typesupport_fastrtps_cpp;rosidl_typesupport_introspection_cpp
[2.317s] -- Found rosidl_default_generators: 1.1.1 (/opt/ros/galactic/share/rosidl_default_generators/cmake)
[2.531s] -- Found PythonInterp: /usr/bin/python3 (found version "3.8.10") 
[3.567s] -- Found ament_cmake_ros: 0.9.2 (/opt/ros/galactic/share/ament_cmake_ros/cmake)
[4.918s] -- Using all available rosidl_typesupport_c: rosidl_typesupport_fastrtps_c;rosidl_typesupport_introspection_c
[5.546s] -- Using all available rosidl_typesupport_cpp: rosidl_typesupport_fastrtps_cpp;rosidl_typesupport_introspection_cpp
[5.728s] -- Found PythonInterp: /usr/bin/python3 (found suitable version "3.8.10", minimum required is "3.5") 
[5.729s] -- Found python_cmake_module: 0.8.1 (/opt/ros/galactic/share/python_cmake_module/cmake)
[5.845s] -- Using PYTHON_EXECUTABLE: /usr/bin/python3
[5.846s] -- Using PYTHON_INCLUDE_DIRS: /usr/include/python3.8
[5.846s] -- Using PYTHON_LIBRARIES: /usr/lib/aarch64-linux-gnu/libpython3.8.so
[6.323s] -- Configuring done
[6.669s] -- Generating done
[6.681s] -- Build files have been written to: /home/wheeltec/wheeltec_ros2/build/nav_2d_msgs
