[5.743s] Invoking command in '/home/wheeltec/wheeltec_ros2/src/wheeltec_robot_keyboard': PYTHONPATH=/home/wheeltec/wheeltec_ros2/install/wheeltec_robot_keyboard/lib/python3.8/site-packages:${PYTHONPATH} /usr/bin/python3 setup.py egg_info --egg-base ../../build/wheeltec_robot_keyboard build --build-base /home/wheeltec/wheeltec_ros2/build/wheeltec_robot_keyboard/build install --prefix /home/wheeltec/wheeltec_ros2/install/wheeltec_robot_keyboard --record /home/wheeltec/wheeltec_ros2/build/wheeltec_robot_keyboard/install.log --single-version-externally-managed
[7.228s] /home/wheeltec/.local/lib/python3.8/site-packages/setuptools/dist.py:771: UserWarning: Usage of dash-separated 'script-dir' will not be supported in future versions. Please use the underscore name 'script_dir' instead
[7.228s]   warnings.warn(
[7.231s] /home/wheeltec/.local/lib/python3.8/site-packages/setuptools/dist.py:771: UserWarning: Usage of dash-separated 'install-scripts' will not be supported in future versions. Please use the underscore name 'install_scripts' instead
[7.231s]   warnings.warn(
[7.765s] running egg_info
[7.853s] writing ../../build/wheeltec_robot_keyboard/wheeltec_robot_keyboard.egg-info/PKG-INFO
[7.857s] writing dependency_links to ../../build/wheeltec_robot_keyboard/wheeltec_robot_keyboard.egg-info/dependency_links.txt
[7.859s] writing entry points to ../../build/wheeltec_robot_keyboard/wheeltec_robot_keyboard.egg-info/entry_points.txt
[7.861s] writing requirements to ../../build/wheeltec_robot_keyboard/wheeltec_robot_keyboard.egg-info/requires.txt
[7.862s] writing top-level names to ../../build/wheeltec_robot_keyboard/wheeltec_robot_keyboard.egg-info/top_level.txt
[8.035s] reading manifest file '../../build/wheeltec_robot_keyboard/wheeltec_robot_keyboard.egg-info/SOURCES.txt'
[8.042s] writing manifest file '../../build/wheeltec_robot_keyboard/wheeltec_robot_keyboard.egg-info/SOURCES.txt'
[8.043s] running build
[8.044s] running build_py
[8.048s] running install
[8.050s] /home/wheeltec/.local/lib/python3.8/site-packages/setuptools/command/install.py:34: SetuptoolsDeprecationWarning: setup.py install is deprecated. Use build and pip and other standards-based tools.
[8.051s]   warnings.warn(
[8.080s] running install_lib
[8.168s] running install_data
[8.250s] running install_egg_info
[8.343s] removing '/home/wheeltec/wheeltec_ros2/install/wheeltec_robot_keyboard/lib/python3.8/site-packages/wheeltec_robot_keyboard-2.0.1-py3.8.egg-info' (and everything under it)
[8.345s] Copying ../../build/wheeltec_robot_keyboard/wheeltec_robot_keyboard.egg-info to /home/wheeltec/wheeltec_ros2/install/wheeltec_robot_keyboard/lib/python3.8/site-packages/wheeltec_robot_keyboard-2.0.1-py3.8.egg-info
[8.351s] running install_scripts
[8.785s] Installing wheeltec_keyboard script to /home/wheeltec/wheeltec_ros2/install/wheeltec_robot_keyboard/lib/wheeltec_robot_keyboard
[8.793s] writing list of installed files to '/home/wheeltec/wheeltec_ros2/build/wheeltec_robot_keyboard/install.log'
[8.974s] Invoked command in '/home/wheeltec/wheeltec_ros2/src/wheeltec_robot_keyboard' returned '0': PYTHONPATH=/home/wheeltec/wheeltec_ros2/install/wheeltec_robot_keyboard/lib/python3.8/site-packages:${PYTHONPATH} /usr/bin/python3 setup.py egg_info --egg-base ../../build/wheeltec_robot_keyboard build --build-base /home/wheeltec/wheeltec_ros2/build/wheeltec_robot_keyboard/build install --prefix /home/wheeltec/wheeltec_ros2/install/wheeltec_robot_keyboard --record /home/wheeltec/wheeltec_ros2/build/wheeltec_robot_keyboard/install.log --single-version-externally-managed
