[0.085s] Invoking command in '/home/wheeltec/wheeltec_ros2/build/nav2_behavior_tree': AMENT_PREFIX_PATH=/home/wheeltec/wheeltec_ros2/install/nav2_util:/home/wheeltec/wheeltec_ros2/install/nav2_msgs:/home/wheeltec/wheeltec_ros2/install/nav2_common:${AMENT_PREFIX_PATH} CMAKE_PREFIX_PATH=/home/wheeltec/wheeltec_ros2/install/nav2_util:/home/wheeltec/wheeltec_ros2/install/nav2_msgs:/home/wheeltec/wheeltec_ros2/install/nav2_common:/opt/ros/galactic LD_LIBRARY_PATH=/home/wheeltec/wheeltec_ros2/install/nav2_util/lib:/home/wheeltec/wheeltec_ros2/install/nav2_msgs/lib:${LD_LIBRARY_PATH} PYTHONPATH=/home/wheeltec/wheeltec_ros2/install/nav2_msgs/lib/python3.8/site-packages:/home/wheeltec/wheeltec_ros2/install/nav2_common/lib/python3.8/site-packages:${PYTHONPATH} /usr/bin/cmake --build /home/wheeltec/wheeltec_ros2/build/nav2_behavior_tree -- -j4 -l4
[0.545s] [  1%] Built target nav2_single_trigger_bt_node
[0.583s] [  2%] Built target nav2_planner_selector_bt_node
[0.584s] [  3%] Built target nav2_controller_selector_bt_node
[0.598s] [  4%] Built target nav2_goal_checker_selector_bt_node
[0.762s] [  5%] Built target nav2_transform_available_condition_bt_node
[0.852s] [  7%] Built target nav2_pipeline_sequence_bt_node
[0.890s] [  8%] Built target nav2_wait_action_bt_node
[0.991s] [  9%] Built target nav2_spin_action_bt_node
[1.152s] [ 10%] Built target nav2_compute_path_through_poses_action_bt_node
[1.187s] [ 11%] Built target nav2_goal_updated_condition_bt_node
[1.229s] [ 13%] Built target nav2_compute_path_to_pose_action_bt_node
[1.246s] [ 14%] Built target nav2_is_stuck_condition_bt_node
[1.536s] [ 15%] Built target nav2_behavior_tree
[1.625s] [ 17%] Built target nav2_goal_updater_node_bt_node
[1.708s] [ 19%] Built target nav2_goal_reached_condition_bt_node
[1.710s] [ 21%] Built target nav2_follow_path_action_bt_node
[1.729s] [ 23%] Built target nav2_round_robin_node_bt_node
[2.030s] [ 24%] Built target nav2_initial_pose_received_condition_bt_node
[2.116s] [ 26%] Built target nav2_navigate_through_poses_action_bt_node
[2.133s] [ 27%] Built target nav2_remove_passed_goals_action_bt_node
[2.185s] [ 29%] Built target nav2_time_expired_condition_bt_node
[2.476s] [ 30%] Built target nav2_distance_traveled_condition_bt_node
[2.493s] [ 32%] Built target nav2_rate_controller_bt_node
[2.562s] [ 34%] Built target nav2_is_battery_low_condition_bt_node
[2.573s] [ 36%] Built target nav2_reinitialize_global_localization_service_bt_node
[2.854s] [ 38%] Built target nav2_truncate_path_action_bt_node
[2.889s] [ 40%] Built target nav2_distance_controller_bt_node
[2.911s] [ 42%] Built target nav2_clear_costmap_service_bt_node
[3.039s] [ 44%] Built target nav2_speed_controller_bt_node
[3.202s] [ 45%] Built target nav2_navigate_to_pose_action_bt_node
[3.209s] [ 47%] Built target nav2_back_up_action_bt_node
[3.235s] [ 48%] Built target nav2_recovery_node_bt_node
[3.251s] [ 49%] Built target gtest
[3.334s] [ 50%] Built target gtest_main
[3.547s] [ 51%] Built target test_bt_conversions
[3.577s] [ 53%] Built target test_condition_goal_updated
[3.615s] [ 55%] Built target test_condition_distance_traveled
[3.623s] [ 57%] Built target test_condition_time_expired
[3.763s] [ 58%] Built target test_condition_initial_pose_received
[3.784s] [ 60%] Built target test_condition_is_battery_low
[3.840s] [ 61%] Built target test_condition_is_stuck
[3.900s] [ 62%] Built target test_condition_transform_available
[3.954s] [ 63%] Built target test_condition_goal_reached
[3.991s] [ 64%] Built target test_single_trigger_node
[4.042s] [ 66%] Built target test_goal_updater_node
[4.181s] [ 67%] Built target test_decorator_rate_controller
[4.219s] [ 69%] Built target test_control_round_robin_node
[4.235s] [ 71%] Built target test_decorator_speed_controller
[4.277s] [ 73%] Built target test_decorator_distance_controller
[4.395s] [ 75%] Built target test_control_pipeline_sequence
[4.463s] [ 76%] Built target test_control_recovery_node
[4.550s] [ 77%] Built target test_goal_checker_selector_node
[4.563s] [ 78%] Built target test_controller_selector_node
[4.634s] [ 79%] Built target test_planner_selector_node
[4.720s] [ 81%] Built target test_action_spin_action
[4.889s] [ 83%] Built target test_action_back_up_action
[4.908s] [ 85%] Built target test_bt_action_node
[4.909s] [ 86%] Built target test_action_wait_action
[4.981s] [ 87%] Built target test_action_clear_costmap_service
[5.114s] [ 88%] Built target test_action_reinitialize_global_localization_service
[5.172s] [ 89%] Built target test_action_compute_path_to_pose_action
[5.200s] [ 91%] Built target test_action_compute_path_through_poses_action
[5.327s] [ 93%] Built target test_action_follow_path_action
[5.403s] [ 94%] Built target test_action_navigate_through_poses_action
[5.411s] [ 96%] Built target test_truncate_path_action
[5.504s] [ 98%] Built target test_action_navigate_to_pose_action
[5.584s] [100%] Built target test_remove_passed_goals_action
[5.645s] Invoked command in '/home/wheeltec/wheeltec_ros2/build/nav2_behavior_tree' returned '0': AMENT_PREFIX_PATH=/home/wheeltec/wheeltec_ros2/install/nav2_util:/home/wheeltec/wheeltec_ros2/install/nav2_msgs:/home/wheeltec/wheeltec_ros2/install/nav2_common:${AMENT_PREFIX_PATH} CMAKE_PREFIX_PATH=/home/wheeltec/wheeltec_ros2/install/nav2_util:/home/wheeltec/wheeltec_ros2/install/nav2_msgs:/home/wheeltec/wheeltec_ros2/install/nav2_common:/opt/ros/galactic LD_LIBRARY_PATH=/home/wheeltec/wheeltec_ros2/install/nav2_util/lib:/home/wheeltec/wheeltec_ros2/install/nav2_msgs/lib:${LD_LIBRARY_PATH} PYTHONPATH=/home/wheeltec/wheeltec_ros2/install/nav2_msgs/lib/python3.8/site-packages:/home/wheeltec/wheeltec_ros2/install/nav2_common/lib/python3.8/site-packages:${PYTHONPATH} /usr/bin/cmake --build /home/wheeltec/wheeltec_ros2/build/nav2_behavior_tree -- -j4 -l4
[6.582s] Invoking command in '/home/wheeltec/wheeltec_ros2/build/nav2_behavior_tree': AMENT_PREFIX_PATH=/home/wheeltec/wheeltec_ros2/install/nav2_util:/home/wheeltec/wheeltec_ros2/install/nav2_msgs:/home/wheeltec/wheeltec_ros2/install/nav2_common:${AMENT_PREFIX_PATH} CMAKE_PREFIX_PATH=/home/wheeltec/wheeltec_ros2/install/nav2_util:/home/wheeltec/wheeltec_ros2/install/nav2_msgs:/home/wheeltec/wheeltec_ros2/install/nav2_common:/opt/ros/galactic LD_LIBRARY_PATH=/home/wheeltec/wheeltec_ros2/install/nav2_util/lib:/home/wheeltec/wheeltec_ros2/install/nav2_msgs/lib:${LD_LIBRARY_PATH} PYTHONPATH=/home/wheeltec/wheeltec_ros2/install/nav2_msgs/lib/python3.8/site-packages:/home/wheeltec/wheeltec_ros2/install/nav2_common/lib/python3.8/site-packages:${PYTHONPATH} /usr/bin/cmake --install /home/wheeltec/wheeltec_ros2/build/nav2_behavior_tree
[6.657s] -- Install configuration: "Release"
[6.657s] -- Up-to-date: /home/wheeltec/wheeltec_ros2/install/nav2_behavior_tree/lib/libnav2_behavior_tree.so
[6.668s] -- Up-to-date: /home/wheeltec/wheeltec_ros2/install/nav2_behavior_tree/lib/libnav2_compute_path_to_pose_action_bt_node.so
[6.668s] -- Up-to-date: /home/wheeltec/wheeltec_ros2/install/nav2_behavior_tree/lib/libnav2_compute_path_through_poses_action_bt_node.so
[6.669s] -- Up-to-date: /home/wheeltec/wheeltec_ros2/install/nav2_behavior_tree/lib/libnav2_follow_path_action_bt_node.so
[6.671s] -- Up-to-date: /home/wheeltec/wheeltec_ros2/install/nav2_behavior_tree/lib/libnav2_back_up_action_bt_node.so
[6.686s] -- Up-to-date: /home/wheeltec/wheeltec_ros2/install/nav2_behavior_tree/lib/libnav2_spin_action_bt_node.so
[6.687s] -- Up-to-date: /home/wheeltec/wheeltec_ros2/install/nav2_behavior_tree/lib/libnav2_wait_action_bt_node.so
[6.687s] -- Up-to-date: /home/wheeltec/wheeltec_ros2/install/nav2_behavior_tree/lib/libnav2_clear_costmap_service_bt_node.so
[6.689s] -- Up-to-date: /home/wheeltec/wheeltec_ros2/install/nav2_behavior_tree/lib/libnav2_is_stuck_condition_bt_node.so
[6.691s] -- Up-to-date: /home/wheeltec/wheeltec_ros2/install/nav2_behavior_tree/lib/libnav2_transform_available_condition_bt_node.so
[6.709s] -- Up-to-date: /home/wheeltec/wheeltec_ros2/install/nav2_behavior_tree/lib/libnav2_goal_reached_condition_bt_node.so
[6.709s] -- Up-to-date: /home/wheeltec/wheeltec_ros2/install/nav2_behavior_tree/lib/libnav2_goal_updated_condition_bt_node.so
[6.710s] -- Up-to-date: /home/wheeltec/wheeltec_ros2/install/nav2_behavior_tree/lib/libnav2_time_expired_condition_bt_node.so
[6.711s] -- Up-to-date: /home/wheeltec/wheeltec_ros2/install/nav2_behavior_tree/lib/libnav2_distance_traveled_condition_bt_node.so
[6.711s] -- Up-to-date: /home/wheeltec/wheeltec_ros2/install/nav2_behavior_tree/lib/libnav2_initial_pose_received_condition_bt_node.so
[6.712s] -- Up-to-date: /home/wheeltec/wheeltec_ros2/install/nav2_behavior_tree/lib/libnav2_is_battery_low_condition_bt_node.so
[6.716s] -- Up-to-date: /home/wheeltec/wheeltec_ros2/install/nav2_behavior_tree/lib/libnav2_reinitialize_global_localization_service_bt_node.so
[6.719s] -- Up-to-date: /home/wheeltec/wheeltec_ros2/install/nav2_behavior_tree/lib/libnav2_rate_controller_bt_node.so
[6.723s] -- Up-to-date: /home/wheeltec/wheeltec_ros2/install/nav2_behavior_tree/lib/libnav2_distance_controller_bt_node.so
[6.728s] -- Up-to-date: /home/wheeltec/wheeltec_ros2/install/nav2_behavior_tree/lib/libnav2_speed_controller_bt_node.so
[6.731s] -- Up-to-date: /home/wheeltec/wheeltec_ros2/install/nav2_behavior_tree/lib/libnav2_truncate_path_action_bt_node.so
[6.734s] -- Up-to-date: /home/wheeltec/wheeltec_ros2/install/nav2_behavior_tree/lib/libnav2_goal_updater_node_bt_node.so
[6.739s] -- Up-to-date: /home/wheeltec/wheeltec_ros2/install/nav2_behavior_tree/lib/libnav2_recovery_node_bt_node.so
[6.744s] -- Up-to-date: /home/wheeltec/wheeltec_ros2/install/nav2_behavior_tree/lib/libnav2_navigate_to_pose_action_bt_node.so
[6.747s] -- Up-to-date: /home/wheeltec/wheeltec_ros2/install/nav2_behavior_tree/lib/libnav2_navigate_through_poses_action_bt_node.so
[6.750s] -- Up-to-date: /home/wheeltec/wheeltec_ros2/install/nav2_behavior_tree/lib/libnav2_remove_passed_goals_action_bt_node.so
[6.754s] -- Up-to-date: /home/wheeltec/wheeltec_ros2/install/nav2_behavior_tree/lib/libnav2_pipeline_sequence_bt_node.so
[6.758s] -- Up-to-date: /home/wheeltec/wheeltec_ros2/install/nav2_behavior_tree/lib/libnav2_round_robin_node_bt_node.so
[6.760s] -- Up-to-date: /home/wheeltec/wheeltec_ros2/install/nav2_behavior_tree/lib/libnav2_single_trigger_bt_node.so
[6.764s] -- Up-to-date: /home/wheeltec/wheeltec_ros2/install/nav2_behavior_tree/lib/libnav2_planner_selector_bt_node.so
[6.767s] -- Up-to-date: /home/wheeltec/wheeltec_ros2/install/nav2_behavior_tree/lib/libnav2_controller_selector_bt_node.so
[6.770s] -- Up-to-date: /home/wheeltec/wheeltec_ros2/install/nav2_behavior_tree/lib/libnav2_goal_checker_selector_bt_node.so
[6.771s] -- Up-to-date: /home/wheeltec/wheeltec_ros2/install/nav2_behavior_tree/include/
[6.772s] -- Up-to-date: /home/wheeltec/wheeltec_ros2/install/nav2_behavior_tree/include//nav2_behavior_tree
[6.773s] -- Up-to-date: /home/wheeltec/wheeltec_ros2/install/nav2_behavior_tree/include//nav2_behavior_tree/bt_action_server.hpp
[6.774s] -- Up-to-date: /home/wheeltec/wheeltec_ros2/install/nav2_behavior_tree/include//nav2_behavior_tree/behavior_tree_engine.hpp
[6.775s] -- Up-to-date: /home/wheeltec/wheeltec_ros2/install/nav2_behavior_tree/include//nav2_behavior_tree/bt_conversions.hpp
[6.775s] -- Up-to-date: /home/wheeltec/wheeltec_ros2/install/nav2_behavior_tree/include//nav2_behavior_tree/plugins
[6.776s] -- Up-to-date: /home/wheeltec/wheeltec_ros2/install/nav2_behavior_tree/include//nav2_behavior_tree/plugins/decorator
[6.776s] -- Up-to-date: /home/wheeltec/wheeltec_ros2/install/nav2_behavior_tree/include//nav2_behavior_tree/plugins/decorator/speed_controller.hpp
[6.777s] -- Up-to-date: /home/wheeltec/wheeltec_ros2/install/nav2_behavior_tree/include//nav2_behavior_tree/plugins/decorator/rate_controller.hpp
[6.778s] -- Up-to-date: /home/wheeltec/wheeltec_ros2/install/nav2_behavior_tree/include//nav2_behavior_tree/plugins/decorator/goal_updater_node.hpp
[6.778s] -- Up-to-date: /home/wheeltec/wheeltec_ros2/install/nav2_behavior_tree/include//nav2_behavior_tree/plugins/decorator/single_trigger_node.hpp
[6.779s] -- Up-to-date: /home/wheeltec/wheeltec_ros2/install/nav2_behavior_tree/include//nav2_behavior_tree/plugins/decorator/distance_controller.hpp
[6.780s] -- Up-to-date: /home/wheeltec/wheeltec_ros2/install/nav2_behavior_tree/include//nav2_behavior_tree/plugins/action
[6.782s] -- Up-to-date: /home/wheeltec/wheeltec_ros2/install/nav2_behavior_tree/include//nav2_behavior_tree/plugins/action/back_up_action.hpp
[6.783s] -- Up-to-date: /home/wheeltec/wheeltec_ros2/install/nav2_behavior_tree/include//nav2_behavior_tree/plugins/action/clear_costmap_service.hpp
[6.783s] -- Up-to-date: /home/wheeltec/wheeltec_ros2/install/nav2_behavior_tree/include//nav2_behavior_tree/plugins/action/compute_path_to_pose_action.hpp
[6.784s] -- Up-to-date: /home/wheeltec/wheeltec_ros2/install/nav2_behavior_tree/include//nav2_behavior_tree/plugins/action/navigate_to_pose_action.hpp
[6.785s] -- Up-to-date: /home/wheeltec/wheeltec_ros2/install/nav2_behavior_tree/include//nav2_behavior_tree/plugins/action/compute_path_through_poses_action.hpp
[6.786s] -- Up-to-date: /home/wheeltec/wheeltec_ros2/install/nav2_behavior_tree/include//nav2_behavior_tree/plugins/action/remove_passed_goals_action.hpp
[6.786s] -- Up-to-date: /home/wheeltec/wheeltec_ros2/install/nav2_behavior_tree/include//nav2_behavior_tree/plugins/action/spin_action.hpp
[6.790s] -- Up-to-date: /home/wheeltec/wheeltec_ros2/install/nav2_behavior_tree/include//nav2_behavior_tree/plugins/action/navigate_through_poses_action.hpp
[6.796s] -- Up-to-date: /home/wheeltec/wheeltec_ros2/install/nav2_behavior_tree/include//nav2_behavior_tree/plugins/action/reinitialize_global_localization_service.hpp
[6.797s] -- Up-to-date: /home/wheeltec/wheeltec_ros2/install/nav2_behavior_tree/include//nav2_behavior_tree/plugins/action/goal_checker_selector_node.hpp
[6.797s] -- Up-to-date: /home/wheeltec/wheeltec_ros2/install/nav2_behavior_tree/include//nav2_behavior_tree/plugins/action/truncate_path_action.hpp
[6.798s] -- Up-to-date: /home/wheeltec/wheeltec_ros2/install/nav2_behavior_tree/include//nav2_behavior_tree/plugins/action/wait_action.hpp
[6.798s] -- Up-to-date: /home/wheeltec/wheeltec_ros2/install/nav2_behavior_tree/include//nav2_behavior_tree/plugins/action/controller_selector_node.hpp
[6.799s] -- Up-to-date: /home/wheeltec/wheeltec_ros2/install/nav2_behavior_tree/include//nav2_behavior_tree/plugins/action/planner_selector_node.hpp
[6.799s] -- Up-to-date: /home/wheeltec/wheeltec_ros2/install/nav2_behavior_tree/include//nav2_behavior_tree/plugins/action/follow_path_action.hpp
[6.799s] -- Up-to-date: /home/wheeltec/wheeltec_ros2/install/nav2_behavior_tree/include//nav2_behavior_tree/plugins/control
[6.800s] -- Up-to-date: /home/wheeltec/wheeltec_ros2/install/nav2_behavior_tree/include//nav2_behavior_tree/plugins/control/pipeline_sequence.hpp
[6.800s] -- Up-to-date: /home/wheeltec/wheeltec_ros2/install/nav2_behavior_tree/include//nav2_behavior_tree/plugins/control/round_robin_node.hpp
[6.800s] -- Up-to-date: /home/wheeltec/wheeltec_ros2/install/nav2_behavior_tree/include//nav2_behavior_tree/plugins/control/recovery_node.hpp
[6.801s] -- Up-to-date: /home/wheeltec/wheeltec_ros2/install/nav2_behavior_tree/include//nav2_behavior_tree/plugins/condition
[6.801s] -- Up-to-date: /home/wheeltec/wheeltec_ros2/install/nav2_behavior_tree/include//nav2_behavior_tree/plugins/condition/is_battery_low_condition.hpp
[6.801s] -- Up-to-date: /home/wheeltec/wheeltec_ros2/install/nav2_behavior_tree/include//nav2_behavior_tree/plugins/condition/goal_updated_condition.hpp
[6.812s] -- Up-to-date: /home/wheeltec/wheeltec_ros2/install/nav2_behavior_tree/include//nav2_behavior_tree/plugins/condition/time_expired_condition.hpp
[6.816s] -- Up-to-date: /home/wheeltec/wheeltec_ros2/install/nav2_behavior_tree/include//nav2_behavior_tree/plugins/condition/distance_traveled_condition.hpp
[6.817s] -- Up-to-date: /home/wheeltec/wheeltec_ros2/install/nav2_behavior_tree/include//nav2_behavior_tree/plugins/condition/goal_reached_condition.hpp
[6.817s] -- Up-to-date: /home/wheeltec/wheeltec_ros2/install/nav2_behavior_tree/include//nav2_behavior_tree/plugins/condition/initial_pose_received_condition.hpp
[6.817s] -- Up-to-date: /home/wheeltec/wheeltec_ros2/install/nav2_behavior_tree/include//nav2_behavior_tree/plugins/condition/is_stuck_condition.hpp
[6.818s] -- Up-to-date: /home/wheeltec/wheeltec_ros2/install/nav2_behavior_tree/include//nav2_behavior_tree/plugins/condition/transform_available_condition.hpp
[6.819s] -- Up-to-date: /home/wheeltec/wheeltec_ros2/install/nav2_behavior_tree/include//nav2_behavior_tree/bt_action_server_impl.hpp
[6.819s] -- Up-to-date: /home/wheeltec/wheeltec_ros2/install/nav2_behavior_tree/include//nav2_behavior_tree/bt_service_node.hpp
[6.820s] -- Up-to-date: /home/wheeltec/wheeltec_ros2/install/nav2_behavior_tree/include//nav2_behavior_tree/bt_action_node.hpp
[6.821s] -- Up-to-date: /home/wheeltec/wheeltec_ros2/install/nav2_behavior_tree/include//nav2_behavior_tree/ros_topic_logger.hpp
[6.822s] -- Up-to-date: /home/wheeltec/wheeltec_ros2/install/nav2_behavior_tree/share/nav2_behavior_tree/nav2_tree_nodes.xml
[6.823s] -- Up-to-date: /home/wheeltec/wheeltec_ros2/install/nav2_behavior_tree/share/nav2_behavior_tree/environment/library_path.sh
[6.823s] -- Up-to-date: /home/wheeltec/wheeltec_ros2/install/nav2_behavior_tree/share/nav2_behavior_tree/environment/library_path.dsv
[6.824s] -- Up-to-date: /home/wheeltec/wheeltec_ros2/install/nav2_behavior_tree/share/ament_index/resource_index/package_run_dependencies/nav2_behavior_tree
[6.824s] -- Up-to-date: /home/wheeltec/wheeltec_ros2/install/nav2_behavior_tree/share/ament_index/resource_index/parent_prefix_path/nav2_behavior_tree
[6.825s] -- Up-to-date: /home/wheeltec/wheeltec_ros2/install/nav2_behavior_tree/share/nav2_behavior_tree/environment/ament_prefix_path.sh
[6.826s] -- Up-to-date: /home/wheeltec/wheeltec_ros2/install/nav2_behavior_tree/share/nav2_behavior_tree/environment/ament_prefix_path.dsv
[6.827s] -- Up-to-date: /home/wheeltec/wheeltec_ros2/install/nav2_behavior_tree/share/nav2_behavior_tree/environment/path.sh
[6.828s] -- Up-to-date: /home/wheeltec/wheeltec_ros2/install/nav2_behavior_tree/share/nav2_behavior_tree/environment/path.dsv
[6.828s] -- Up-to-date: /home/wheeltec/wheeltec_ros2/install/nav2_behavior_tree/share/nav2_behavior_tree/local_setup.bash
[6.829s] -- Up-to-date: /home/wheeltec/wheeltec_ros2/install/nav2_behavior_tree/share/nav2_behavior_tree/local_setup.sh
[6.829s] -- Up-to-date: /home/wheeltec/wheeltec_ros2/install/nav2_behavior_tree/share/nav2_behavior_tree/local_setup.zsh
[6.830s] -- Up-to-date: /home/wheeltec/wheeltec_ros2/install/nav2_behavior_tree/share/nav2_behavior_tree/local_setup.dsv
[6.830s] -- Installing: /home/wheeltec/wheeltec_ros2/install/nav2_behavior_tree/share/nav2_behavior_tree/package.dsv
[6.831s] -- Up-to-date: /home/wheeltec/wheeltec_ros2/install/nav2_behavior_tree/share/ament_index/resource_index/packages/nav2_behavior_tree
[6.831s] -- Up-to-date: /home/wheeltec/wheeltec_ros2/install/nav2_behavior_tree/share/nav2_behavior_tree/cmake/ament_cmake_export_include_directories-extras.cmake
[6.832s] -- Up-to-date: /home/wheeltec/wheeltec_ros2/install/nav2_behavior_tree/share/nav2_behavior_tree/cmake/ament_cmake_export_libraries-extras.cmake
[6.832s] -- Up-to-date: /home/wheeltec/wheeltec_ros2/install/nav2_behavior_tree/share/nav2_behavior_tree/cmake/ament_cmake_export_dependencies-extras.cmake
[6.833s] -- Up-to-date: /home/wheeltec/wheeltec_ros2/install/nav2_behavior_tree/share/nav2_behavior_tree/cmake/nav2_behavior_treeConfig.cmake
[6.833s] -- Up-to-date: /home/wheeltec/wheeltec_ros2/install/nav2_behavior_tree/share/nav2_behavior_tree/cmake/nav2_behavior_treeConfig-version.cmake
[6.834s] -- Up-to-date: /home/wheeltec/wheeltec_ros2/install/nav2_behavior_tree/share/nav2_behavior_tree/package.xml
[6.835s] Invoked command in '/home/wheeltec/wheeltec_ros2/build/nav2_behavior_tree' returned '0': AMENT_PREFIX_PATH=/home/wheeltec/wheeltec_ros2/install/nav2_util:/home/wheeltec/wheeltec_ros2/install/nav2_msgs:/home/wheeltec/wheeltec_ros2/install/nav2_common:${AMENT_PREFIX_PATH} CMAKE_PREFIX_PATH=/home/wheeltec/wheeltec_ros2/install/nav2_util:/home/wheeltec/wheeltec_ros2/install/nav2_msgs:/home/wheeltec/wheeltec_ros2/install/nav2_common:/opt/ros/galactic LD_LIBRARY_PATH=/home/wheeltec/wheeltec_ros2/install/nav2_util/lib:/home/wheeltec/wheeltec_ros2/install/nav2_msgs/lib:${LD_LIBRARY_PATH} PYTHONPATH=/home/wheeltec/wheeltec_ros2/install/nav2_msgs/lib/python3.8/site-packages:/home/wheeltec/wheeltec_ros2/install/nav2_common/lib/python3.8/site-packages:${PYTHONPATH} /usr/bin/cmake --install /home/wheeltec/wheeltec_ros2/build/nav2_behavior_tree
