[5.349s] Invoking command in '/home/wheeltec/wheeltec_ros2/src/depend/tf2_tools': PYTHONPATH=/home/wheeltec/wheeltec_ros2/build/tf2_tools/prefix_override:/usr/lib/python3/dist-packages/colcon_core/task/python/colcon_distutils_commands:/home/wheeltec/wheeltec_ros2/install/tf2_tools/lib/python3.8/site-packages:${PYTHONPATH} /usr/bin/python3 -W ignore:setup.py install is deprecated setup.py egg_info --egg-base ../../../build/tf2_tools build --build-base /home/wheeltec/wheeltec_ros2/build/tf2_tools/build install --record /home/wheeltec/wheeltec_ros2/build/tf2_tools/install.log --single-version-externally-managed install_data
[7.518s] running egg_info
[7.674s] writing ../../../build/tf2_tools/tf2_tools.egg-info/PKG-INFO
[7.675s] writing dependency_links to ../../../build/tf2_tools/tf2_tools.egg-info/dependency_links.txt
[7.677s] writing entry points to ../../../build/tf2_tools/tf2_tools.egg-info/entry_points.txt
[7.677s] writing requirements to ../../../build/tf2_tools/tf2_tools.egg-info/requires.txt
[7.678s] writing top-level names to ../../../build/tf2_tools/tf2_tools.egg-info/top_level.txt
[7.840s] reading manifest file '../../../build/tf2_tools/tf2_tools.egg-info/SOURCES.txt'
[7.846s] writing manifest file '../../../build/tf2_tools/tf2_tools.egg-info/SOURCES.txt'
[7.848s] running build
[7.849s] running build_py
[7.850s] running install
[7.880s] running install_lib
[7.961s] running install_data
[7.962s] running install_egg_info
[8.043s] removing '/home/wheeltec/wheeltec_ros2/install/tf2_tools/lib/python3.8/site-packages/tf2_tools-0.17.1-py3.8.egg-info' (and everything under it)
[8.044s] Copying ../../../build/tf2_tools/tf2_tools.egg-info to /home/wheeltec/wheeltec_ros2/install/tf2_tools/lib/python3.8/site-packages/tf2_tools-0.17.1-py3.8.egg-info
[8.052s] running install_scripts
[8.651s] Installing view_frames script to /home/wheeltec/wheeltec_ros2/install/tf2_tools/lib/tf2_tools
[8.654s] writing list of installed files to '/home/wheeltec/wheeltec_ros2/build/tf2_tools/install.log'
[8.919s] Invoked command in '/home/wheeltec/wheeltec_ros2/src/depend/tf2_tools' returned '0': PYTHONPATH=/home/wheeltec/wheeltec_ros2/build/tf2_tools/prefix_override:/usr/lib/python3/dist-packages/colcon_core/task/python/colcon_distutils_commands:/home/wheeltec/wheeltec_ros2/install/tf2_tools/lib/python3.8/site-packages:${PYTHONPATH} /usr/bin/python3 -W ignore:setup.py install is deprecated setup.py egg_info --egg-base ../../../build/tf2_tools build --build-base /home/wheeltec/wheeltec_ros2/build/tf2_tools/build install --record /home/wheeltec/wheeltec_ros2/build/tf2_tools/install.log --single-version-externally-managed install_data
