[0.316s] Invoking command in '/home/wheeltec/wheeltec_ros2/build/nav2_behavior_tree': CMAKE_PREFIX_PATH=/home/wheeltec/wheeltec_ros2/install/nav2_util:/home/wheeltec/wheeltec_ros2/install/nav2_msgs:/home/wheeltec/wheeltec_ros2/install/nav2_common:/home/wheeltec/wheeltec_ros2/install/wheeltec_rrt_msg:/home/wheeltec/wheeltec_ros2/install/turn_on_wheeltec_robot:/home/wheeltec/wheeltec_ros2/install/wheeltec_robot_msg:/home/wheeltec/wheeltec_ros2/install/wheeltec_joy:/home/wheeltec/wheeltec_ros2/install/wheeltec_cartographer:/home/wheeltec/wheeltec_ros2/install/web_video_server:/home/wheeltec/wheeltec_ros2/install/usb_cam:/home/wheeltec/wheeltec_ros2/install/serial:/home/wheeltec/wheeltec_ros2/install/rplidar_ros2:/home/wheeltec/wheeltec_ros2/install/perception_pcl:/home/wheeltec/wheeltec_ros2/install/pcl_ros:/home/wheeltec/wheeltec_ros2/install/pcl_conversions:/home/wheeltec/wheeltec_ros2/install/openslam_gmapping:/home/wheeltec/wheeltec_ros2/install/nav_2d_utils:/home/wheeltec/wheeltec_ros2/install/dwb_msgs:/home/wheeltec/wheeltec_ros2/install/nav_2d_msgs:/home/wheeltec/wheeltec_ros2/install/nav2_voxel_grid:/home/wheeltec/wheeltec_ros2/install/nav2_lifecycle_manager:/home/wheeltec/wheeltec_ros2/install/nav2_amcl:/home/wheeltec/wheeltec_ros2/install/lsn10:/home/wheeltec/wheeltec_ros2/install/lsm10_v2:/home/wheeltec/wheeltec_ros2/install/lidar_ros2:/home/wheeltec/wheeltec_ros2/install/ldlidar_stl_ros2:/home/wheeltec/wheeltec_ros2/install/ldlidar_sl_ros2:/home/wheeltec/wheeltec_ros2/install/astra_msgs:/home/wheeltec/wheeltec_ros2/install/ar_track_alvar_msgs:/home/wheeltec/wheeltec_ros2/install/ackermann_msgs:/home/wheeltec/wheeltec_ros2/install/wheeltec_robot_keyboard:/home/wheeltec/wheeltec_ros2/install/tf2_tools:/home/wheeltec/wheeltec_ros2/install/nav2_gazebo_spawner:/opt/ros/galactic LD_LIBRARY_PATH=/home/wheeltec/wheeltec_ros2/install/nav2_util/lib:/home/wheeltec/wheeltec_ros2/install/nav2_msgs/lib:/home/wheeltec/wheeltec_ros2/install/wheeltec_rrt_msg/lib:/home/wheeltec/wheeltec_ros2/install/turn_on_wheeltec_robot/lib:/home/wheeltec/wheeltec_ros2/install/wheeltec_robot_msg/lib:/home/wheeltec/wheeltec_ros2/install/usb_cam/lib:/home/wheeltec/wheeltec_ros2/install/serial/lib:/home/wheeltec/wheeltec_ros2/install/pcl_ros/lib:/home/wheeltec/wheeltec_ros2/install/openslam_gmapping/lib:/home/wheeltec/wheeltec_ros2/install/nav_2d_utils/lib:/home/wheeltec/wheeltec_ros2/install/dwb_msgs/lib:/home/wheeltec/wheeltec_ros2/install/nav_2d_msgs/lib:/home/wheeltec/wheeltec_ros2/install/nav2_voxel_grid/lib:/home/wheeltec/wheeltec_ros2/install/nav2_lifecycle_manager/lib:/home/wheeltec/wheeltec_ros2/install/nav2_amcl/lib:/home/wheeltec/wheeltec_ros2/install/lsm10_v2/lib:/home/wheeltec/wheeltec_ros2/install/astra_msgs/lib:/home/wheeltec/wheeltec_ros2/install/ar_track_alvar_msgs/lib:/home/wheeltec/wheeltec_ros2/install/ackermann_msgs/lib:/usr/local/cuda-10.2/lib64:/opt/ros/galactic/opt/yaml_cpp_vendor/lib:/opt/ros/galactic/opt/rviz_ogre_vendor/lib:/opt/ros/galactic/lib/aarch64-linux-gnu:/opt/ros/galactic/lib:/usr/local/cuda-10.2/lib64 PYTHONPATH=/home/wheeltec/wheeltec_ros2/install/nav2_msgs/lib/python3.8/site-packages:/home/wheeltec/wheeltec_ros2/install/nav2_common/lib/python3.8/site-packages:/home/wheeltec/wheeltec_ros2/install/wheeltec_rrt_msg/lib/python3.8/site-packages:/home/wheeltec/wheeltec_ros2/install/turn_on_wheeltec_robot/lib/python3.8/site-packages:/home/wheeltec/wheeltec_ros2/install/wheeltec_robot_msg/lib/python3.8/site-packages:/home/wheeltec/wheeltec_ros2/install/wheeltec_robot_keyboard/lib/python3.8/site-packages:/home/wheeltec/wheeltec_ros2/install/tf2_tools/lib/python3.8/site-packages:/home/wheeltec/wheeltec_ros2/install/dwb_msgs/lib/python3.8/site-packages:/home/wheeltec/wheeltec_ros2/install/nav_2d_msgs/lib/python3.8/site-packages:/home/wheeltec/wheeltec_ros2/install/nav2_gazebo_spawner/lib/python3.8/site-packages:/home/wheeltec/wheeltec_ros2/install/lsm10_v2/lib/python3.8/site-packages:/home/wheeltec/wheeltec_ros2/install/astra_msgs/lib/python3.8/site-packages:/home/wheeltec/wheeltec_ros2/install/ar_track_alvar_msgs/lib/python3.8/site-packages:/home/wheeltec/wheeltec_ros2/install/ackermann_msgs/lib/python3.8/site-packages:/opt/ros/galactic/lib/python3.8/site-packages /usr/bin/cmake --build /home/wheeltec/wheeltec_ros2/build/nav2_behavior_tree -- -j4 -l4
[0.820s] [  1%] Built target nav2_controller_selector_bt_node
[0.870s] [  2%] Built target nav2_single_trigger_bt_node
[0.894s] [  3%] Built target nav2_planner_selector_bt_node
[0.963s] [  4%] Built target nav2_goal_checker_selector_bt_node
[1.239s] [  6%] Built target nav2_pipeline_sequence_bt_node
[1.289s] [  7%] Built target nav2_transform_available_condition_bt_node
[1.299s] [  8%] Built target nav2_wait_action_bt_node
[1.331s] [  9%] Built target nav2_spin_action_bt_node
[1.474s] [ 10%] Built target nav2_compute_path_through_poses_action_bt_node
[1.507s] [ 11%] Built target nav2_goal_updated_condition_bt_node
[1.589s] [ 13%] Built target nav2_compute_path_to_pose_action_bt_node
[1.603s] [ 14%] Built target nav2_is_stuck_condition_bt_node
[1.682s] [ 15%] Built target nav2_behavior_tree
[1.741s] [ 17%] Built target nav2_goal_updater_node_bt_node
[1.853s] [ 19%] Built target nav2_round_robin_node_bt_node
[1.873s] [ 21%] Built target nav2_follow_path_action_bt_node
[1.880s] [ 23%] Built target nav2_goal_reached_condition_bt_node
[2.046s] [ 25%] Built target nav2_navigate_through_poses_action_bt_node
[2.072s] [ 26%] Built target nav2_initial_pose_received_condition_bt_node
[2.152s] [ 28%] Built target nav2_time_expired_condition_bt_node
[2.173s] [ 29%] Built target nav2_remove_passed_goals_action_bt_node
[2.307s] [ 30%] Built target nav2_distance_traveled_condition_bt_node
[2.355s] [ 32%] Built target nav2_is_battery_low_condition_bt_node
[2.395s] [ 34%] Built target nav2_reinitialize_global_localization_service_bt_node
[2.460s] [ 36%] Built target nav2_rate_controller_bt_node
[2.617s] [ 38%] Built target nav2_clear_costmap_service_bt_node
[2.679s] [ 40%] Built target nav2_distance_controller_bt_node
[2.742s] [ 42%] Built target nav2_speed_controller_bt_node
[2.794s] [ 44%] Built target nav2_truncate_path_action_bt_node
[2.982s] [ 45%] Built target nav2_navigate_to_pose_action_bt_node
[3.009s] [ 46%] Built target nav2_recovery_node_bt_node
[3.022s] [ 48%] Built target nav2_back_up_action_bt_node
[3.040s] [ 49%] Built target gtest
[3.240s] [ 50%] Built target gtest_main
[3.529s] [ 51%] Built target test_bt_conversions
[3.753s] [ 53%] Built target test_condition_time_expired
[3.753s] [ 55%] Built target test_condition_distance_traveled
[3.755s] [ 57%] Built target test_condition_goal_updated
[3.844s] [ 58%] Built target test_condition_initial_pose_received
[4.048s] [ 59%] Built target test_condition_transform_available
[4.067s] [ 60%] Built target test_condition_is_stuck
[4.136s] [ 62%] Built target test_condition_is_battery_low
[4.191s] [ 63%] Built target test_condition_goal_reached
[4.290s] [ 64%] Built target test_single_trigger_node
[4.364s] [ 66%] Built target test_goal_updater_node
[4.366s] [ 67%] Built target test_decorator_rate_controller
[4.440s] [ 69%] Built target test_decorator_speed_controller
[4.527s] [ 71%] Built target test_decorator_distance_controller
[4.584s] [ 73%] Built target test_control_round_robin_node
[4.671s] [ 75%] Built target test_control_pipeline_sequence
[4.708s] [ 76%] Built target test_control_recovery_node
[4.739s] [35m[1mScanning dependencies of target test_controller_selector_node[0m
[4.793s] [ 77%] Built target test_goal_checker_selector_node
[4.966s] [ 79%] Built target test_action_spin_action
[4.979s] [ 80%] Built target test_planner_selector_node
[4.990s] [ 82%] Built target test_bt_action_node
[5.173s] [ 84%] Built target test_action_back_up_action
[5.255s] [ 85%] Built target test_action_clear_costmap_service
[5.280s] [ 86%] Built target test_action_wait_action
[5.305s] [35m[1mScanning dependencies of target test_action_reinitialize_global_localization_service[0m
[5.346s] [35m[1mScanning dependencies of target test_action_compute_path_to_pose_action[0m
[5.474s] [ 86%] [32mBuilding CXX object test/plugins/action/CMakeFiles/test_controller_selector_node.dir/test_controller_selector_node.cpp.o[0m
[5.564s] [ 87%] [32mBuilding CXX object test/plugins/action/CMakeFiles/test_action_compute_path_through_poses_action.dir/test_compute_path_through_poses_action.cpp.o[0m
[5.624s] [ 87%] [32mBuilding CXX object test/plugins/action/CMakeFiles/test_action_reinitialize_global_localization_service.dir/test_reinitialize_global_localization_service.cpp.o[0m
[5.688s] [ 87%] [32mBuilding CXX object test/plugins/action/CMakeFiles/test_action_compute_path_to_pose_action.dir/test_compute_path_to_pose_action.cpp.o[0m
[78.874s] [ 88%] [32m[1mLinking CXX executable test_action_reinitialize_global_localization_service[0m
[81.741s] [ 88%] Built target test_action_reinitialize_global_localization_service
[97.865s] [ 89%] [32m[1mLinking CXX executable test_controller_selector_node[0m
[100.772s] [ 89%] Built target test_controller_selector_node
[106.023s] [ 90%] [32m[1mLinking CXX executable test_action_compute_path_to_pose_action[0m
[108.231s] [ 90%] Built target test_action_compute_path_to_pose_action
[108.528s] [ 91%] [32m[1mLinking CXX executable test_action_compute_path_through_poses_action[0m
[110.206s] [ 91%] Built target test_action_compute_path_through_poses_action
[110.373s] [35m[1mScanning dependencies of target test_truncate_path_action[0m
[110.929s] [ 92%] [32mBuilding CXX object test/plugins/action/CMakeFiles/test_truncate_path_action.dir/test_truncate_path_action.cpp.o[0m
[140.350s] [ 93%] [32m[1mLinking CXX executable test_truncate_path_action[0m
[141.390s] [ 93%] Built target test_truncate_path_action
[141.442s] [35m[1mScanning dependencies of target test_action_navigate_to_pose_action[0m
[141.689s] [ 94%] [32mBuilding CXX object test/plugins/action/CMakeFiles/test_action_navigate_to_pose_action.dir/test_navigate_to_pose_action.cpp.o[0m
[178.617s] [ 95%] [32m[1mLinking CXX executable test_action_navigate_to_pose_action[0m
[179.810s] [ 95%] Built target test_action_navigate_to_pose_action
[179.862s] [35m[1mScanning dependencies of target test_remove_passed_goals_action[0m
[180.136s] [ 96%] [32mBuilding CXX object test/plugins/action/CMakeFiles/test_remove_passed_goals_action.dir/test_remove_passed_goals_action.cpp.o[0m
[221.845s] [ 97%] [32m[1mLinking CXX executable test_remove_passed_goals_action[0m
[223.121s] [ 97%] Built target test_remove_passed_goals_action
[223.176s] [35m[1mScanning dependencies of target test_action_navigate_through_poses_action[0m
[223.426s] [ 97%] [32mBuilding CXX object test/plugins/action/CMakeFiles/test_action_navigate_through_poses_action.dir/test_navigate_through_poses_action.cpp.o[0m
[262.627s] [ 98%] [32m[1mLinking CXX executable test_action_navigate_through_poses_action[0m
[263.983s] [ 98%] Built target test_action_navigate_through_poses_action
[264.041s] [35m[1mScanning dependencies of target test_action_follow_path_action[0m
[264.413s] [ 99%] [32mBuilding CXX object test/plugins/action/CMakeFiles/test_action_follow_path_action.dir/test_follow_path_action.cpp.o[0m
[305.315s] [100%] [32m[1mLinking CXX executable test_action_follow_path_action[0m
[306.539s] [100%] Built target test_action_follow_path_action
[306.638s] Invoked command in '/home/wheeltec/wheeltec_ros2/build/nav2_behavior_tree' returned '0': CMAKE_PREFIX_PATH=/home/wheeltec/wheeltec_ros2/install/nav2_util:/home/wheeltec/wheeltec_ros2/install/nav2_msgs:/home/wheeltec/wheeltec_ros2/install/nav2_common:/home/wheeltec/wheeltec_ros2/install/wheeltec_rrt_msg:/home/wheeltec/wheeltec_ros2/install/turn_on_wheeltec_robot:/home/wheeltec/wheeltec_ros2/install/wheeltec_robot_msg:/home/wheeltec/wheeltec_ros2/install/wheeltec_joy:/home/wheeltec/wheeltec_ros2/install/wheeltec_cartographer:/home/wheeltec/wheeltec_ros2/install/web_video_server:/home/wheeltec/wheeltec_ros2/install/usb_cam:/home/wheeltec/wheeltec_ros2/install/serial:/home/wheeltec/wheeltec_ros2/install/rplidar_ros2:/home/wheeltec/wheeltec_ros2/install/perception_pcl:/home/wheeltec/wheeltec_ros2/install/pcl_ros:/home/wheeltec/wheeltec_ros2/install/pcl_conversions:/home/wheeltec/wheeltec_ros2/install/openslam_gmapping:/home/wheeltec/wheeltec_ros2/install/nav_2d_utils:/home/wheeltec/wheeltec_ros2/install/dwb_msgs:/home/wheeltec/wheeltec_ros2/install/nav_2d_msgs:/home/wheeltec/wheeltec_ros2/install/nav2_voxel_grid:/home/wheeltec/wheeltec_ros2/install/nav2_lifecycle_manager:/home/wheeltec/wheeltec_ros2/install/nav2_amcl:/home/wheeltec/wheeltec_ros2/install/lsn10:/home/wheeltec/wheeltec_ros2/install/lsm10_v2:/home/wheeltec/wheeltec_ros2/install/lidar_ros2:/home/wheeltec/wheeltec_ros2/install/ldlidar_stl_ros2:/home/wheeltec/wheeltec_ros2/install/ldlidar_sl_ros2:/home/wheeltec/wheeltec_ros2/install/astra_msgs:/home/wheeltec/wheeltec_ros2/install/ar_track_alvar_msgs:/home/wheeltec/wheeltec_ros2/install/ackermann_msgs:/home/wheeltec/wheeltec_ros2/install/wheeltec_robot_keyboard:/home/wheeltec/wheeltec_ros2/install/tf2_tools:/home/wheeltec/wheeltec_ros2/install/nav2_gazebo_spawner:/opt/ros/galactic LD_LIBRARY_PATH=/home/wheeltec/wheeltec_ros2/install/nav2_util/lib:/home/wheeltec/wheeltec_ros2/install/nav2_msgs/lib:/home/wheeltec/wheeltec_ros2/install/wheeltec_rrt_msg/lib:/home/wheeltec/wheeltec_ros2/install/turn_on_wheeltec_robot/lib:/home/wheeltec/wheeltec_ros2/install/wheeltec_robot_msg/lib:/home/wheeltec/wheeltec_ros2/install/usb_cam/lib:/home/wheeltec/wheeltec_ros2/install/serial/lib:/home/wheeltec/wheeltec_ros2/install/pcl_ros/lib:/home/wheeltec/wheeltec_ros2/install/openslam_gmapping/lib:/home/wheeltec/wheeltec_ros2/install/nav_2d_utils/lib:/home/wheeltec/wheeltec_ros2/install/dwb_msgs/lib:/home/wheeltec/wheeltec_ros2/install/nav_2d_msgs/lib:/home/wheeltec/wheeltec_ros2/install/nav2_voxel_grid/lib:/home/wheeltec/wheeltec_ros2/install/nav2_lifecycle_manager/lib:/home/wheeltec/wheeltec_ros2/install/nav2_amcl/lib:/home/wheeltec/wheeltec_ros2/install/lsm10_v2/lib:/home/wheeltec/wheeltec_ros2/install/astra_msgs/lib:/home/wheeltec/wheeltec_ros2/install/ar_track_alvar_msgs/lib:/home/wheeltec/wheeltec_ros2/install/ackermann_msgs/lib:/usr/local/cuda-10.2/lib64:/opt/ros/galactic/opt/yaml_cpp_vendor/lib:/opt/ros/galactic/opt/rviz_ogre_vendor/lib:/opt/ros/galactic/lib/aarch64-linux-gnu:/opt/ros/galactic/lib:/usr/local/cuda-10.2/lib64 PYTHONPATH=/home/wheeltec/wheeltec_ros2/install/nav2_msgs/lib/python3.8/site-packages:/home/wheeltec/wheeltec_ros2/install/nav2_common/lib/python3.8/site-packages:/home/wheeltec/wheeltec_ros2/install/wheeltec_rrt_msg/lib/python3.8/site-packages:/home/wheeltec/wheeltec_ros2/install/turn_on_wheeltec_robot/lib/python3.8/site-packages:/home/wheeltec/wheeltec_ros2/install/wheeltec_robot_msg/lib/python3.8/site-packages:/home/wheeltec/wheeltec_ros2/install/wheeltec_robot_keyboard/lib/python3.8/site-packages:/home/wheeltec/wheeltec_ros2/install/tf2_tools/lib/python3.8/site-packages:/home/wheeltec/wheeltec_ros2/install/dwb_msgs/lib/python3.8/site-packages:/home/wheeltec/wheeltec_ros2/install/nav_2d_msgs/lib/python3.8/site-packages:/home/wheeltec/wheeltec_ros2/install/nav2_gazebo_spawner/lib/python3.8/site-packages:/home/wheeltec/wheeltec_ros2/install/lsm10_v2/lib/python3.8/site-packages:/home/wheeltec/wheeltec_ros2/install/astra_msgs/lib/python3.8/site-packages:/home/wheeltec/wheeltec_ros2/install/ar_track_alvar_msgs/lib/python3.8/site-packages:/home/wheeltec/wheeltec_ros2/install/ackermann_msgs/lib/python3.8/site-packages:/opt/ros/galactic/lib/python3.8/site-packages /usr/bin/cmake --build /home/wheeltec/wheeltec_ros2/build/nav2_behavior_tree -- -j4 -l4
[307.432s] Invoking command in '/home/wheeltec/wheeltec_ros2/build/nav2_behavior_tree': CMAKE_PREFIX_PATH=/home/wheeltec/wheeltec_ros2/install/nav2_util:/home/wheeltec/wheeltec_ros2/install/nav2_msgs:/home/wheeltec/wheeltec_ros2/install/nav2_common:/home/wheeltec/wheeltec_ros2/install/wheeltec_rrt_msg:/home/wheeltec/wheeltec_ros2/install/turn_on_wheeltec_robot:/home/wheeltec/wheeltec_ros2/install/wheeltec_robot_msg:/home/wheeltec/wheeltec_ros2/install/wheeltec_joy:/home/wheeltec/wheeltec_ros2/install/wheeltec_cartographer:/home/wheeltec/wheeltec_ros2/install/web_video_server:/home/wheeltec/wheeltec_ros2/install/usb_cam:/home/wheeltec/wheeltec_ros2/install/serial:/home/wheeltec/wheeltec_ros2/install/rplidar_ros2:/home/wheeltec/wheeltec_ros2/install/perception_pcl:/home/wheeltec/wheeltec_ros2/install/pcl_ros:/home/wheeltec/wheeltec_ros2/install/pcl_conversions:/home/wheeltec/wheeltec_ros2/install/openslam_gmapping:/home/wheeltec/wheeltec_ros2/install/nav_2d_utils:/home/wheeltec/wheeltec_ros2/install/dwb_msgs:/home/wheeltec/wheeltec_ros2/install/nav_2d_msgs:/home/wheeltec/wheeltec_ros2/install/nav2_voxel_grid:/home/wheeltec/wheeltec_ros2/install/nav2_lifecycle_manager:/home/wheeltec/wheeltec_ros2/install/nav2_amcl:/home/wheeltec/wheeltec_ros2/install/lsn10:/home/wheeltec/wheeltec_ros2/install/lsm10_v2:/home/wheeltec/wheeltec_ros2/install/lidar_ros2:/home/wheeltec/wheeltec_ros2/install/ldlidar_stl_ros2:/home/wheeltec/wheeltec_ros2/install/ldlidar_sl_ros2:/home/wheeltec/wheeltec_ros2/install/astra_msgs:/home/wheeltec/wheeltec_ros2/install/ar_track_alvar_msgs:/home/wheeltec/wheeltec_ros2/install/ackermann_msgs:/home/wheeltec/wheeltec_ros2/install/wheeltec_robot_keyboard:/home/wheeltec/wheeltec_ros2/install/tf2_tools:/home/wheeltec/wheeltec_ros2/install/nav2_gazebo_spawner:/opt/ros/galactic LD_LIBRARY_PATH=/home/wheeltec/wheeltec_ros2/install/nav2_util/lib:/home/wheeltec/wheeltec_ros2/install/nav2_msgs/lib:/home/wheeltec/wheeltec_ros2/install/wheeltec_rrt_msg/lib:/home/wheeltec/wheeltec_ros2/install/turn_on_wheeltec_robot/lib:/home/wheeltec/wheeltec_ros2/install/wheeltec_robot_msg/lib:/home/wheeltec/wheeltec_ros2/install/usb_cam/lib:/home/wheeltec/wheeltec_ros2/install/serial/lib:/home/wheeltec/wheeltec_ros2/install/pcl_ros/lib:/home/wheeltec/wheeltec_ros2/install/openslam_gmapping/lib:/home/wheeltec/wheeltec_ros2/install/nav_2d_utils/lib:/home/wheeltec/wheeltec_ros2/install/dwb_msgs/lib:/home/wheeltec/wheeltec_ros2/install/nav_2d_msgs/lib:/home/wheeltec/wheeltec_ros2/install/nav2_voxel_grid/lib:/home/wheeltec/wheeltec_ros2/install/nav2_lifecycle_manager/lib:/home/wheeltec/wheeltec_ros2/install/nav2_amcl/lib:/home/wheeltec/wheeltec_ros2/install/lsm10_v2/lib:/home/wheeltec/wheeltec_ros2/install/astra_msgs/lib:/home/wheeltec/wheeltec_ros2/install/ar_track_alvar_msgs/lib:/home/wheeltec/wheeltec_ros2/install/ackermann_msgs/lib:/usr/local/cuda-10.2/lib64:/opt/ros/galactic/opt/yaml_cpp_vendor/lib:/opt/ros/galactic/opt/rviz_ogre_vendor/lib:/opt/ros/galactic/lib/aarch64-linux-gnu:/opt/ros/galactic/lib:/usr/local/cuda-10.2/lib64 PYTHONPATH=/home/wheeltec/wheeltec_ros2/install/nav2_msgs/lib/python3.8/site-packages:/home/wheeltec/wheeltec_ros2/install/nav2_common/lib/python3.8/site-packages:/home/wheeltec/wheeltec_ros2/install/wheeltec_rrt_msg/lib/python3.8/site-packages:/home/wheeltec/wheeltec_ros2/install/turn_on_wheeltec_robot/lib/python3.8/site-packages:/home/wheeltec/wheeltec_ros2/install/wheeltec_robot_msg/lib/python3.8/site-packages:/home/wheeltec/wheeltec_ros2/install/wheeltec_robot_keyboard/lib/python3.8/site-packages:/home/wheeltec/wheeltec_ros2/install/tf2_tools/lib/python3.8/site-packages:/home/wheeltec/wheeltec_ros2/install/dwb_msgs/lib/python3.8/site-packages:/home/wheeltec/wheeltec_ros2/install/nav_2d_msgs/lib/python3.8/site-packages:/home/wheeltec/wheeltec_ros2/install/nav2_gazebo_spawner/lib/python3.8/site-packages:/home/wheeltec/wheeltec_ros2/install/lsm10_v2/lib/python3.8/site-packages:/home/wheeltec/wheeltec_ros2/install/astra_msgs/lib/python3.8/site-packages:/home/wheeltec/wheeltec_ros2/install/ar_track_alvar_msgs/lib/python3.8/site-packages:/home/wheeltec/wheeltec_ros2/install/ackermann_msgs/lib/python3.8/site-packages:/opt/ros/galactic/lib/python3.8/site-packages /usr/bin/cmake --install /home/wheeltec/wheeltec_ros2/build/nav2_behavior_tree
[307.482s] -- Install configuration: "Release"
[307.485s] -- Installing: /home/wheeltec/wheeltec_ros2/install/nav2_behavior_tree/lib/libnav2_behavior_tree.so
[307.489s] -- Set runtime path of "/home/wheeltec/wheeltec_ros2/install/nav2_behavior_tree/lib/libnav2_behavior_tree.so" to ""
[307.491s] -- Installing: /home/wheeltec/wheeltec_ros2/install/nav2_behavior_tree/lib/libnav2_compute_path_to_pose_action_bt_node.so
[307.499s] -- Set runtime path of "/home/wheeltec/wheeltec_ros2/install/nav2_behavior_tree/lib/libnav2_compute_path_to_pose_action_bt_node.so" to ""
[307.500s] -- Installing: /home/wheeltec/wheeltec_ros2/install/nav2_behavior_tree/lib/libnav2_compute_path_through_poses_action_bt_node.so
[307.509s] -- Set runtime path of "/home/wheeltec/wheeltec_ros2/install/nav2_behavior_tree/lib/libnav2_compute_path_through_poses_action_bt_node.so" to ""
[307.511s] -- Installing: /home/wheeltec/wheeltec_ros2/install/nav2_behavior_tree/lib/libnav2_follow_path_action_bt_node.so
[307.515s] -- Set runtime path of "/home/wheeltec/wheeltec_ros2/install/nav2_behavior_tree/lib/libnav2_follow_path_action_bt_node.so" to ""
[307.516s] -- Installing: /home/wheeltec/wheeltec_ros2/install/nav2_behavior_tree/lib/libnav2_back_up_action_bt_node.so
[307.525s] -- Set runtime path of "/home/wheeltec/wheeltec_ros2/install/nav2_behavior_tree/lib/libnav2_back_up_action_bt_node.so" to ""
[307.526s] -- Installing: /home/wheeltec/wheeltec_ros2/install/nav2_behavior_tree/lib/libnav2_spin_action_bt_node.so
[307.534s] -- Set runtime path of "/home/wheeltec/wheeltec_ros2/install/nav2_behavior_tree/lib/libnav2_spin_action_bt_node.so" to ""
[307.536s] -- Installing: /home/wheeltec/wheeltec_ros2/install/nav2_behavior_tree/lib/libnav2_wait_action_bt_node.so
[307.544s] -- Set runtime path of "/home/wheeltec/wheeltec_ros2/install/nav2_behavior_tree/lib/libnav2_wait_action_bt_node.so" to ""
[307.545s] -- Installing: /home/wheeltec/wheeltec_ros2/install/nav2_behavior_tree/lib/libnav2_clear_costmap_service_bt_node.so
[307.554s] -- Set runtime path of "/home/wheeltec/wheeltec_ros2/install/nav2_behavior_tree/lib/libnav2_clear_costmap_service_bt_node.so" to ""
[307.555s] -- Installing: /home/wheeltec/wheeltec_ros2/install/nav2_behavior_tree/lib/libnav2_is_stuck_condition_bt_node.so
[307.568s] -- Set runtime path of "/home/wheeltec/wheeltec_ros2/install/nav2_behavior_tree/lib/libnav2_is_stuck_condition_bt_node.so" to ""
[307.569s] -- Installing: /home/wheeltec/wheeltec_ros2/install/nav2_behavior_tree/lib/libnav2_transform_available_condition_bt_node.so
[307.574s] -- Set runtime path of "/home/wheeltec/wheeltec_ros2/install/nav2_behavior_tree/lib/libnav2_transform_available_condition_bt_node.so" to ""
[307.576s] -- Installing: /home/wheeltec/wheeltec_ros2/install/nav2_behavior_tree/lib/libnav2_goal_reached_condition_bt_node.so
[307.581s] -- Set runtime path of "/home/wheeltec/wheeltec_ros2/install/nav2_behavior_tree/lib/libnav2_goal_reached_condition_bt_node.so" to ""
[307.582s] -- Installing: /home/wheeltec/wheeltec_ros2/install/nav2_behavior_tree/lib/libnav2_goal_updated_condition_bt_node.so
[307.587s] -- Set runtime path of "/home/wheeltec/wheeltec_ros2/install/nav2_behavior_tree/lib/libnav2_goal_updated_condition_bt_node.so" to ""
[307.588s] -- Installing: /home/wheeltec/wheeltec_ros2/install/nav2_behavior_tree/lib/libnav2_time_expired_condition_bt_node.so
[307.593s] -- Set runtime path of "/home/wheeltec/wheeltec_ros2/install/nav2_behavior_tree/lib/libnav2_time_expired_condition_bt_node.so" to ""
[307.594s] -- Installing: /home/wheeltec/wheeltec_ros2/install/nav2_behavior_tree/lib/libnav2_distance_traveled_condition_bt_node.so
[307.600s] -- Set runtime path of "/home/wheeltec/wheeltec_ros2/install/nav2_behavior_tree/lib/libnav2_distance_traveled_condition_bt_node.so" to ""
[307.602s] -- Installing: /home/wheeltec/wheeltec_ros2/install/nav2_behavior_tree/lib/libnav2_initial_pose_received_condition_bt_node.so
[307.606s] -- Set runtime path of "/home/wheeltec/wheeltec_ros2/install/nav2_behavior_tree/lib/libnav2_initial_pose_received_condition_bt_node.so" to ""
[307.607s] -- Installing: /home/wheeltec/wheeltec_ros2/install/nav2_behavior_tree/lib/libnav2_is_battery_low_condition_bt_node.so
[307.620s] -- Set runtime path of "/home/wheeltec/wheeltec_ros2/install/nav2_behavior_tree/lib/libnav2_is_battery_low_condition_bt_node.so" to ""
[307.621s] -- Installing: /home/wheeltec/wheeltec_ros2/install/nav2_behavior_tree/lib/libnav2_reinitialize_global_localization_service_bt_node.so
[307.627s] -- Set runtime path of "/home/wheeltec/wheeltec_ros2/install/nav2_behavior_tree/lib/libnav2_reinitialize_global_localization_service_bt_node.so" to ""
[307.630s] -- Installing: /home/wheeltec/wheeltec_ros2/install/nav2_behavior_tree/lib/libnav2_rate_controller_bt_node.so
[307.635s] -- Set runtime path of "/home/wheeltec/wheeltec_ros2/install/nav2_behavior_tree/lib/libnav2_rate_controller_bt_node.so" to ""
[307.636s] -- Installing: /home/wheeltec/wheeltec_ros2/install/nav2_behavior_tree/lib/libnav2_distance_controller_bt_node.so
[307.641s] -- Set runtime path of "/home/wheeltec/wheeltec_ros2/install/nav2_behavior_tree/lib/libnav2_distance_controller_bt_node.so" to ""
[307.643s] -- Installing: /home/wheeltec/wheeltec_ros2/install/nav2_behavior_tree/lib/libnav2_speed_controller_bt_node.so
[307.648s] -- Set runtime path of "/home/wheeltec/wheeltec_ros2/install/nav2_behavior_tree/lib/libnav2_speed_controller_bt_node.so" to ""
[307.650s] -- Installing: /home/wheeltec/wheeltec_ros2/install/nav2_behavior_tree/lib/libnav2_truncate_path_action_bt_node.so
[307.655s] -- Set runtime path of "/home/wheeltec/wheeltec_ros2/install/nav2_behavior_tree/lib/libnav2_truncate_path_action_bt_node.so" to ""
[307.656s] -- Installing: /home/wheeltec/wheeltec_ros2/install/nav2_behavior_tree/lib/libnav2_goal_updater_node_bt_node.so
[307.669s] -- Set runtime path of "/home/wheeltec/wheeltec_ros2/install/nav2_behavior_tree/lib/libnav2_goal_updater_node_bt_node.so" to ""
[307.670s] -- Installing: /home/wheeltec/wheeltec_ros2/install/nav2_behavior_tree/lib/libnav2_recovery_node_bt_node.so
[307.675s] -- Set runtime path of "/home/wheeltec/wheeltec_ros2/install/nav2_behavior_tree/lib/libnav2_recovery_node_bt_node.so" to ""
[307.677s] -- Installing: /home/wheeltec/wheeltec_ros2/install/nav2_behavior_tree/lib/libnav2_navigate_to_pose_action_bt_node.so
[307.686s] -- Set runtime path of "/home/wheeltec/wheeltec_ros2/install/nav2_behavior_tree/lib/libnav2_navigate_to_pose_action_bt_node.so" to ""
[307.688s] -- Installing: /home/wheeltec/wheeltec_ros2/install/nav2_behavior_tree/lib/libnav2_navigate_through_poses_action_bt_node.so
[307.692s] -- Set runtime path of "/home/wheeltec/wheeltec_ros2/install/nav2_behavior_tree/lib/libnav2_navigate_through_poses_action_bt_node.so" to ""
[307.693s] -- Installing: /home/wheeltec/wheeltec_ros2/install/nav2_behavior_tree/lib/libnav2_remove_passed_goals_action_bt_node.so
[307.700s] -- Set runtime path of "/home/wheeltec/wheeltec_ros2/install/nav2_behavior_tree/lib/libnav2_remove_passed_goals_action_bt_node.so" to ""
[307.701s] -- Installing: /home/wheeltec/wheeltec_ros2/install/nav2_behavior_tree/lib/libnav2_pipeline_sequence_bt_node.so
[307.705s] -- Set runtime path of "/home/wheeltec/wheeltec_ros2/install/nav2_behavior_tree/lib/libnav2_pipeline_sequence_bt_node.so" to ""
[307.707s] -- Installing: /home/wheeltec/wheeltec_ros2/install/nav2_behavior_tree/lib/libnav2_round_robin_node_bt_node.so
[307.710s] -- Set runtime path of "/home/wheeltec/wheeltec_ros2/install/nav2_behavior_tree/lib/libnav2_round_robin_node_bt_node.so" to ""
[307.712s] -- Installing: /home/wheeltec/wheeltec_ros2/install/nav2_behavior_tree/lib/libnav2_single_trigger_bt_node.so
[307.716s] -- Set runtime path of "/home/wheeltec/wheeltec_ros2/install/nav2_behavior_tree/lib/libnav2_single_trigger_bt_node.so" to ""
[307.718s] -- Installing: /home/wheeltec/wheeltec_ros2/install/nav2_behavior_tree/lib/libnav2_planner_selector_bt_node.so
[307.732s] -- Set runtime path of "/home/wheeltec/wheeltec_ros2/install/nav2_behavior_tree/lib/libnav2_planner_selector_bt_node.so" to ""
[307.733s] -- Installing: /home/wheeltec/wheeltec_ros2/install/nav2_behavior_tree/lib/libnav2_controller_selector_bt_node.so
[307.747s] -- Set runtime path of "/home/wheeltec/wheeltec_ros2/install/nav2_behavior_tree/lib/libnav2_controller_selector_bt_node.so" to ""
[307.748s] -- Installing: /home/wheeltec/wheeltec_ros2/install/nav2_behavior_tree/lib/libnav2_goal_checker_selector_bt_node.so
[307.762s] -- Set runtime path of "/home/wheeltec/wheeltec_ros2/install/nav2_behavior_tree/lib/libnav2_goal_checker_selector_bt_node.so" to ""
[307.763s] -- Installing: /home/wheeltec/wheeltec_ros2/install/nav2_behavior_tree/include/
[307.765s] -- Installing: /home/wheeltec/wheeltec_ros2/install/nav2_behavior_tree/include//nav2_behavior_tree
[307.766s] -- Installing: /home/wheeltec/wheeltec_ros2/install/nav2_behavior_tree/include//nav2_behavior_tree/bt_action_server_impl.hpp
[307.769s] -- Installing: /home/wheeltec/wheeltec_ros2/install/nav2_behavior_tree/include//nav2_behavior_tree/plugins
[307.771s] -- Installing: /home/wheeltec/wheeltec_ros2/install/nav2_behavior_tree/include//nav2_behavior_tree/plugins/action
[307.772s] -- Installing: /home/wheeltec/wheeltec_ros2/install/nav2_behavior_tree/include//nav2_behavior_tree/plugins/action/reinitialize_global_localization_service.hpp
[307.775s] -- Installing: /home/wheeltec/wheeltec_ros2/install/nav2_behavior_tree/include//nav2_behavior_tree/plugins/action/compute_path_through_poses_action.hpp
[307.777s] -- Installing: /home/wheeltec/wheeltec_ros2/install/nav2_behavior_tree/include//nav2_behavior_tree/plugins/action/clear_costmap_service.hpp
[307.779s] -- Installing: /home/wheeltec/wheeltec_ros2/install/nav2_behavior_tree/include//nav2_behavior_tree/plugins/action/controller_selector_node.hpp
[307.782s] -- Installing: /home/wheeltec/wheeltec_ros2/install/nav2_behavior_tree/include//nav2_behavior_tree/plugins/action/truncate_path_action.hpp
[307.789s] -- Installing: /home/wheeltec/wheeltec_ros2/install/nav2_behavior_tree/include//nav2_behavior_tree/plugins/action/follow_path_action.hpp
[307.791s] -- Installing: /home/wheeltec/wheeltec_ros2/install/nav2_behavior_tree/include//nav2_behavior_tree/plugins/action/back_up_action.hpp
[307.793s] -- Installing: /home/wheeltec/wheeltec_ros2/install/nav2_behavior_tree/include//nav2_behavior_tree/plugins/action/navigate_to_pose_action.hpp
[307.795s] -- Installing: /home/wheeltec/wheeltec_ros2/install/nav2_behavior_tree/include//nav2_behavior_tree/plugins/action/spin_action.hpp
[307.798s] -- Installing: /home/wheeltec/wheeltec_ros2/install/nav2_behavior_tree/include//nav2_behavior_tree/plugins/action/goal_checker_selector_node.hpp
[307.800s] -- Installing: /home/wheeltec/wheeltec_ros2/install/nav2_behavior_tree/include//nav2_behavior_tree/plugins/action/compute_path_to_pose_action.hpp
[307.803s] -- Installing: /home/wheeltec/wheeltec_ros2/install/nav2_behavior_tree/include//nav2_behavior_tree/plugins/action/planner_selector_node.hpp
[307.805s] -- Installing: /home/wheeltec/wheeltec_ros2/install/nav2_behavior_tree/include//nav2_behavior_tree/plugins/action/wait_action.hpp
[307.807s] -- Installing: /home/wheeltec/wheeltec_ros2/install/nav2_behavior_tree/include//nav2_behavior_tree/plugins/action/navigate_through_poses_action.hpp
[307.809s] -- Installing: /home/wheeltec/wheeltec_ros2/install/nav2_behavior_tree/include//nav2_behavior_tree/plugins/action/remove_passed_goals_action.hpp
[307.811s] -- Installing: /home/wheeltec/wheeltec_ros2/install/nav2_behavior_tree/include//nav2_behavior_tree/plugins/control
[307.813s] -- Installing: /home/wheeltec/wheeltec_ros2/install/nav2_behavior_tree/include//nav2_behavior_tree/plugins/control/recovery_node.hpp
[307.816s] -- Installing: /home/wheeltec/wheeltec_ros2/install/nav2_behavior_tree/include//nav2_behavior_tree/plugins/control/pipeline_sequence.hpp
[307.818s] -- Installing: /home/wheeltec/wheeltec_ros2/install/nav2_behavior_tree/include//nav2_behavior_tree/plugins/control/round_robin_node.hpp
[307.821s] -- Installing: /home/wheeltec/wheeltec_ros2/install/nav2_behavior_tree/include//nav2_behavior_tree/plugins/condition
[307.823s] -- Installing: /home/wheeltec/wheeltec_ros2/install/nav2_behavior_tree/include//nav2_behavior_tree/plugins/condition/is_battery_low_condition.hpp
[307.825s] -- Installing: /home/wheeltec/wheeltec_ros2/install/nav2_behavior_tree/include//nav2_behavior_tree/plugins/condition/initial_pose_received_condition.hpp
[307.828s] -- Installing: /home/wheeltec/wheeltec_ros2/install/nav2_behavior_tree/include//nav2_behavior_tree/plugins/condition/transform_available_condition.hpp
[307.831s] -- Installing: /home/wheeltec/wheeltec_ros2/install/nav2_behavior_tree/include//nav2_behavior_tree/plugins/condition/is_stuck_condition.hpp
[307.833s] -- Installing: /home/wheeltec/wheeltec_ros2/install/nav2_behavior_tree/include//nav2_behavior_tree/plugins/condition/time_expired_condition.hpp
[307.835s] -- Installing: /home/wheeltec/wheeltec_ros2/install/nav2_behavior_tree/include//nav2_behavior_tree/plugins/condition/goal_reached_condition.hpp
[307.838s] -- Installing: /home/wheeltec/wheeltec_ros2/install/nav2_behavior_tree/include//nav2_behavior_tree/plugins/condition/goal_updated_condition.hpp
[307.840s] -- Installing: /home/wheeltec/wheeltec_ros2/install/nav2_behavior_tree/include//nav2_behavior_tree/plugins/condition/distance_traveled_condition.hpp
[307.843s] -- Installing: /home/wheeltec/wheeltec_ros2/install/nav2_behavior_tree/include//nav2_behavior_tree/plugins/decorator
[307.845s] -- Installing: /home/wheeltec/wheeltec_ros2/install/nav2_behavior_tree/include//nav2_behavior_tree/plugins/decorator/distance_controller.hpp
[307.847s] -- Installing: /home/wheeltec/wheeltec_ros2/install/nav2_behavior_tree/include//nav2_behavior_tree/plugins/decorator/single_trigger_node.hpp
[307.850s] -- Installing: /home/wheeltec/wheeltec_ros2/install/nav2_behavior_tree/include//nav2_behavior_tree/plugins/decorator/rate_controller.hpp
[307.852s] -- Installing: /home/wheeltec/wheeltec_ros2/install/nav2_behavior_tree/include//nav2_behavior_tree/plugins/decorator/goal_updater_node.hpp
[307.854s] -- Installing: /home/wheeltec/wheeltec_ros2/install/nav2_behavior_tree/include//nav2_behavior_tree/plugins/decorator/speed_controller.hpp
[307.857s] -- Installing: /home/wheeltec/wheeltec_ros2/install/nav2_behavior_tree/include//nav2_behavior_tree/ros_topic_logger.hpp
[307.859s] -- Installing: /home/wheeltec/wheeltec_ros2/install/nav2_behavior_tree/include//nav2_behavior_tree/bt_service_node.hpp
[307.862s] -- Installing: /home/wheeltec/wheeltec_ros2/install/nav2_behavior_tree/include//nav2_behavior_tree/bt_action_node.hpp
[307.864s] -- Installing: /home/wheeltec/wheeltec_ros2/install/nav2_behavior_tree/include//nav2_behavior_tree/bt_action_server.hpp
[307.866s] -- Installing: /home/wheeltec/wheeltec_ros2/install/nav2_behavior_tree/include//nav2_behavior_tree/bt_conversions.hpp
[307.868s] -- Installing: /home/wheeltec/wheeltec_ros2/install/nav2_behavior_tree/include//nav2_behavior_tree/behavior_tree_engine.hpp
[307.872s] -- Installing: /home/wheeltec/wheeltec_ros2/install/nav2_behavior_tree/share/nav2_behavior_tree/nav2_tree_nodes.xml
[307.875s] -- Installing: /home/wheeltec/wheeltec_ros2/install/nav2_behavior_tree/share/nav2_behavior_tree/environment/library_path.sh
[307.877s] -- Installing: /home/wheeltec/wheeltec_ros2/install/nav2_behavior_tree/share/nav2_behavior_tree/environment/library_path.dsv
[307.882s] -- Installing: /home/wheeltec/wheeltec_ros2/install/nav2_behavior_tree/share/ament_index/resource_index/package_run_dependencies/nav2_behavior_tree
[307.885s] -- Installing: /home/wheeltec/wheeltec_ros2/install/nav2_behavior_tree/share/ament_index/resource_index/parent_prefix_path/nav2_behavior_tree
[307.888s] -- Installing: /home/wheeltec/wheeltec_ros2/install/nav2_behavior_tree/share/nav2_behavior_tree/environment/ament_prefix_path.sh
[307.890s] -- Installing: /home/wheeltec/wheeltec_ros2/install/nav2_behavior_tree/share/nav2_behavior_tree/environment/ament_prefix_path.dsv
[307.892s] -- Installing: /home/wheeltec/wheeltec_ros2/install/nav2_behavior_tree/share/nav2_behavior_tree/environment/path.sh
[307.894s] -- Installing: /home/wheeltec/wheeltec_ros2/install/nav2_behavior_tree/share/nav2_behavior_tree/environment/path.dsv
[307.896s] -- Installing: /home/wheeltec/wheeltec_ros2/install/nav2_behavior_tree/share/nav2_behavior_tree/local_setup.bash
[307.899s] -- Installing: /home/wheeltec/wheeltec_ros2/install/nav2_behavior_tree/share/nav2_behavior_tree/local_setup.sh
[307.901s] -- Installing: /home/wheeltec/wheeltec_ros2/install/nav2_behavior_tree/share/nav2_behavior_tree/local_setup.zsh
[307.903s] -- Installing: /home/wheeltec/wheeltec_ros2/install/nav2_behavior_tree/share/nav2_behavior_tree/local_setup.dsv
[307.906s] -- Installing: /home/wheeltec/wheeltec_ros2/install/nav2_behavior_tree/share/nav2_behavior_tree/package.dsv
[307.909s] -- Installing: /home/wheeltec/wheeltec_ros2/install/nav2_behavior_tree/share/ament_index/resource_index/packages/nav2_behavior_tree
[307.911s] -- Installing: /home/wheeltec/wheeltec_ros2/install/nav2_behavior_tree/share/nav2_behavior_tree/cmake/ament_cmake_export_include_directories-extras.cmake
[307.914s] -- Installing: /home/wheeltec/wheeltec_ros2/install/nav2_behavior_tree/share/nav2_behavior_tree/cmake/ament_cmake_export_libraries-extras.cmake
[307.917s] -- Installing: /home/wheeltec/wheeltec_ros2/install/nav2_behavior_tree/share/nav2_behavior_tree/cmake/ament_cmake_export_dependencies-extras.cmake
[307.924s] -- Installing: /home/wheeltec/wheeltec_ros2/install/nav2_behavior_tree/share/nav2_behavior_tree/cmake/nav2_behavior_treeConfig.cmake
[307.927s] -- Installing: /home/wheeltec/wheeltec_ros2/install/nav2_behavior_tree/share/nav2_behavior_tree/cmake/nav2_behavior_treeConfig-version.cmake
[307.930s] -- Installing: /home/wheeltec/wheeltec_ros2/install/nav2_behavior_tree/share/nav2_behavior_tree/package.xml
[307.954s] Invoked command in '/home/wheeltec/wheeltec_ros2/build/nav2_behavior_tree' returned '0': CMAKE_PREFIX_PATH=/home/wheeltec/wheeltec_ros2/install/nav2_util:/home/wheeltec/wheeltec_ros2/install/nav2_msgs:/home/wheeltec/wheeltec_ros2/install/nav2_common:/home/wheeltec/wheeltec_ros2/install/wheeltec_rrt_msg:/home/wheeltec/wheeltec_ros2/install/turn_on_wheeltec_robot:/home/wheeltec/wheeltec_ros2/install/wheeltec_robot_msg:/home/wheeltec/wheeltec_ros2/install/wheeltec_joy:/home/wheeltec/wheeltec_ros2/install/wheeltec_cartographer:/home/wheeltec/wheeltec_ros2/install/web_video_server:/home/wheeltec/wheeltec_ros2/install/usb_cam:/home/wheeltec/wheeltec_ros2/install/serial:/home/wheeltec/wheeltec_ros2/install/rplidar_ros2:/home/wheeltec/wheeltec_ros2/install/perception_pcl:/home/wheeltec/wheeltec_ros2/install/pcl_ros:/home/wheeltec/wheeltec_ros2/install/pcl_conversions:/home/wheeltec/wheeltec_ros2/install/openslam_gmapping:/home/wheeltec/wheeltec_ros2/install/nav_2d_utils:/home/wheeltec/wheeltec_ros2/install/dwb_msgs:/home/wheeltec/wheeltec_ros2/install/nav_2d_msgs:/home/wheeltec/wheeltec_ros2/install/nav2_voxel_grid:/home/wheeltec/wheeltec_ros2/install/nav2_lifecycle_manager:/home/wheeltec/wheeltec_ros2/install/nav2_amcl:/home/wheeltec/wheeltec_ros2/install/lsn10:/home/wheeltec/wheeltec_ros2/install/lsm10_v2:/home/wheeltec/wheeltec_ros2/install/lidar_ros2:/home/wheeltec/wheeltec_ros2/install/ldlidar_stl_ros2:/home/wheeltec/wheeltec_ros2/install/ldlidar_sl_ros2:/home/wheeltec/wheeltec_ros2/install/astra_msgs:/home/wheeltec/wheeltec_ros2/install/ar_track_alvar_msgs:/home/wheeltec/wheeltec_ros2/install/ackermann_msgs:/home/wheeltec/wheeltec_ros2/install/wheeltec_robot_keyboard:/home/wheeltec/wheeltec_ros2/install/tf2_tools:/home/wheeltec/wheeltec_ros2/install/nav2_gazebo_spawner:/opt/ros/galactic LD_LIBRARY_PATH=/home/wheeltec/wheeltec_ros2/install/nav2_util/lib:/home/wheeltec/wheeltec_ros2/install/nav2_msgs/lib:/home/wheeltec/wheeltec_ros2/install/wheeltec_rrt_msg/lib:/home/wheeltec/wheeltec_ros2/install/turn_on_wheeltec_robot/lib:/home/wheeltec/wheeltec_ros2/install/wheeltec_robot_msg/lib:/home/wheeltec/wheeltec_ros2/install/usb_cam/lib:/home/wheeltec/wheeltec_ros2/install/serial/lib:/home/wheeltec/wheeltec_ros2/install/pcl_ros/lib:/home/wheeltec/wheeltec_ros2/install/openslam_gmapping/lib:/home/wheeltec/wheeltec_ros2/install/nav_2d_utils/lib:/home/wheeltec/wheeltec_ros2/install/dwb_msgs/lib:/home/wheeltec/wheeltec_ros2/install/nav_2d_msgs/lib:/home/wheeltec/wheeltec_ros2/install/nav2_voxel_grid/lib:/home/wheeltec/wheeltec_ros2/install/nav2_lifecycle_manager/lib:/home/wheeltec/wheeltec_ros2/install/nav2_amcl/lib:/home/wheeltec/wheeltec_ros2/install/lsm10_v2/lib:/home/wheeltec/wheeltec_ros2/install/astra_msgs/lib:/home/wheeltec/wheeltec_ros2/install/ar_track_alvar_msgs/lib:/home/wheeltec/wheeltec_ros2/install/ackermann_msgs/lib:/usr/local/cuda-10.2/lib64:/opt/ros/galactic/opt/yaml_cpp_vendor/lib:/opt/ros/galactic/opt/rviz_ogre_vendor/lib:/opt/ros/galactic/lib/aarch64-linux-gnu:/opt/ros/galactic/lib:/usr/local/cuda-10.2/lib64 PYTHONPATH=/home/wheeltec/wheeltec_ros2/install/nav2_msgs/lib/python3.8/site-packages:/home/wheeltec/wheeltec_ros2/install/nav2_common/lib/python3.8/site-packages:/home/wheeltec/wheeltec_ros2/install/wheeltec_rrt_msg/lib/python3.8/site-packages:/home/wheeltec/wheeltec_ros2/install/turn_on_wheeltec_robot/lib/python3.8/site-packages:/home/wheeltec/wheeltec_ros2/install/wheeltec_robot_msg/lib/python3.8/site-packages:/home/wheeltec/wheeltec_ros2/install/wheeltec_robot_keyboard/lib/python3.8/site-packages:/home/wheeltec/wheeltec_ros2/install/tf2_tools/lib/python3.8/site-packages:/home/wheeltec/wheeltec_ros2/install/dwb_msgs/lib/python3.8/site-packages:/home/wheeltec/wheeltec_ros2/install/nav_2d_msgs/lib/python3.8/site-packages:/home/wheeltec/wheeltec_ros2/install/nav2_gazebo_spawner/lib/python3.8/site-packages:/home/wheeltec/wheeltec_ros2/install/lsm10_v2/lib/python3.8/site-packages:/home/wheeltec/wheeltec_ros2/install/astra_msgs/lib/python3.8/site-packages:/home/wheeltec/wheeltec_ros2/install/ar_track_alvar_msgs/lib/python3.8/site-packages:/home/wheeltec/wheeltec_ros2/install/ackermann_msgs/lib/python3.8/site-packages:/opt/ros/galactic/lib/python3.8/site-packages /usr/bin/cmake --install /home/wheeltec/wheeltec_ros2/build/nav2_behavior_tree
