[0.277s] Invoking command in '/home/wheeltec/wheeltec_ros2/build/lsn10': CMAKE_PREFIX_PATH=${CMAKE_PREFIX_PATH}:/home/wheeltec/wheeltec_ros2/install/wheeltec_robot_keyboard:/home/wheeltec/wheeltec_ros2/install/tf2_tools:/home/wheeltec/wheeltec_ros2/install/nav2_gazebo_spawner:/opt/ros/galactic /usr/bin/cmake --build /home/wheeltec/wheeltec_ros2/build/lsn10 -- -j4 -l4
[0.606s] [100%] Built target lsn10
[0.657s] Invoked command in '/home/wheeltec/wheeltec_ros2/build/lsn10' returned '0': CMAKE_PREFIX_PATH=${CMAKE_PREFIX_PATH}:/home/wheeltec/wheeltec_ros2/install/wheeltec_robot_keyboard:/home/wheeltec/wheeltec_ros2/install/tf2_tools:/home/wheeltec/wheeltec_ros2/install/nav2_gazebo_spawner:/opt/ros/galactic /usr/bin/cmake --build /home/wheeltec/wheeltec_ros2/build/lsn10 -- -j4 -l4
[0.884s] Invoking command in '/home/wheeltec/wheeltec_ros2/build/lsn10': CMAKE_PREFIX_PATH=${CMAKE_PREFIX_PATH}:/home/wheeltec/wheeltec_ros2/install/wheeltec_robot_keyboard:/home/wheeltec/wheeltec_ros2/install/tf2_tools:/home/wheeltec/wheeltec_ros2/install/nav2_gazebo_spawner:/opt/ros/galactic /usr/bin/cmake --install /home/wheeltec/wheeltec_ros2/build/lsn10
[1.061s] -- Install configuration: ""
[1.061s] -- Up-to-date: /home/wheeltec/wheeltec_ros2/install/lsn10/lib/lsn10/lsn10
[1.062s] -- Up-to-date: /home/wheeltec/wheeltec_ros2/install/lsn10/share/lsn10/launch
[1.062s] -- Up-to-date: /home/wheeltec/wheeltec_ros2/install/lsn10/share/lsn10/launch/ls_n10.launch.py
[1.063s] -- Up-to-date: /home/wheeltec/wheeltec_ros2/install/lsn10/share/ament_index/resource_index/package_run_dependencies/lsn10
[1.063s] -- Up-to-date: /home/wheeltec/wheeltec_ros2/install/lsn10/share/ament_index/resource_index/parent_prefix_path/lsn10
[1.064s] -- Up-to-date: /home/wheeltec/wheeltec_ros2/install/lsn10/share/lsn10/environment/ament_prefix_path.sh
[1.064s] -- Up-to-date: /home/wheeltec/wheeltec_ros2/install/lsn10/share/lsn10/environment/ament_prefix_path.dsv
[1.065s] -- Up-to-date: /home/wheeltec/wheeltec_ros2/install/lsn10/share/lsn10/environment/path.sh
[1.065s] -- Up-to-date: /home/wheeltec/wheeltec_ros2/install/lsn10/share/lsn10/environment/path.dsv
[1.066s] -- Up-to-date: /home/wheeltec/wheeltec_ros2/install/lsn10/share/lsn10/local_setup.bash
[1.066s] -- Up-to-date: /home/wheeltec/wheeltec_ros2/install/lsn10/share/lsn10/local_setup.sh
[1.067s] -- Up-to-date: /home/wheeltec/wheeltec_ros2/install/lsn10/share/lsn10/local_setup.zsh
[1.067s] -- Up-to-date: /home/wheeltec/wheeltec_ros2/install/lsn10/share/lsn10/local_setup.dsv
[1.067s] -- Installing: /home/wheeltec/wheeltec_ros2/install/lsn10/share/lsn10/package.dsv
[1.068s] -- Up-to-date: /home/wheeltec/wheeltec_ros2/install/lsn10/share/ament_index/resource_index/packages/lsn10
[1.069s] -- Up-to-date: /home/wheeltec/wheeltec_ros2/install/lsn10/share/lsn10/cmake/lsn10Config.cmake
[1.069s] -- Up-to-date: /home/wheeltec/wheeltec_ros2/install/lsn10/share/lsn10/cmake/lsn10Config-version.cmake
[1.070s] -- Up-to-date: /home/wheeltec/wheeltec_ros2/install/lsn10/share/lsn10/package.xml
[1.122s] Invoked command in '/home/wheeltec/wheeltec_ros2/build/lsn10' returned '0': CMAKE_PREFIX_PATH=${CMAKE_PREFIX_PATH}:/home/wheeltec/wheeltec_ros2/install/wheeltec_robot_keyboard:/home/wheeltec/wheeltec_ros2/install/tf2_tools:/home/wheeltec/wheeltec_ros2/install/nav2_gazebo_spawner:/opt/ros/galactic /usr/bin/cmake --install /home/wheeltec/wheeltec_ros2/build/lsn10
