[0.181s] Invoking command in '/home/wheeltec/wheeltec_ros2/build/ldlidar_sl_ros2': CMAKE_PREFIX_PATH=${CMAKE_PREFIX_PATH}:/home/wheeltec/wheeltec_ros2/install/simple_follower_ros2:/home/wheeltec/wheeltec_ros2/install/wheeltec_robot_keyboard:/home/wheeltec/wheeltec_ros2/install/tf2_tools:/home/wheeltec/wheeltec_ros2/install/nav2_simple_commander:/home/wheeltec/wheeltec_ros2/install/nav2_gazebo_spawner:/opt/ros/galactic /usr/bin/cmake --build /home/wheeltec/wheeltec_ros2/build/ldlidar_sl_ros2 -- -j4 -l4
[0.502s] -- Found ament_cmake: 1.1.5 (/opt/ros/galactic/share/ament_cmake/cmake)
[0.695s] -- Using PYTHON_EXECUTABLE: /usr/bin/python3
[1.147s] -- Found rclcpp: 9.2.1 (/opt/ros/galactic/share/rclcpp/cmake)
[1.475s] -- Using all available rosidl_typesupport_c: rosidl_typesupport_fastrtps_c;rosidl_typesupport_introspection_c
[1.506s] -- Found rosidl_adapter: 2.2.2 (/opt/ros/galactic/share/rosidl_adapter/cmake)
[2.457s] -- Using all available rosidl_typesupport_cpp: rosidl_typesupport_fastrtps_cpp;rosidl_typesupport_introspection_cpp
[2.839s] -- Found rmw_implementation_cmake: 3.3.1 (/opt/ros/galactic/share/rmw_implementation_cmake/cmake)
[2.865s] -- Found rmw_cyclonedds_cpp: 0.22.5 (/opt/ros/galactic/share/rmw_cyclonedds_cpp/cmake)
[2.996s] -- Using RMW implementation 'rmw_cyclonedds_cpp' as default
[3.950s] -- Found sensor_msgs: 2.2.4 (/opt/ros/galactic/share/sensor_msgs/cmake)
[4.611s] -- Found ament_lint_auto: 0.10.7 (/opt/ros/galactic/share/ament_lint_auto/cmake)
[5.088s] -- Added test 'copyright' to check source files copyright and LICENSE
[5.109s] -- Added test 'cppcheck' to perform static code analysis on C / C++ code
[5.112s] -- Configured cppcheck include dirs: /home/wheeltec/wheeltec_ros2/src/wheeltec_lidar_ros2/LDlidar/ldlidar14/include;/home/wheeltec/wheeltec_ros2/src/wheeltec_lidar_ros2/LDlidar/ldlidar14/include/ldlidar_driver/include
[5.113s] -- Configured cppcheck exclude dirs and/or files: 
[5.126s] -- Added test 'cpplint' to check C / C++ code against the Google style
[5.127s] -- Configured cpplint exclude dirs and/or files: 
[5.131s] -- Added test 'flake8' to check Python code syntax and style conventions
[5.136s] -- Added test 'lint_cmake' to check CMake code style
[5.140s] -- Added test 'pep257' to check Python code against some of the style conventions in PEP 257
[5.150s] -- Added test 'uncrustify' to check C / C++ code style
[5.150s] -- Configured uncrustify additional arguments: 
[5.156s] -- Added test 'xmllint' to check XML markup files
[5.171s] -- Configuring done
[5.253s] -- Generating done
[5.260s] -- Build files have been written to: /home/wheeltec/wheeltec_ros2/build/ldlidar_sl_ros2
[5.523s] [35m[1mScanning dependencies of target ldlidar_sl_ros2_node[0m
[5.763s] [ 16%] [32mBuilding CXX object CMakeFiles/ldlidar_sl_ros2_node.dir/src/demo.cpp.o[0m
[26.868s] [ 33%] [32mBuilding CXX object CMakeFiles/ldlidar_sl_ros2_node.dir/include/ldlidar_driver/slbf.cpp.o[0m
[30.606s] [ 50%] [32mBuilding CXX object CMakeFiles/ldlidar_sl_ros2_node.dir/include/ldlidar_driver/transform.cpp.o[0m
[33.772s] [ 66%] [32mBuilding CXX object CMakeFiles/ldlidar_sl_ros2_node.dir/include/ldlidar_driver/lipkg.cpp.o[0m
[38.182s] [ 83%] [32mBuilding CXX object CMakeFiles/ldlidar_sl_ros2_node.dir/include/ldlidar_driver/cmd_interface_linux.cpp.o[0m
[41.531s] [100%] [32m[1mLinking CXX executable ldlidar_sl_ros2_node[0m
[42.761s] [100%] Built target ldlidar_sl_ros2_node
