[  1%] Built target lslidar_msgs__cpp
[ 12%] Built target lslidar_msgs__rosidl_generator_c
[ 23%] Built target lslidar_msgs__rosidl_typesupport_introspection_cpp
[ 34%] Built target lslidar_msgs__rosidl_typesupport_fastrtps_cpp
[ 46%] Built target lslidar_msgs__rosidl_typesupport_cpp
[ 57%] Built target lslidar_msgs__rosidl_typesupport_c
[ 68%] Built target lslidar_msgs__rosidl_typesupport_introspection_c
[ 79%] Built target lslidar_msgs__rosidl_typesupport_fastrtps_c
[ 79%] Built target lslidar_msgs
[ 80%] Built target lslidar_msgs__py
[ 90%] Built target lslidar_msgs__python
[ 93%] Built target lslidar_msgs__rosidl_typesupport_introspection_c__pyext
[ 96%] Built target lslidar_msgs__rosidl_typesupport_c__pyext
[100%] Built target lslidar_msgs__rosidl_typesupport_fastrtps_c__pyext
-- Install configuration: ""
-- Up-to-date: /home/wheeltec/wheeltec_ros2/install/lslidar_msgs/share/ament_index/resource_index/rosidl_interfaces/lslidar_msgs
-- Up-to-date: /home/wheeltec/wheeltec_ros2/install/lslidar_msgs/include/lslidar_msgs
-- Up-to-date: /home/wheeltec/wheeltec_ros2/install/lslidar_msgs/include/lslidar_msgs/msg
-- Up-to-date: /home/wheeltec/wheeltec_ros2/install/lslidar_msgs/include/lslidar_msgs/msg/detail
-- Installing: /home/wheeltec/wheeltec_ros2/install/lslidar_msgs/include/lslidar_msgs/msg/detail/lslidar_point__functions.h
-- Installing: /home/wheeltec/wheeltec_ros2/install/lslidar_msgs/include/lslidar_msgs/msg/detail/lslidar_sweep__functions.c
-- Installing: /home/wheeltec/wheeltec_ros2/install/lslidar_msgs/include/lslidar_msgs/msg/detail/lslidar_packet__struct.h
-- Installing: /home/wheeltec/wheeltec_ros2/install/lslidar_msgs/include/lslidar_msgs/msg/detail/lslidar_difop__functions.h
-- Installing: /home/wheeltec/wheeltec_ros2/install/lslidar_msgs/include/lslidar_msgs/msg/detail/lslidar_scan__functions.h
-- Installing: /home/wheeltec/wheeltec_ros2/install/lslidar_msgs/include/lslidar_msgs/msg/detail/lslidar_packet__functions.h
-- Installing: /home/wheeltec/wheeltec_ros2/install/lslidar_msgs/include/lslidar_msgs/msg/detail/lslidar_difop__struct.h
-- Installing: /home/wheeltec/wheeltec_ros2/install/lslidar_msgs/include/lslidar_msgs/msg/detail/lslidar_scan__type_support.h
-- Installing: /home/wheeltec/wheeltec_ros2/install/lslidar_msgs/include/lslidar_msgs/msg/detail/lslidar_point__functions.c
-- Installing: /home/wheeltec/wheeltec_ros2/install/lslidar_msgs/include/lslidar_msgs/msg/detail/lslidar_point__type_support.h
-- Installing: /home/wheeltec/wheeltec_ros2/install/lslidar_msgs/include/lslidar_msgs/msg/detail/lslidar_difop__type_support.h
-- Installing: /home/wheeltec/wheeltec_ros2/install/lslidar_msgs/include/lslidar_msgs/msg/detail/lslidar_packet__functions.c
-- Installing: /home/wheeltec/wheeltec_ros2/install/lslidar_msgs/include/lslidar_msgs/msg/detail/lslidar_scan__functions.c
-- Installing: /home/wheeltec/wheeltec_ros2/install/lslidar_msgs/include/lslidar_msgs/msg/detail/lslidar_scan__struct.h
-- Installing: /home/wheeltec/wheeltec_ros2/install/lslidar_msgs/include/lslidar_msgs/msg/detail/lslidar_sweep__functions.h
-- Installing: /home/wheeltec/wheeltec_ros2/install/lslidar_msgs/include/lslidar_msgs/msg/detail/lslidar_sweep__struct.h
-- Installing: /home/wheeltec/wheeltec_ros2/install/lslidar_msgs/include/lslidar_msgs/msg/detail/lslidar_sweep__type_support.h
-- Installing: /home/wheeltec/wheeltec_ros2/install/lslidar_msgs/include/lslidar_msgs/msg/detail/lslidar_difop__functions.c
-- Installing: /home/wheeltec/wheeltec_ros2/install/lslidar_msgs/include/lslidar_msgs/msg/detail/lslidar_packet__type_support.h
-- Installing: /home/wheeltec/wheeltec_ros2/install/lslidar_msgs/include/lslidar_msgs/msg/detail/lslidar_point__struct.h
-- Installing: /home/wheeltec/wheeltec_ros2/install/lslidar_msgs/include/lslidar_msgs/msg/lslidar_sweep.h
-- Installing: /home/wheeltec/wheeltec_ros2/install/lslidar_msgs/include/lslidar_msgs/msg/lslidar_point.h
-- Installing: /home/wheeltec/wheeltec_ros2/install/lslidar_msgs/include/lslidar_msgs/msg/lslidar_difop.h
-- Up-to-date: /home/wheeltec/wheeltec_ros2/install/lslidar_msgs/include/lslidar_msgs/msg/rosidl_generator_c__visibility_control.h
-- Installing: /home/wheeltec/wheeltec_ros2/install/lslidar_msgs/include/lslidar_msgs/msg/lslidar_scan.h
-- Installing: /home/wheeltec/wheeltec_ros2/install/lslidar_msgs/include/lslidar_msgs/msg/lslidar_packet.h
-- Up-to-date: /home/wheeltec/wheeltec_ros2/install/lslidar_msgs/share/lslidar_msgs/environment/library_path.sh
-- Installing: /home/wheeltec/wheeltec_ros2/install/lslidar_msgs/share/lslidar_msgs/environment/library_path.dsv
-- Installing: /home/wheeltec/wheeltec_ros2/install/lslidar_msgs/lib/liblslidar_msgs__rosidl_generator_c.so
-- Set runtime path of "/home/wheeltec/wheeltec_ros2/install/lslidar_msgs/lib/liblslidar_msgs__rosidl_generator_c.so" to ""
-- Up-to-date: /home/wheeltec/wheeltec_ros2/install/lslidar_msgs/include/lslidar_msgs
-- Up-to-date: /home/wheeltec/wheeltec_ros2/install/lslidar_msgs/include/lslidar_msgs/msg
-- Up-to-date: /home/wheeltec/wheeltec_ros2/install/lslidar_msgs/include/lslidar_msgs/msg/detail
-- Installing: /home/wheeltec/wheeltec_ros2/install/lslidar_msgs/include/lslidar_msgs/msg/detail/lslidar_difop__rosidl_typesupport_fastrtps_c.h
-- Installing: /home/wheeltec/wheeltec_ros2/install/lslidar_msgs/include/lslidar_msgs/msg/detail/lslidar_sweep__rosidl_typesupport_fastrtps_c.h
-- Installing: /home/wheeltec/wheeltec_ros2/install/lslidar_msgs/include/lslidar_msgs/msg/detail/lslidar_scan__rosidl_typesupport_fastrtps_c.h
-- Installing: /home/wheeltec/wheeltec_ros2/install/lslidar_msgs/include/lslidar_msgs/msg/detail/lslidar_point__rosidl_typesupport_fastrtps_c.h
-- Installing: /home/wheeltec/wheeltec_ros2/install/lslidar_msgs/include/lslidar_msgs/msg/detail/lslidar_packet__rosidl_typesupport_fastrtps_c.h
-- Up-to-date: /home/wheeltec/wheeltec_ros2/install/lslidar_msgs/include/lslidar_msgs/msg/rosidl_typesupport_fastrtps_c__visibility_control.h
-- Installing: /home/wheeltec/wheeltec_ros2/install/lslidar_msgs/lib/liblslidar_msgs__rosidl_typesupport_fastrtps_c.so
-- Set runtime path of "/home/wheeltec/wheeltec_ros2/install/lslidar_msgs/lib/liblslidar_msgs__rosidl_typesupport_fastrtps_c.so" to ""
-- Up-to-date: /home/wheeltec/wheeltec_ros2/install/lslidar_msgs/include/lslidar_msgs
-- Up-to-date: /home/wheeltec/wheeltec_ros2/install/lslidar_msgs/include/lslidar_msgs/msg
-- Up-to-date: /home/wheeltec/wheeltec_ros2/install/lslidar_msgs/include/lslidar_msgs/msg/rosidl_typesupport_fastrtps_cpp__visibility_control.h
-- Up-to-date: /home/wheeltec/wheeltec_ros2/install/lslidar_msgs/include/lslidar_msgs/msg/detail
-- Installing: /home/wheeltec/wheeltec_ros2/install/lslidar_msgs/include/lslidar_msgs/msg/detail/lslidar_sweep__rosidl_typesupport_fastrtps_cpp.hpp
-- Installing: /home/wheeltec/wheeltec_ros2/install/lslidar_msgs/include/lslidar_msgs/msg/detail/lslidar_difop__rosidl_typesupport_fastrtps_cpp.hpp
-- Installing: /home/wheeltec/wheeltec_ros2/install/lslidar_msgs/include/lslidar_msgs/msg/detail/lslidar_point__rosidl_typesupport_fastrtps_cpp.hpp
-- Installing: /home/wheeltec/wheeltec_ros2/install/lslidar_msgs/include/lslidar_msgs/msg/detail/lslidar_scan__rosidl_typesupport_fastrtps_cpp.hpp
-- Up-to-date: /home/wheeltec/wheeltec_ros2/install/lslidar_msgs/include/lslidar_msgs/msg/detail/dds_fastrtps
-- Installing: /home/wheeltec/wheeltec_ros2/install/lslidar_msgs/include/lslidar_msgs/msg/detail/lslidar_packet__rosidl_typesupport_fastrtps_cpp.hpp
-- Installing: /home/wheeltec/wheeltec_ros2/install/lslidar_msgs/lib/liblslidar_msgs__rosidl_typesupport_fastrtps_cpp.so
-- Set runtime path of "/home/wheeltec/wheeltec_ros2/install/lslidar_msgs/lib/liblslidar_msgs__rosidl_typesupport_fastrtps_cpp.so" to ""
-- Up-to-date: /home/wheeltec/wheeltec_ros2/install/lslidar_msgs/include/lslidar_msgs
-- Up-to-date: /home/wheeltec/wheeltec_ros2/install/lslidar_msgs/include/lslidar_msgs/msg
-- Up-to-date: /home/wheeltec/wheeltec_ros2/install/lslidar_msgs/include/lslidar_msgs/msg/detail
-- Installing: /home/wheeltec/wheeltec_ros2/install/lslidar_msgs/include/lslidar_msgs/msg/detail/lslidar_packet__rosidl_typesupport_introspection_c.h
-- Installing: /home/wheeltec/wheeltec_ros2/install/lslidar_msgs/include/lslidar_msgs/msg/detail/lslidar_difop__type_support.c
-- Installing: /home/wheeltec/wheeltec_ros2/install/lslidar_msgs/include/lslidar_msgs/msg/detail/lslidar_scan__rosidl_typesupport_introspection_c.h
-- Installing: /home/wheeltec/wheeltec_ros2/install/lslidar_msgs/include/lslidar_msgs/msg/detail/lslidar_packet__type_support.c
-- Installing: /home/wheeltec/wheeltec_ros2/install/lslidar_msgs/include/lslidar_msgs/msg/detail/lslidar_sweep__type_support.c
-- Installing: /home/wheeltec/wheeltec_ros2/install/lslidar_msgs/include/lslidar_msgs/msg/detail/lslidar_point__type_support.c
-- Installing: /home/wheeltec/wheeltec_ros2/install/lslidar_msgs/include/lslidar_msgs/msg/detail/lslidar_point__rosidl_typesupport_introspection_c.h
-- Installing: /home/wheeltec/wheeltec_ros2/install/lslidar_msgs/include/lslidar_msgs/msg/detail/lslidar_scan__type_support.c
-- Installing: /home/wheeltec/wheeltec_ros2/install/lslidar_msgs/include/lslidar_msgs/msg/detail/lslidar_sweep__rosidl_typesupport_introspection_c.h
-- Installing: /home/wheeltec/wheeltec_ros2/install/lslidar_msgs/include/lslidar_msgs/msg/detail/lslidar_difop__rosidl_typesupport_introspection_c.h
-- Up-to-date: /home/wheeltec/wheeltec_ros2/install/lslidar_msgs/include/lslidar_msgs/msg/rosidl_typesupport_introspection_c__visibility_control.h
-- Installing: /home/wheeltec/wheeltec_ros2/install/lslidar_msgs/lib/liblslidar_msgs__rosidl_typesupport_introspection_c.so
-- Set runtime path of "/home/wheeltec/wheeltec_ros2/install/lslidar_msgs/lib/liblslidar_msgs__rosidl_typesupport_introspection_c.so" to ""
-- Installing: /home/wheeltec/wheeltec_ros2/install/lslidar_msgs/lib/liblslidar_msgs__rosidl_typesupport_c.so
-- Set runtime path of "/home/wheeltec/wheeltec_ros2/install/lslidar_msgs/lib/liblslidar_msgs__rosidl_typesupport_c.so" to ""
-- Up-to-date: /home/wheeltec/wheeltec_ros2/install/lslidar_msgs/include/lslidar_msgs
-- Up-to-date: /home/wheeltec/wheeltec_ros2/install/lslidar_msgs/include/lslidar_msgs/msg
-- Up-to-date: /home/wheeltec/wheeltec_ros2/install/lslidar_msgs/include/lslidar_msgs/msg/detail
-- Installing: /home/wheeltec/wheeltec_ros2/install/lslidar_msgs/include/lslidar_msgs/msg/detail/lslidar_packet__traits.hpp
-- Installing: /home/wheeltec/wheeltec_ros2/install/lslidar_msgs/include/lslidar_msgs/msg/detail/lslidar_scan__traits.hpp
-- Installing: /home/wheeltec/wheeltec_ros2/install/lslidar_msgs/include/lslidar_msgs/msg/detail/lslidar_point__builder.hpp
-- Installing: /home/wheeltec/wheeltec_ros2/install/lslidar_msgs/include/lslidar_msgs/msg/detail/lslidar_difop__builder.hpp
-- Installing: /home/wheeltec/wheeltec_ros2/install/lslidar_msgs/include/lslidar_msgs/msg/detail/lslidar_sweep__builder.hpp
-- Installing: /home/wheeltec/wheeltec_ros2/install/lslidar_msgs/include/lslidar_msgs/msg/detail/lslidar_scan__builder.hpp
-- Installing: /home/wheeltec/wheeltec_ros2/install/lslidar_msgs/include/lslidar_msgs/msg/detail/lslidar_point__traits.hpp
-- Installing: /home/wheeltec/wheeltec_ros2/install/lslidar_msgs/include/lslidar_msgs/msg/detail/lslidar_scan__struct.hpp
-- Installing: /home/wheeltec/wheeltec_ros2/install/lslidar_msgs/include/lslidar_msgs/msg/detail/lslidar_difop__traits.hpp
-- Installing: /home/wheeltec/wheeltec_ros2/install/lslidar_msgs/include/lslidar_msgs/msg/detail/lslidar_point__struct.hpp
-- Installing: /home/wheeltec/wheeltec_ros2/install/lslidar_msgs/include/lslidar_msgs/msg/detail/lslidar_difop__struct.hpp
-- Installing: /home/wheeltec/wheeltec_ros2/install/lslidar_msgs/include/lslidar_msgs/msg/detail/lslidar_sweep__struct.hpp
-- Installing: /home/wheeltec/wheeltec_ros2/install/lslidar_msgs/include/lslidar_msgs/msg/detail/lslidar_packet__struct.hpp
-- Installing: /home/wheeltec/wheeltec_ros2/install/lslidar_msgs/include/lslidar_msgs/msg/detail/lslidar_sweep__traits.hpp
-- Installing: /home/wheeltec/wheeltec_ros2/install/lslidar_msgs/include/lslidar_msgs/msg/detail/lslidar_packet__builder.hpp
-- Installing: /home/wheeltec/wheeltec_ros2/install/lslidar_msgs/include/lslidar_msgs/msg/lslidar_point.hpp
-- Installing: /home/wheeltec/wheeltec_ros2/install/lslidar_msgs/include/lslidar_msgs/msg/lslidar_packet.hpp
-- Installing: /home/wheeltec/wheeltec_ros2/install/lslidar_msgs/include/lslidar_msgs/msg/lslidar_sweep.hpp
-- Installing: /home/wheeltec/wheeltec_ros2/install/lslidar_msgs/include/lslidar_msgs/msg/lslidar_difop.hpp
-- Installing: /home/wheeltec/wheeltec_ros2/install/lslidar_msgs/include/lslidar_msgs/msg/lslidar_scan.hpp
-- Up-to-date: /home/wheeltec/wheeltec_ros2/install/lslidar_msgs/include/lslidar_msgs
-- Up-to-date: /home/wheeltec/wheeltec_ros2/install/lslidar_msgs/include/lslidar_msgs/msg
-- Up-to-date: /home/wheeltec/wheeltec_ros2/install/lslidar_msgs/include/lslidar_msgs/msg/detail
-- Installing: /home/wheeltec/wheeltec_ros2/install/lslidar_msgs/include/lslidar_msgs/msg/detail/lslidar_sweep__type_support.cpp
-- Installing: /home/wheeltec/wheeltec_ros2/install/lslidar_msgs/include/lslidar_msgs/msg/detail/lslidar_point__rosidl_typesupport_introspection_cpp.hpp
-- Installing: /home/wheeltec/wheeltec_ros2/install/lslidar_msgs/include/lslidar_msgs/msg/detail/lslidar_scan__type_support.cpp
-- Installing: /home/wheeltec/wheeltec_ros2/install/lslidar_msgs/include/lslidar_msgs/msg/detail/lslidar_scan__rosidl_typesupport_introspection_cpp.hpp
-- Installing: /home/wheeltec/wheeltec_ros2/install/lslidar_msgs/include/lslidar_msgs/msg/detail/lslidar_difop__rosidl_typesupport_introspection_cpp.hpp
-- Installing: /home/wheeltec/wheeltec_ros2/install/lslidar_msgs/include/lslidar_msgs/msg/detail/lslidar_sweep__rosidl_typesupport_introspection_cpp.hpp
-- Installing: /home/wheeltec/wheeltec_ros2/install/lslidar_msgs/include/lslidar_msgs/msg/detail/lslidar_packet__type_support.cpp
-- Installing: /home/wheeltec/wheeltec_ros2/install/lslidar_msgs/include/lslidar_msgs/msg/detail/lslidar_point__type_support.cpp
-- Installing: /home/wheeltec/wheeltec_ros2/install/lslidar_msgs/include/lslidar_msgs/msg/detail/lslidar_difop__type_support.cpp
-- Installing: /home/wheeltec/wheeltec_ros2/install/lslidar_msgs/include/lslidar_msgs/msg/detail/lslidar_packet__rosidl_typesupport_introspection_cpp.hpp
-- Installing: /home/wheeltec/wheeltec_ros2/install/lslidar_msgs/lib/liblslidar_msgs__rosidl_typesupport_introspection_cpp.so
-- Set runtime path of "/home/wheeltec/wheeltec_ros2/install/lslidar_msgs/lib/liblslidar_msgs__rosidl_typesupport_introspection_cpp.so" to ""
-- Installing: /home/wheeltec/wheeltec_ros2/install/lslidar_msgs/lib/liblslidar_msgs__rosidl_typesupport_cpp.so
-- Set runtime path of "/home/wheeltec/wheeltec_ros2/install/lslidar_msgs/lib/liblslidar_msgs__rosidl_typesupport_cpp.so" to ""
-- Up-to-date: /home/wheeltec/wheeltec_ros2/install/lslidar_msgs/share/lslidar_msgs/environment/pythonpath.sh
-- Installing: /home/wheeltec/wheeltec_ros2/install/lslidar_msgs/share/lslidar_msgs/environment/pythonpath.dsv
-- Installing: /home/wheeltec/wheeltec_ros2/install/lslidar_msgs/lib/python3.8/site-packages/lslidar_msgs/__init__.py
Compiling '/home/wheeltec/wheeltec_ros2/install/lslidar_msgs/lib/python3.8/site-packages/lslidar_msgs/__init__.py'...
-- Up-to-date: /home/wheeltec/wheeltec_ros2/install/lslidar_msgs/lib/python3.8/site-packages/lslidar_msgs/msg
-- Installing: /home/wheeltec/wheeltec_ros2/install/lslidar_msgs/lib/python3.8/site-packages/lslidar_msgs/msg/_lslidar_sweep.py
-- Installing: /home/wheeltec/wheeltec_ros2/install/lslidar_msgs/lib/python3.8/site-packages/lslidar_msgs/msg/__init__.py
-- Installing: /home/wheeltec/wheeltec_ros2/install/lslidar_msgs/lib/python3.8/site-packages/lslidar_msgs/msg/_lslidar_difop.py
-- Installing: /home/wheeltec/wheeltec_ros2/install/lslidar_msgs/lib/python3.8/site-packages/lslidar_msgs/msg/_lslidar_scan.py
-- Installing: /home/wheeltec/wheeltec_ros2/install/lslidar_msgs/lib/python3.8/site-packages/lslidar_msgs/msg/_lslidar_scan_s.c
-- Installing: /home/wheeltec/wheeltec_ros2/install/lslidar_msgs/lib/python3.8/site-packages/lslidar_msgs/msg/_lslidar_packet.py
-- Installing: /home/wheeltec/wheeltec_ros2/install/lslidar_msgs/lib/python3.8/site-packages/lslidar_msgs/msg/_lslidar_packet_s.c
-- Installing: /home/wheeltec/wheeltec_ros2/install/lslidar_msgs/lib/python3.8/site-packages/lslidar_msgs/msg/_lslidar_sweep_s.c
-- Installing: /home/wheeltec/wheeltec_ros2/install/lslidar_msgs/lib/python3.8/site-packages/lslidar_msgs/msg/_lslidar_point_s.c
-- Installing: /home/wheeltec/wheeltec_ros2/install/lslidar_msgs/lib/python3.8/site-packages/lslidar_msgs/msg/_lslidar_difop_s.c
-- Installing: /home/wheeltec/wheeltec_ros2/install/lslidar_msgs/lib/python3.8/site-packages/lslidar_msgs/msg/_lslidar_point.py
-- Installing: /home/wheeltec/wheeltec_ros2/install/lslidar_msgs/lib/python3.8/site-packages/lslidar_msgs/lslidar_msgs_s__rosidl_typesupport_fastrtps_c.cpython-38-aarch64-linux-gnu.so
-- Set runtime path of "/home/wheeltec/wheeltec_ros2/install/lslidar_msgs/lib/python3.8/site-packages/lslidar_msgs/lslidar_msgs_s__rosidl_typesupport_fastrtps_c.cpython-38-aarch64-linux-gnu.so" to ""
-- Installing: /home/wheeltec/wheeltec_ros2/install/lslidar_msgs/lib/python3.8/site-packages/lslidar_msgs/lslidar_msgs_s__rosidl_typesupport_introspection_c.cpython-38-aarch64-linux-gnu.so
-- Set runtime path of "/home/wheeltec/wheeltec_ros2/install/lslidar_msgs/lib/python3.8/site-packages/lslidar_msgs/lslidar_msgs_s__rosidl_typesupport_introspection_c.cpython-38-aarch64-linux-gnu.so" to ""
-- Installing: /home/wheeltec/wheeltec_ros2/install/lslidar_msgs/lib/python3.8/site-packages/lslidar_msgs/lslidar_msgs_s__rosidl_typesupport_c.cpython-38-aarch64-linux-gnu.so
-- Set runtime path of "/home/wheeltec/wheeltec_ros2/install/lslidar_msgs/lib/python3.8/site-packages/lslidar_msgs/lslidar_msgs_s__rosidl_typesupport_c.cpython-38-aarch64-linux-gnu.so" to ""
-- Installing: /home/wheeltec/wheeltec_ros2/install/lslidar_msgs/lib/liblslidar_msgs__python.so
-- Set runtime path of "/home/wheeltec/wheeltec_ros2/install/lslidar_msgs/lib/liblslidar_msgs__python.so" to ""
-- Up-to-date: /home/wheeltec/wheeltec_ros2/install/lslidar_msgs/share/lslidar_msgs/msg/LslidarDifop.idl
-- Up-to-date: /home/wheeltec/wheeltec_ros2/install/lslidar_msgs/share/lslidar_msgs/msg/LslidarPacket.idl
-- Up-to-date: /home/wheeltec/wheeltec_ros2/install/lslidar_msgs/share/lslidar_msgs/msg/LslidarPoint.idl
-- Up-to-date: /home/wheeltec/wheeltec_ros2/install/lslidar_msgs/share/lslidar_msgs/msg/LslidarScan.idl
-- Up-to-date: /home/wheeltec/wheeltec_ros2/install/lslidar_msgs/share/lslidar_msgs/msg/LslidarSweep.idl
-- Up-to-date: /home/wheeltec/wheeltec_ros2/install/lslidar_msgs/share/lslidar_msgs/msg/LslidarDifop.msg
-- Up-to-date: /home/wheeltec/wheeltec_ros2/install/lslidar_msgs/share/lslidar_msgs/msg/LslidarPacket.msg
-- Up-to-date: /home/wheeltec/wheeltec_ros2/install/lslidar_msgs/share/lslidar_msgs/msg/LslidarPoint.msg
-- Up-to-date: /home/wheeltec/wheeltec_ros2/install/lslidar_msgs/share/lslidar_msgs/msg/LslidarScan.msg
-- Up-to-date: /home/wheeltec/wheeltec_ros2/install/lslidar_msgs/share/lslidar_msgs/msg/LslidarSweep.msg
-- Up-to-date: /home/wheeltec/wheeltec_ros2/install/lslidar_msgs/share/ament_index/resource_index/package_run_dependencies/lslidar_msgs
-- Installing: /home/wheeltec/wheeltec_ros2/install/lslidar_msgs/share/ament_index/resource_index/parent_prefix_path/lslidar_msgs
-- Installing: /home/wheeltec/wheeltec_ros2/install/lslidar_msgs/share/lslidar_msgs/environment/ament_prefix_path.sh
-- Installing: /home/wheeltec/wheeltec_ros2/install/lslidar_msgs/share/lslidar_msgs/environment/ament_prefix_path.dsv
-- Installing: /home/wheeltec/wheeltec_ros2/install/lslidar_msgs/share/lslidar_msgs/environment/path.sh
-- Installing: /home/wheeltec/wheeltec_ros2/install/lslidar_msgs/share/lslidar_msgs/environment/path.dsv
-- Up-to-date: /home/wheeltec/wheeltec_ros2/install/lslidar_msgs/share/lslidar_msgs/local_setup.bash
-- Up-to-date: /home/wheeltec/wheeltec_ros2/install/lslidar_msgs/share/lslidar_msgs/local_setup.sh
-- Up-to-date: /home/wheeltec/wheeltec_ros2/install/lslidar_msgs/share/lslidar_msgs/local_setup.zsh
-- Installing: /home/wheeltec/wheeltec_ros2/install/lslidar_msgs/share/lslidar_msgs/local_setup.dsv
-- Installing: /home/wheeltec/wheeltec_ros2/install/lslidar_msgs/share/lslidar_msgs/package.dsv
-- Up-to-date: /home/wheeltec/wheeltec_ros2/install/lslidar_msgs/share/ament_index/resource_index/packages/lslidar_msgs
-- Up-to-date: /home/wheeltec/wheeltec_ros2/install/lslidar_msgs/share/lslidar_msgs/cmake/lslidar_msgs__rosidl_generator_cExport.cmake
-- Installing: /home/wheeltec/wheeltec_ros2/install/lslidar_msgs/share/lslidar_msgs/cmake/lslidar_msgs__rosidl_generator_cExport-noconfig.cmake
-- Up-to-date: /home/wheeltec/wheeltec_ros2/install/lslidar_msgs/share/lslidar_msgs/cmake/lslidar_msgs__rosidl_typesupport_introspection_cExport.cmake
-- Installing: /home/wheeltec/wheeltec_ros2/install/lslidar_msgs/share/lslidar_msgs/cmake/lslidar_msgs__rosidl_typesupport_introspection_cExport-noconfig.cmake
-- Up-to-date: /home/wheeltec/wheeltec_ros2/install/lslidar_msgs/share/lslidar_msgs/cmake/lslidar_msgs__rosidl_typesupport_cExport.cmake
-- Installing: /home/wheeltec/wheeltec_ros2/install/lslidar_msgs/share/lslidar_msgs/cmake/lslidar_msgs__rosidl_typesupport_cExport-noconfig.cmake
-- Up-to-date: /home/wheeltec/wheeltec_ros2/install/lslidar_msgs/share/lslidar_msgs/cmake/lslidar_msgs__rosidl_generator_cppExport.cmake
-- Up-to-date: /home/wheeltec/wheeltec_ros2/install/lslidar_msgs/share/lslidar_msgs/cmake/lslidar_msgs__rosidl_typesupport_introspection_cppExport.cmake
-- Installing: /home/wheeltec/wheeltec_ros2/install/lslidar_msgs/share/lslidar_msgs/cmake/lslidar_msgs__rosidl_typesupport_introspection_cppExport-noconfig.cmake
-- Up-to-date: /home/wheeltec/wheeltec_ros2/install/lslidar_msgs/share/lslidar_msgs/cmake/lslidar_msgs__rosidl_typesupport_cppExport.cmake
-- Installing: /home/wheeltec/wheeltec_ros2/install/lslidar_msgs/share/lslidar_msgs/cmake/lslidar_msgs__rosidl_typesupport_cppExport-noconfig.cmake
-- Up-to-date: /home/wheeltec/wheeltec_ros2/install/lslidar_msgs/share/lslidar_msgs/cmake/rosidl_cmake-extras.cmake
-- Up-to-date: /home/wheeltec/wheeltec_ros2/install/lslidar_msgs/share/lslidar_msgs/cmake/ament_cmake_export_dependencies-extras.cmake
-- Up-to-date: /home/wheeltec/wheeltec_ros2/install/lslidar_msgs/share/lslidar_msgs/cmake/ament_cmake_export_libraries-extras.cmake
-- Installing: /home/wheeltec/wheeltec_ros2/install/lslidar_msgs/share/lslidar_msgs/cmake/ament_cmake_export_targets-extras.cmake
-- Up-to-date: /home/wheeltec/wheeltec_ros2/install/lslidar_msgs/share/lslidar_msgs/cmake/ament_cmake_export_include_directories-extras.cmake
-- Up-to-date: /home/wheeltec/wheeltec_ros2/install/lslidar_msgs/share/lslidar_msgs/cmake/rosidl_cmake_export_typesupport_libraries-extras.cmake
-- Up-to-date: /home/wheeltec/wheeltec_ros2/install/lslidar_msgs/share/lslidar_msgs/cmake/rosidl_cmake_export_typesupport_targets-extras.cmake
-- Up-to-date: /home/wheeltec/wheeltec_ros2/install/lslidar_msgs/share/lslidar_msgs/cmake/lslidar_msgsConfig.cmake
-- Up-to-date: /home/wheeltec/wheeltec_ros2/install/lslidar_msgs/share/lslidar_msgs/cmake/lslidar_msgsConfig-version.cmake
-- Up-to-date: /home/wheeltec/wheeltec_ros2/install/lslidar_msgs/share/lslidar_msgs/package.xml
