[0.159s] Invoking command in '/home/wheeltec/wheeltec_ros2/build/lidar_ros2': CMAKE_PREFIX_PATH=/opt/ros/galactic /usr/bin/cmake --build /home/wheeltec/wheeltec_ros2/build/lidar_ros2 -- -j4 -l4
[0.359s] [100%] Built target rplidarNode
[1.644s] Invoked command in '/home/wheeltec/wheeltec_ros2/build/lidar_ros2' returned '0': CMAKE_PREFIX_PATH=/opt/ros/galactic /usr/bin/cmake --build /home/wheeltec/wheeltec_ros2/build/lidar_ros2 -- -j4 -l4
[1.850s] Invoking command in '/home/wheeltec/wheeltec_ros2/build/lidar_ros2': CMAKE_PREFIX_PATH=/opt/ros/galactic /usr/bin/cmake --install /home/wheeltec/wheeltec_ros2/build/lidar_ros2
[1.903s] -- Install configuration: ""
[1.905s] -- Up-to-date: /home/wheeltec/wheeltec_ros2/install/lidar_ros2/lib/lidar_ros2/rplidarNode
[1.906s] -- Up-to-date: /home/wheeltec/wheeltec_ros2/install/lidar_ros2/share/lidar_ros2//launch
[1.906s] -- Up-to-date: /home/wheeltec/wheeltec_ros2/install/lidar_ros2/share/lidar_ros2//launch/rplidar.launch.py
[1.907s] -- Up-to-date: /home/wheeltec/wheeltec_ros2/install/lidar_ros2/share/lidar_ros2//launch/rplidar_a3.launch .py
[1.908s] -- Up-to-date: /home/wheeltec/wheeltec_ros2/install/lidar_ros2/share/lidar_ros2//launch/view_rplidar.launch.py
[1.909s] -- Up-to-date: /home/wheeltec/wheeltec_ros2/install/lidar_ros2/share/lidar_ros2//rviz
[1.910s] -- Up-to-date: /home/wheeltec/wheeltec_ros2/install/lidar_ros2/share/lidar_ros2//rviz/rplidar.rviz
[1.911s] -- Up-to-date: /home/wheeltec/wheeltec_ros2/install/lidar_ros2/share/lidar_ros2//sdk
[1.912s] -- Up-to-date: /home/wheeltec/wheeltec_ros2/install/lidar_ros2/share/lidar_ros2//sdk/README.txt
[1.913s] -- Up-to-date: /home/wheeltec/wheeltec_ros2/install/lidar_ros2/share/lidar_ros2//sdk/src
[1.913s] -- Up-to-date: /home/wheeltec/wheeltec_ros2/install/lidar_ros2/share/lidar_ros2//sdk/src/rplidar_driver.cpp
[1.913s] -- Up-to-date: /home/wheeltec/wheeltec_ros2/install/lidar_ros2/share/lidar_ros2//sdk/src/arch
[1.914s] -- Up-to-date: /home/wheeltec/wheeltec_ros2/install/lidar_ros2/share/lidar_ros2//sdk/src/arch/win32
[1.914s] -- Up-to-date: /home/wheeltec/wheeltec_ros2/install/lidar_ros2/share/lidar_ros2//sdk/src/arch/win32/timer.h
[1.914s] -- Up-to-date: /home/wheeltec/wheeltec_ros2/install/lidar_ros2/share/lidar_ros2//sdk/src/arch/win32/timer.cpp
[1.915s] -- Up-to-date: /home/wheeltec/wheeltec_ros2/install/lidar_ros2/share/lidar_ros2//sdk/src/arch/win32/net_serial.h
[1.915s] -- Up-to-date: /home/wheeltec/wheeltec_ros2/install/lidar_ros2/share/lidar_ros2//sdk/src/arch/win32/arch_win32.h
[1.916s] -- Up-to-date: /home/wheeltec/wheeltec_ros2/install/lidar_ros2/share/lidar_ros2//sdk/src/arch/win32/net_socket.cpp
[1.916s] -- Up-to-date: /home/wheeltec/wheeltec_ros2/install/lidar_ros2/share/lidar_ros2//sdk/src/arch/win32/net_serial.cpp
[1.918s] -- Up-to-date: /home/wheeltec/wheeltec_ros2/install/lidar_ros2/share/lidar_ros2//sdk/src/arch/win32/winthread.hpp
[1.934s] -- Up-to-date: /home/wheeltec/wheeltec_ros2/install/lidar_ros2/share/lidar_ros2//sdk/src/arch/linux
[1.935s] -- Up-to-date: /home/wheeltec/wheeltec_ros2/install/lidar_ros2/share/lidar_ros2//sdk/src/arch/linux/timer.h
[1.935s] -- Up-to-date: /home/wheeltec/wheeltec_ros2/install/lidar_ros2/share/lidar_ros2//sdk/src/arch/linux/timer.cpp
[1.936s] -- Up-to-date: /home/wheeltec/wheeltec_ros2/install/lidar_ros2/share/lidar_ros2//sdk/src/arch/linux/net_serial.h
[1.936s] -- Up-to-date: /home/wheeltec/wheeltec_ros2/install/lidar_ros2/share/lidar_ros2//sdk/src/arch/linux/thread.hpp
[1.936s] -- Up-to-date: /home/wheeltec/wheeltec_ros2/install/lidar_ros2/share/lidar_ros2//sdk/src/arch/linux/arch_linux.h
[1.937s] -- Up-to-date: /home/wheeltec/wheeltec_ros2/install/lidar_ros2/share/lidar_ros2//sdk/src/arch/linux/net_socket.cpp
[1.937s] -- Up-to-date: /home/wheeltec/wheeltec_ros2/install/lidar_ros2/share/lidar_ros2//sdk/src/arch/linux/net_serial.cpp
[1.937s] -- Up-to-date: /home/wheeltec/wheeltec_ros2/install/lidar_ros2/share/lidar_ros2//sdk/src/arch/macOS
[1.938s] -- Up-to-date: /home/wheeltec/wheeltec_ros2/install/lidar_ros2/share/lidar_ros2//sdk/src/arch/macOS/timer.h
[1.938s] -- Up-to-date: /home/wheeltec/wheeltec_ros2/install/lidar_ros2/share/lidar_ros2//sdk/src/arch/macOS/timer.cpp
[1.938s] -- Up-to-date: /home/wheeltec/wheeltec_ros2/install/lidar_ros2/share/lidar_ros2//sdk/src/arch/macOS/net_serial.h
[1.939s] -- Up-to-date: /home/wheeltec/wheeltec_ros2/install/lidar_ros2/share/lidar_ros2//sdk/src/arch/macOS/thread.hpp
[1.939s] -- Up-to-date: /home/wheeltec/wheeltec_ros2/install/lidar_ros2/share/lidar_ros2//sdk/src/arch/macOS/arch_macOS.h
[1.940s] -- Up-to-date: /home/wheeltec/wheeltec_ros2/install/lidar_ros2/share/lidar_ros2//sdk/src/arch/macOS/net_socket.cpp
[1.941s] -- Up-to-date: /home/wheeltec/wheeltec_ros2/install/lidar_ros2/share/lidar_ros2//sdk/src/arch/macOS/net_serial.cpp
[1.941s] -- Up-to-date: /home/wheeltec/wheeltec_ros2/install/lidar_ros2/share/lidar_ros2//sdk/src/sdkcommon.h
[1.942s] -- Up-to-date: /home/wheeltec/wheeltec_ros2/install/lidar_ros2/share/lidar_ros2//sdk/src/rplidar_driver_TCP.h
[1.942s] -- Up-to-date: /home/wheeltec/wheeltec_ros2/install/lidar_ros2/share/lidar_ros2//sdk/src/rplidar_driver_impl.h
[1.943s] -- Up-to-date: /home/wheeltec/wheeltec_ros2/install/lidar_ros2/share/lidar_ros2//sdk/src/rplidar_driver_serial.h
[1.944s] -- Up-to-date: /home/wheeltec/wheeltec_ros2/install/lidar_ros2/share/lidar_ros2//sdk/src/hal
[1.957s] -- Up-to-date: /home/wheeltec/wheeltec_ros2/install/lidar_ros2/share/lidar_ros2//sdk/src/hal/thread.h
[1.958s] -- Up-to-date: /home/wheeltec/wheeltec_ros2/install/lidar_ros2/share/lidar_ros2//sdk/src/hal/locker.h
[1.959s] -- Up-to-date: /home/wheeltec/wheeltec_ros2/install/lidar_ros2/share/lidar_ros2//sdk/src/hal/event.h
[1.959s] -- Up-to-date: /home/wheeltec/wheeltec_ros2/install/lidar_ros2/share/lidar_ros2//sdk/src/hal/abs_rxtx.h
[1.959s] -- Up-to-date: /home/wheeltec/wheeltec_ros2/install/lidar_ros2/share/lidar_ros2//sdk/src/hal/byteops.h
[1.960s] -- Up-to-date: /home/wheeltec/wheeltec_ros2/install/lidar_ros2/share/lidar_ros2//sdk/src/hal/socket.h
[1.960s] -- Up-to-date: /home/wheeltec/wheeltec_ros2/install/lidar_ros2/share/lidar_ros2//sdk/src/hal/types.h
[1.961s] -- Up-to-date: /home/wheeltec/wheeltec_ros2/install/lidar_ros2/share/lidar_ros2//sdk/src/hal/util.h
[1.961s] -- Up-to-date: /home/wheeltec/wheeltec_ros2/install/lidar_ros2/share/lidar_ros2//sdk/src/hal/thread.cpp
[1.962s] -- Up-to-date: /home/wheeltec/wheeltec_ros2/install/lidar_ros2/share/lidar_ros2//sdk/src/hal/assert.h
[1.962s] -- Up-to-date: /home/wheeltec/wheeltec_ros2/install/lidar_ros2/share/lidar_ros2//sdk/include
[1.962s] -- Up-to-date: /home/wheeltec/wheeltec_ros2/install/lidar_ros2/share/lidar_ros2//sdk/include/rplidar_driver.h
[1.963s] -- Up-to-date: /home/wheeltec/wheeltec_ros2/install/lidar_ros2/share/lidar_ros2//sdk/include/rplidar.h
[1.963s] -- Up-to-date: /home/wheeltec/wheeltec_ros2/install/lidar_ros2/share/lidar_ros2//sdk/include/rptypes.h
[1.963s] -- Up-to-date: /home/wheeltec/wheeltec_ros2/install/lidar_ros2/share/lidar_ros2//sdk/include/rplidar_cmd.h
[1.964s] -- Up-to-date: /home/wheeltec/wheeltec_ros2/install/lidar_ros2/share/lidar_ros2//sdk/include/rplidar_protocol.h
[1.964s] -- Up-to-date: /home/wheeltec/wheeltec_ros2/install/lidar_ros2/share/ament_index/resource_index/package_run_dependencies/lidar_ros2
[1.973s] -- Up-to-date: /home/wheeltec/wheeltec_ros2/install/lidar_ros2/share/ament_index/resource_index/parent_prefix_path/lidar_ros2
[1.973s] -- Up-to-date: /home/wheeltec/wheeltec_ros2/install/lidar_ros2/share/lidar_ros2/environment/ament_prefix_path.sh
[1.974s] -- Up-to-date: /home/wheeltec/wheeltec_ros2/install/lidar_ros2/share/lidar_ros2/environment/ament_prefix_path.dsv
[1.974s] -- Up-to-date: /home/wheeltec/wheeltec_ros2/install/lidar_ros2/share/lidar_ros2/environment/path.sh
[1.974s] -- Up-to-date: /home/wheeltec/wheeltec_ros2/install/lidar_ros2/share/lidar_ros2/environment/path.dsv
[1.975s] -- Up-to-date: /home/wheeltec/wheeltec_ros2/install/lidar_ros2/share/lidar_ros2/local_setup.bash
[1.975s] -- Up-to-date: /home/wheeltec/wheeltec_ros2/install/lidar_ros2/share/lidar_ros2/local_setup.sh
[1.975s] -- Up-to-date: /home/wheeltec/wheeltec_ros2/install/lidar_ros2/share/lidar_ros2/local_setup.zsh
[1.976s] -- Up-to-date: /home/wheeltec/wheeltec_ros2/install/lidar_ros2/share/lidar_ros2/local_setup.dsv
[1.976s] -- Installing: /home/wheeltec/wheeltec_ros2/install/lidar_ros2/share/lidar_ros2/package.dsv
[1.977s] -- Up-to-date: /home/wheeltec/wheeltec_ros2/install/lidar_ros2/share/ament_index/resource_index/packages/lidar_ros2
[1.977s] -- Up-to-date: /home/wheeltec/wheeltec_ros2/install/lidar_ros2/share/lidar_ros2/cmake/lidar_ros2Config.cmake
[1.977s] -- Up-to-date: /home/wheeltec/wheeltec_ros2/install/lidar_ros2/share/lidar_ros2/cmake/lidar_ros2Config-version.cmake
[1.978s] -- Up-to-date: /home/wheeltec/wheeltec_ros2/install/lidar_ros2/share/lidar_ros2/package.xml
[1.979s] Invoked command in '/home/wheeltec/wheeltec_ros2/build/lidar_ros2' returned '0': CMAKE_PREFIX_PATH=/opt/ros/galactic /usr/bin/cmake --install /home/wheeltec/wheeltec_ros2/build/lidar_ros2
