[0.071s] Invoking command in '/home/wheeltec/wheeltec_ros2/build/wheeltec_robot_rrt': CMAKE_PREFIX_PATH=/opt/ros/galactic /usr/bin/cmake /home/wheeltec/wheeltec_ros2/src/wheeltec_robot_rrt2 -DCMAKE_INSTALL_PREFIX=/home/wheeltec/wheeltec_ros2/install/wheeltec_robot_rrt
[0.154s] -- Found ament_cmake: 1.1.5 (/opt/ros/galactic/share/ament_cmake/cmake)
[0.271s] -- Using PYTHON_EXECUTABLE: /usr/bin/python3
[0.622s] -- Found rclcpp: 9.2.1 (/opt/ros/galactic/share/rclcpp/cmake)
[0.831s] -- Using all available rosidl_typesupport_c: rosidl_typesupport_fastrtps_c;rosidl_typesupport_introspection_c
[0.854s] -- Found rosidl_adapter: 2.2.2 (/opt/ros/galactic/share/rosidl_adapter/cmake)
[1.441s] -- Using all available rosidl_typesupport_cpp: rosidl_typesupport_fastrtps_cpp;rosidl_typesupport_introspection_cpp
[1.740s] -- Found rmw_implementation_cmake: 3.3.1 (/opt/ros/galactic/share/rmw_implementation_cmake/cmake)
[1.752s] -- Found rmw_cyclonedds_cpp: 0.22.5 (/opt/ros/galactic/share/rmw_cyclonedds_cpp/cmake)
[1.848s] -- Using RMW implementation 'rmw_cyclonedds_cpp' as default
[2.529s] -- Found rclcpp_action: 9.2.1 (/opt/ros/galactic/share/rclcpp_action/cmake)
[2.911s] -- Found filters: 2.1.0 (/opt/ros/galactic/share/filters/cmake)
[2.926s] -- Found geometry_msgs: 2.2.4 (/opt/ros/galactic/share/geometry_msgs/cmake)
[3.140s] CMake Error at CMakeLists.txt:23 (find_package):
[3.140s]   By not providing "Findwheeltec_rrt_msg.cmake" in CMAKE_MODULE_PATH this
[3.141s]   project has asked CMake to find a package configuration file provided by
[3.141s]   "wheeltec_rrt_msg", but CMake did not find one.
[3.142s] 
[3.142s]   Could not find a package configuration file provided by "wheeltec_rrt_msg"
[3.142s]   with any of the following names:
[3.143s] 
[3.143s]     wheeltec_rrt_msgConfig.cmake
[3.143s]     wheeltec_rrt_msg-config.cmake
[3.144s] 
[3.144s]   Add the installation prefix of "wheeltec_rrt_msg" to CMAKE_PREFIX_PATH or
[3.144s]   set "wheeltec_rrt_msg_DIR" to a directory containing one of the above
[3.145s]   files.  If "wheeltec_rrt_msg" provides a separate development package or
[3.145s]   SDK, be sure it has been installed.
[3.145s] 
[3.146s] 
[3.148s] -- Configuring incomplete, errors occurred!
[3.149s] See also "/home/wheeltec/wheeltec_ros2/build/wheeltec_robot_rrt/CMakeFiles/CMakeOutput.log".
[3.149s] See also "/home/wheeltec/wheeltec_ros2/build/wheeltec_robot_rrt/CMakeFiles/CMakeError.log".
[3.184s] Invoked command in '/home/wheeltec/wheeltec_ros2/build/wheeltec_robot_rrt' returned '1': CMAKE_PREFIX_PATH=/opt/ros/galactic /usr/bin/cmake /home/wheeltec/wheeltec_ros2/src/wheeltec_robot_rrt2 -DCMAKE_INSTALL_PREFIX=/home/wheeltec/wheeltec_ros2/install/wheeltec_robot_rrt
