[0.142s] Invoking command in '/home/wheeltec/wheeltec_ros2/build/serial': CMAKE_PREFIX_PATH=${CMAKE_PREFIX_PATH}:/home/wheeltec/wheeltec_ros2/install/simple_follower_ros2:/home/wheeltec/wheeltec_ros2/install/wheeltec_robot_keyboard:/home/wheeltec/wheeltec_ros2/install/tf2_tools:/home/wheeltec/wheeltec_ros2/install/nav2_simple_commander:/home/wheeltec/wheeltec_ros2/install/nav2_gazebo_spawner:/opt/ros/galactic /usr/bin/cmake --build /home/wheeltec/wheeltec_ros2/build/serial -- -j4 -l4
[0.730s] [100%] Built target serial
[0.834s] Invoked command in '/home/wheeltec/wheeltec_ros2/build/serial' returned '0': CMAKE_PREFIX_PATH=${CMAKE_PREFIX_PATH}:/home/wheeltec/wheeltec_ros2/install/simple_follower_ros2:/home/wheeltec/wheeltec_ros2/install/wheeltec_robot_keyboard:/home/wheeltec/wheeltec_ros2/install/tf2_tools:/home/wheeltec/wheeltec_ros2/install/nav2_simple_commander:/home/wheeltec/wheeltec_ros2/install/nav2_gazebo_spawner:/opt/ros/galactic /usr/bin/cmake --build /home/wheeltec/wheeltec_ros2/build/serial -- -j4 -l4
[1.270s] Invoking command in '/home/wheeltec/wheeltec_ros2/build/serial': CMAKE_PREFIX_PATH=${CMAKE_PREFIX_PATH}:/home/wheeltec/wheeltec_ros2/install/simple_follower_ros2:/home/wheeltec/wheeltec_ros2/install/wheeltec_robot_keyboard:/home/wheeltec/wheeltec_ros2/install/tf2_tools:/home/wheeltec/wheeltec_ros2/install/nav2_simple_commander:/home/wheeltec/wheeltec_ros2/install/nav2_gazebo_spawner:/opt/ros/galactic /usr/bin/cmake --install /home/wheeltec/wheeltec_ros2/build/serial
[1.351s] -- Install configuration: ""
[1.351s] -- Up-to-date: /home/wheeltec/wheeltec_ros2/install/serial/lib/libserial.a
[1.352s] -- Up-to-date: /home/wheeltec/wheeltec_ros2/install/serial/share/serial/environment/library_path.sh
[1.352s] -- Up-to-date: /home/wheeltec/wheeltec_ros2/install/serial/share/serial/environment/library_path.dsv
[1.353s] -- Up-to-date: /home/wheeltec/wheeltec_ros2/install/serial/include/serial
[1.355s] -- Up-to-date: /home/wheeltec/wheeltec_ros2/install/serial/include/serial/serial.h
[1.356s] -- Up-to-date: /home/wheeltec/wheeltec_ros2/install/serial/include/serial/impl
[1.360s] -- Up-to-date: /home/wheeltec/wheeltec_ros2/install/serial/include/serial/impl/unix.h
[1.360s] -- Up-to-date: /home/wheeltec/wheeltec_ros2/install/serial/include/serial/impl/win.h
[1.361s] -- Up-to-date: /home/wheeltec/wheeltec_ros2/install/serial/include/serial/v8stdint.h
[1.362s] -- Up-to-date: /home/wheeltec/wheeltec_ros2/install/serial/share/ament_index/resource_index/package_run_dependencies/serial
[1.363s] -- Up-to-date: /home/wheeltec/wheeltec_ros2/install/serial/share/ament_index/resource_index/parent_prefix_path/serial
[1.363s] -- Up-to-date: /home/wheeltec/wheeltec_ros2/install/serial/share/serial/environment/ament_prefix_path.sh
[1.365s] -- Up-to-date: /home/wheeltec/wheeltec_ros2/install/serial/share/serial/environment/ament_prefix_path.dsv
[1.365s] -- Up-to-date: /home/wheeltec/wheeltec_ros2/install/serial/share/serial/environment/path.sh
[1.365s] -- Up-to-date: /home/wheeltec/wheeltec_ros2/install/serial/share/serial/environment/path.dsv
[1.366s] -- Up-to-date: /home/wheeltec/wheeltec_ros2/install/serial/share/serial/local_setup.bash
[1.367s] -- Up-to-date: /home/wheeltec/wheeltec_ros2/install/serial/share/serial/local_setup.sh
[1.367s] -- Up-to-date: /home/wheeltec/wheeltec_ros2/install/serial/share/serial/local_setup.zsh
[1.367s] -- Up-to-date: /home/wheeltec/wheeltec_ros2/install/serial/share/serial/local_setup.dsv
[1.368s] -- Installing: /home/wheeltec/wheeltec_ros2/install/serial/share/serial/package.dsv
[1.369s] -- Up-to-date: /home/wheeltec/wheeltec_ros2/install/serial/share/ament_index/resource_index/packages/serial
[1.369s] -- Up-to-date: /home/wheeltec/wheeltec_ros2/install/serial/share/serial/cmake/ament_cmake_export_include_directories-extras.cmake
[1.370s] -- Up-to-date: /home/wheeltec/wheeltec_ros2/install/serial/share/serial/cmake/ament_cmake_export_libraries-extras.cmake
[1.370s] -- Up-to-date: /home/wheeltec/wheeltec_ros2/install/serial/share/serial/cmake/ament_cmake_export_dependencies-extras.cmake
[1.371s] -- Up-to-date: /home/wheeltec/wheeltec_ros2/install/serial/share/serial/cmake/serialConfig.cmake
[1.371s] -- Up-to-date: /home/wheeltec/wheeltec_ros2/install/serial/share/serial/cmake/serialConfig-version.cmake
[1.371s] -- Up-to-date: /home/wheeltec/wheeltec_ros2/install/serial/share/serial/package.xml
[1.396s] Invoked command in '/home/wheeltec/wheeltec_ros2/build/serial' returned '0': CMAKE_PREFIX_PATH=${CMAKE_PREFIX_PATH}:/home/wheeltec/wheeltec_ros2/install/simple_follower_ros2:/home/wheeltec/wheeltec_ros2/install/wheeltec_robot_keyboard:/home/wheeltec/wheeltec_ros2/install/tf2_tools:/home/wheeltec/wheeltec_ros2/install/nav2_simple_commander:/home/wheeltec/wheeltec_ros2/install/nav2_gazebo_spawner:/opt/ros/galactic /usr/bin/cmake --install /home/wheeltec/wheeltec_ros2/build/serial
