[0.106s] Invoking command in '/home/wheeltec/wheeltec_ros2/build/lidar_ros2': CMAKE_PREFIX_PATH=${CMAKE_PREFIX_PATH}:/home/wheeltec/wheeltec_ros2/install/wheeltec_robot_keyboard:/home/wheeltec/wheeltec_ros2/install/tf2_tools:/home/wheeltec/wheeltec_ros2/install/nav2_gazebo_spawner:/opt/ros/galactic /usr/bin/cmake --build /home/wheeltec/wheeltec_ros2/build/lidar_ros2 -- -j4 -l4
[0.441s] [100%] Built target rplidarNode
[0.570s] Invoked command in '/home/wheeltec/wheeltec_ros2/build/lidar_ros2' returned '0': CMAKE_PREFIX_PATH=${CMAKE_PREFIX_PATH}:/home/wheeltec/wheeltec_ros2/install/wheeltec_robot_keyboard:/home/wheeltec/wheeltec_ros2/install/tf2_tools:/home/wheeltec/wheeltec_ros2/install/nav2_gazebo_spawner:/opt/ros/galactic /usr/bin/cmake --build /home/wheeltec/wheeltec_ros2/build/lidar_ros2 -- -j4 -l4
[0.764s] Invoking command in '/home/wheeltec/wheeltec_ros2/build/lidar_ros2': CMAKE_PREFIX_PATH=${CMAKE_PREFIX_PATH}:/home/wheeltec/wheeltec_ros2/install/wheeltec_robot_keyboard:/home/wheeltec/wheeltec_ros2/install/tf2_tools:/home/wheeltec/wheeltec_ros2/install/nav2_gazebo_spawner:/opt/ros/galactic /usr/bin/cmake --install /home/wheeltec/wheeltec_ros2/build/lidar_ros2
[0.806s] -- Install configuration: ""
[0.811s] -- Up-to-date: /home/wheeltec/wheeltec_ros2/install/lidar_ros2/lib/lidar_ros2/rplidarNode
[0.814s] -- Up-to-date: /home/wheeltec/wheeltec_ros2/install/lidar_ros2/share/lidar_ros2//launch
[0.815s] -- Up-to-date: /home/wheeltec/wheeltec_ros2/install/lidar_ros2/share/lidar_ros2//launch/rplidar.launch.py
[0.815s] -- Up-to-date: /home/wheeltec/wheeltec_ros2/install/lidar_ros2/share/lidar_ros2//launch/rplidar_a3.launch .py
[0.816s] -- Up-to-date: /home/wheeltec/wheeltec_ros2/install/lidar_ros2/share/lidar_ros2//launch/view_rplidar.launch.py
[0.816s] -- Up-to-date: /home/wheeltec/wheeltec_ros2/install/lidar_ros2/share/lidar_ros2//rviz
[0.817s] -- Up-to-date: /home/wheeltec/wheeltec_ros2/install/lidar_ros2/share/lidar_ros2//rviz/rplidar.rviz
[0.817s] -- Up-to-date: /home/wheeltec/wheeltec_ros2/install/lidar_ros2/share/lidar_ros2//sdk
[0.818s] -- Up-to-date: /home/wheeltec/wheeltec_ros2/install/lidar_ros2/share/lidar_ros2//sdk/README.txt
[0.818s] -- Up-to-date: /home/wheeltec/wheeltec_ros2/install/lidar_ros2/share/lidar_ros2//sdk/include
[0.818s] -- Up-to-date: /home/wheeltec/wheeltec_ros2/install/lidar_ros2/share/lidar_ros2//sdk/include/rplidar_protocol.h
[0.819s] -- Up-to-date: /home/wheeltec/wheeltec_ros2/install/lidar_ros2/share/lidar_ros2//sdk/include/rptypes.h
[0.819s] -- Up-to-date: /home/wheeltec/wheeltec_ros2/install/lidar_ros2/share/lidar_ros2//sdk/include/rplidar.h
[0.819s] -- Up-to-date: /home/wheeltec/wheeltec_ros2/install/lidar_ros2/share/lidar_ros2//sdk/include/rplidar_cmd.h
[0.820s] -- Up-to-date: /home/wheeltec/wheeltec_ros2/install/lidar_ros2/share/lidar_ros2//sdk/include/rplidar_driver.h
[0.820s] -- Up-to-date: /home/wheeltec/wheeltec_ros2/install/lidar_ros2/share/lidar_ros2//sdk/src
[0.821s] -- Up-to-date: /home/wheeltec/wheeltec_ros2/install/lidar_ros2/share/lidar_ros2//sdk/src/hal
[0.823s] -- Up-to-date: /home/wheeltec/wheeltec_ros2/install/lidar_ros2/share/lidar_ros2//sdk/src/hal/event.h
[0.823s] -- Up-to-date: /home/wheeltec/wheeltec_ros2/install/lidar_ros2/share/lidar_ros2//sdk/src/hal/socket.h
[0.826s] -- Up-to-date: /home/wheeltec/wheeltec_ros2/install/lidar_ros2/share/lidar_ros2//sdk/src/hal/thread.cpp
[0.827s] -- Up-to-date: /home/wheeltec/wheeltec_ros2/install/lidar_ros2/share/lidar_ros2//sdk/src/hal/thread.h
[0.827s] -- Up-to-date: /home/wheeltec/wheeltec_ros2/install/lidar_ros2/share/lidar_ros2//sdk/src/hal/locker.h
[0.828s] -- Up-to-date: /home/wheeltec/wheeltec_ros2/install/lidar_ros2/share/lidar_ros2//sdk/src/hal/types.h
[0.829s] -- Up-to-date: /home/wheeltec/wheeltec_ros2/install/lidar_ros2/share/lidar_ros2//sdk/src/hal/util.h
[0.829s] -- Up-to-date: /home/wheeltec/wheeltec_ros2/install/lidar_ros2/share/lidar_ros2//sdk/src/hal/byteops.h
[0.830s] -- Up-to-date: /home/wheeltec/wheeltec_ros2/install/lidar_ros2/share/lidar_ros2//sdk/src/hal/abs_rxtx.h
[0.831s] -- Up-to-date: /home/wheeltec/wheeltec_ros2/install/lidar_ros2/share/lidar_ros2//sdk/src/hal/assert.h
[0.831s] -- Up-to-date: /home/wheeltec/wheeltec_ros2/install/lidar_ros2/share/lidar_ros2//sdk/src/sdkcommon.h
[0.831s] -- Up-to-date: /home/wheeltec/wheeltec_ros2/install/lidar_ros2/share/lidar_ros2//sdk/src/rplidar_driver_impl.h
[0.832s] -- Up-to-date: /home/wheeltec/wheeltec_ros2/install/lidar_ros2/share/lidar_ros2//sdk/src/rplidar_driver_TCP.h
[0.832s] -- Up-to-date: /home/wheeltec/wheeltec_ros2/install/lidar_ros2/share/lidar_ros2//sdk/src/rplidar_driver.cpp
[0.833s] -- Up-to-date: /home/wheeltec/wheeltec_ros2/install/lidar_ros2/share/lidar_ros2//sdk/src/arch
[0.834s] -- Up-to-date: /home/wheeltec/wheeltec_ros2/install/lidar_ros2/share/lidar_ros2//sdk/src/arch/win32
[0.834s] -- Up-to-date: /home/wheeltec/wheeltec_ros2/install/lidar_ros2/share/lidar_ros2//sdk/src/arch/win32/winthread.hpp
[0.834s] -- Up-to-date: /home/wheeltec/wheeltec_ros2/install/lidar_ros2/share/lidar_ros2//sdk/src/arch/win32/timer.h
[0.835s] -- Up-to-date: /home/wheeltec/wheeltec_ros2/install/lidar_ros2/share/lidar_ros2//sdk/src/arch/win32/arch_win32.h
[0.835s] -- Up-to-date: /home/wheeltec/wheeltec_ros2/install/lidar_ros2/share/lidar_ros2//sdk/src/arch/win32/net_serial.cpp
[0.836s] -- Up-to-date: /home/wheeltec/wheeltec_ros2/install/lidar_ros2/share/lidar_ros2//sdk/src/arch/win32/timer.cpp
[0.858s] -- Up-to-date: /home/wheeltec/wheeltec_ros2/install/lidar_ros2/share/lidar_ros2//sdk/src/arch/win32/net_socket.cpp
[0.859s] -- Up-to-date: /home/wheeltec/wheeltec_ros2/install/lidar_ros2/share/lidar_ros2//sdk/src/arch/win32/net_serial.h
[0.859s] -- Up-to-date: /home/wheeltec/wheeltec_ros2/install/lidar_ros2/share/lidar_ros2//sdk/src/arch/macOS
[0.860s] -- Up-to-date: /home/wheeltec/wheeltec_ros2/install/lidar_ros2/share/lidar_ros2//sdk/src/arch/macOS/thread.hpp
[0.860s] -- Up-to-date: /home/wheeltec/wheeltec_ros2/install/lidar_ros2/share/lidar_ros2//sdk/src/arch/macOS/timer.h
[0.861s] -- Up-to-date: /home/wheeltec/wheeltec_ros2/install/lidar_ros2/share/lidar_ros2//sdk/src/arch/macOS/net_serial.cpp
[0.861s] -- Up-to-date: /home/wheeltec/wheeltec_ros2/install/lidar_ros2/share/lidar_ros2//sdk/src/arch/macOS/timer.cpp
[0.862s] -- Up-to-date: /home/wheeltec/wheeltec_ros2/install/lidar_ros2/share/lidar_ros2//sdk/src/arch/macOS/net_socket.cpp
[0.862s] -- Up-to-date: /home/wheeltec/wheeltec_ros2/install/lidar_ros2/share/lidar_ros2//sdk/src/arch/macOS/net_serial.h
[0.863s] -- Up-to-date: /home/wheeltec/wheeltec_ros2/install/lidar_ros2/share/lidar_ros2//sdk/src/arch/macOS/arch_macOS.h
[0.863s] -- Up-to-date: /home/wheeltec/wheeltec_ros2/install/lidar_ros2/share/lidar_ros2//sdk/src/arch/linux
[0.863s] -- Up-to-date: /home/wheeltec/wheeltec_ros2/install/lidar_ros2/share/lidar_ros2//sdk/src/arch/linux/thread.hpp
[0.864s] -- Up-to-date: /home/wheeltec/wheeltec_ros2/install/lidar_ros2/share/lidar_ros2//sdk/src/arch/linux/arch_linux.h
[0.864s] -- Up-to-date: /home/wheeltec/wheeltec_ros2/install/lidar_ros2/share/lidar_ros2//sdk/src/arch/linux/timer.h
[0.864s] -- Up-to-date: /home/wheeltec/wheeltec_ros2/install/lidar_ros2/share/lidar_ros2//sdk/src/arch/linux/net_serial.cpp
[0.865s] -- Up-to-date: /home/wheeltec/wheeltec_ros2/install/lidar_ros2/share/lidar_ros2//sdk/src/arch/linux/timer.cpp
[0.865s] -- Up-to-date: /home/wheeltec/wheeltec_ros2/install/lidar_ros2/share/lidar_ros2//sdk/src/arch/linux/net_socket.cpp
[0.866s] -- Up-to-date: /home/wheeltec/wheeltec_ros2/install/lidar_ros2/share/lidar_ros2//sdk/src/arch/linux/net_serial.h
[0.866s] -- Up-to-date: /home/wheeltec/wheeltec_ros2/install/lidar_ros2/share/lidar_ros2//sdk/src/rplidar_driver_serial.h
[0.867s] -- Up-to-date: /home/wheeltec/wheeltec_ros2/install/lidar_ros2/share/ament_index/resource_index/package_run_dependencies/lidar_ros2
[0.867s] -- Up-to-date: /home/wheeltec/wheeltec_ros2/install/lidar_ros2/share/ament_index/resource_index/parent_prefix_path/lidar_ros2
[0.867s] -- Up-to-date: /home/wheeltec/wheeltec_ros2/install/lidar_ros2/share/lidar_ros2/environment/ament_prefix_path.sh
[0.868s] -- Up-to-date: /home/wheeltec/wheeltec_ros2/install/lidar_ros2/share/lidar_ros2/environment/ament_prefix_path.dsv
[0.868s] -- Up-to-date: /home/wheeltec/wheeltec_ros2/install/lidar_ros2/share/lidar_ros2/environment/path.sh
[0.869s] -- Up-to-date: /home/wheeltec/wheeltec_ros2/install/lidar_ros2/share/lidar_ros2/environment/path.dsv
[0.869s] -- Up-to-date: /home/wheeltec/wheeltec_ros2/install/lidar_ros2/share/lidar_ros2/local_setup.bash
[0.870s] -- Up-to-date: /home/wheeltec/wheeltec_ros2/install/lidar_ros2/share/lidar_ros2/local_setup.sh
[0.870s] -- Up-to-date: /home/wheeltec/wheeltec_ros2/install/lidar_ros2/share/lidar_ros2/local_setup.zsh
[0.870s] -- Up-to-date: /home/wheeltec/wheeltec_ros2/install/lidar_ros2/share/lidar_ros2/local_setup.dsv
[0.871s] -- Installing: /home/wheeltec/wheeltec_ros2/install/lidar_ros2/share/lidar_ros2/package.dsv
[0.871s] -- Up-to-date: /home/wheeltec/wheeltec_ros2/install/lidar_ros2/share/ament_index/resource_index/packages/lidar_ros2
[0.872s] -- Up-to-date: /home/wheeltec/wheeltec_ros2/install/lidar_ros2/share/lidar_ros2/cmake/lidar_ros2Config.cmake
[0.883s] -- Up-to-date: /home/wheeltec/wheeltec_ros2/install/lidar_ros2/share/lidar_ros2/cmake/lidar_ros2Config-version.cmake
[0.883s] -- Up-to-date: /home/wheeltec/wheeltec_ros2/install/lidar_ros2/share/lidar_ros2/package.xml
[0.884s] Invoked command in '/home/wheeltec/wheeltec_ros2/build/lidar_ros2' returned '0': CMAKE_PREFIX_PATH=${CMAKE_PREFIX_PATH}:/home/wheeltec/wheeltec_ros2/install/wheeltec_robot_keyboard:/home/wheeltec/wheeltec_ros2/install/tf2_tools:/home/wheeltec/wheeltec_ros2/install/nav2_gazebo_spawner:/opt/ros/galactic /usr/bin/cmake --install /home/wheeltec/wheeltec_ros2/build/lidar_ros2
