[01m[K/home/wheeltec/wheeltec_ros2/src/wheeltec_web_video/src/libav_streamer.cpp:[m[K In constructor ‘[01m[Kweb_video_server::LibavStreamer::LibavStreamer(const async_web_server_cpp::HttpRequest&, async_web_server_cpp::HttpConnectionPtr, rclcpp::Node::SharedPtr, const string&, const string&, const string&)[m[K’:
[01m[K/home/wheeltec/wheeltec_ros2/src/wheeltec_web_video/src/libav_streamer.cpp:65:55:[m[K [01;35m[Kwarning: [m[K‘[01m[Kint av_lockmgr_register(int (*)(void**, AVLockOp))[m[K’ is deprecated [[01;35m[K-Wdeprecated-declarations[m[K]
   65 |   av_lockmgr_register(&ffmpeg_boost_mutex_lock_manager[01;35m[K)[m[K;
      |                                                       [01;35m[K^[m[K
In file included from [01m[K/home/wheeltec/wheeltec_ros2/src/wheeltec_web_video/include/web_video_server/libav_streamer.h:11[m[K,
                 from [01m[K/home/wheeltec/wheeltec_ros2/src/wheeltec_web_video/src/libav_streamer.cpp:1[m[K:
[01m[K/usr/include/aarch64-linux-gnu/libavcodec/avcodec.h:6163:5:[m[K [01;36m[Knote: [m[Kdeclared here
 6163 | int [01;36m[Kav_lockmgr_register[m[K(int (*cb)(void **mutex, enum AVLockOp op));
      |     [01;36m[K^~~~~~~~~~~~~~~~~~~[m[K
[01m[K/home/wheeltec/wheeltec_ros2/src/wheeltec_web_video/src/libav_streamer.cpp:65:55:[m[K [01;35m[Kwarning: [m[K‘[01m[Kint av_lockmgr_register(int (*)(void**, AVLockOp))[m[K’ is deprecated [[01;35m[K-Wdeprecated-declarations[m[K]
   65 |   av_lockmgr_register(&ffmpeg_boost_mutex_lock_manager[01;35m[K)[m[K;
      |                                                       [01;35m[K^[m[K
In file included from [01m[K/home/wheeltec/wheeltec_ros2/src/wheeltec_web_video/include/web_video_server/libav_streamer.h:11[m[K,
                 from [01m[K/home/wheeltec/wheeltec_ros2/src/wheeltec_web_video/src/libav_streamer.cpp:1[m[K:
[01m[K/usr/include/aarch64-linux-gnu/libavcodec/avcodec.h:6163:5:[m[K [01;36m[Knote: [m[Kdeclared here
 6163 | int [01;36m[Kav_lockmgr_register[m[K(int (*cb)(void **mutex, enum AVLockOp op));
      |     [01;36m[K^~~~~~~~~~~~~~~~~~~[m[K
[01m[K/home/wheeltec/wheeltec_ros2/src/wheeltec_web_video/src/libav_streamer.cpp:66:19:[m[K [01;35m[Kwarning: [m[K‘[01m[Kvoid av_register_all()[m[K’ is deprecated [[01;35m[K-Wdeprecated-declarations[m[K]
   66 |   av_register_all([01;35m[K)[m[K;
      |                   [01;35m[K^[m[K
In file included from [01m[K/home/wheeltec/wheeltec_ros2/src/wheeltec_web_video/include/web_video_server/libav_streamer.h:12[m[K,
                 from [01m[K/home/wheeltec/wheeltec_ros2/src/wheeltec_web_video/src/libav_streamer.cpp:1[m[K:
[01m[K/usr/include/aarch64-linux-gnu/libavformat/avformat.h:2050:6:[m[K [01;36m[Knote: [m[Kdeclared here
 2050 | void [01;36m[Kav_register_all[m[K(void);
      |      [01;36m[K^~~~~~~~~~~~~~~[m[K
[01m[K/home/wheeltec/wheeltec_ros2/src/wheeltec_web_video/src/libav_streamer.cpp:66:19:[m[K [01;35m[Kwarning: [m[K‘[01m[Kvoid av_register_all()[m[K’ is deprecated [[01;35m[K-Wdeprecated-declarations[m[K]
   66 |   av_register_all([01;35m[K)[m[K;
      |                   [01;35m[K^[m[K
In file included from [01m[K/home/wheeltec/wheeltec_ros2/src/wheeltec_web_video/include/web_video_server/libav_streamer.h:12[m[K,
                 from [01m[K/home/wheeltec/wheeltec_ros2/src/wheeltec_web_video/src/libav_streamer.cpp:1[m[K:
[01m[K/usr/include/aarch64-linux-gnu/libavformat/avformat.h:2050:6:[m[K [01;36m[Knote: [m[Kdeclared here
 2050 | void [01;36m[Kav_register_all[m[K(void);
      |      [01;36m[K^~~~~~~~~~~~~~~[m[K
[01m[K/home/wheeltec/wheeltec_ros2/src/wheeltec_web_video/src/libav_streamer.cpp:[m[K In member function ‘[01m[Kvirtual void web_video_server::LibavStreamer::initialize(const cv::Mat&)[m[K’:
[01m[K/home/wheeltec/wheeltec_ros2/src/wheeltec_web_video/src/libav_streamer.cpp:160:35:[m[K [01;35m[Kwarning: [m[K‘[01m[KAVStream::codec[m[K’ is deprecated [[01;35m[K-Wdeprecated-declarations[m[K]
  160 |   codec_context_ = video_stream_->[01;35m[Kcodec[m[K;
      |                                   [01;35m[K^~~~~[m[K
In file included from [01m[K/home/wheeltec/wheeltec_ros2/src/wheeltec_web_video/include/web_video_server/libav_streamer.h:12[m[K,
                 from [01m[K/home/wheeltec/wheeltec_ros2/src/wheeltec_web_video/src/libav_streamer.cpp:1[m[K:
[01m[K/usr/include/aarch64-linux-gnu/libavformat/avformat.h:885:21:[m[K [01;36m[Knote: [m[Kdeclared here
  885 |     AVCodecContext *[01;36m[Kcodec[m[K;
      |                     [01;36m[K^~~~~[m[K
[01m[K/home/wheeltec/wheeltec_ros2/src/wheeltec_web_video/src/libav_streamer.cpp:160:35:[m[K [01;35m[Kwarning: [m[K‘[01m[KAVStream::codec[m[K’ is deprecated [[01;35m[K-Wdeprecated-declarations[m[K]
  160 |   codec_context_ = video_stream_->[01;35m[Kcodec[m[K;
      |                                   [01;35m[K^~~~~[m[K
In file included from [01m[K/home/wheeltec/wheeltec_ros2/src/wheeltec_web_video/include/web_video_server/libav_streamer.h:12[m[K,
                 from [01m[K/home/wheeltec/wheeltec_ros2/src/wheeltec_web_video/src/libav_streamer.cpp:1[m[K:
[01m[K/usr/include/aarch64-linux-gnu/libavformat/avformat.h:885:21:[m[K [01;36m[Knote: [m[Kdeclared here
  885 |     AVCodecContext *[01;36m[Kcodec[m[K;
      |                     [01;36m[K^~~~~[m[K
[01m[K/home/wheeltec/wheeltec_ros2/src/wheeltec_web_video/src/libav_streamer.cpp:160:35:[m[K [01;35m[Kwarning: [m[K‘[01m[KAVStream::codec[m[K’ is deprecated [[01;35m[K-Wdeprecated-declarations[m[K]
  160 |   codec_context_ = video_stream_->[01;35m[Kcodec[m[K;
      |                                   [01;35m[K^~~~~[m[K
In file included from [01m[K/home/wheeltec/wheeltec_ros2/src/wheeltec_web_video/include/web_video_server/libav_streamer.h:12[m[K,
                 from [01m[K/home/wheeltec/wheeltec_ros2/src/wheeltec_web_video/src/libav_streamer.cpp:1[m[K:
[01m[K/usr/include/aarch64-linux-gnu/libavformat/avformat.h:885:21:[m[K [01;36m[Knote: [m[Kdeclared here
  885 |     AVCodecContext *[01;36m[Kcodec[m[K;
      |                     [01;36m[K^~~~~[m[K
[01m[K/home/wheeltec/wheeltec_ros2/src/wheeltec_web_video/src/image_streamer.cpp:[m[K In member function ‘[01m[Kvirtual void web_video_server::ImageTransportImageStreamer::restreamFrame(double)[m[K’:
[01m[K/home/wheeltec/wheeltec_ros2/src/wheeltec_web_video/src/image_streamer.cpp:61:47:[m[K [01;35m[Kwarning: [m[K‘[01m[Krclcpp::Duration::Duration(rcl_duration_value_t)[m[K’ is deprecated: Use Duration::from_nanoseconds instead or std::chrono_literals. For example:rclcpp::Duration::from_nanoseconds(int64_variable);rclcpp::Duration(0ns); [[01;35m[K-Wdeprecated-declarations[m[K]
   61 |     if ( last_frame + rclcpp::Duration(max_age[01;35m[K)[m[K < nh_->now() ) {
      |                                               [01;35m[K^[m[K
In file included from [01m[K/opt/ros/galactic/include/rclcpp/qos.hpp:20[m[K,
                 from [01m[K/opt/ros/galactic/include/rclcpp/node_interfaces/node_graph_interface.hpp:31[m[K,
                 from [01m[K/opt/ros/galactic/include/rclcpp/client.hpp:34[m[K,
                 from [01m[K/opt/ros/galactic/include/rclcpp/callback_group.hpp:23[m[K,
                 from [01m[K/opt/ros/galactic/include/rclcpp/any_executable.hpp:20[m[K,
                 from [01m[K/opt/ros/galactic/include/rclcpp/memory_strategy.hpp:25[m[K,
                 from [01m[K/opt/ros/galactic/include/rclcpp/memory_strategies.hpp:18[m[K,
                 from [01m[K/opt/ros/galactic/include/rclcpp/executor_options.hpp:20[m[K,
                 from [01m[K/opt/ros/galactic/include/rclcpp/executor.hpp:36[m[K,
                 from [01m[K/opt/ros/galactic/include/rclcpp/executors/multi_threaded_executor.hpp:26[m[K,
                 from [01m[K/opt/ros/galactic/include/rclcpp/executors.hpp:21[m[K,
                 from [01m[K/opt/ros/galactic/include/rclcpp/rclcpp.hpp:156[m[K,
                 from [01m[K/home/wheeltec/wheeltec_ros2/src/wheeltec_web_video/include/web_video_server/image_streamer.h:4[m[K,
                 from [01m[K/home/wheeltec/wheeltec_ros2/src/wheeltec_web_video/src/image_streamer.cpp:1[m[K:
[01m[K/opt/ros/galactic/include/rclcpp/duration.hpp:46:12:[m[K [01;36m[Knote: [m[Kdeclared here
   46 |   explicit [01;36m[KDuration[m[K(rcl_duration_value_t nanoseconds);
      |            [01;36m[K^~~~~~~~[m[K
[01m[K/home/wheeltec/wheeltec_ros2/src/wheeltec_web_video/src/ros_compressed_streamer.cpp:[m[K In member function ‘[01m[Kvirtual void web_video_server::RosCompressedStreamer::restreamFrame(double)[m[K’:
[01m[K/home/wheeltec/wheeltec_ros2/src/wheeltec_web_video/src/ros_compressed_streamer.cpp:30:45:[m[K [01;35m[Kwarning: [m[K‘[01m[Krclcpp::Duration::Duration(rcl_duration_value_t)[m[K’ is deprecated: Use Duration::from_nanoseconds instead or std::chrono_literals. For example:rclcpp::Duration::from_nanoseconds(int64_variable);rclcpp::Duration(0ns); [[01;35m[K-Wdeprecated-declarations[m[K]
   30 |   if ( last_frame + rclcpp::Duration(max_age[01;35m[K)[m[K < nh_->now() ) {
      |                                             [01;35m[K^[m[K
In file included from [01m[K/opt/ros/galactic/include/rclcpp/qos.hpp:20[m[K,
                 from [01m[K/opt/ros/galactic/include/rclcpp/node_interfaces/node_graph_interface.hpp:31[m[K,
                 from [01m[K/opt/ros/galactic/include/rclcpp/client.hpp:34[m[K,
                 from [01m[K/opt/ros/galactic/include/rclcpp/callback_group.hpp:23[m[K,
                 from [01m[K/opt/ros/galactic/include/rclcpp/any_executable.hpp:20[m[K,
                 from [01m[K/opt/ros/galactic/include/rclcpp/memory_strategy.hpp:25[m[K,
                 from [01m[K/opt/ros/galactic/include/rclcpp/memory_strategies.hpp:18[m[K,
                 from [01m[K/opt/ros/galactic/include/rclcpp/executor_options.hpp:20[m[K,
                 from [01m[K/opt/ros/galactic/include/rclcpp/executor.hpp:36[m[K,
                 from [01m[K/opt/ros/galactic/include/rclcpp/executors/multi_threaded_executor.hpp:26[m[K,
                 from [01m[K/opt/ros/galactic/include/rclcpp/executors.hpp:21[m[K,
                 from [01m[K/opt/ros/galactic/include/rclcpp/rclcpp.hpp:156[m[K,
                 from [01m[K/home/wheeltec/wheeltec_ros2/src/wheeltec_web_video/include/web_video_server/image_streamer.h:4[m[K,
                 from [01m[K/home/wheeltec/wheeltec_ros2/src/wheeltec_web_video/include/web_video_server/ros_compressed_streamer.h:5[m[K,
                 from [01m[K/home/wheeltec/wheeltec_ros2/src/wheeltec_web_video/src/ros_compressed_streamer.cpp:1[m[K:
[01m[K/opt/ros/galactic/include/rclcpp/duration.hpp:46:12:[m[K [01;36m[Knote: [m[Kdeclared here
   46 |   explicit [01;36m[KDuration[m[K(rcl_duration_value_t nanoseconds);
      |            [01;36m[K^~~~~~~~[m[K
