[0.057s] Invoking command in '/home/wheeltec/wheeltec_ros2/build/web_video_server': CMAKE_PREFIX_PATH=/opt/ros/galactic /usr/bin/cmake /home/wheeltec/wheeltec_ros2/src/wheeltec_web_video -DCMAKE_INSTALL_PREFIX=/home/wheeltec/wheeltec_ros2/install/web_video_server
[0.120s] -- Found ament_cmake_ros: 0.9.2 (/opt/ros/galactic/share/ament_cmake_ros/cmake)
[0.209s] -- Using PYTHON_EXECUTABLE: /usr/bin/python3
[0.475s] -- Found async_web_server_cpp: 2.0.0 (/opt/ros/galactic/share/async_web_server_cpp/cmake)
[1.569s] -- Found Boost: /usr/lib/aarch64-linux-gnu/cmake/Boost-1.71.0/BoostConfig.cmake (found suitable version "1.71.0", minimum required is "1.71.0") found components: filesystem regex thread 
[1.589s] -- Found cv_bridge: 2.2.1 (/opt/ros/galactic/share/cv_bridge/cmake)
[1.680s] -- Found image_transport: 2.3.1 (/opt/ros/galactic/share/image_transport/cmake)
[1.961s] -- Using all available rosidl_typesupport_c: rosidl_typesupport_fastrtps_c;rosidl_typesupport_introspection_c
[2.011s] -- Found rosidl_adapter: 2.2.2 (/opt/ros/galactic/share/rosidl_adapter/cmake)
[2.813s] -- Found OpenSSL: /usr/lib/aarch64-linux-gnu/libcrypto.so (found version "1.1.1f")  
[3.033s] -- Found FastRTPS: /opt/ros/galactic/include  
[3.719s] -- Using all available rosidl_typesupport_cpp: rosidl_typesupport_fastrtps_cpp;rosidl_typesupport_introspection_cpp
[4.542s] -- Found rmw_implementation_cmake: 3.3.1 (/opt/ros/galactic/share/rmw_implementation_cmake/cmake)
[4.588s] -- Found rmw_cyclonedds_cpp: 0.22.5 (/opt/ros/galactic/share/rmw_cyclonedds_cpp/cmake)
[4.868s] -- Using RMW implementation 'rmw_cyclonedds_cpp' as default
[4.884s] -- Found Threads: TRUE  
[8.248s] -- Found OpenCV: /usr (found version "4.2.0") 
[8.274s] -- Found Boost: /usr/lib/aarch64-linux-gnu/cmake/Boost-1.71.0/BoostConfig.cmake (found version "1.71.0") found components: thread 
[8.314s] -- Found PkgConfig: /usr/bin/pkg-config (found version "0.29.1") 
[8.318s] -- Checking for module 'libavcodec'
[8.601s] --   Found libavcodec, version 58.54.100
[9.263s] -- Checking for module 'libavformat'
[9.420s] --   Found libavformat, version 58.29.100
[10.064s] -- Checking for module 'libavutil'
[10.287s] --   Found libavutil, version 56.31.100
[10.879s] -- Checking for module 'libswscale'
[11.105s] --   Found libswscale, version 5.5.100
[12.872s] -- Configuring done
[13.239s] -- Generating done
[13.259s] -- Build files have been written to: /home/wheeltec/wheeltec_ros2/build/web_video_server
[13.329s] Invoked command in '/home/wheeltec/wheeltec_ros2/build/web_video_server' returned '0': CMAKE_PREFIX_PATH=/opt/ros/galactic /usr/bin/cmake /home/wheeltec/wheeltec_ros2/src/wheeltec_web_video -DCMAKE_INSTALL_PREFIX=/home/wheeltec/wheeltec_ros2/install/web_video_server
[13.332s] Invoking command in '/home/wheeltec/wheeltec_ros2/build/web_video_server': CMAKE_PREFIX_PATH=/opt/ros/galactic /usr/bin/cmake --build /home/wheeltec/wheeltec_ros2/build/web_video_server -- -j4 -l4
[13.843s] [35m[1mScanning dependencies of target web_video_server[0m
[15.205s] [  9%] [32mBuilding CXX object CMakeFiles/web_video_server.dir/src/web_video_server.cpp.o[0m
[76.885s] [ 18%] [32mBuilding CXX object CMakeFiles/web_video_server.dir/src/vp8_streamer.cpp.o[0m
[109.809s] [ 27%] [32mBuilding CXX object CMakeFiles/web_video_server.dir/src/h264_streamer.cpp.o[0m
[134.606s] [ 36%] [32mBuilding CXX object CMakeFiles/web_video_server.dir/src/vp9_streamer.cpp.o[0m
[153.660s] [ 45%] [32mBuilding CXX object CMakeFiles/web_video_server.dir/src/multipart_stream.cpp.o[0m
[154.740s] [ 54%] [32mBuilding CXX object CMakeFiles/web_video_server.dir/src/libav_streamer.cpp.o[0m
[155.851s] [ 63%] [32mBuilding CXX object CMakeFiles/web_video_server.dir/src/image_streamer.cpp.o[0m
[180.519s] [01m[K/home/wheeltec/wheeltec_ros2/src/wheeltec_web_video/src/libav_streamer.cpp:[m[K In constructor ‘[01m[Kweb_video_server::LibavStreamer::LibavStreamer(const async_web_server_cpp::HttpRequest&, async_web_server_cpp::HttpConnectionPtr, rclcpp::Node::SharedPtr, const string&, const string&, const string&)[m[K’:
[180.521s] [01m[K/home/wheeltec/wheeltec_ros2/src/wheeltec_web_video/src/libav_streamer.cpp:65:55:[m[K [01;35m[Kwarning: [m[K‘[01m[Kint av_lockmgr_register(int (*)(void**, AVLockOp))[m[K’ is deprecated [[01;35m[K-Wdeprecated-declarations[m[K]
[180.522s]    65 |   av_lockmgr_register(&ffmpeg_boost_mutex_lock_manager[01;35m[K)[m[K;
[180.522s]       |                                                       [01;35m[K^[m[K
[180.523s] In file included from [01m[K/home/wheeltec/wheeltec_ros2/src/wheeltec_web_video/include/web_video_server/libav_streamer.h:11[m[K,
[180.524s]                  from [01m[K/home/wheeltec/wheeltec_ros2/src/wheeltec_web_video/src/libav_streamer.cpp:1[m[K:
[180.524s] [01m[K/usr/include/aarch64-linux-gnu/libavcodec/avcodec.h:6163:5:[m[K [01;36m[Knote: [m[Kdeclared here
[180.526s]  6163 | int [01;36m[Kav_lockmgr_register[m[K(int (*cb)(void **mutex, enum AVLockOp op));
[180.527s]       |     [01;36m[K^~~~~~~~~~~~~~~~~~~[m[K
[180.527s] [01m[K/home/wheeltec/wheeltec_ros2/src/wheeltec_web_video/src/libav_streamer.cpp:65:55:[m[K [01;35m[Kwarning: [m[K‘[01m[Kint av_lockmgr_register(int (*)(void**, AVLockOp))[m[K’ is deprecated [[01;35m[K-Wdeprecated-declarations[m[K]
[180.528s]    65 |   av_lockmgr_register(&ffmpeg_boost_mutex_lock_manager[01;35m[K)[m[K;
[180.528s]       |                                                       [01;35m[K^[m[K
[180.529s] In file included from [01m[K/home/wheeltec/wheeltec_ros2/src/wheeltec_web_video/include/web_video_server/libav_streamer.h:11[m[K,
[180.531s]                  from [01m[K/home/wheeltec/wheeltec_ros2/src/wheeltec_web_video/src/libav_streamer.cpp:1[m[K:
[180.531s] [01m[K/usr/include/aarch64-linux-gnu/libavcodec/avcodec.h:6163:5:[m[K [01;36m[Knote: [m[Kdeclared here
[180.532s]  6163 | int [01;36m[Kav_lockmgr_register[m[K(int (*cb)(void **mutex, enum AVLockOp op));
[180.532s]       |     [01;36m[K^~~~~~~~~~~~~~~~~~~[m[K
[180.533s] [01m[K/home/wheeltec/wheeltec_ros2/src/wheeltec_web_video/src/libav_streamer.cpp:66:19:[m[K [01;35m[Kwarning: [m[K‘[01m[Kvoid av_register_all()[m[K’ is deprecated [[01;35m[K-Wdeprecated-declarations[m[K]
[180.534s]    66 |   av_register_all([01;35m[K)[m[K;
[180.534s]       |                   [01;35m[K^[m[K
[180.535s] In file included from [01m[K/home/wheeltec/wheeltec_ros2/src/wheeltec_web_video/include/web_video_server/libav_streamer.h:12[m[K,
[180.535s]                  from [01m[K/home/wheeltec/wheeltec_ros2/src/wheeltec_web_video/src/libav_streamer.cpp:1[m[K:
[180.536s] [01m[K/usr/include/aarch64-linux-gnu/libavformat/avformat.h:2050:6:[m[K [01;36m[Knote: [m[Kdeclared here
[180.536s]  2050 | void [01;36m[Kav_register_all[m[K(void);
[180.537s]       |      [01;36m[K^~~~~~~~~~~~~~~[m[K
[180.537s] [01m[K/home/wheeltec/wheeltec_ros2/src/wheeltec_web_video/src/libav_streamer.cpp:66:19:[m[K [01;35m[Kwarning: [m[K‘[01m[Kvoid av_register_all()[m[K’ is deprecated [[01;35m[K-Wdeprecated-declarations[m[K]
[180.538s]    66 |   av_register_all([01;35m[K)[m[K;
[180.538s]       |                   [01;35m[K^[m[K
[180.539s] In file included from [01m[K/home/wheeltec/wheeltec_ros2/src/wheeltec_web_video/include/web_video_server/libav_streamer.h:12[m[K,
[180.539s]                  from [01m[K/home/wheeltec/wheeltec_ros2/src/wheeltec_web_video/src/libav_streamer.cpp:1[m[K:
[180.540s] [01m[K/usr/include/aarch64-linux-gnu/libavformat/avformat.h:2050:6:[m[K [01;36m[Knote: [m[Kdeclared here
[180.541s]  2050 | void [01;36m[Kav_register_all[m[K(void);
[180.541s]       |      [01;36m[K^~~~~~~~~~~~~~~[m[K
[180.542s] [01m[K/home/wheeltec/wheeltec_ros2/src/wheeltec_web_video/src/libav_streamer.cpp:[m[K In member function ‘[01m[Kvirtual void web_video_server::LibavStreamer::initialize(const cv::Mat&)[m[K’:
[180.543s] [01m[K/home/wheeltec/wheeltec_ros2/src/wheeltec_web_video/src/libav_streamer.cpp:160:35:[m[K [01;35m[Kwarning: [m[K‘[01m[KAVStream::codec[m[K’ is deprecated [[01;35m[K-Wdeprecated-declarations[m[K]
[180.543s]   160 |   codec_context_ = video_stream_->[01;35m[Kcodec[m[K;
[180.544s]       |                                   [01;35m[K^~~~~[m[K
[180.544s] In file included from [01m[K/home/wheeltec/wheeltec_ros2/src/wheeltec_web_video/include/web_video_server/libav_streamer.h:12[m[K,
[180.545s]                  from [01m[K/home/wheeltec/wheeltec_ros2/src/wheeltec_web_video/src/libav_streamer.cpp:1[m[K:
[180.545s] [01m[K/usr/include/aarch64-linux-gnu/libavformat/avformat.h:885:21:[m[K [01;36m[Knote: [m[Kdeclared here
[180.546s]   885 |     AVCodecContext *[01;36m[Kcodec[m[K;
[180.547s]       |                     [01;36m[K^~~~~[m[K
[180.547s] [01m[K/home/wheeltec/wheeltec_ros2/src/wheeltec_web_video/src/libav_streamer.cpp:160:35:[m[K [01;35m[Kwarning: [m[K‘[01m[KAVStream::codec[m[K’ is deprecated [[01;35m[K-Wdeprecated-declarations[m[K]
[180.548s]   160 |   codec_context_ = video_stream_->[01;35m[Kcodec[m[K;
[180.548s]       |                                   [01;35m[K^~~~~[m[K
[180.549s] In file included from [01m[K/home/wheeltec/wheeltec_ros2/src/wheeltec_web_video/include/web_video_server/libav_streamer.h:12[m[K,
[180.549s]                  from [01m[K/home/wheeltec/wheeltec_ros2/src/wheeltec_web_video/src/libav_streamer.cpp:1[m[K:
[180.550s] [01m[K/usr/include/aarch64-linux-gnu/libavformat/avformat.h:885:21:[m[K [01;36m[Knote: [m[Kdeclared here
[180.551s]   885 |     AVCodecContext *[01;36m[Kcodec[m[K;
[180.551s]       |                     [01;36m[K^~~~~[m[K
[180.552s] [01m[K/home/wheeltec/wheeltec_ros2/src/wheeltec_web_video/src/libav_streamer.cpp:160:35:[m[K [01;35m[Kwarning: [m[K‘[01m[KAVStream::codec[m[K’ is deprecated [[01;35m[K-Wdeprecated-declarations[m[K]
[180.552s]   160 |   codec_context_ = video_stream_->[01;35m[Kcodec[m[K;
[180.553s]       |                                   [01;35m[K^~~~~[m[K
[180.553s] In file included from [01m[K/home/wheeltec/wheeltec_ros2/src/wheeltec_web_video/include/web_video_server/libav_streamer.h:12[m[K,
[180.554s]                  from [01m[K/home/wheeltec/wheeltec_ros2/src/wheeltec_web_video/src/libav_streamer.cpp:1[m[K:
[180.555s] [01m[K/usr/include/aarch64-linux-gnu/libavformat/avformat.h:885:21:[m[K [01;36m[Knote: [m[Kdeclared here
[180.555s]   885 |     AVCodecContext *[01;36m[Kcodec[m[K;
[180.556s]       |                     [01;36m[K^~~~~[m[K
[180.734s] [01m[K/home/wheeltec/wheeltec_ros2/src/wheeltec_web_video/src/image_streamer.cpp:[m[K In member function ‘[01m[Kvirtual void web_video_server::ImageTransportImageStreamer::restreamFrame(double)[m[K’:
[180.734s] [01m[K/home/wheeltec/wheeltec_ros2/src/wheeltec_web_video/src/image_streamer.cpp:61:47:[m[K [01;35m[Kwarning: [m[K‘[01m[Krclcpp::Duration::Duration(rcl_duration_value_t)[m[K’ is deprecated: Use Duration::from_nanoseconds instead or std::chrono_literals. For example:rclcpp::Duration::from_nanoseconds(int64_variable);rclcpp::Duration(0ns); [[01;35m[K-Wdeprecated-declarations[m[K]
[180.735s]    61 |     if ( last_frame + rclcpp::Duration(max_age[01;35m[K)[m[K < nh_->now() ) {
[180.735s]       |                                               [01;35m[K^[m[K
[180.736s] In file included from [01m[K/opt/ros/galactic/include/rclcpp/qos.hpp:20[m[K,
[180.736s]                  from [01m[K/opt/ros/galactic/include/rclcpp/node_interfaces/node_graph_interface.hpp:31[m[K,
[180.736s]                  from [01m[K/opt/ros/galactic/include/rclcpp/client.hpp:34[m[K,
[180.737s]                  from [01m[K/opt/ros/galactic/include/rclcpp/callback_group.hpp:23[m[K,
[180.737s]                  from [01m[K/opt/ros/galactic/include/rclcpp/any_executable.hpp:20[m[K,
[180.738s]                  from [01m[K/opt/ros/galactic/include/rclcpp/memory_strategy.hpp:25[m[K,
[180.738s]                  from [01m[K/opt/ros/galactic/include/rclcpp/memory_strategies.hpp:18[m[K,
[180.739s]                  from [01m[K/opt/ros/galactic/include/rclcpp/executor_options.hpp:20[m[K,
[180.739s]                  from [01m[K/opt/ros/galactic/include/rclcpp/executor.hpp:36[m[K,
[180.740s]                  from [01m[K/opt/ros/galactic/include/rclcpp/executors/multi_threaded_executor.hpp:26[m[K,
[180.740s]                  from [01m[K/opt/ros/galactic/include/rclcpp/executors.hpp:21[m[K,
[180.740s]                  from [01m[K/opt/ros/galactic/include/rclcpp/rclcpp.hpp:156[m[K,
[180.741s]                  from [01m[K/home/wheeltec/wheeltec_ros2/src/wheeltec_web_video/include/web_video_server/image_streamer.h:4[m[K,
[180.741s]                  from [01m[K/home/wheeltec/wheeltec_ros2/src/wheeltec_web_video/src/image_streamer.cpp:1[m[K:
[180.742s] [01m[K/opt/ros/galactic/include/rclcpp/duration.hpp:46:12:[m[K [01;36m[Knote: [m[Kdeclared here
[180.742s]    46 |   explicit [01;36m[KDuration[m[K(rcl_duration_value_t nanoseconds);
[180.743s]       |            [01;36m[K^~~~~~~~[m[K
[187.587s] [ 72%] [32mBuilding CXX object CMakeFiles/web_video_server.dir/src/png_streamers.cpp.o[0m
[218.981s] [ 81%] [32mBuilding CXX object CMakeFiles/web_video_server.dir/src/jpeg_streamers.cpp.o[0m
[250.997s] [ 90%] [32mBuilding CXX object CMakeFiles/web_video_server.dir/src/ros_compressed_streamer.cpp.o[0m
[272.295s] [01m[K/home/wheeltec/wheeltec_ros2/src/wheeltec_web_video/src/ros_compressed_streamer.cpp:[m[K In member function ‘[01m[Kvirtual void web_video_server::RosCompressedStreamer::restreamFrame(double)[m[K’:
[272.296s] [01m[K/home/wheeltec/wheeltec_ros2/src/wheeltec_web_video/src/ros_compressed_streamer.cpp:30:45:[m[K [01;35m[Kwarning: [m[K‘[01m[Krclcpp::Duration::Duration(rcl_duration_value_t)[m[K’ is deprecated: Use Duration::from_nanoseconds instead or std::chrono_literals. For example:rclcpp::Duration::from_nanoseconds(int64_variable);rclcpp::Duration(0ns); [[01;35m[K-Wdeprecated-declarations[m[K]
[272.296s]    30 |   if ( last_frame + rclcpp::Duration(max_age[01;35m[K)[m[K < nh_->now() ) {
[272.297s]       |                                             [01;35m[K^[m[K
[272.297s] In file included from [01m[K/opt/ros/galactic/include/rclcpp/qos.hpp:20[m[K,
[272.298s]                  from [01m[K/opt/ros/galactic/include/rclcpp/node_interfaces/node_graph_interface.hpp:31[m[K,
[272.298s]                  from [01m[K/opt/ros/galactic/include/rclcpp/client.hpp:34[m[K,
[272.299s]                  from [01m[K/opt/ros/galactic/include/rclcpp/callback_group.hpp:23[m[K,
[272.299s]                  from [01m[K/opt/ros/galactic/include/rclcpp/any_executable.hpp:20[m[K,
[272.299s]                  from [01m[K/opt/ros/galactic/include/rclcpp/memory_strategy.hpp:25[m[K,
[272.300s]                  from [01m[K/opt/ros/galactic/include/rclcpp/memory_strategies.hpp:18[m[K,
[272.300s]                  from [01m[K/opt/ros/galactic/include/rclcpp/executor_options.hpp:20[m[K,
[272.300s]                  from [01m[K/opt/ros/galactic/include/rclcpp/executor.hpp:36[m[K,
[272.301s]                  from [01m[K/opt/ros/galactic/include/rclcpp/executors/multi_threaded_executor.hpp:26[m[K,
[272.301s]                  from [01m[K/opt/ros/galactic/include/rclcpp/executors.hpp:21[m[K,
[272.301s]                  from [01m[K/opt/ros/galactic/include/rclcpp/rclcpp.hpp:156[m[K,
[272.302s]                  from [01m[K/home/wheeltec/wheeltec_ros2/src/wheeltec_web_video/include/web_video_server/image_streamer.h:4[m[K,
[272.302s]                  from [01m[K/home/wheeltec/wheeltec_ros2/src/wheeltec_web_video/include/web_video_server/ros_compressed_streamer.h:5[m[K,
[272.303s]                  from [01m[K/home/wheeltec/wheeltec_ros2/src/wheeltec_web_video/src/ros_compressed_streamer.cpp:1[m[K:
[272.303s] [01m[K/opt/ros/galactic/include/rclcpp/duration.hpp:46:12:[m[K [01;36m[Knote: [m[Kdeclared here
[272.304s]    46 |   explicit [01;36m[KDuration[m[K(rcl_duration_value_t nanoseconds);
[272.304s]       |            [01;36m[K^~~~~~~~[m[K
[295.492s] [100%] [32m[1mLinking CXX executable web_video_server[0m
[300.762s] [100%] Built target web_video_server
