[0.103s] Invoking command in '/home/wheeltec/wheeltec_ros2/build/dwb_msgs': AMENT_PREFIX_PATH=/home/wheeltec/wheeltec_ros2/install/nav_2d_msgs:${AMENT_PREFIX_PATH} CMAKE_PREFIX_PATH=/home/wheeltec/wheeltec_ros2/install/nav_2d_msgs:/opt/ros/galactic LD_LIBRARY_PATH=/home/wheeltec/wheeltec_ros2/install/nav_2d_msgs/lib:/usr/local/cuda-10.2/lib64:/opt/ros/galactic/opt/yaml_cpp_vendor/lib:/opt/ros/galactic/opt/rviz_ogre_vendor/lib:/opt/ros/galactic/lib/aarch64-linux-gnu:/opt/ros/galactic/lib:/usr/local/cuda-10.2/lib64 PYTHONPATH=/home/wheeltec/wheeltec_ros2/install/nav_2d_msgs/lib/python3.8/site-packages:${PYTHONPATH} /usr/bin/cmake --build /home/wheeltec/wheeltec_ros2/build/dwb_msgs -- -j4 -l4
[0.387s] [  1%] Built target dwb_msgs__cpp
[0.419s] [ 12%] Built target dwb_msgs__rosidl_generator_c
[0.526s] [ 24%] Built target dwb_msgs__rosidl_typesupport_cpp
[0.572s] [ 35%] Built target dwb_msgs__rosidl_typesupport_introspection_cpp
[0.629s] [ 47%] Built target dwb_msgs__rosidl_typesupport_fastrtps_cpp
[0.693s] [ 58%] Built target dwb_msgs__rosidl_typesupport_introspection_c
[0.724s] [ 70%] Built target dwb_msgs__rosidl_typesupport_c
[0.833s] [ 82%] Built target dwb_msgs__rosidl_typesupport_fastrtps_c
[0.915s] [ 82%] Built target dwb_msgs
[0.993s] [ 83%] Built target dwb_msgs__py
[1.124s] [ 93%] Built target dwb_msgs__python
[1.262s] [ 95%] Built target dwb_msgs__rosidl_typesupport_c__pyext
[1.272s] [ 97%] Built target dwb_msgs__rosidl_typesupport_introspection_c__pyext
[1.296s] [100%] Built target dwb_msgs__rosidl_typesupport_fastrtps_c__pyext
[1.348s] Invoked command in '/home/wheeltec/wheeltec_ros2/build/dwb_msgs' returned '0': AMENT_PREFIX_PATH=/home/wheeltec/wheeltec_ros2/install/nav_2d_msgs:${AMENT_PREFIX_PATH} CMAKE_PREFIX_PATH=/home/wheeltec/wheeltec_ros2/install/nav_2d_msgs:/opt/ros/galactic LD_LIBRARY_PATH=/home/wheeltec/wheeltec_ros2/install/nav_2d_msgs/lib:/usr/local/cuda-10.2/lib64:/opt/ros/galactic/opt/yaml_cpp_vendor/lib:/opt/ros/galactic/opt/rviz_ogre_vendor/lib:/opt/ros/galactic/lib/aarch64-linux-gnu:/opt/ros/galactic/lib:/usr/local/cuda-10.2/lib64 PYTHONPATH=/home/wheeltec/wheeltec_ros2/install/nav_2d_msgs/lib/python3.8/site-packages:${PYTHONPATH} /usr/bin/cmake --build /home/wheeltec/wheeltec_ros2/build/dwb_msgs -- -j4 -l4
[2.462s] Invoking command in '/home/wheeltec/wheeltec_ros2/build/dwb_msgs': AMENT_PREFIX_PATH=/home/wheeltec/wheeltec_ros2/install/nav_2d_msgs:${AMENT_PREFIX_PATH} CMAKE_PREFIX_PATH=/home/wheeltec/wheeltec_ros2/install/nav_2d_msgs:/opt/ros/galactic LD_LIBRARY_PATH=/home/wheeltec/wheeltec_ros2/install/nav_2d_msgs/lib:/usr/local/cuda-10.2/lib64:/opt/ros/galactic/opt/yaml_cpp_vendor/lib:/opt/ros/galactic/opt/rviz_ogre_vendor/lib:/opt/ros/galactic/lib/aarch64-linux-gnu:/opt/ros/galactic/lib:/usr/local/cuda-10.2/lib64 PYTHONPATH=/home/wheeltec/wheeltec_ros2/install/nav_2d_msgs/lib/python3.8/site-packages:${PYTHONPATH} /usr/bin/cmake --install /home/wheeltec/wheeltec_ros2/build/dwb_msgs
[2.512s] -- Install configuration: ""
[2.515s] -- Up-to-date: /home/wheeltec/wheeltec_ros2/install/dwb_msgs/share/ament_index/resource_index/rosidl_interfaces/dwb_msgs
[2.516s] -- Up-to-date: /home/wheeltec/wheeltec_ros2/install/dwb_msgs/include/dwb_msgs
[2.516s] -- Up-to-date: /home/wheeltec/wheeltec_ros2/install/dwb_msgs/include/dwb_msgs/msg
[2.517s] -- Up-to-date: /home/wheeltec/wheeltec_ros2/install/dwb_msgs/include/dwb_msgs/msg/trajectory_score.h
[2.519s] -- Up-to-date: /home/wheeltec/wheeltec_ros2/install/dwb_msgs/include/dwb_msgs/msg/local_plan_evaluation.h
[2.520s] -- Up-to-date: /home/wheeltec/wheeltec_ros2/install/dwb_msgs/include/dwb_msgs/msg/detail
[2.520s] -- Up-to-date: /home/wheeltec/wheeltec_ros2/install/dwb_msgs/include/dwb_msgs/msg/detail/local_plan_evaluation__functions.h
[2.521s] -- Up-to-date: /home/wheeltec/wheeltec_ros2/install/dwb_msgs/include/dwb_msgs/msg/detail/trajectory_score__functions.h
[2.522s] -- Up-to-date: /home/wheeltec/wheeltec_ros2/install/dwb_msgs/include/dwb_msgs/msg/detail/critic_score__functions.c
[2.523s] -- Up-to-date: /home/wheeltec/wheeltec_ros2/install/dwb_msgs/include/dwb_msgs/msg/detail/trajectory2_d__struct.h
[2.524s] -- Up-to-date: /home/wheeltec/wheeltec_ros2/install/dwb_msgs/include/dwb_msgs/msg/detail/trajectory2_d__functions.h
[2.524s] -- Up-to-date: /home/wheeltec/wheeltec_ros2/install/dwb_msgs/include/dwb_msgs/msg/detail/local_plan_evaluation__type_support.h
[2.525s] -- Up-to-date: /home/wheeltec/wheeltec_ros2/install/dwb_msgs/include/dwb_msgs/msg/detail/trajectory_score__functions.c
[2.525s] -- Up-to-date: /home/wheeltec/wheeltec_ros2/install/dwb_msgs/include/dwb_msgs/msg/detail/local_plan_evaluation__functions.c
[2.526s] -- Up-to-date: /home/wheeltec/wheeltec_ros2/install/dwb_msgs/include/dwb_msgs/msg/detail/trajectory2_d__type_support.h
[2.527s] -- Up-to-date: /home/wheeltec/wheeltec_ros2/install/dwb_msgs/include/dwb_msgs/msg/detail/trajectory2_d__functions.c
[2.527s] -- Up-to-date: /home/wheeltec/wheeltec_ros2/install/dwb_msgs/include/dwb_msgs/msg/detail/critic_score__struct.h
[2.527s] -- Up-to-date: /home/wheeltec/wheeltec_ros2/install/dwb_msgs/include/dwb_msgs/msg/detail/critic_score__functions.h
[2.528s] -- Up-to-date: /home/wheeltec/wheeltec_ros2/install/dwb_msgs/include/dwb_msgs/msg/detail/critic_score__type_support.h
[2.528s] -- Up-to-date: /home/wheeltec/wheeltec_ros2/install/dwb_msgs/include/dwb_msgs/msg/detail/local_plan_evaluation__struct.h
[2.529s] -- Up-to-date: /home/wheeltec/wheeltec_ros2/install/dwb_msgs/include/dwb_msgs/msg/detail/trajectory_score__struct.h
[2.529s] -- Up-to-date: /home/wheeltec/wheeltec_ros2/install/dwb_msgs/include/dwb_msgs/msg/detail/trajectory_score__type_support.h
[2.530s] -- Up-to-date: /home/wheeltec/wheeltec_ros2/install/dwb_msgs/include/dwb_msgs/msg/trajectory2_d.h
[2.530s] -- Up-to-date: /home/wheeltec/wheeltec_ros2/install/dwb_msgs/include/dwb_msgs/msg/critic_score.h
[2.531s] -- Up-to-date: /home/wheeltec/wheeltec_ros2/install/dwb_msgs/include/dwb_msgs/msg/rosidl_generator_c__visibility_control.h
[2.531s] -- Up-to-date: /home/wheeltec/wheeltec_ros2/install/dwb_msgs/include/dwb_msgs/srv
[2.531s] -- Up-to-date: /home/wheeltec/wheeltec_ros2/install/dwb_msgs/include/dwb_msgs/srv/get_critic_score.h
[2.532s] -- Up-to-date: /home/wheeltec/wheeltec_ros2/install/dwb_msgs/include/dwb_msgs/srv/generate_trajectory.h
[2.532s] -- Up-to-date: /home/wheeltec/wheeltec_ros2/install/dwb_msgs/include/dwb_msgs/srv/score_trajectory.h
[2.533s] -- Up-to-date: /home/wheeltec/wheeltec_ros2/install/dwb_msgs/include/dwb_msgs/srv/generate_twists.h
[2.534s] -- Up-to-date: /home/wheeltec/wheeltec_ros2/install/dwb_msgs/include/dwb_msgs/srv/detail
[2.536s] -- Up-to-date: /home/wheeltec/wheeltec_ros2/install/dwb_msgs/include/dwb_msgs/srv/detail/debug_local_plan__type_support.h
[2.537s] -- Up-to-date: /home/wheeltec/wheeltec_ros2/install/dwb_msgs/include/dwb_msgs/srv/detail/score_trajectory__type_support.h
[2.537s] -- Up-to-date: /home/wheeltec/wheeltec_ros2/install/dwb_msgs/include/dwb_msgs/srv/detail/generate_twists__functions.h
[2.539s] -- Up-to-date: /home/wheeltec/wheeltec_ros2/install/dwb_msgs/include/dwb_msgs/srv/detail/get_critic_score__struct.h
[2.539s] -- Up-to-date: /home/wheeltec/wheeltec_ros2/install/dwb_msgs/include/dwb_msgs/srv/detail/score_trajectory__functions.c
[2.540s] -- Up-to-date: /home/wheeltec/wheeltec_ros2/install/dwb_msgs/include/dwb_msgs/srv/detail/generate_trajectory__type_support.h
[2.540s] -- Up-to-date: /home/wheeltec/wheeltec_ros2/install/dwb_msgs/include/dwb_msgs/srv/detail/generate_trajectory__struct.h
[2.540s] -- Up-to-date: /home/wheeltec/wheeltec_ros2/install/dwb_msgs/include/dwb_msgs/srv/detail/score_trajectory__struct.h
[2.541s] -- Up-to-date: /home/wheeltec/wheeltec_ros2/install/dwb_msgs/include/dwb_msgs/srv/detail/generate_twists__functions.c
[2.541s] -- Up-to-date: /home/wheeltec/wheeltec_ros2/install/dwb_msgs/include/dwb_msgs/srv/detail/generate_twists__struct.h
[2.541s] -- Up-to-date: /home/wheeltec/wheeltec_ros2/install/dwb_msgs/include/dwb_msgs/srv/detail/debug_local_plan__functions.c
[2.541s] -- Up-to-date: /home/wheeltec/wheeltec_ros2/install/dwb_msgs/include/dwb_msgs/srv/detail/debug_local_plan__functions.h
[2.544s] -- Up-to-date: /home/wheeltec/wheeltec_ros2/install/dwb_msgs/include/dwb_msgs/srv/detail/get_critic_score__functions.h
[2.545s] -- Up-to-date: /home/wheeltec/wheeltec_ros2/install/dwb_msgs/include/dwb_msgs/srv/detail/score_trajectory__functions.h
[2.546s] -- Up-to-date: /home/wheeltec/wheeltec_ros2/install/dwb_msgs/include/dwb_msgs/srv/detail/get_critic_score__functions.c
[2.547s] -- Up-to-date: /home/wheeltec/wheeltec_ros2/install/dwb_msgs/include/dwb_msgs/srv/detail/generate_twists__type_support.h
[2.547s] -- Up-to-date: /home/wheeltec/wheeltec_ros2/install/dwb_msgs/include/dwb_msgs/srv/detail/generate_trajectory__functions.h
[2.548s] -- Up-to-date: /home/wheeltec/wheeltec_ros2/install/dwb_msgs/include/dwb_msgs/srv/detail/generate_trajectory__functions.c
[2.558s] -- Up-to-date: /home/wheeltec/wheeltec_ros2/install/dwb_msgs/include/dwb_msgs/srv/detail/debug_local_plan__struct.h
[2.558s] -- Up-to-date: /home/wheeltec/wheeltec_ros2/install/dwb_msgs/include/dwb_msgs/srv/detail/get_critic_score__type_support.h
[2.559s] -- Up-to-date: /home/wheeltec/wheeltec_ros2/install/dwb_msgs/include/dwb_msgs/srv/debug_local_plan.h
[2.559s] -- Up-to-date: /home/wheeltec/wheeltec_ros2/install/dwb_msgs/share/dwb_msgs/environment/library_path.sh
[2.559s] -- Up-to-date: /home/wheeltec/wheeltec_ros2/install/dwb_msgs/share/dwb_msgs/environment/library_path.dsv
[2.560s] -- Up-to-date: /home/wheeltec/wheeltec_ros2/install/dwb_msgs/lib/libdwb_msgs__rosidl_generator_c.so
[2.560s] -- Up-to-date: /home/wheeltec/wheeltec_ros2/install/dwb_msgs/include/dwb_msgs
[2.560s] -- Up-to-date: /home/wheeltec/wheeltec_ros2/install/dwb_msgs/include/dwb_msgs/msg
[2.561s] -- Up-to-date: /home/wheeltec/wheeltec_ros2/install/dwb_msgs/include/dwb_msgs/msg/rosidl_typesupport_fastrtps_c__visibility_control.h
[2.561s] -- Up-to-date: /home/wheeltec/wheeltec_ros2/install/dwb_msgs/include/dwb_msgs/msg/detail
[2.561s] -- Up-to-date: /home/wheeltec/wheeltec_ros2/install/dwb_msgs/include/dwb_msgs/msg/detail/trajectory2_d__rosidl_typesupport_fastrtps_c.h
[2.562s] -- Up-to-date: /home/wheeltec/wheeltec_ros2/install/dwb_msgs/include/dwb_msgs/msg/detail/critic_score__rosidl_typesupport_fastrtps_c.h
[2.562s] -- Up-to-date: /home/wheeltec/wheeltec_ros2/install/dwb_msgs/include/dwb_msgs/msg/detail/local_plan_evaluation__rosidl_typesupport_fastrtps_c.h
[2.562s] -- Up-to-date: /home/wheeltec/wheeltec_ros2/install/dwb_msgs/include/dwb_msgs/msg/detail/trajectory_score__rosidl_typesupport_fastrtps_c.h
[2.563s] -- Up-to-date: /home/wheeltec/wheeltec_ros2/install/dwb_msgs/include/dwb_msgs/srv
[2.563s] -- Up-to-date: /home/wheeltec/wheeltec_ros2/install/dwb_msgs/include/dwb_msgs/srv/detail
[2.565s] -- Up-to-date: /home/wheeltec/wheeltec_ros2/install/dwb_msgs/include/dwb_msgs/srv/detail/debug_local_plan__rosidl_typesupport_fastrtps_c.h
[2.565s] -- Up-to-date: /home/wheeltec/wheeltec_ros2/install/dwb_msgs/include/dwb_msgs/srv/detail/generate_trajectory__rosidl_typesupport_fastrtps_c.h
[2.566s] -- Up-to-date: /home/wheeltec/wheeltec_ros2/install/dwb_msgs/include/dwb_msgs/srv/detail/get_critic_score__rosidl_typesupport_fastrtps_c.h
[2.567s] -- Up-to-date: /home/wheeltec/wheeltec_ros2/install/dwb_msgs/include/dwb_msgs/srv/detail/score_trajectory__rosidl_typesupport_fastrtps_c.h
[2.567s] -- Up-to-date: /home/wheeltec/wheeltec_ros2/install/dwb_msgs/include/dwb_msgs/srv/detail/generate_twists__rosidl_typesupport_fastrtps_c.h
[2.568s] -- Up-to-date: /home/wheeltec/wheeltec_ros2/install/dwb_msgs/lib/libdwb_msgs__rosidl_typesupport_fastrtps_c.so
[2.568s] -- Up-to-date: /home/wheeltec/wheeltec_ros2/install/dwb_msgs/include/dwb_msgs
[2.568s] -- Up-to-date: /home/wheeltec/wheeltec_ros2/install/dwb_msgs/include/dwb_msgs/msg
[2.569s] -- Up-to-date: /home/wheeltec/wheeltec_ros2/install/dwb_msgs/include/dwb_msgs/msg/detail
[2.569s] -- Up-to-date: /home/wheeltec/wheeltec_ros2/install/dwb_msgs/include/dwb_msgs/msg/detail/dds_fastrtps
[2.569s] -- Up-to-date: /home/wheeltec/wheeltec_ros2/install/dwb_msgs/include/dwb_msgs/msg/detail/trajectory_score__rosidl_typesupport_fastrtps_cpp.hpp
[2.570s] -- Up-to-date: /home/wheeltec/wheeltec_ros2/install/dwb_msgs/include/dwb_msgs/msg/detail/local_plan_evaluation__rosidl_typesupport_fastrtps_cpp.hpp
[2.570s] -- Up-to-date: /home/wheeltec/wheeltec_ros2/install/dwb_msgs/include/dwb_msgs/msg/detail/critic_score__rosidl_typesupport_fastrtps_cpp.hpp
[2.571s] -- Up-to-date: /home/wheeltec/wheeltec_ros2/install/dwb_msgs/include/dwb_msgs/msg/detail/trajectory2_d__rosidl_typesupport_fastrtps_cpp.hpp
[2.571s] -- Up-to-date: /home/wheeltec/wheeltec_ros2/install/dwb_msgs/include/dwb_msgs/msg/rosidl_typesupport_fastrtps_cpp__visibility_control.h
[2.572s] -- Up-to-date: /home/wheeltec/wheeltec_ros2/install/dwb_msgs/include/dwb_msgs/srv
[2.573s] -- Up-to-date: /home/wheeltec/wheeltec_ros2/install/dwb_msgs/include/dwb_msgs/srv/detail
[2.573s] -- Up-to-date: /home/wheeltec/wheeltec_ros2/install/dwb_msgs/include/dwb_msgs/srv/detail/dds_fastrtps
[2.573s] -- Up-to-date: /home/wheeltec/wheeltec_ros2/install/dwb_msgs/include/dwb_msgs/srv/detail/debug_local_plan__rosidl_typesupport_fastrtps_cpp.hpp
[2.574s] -- Up-to-date: /home/wheeltec/wheeltec_ros2/install/dwb_msgs/include/dwb_msgs/srv/detail/score_trajectory__rosidl_typesupport_fastrtps_cpp.hpp
[2.574s] -- Up-to-date: /home/wheeltec/wheeltec_ros2/install/dwb_msgs/include/dwb_msgs/srv/detail/get_critic_score__rosidl_typesupport_fastrtps_cpp.hpp
[2.574s] -- Up-to-date: /home/wheeltec/wheeltec_ros2/install/dwb_msgs/include/dwb_msgs/srv/detail/generate_trajectory__rosidl_typesupport_fastrtps_cpp.hpp
[2.575s] -- Up-to-date: /home/wheeltec/wheeltec_ros2/install/dwb_msgs/include/dwb_msgs/srv/detail/generate_twists__rosidl_typesupport_fastrtps_cpp.hpp
[2.575s] -- Up-to-date: /home/wheeltec/wheeltec_ros2/install/dwb_msgs/lib/libdwb_msgs__rosidl_typesupport_fastrtps_cpp.so
[2.575s] -- Up-to-date: /home/wheeltec/wheeltec_ros2/install/dwb_msgs/include/dwb_msgs
[2.576s] -- Up-to-date: /home/wheeltec/wheeltec_ros2/install/dwb_msgs/include/dwb_msgs/msg
[2.576s] -- Up-to-date: /home/wheeltec/wheeltec_ros2/install/dwb_msgs/include/dwb_msgs/msg/rosidl_typesupport_introspection_c__visibility_control.h
[2.576s] -- Up-to-date: /home/wheeltec/wheeltec_ros2/install/dwb_msgs/include/dwb_msgs/msg/detail
[2.576s] -- Up-to-date: /home/wheeltec/wheeltec_ros2/install/dwb_msgs/include/dwb_msgs/msg/detail/trajectory2_d__rosidl_typesupport_introspection_c.h
[2.577s] -- Up-to-date: /home/wheeltec/wheeltec_ros2/install/dwb_msgs/include/dwb_msgs/msg/detail/trajectory_score__type_support.c
[2.577s] -- Up-to-date: /home/wheeltec/wheeltec_ros2/install/dwb_msgs/include/dwb_msgs/msg/detail/critic_score__rosidl_typesupport_introspection_c.h
[2.578s] -- Up-to-date: /home/wheeltec/wheeltec_ros2/install/dwb_msgs/include/dwb_msgs/msg/detail/local_plan_evaluation__type_support.c
[2.578s] -- Up-to-date: /home/wheeltec/wheeltec_ros2/install/dwb_msgs/include/dwb_msgs/msg/detail/trajectory_score__rosidl_typesupport_introspection_c.h
[2.578s] -- Up-to-date: /home/wheeltec/wheeltec_ros2/install/dwb_msgs/include/dwb_msgs/msg/detail/local_plan_evaluation__rosidl_typesupport_introspection_c.h
[2.579s] -- Up-to-date: /home/wheeltec/wheeltec_ros2/install/dwb_msgs/include/dwb_msgs/msg/detail/trajectory2_d__type_support.c
[2.580s] -- Up-to-date: /home/wheeltec/wheeltec_ros2/install/dwb_msgs/include/dwb_msgs/msg/detail/critic_score__type_support.c
[2.580s] -- Up-to-date: /home/wheeltec/wheeltec_ros2/install/dwb_msgs/include/dwb_msgs/srv
[2.580s] -- Up-to-date: /home/wheeltec/wheeltec_ros2/install/dwb_msgs/include/dwb_msgs/srv/detail
[2.581s] -- Up-to-date: /home/wheeltec/wheeltec_ros2/install/dwb_msgs/include/dwb_msgs/srv/detail/generate_trajectory__type_support.c
[2.581s] -- Up-to-date: /home/wheeltec/wheeltec_ros2/install/dwb_msgs/include/dwb_msgs/srv/detail/score_trajectory__type_support.c
[2.581s] -- Up-to-date: /home/wheeltec/wheeltec_ros2/install/dwb_msgs/include/dwb_msgs/srv/detail/get_critic_score__rosidl_typesupport_introspection_c.h
[2.582s] -- Up-to-date: /home/wheeltec/wheeltec_ros2/install/dwb_msgs/include/dwb_msgs/srv/detail/generate_trajectory__rosidl_typesupport_introspection_c.h
[2.582s] -- Up-to-date: /home/wheeltec/wheeltec_ros2/install/dwb_msgs/include/dwb_msgs/srv/detail/debug_local_plan__type_support.c
[2.582s] -- Up-to-date: /home/wheeltec/wheeltec_ros2/install/dwb_msgs/include/dwb_msgs/srv/detail/generate_twists__rosidl_typesupport_introspection_c.h
[2.583s] -- Up-to-date: /home/wheeltec/wheeltec_ros2/install/dwb_msgs/include/dwb_msgs/srv/detail/generate_twists__type_support.c
[2.583s] -- Up-to-date: /home/wheeltec/wheeltec_ros2/install/dwb_msgs/include/dwb_msgs/srv/detail/debug_local_plan__rosidl_typesupport_introspection_c.h
[2.583s] -- Up-to-date: /home/wheeltec/wheeltec_ros2/install/dwb_msgs/include/dwb_msgs/srv/detail/score_trajectory__rosidl_typesupport_introspection_c.h
[2.584s] -- Up-to-date: /home/wheeltec/wheeltec_ros2/install/dwb_msgs/include/dwb_msgs/srv/detail/get_critic_score__type_support.c
[2.585s] -- Up-to-date: /home/wheeltec/wheeltec_ros2/install/dwb_msgs/lib/libdwb_msgs__rosidl_typesupport_introspection_c.so
[2.585s] -- Up-to-date: /home/wheeltec/wheeltec_ros2/install/dwb_msgs/lib/libdwb_msgs__rosidl_typesupport_c.so
[2.586s] -- Up-to-date: /home/wheeltec/wheeltec_ros2/install/dwb_msgs/include/dwb_msgs
[2.586s] -- Up-to-date: /home/wheeltec/wheeltec_ros2/install/dwb_msgs/include/dwb_msgs/msg
[2.587s] -- Up-to-date: /home/wheeltec/wheeltec_ros2/install/dwb_msgs/include/dwb_msgs/msg/trajectory2_d.hpp
[2.587s] -- Up-to-date: /home/wheeltec/wheeltec_ros2/install/dwb_msgs/include/dwb_msgs/msg/critic_score.hpp
[2.587s] -- Up-to-date: /home/wheeltec/wheeltec_ros2/install/dwb_msgs/include/dwb_msgs/msg/detail
[2.588s] -- Up-to-date: /home/wheeltec/wheeltec_ros2/install/dwb_msgs/include/dwb_msgs/msg/detail/critic_score__traits.hpp
[2.588s] -- Up-to-date: /home/wheeltec/wheeltec_ros2/install/dwb_msgs/include/dwb_msgs/msg/detail/critic_score__builder.hpp
[2.588s] -- Up-to-date: /home/wheeltec/wheeltec_ros2/install/dwb_msgs/include/dwb_msgs/msg/detail/trajectory2_d__struct.hpp
[2.589s] -- Up-to-date: /home/wheeltec/wheeltec_ros2/install/dwb_msgs/include/dwb_msgs/msg/detail/trajectory_score__builder.hpp
[2.589s] -- Up-to-date: /home/wheeltec/wheeltec_ros2/install/dwb_msgs/include/dwb_msgs/msg/detail/trajectory2_d__builder.hpp
[2.590s] -- Up-to-date: /home/wheeltec/wheeltec_ros2/install/dwb_msgs/include/dwb_msgs/msg/detail/local_plan_evaluation__struct.hpp
[2.590s] -- Up-to-date: /home/wheeltec/wheeltec_ros2/install/dwb_msgs/include/dwb_msgs/msg/detail/local_plan_evaluation__builder.hpp
[2.590s] -- Up-to-date: /home/wheeltec/wheeltec_ros2/install/dwb_msgs/include/dwb_msgs/msg/detail/trajectory_score__traits.hpp
[2.591s] -- Up-to-date: /home/wheeltec/wheeltec_ros2/install/dwb_msgs/include/dwb_msgs/msg/detail/local_plan_evaluation__traits.hpp
[2.592s] -- Up-to-date: /home/wheeltec/wheeltec_ros2/install/dwb_msgs/include/dwb_msgs/msg/detail/trajectory_score__struct.hpp
[2.592s] -- Up-to-date: /home/wheeltec/wheeltec_ros2/install/dwb_msgs/include/dwb_msgs/msg/detail/trajectory2_d__traits.hpp
[2.593s] -- Up-to-date: /home/wheeltec/wheeltec_ros2/install/dwb_msgs/include/dwb_msgs/msg/detail/critic_score__struct.hpp
[2.593s] -- Up-to-date: /home/wheeltec/wheeltec_ros2/install/dwb_msgs/include/dwb_msgs/msg/local_plan_evaluation.hpp
[2.594s] -- Up-to-date: /home/wheeltec/wheeltec_ros2/install/dwb_msgs/include/dwb_msgs/msg/trajectory_score.hpp
[2.594s] -- Up-to-date: /home/wheeltec/wheeltec_ros2/install/dwb_msgs/include/dwb_msgs/srv
[2.595s] -- Up-to-date: /home/wheeltec/wheeltec_ros2/install/dwb_msgs/include/dwb_msgs/srv/score_trajectory.hpp
[2.595s] -- Up-to-date: /home/wheeltec/wheeltec_ros2/install/dwb_msgs/include/dwb_msgs/srv/debug_local_plan.hpp
[2.596s] -- Up-to-date: /home/wheeltec/wheeltec_ros2/install/dwb_msgs/include/dwb_msgs/srv/detail
[2.596s] -- Up-to-date: /home/wheeltec/wheeltec_ros2/install/dwb_msgs/include/dwb_msgs/srv/detail/generate_twists__traits.hpp
[2.597s] -- Up-to-date: /home/wheeltec/wheeltec_ros2/install/dwb_msgs/include/dwb_msgs/srv/detail/generate_trajectory__struct.hpp
[2.597s] -- Up-to-date: /home/wheeltec/wheeltec_ros2/install/dwb_msgs/include/dwb_msgs/srv/detail/generate_trajectory__traits.hpp
[2.598s] -- Up-to-date: /home/wheeltec/wheeltec_ros2/install/dwb_msgs/include/dwb_msgs/srv/detail/score_trajectory__struct.hpp
[2.598s] -- Up-to-date: /home/wheeltec/wheeltec_ros2/install/dwb_msgs/include/dwb_msgs/srv/detail/score_trajectory__traits.hpp
[2.599s] -- Up-to-date: /home/wheeltec/wheeltec_ros2/install/dwb_msgs/include/dwb_msgs/srv/detail/get_critic_score__traits.hpp
[2.599s] -- Up-to-date: /home/wheeltec/wheeltec_ros2/install/dwb_msgs/include/dwb_msgs/srv/detail/debug_local_plan__builder.hpp
[2.599s] -- Up-to-date: /home/wheeltec/wheeltec_ros2/install/dwb_msgs/include/dwb_msgs/srv/detail/generate_trajectory__builder.hpp
[2.600s] -- Up-to-date: /home/wheeltec/wheeltec_ros2/install/dwb_msgs/include/dwb_msgs/srv/detail/score_trajectory__builder.hpp
[2.600s] -- Up-to-date: /home/wheeltec/wheeltec_ros2/install/dwb_msgs/include/dwb_msgs/srv/detail/debug_local_plan__struct.hpp
[2.601s] -- Up-to-date: /home/wheeltec/wheeltec_ros2/install/dwb_msgs/include/dwb_msgs/srv/detail/generate_twists__struct.hpp
[2.601s] -- Up-to-date: /home/wheeltec/wheeltec_ros2/install/dwb_msgs/include/dwb_msgs/srv/detail/generate_twists__builder.hpp
[2.601s] -- Up-to-date: /home/wheeltec/wheeltec_ros2/install/dwb_msgs/include/dwb_msgs/srv/detail/debug_local_plan__traits.hpp
[2.602s] -- Up-to-date: /home/wheeltec/wheeltec_ros2/install/dwb_msgs/include/dwb_msgs/srv/detail/get_critic_score__struct.hpp
[2.602s] -- Up-to-date: /home/wheeltec/wheeltec_ros2/install/dwb_msgs/include/dwb_msgs/srv/detail/get_critic_score__builder.hpp
[2.603s] -- Up-to-date: /home/wheeltec/wheeltec_ros2/install/dwb_msgs/include/dwb_msgs/srv/generate_trajectory.hpp
[2.603s] -- Up-to-date: /home/wheeltec/wheeltec_ros2/install/dwb_msgs/include/dwb_msgs/srv/generate_twists.hpp
[2.603s] -- Up-to-date: /home/wheeltec/wheeltec_ros2/install/dwb_msgs/include/dwb_msgs/srv/get_critic_score.hpp
[2.604s] -- Up-to-date: /home/wheeltec/wheeltec_ros2/install/dwb_msgs/include/dwb_msgs
[2.604s] -- Up-to-date: /home/wheeltec/wheeltec_ros2/install/dwb_msgs/include/dwb_msgs/msg
[2.604s] -- Up-to-date: /home/wheeltec/wheeltec_ros2/install/dwb_msgs/include/dwb_msgs/msg/detail
[2.605s] -- Up-to-date: /home/wheeltec/wheeltec_ros2/install/dwb_msgs/include/dwb_msgs/msg/detail/critic_score__rosidl_typesupport_introspection_cpp.hpp
[2.605s] -- Up-to-date: /home/wheeltec/wheeltec_ros2/install/dwb_msgs/include/dwb_msgs/msg/detail/local_plan_evaluation__type_support.cpp
[2.606s] -- Up-to-date: /home/wheeltec/wheeltec_ros2/install/dwb_msgs/include/dwb_msgs/msg/detail/critic_score__type_support.cpp
[2.606s] -- Up-to-date: /home/wheeltec/wheeltec_ros2/install/dwb_msgs/include/dwb_msgs/msg/detail/trajectory_score__rosidl_typesupport_introspection_cpp.hpp
[2.607s] -- Up-to-date: /home/wheeltec/wheeltec_ros2/install/dwb_msgs/include/dwb_msgs/msg/detail/trajectory2_d__rosidl_typesupport_introspection_cpp.hpp
[2.608s] -- Up-to-date: /home/wheeltec/wheeltec_ros2/install/dwb_msgs/include/dwb_msgs/msg/detail/local_plan_evaluation__rosidl_typesupport_introspection_cpp.hpp
[2.608s] -- Up-to-date: /home/wheeltec/wheeltec_ros2/install/dwb_msgs/include/dwb_msgs/msg/detail/trajectory2_d__type_support.cpp
[2.609s] -- Up-to-date: /home/wheeltec/wheeltec_ros2/install/dwb_msgs/include/dwb_msgs/msg/detail/trajectory_score__type_support.cpp
[2.609s] -- Up-to-date: /home/wheeltec/wheeltec_ros2/install/dwb_msgs/include/dwb_msgs/srv
[2.609s] -- Up-to-date: /home/wheeltec/wheeltec_ros2/install/dwb_msgs/include/dwb_msgs/srv/detail
[2.610s] -- Up-to-date: /home/wheeltec/wheeltec_ros2/install/dwb_msgs/include/dwb_msgs/srv/detail/generate_twists__rosidl_typesupport_introspection_cpp.hpp
[2.610s] -- Up-to-date: /home/wheeltec/wheeltec_ros2/install/dwb_msgs/include/dwb_msgs/srv/detail/get_critic_score__type_support.cpp
[2.611s] -- Up-to-date: /home/wheeltec/wheeltec_ros2/install/dwb_msgs/include/dwb_msgs/srv/detail/generate_trajectory__type_support.cpp
[2.612s] -- Up-to-date: /home/wheeltec/wheeltec_ros2/install/dwb_msgs/include/dwb_msgs/srv/detail/get_critic_score__rosidl_typesupport_introspection_cpp.hpp
[2.612s] -- Up-to-date: /home/wheeltec/wheeltec_ros2/install/dwb_msgs/include/dwb_msgs/srv/detail/debug_local_plan__type_support.cpp
[2.612s] -- Up-to-date: /home/wheeltec/wheeltec_ros2/install/dwb_msgs/include/dwb_msgs/srv/detail/debug_local_plan__rosidl_typesupport_introspection_cpp.hpp
[2.613s] -- Up-to-date: /home/wheeltec/wheeltec_ros2/install/dwb_msgs/include/dwb_msgs/srv/detail/score_trajectory__rosidl_typesupport_introspection_cpp.hpp
[2.614s] -- Up-to-date: /home/wheeltec/wheeltec_ros2/install/dwb_msgs/include/dwb_msgs/srv/detail/generate_trajectory__rosidl_typesupport_introspection_cpp.hpp
[2.614s] -- Up-to-date: /home/wheeltec/wheeltec_ros2/install/dwb_msgs/include/dwb_msgs/srv/detail/generate_twists__type_support.cpp
[2.615s] -- Up-to-date: /home/wheeltec/wheeltec_ros2/install/dwb_msgs/include/dwb_msgs/srv/detail/score_trajectory__type_support.cpp
[2.615s] -- Up-to-date: /home/wheeltec/wheeltec_ros2/install/dwb_msgs/lib/libdwb_msgs__rosidl_typesupport_introspection_cpp.so
[2.615s] -- Up-to-date: /home/wheeltec/wheeltec_ros2/install/dwb_msgs/lib/libdwb_msgs__rosidl_typesupport_cpp.so
[2.616s] -- Up-to-date: /home/wheeltec/wheeltec_ros2/install/dwb_msgs/share/dwb_msgs/environment/pythonpath.sh
[2.616s] -- Up-to-date: /home/wheeltec/wheeltec_ros2/install/dwb_msgs/share/dwb_msgs/environment/pythonpath.dsv
[2.617s] -- Up-to-date: /home/wheeltec/wheeltec_ros2/install/dwb_msgs/lib/python3.8/site-packages/dwb_msgs/__init__.py
[2.755s] -- Up-to-date: /home/wheeltec/wheeltec_ros2/install/dwb_msgs/lib/python3.8/site-packages/dwb_msgs/msg
[2.758s] -- Up-to-date: /home/wheeltec/wheeltec_ros2/install/dwb_msgs/lib/python3.8/site-packages/dwb_msgs/msg/_critic_score.py
[2.758s] -- Up-to-date: /home/wheeltec/wheeltec_ros2/install/dwb_msgs/lib/python3.8/site-packages/dwb_msgs/msg/__init__.py
[2.759s] -- Up-to-date: /home/wheeltec/wheeltec_ros2/install/dwb_msgs/lib/python3.8/site-packages/dwb_msgs/msg/_critic_score_s.c
[2.759s] -- Up-to-date: /home/wheeltec/wheeltec_ros2/install/dwb_msgs/lib/python3.8/site-packages/dwb_msgs/msg/_trajectory_score_s.c
[2.760s] -- Up-to-date: /home/wheeltec/wheeltec_ros2/install/dwb_msgs/lib/python3.8/site-packages/dwb_msgs/msg/_trajectory2_d_s.c
[2.760s] -- Up-to-date: /home/wheeltec/wheeltec_ros2/install/dwb_msgs/lib/python3.8/site-packages/dwb_msgs/msg/_trajectory2_d.py
[2.760s] -- Up-to-date: /home/wheeltec/wheeltec_ros2/install/dwb_msgs/lib/python3.8/site-packages/dwb_msgs/msg/_trajectory_score.py
[2.761s] -- Up-to-date: /home/wheeltec/wheeltec_ros2/install/dwb_msgs/lib/python3.8/site-packages/dwb_msgs/msg/_local_plan_evaluation_s.c
[2.761s] -- Up-to-date: /home/wheeltec/wheeltec_ros2/install/dwb_msgs/lib/python3.8/site-packages/dwb_msgs/msg/_local_plan_evaluation.py
[2.762s] -- Up-to-date: /home/wheeltec/wheeltec_ros2/install/dwb_msgs/lib/python3.8/site-packages/dwb_msgs/srv
[2.766s] -- Up-to-date: /home/wheeltec/wheeltec_ros2/install/dwb_msgs/lib/python3.8/site-packages/dwb_msgs/srv/_get_critic_score.py
[2.767s] -- Up-to-date: /home/wheeltec/wheeltec_ros2/install/dwb_msgs/lib/python3.8/site-packages/dwb_msgs/srv/_generate_twists.py
[2.767s] -- Up-to-date: /home/wheeltec/wheeltec_ros2/install/dwb_msgs/lib/python3.8/site-packages/dwb_msgs/srv/_generate_trajectory.py
[2.768s] -- Up-to-date: /home/wheeltec/wheeltec_ros2/install/dwb_msgs/lib/python3.8/site-packages/dwb_msgs/srv/_generate_twists_s.c
[2.768s] -- Up-to-date: /home/wheeltec/wheeltec_ros2/install/dwb_msgs/lib/python3.8/site-packages/dwb_msgs/srv/__init__.py
[2.768s] -- Up-to-date: /home/wheeltec/wheeltec_ros2/install/dwb_msgs/lib/python3.8/site-packages/dwb_msgs/srv/_debug_local_plan.py
[2.769s] -- Up-to-date: /home/wheeltec/wheeltec_ros2/install/dwb_msgs/lib/python3.8/site-packages/dwb_msgs/srv/_score_trajectory.py
[2.770s] -- Up-to-date: /home/wheeltec/wheeltec_ros2/install/dwb_msgs/lib/python3.8/site-packages/dwb_msgs/srv/_score_trajectory_s.c
[2.771s] -- Up-to-date: /home/wheeltec/wheeltec_ros2/install/dwb_msgs/lib/python3.8/site-packages/dwb_msgs/srv/_generate_trajectory_s.c
[2.774s] -- Up-to-date: /home/wheeltec/wheeltec_ros2/install/dwb_msgs/lib/python3.8/site-packages/dwb_msgs/srv/_debug_local_plan_s.c
[2.774s] -- Up-to-date: /home/wheeltec/wheeltec_ros2/install/dwb_msgs/lib/python3.8/site-packages/dwb_msgs/srv/_get_critic_score_s.c
[2.774s] -- Up-to-date: /home/wheeltec/wheeltec_ros2/install/dwb_msgs/lib/python3.8/site-packages/dwb_msgs/dwb_msgs_s__rosidl_typesupport_fastrtps_c.cpython-38-aarch64-linux-gnu.so
[2.775s] -- Up-to-date: /home/wheeltec/wheeltec_ros2/install/dwb_msgs/lib/python3.8/site-packages/dwb_msgs/dwb_msgs_s__rosidl_typesupport_introspection_c.cpython-38-aarch64-linux-gnu.so
[2.777s] -- Up-to-date: /home/wheeltec/wheeltec_ros2/install/dwb_msgs/lib/python3.8/site-packages/dwb_msgs/dwb_msgs_s__rosidl_typesupport_c.cpython-38-aarch64-linux-gnu.so
[2.780s] -- Up-to-date: /home/wheeltec/wheeltec_ros2/install/dwb_msgs/lib/libdwb_msgs__python.so
[2.785s] -- Up-to-date: /home/wheeltec/wheeltec_ros2/install/dwb_msgs/share/dwb_msgs/msg/CriticScore.idl
[2.786s] -- Up-to-date: /home/wheeltec/wheeltec_ros2/install/dwb_msgs/share/dwb_msgs/msg/LocalPlanEvaluation.idl
[2.787s] -- Up-to-date: /home/wheeltec/wheeltec_ros2/install/dwb_msgs/share/dwb_msgs/msg/Trajectory2D.idl
[2.788s] -- Up-to-date: /home/wheeltec/wheeltec_ros2/install/dwb_msgs/share/dwb_msgs/msg/TrajectoryScore.idl
[2.788s] -- Up-to-date: /home/wheeltec/wheeltec_ros2/install/dwb_msgs/share/dwb_msgs/srv/DebugLocalPlan.idl
[2.790s] -- Up-to-date: /home/wheeltec/wheeltec_ros2/install/dwb_msgs/share/dwb_msgs/srv/GenerateTrajectory.idl
[2.791s] -- Up-to-date: /home/wheeltec/wheeltec_ros2/install/dwb_msgs/share/dwb_msgs/srv/GenerateTwists.idl
[2.791s] -- Up-to-date: /home/wheeltec/wheeltec_ros2/install/dwb_msgs/share/dwb_msgs/srv/GetCriticScore.idl
[2.792s] -- Up-to-date: /home/wheeltec/wheeltec_ros2/install/dwb_msgs/share/dwb_msgs/srv/ScoreTrajectory.idl
[2.793s] -- Up-to-date: /home/wheeltec/wheeltec_ros2/install/dwb_msgs/share/dwb_msgs/msg/CriticScore.msg
[2.794s] -- Up-to-date: /home/wheeltec/wheeltec_ros2/install/dwb_msgs/share/dwb_msgs/msg/LocalPlanEvaluation.msg
[2.795s] -- Up-to-date: /home/wheeltec/wheeltec_ros2/install/dwb_msgs/share/dwb_msgs/msg/Trajectory2D.msg
[2.795s] -- Up-to-date: /home/wheeltec/wheeltec_ros2/install/dwb_msgs/share/dwb_msgs/msg/TrajectoryScore.msg
[2.796s] -- Up-to-date: /home/wheeltec/wheeltec_ros2/install/dwb_msgs/share/dwb_msgs/srv/DebugLocalPlan.srv
[2.796s] -- Up-to-date: /home/wheeltec/wheeltec_ros2/install/dwb_msgs/share/dwb_msgs/srv/DebugLocalPlan_Request.msg
[2.798s] -- Up-to-date: /home/wheeltec/wheeltec_ros2/install/dwb_msgs/share/dwb_msgs/srv/DebugLocalPlan_Response.msg
[2.799s] -- Up-to-date: /home/wheeltec/wheeltec_ros2/install/dwb_msgs/share/dwb_msgs/srv/GenerateTrajectory.srv
[2.801s] -- Up-to-date: /home/wheeltec/wheeltec_ros2/install/dwb_msgs/share/dwb_msgs/srv/GenerateTrajectory_Request.msg
[2.802s] -- Up-to-date: /home/wheeltec/wheeltec_ros2/install/dwb_msgs/share/dwb_msgs/srv/GenerateTrajectory_Response.msg
[2.803s] -- Up-to-date: /home/wheeltec/wheeltec_ros2/install/dwb_msgs/share/dwb_msgs/srv/GenerateTwists.srv
[2.805s] -- Up-to-date: /home/wheeltec/wheeltec_ros2/install/dwb_msgs/share/dwb_msgs/srv/GenerateTwists_Request.msg
[2.806s] -- Up-to-date: /home/wheeltec/wheeltec_ros2/install/dwb_msgs/share/dwb_msgs/srv/GenerateTwists_Response.msg
[2.807s] -- Up-to-date: /home/wheeltec/wheeltec_ros2/install/dwb_msgs/share/dwb_msgs/srv/GetCriticScore.srv
[2.808s] -- Up-to-date: /home/wheeltec/wheeltec_ros2/install/dwb_msgs/share/dwb_msgs/srv/GetCriticScore_Request.msg
[2.808s] -- Up-to-date: /home/wheeltec/wheeltec_ros2/install/dwb_msgs/share/dwb_msgs/srv/GetCriticScore_Response.msg
[2.812s] -- Up-to-date: /home/wheeltec/wheeltec_ros2/install/dwb_msgs/share/dwb_msgs/srv/ScoreTrajectory.srv
[2.816s] -- Up-to-date: /home/wheeltec/wheeltec_ros2/install/dwb_msgs/share/dwb_msgs/srv/ScoreTrajectory_Request.msg
[2.816s] -- Up-to-date: /home/wheeltec/wheeltec_ros2/install/dwb_msgs/share/dwb_msgs/srv/ScoreTrajectory_Response.msg
[2.817s] -- Up-to-date: /home/wheeltec/wheeltec_ros2/install/dwb_msgs/share/ament_index/resource_index/package_run_dependencies/dwb_msgs
[2.821s] -- Up-to-date: /home/wheeltec/wheeltec_ros2/install/dwb_msgs/share/ament_index/resource_index/parent_prefix_path/dwb_msgs
[2.822s] -- Up-to-date: /home/wheeltec/wheeltec_ros2/install/dwb_msgs/share/dwb_msgs/environment/ament_prefix_path.sh
[2.822s] -- Up-to-date: /home/wheeltec/wheeltec_ros2/install/dwb_msgs/share/dwb_msgs/environment/ament_prefix_path.dsv
[2.823s] -- Up-to-date: /home/wheeltec/wheeltec_ros2/install/dwb_msgs/share/dwb_msgs/environment/path.sh
[2.823s] -- Up-to-date: /home/wheeltec/wheeltec_ros2/install/dwb_msgs/share/dwb_msgs/environment/path.dsv
[2.825s] -- Up-to-date: /home/wheeltec/wheeltec_ros2/install/dwb_msgs/share/dwb_msgs/local_setup.bash
[2.827s] -- Up-to-date: /home/wheeltec/wheeltec_ros2/install/dwb_msgs/share/dwb_msgs/local_setup.sh
[2.828s] -- Up-to-date: /home/wheeltec/wheeltec_ros2/install/dwb_msgs/share/dwb_msgs/local_setup.zsh
[2.855s] -- Up-to-date: /home/wheeltec/wheeltec_ros2/install/dwb_msgs/share/dwb_msgs/local_setup.dsv
[2.857s] -- Installing: /home/wheeltec/wheeltec_ros2/install/dwb_msgs/share/dwb_msgs/package.dsv
[2.858s] -- Up-to-date: /home/wheeltec/wheeltec_ros2/install/dwb_msgs/share/ament_index/resource_index/packages/dwb_msgs
[2.862s] -- Up-to-date: /home/wheeltec/wheeltec_ros2/install/dwb_msgs/share/dwb_msgs/cmake/dwb_msgs__rosidl_generator_cExport.cmake
[2.862s] -- Up-to-date: /home/wheeltec/wheeltec_ros2/install/dwb_msgs/share/dwb_msgs/cmake/dwb_msgs__rosidl_generator_cExport-noconfig.cmake
[2.866s] -- Up-to-date: /home/wheeltec/wheeltec_ros2/install/dwb_msgs/share/dwb_msgs/cmake/dwb_msgs__rosidl_typesupport_introspection_cExport.cmake
[2.867s] -- Up-to-date: /home/wheeltec/wheeltec_ros2/install/dwb_msgs/share/dwb_msgs/cmake/dwb_msgs__rosidl_typesupport_introspection_cExport-noconfig.cmake
[2.868s] -- Up-to-date: /home/wheeltec/wheeltec_ros2/install/dwb_msgs/share/dwb_msgs/cmake/dwb_msgs__rosidl_typesupport_cExport.cmake
[2.869s] -- Up-to-date: /home/wheeltec/wheeltec_ros2/install/dwb_msgs/share/dwb_msgs/cmake/dwb_msgs__rosidl_typesupport_cExport-noconfig.cmake
[2.874s] -- Up-to-date: /home/wheeltec/wheeltec_ros2/install/dwb_msgs/share/dwb_msgs/cmake/dwb_msgs__rosidl_generator_cppExport.cmake
[2.877s] -- Up-to-date: /home/wheeltec/wheeltec_ros2/install/dwb_msgs/share/dwb_msgs/cmake/dwb_msgs__rosidl_typesupport_introspection_cppExport.cmake
[2.877s] -- Up-to-date: /home/wheeltec/wheeltec_ros2/install/dwb_msgs/share/dwb_msgs/cmake/dwb_msgs__rosidl_typesupport_introspection_cppExport-noconfig.cmake
[2.878s] -- Up-to-date: /home/wheeltec/wheeltec_ros2/install/dwb_msgs/share/dwb_msgs/cmake/dwb_msgs__rosidl_typesupport_cppExport.cmake
[2.879s] -- Up-to-date: /home/wheeltec/wheeltec_ros2/install/dwb_msgs/share/dwb_msgs/cmake/dwb_msgs__rosidl_typesupport_cppExport-noconfig.cmake
[2.879s] -- Up-to-date: /home/wheeltec/wheeltec_ros2/install/dwb_msgs/share/dwb_msgs/cmake/rosidl_cmake-extras.cmake
[2.880s] -- Up-to-date: /home/wheeltec/wheeltec_ros2/install/dwb_msgs/share/dwb_msgs/cmake/ament_cmake_export_dependencies-extras.cmake
[2.881s] -- Up-to-date: /home/wheeltec/wheeltec_ros2/install/dwb_msgs/share/dwb_msgs/cmake/ament_cmake_export_libraries-extras.cmake
[2.881s] -- Up-to-date: /home/wheeltec/wheeltec_ros2/install/dwb_msgs/share/dwb_msgs/cmake/ament_cmake_export_targets-extras.cmake
[2.882s] -- Up-to-date: /home/wheeltec/wheeltec_ros2/install/dwb_msgs/share/dwb_msgs/cmake/ament_cmake_export_include_directories-extras.cmake
[2.883s] -- Up-to-date: /home/wheeltec/wheeltec_ros2/install/dwb_msgs/share/dwb_msgs/cmake/rosidl_cmake_export_typesupport_libraries-extras.cmake
[2.884s] -- Up-to-date: /home/wheeltec/wheeltec_ros2/install/dwb_msgs/share/dwb_msgs/cmake/rosidl_cmake_export_typesupport_targets-extras.cmake
[2.884s] -- Up-to-date: /home/wheeltec/wheeltec_ros2/install/dwb_msgs/share/dwb_msgs/cmake/dwb_msgsConfig.cmake
[2.885s] -- Up-to-date: /home/wheeltec/wheeltec_ros2/install/dwb_msgs/share/dwb_msgs/cmake/dwb_msgsConfig-version.cmake
[2.885s] -- Up-to-date: /home/wheeltec/wheeltec_ros2/install/dwb_msgs/share/dwb_msgs/package.xml
[2.903s] Invoked command in '/home/wheeltec/wheeltec_ros2/build/dwb_msgs' returned '0': AMENT_PREFIX_PATH=/home/wheeltec/wheeltec_ros2/install/nav_2d_msgs:${AMENT_PREFIX_PATH} CMAKE_PREFIX_PATH=/home/wheeltec/wheeltec_ros2/install/nav_2d_msgs:/opt/ros/galactic LD_LIBRARY_PATH=/home/wheeltec/wheeltec_ros2/install/nav_2d_msgs/lib:/usr/local/cuda-10.2/lib64:/opt/ros/galactic/opt/yaml_cpp_vendor/lib:/opt/ros/galactic/opt/rviz_ogre_vendor/lib:/opt/ros/galactic/lib/aarch64-linux-gnu:/opt/ros/galactic/lib:/usr/local/cuda-10.2/lib64 PYTHONPATH=/home/wheeltec/wheeltec_ros2/install/nav_2d_msgs/lib/python3.8/site-packages:${PYTHONPATH} /usr/bin/cmake --install /home/wheeltec/wheeltec_ros2/build/dwb_msgs
