[0.222s] Invoking command in '/home/wheeltec/wheeltec_ros2/build/nav2_common': CMAKE_PREFIX_PATH=${CMAKE_PREFIX_PATH}:/home/wheeltec/wheeltec_ros2/install/simple_follower_ros2:/home/wheeltec/wheeltec_ros2/install/wheeltec_robot_keyboard:/home/wheeltec/wheeltec_ros2/install/tf2_tools:/home/wheeltec/wheeltec_ros2/install/nav2_simple_commander:/home/wheeltec/wheeltec_ros2/install/nav2_gazebo_spawner:/opt/ros/galactic /usr/bin/cmake --build /home/wheeltec/wheeltec_ros2/build/nav2_common -- -j4 -l4
[0.730s] Built target ament_cmake_python_symlink_nav2_common
[2.888s] running egg_info
[2.968s] writing nav2_common.egg-info/PKG-INFO
[2.970s] writing dependency_links to nav2_common.egg-info/dependency_links.txt
[2.972s] writing top-level names to nav2_common.egg-info/top_level.txt
[3.222s] reading manifest file 'nav2_common.egg-info/SOURCES.txt'
[3.223s] writing manifest file 'nav2_common.egg-info/SOURCES.txt'
[3.426s] Built target ament_cmake_python_build_nav2_common_egg
[3.494s] Invoked command in '/home/wheeltec/wheeltec_ros2/build/nav2_common' returned '0': CMAKE_PREFIX_PATH=${CMAKE_PREFIX_PATH}:/home/wheeltec/wheeltec_ros2/install/simple_follower_ros2:/home/wheeltec/wheeltec_ros2/install/wheeltec_robot_keyboard:/home/wheeltec/wheeltec_ros2/install/tf2_tools:/home/wheeltec/wheeltec_ros2/install/nav2_simple_commander:/home/wheeltec/wheeltec_ros2/install/nav2_gazebo_spawner:/opt/ros/galactic /usr/bin/cmake --build /home/wheeltec/wheeltec_ros2/build/nav2_common -- -j4 -l4
[3.707s] Invoking command in '/home/wheeltec/wheeltec_ros2/build/nav2_common': CMAKE_PREFIX_PATH=${CMAKE_PREFIX_PATH}:/home/wheeltec/wheeltec_ros2/install/simple_follower_ros2:/home/wheeltec/wheeltec_ros2/install/wheeltec_robot_keyboard:/home/wheeltec/wheeltec_ros2/install/tf2_tools:/home/wheeltec/wheeltec_ros2/install/nav2_simple_commander:/home/wheeltec/wheeltec_ros2/install/nav2_gazebo_spawner:/opt/ros/galactic /usr/bin/cmake --install /home/wheeltec/wheeltec_ros2/build/nav2_common
[3.779s] -- Install configuration: ""
[3.781s] -- Execute custom install script
[3.783s] -- Up-to-date symlink: /home/wheeltec/wheeltec_ros2/install/nav2_common/share/nav2_common/environment/pythonpath.sh
[3.785s] -- Up-to-date symlink: /home/wheeltec/wheeltec_ros2/install/nav2_common/share/nav2_common/environment/pythonpath.dsv
[3.787s] -- Up-to-date symlink: /home/wheeltec/wheeltec_ros2/install/nav2_common/lib/python3.8/site-packages//nav2_common.egg-info/PKG-INFO
[3.789s] -- Up-to-date symlink: /home/wheeltec/wheeltec_ros2/install/nav2_common/lib/python3.8/site-packages//nav2_common.egg-info/SOURCES.txt
[3.790s] -- Up-to-date symlink: /home/wheeltec/wheeltec_ros2/install/nav2_common/lib/python3.8/site-packages//nav2_common.egg-info/dependency_links.txt
[3.791s] -- Up-to-date symlink: /home/wheeltec/wheeltec_ros2/install/nav2_common/lib/python3.8/site-packages//nav2_common.egg-info/top_level.txt
[3.803s] -- Up-to-date symlink: /home/wheeltec/wheeltec_ros2/install/nav2_common/lib/python3.8/site-packages/nav2_common/__init__.py
[3.809s] -- Up-to-date symlink: /home/wheeltec/wheeltec_ros2/install/nav2_common/lib/python3.8/site-packages/nav2_common/launch/__init__.py
[3.810s] -- Up-to-date symlink: /home/wheeltec/wheeltec_ros2/install/nav2_common/lib/python3.8/site-packages/nav2_common/launch/has_node_params.py
[3.813s] -- Up-to-date symlink: /home/wheeltec/wheeltec_ros2/install/nav2_common/lib/python3.8/site-packages/nav2_common/launch/replace_string.py
[3.813s] -- Up-to-date symlink: /home/wheeltec/wheeltec_ros2/install/nav2_common/lib/python3.8/site-packages/nav2_common/launch/rewritten_yaml.py
[3.814s] -- Up-to-date symlink: /home/wheeltec/wheeltec_ros2/install/nav2_common/share/ament_index/resource_index/package_run_dependencies/nav2_common
[3.814s] -- Up-to-date symlink: /home/wheeltec/wheeltec_ros2/install/nav2_common/share/ament_index/resource_index/parent_prefix_path/nav2_common
[3.815s] -- Up-to-date symlink: /home/wheeltec/wheeltec_ros2/install/nav2_common/share/nav2_common/environment/ament_prefix_path.sh
[3.816s] -- Up-to-date symlink: /home/wheeltec/wheeltec_ros2/install/nav2_common/share/nav2_common/environment/ament_prefix_path.dsv
[3.819s] -- Up-to-date symlink: /home/wheeltec/wheeltec_ros2/install/nav2_common/share/nav2_common/environment/path.sh
[3.820s] -- Up-to-date symlink: /home/wheeltec/wheeltec_ros2/install/nav2_common/share/nav2_common/environment/path.dsv
[3.820s] -- Up-to-date symlink: /home/wheeltec/wheeltec_ros2/install/nav2_common/share/nav2_common/local_setup.bash
[3.820s] -- Up-to-date symlink: /home/wheeltec/wheeltec_ros2/install/nav2_common/share/nav2_common/local_setup.sh
[3.821s] -- Up-to-date symlink: /home/wheeltec/wheeltec_ros2/install/nav2_common/share/nav2_common/local_setup.zsh
[3.821s] -- Up-to-date symlink: /home/wheeltec/wheeltec_ros2/install/nav2_common/share/nav2_common/local_setup.dsv
[3.821s] -- Symlinking: /home/wheeltec/wheeltec_ros2/install/nav2_common/share/nav2_common/package.dsv
[3.873s] -- Up-to-date symlink: /home/wheeltec/wheeltec_ros2/install/nav2_common/share/ament_index/resource_index/packages/nav2_common
[3.877s] -- Up-to-date symlink: /home/wheeltec/wheeltec_ros2/install/nav2_common/share/nav2_common/cmake/nav2_common-extras.cmake
[3.879s] -- Up-to-date symlink: /home/wheeltec/wheeltec_ros2/install/nav2_common/share/nav2_common/cmake/nav2_commonConfig.cmake
[3.881s] -- Up-to-date symlink: /home/wheeltec/wheeltec_ros2/install/nav2_common/share/nav2_common/cmake/nav2_commonConfig-version.cmake
[3.882s] -- Up-to-date symlink: /home/wheeltec/wheeltec_ros2/install/nav2_common/share/nav2_common/package.xml
[3.885s] -- Up-to-date symlink: /home/wheeltec/wheeltec_ros2/install/nav2_common/share/nav2_common/cmake/nav2_package.cmake
[4.103s] Listing '/home/wheeltec/wheeltec_ros2/install/nav2_common/lib/python3.8/site-packages/nav2_common'...
[4.103s] Listing '/home/wheeltec/wheeltec_ros2/install/nav2_common/lib/python3.8/site-packages/nav2_common/launch'...
[4.142s] Invoked command in '/home/wheeltec/wheeltec_ros2/build/nav2_common' returned '0': CMAKE_PREFIX_PATH=${CMAKE_PREFIX_PATH}:/home/wheeltec/wheeltec_ros2/install/simple_follower_ros2:/home/wheeltec/wheeltec_ros2/install/wheeltec_robot_keyboard:/home/wheeltec/wheeltec_ros2/install/tf2_tools:/home/wheeltec/wheeltec_ros2/install/nav2_simple_commander:/home/wheeltec/wheeltec_ros2/install/nav2_gazebo_spawner:/opt/ros/galactic /usr/bin/cmake --install /home/wheeltec/wheeltec_ros2/build/nav2_common
