[0.131s] Invoking command in '/home/wheeltec/wheeltec_ros2/build/pcl_conversions': CMAKE_PREFIX_PATH=/opt/ros/galactic /usr/bin/cmake --build /home/wheeltec/wheeltec_ros2/build/pcl_conversions -- -j4 -l4
[0.377s] [ 33%] Built target gtest_main
[0.412s] [ 66%] Built target gtest
[0.744s] [100%] Built target pcl_conversions-test
[0.825s] Invoked command in '/home/wheeltec/wheeltec_ros2/build/pcl_conversions' returned '0': CMAKE_PREFIX_PATH=/opt/ros/galactic /usr/bin/cmake --build /home/wheeltec/wheeltec_ros2/build/pcl_conversions -- -j4 -l4
[0.979s] Invoking command in '/home/wheeltec/wheeltec_ros2/build/pcl_conversions': CMAKE_PREFIX_PATH=/opt/ros/galactic /usr/bin/cmake --install /home/wheeltec/wheeltec_ros2/build/pcl_conversions
[1.014s] -- Install configuration: ""
[1.014s] -- Up-to-date: /home/wheeltec/wheeltec_ros2/install/pcl_conversions/include/pcl_conversions/
[1.015s] -- Up-to-date: /home/wheeltec/wheeltec_ros2/install/pcl_conversions/include/pcl_conversions//pcl_conversions.h
[1.015s] -- Up-to-date: /home/wheeltec/wheeltec_ros2/install/pcl_conversions/share/ament_index/resource_index/package_run_dependencies/pcl_conversions
[1.016s] -- Up-to-date: /home/wheeltec/wheeltec_ros2/install/pcl_conversions/share/ament_index/resource_index/parent_prefix_path/pcl_conversions
[1.017s] -- Up-to-date: /home/wheeltec/wheeltec_ros2/install/pcl_conversions/share/pcl_conversions/environment/ament_prefix_path.sh
[1.017s] -- Up-to-date: /home/wheeltec/wheeltec_ros2/install/pcl_conversions/share/pcl_conversions/environment/ament_prefix_path.dsv
[1.017s] -- Up-to-date: /home/wheeltec/wheeltec_ros2/install/pcl_conversions/share/pcl_conversions/environment/path.sh
[1.018s] -- Up-to-date: /home/wheeltec/wheeltec_ros2/install/pcl_conversions/share/pcl_conversions/environment/path.dsv
[1.018s] -- Up-to-date: /home/wheeltec/wheeltec_ros2/install/pcl_conversions/share/pcl_conversions/local_setup.bash
[1.019s] -- Up-to-date: /home/wheeltec/wheeltec_ros2/install/pcl_conversions/share/pcl_conversions/local_setup.sh
[1.020s] -- Up-to-date: /home/wheeltec/wheeltec_ros2/install/pcl_conversions/share/pcl_conversions/local_setup.zsh
[1.020s] -- Up-to-date: /home/wheeltec/wheeltec_ros2/install/pcl_conversions/share/pcl_conversions/local_setup.dsv
[1.021s] -- Installing: /home/wheeltec/wheeltec_ros2/install/pcl_conversions/share/pcl_conversions/package.dsv
[1.021s] -- Up-to-date: /home/wheeltec/wheeltec_ros2/install/pcl_conversions/share/ament_index/resource_index/packages/pcl_conversions
[1.021s] -- Up-to-date: /home/wheeltec/wheeltec_ros2/install/pcl_conversions/share/pcl_conversions/cmake/ament_cmake_export_include_directories-extras.cmake
[1.022s] -- Up-to-date: /home/wheeltec/wheeltec_ros2/install/pcl_conversions/share/pcl_conversions/cmake/ament_cmake_export_dependencies-extras.cmake
[1.022s] -- Up-to-date: /home/wheeltec/wheeltec_ros2/install/pcl_conversions/share/pcl_conversions/cmake/pcl_conversionsConfig.cmake
[1.023s] -- Up-to-date: /home/wheeltec/wheeltec_ros2/install/pcl_conversions/share/pcl_conversions/cmake/pcl_conversionsConfig-version.cmake
[1.023s] -- Up-to-date: /home/wheeltec/wheeltec_ros2/install/pcl_conversions/share/pcl_conversions/package.xml
[1.047s] Invoked command in '/home/wheeltec/wheeltec_ros2/build/pcl_conversions' returned '0': CMAKE_PREFIX_PATH=/opt/ros/galactic /usr/bin/cmake --install /home/wheeltec/wheeltec_ros2/build/pcl_conversions
