[0.260s] Invoking command in '/home/wheeltec/wheeltec_ros2/build/ackermann_msgs': CMAKE_PREFIX_PATH=${CMAKE_PREFIX_PATH}:/home/wheeltec/wheeltec_ros2/install/wheeltec_robot_keyboard:/home/wheeltec/wheeltec_ros2/install/tf2_tools:/home/wheeltec/wheeltec_ros2/install/nav2_gazebo_spawner:/opt/ros/galactic /usr/bin/cmake --build /home/wheeltec/wheeltec_ros2/build/ackermann_msgs -- -j4 -l4
[0.766s] [ 10%] Built target ackermann_msgs__rosidl_generator_c
[0.810s] [ 12%] Built target ackermann_msgs__cpp
[0.969s] [ 23%] Built target ackermann_msgs__rosidl_typesupport_introspection_c
[1.079s] [ 33%] Built target ackermann_msgs__rosidl_typesupport_c
[1.083s] [ 43%] Built target ackermann_msgs__rosidl_typesupport_introspection_cpp
[1.120s] [ 53%] Built target ackermann_msgs__rosidl_typesupport_cpp
[1.188s] [ 64%] Built target ackermann_msgs__rosidl_typesupport_fastrtps_cpp
[1.374s] [ 74%] Built target ackermann_msgs__rosidl_typesupport_fastrtps_c
[1.490s] [ 74%] Built target ackermann_msgs
[1.632s] [ 76%] Built target ackermann_msgs__py
[1.795s] [ 84%] Built target ackermann_msgs__python
[2.015s] [ 89%] Built target ackermann_msgs__rosidl_typesupport_introspection_c__pyext
[2.072s] [ 94%] Built target ackermann_msgs__rosidl_typesupport_c__pyext
[2.098s] [100%] Built target ackermann_msgs__rosidl_typesupport_fastrtps_c__pyext
[2.221s] Invoked command in '/home/wheeltec/wheeltec_ros2/build/ackermann_msgs' returned '0': CMAKE_PREFIX_PATH=${CMAKE_PREFIX_PATH}:/home/wheeltec/wheeltec_ros2/install/wheeltec_robot_keyboard:/home/wheeltec/wheeltec_ros2/install/tf2_tools:/home/wheeltec/wheeltec_ros2/install/nav2_gazebo_spawner:/opt/ros/galactic /usr/bin/cmake --build /home/wheeltec/wheeltec_ros2/build/ackermann_msgs -- -j4 -l4
[2.668s] Invoking command in '/home/wheeltec/wheeltec_ros2/build/ackermann_msgs': CMAKE_PREFIX_PATH=${CMAKE_PREFIX_PATH}:/home/wheeltec/wheeltec_ros2/install/wheeltec_robot_keyboard:/home/wheeltec/wheeltec_ros2/install/tf2_tools:/home/wheeltec/wheeltec_ros2/install/nav2_gazebo_spawner:/opt/ros/galactic /usr/bin/cmake --install /home/wheeltec/wheeltec_ros2/build/ackermann_msgs
[2.701s] -- Install configuration: ""
[2.703s] -- Up-to-date: /home/wheeltec/wheeltec_ros2/install/ackermann_msgs/share/ament_index/resource_index/rosidl_interfaces/ackermann_msgs
[2.705s] -- Up-to-date: /home/wheeltec/wheeltec_ros2/install/ackermann_msgs/include/ackermann_msgs
[2.705s] -- Up-to-date: /home/wheeltec/wheeltec_ros2/install/ackermann_msgs/include/ackermann_msgs/msg
[2.707s] -- Up-to-date: /home/wheeltec/wheeltec_ros2/install/ackermann_msgs/include/ackermann_msgs/msg/ackermann_drive.h
[2.707s] -- Up-to-date: /home/wheeltec/wheeltec_ros2/install/ackermann_msgs/include/ackermann_msgs/msg/ackermann_drive_stamped.h
[2.708s] -- Up-to-date: /home/wheeltec/wheeltec_ros2/install/ackermann_msgs/include/ackermann_msgs/msg/detail
[2.709s] -- Up-to-date: /home/wheeltec/wheeltec_ros2/install/ackermann_msgs/include/ackermann_msgs/msg/detail/ackermann_drive__functions.h
[2.709s] -- Up-to-date: /home/wheeltec/wheeltec_ros2/install/ackermann_msgs/include/ackermann_msgs/msg/detail/ackermann_drive__type_support.h
[2.710s] -- Up-to-date: /home/wheeltec/wheeltec_ros2/install/ackermann_msgs/include/ackermann_msgs/msg/detail/ackermann_drive_stamped__struct.h
[2.711s] -- Up-to-date: /home/wheeltec/wheeltec_ros2/install/ackermann_msgs/include/ackermann_msgs/msg/detail/ackermann_drive__functions.c
[2.712s] -- Up-to-date: /home/wheeltec/wheeltec_ros2/install/ackermann_msgs/include/ackermann_msgs/msg/detail/ackermann_drive__struct.h
[2.712s] -- Up-to-date: /home/wheeltec/wheeltec_ros2/install/ackermann_msgs/include/ackermann_msgs/msg/detail/ackermann_drive_stamped__functions.h
[2.713s] -- Up-to-date: /home/wheeltec/wheeltec_ros2/install/ackermann_msgs/include/ackermann_msgs/msg/detail/ackermann_drive_stamped__type_support.h
[2.714s] -- Up-to-date: /home/wheeltec/wheeltec_ros2/install/ackermann_msgs/include/ackermann_msgs/msg/detail/ackermann_drive_stamped__functions.c
[2.714s] -- Up-to-date: /home/wheeltec/wheeltec_ros2/install/ackermann_msgs/include/ackermann_msgs/msg/rosidl_generator_c__visibility_control.h
[2.715s] -- Up-to-date: /home/wheeltec/wheeltec_ros2/install/ackermann_msgs/share/ackermann_msgs/environment/library_path.sh
[2.716s] -- Up-to-date: /home/wheeltec/wheeltec_ros2/install/ackermann_msgs/share/ackermann_msgs/environment/library_path.dsv
[2.716s] -- Up-to-date: /home/wheeltec/wheeltec_ros2/install/ackermann_msgs/lib/libackermann_msgs__rosidl_generator_c.so
[2.717s] -- Up-to-date: /home/wheeltec/wheeltec_ros2/install/ackermann_msgs/include/ackermann_msgs
[2.718s] -- Up-to-date: /home/wheeltec/wheeltec_ros2/install/ackermann_msgs/include/ackermann_msgs/msg
[2.718s] -- Up-to-date: /home/wheeltec/wheeltec_ros2/install/ackermann_msgs/include/ackermann_msgs/msg/rosidl_typesupport_fastrtps_c__visibility_control.h
[2.719s] -- Up-to-date: /home/wheeltec/wheeltec_ros2/install/ackermann_msgs/include/ackermann_msgs/msg/detail
[2.719s] -- Up-to-date: /home/wheeltec/wheeltec_ros2/install/ackermann_msgs/include/ackermann_msgs/msg/detail/ackermann_drive_stamped__rosidl_typesupport_fastrtps_c.h
[2.720s] -- Up-to-date: /home/wheeltec/wheeltec_ros2/install/ackermann_msgs/include/ackermann_msgs/msg/detail/ackermann_drive__rosidl_typesupport_fastrtps_c.h
[2.720s] -- Up-to-date: /home/wheeltec/wheeltec_ros2/install/ackermann_msgs/lib/libackermann_msgs__rosidl_typesupport_fastrtps_c.so
[2.721s] -- Up-to-date: /home/wheeltec/wheeltec_ros2/install/ackermann_msgs/include/ackermann_msgs
[2.721s] -- Up-to-date: /home/wheeltec/wheeltec_ros2/install/ackermann_msgs/include/ackermann_msgs/msg
[2.722s] -- Up-to-date: /home/wheeltec/wheeltec_ros2/install/ackermann_msgs/include/ackermann_msgs/msg/detail
[2.723s] -- Up-to-date: /home/wheeltec/wheeltec_ros2/install/ackermann_msgs/include/ackermann_msgs/msg/detail/dds_fastrtps
[2.723s] -- Up-to-date: /home/wheeltec/wheeltec_ros2/install/ackermann_msgs/include/ackermann_msgs/msg/detail/ackermann_drive_stamped__rosidl_typesupport_fastrtps_cpp.hpp
[2.724s] -- Up-to-date: /home/wheeltec/wheeltec_ros2/install/ackermann_msgs/include/ackermann_msgs/msg/detail/ackermann_drive__rosidl_typesupport_fastrtps_cpp.hpp
[2.724s] -- Up-to-date: /home/wheeltec/wheeltec_ros2/install/ackermann_msgs/include/ackermann_msgs/msg/rosidl_typesupport_fastrtps_cpp__visibility_control.h
[2.725s] -- Up-to-date: /home/wheeltec/wheeltec_ros2/install/ackermann_msgs/lib/libackermann_msgs__rosidl_typesupport_fastrtps_cpp.so
[2.726s] -- Up-to-date: /home/wheeltec/wheeltec_ros2/install/ackermann_msgs/include/ackermann_msgs
[2.726s] -- Up-to-date: /home/wheeltec/wheeltec_ros2/install/ackermann_msgs/include/ackermann_msgs/msg
[2.727s] -- Up-to-date: /home/wheeltec/wheeltec_ros2/install/ackermann_msgs/include/ackermann_msgs/msg/rosidl_typesupport_introspection_c__visibility_control.h
[2.727s] -- Up-to-date: /home/wheeltec/wheeltec_ros2/install/ackermann_msgs/include/ackermann_msgs/msg/detail
[2.727s] -- Up-to-date: /home/wheeltec/wheeltec_ros2/install/ackermann_msgs/include/ackermann_msgs/msg/detail/ackermann_drive_stamped__rosidl_typesupport_introspection_c.h
[2.728s] -- Up-to-date: /home/wheeltec/wheeltec_ros2/install/ackermann_msgs/include/ackermann_msgs/msg/detail/ackermann_drive_stamped__type_support.c
[2.729s] -- Up-to-date: /home/wheeltec/wheeltec_ros2/install/ackermann_msgs/include/ackermann_msgs/msg/detail/ackermann_drive__rosidl_typesupport_introspection_c.h
[2.729s] -- Up-to-date: /home/wheeltec/wheeltec_ros2/install/ackermann_msgs/include/ackermann_msgs/msg/detail/ackermann_drive__type_support.c
[2.730s] -- Up-to-date: /home/wheeltec/wheeltec_ros2/install/ackermann_msgs/lib/libackermann_msgs__rosidl_typesupport_introspection_c.so
[2.731s] -- Up-to-date: /home/wheeltec/wheeltec_ros2/install/ackermann_msgs/lib/libackermann_msgs__rosidl_typesupport_c.so
[2.732s] -- Up-to-date: /home/wheeltec/wheeltec_ros2/install/ackermann_msgs/include/ackermann_msgs
[2.733s] -- Up-to-date: /home/wheeltec/wheeltec_ros2/install/ackermann_msgs/include/ackermann_msgs/msg
[2.733s] -- Up-to-date: /home/wheeltec/wheeltec_ros2/install/ackermann_msgs/include/ackermann_msgs/msg/ackermann_drive.hpp
[2.734s] -- Up-to-date: /home/wheeltec/wheeltec_ros2/install/ackermann_msgs/include/ackermann_msgs/msg/detail
[2.734s] -- Up-to-date: /home/wheeltec/wheeltec_ros2/install/ackermann_msgs/include/ackermann_msgs/msg/detail/ackermann_drive__builder.hpp
[2.734s] -- Up-to-date: /home/wheeltec/wheeltec_ros2/install/ackermann_msgs/include/ackermann_msgs/msg/detail/ackermann_drive_stamped__struct.hpp
[2.735s] -- Up-to-date: /home/wheeltec/wheeltec_ros2/install/ackermann_msgs/include/ackermann_msgs/msg/detail/ackermann_drive_stamped__builder.hpp
[2.735s] -- Up-to-date: /home/wheeltec/wheeltec_ros2/install/ackermann_msgs/include/ackermann_msgs/msg/detail/ackermann_drive__traits.hpp
[2.736s] -- Up-to-date: /home/wheeltec/wheeltec_ros2/install/ackermann_msgs/include/ackermann_msgs/msg/detail/ackermann_drive__struct.hpp
[2.737s] -- Up-to-date: /home/wheeltec/wheeltec_ros2/install/ackermann_msgs/include/ackermann_msgs/msg/detail/ackermann_drive_stamped__traits.hpp
[2.738s] -- Up-to-date: /home/wheeltec/wheeltec_ros2/install/ackermann_msgs/include/ackermann_msgs/msg/ackermann_drive_stamped.hpp
[2.738s] -- Up-to-date: /home/wheeltec/wheeltec_ros2/install/ackermann_msgs/include/ackermann_msgs
[2.739s] -- Up-to-date: /home/wheeltec/wheeltec_ros2/install/ackermann_msgs/include/ackermann_msgs/msg
[2.739s] -- Up-to-date: /home/wheeltec/wheeltec_ros2/install/ackermann_msgs/include/ackermann_msgs/msg/detail
[2.740s] -- Up-to-date: /home/wheeltec/wheeltec_ros2/install/ackermann_msgs/include/ackermann_msgs/msg/detail/ackermann_drive__type_support.cpp
[2.741s] -- Up-to-date: /home/wheeltec/wheeltec_ros2/install/ackermann_msgs/include/ackermann_msgs/msg/detail/ackermann_drive_stamped__rosidl_typesupport_introspection_cpp.hpp
[2.741s] -- Up-to-date: /home/wheeltec/wheeltec_ros2/install/ackermann_msgs/include/ackermann_msgs/msg/detail/ackermann_drive_stamped__type_support.cpp
[2.742s] -- Up-to-date: /home/wheeltec/wheeltec_ros2/install/ackermann_msgs/include/ackermann_msgs/msg/detail/ackermann_drive__rosidl_typesupport_introspection_cpp.hpp
[2.743s] -- Up-to-date: /home/wheeltec/wheeltec_ros2/install/ackermann_msgs/lib/libackermann_msgs__rosidl_typesupport_introspection_cpp.so
[2.743s] -- Up-to-date: /home/wheeltec/wheeltec_ros2/install/ackermann_msgs/lib/libackermann_msgs__rosidl_typesupport_cpp.so
[2.744s] -- Up-to-date: /home/wheeltec/wheeltec_ros2/install/ackermann_msgs/share/ackermann_msgs/environment/pythonpath.sh
[2.744s] -- Up-to-date: /home/wheeltec/wheeltec_ros2/install/ackermann_msgs/share/ackermann_msgs/environment/pythonpath.dsv
[2.745s] -- Up-to-date: /home/wheeltec/wheeltec_ros2/install/ackermann_msgs/lib/python3.8/site-packages/ackermann_msgs/__init__.py
[2.943s] -- Up-to-date: /home/wheeltec/wheeltec_ros2/install/ackermann_msgs/lib/python3.8/site-packages/ackermann_msgs/msg
[2.944s] -- Up-to-date: /home/wheeltec/wheeltec_ros2/install/ackermann_msgs/lib/python3.8/site-packages/ackermann_msgs/msg/__init__.py
[2.944s] -- Up-to-date: /home/wheeltec/wheeltec_ros2/install/ackermann_msgs/lib/python3.8/site-packages/ackermann_msgs/msg/_ackermann_drive_stamped.py
[2.945s] -- Up-to-date: /home/wheeltec/wheeltec_ros2/install/ackermann_msgs/lib/python3.8/site-packages/ackermann_msgs/msg/_ackermann_drive.py
[2.945s] -- Up-to-date: /home/wheeltec/wheeltec_ros2/install/ackermann_msgs/lib/python3.8/site-packages/ackermann_msgs/msg/_ackermann_drive_stamped_s.c
[2.946s] -- Up-to-date: /home/wheeltec/wheeltec_ros2/install/ackermann_msgs/lib/python3.8/site-packages/ackermann_msgs/msg/_ackermann_drive_s.c
[2.947s] -- Up-to-date: /home/wheeltec/wheeltec_ros2/install/ackermann_msgs/lib/python3.8/site-packages/ackermann_msgs/ackermann_msgs_s__rosidl_typesupport_fastrtps_c.cpython-38-aarch64-linux-gnu.so
[2.947s] -- Up-to-date: /home/wheeltec/wheeltec_ros2/install/ackermann_msgs/lib/python3.8/site-packages/ackermann_msgs/ackermann_msgs_s__rosidl_typesupport_introspection_c.cpython-38-aarch64-linux-gnu.so
[2.948s] -- Up-to-date: /home/wheeltec/wheeltec_ros2/install/ackermann_msgs/lib/python3.8/site-packages/ackermann_msgs/ackermann_msgs_s__rosidl_typesupport_c.cpython-38-aarch64-linux-gnu.so
[2.949s] -- Up-to-date: /home/wheeltec/wheeltec_ros2/install/ackermann_msgs/lib/libackermann_msgs__python.so
[2.956s] -- Up-to-date: /home/wheeltec/wheeltec_ros2/install/ackermann_msgs/share/ackermann_msgs/msg/AckermannDrive.idl
[2.956s] -- Up-to-date: /home/wheeltec/wheeltec_ros2/install/ackermann_msgs/share/ackermann_msgs/msg/AckermannDriveStamped.idl
[2.957s] -- Up-to-date: /home/wheeltec/wheeltec_ros2/install/ackermann_msgs/share/ackermann_msgs/msg/AckermannDrive.msg
[2.957s] -- Up-to-date: /home/wheeltec/wheeltec_ros2/install/ackermann_msgs/share/ackermann_msgs/msg/AckermannDriveStamped.msg
[2.957s] -- Up-to-date: /home/wheeltec/wheeltec_ros2/install/ackermann_msgs/share/ament_index/resource_index/package_run_dependencies/ackermann_msgs
[2.959s] -- Up-to-date: /home/wheeltec/wheeltec_ros2/install/ackermann_msgs/share/ament_index/resource_index/parent_prefix_path/ackermann_msgs
[2.960s] -- Up-to-date: /home/wheeltec/wheeltec_ros2/install/ackermann_msgs/share/ackermann_msgs/environment/ament_prefix_path.sh
[2.960s] -- Up-to-date: /home/wheeltec/wheeltec_ros2/install/ackermann_msgs/share/ackermann_msgs/environment/ament_prefix_path.dsv
[2.961s] -- Up-to-date: /home/wheeltec/wheeltec_ros2/install/ackermann_msgs/share/ackermann_msgs/environment/path.sh
[2.961s] -- Up-to-date: /home/wheeltec/wheeltec_ros2/install/ackermann_msgs/share/ackermann_msgs/environment/path.dsv
[2.962s] -- Up-to-date: /home/wheeltec/wheeltec_ros2/install/ackermann_msgs/share/ackermann_msgs/local_setup.bash
[2.962s] -- Up-to-date: /home/wheeltec/wheeltec_ros2/install/ackermann_msgs/share/ackermann_msgs/local_setup.sh
[2.963s] -- Up-to-date: /home/wheeltec/wheeltec_ros2/install/ackermann_msgs/share/ackermann_msgs/local_setup.zsh
[2.963s] -- Up-to-date: /home/wheeltec/wheeltec_ros2/install/ackermann_msgs/share/ackermann_msgs/local_setup.dsv
[2.968s] -- Installing: /home/wheeltec/wheeltec_ros2/install/ackermann_msgs/share/ackermann_msgs/package.dsv
[2.971s] -- Up-to-date: /home/wheeltec/wheeltec_ros2/install/ackermann_msgs/share/ament_index/resource_index/packages/ackermann_msgs
[2.975s] -- Up-to-date: /home/wheeltec/wheeltec_ros2/install/ackermann_msgs/share/ackermann_msgs/cmake/ackermann_msgs__rosidl_generator_cExport.cmake
[2.976s] -- Up-to-date: /home/wheeltec/wheeltec_ros2/install/ackermann_msgs/share/ackermann_msgs/cmake/ackermann_msgs__rosidl_generator_cExport-noconfig.cmake
[2.977s] -- Up-to-date: /home/wheeltec/wheeltec_ros2/install/ackermann_msgs/share/ackermann_msgs/cmake/ackermann_msgs__rosidl_typesupport_introspection_cExport.cmake
[2.978s] -- Up-to-date: /home/wheeltec/wheeltec_ros2/install/ackermann_msgs/share/ackermann_msgs/cmake/ackermann_msgs__rosidl_typesupport_introspection_cExport-noconfig.cmake
[2.979s] -- Up-to-date: /home/wheeltec/wheeltec_ros2/install/ackermann_msgs/share/ackermann_msgs/cmake/ackermann_msgs__rosidl_typesupport_cExport.cmake
[2.985s] -- Up-to-date: /home/wheeltec/wheeltec_ros2/install/ackermann_msgs/share/ackermann_msgs/cmake/ackermann_msgs__rosidl_typesupport_cExport-noconfig.cmake
[2.985s] -- Up-to-date: /home/wheeltec/wheeltec_ros2/install/ackermann_msgs/share/ackermann_msgs/cmake/ackermann_msgs__rosidl_generator_cppExport.cmake
[2.986s] -- Up-to-date: /home/wheeltec/wheeltec_ros2/install/ackermann_msgs/share/ackermann_msgs/cmake/ackermann_msgs__rosidl_typesupport_introspection_cppExport.cmake
[2.987s] -- Up-to-date: /home/wheeltec/wheeltec_ros2/install/ackermann_msgs/share/ackermann_msgs/cmake/ackermann_msgs__rosidl_typesupport_introspection_cppExport-noconfig.cmake
[2.987s] -- Up-to-date: /home/wheeltec/wheeltec_ros2/install/ackermann_msgs/share/ackermann_msgs/cmake/ackermann_msgs__rosidl_typesupport_cppExport.cmake
[2.988s] -- Up-to-date: /home/wheeltec/wheeltec_ros2/install/ackermann_msgs/share/ackermann_msgs/cmake/ackermann_msgs__rosidl_typesupport_cppExport-noconfig.cmake
[2.988s] -- Up-to-date: /home/wheeltec/wheeltec_ros2/install/ackermann_msgs/share/ackermann_msgs/cmake/rosidl_cmake-extras.cmake
[2.989s] -- Up-to-date: /home/wheeltec/wheeltec_ros2/install/ackermann_msgs/share/ackermann_msgs/cmake/ament_cmake_export_dependencies-extras.cmake
[2.989s] -- Up-to-date: /home/wheeltec/wheeltec_ros2/install/ackermann_msgs/share/ackermann_msgs/cmake/ament_cmake_export_libraries-extras.cmake
[2.990s] -- Up-to-date: /home/wheeltec/wheeltec_ros2/install/ackermann_msgs/share/ackermann_msgs/cmake/ament_cmake_export_targets-extras.cmake
[2.990s] -- Up-to-date: /home/wheeltec/wheeltec_ros2/install/ackermann_msgs/share/ackermann_msgs/cmake/ament_cmake_export_include_directories-extras.cmake
[2.990s] -- Up-to-date: /home/wheeltec/wheeltec_ros2/install/ackermann_msgs/share/ackermann_msgs/cmake/rosidl_cmake_export_typesupport_libraries-extras.cmake
[2.991s] -- Up-to-date: /home/wheeltec/wheeltec_ros2/install/ackermann_msgs/share/ackermann_msgs/cmake/rosidl_cmake_export_typesupport_targets-extras.cmake
[2.991s] -- Up-to-date: /home/wheeltec/wheeltec_ros2/install/ackermann_msgs/share/ackermann_msgs/cmake/ackermann_msgsConfig.cmake
[2.992s] -- Up-to-date: /home/wheeltec/wheeltec_ros2/install/ackermann_msgs/share/ackermann_msgs/cmake/ackermann_msgsConfig-version.cmake
[2.992s] -- Up-to-date: /home/wheeltec/wheeltec_ros2/install/ackermann_msgs/share/ackermann_msgs/package.xml
[3.015s] Invoked command in '/home/wheeltec/wheeltec_ros2/build/ackermann_msgs' returned '0': CMAKE_PREFIX_PATH=${CMAKE_PREFIX_PATH}:/home/wheeltec/wheeltec_ros2/install/wheeltec_robot_keyboard:/home/wheeltec/wheeltec_ros2/install/tf2_tools:/home/wheeltec/wheeltec_ros2/install/nav2_gazebo_spawner:/opt/ros/galactic /usr/bin/cmake --install /home/wheeltec/wheeltec_ros2/build/ackermann_msgs
