[6.290s] Invoking command in '/home/wheeltec/wheeltec_ros2/src/navigation2-galactic/nav2_bringup/nav2_gazebo_spawner': PYTHONPATH=/home/wheeltec/wheeltec_ros2/build/nav2_gazebo_spawner/prefix_override:/usr/lib/python3/dist-packages/colcon_core/task/python/colcon_distutils_commands:/home/wheeltec/wheeltec_ros2/install/nav2_gazebo_spawner/lib/python3.8/site-packages:${PYTHONPATH} /usr/bin/python3 -W ignore:setup.py install is deprecated setup.py egg_info --egg-base ../../../../build/nav2_gazebo_spawner build --build-base /home/wheeltec/wheeltec_ros2/build/nav2_gazebo_spawner/build install --record /home/wheeltec/wheeltec_ros2/build/nav2_gazebo_spawner/install.log --install-scripts $base/lib/nav2_gazebo_spawner --single-version-externally-managed install_data
[7.910s] /home/wheeltec/.local/lib/python3.8/site-packages/setuptools/dist.py:771: UserWarning: Usage of dash-separated 'script-dir' will not be supported in future versions. Please use the underscore name 'script_dir' instead
[7.910s]   warnings.warn(
[8.593s] running egg_info
[8.680s] writing ../../../../build/nav2_gazebo_spawner/nav2_gazebo_spawner.egg-info/PKG-INFO
[8.683s] writing dependency_links to ../../../../build/nav2_gazebo_spawner/nav2_gazebo_spawner.egg-info/dependency_links.txt
[8.685s] writing entry points to ../../../../build/nav2_gazebo_spawner/nav2_gazebo_spawner.egg-info/entry_points.txt
[8.687s] writing requirements to ../../../../build/nav2_gazebo_spawner/nav2_gazebo_spawner.egg-info/requires.txt
[8.688s] writing top-level names to ../../../../build/nav2_gazebo_spawner/nav2_gazebo_spawner.egg-info/top_level.txt
[8.869s] reading manifest file '../../../../build/nav2_gazebo_spawner/nav2_gazebo_spawner.egg-info/SOURCES.txt'
[8.878s] writing manifest file '../../../../build/nav2_gazebo_spawner/nav2_gazebo_spawner.egg-info/SOURCES.txt'
[8.878s] running build
[8.879s] running build_py
[8.882s] running install
[8.912s] running install_lib
[9.005s] running install_data
[9.006s] running install_egg_info
[9.089s] removing '/home/wheeltec/wheeltec_ros2/install/nav2_gazebo_spawner/lib/python3.8/site-packages/nav2_gazebo_spawner-0.3.0-py3.8.egg-info' (and everything under it)
[9.093s] Copying ../../../../build/nav2_gazebo_spawner/nav2_gazebo_spawner.egg-info to /home/wheeltec/wheeltec_ros2/install/nav2_gazebo_spawner/lib/python3.8/site-packages/nav2_gazebo_spawner-0.3.0-py3.8.egg-info
[9.098s] running install_scripts
[9.568s] Installing nav2_gazebo_spawner script to /home/wheeltec/wheeltec_ros2/install/nav2_gazebo_spawner/lib/nav2_gazebo_spawner
[9.570s] writing list of installed files to '/home/wheeltec/wheeltec_ros2/build/nav2_gazebo_spawner/install.log'
[9.762s] Invoked command in '/home/wheeltec/wheeltec_ros2/src/navigation2-galactic/nav2_bringup/nav2_gazebo_spawner' returned '0': PYTHONPATH=/home/wheeltec/wheeltec_ros2/build/nav2_gazebo_spawner/prefix_override:/usr/lib/python3/dist-packages/colcon_core/task/python/colcon_distutils_commands:/home/wheeltec/wheeltec_ros2/install/nav2_gazebo_spawner/lib/python3.8/site-packages:${PYTHONPATH} /usr/bin/python3 -W ignore:setup.py install is deprecated setup.py egg_info --egg-base ../../../../build/nav2_gazebo_spawner build --build-base /home/wheeltec/wheeltec_ros2/build/nav2_gazebo_spawner/build install --record /home/wheeltec/wheeltec_ros2/build/nav2_gazebo_spawner/install.log --install-scripts $base/lib/nav2_gazebo_spawner --single-version-externally-managed install_data
