[0.129s] Invoking command in '/home/wheeltec/wheeltec_ros2/build/wheeltec_cartographer': CMAKE_PREFIX_PATH=/opt/ros/galactic /usr/bin/cmake /home/wheeltec/wheeltec_ros2/src/wheeltec_robot_slam/wheeltec_cartographer -DCMAKE_INSTALL_PREFIX=/home/wheeltec/wheeltec_ros2/install/wheeltec_cartographer
[0.461s] -- The C compiler identification is GNU 9.4.0
[0.975s] -- The CXX compiler identification is GNU 9.4.0
[1.027s] -- Check for working C compiler: /usr/bin/cc
[1.813s] -- Check for working C compiler: /usr/bin/cc -- works
[1.817s] -- Detecting C compiler ABI info
[2.587s] -- Detecting C compiler ABI info - done
[2.708s] -- Detecting C compile features
[2.709s] -- Detecting C compile features - done
[2.730s] -- Check for working CXX compiler: /usr/bin/c++
[3.680s] -- Check for working CXX compiler: /usr/bin/c++ -- works
[3.685s] -- Detecting CXX compiler ABI info
[4.507s] -- Detecting CXX compiler ABI info - done
[4.639s] -- Detecting CXX compile features
[4.649s] -- Detecting CXX compile features - done
[4.690s] -- Found ament_cmake: 1.1.5 (/opt/ros/galactic/share/ament_cmake/cmake)
[4.946s] -- Found PythonInterp: /usr/bin/python3 (found suitable version "3.8.10", minimum required is "3") 
[4.947s] -- Using PYTHON_EXECUTABLE: /usr/bin/python3
[6.088s] -- Found ament_lint_auto: 0.10.7 (/opt/ros/galactic/share/ament_lint_auto/cmake)
[7.263s] -- Added test 'copyright' to check source files copyright and LICENSE
[7.299s] -- Added test 'flake8' to check Python code syntax and style conventions
[7.313s] -- Added test 'lint_cmake' to check CMake code style
[7.316s] -- Added test 'pep257' to check Python code against some of the style conventions in PEP 257
[7.331s] -- Added test 'xmllint' to check XML markup files
[7.363s] -- Configuring done
[7.385s] -- Generating done
[7.402s] -- Build files have been written to: /home/wheeltec/wheeltec_ros2/build/wheeltec_cartographer
[7.436s] Invoked command in '/home/wheeltec/wheeltec_ros2/build/wheeltec_cartographer' returned '0': CMAKE_PREFIX_PATH=/opt/ros/galactic /usr/bin/cmake /home/wheeltec/wheeltec_ros2/src/wheeltec_robot_slam/wheeltec_cartographer -DCMAKE_INSTALL_PREFIX=/home/wheeltec/wheeltec_ros2/install/wheeltec_cartographer
[7.437s] Invoking command in '/home/wheeltec/wheeltec_ros2/build/wheeltec_cartographer': CMAKE_PREFIX_PATH=/opt/ros/galactic /usr/bin/cmake --build /home/wheeltec/wheeltec_ros2/build/wheeltec_cartographer -- -j4 -l4
[7.903s] Invoked command in '/home/wheeltec/wheeltec_ros2/build/wheeltec_cartographer' returned '0': CMAKE_PREFIX_PATH=/opt/ros/galactic /usr/bin/cmake --build /home/wheeltec/wheeltec_ros2/build/wheeltec_cartographer -- -j4 -l4
[8.377s] Invoking command in '/home/wheeltec/wheeltec_ros2/build/wheeltec_cartographer': CMAKE_PREFIX_PATH=/opt/ros/galactic /usr/bin/cmake --install /home/wheeltec/wheeltec_ros2/build/wheeltec_cartographer
[8.496s] -- Install configuration: ""
[8.506s] -- Installing: /home/wheeltec/wheeltec_ros2/install/wheeltec_cartographer/share/wheeltec_cartographer/launch
[8.508s] -- Installing: /home/wheeltec/wheeltec_ros2/install/wheeltec_cartographer/share/wheeltec_cartographer/launch/turtlebot3_scan.launch.py
[8.511s] -- Installing: /home/wheeltec/wheeltec_ros2/install/wheeltec_cartographer/share/wheeltec_cartographer/launch/slam_rtabmap.launch.py
[8.516s] -- Installing: /home/wheeltec/wheeltec_ros2/install/wheeltec_cartographer/share/wheeltec_cartographer/launch/cartographer.launch.py
[8.521s] -- Installing: /home/wheeltec/wheeltec_ros2/install/wheeltec_cartographer/share/wheeltec_cartographer/launch/realsense_d400.launch.py
[8.524s] -- Installing: /home/wheeltec/wheeltec_ros2/install/wheeltec_cartographer/share/wheeltec_cartographer/config
[8.526s] -- Installing: /home/wheeltec/wheeltec_ros2/install/wheeltec_cartographer/share/wheeltec_cartographer/config/cartographer.lua
[8.530s] -- Installing: /home/wheeltec/wheeltec_ros2/install/wheeltec_cartographer/share/ament_index/resource_index/package_run_dependencies/wheeltec_cartographer
[8.536s] -- Installing: /home/wheeltec/wheeltec_ros2/install/wheeltec_cartographer/share/ament_index/resource_index/parent_prefix_path/wheeltec_cartographer
[8.539s] -- Installing: /home/wheeltec/wheeltec_ros2/install/wheeltec_cartographer/share/wheeltec_cartographer/environment/ament_prefix_path.sh
[8.542s] -- Installing: /home/wheeltec/wheeltec_ros2/install/wheeltec_cartographer/share/wheeltec_cartographer/environment/ament_prefix_path.dsv
[8.547s] -- Installing: /home/wheeltec/wheeltec_ros2/install/wheeltec_cartographer/share/wheeltec_cartographer/environment/path.sh
[8.549s] -- Installing: /home/wheeltec/wheeltec_ros2/install/wheeltec_cartographer/share/wheeltec_cartographer/environment/path.dsv
[8.553s] -- Installing: /home/wheeltec/wheeltec_ros2/install/wheeltec_cartographer/share/wheeltec_cartographer/local_setup.bash
[8.555s] -- Installing: /home/wheeltec/wheeltec_ros2/install/wheeltec_cartographer/share/wheeltec_cartographer/local_setup.sh
[8.563s] -- Installing: /home/wheeltec/wheeltec_ros2/install/wheeltec_cartographer/share/wheeltec_cartographer/local_setup.zsh
[8.565s] -- Installing: /home/wheeltec/wheeltec_ros2/install/wheeltec_cartographer/share/wheeltec_cartographer/local_setup.dsv
[8.567s] -- Installing: /home/wheeltec/wheeltec_ros2/install/wheeltec_cartographer/share/wheeltec_cartographer/package.dsv
[8.569s] -- Installing: /home/wheeltec/wheeltec_ros2/install/wheeltec_cartographer/share/ament_index/resource_index/packages/wheeltec_cartographer
[8.571s] -- Installing: /home/wheeltec/wheeltec_ros2/install/wheeltec_cartographer/share/wheeltec_cartographer/cmake/wheeltec_cartographerConfig.cmake
[8.572s] -- Installing: /home/wheeltec/wheeltec_ros2/install/wheeltec_cartographer/share/wheeltec_cartographer/cmake/wheeltec_cartographerConfig-version.cmake
[8.574s] -- Installing: /home/wheeltec/wheeltec_ros2/install/wheeltec_cartographer/share/wheeltec_cartographer/package.xml
[8.595s] Invoked command in '/home/wheeltec/wheeltec_ros2/build/wheeltec_cartographer' returned '0': CMAKE_PREFIX_PATH=/opt/ros/galactic /usr/bin/cmake --install /home/wheeltec/wheeltec_ros2/build/wheeltec_cartographer
