[0.088s] Invoking command in '/home/wheeltec/wheeltec_ros2/build/web_video_server': CMAKE_PREFIX_PATH=${CMAKE_PREFIX_PATH}:/home/wheeltec/wheeltec_ros2/install/simple_follower_ros2:/home/wheeltec/wheeltec_ros2/install/wheeltec_robot_keyboard:/home/wheeltec/wheeltec_ros2/install/tf2_tools:/home/wheeltec/wheeltec_ros2/install/nav2_simple_commander:/home/wheeltec/wheeltec_ros2/install/nav2_gazebo_spawner:/opt/ros/galactic /usr/bin/cmake --build /home/wheeltec/wheeltec_ros2/build/web_video_server -- -j4 -l4
[0.589s] [100%] Built target web_video_server
[0.679s] Invoked command in '/home/wheeltec/wheeltec_ros2/build/web_video_server' returned '0': CMAKE_PREFIX_PATH=${CMAKE_PREFIX_PATH}:/home/wheeltec/wheeltec_ros2/install/simple_follower_ros2:/home/wheeltec/wheeltec_ros2/install/wheeltec_robot_keyboard:/home/wheeltec/wheeltec_ros2/install/tf2_tools:/home/wheeltec/wheeltec_ros2/install/nav2_simple_commander:/home/wheeltec/wheeltec_ros2/install/nav2_gazebo_spawner:/opt/ros/galactic /usr/bin/cmake --build /home/wheeltec/wheeltec_ros2/build/web_video_server -- -j4 -l4
[1.190s] Invoking command in '/home/wheeltec/wheeltec_ros2/build/web_video_server': CMAKE_PREFIX_PATH=${CMAKE_PREFIX_PATH}:/home/wheeltec/wheeltec_ros2/install/simple_follower_ros2:/home/wheeltec/wheeltec_ros2/install/wheeltec_robot_keyboard:/home/wheeltec/wheeltec_ros2/install/tf2_tools:/home/wheeltec/wheeltec_ros2/install/nav2_simple_commander:/home/wheeltec/wheeltec_ros2/install/nav2_gazebo_spawner:/opt/ros/galactic /usr/bin/cmake --install /home/wheeltec/wheeltec_ros2/build/web_video_server
[1.257s] -- Install configuration: ""
[1.262s] -- Up-to-date: /home/wheeltec/wheeltec_ros2/install/web_video_server/lib/web_video_server/web_video_server
[1.264s] -- Up-to-date: /home/wheeltec/wheeltec_ros2/install/web_video_server/include/web_video_server
[1.265s] -- Up-to-date: /home/wheeltec/wheeltec_ros2/install/web_video_server/include/web_video_server/libav_streamer.h
[1.265s] -- Up-to-date: /home/wheeltec/wheeltec_ros2/install/web_video_server/include/web_video_server/h264_streamer.h
[1.266s] -- Up-to-date: /home/wheeltec/wheeltec_ros2/install/web_video_server/include/web_video_server/image_streamer.h
[1.267s] -- Up-to-date: /home/wheeltec/wheeltec_ros2/install/web_video_server/include/web_video_server/vp8_streamer.h
[1.267s] -- Up-to-date: /home/wheeltec/wheeltec_ros2/install/web_video_server/include/web_video_server/multipart_stream.h
[1.268s] -- Up-to-date: /home/wheeltec/wheeltec_ros2/install/web_video_server/include/web_video_server/web_video_server.h
[1.268s] -- Up-to-date: /home/wheeltec/wheeltec_ros2/install/web_video_server/include/web_video_server/ros_compressed_streamer.h
[1.269s] -- Up-to-date: /home/wheeltec/wheeltec_ros2/install/web_video_server/include/web_video_server/jpeg_streamers.h
[1.269s] -- Up-to-date: /home/wheeltec/wheeltec_ros2/install/web_video_server/include/web_video_server/png_streamers.h
[1.270s] -- Up-to-date: /home/wheeltec/wheeltec_ros2/install/web_video_server/include/web_video_server/vp9_streamer.h
[1.270s] -- Up-to-date: /home/wheeltec/wheeltec_ros2/install/web_video_server/share/ament_index/resource_index/package_run_dependencies/web_video_server
[1.271s] -- Up-to-date: /home/wheeltec/wheeltec_ros2/install/web_video_server/share/ament_index/resource_index/parent_prefix_path/web_video_server
[1.271s] -- Up-to-date: /home/wheeltec/wheeltec_ros2/install/web_video_server/share/web_video_server/environment/ament_prefix_path.sh
[1.272s] -- Up-to-date: /home/wheeltec/wheeltec_ros2/install/web_video_server/share/web_video_server/environment/ament_prefix_path.dsv
[1.273s] -- Up-to-date: /home/wheeltec/wheeltec_ros2/install/web_video_server/share/web_video_server/environment/path.sh
[1.274s] -- Up-to-date: /home/wheeltec/wheeltec_ros2/install/web_video_server/share/web_video_server/environment/path.dsv
[1.274s] -- Up-to-date: /home/wheeltec/wheeltec_ros2/install/web_video_server/share/web_video_server/local_setup.bash
[1.275s] -- Up-to-date: /home/wheeltec/wheeltec_ros2/install/web_video_server/share/web_video_server/local_setup.sh
[1.275s] -- Up-to-date: /home/wheeltec/wheeltec_ros2/install/web_video_server/share/web_video_server/local_setup.zsh
[1.294s] -- Up-to-date: /home/wheeltec/wheeltec_ros2/install/web_video_server/share/web_video_server/local_setup.dsv
[1.295s] -- Installing: /home/wheeltec/wheeltec_ros2/install/web_video_server/share/web_video_server/package.dsv
[1.296s] -- Up-to-date: /home/wheeltec/wheeltec_ros2/install/web_video_server/share/ament_index/resource_index/packages/web_video_server
[1.296s] -- Up-to-date: /home/wheeltec/wheeltec_ros2/install/web_video_server/share/web_video_server/cmake/web_video_serverConfig.cmake
[1.297s] -- Up-to-date: /home/wheeltec/wheeltec_ros2/install/web_video_server/share/web_video_server/cmake/web_video_serverConfig-version.cmake
[1.297s] -- Up-to-date: /home/wheeltec/wheeltec_ros2/install/web_video_server/share/web_video_server/package.xml
[1.299s] Invoked command in '/home/wheeltec/wheeltec_ros2/build/web_video_server' returned '0': CMAKE_PREFIX_PATH=${CMAKE_PREFIX_PATH}:/home/wheeltec/wheeltec_ros2/install/simple_follower_ros2:/home/wheeltec/wheeltec_ros2/install/wheeltec_robot_keyboard:/home/wheeltec/wheeltec_ros2/install/tf2_tools:/home/wheeltec/wheeltec_ros2/install/nav2_simple_commander:/home/wheeltec/wheeltec_ros2/install/nav2_gazebo_spawner:/opt/ros/galactic /usr/bin/cmake --install /home/wheeltec/wheeltec_ros2/build/web_video_server
