[0.208s] Invoking command in '/home/wheeltec/wheeltec_ros2/build/ar_track_alvar_msgs': CMAKE_PREFIX_PATH=/opt/ros/galactic /usr/bin/cmake --build /home/wheeltec/wheeltec_ros2/build/ar_track_alvar_msgs -- -j4 -l4
[0.437s] [  2%] Built target ar_track_alvar_msgs__cpp
[0.593s] [ 12%] Built target ar_track_alvar_msgs__rosidl_generator_c
[0.699s] [ 23%] Built target ar_track_alvar_msgs__rosidl_typesupport_cpp
[0.793s] [ 33%] Built target ar_track_alvar_msgs__rosidl_typesupport_introspection_cpp
[0.846s] [ 43%] Built target ar_track_alvar_msgs__rosidl_typesupport_introspection_c
[0.862s] [ 53%] Built target ar_track_alvar_msgs__rosidl_typesupport_fastrtps_cpp
[1.162s] [ 64%] Built target ar_track_alvar_msgs__rosidl_typesupport_c
[1.166s] [ 74%] Built target ar_track_alvar_msgs__rosidl_typesupport_fastrtps_c
[1.212s] [ 74%] Built target ar_track_alvar_msgs
[1.293s] [ 76%] Built target ar_track_alvar_msgs__py
[1.422s] [ 84%] Built target ar_track_alvar_msgs__python
[1.557s] [ 89%] Built target ar_track_alvar_msgs__rosidl_typesupport_introspection_c__pyext
[1.644s] [ 94%] Built target ar_track_alvar_msgs__rosidl_typesupport_fastrtps_c__pyext
[1.667s] [100%] Built target ar_track_alvar_msgs__rosidl_typesupport_c__pyext
[1.708s] Invoked command in '/home/wheeltec/wheeltec_ros2/build/ar_track_alvar_msgs' returned '0': CMAKE_PREFIX_PATH=/opt/ros/galactic /usr/bin/cmake --build /home/wheeltec/wheeltec_ros2/build/ar_track_alvar_msgs -- -j4 -l4
[2.112s] Invoking command in '/home/wheeltec/wheeltec_ros2/build/ar_track_alvar_msgs': CMAKE_PREFIX_PATH=/opt/ros/galactic /usr/bin/cmake --install /home/wheeltec/wheeltec_ros2/build/ar_track_alvar_msgs
[2.160s] -- Install configuration: ""
[2.161s] -- Up-to-date: /home/wheeltec/wheeltec_ros2/install/ar_track_alvar_msgs/share/ament_index/resource_index/rosidl_interfaces/ar_track_alvar_msgs
[2.161s] -- Up-to-date: /home/wheeltec/wheeltec_ros2/install/ar_track_alvar_msgs/include/ar_track_alvar_msgs
[2.161s] -- Up-to-date: /home/wheeltec/wheeltec_ros2/install/ar_track_alvar_msgs/include/ar_track_alvar_msgs/msg
[2.162s] -- Up-to-date: /home/wheeltec/wheeltec_ros2/install/ar_track_alvar_msgs/include/ar_track_alvar_msgs/msg/alvar_marker.h
[2.163s] -- Up-to-date: /home/wheeltec/wheeltec_ros2/install/ar_track_alvar_msgs/include/ar_track_alvar_msgs/msg/alvar_markers.h
[2.163s] -- Up-to-date: /home/wheeltec/wheeltec_ros2/install/ar_track_alvar_msgs/include/ar_track_alvar_msgs/msg/detail
[2.164s] -- Up-to-date: /home/wheeltec/wheeltec_ros2/install/ar_track_alvar_msgs/include/ar_track_alvar_msgs/msg/detail/alvar_markers__functions.h
[2.164s] -- Up-to-date: /home/wheeltec/wheeltec_ros2/install/ar_track_alvar_msgs/include/ar_track_alvar_msgs/msg/detail/alvar_markers__struct.h
[2.165s] -- Up-to-date: /home/wheeltec/wheeltec_ros2/install/ar_track_alvar_msgs/include/ar_track_alvar_msgs/msg/detail/alvar_markers__functions.c
[2.165s] -- Up-to-date: /home/wheeltec/wheeltec_ros2/install/ar_track_alvar_msgs/include/ar_track_alvar_msgs/msg/detail/alvar_markers__type_support.h
[2.165s] -- Up-to-date: /home/wheeltec/wheeltec_ros2/install/ar_track_alvar_msgs/include/ar_track_alvar_msgs/msg/detail/alvar_marker__type_support.h
[2.166s] -- Up-to-date: /home/wheeltec/wheeltec_ros2/install/ar_track_alvar_msgs/include/ar_track_alvar_msgs/msg/detail/alvar_marker__functions.h
[2.166s] -- Up-to-date: /home/wheeltec/wheeltec_ros2/install/ar_track_alvar_msgs/include/ar_track_alvar_msgs/msg/detail/alvar_marker__functions.c
[2.167s] -- Up-to-date: /home/wheeltec/wheeltec_ros2/install/ar_track_alvar_msgs/include/ar_track_alvar_msgs/msg/detail/alvar_marker__struct.h
[2.168s] -- Up-to-date: /home/wheeltec/wheeltec_ros2/install/ar_track_alvar_msgs/include/ar_track_alvar_msgs/msg/rosidl_generator_c__visibility_control.h
[2.169s] -- Up-to-date: /home/wheeltec/wheeltec_ros2/install/ar_track_alvar_msgs/share/ar_track_alvar_msgs/environment/library_path.sh
[2.169s] -- Up-to-date: /home/wheeltec/wheeltec_ros2/install/ar_track_alvar_msgs/share/ar_track_alvar_msgs/environment/library_path.dsv
[2.170s] -- Up-to-date: /home/wheeltec/wheeltec_ros2/install/ar_track_alvar_msgs/lib/libar_track_alvar_msgs__rosidl_generator_c.so
[2.170s] -- Up-to-date: /home/wheeltec/wheeltec_ros2/install/ar_track_alvar_msgs/include/ar_track_alvar_msgs
[2.171s] -- Up-to-date: /home/wheeltec/wheeltec_ros2/install/ar_track_alvar_msgs/include/ar_track_alvar_msgs/msg
[2.171s] -- Up-to-date: /home/wheeltec/wheeltec_ros2/install/ar_track_alvar_msgs/include/ar_track_alvar_msgs/msg/rosidl_typesupport_fastrtps_c__visibility_control.h
[2.172s] -- Up-to-date: /home/wheeltec/wheeltec_ros2/install/ar_track_alvar_msgs/include/ar_track_alvar_msgs/msg/detail
[2.172s] -- Up-to-date: /home/wheeltec/wheeltec_ros2/install/ar_track_alvar_msgs/include/ar_track_alvar_msgs/msg/detail/alvar_markers__rosidl_typesupport_fastrtps_c.h
[2.172s] -- Up-to-date: /home/wheeltec/wheeltec_ros2/install/ar_track_alvar_msgs/include/ar_track_alvar_msgs/msg/detail/alvar_marker__rosidl_typesupport_fastrtps_c.h
[2.174s] -- Up-to-date: /home/wheeltec/wheeltec_ros2/install/ar_track_alvar_msgs/lib/libar_track_alvar_msgs__rosidl_typesupport_fastrtps_c.so
[2.174s] -- Up-to-date: /home/wheeltec/wheeltec_ros2/install/ar_track_alvar_msgs/include/ar_track_alvar_msgs
[2.175s] -- Up-to-date: /home/wheeltec/wheeltec_ros2/install/ar_track_alvar_msgs/include/ar_track_alvar_msgs/msg
[2.176s] -- Up-to-date: /home/wheeltec/wheeltec_ros2/install/ar_track_alvar_msgs/include/ar_track_alvar_msgs/msg/detail
[2.177s] -- Up-to-date: /home/wheeltec/wheeltec_ros2/install/ar_track_alvar_msgs/include/ar_track_alvar_msgs/msg/detail/dds_fastrtps
[2.177s] -- Up-to-date: /home/wheeltec/wheeltec_ros2/install/ar_track_alvar_msgs/include/ar_track_alvar_msgs/msg/detail/alvar_markers__rosidl_typesupport_fastrtps_cpp.hpp
[2.177s] -- Up-to-date: /home/wheeltec/wheeltec_ros2/install/ar_track_alvar_msgs/include/ar_track_alvar_msgs/msg/detail/alvar_marker__rosidl_typesupport_fastrtps_cpp.hpp
[2.178s] -- Up-to-date: /home/wheeltec/wheeltec_ros2/install/ar_track_alvar_msgs/include/ar_track_alvar_msgs/msg/rosidl_typesupport_fastrtps_cpp__visibility_control.h
[2.178s] -- Up-to-date: /home/wheeltec/wheeltec_ros2/install/ar_track_alvar_msgs/lib/libar_track_alvar_msgs__rosidl_typesupport_fastrtps_cpp.so
[2.179s] -- Up-to-date: /home/wheeltec/wheeltec_ros2/install/ar_track_alvar_msgs/include/ar_track_alvar_msgs
[2.181s] -- Up-to-date: /home/wheeltec/wheeltec_ros2/install/ar_track_alvar_msgs/include/ar_track_alvar_msgs/msg
[2.182s] -- Up-to-date: /home/wheeltec/wheeltec_ros2/install/ar_track_alvar_msgs/include/ar_track_alvar_msgs/msg/rosidl_typesupport_introspection_c__visibility_control.h
[2.183s] -- Up-to-date: /home/wheeltec/wheeltec_ros2/install/ar_track_alvar_msgs/include/ar_track_alvar_msgs/msg/detail
[2.185s] -- Up-to-date: /home/wheeltec/wheeltec_ros2/install/ar_track_alvar_msgs/include/ar_track_alvar_msgs/msg/detail/alvar_markers__type_support.c
[2.186s] -- Up-to-date: /home/wheeltec/wheeltec_ros2/install/ar_track_alvar_msgs/include/ar_track_alvar_msgs/msg/detail/alvar_marker__type_support.c
[2.187s] -- Up-to-date: /home/wheeltec/wheeltec_ros2/install/ar_track_alvar_msgs/include/ar_track_alvar_msgs/msg/detail/alvar_markers__rosidl_typesupport_introspection_c.h
[2.187s] -- Up-to-date: /home/wheeltec/wheeltec_ros2/install/ar_track_alvar_msgs/include/ar_track_alvar_msgs/msg/detail/alvar_marker__rosidl_typesupport_introspection_c.h
[2.188s] -- Up-to-date: /home/wheeltec/wheeltec_ros2/install/ar_track_alvar_msgs/lib/libar_track_alvar_msgs__rosidl_typesupport_introspection_c.so
[2.188s] -- Up-to-date: /home/wheeltec/wheeltec_ros2/install/ar_track_alvar_msgs/lib/libar_track_alvar_msgs__rosidl_typesupport_c.so
[2.189s] -- Up-to-date: /home/wheeltec/wheeltec_ros2/install/ar_track_alvar_msgs/include/ar_track_alvar_msgs
[2.189s] -- Up-to-date: /home/wheeltec/wheeltec_ros2/install/ar_track_alvar_msgs/include/ar_track_alvar_msgs/msg
[2.189s] -- Up-to-date: /home/wheeltec/wheeltec_ros2/install/ar_track_alvar_msgs/include/ar_track_alvar_msgs/msg/alvar_markers.hpp
[2.192s] -- Up-to-date: /home/wheeltec/wheeltec_ros2/install/ar_track_alvar_msgs/include/ar_track_alvar_msgs/msg/detail
[2.192s] -- Up-to-date: /home/wheeltec/wheeltec_ros2/install/ar_track_alvar_msgs/include/ar_track_alvar_msgs/msg/detail/alvar_marker__struct.hpp
[2.192s] -- Up-to-date: /home/wheeltec/wheeltec_ros2/install/ar_track_alvar_msgs/include/ar_track_alvar_msgs/msg/detail/alvar_marker__builder.hpp
[2.193s] -- Up-to-date: /home/wheeltec/wheeltec_ros2/install/ar_track_alvar_msgs/include/ar_track_alvar_msgs/msg/detail/alvar_marker__traits.hpp
[2.193s] -- Up-to-date: /home/wheeltec/wheeltec_ros2/install/ar_track_alvar_msgs/include/ar_track_alvar_msgs/msg/detail/alvar_markers__struct.hpp
[2.194s] -- Up-to-date: /home/wheeltec/wheeltec_ros2/install/ar_track_alvar_msgs/include/ar_track_alvar_msgs/msg/detail/alvar_markers__traits.hpp
[2.195s] -- Up-to-date: /home/wheeltec/wheeltec_ros2/install/ar_track_alvar_msgs/include/ar_track_alvar_msgs/msg/detail/alvar_markers__builder.hpp
[2.195s] -- Up-to-date: /home/wheeltec/wheeltec_ros2/install/ar_track_alvar_msgs/include/ar_track_alvar_msgs/msg/alvar_marker.hpp
[2.196s] -- Up-to-date: /home/wheeltec/wheeltec_ros2/install/ar_track_alvar_msgs/include/ar_track_alvar_msgs
[2.197s] -- Up-to-date: /home/wheeltec/wheeltec_ros2/install/ar_track_alvar_msgs/include/ar_track_alvar_msgs/msg
[2.197s] -- Up-to-date: /home/wheeltec/wheeltec_ros2/install/ar_track_alvar_msgs/include/ar_track_alvar_msgs/msg/detail
[2.198s] -- Up-to-date: /home/wheeltec/wheeltec_ros2/install/ar_track_alvar_msgs/include/ar_track_alvar_msgs/msg/detail/alvar_markers__rosidl_typesupport_introspection_cpp.hpp
[2.198s] -- Up-to-date: /home/wheeltec/wheeltec_ros2/install/ar_track_alvar_msgs/include/ar_track_alvar_msgs/msg/detail/alvar_marker__rosidl_typesupport_introspection_cpp.hpp
[2.199s] -- Up-to-date: /home/wheeltec/wheeltec_ros2/install/ar_track_alvar_msgs/include/ar_track_alvar_msgs/msg/detail/alvar_markers__type_support.cpp
[2.199s] -- Up-to-date: /home/wheeltec/wheeltec_ros2/install/ar_track_alvar_msgs/include/ar_track_alvar_msgs/msg/detail/alvar_marker__type_support.cpp
[2.199s] -- Up-to-date: /home/wheeltec/wheeltec_ros2/install/ar_track_alvar_msgs/lib/libar_track_alvar_msgs__rosidl_typesupport_introspection_cpp.so
[2.200s] -- Up-to-date: /home/wheeltec/wheeltec_ros2/install/ar_track_alvar_msgs/lib/libar_track_alvar_msgs__rosidl_typesupport_cpp.so
[2.201s] -- Up-to-date: /home/wheeltec/wheeltec_ros2/install/ar_track_alvar_msgs/share/ar_track_alvar_msgs/environment/pythonpath.sh
[2.202s] -- Up-to-date: /home/wheeltec/wheeltec_ros2/install/ar_track_alvar_msgs/share/ar_track_alvar_msgs/environment/pythonpath.dsv
[2.202s] -- Up-to-date: /home/wheeltec/wheeltec_ros2/install/ar_track_alvar_msgs/lib/python3.8/site-packages/ar_track_alvar_msgs/__init__.py
[2.344s] -- Up-to-date: /home/wheeltec/wheeltec_ros2/install/ar_track_alvar_msgs/lib/python3.8/site-packages/ar_track_alvar_msgs/msg
[2.345s] -- Up-to-date: /home/wheeltec/wheeltec_ros2/install/ar_track_alvar_msgs/lib/python3.8/site-packages/ar_track_alvar_msgs/msg/__init__.py
[2.346s] -- Up-to-date: /home/wheeltec/wheeltec_ros2/install/ar_track_alvar_msgs/lib/python3.8/site-packages/ar_track_alvar_msgs/msg/_alvar_markers.py
[2.346s] -- Up-to-date: /home/wheeltec/wheeltec_ros2/install/ar_track_alvar_msgs/lib/python3.8/site-packages/ar_track_alvar_msgs/msg/_alvar_markers_s.c
[2.347s] -- Up-to-date: /home/wheeltec/wheeltec_ros2/install/ar_track_alvar_msgs/lib/python3.8/site-packages/ar_track_alvar_msgs/msg/_alvar_marker.py
[2.347s] -- Up-to-date: /home/wheeltec/wheeltec_ros2/install/ar_track_alvar_msgs/lib/python3.8/site-packages/ar_track_alvar_msgs/msg/_alvar_marker_s.c
[2.353s] -- Up-to-date: /home/wheeltec/wheeltec_ros2/install/ar_track_alvar_msgs/lib/python3.8/site-packages/ar_track_alvar_msgs/ar_track_alvar_msgs_s__rosidl_typesupport_fastrtps_c.cpython-38-aarch64-linux-gnu.so
[2.354s] -- Up-to-date: /home/wheeltec/wheeltec_ros2/install/ar_track_alvar_msgs/lib/python3.8/site-packages/ar_track_alvar_msgs/ar_track_alvar_msgs_s__rosidl_typesupport_introspection_c.cpython-38-aarch64-linux-gnu.so
[2.355s] -- Up-to-date: /home/wheeltec/wheeltec_ros2/install/ar_track_alvar_msgs/lib/python3.8/site-packages/ar_track_alvar_msgs/ar_track_alvar_msgs_s__rosidl_typesupport_c.cpython-38-aarch64-linux-gnu.so
[2.355s] -- Up-to-date: /home/wheeltec/wheeltec_ros2/install/ar_track_alvar_msgs/lib/libar_track_alvar_msgs__python.so
[2.362s] -- Up-to-date: /home/wheeltec/wheeltec_ros2/install/ar_track_alvar_msgs/share/ar_track_alvar_msgs/msg/AlvarMarkers.idl
[2.362s] -- Up-to-date: /home/wheeltec/wheeltec_ros2/install/ar_track_alvar_msgs/share/ar_track_alvar_msgs/msg/AlvarMarker.idl
[2.363s] -- Up-to-date: /home/wheeltec/wheeltec_ros2/install/ar_track_alvar_msgs/share/ar_track_alvar_msgs/msg/AlvarMarkers.msg
[2.363s] -- Up-to-date: /home/wheeltec/wheeltec_ros2/install/ar_track_alvar_msgs/share/ar_track_alvar_msgs/msg/AlvarMarker.msg
[2.364s] -- Up-to-date: /home/wheeltec/wheeltec_ros2/install/ar_track_alvar_msgs/share/ament_index/resource_index/package_run_dependencies/ar_track_alvar_msgs
[2.364s] -- Up-to-date: /home/wheeltec/wheeltec_ros2/install/ar_track_alvar_msgs/share/ament_index/resource_index/parent_prefix_path/ar_track_alvar_msgs
[2.364s] -- Up-to-date: /home/wheeltec/wheeltec_ros2/install/ar_track_alvar_msgs/share/ar_track_alvar_msgs/environment/ament_prefix_path.sh
[2.365s] -- Up-to-date: /home/wheeltec/wheeltec_ros2/install/ar_track_alvar_msgs/share/ar_track_alvar_msgs/environment/ament_prefix_path.dsv
[2.365s] -- Up-to-date: /home/wheeltec/wheeltec_ros2/install/ar_track_alvar_msgs/share/ar_track_alvar_msgs/environment/path.sh
[2.372s] -- Up-to-date: /home/wheeltec/wheeltec_ros2/install/ar_track_alvar_msgs/share/ar_track_alvar_msgs/environment/path.dsv
[2.373s] -- Up-to-date: /home/wheeltec/wheeltec_ros2/install/ar_track_alvar_msgs/share/ar_track_alvar_msgs/local_setup.bash
[2.374s] -- Up-to-date: /home/wheeltec/wheeltec_ros2/install/ar_track_alvar_msgs/share/ar_track_alvar_msgs/local_setup.sh
[2.374s] -- Up-to-date: /home/wheeltec/wheeltec_ros2/install/ar_track_alvar_msgs/share/ar_track_alvar_msgs/local_setup.zsh
[2.375s] -- Up-to-date: /home/wheeltec/wheeltec_ros2/install/ar_track_alvar_msgs/share/ar_track_alvar_msgs/local_setup.dsv
[2.375s] -- Installing: /home/wheeltec/wheeltec_ros2/install/ar_track_alvar_msgs/share/ar_track_alvar_msgs/package.dsv
[2.376s] -- Up-to-date: /home/wheeltec/wheeltec_ros2/install/ar_track_alvar_msgs/share/ament_index/resource_index/packages/ar_track_alvar_msgs
[2.376s] -- Up-to-date: /home/wheeltec/wheeltec_ros2/install/ar_track_alvar_msgs/share/ar_track_alvar_msgs/cmake/ar_track_alvar_msgs__rosidl_generator_cExport.cmake
[2.376s] -- Up-to-date: /home/wheeltec/wheeltec_ros2/install/ar_track_alvar_msgs/share/ar_track_alvar_msgs/cmake/ar_track_alvar_msgs__rosidl_generator_cExport-noconfig.cmake
[2.377s] -- Up-to-date: /home/wheeltec/wheeltec_ros2/install/ar_track_alvar_msgs/share/ar_track_alvar_msgs/cmake/ar_track_alvar_msgs__rosidl_typesupport_introspection_cExport.cmake
[2.377s] -- Up-to-date: /home/wheeltec/wheeltec_ros2/install/ar_track_alvar_msgs/share/ar_track_alvar_msgs/cmake/ar_track_alvar_msgs__rosidl_typesupport_introspection_cExport-noconfig.cmake
[2.377s] -- Up-to-date: /home/wheeltec/wheeltec_ros2/install/ar_track_alvar_msgs/share/ar_track_alvar_msgs/cmake/ar_track_alvar_msgs__rosidl_typesupport_cExport.cmake
[2.378s] -- Up-to-date: /home/wheeltec/wheeltec_ros2/install/ar_track_alvar_msgs/share/ar_track_alvar_msgs/cmake/ar_track_alvar_msgs__rosidl_typesupport_cExport-noconfig.cmake
[2.378s] -- Up-to-date: /home/wheeltec/wheeltec_ros2/install/ar_track_alvar_msgs/share/ar_track_alvar_msgs/cmake/ar_track_alvar_msgs__rosidl_generator_cppExport.cmake
[2.378s] -- Up-to-date: /home/wheeltec/wheeltec_ros2/install/ar_track_alvar_msgs/share/ar_track_alvar_msgs/cmake/ar_track_alvar_msgs__rosidl_typesupport_introspection_cppExport.cmake
[2.379s] -- Up-to-date: /home/wheeltec/wheeltec_ros2/install/ar_track_alvar_msgs/share/ar_track_alvar_msgs/cmake/ar_track_alvar_msgs__rosidl_typesupport_introspection_cppExport-noconfig.cmake
[2.380s] -- Up-to-date: /home/wheeltec/wheeltec_ros2/install/ar_track_alvar_msgs/share/ar_track_alvar_msgs/cmake/ar_track_alvar_msgs__rosidl_typesupport_cppExport.cmake
[2.380s] -- Up-to-date: /home/wheeltec/wheeltec_ros2/install/ar_track_alvar_msgs/share/ar_track_alvar_msgs/cmake/ar_track_alvar_msgs__rosidl_typesupport_cppExport-noconfig.cmake
[2.380s] -- Up-to-date: /home/wheeltec/wheeltec_ros2/install/ar_track_alvar_msgs/share/ar_track_alvar_msgs/cmake/rosidl_cmake-extras.cmake
[2.381s] -- Up-to-date: /home/wheeltec/wheeltec_ros2/install/ar_track_alvar_msgs/share/ar_track_alvar_msgs/cmake/ament_cmake_export_dependencies-extras.cmake
[2.381s] -- Up-to-date: /home/wheeltec/wheeltec_ros2/install/ar_track_alvar_msgs/share/ar_track_alvar_msgs/cmake/ament_cmake_export_libraries-extras.cmake
[2.381s] -- Up-to-date: /home/wheeltec/wheeltec_ros2/install/ar_track_alvar_msgs/share/ar_track_alvar_msgs/cmake/ament_cmake_export_targets-extras.cmake
[2.382s] -- Up-to-date: /home/wheeltec/wheeltec_ros2/install/ar_track_alvar_msgs/share/ar_track_alvar_msgs/cmake/ament_cmake_export_include_directories-extras.cmake
[2.382s] -- Up-to-date: /home/wheeltec/wheeltec_ros2/install/ar_track_alvar_msgs/share/ar_track_alvar_msgs/cmake/rosidl_cmake_export_typesupport_libraries-extras.cmake
[2.383s] -- Up-to-date: /home/wheeltec/wheeltec_ros2/install/ar_track_alvar_msgs/share/ar_track_alvar_msgs/cmake/rosidl_cmake_export_typesupport_targets-extras.cmake
[2.383s] -- Up-to-date: /home/wheeltec/wheeltec_ros2/install/ar_track_alvar_msgs/share/ar_track_alvar_msgs/cmake/ar_track_alvar_msgsConfig.cmake
[2.392s] -- Up-to-date: /home/wheeltec/wheeltec_ros2/install/ar_track_alvar_msgs/share/ar_track_alvar_msgs/cmake/ar_track_alvar_msgsConfig-version.cmake
[2.392s] -- Up-to-date: /home/wheeltec/wheeltec_ros2/install/ar_track_alvar_msgs/share/ar_track_alvar_msgs/package.xml
[2.548s] Invoked command in '/home/wheeltec/wheeltec_ros2/build/ar_track_alvar_msgs' returned '0': CMAKE_PREFIX_PATH=/opt/ros/galactic /usr/bin/cmake --install /home/wheeltec/wheeltec_ros2/build/ar_track_alvar_msgs
