[0.139s] Invoking command in '/home/wheeltec/wheeltec_ros2/build/wheeltec_robot_rrt': CMAKE_PREFIX_PATH=${CMAKE_PREFIX_PATH}:/home/wheeltec/wheeltec_ros2/install/simple_follower_ros2:/home/wheeltec/wheeltec_ros2/install/wheeltec_robot_keyboard:/home/wheeltec/wheeltec_ros2/install/tf2_tools:/home/wheeltec/wheeltec_ros2/install/nav2_simple_commander:/home/wheeltec/wheeltec_ros2/install/nav2_gazebo_spawner:/opt/ros/galactic /usr/bin/cmake --build /home/wheeltec/wheeltec_ros2/build/wheeltec_robot_rrt -- -j4 -l4
[0.553s] [  6%] Built target robot_pose_publisher
[0.733s] [ 12%] Built target mean_shift
[0.890s] [ 18%] Built target mtrand
[1.187s] [ 25%] Built target find_coloured_box
[1.404s] [ 31%] Built target approach_coloured_box
[1.609s] [ 37%] Built target find_robot_action_server
[1.812s] [ 43%] Built target pick_robot_action_server
[2.011s] [ 50%] Built target wait_for_fin
[2.234s] [ 56%] Built target pick_coloured_box
[2.428s] [ 62%] Built target robot_picker
[2.652s] [ 68%] Built target robot
[2.806s] [ 75%] Built target utils
[3.208s] [ 81%] Built target assigner
[3.404s] [ 87%] Built target local_rrt
[3.590s] [ 93%] Built target global_rrt
[3.784s] [100%] Built target filter
[3.861s] Invoked command in '/home/wheeltec/wheeltec_ros2/build/wheeltec_robot_rrt' returned '0': CMAKE_PREFIX_PATH=${CMAKE_PREFIX_PATH}:/home/wheeltec/wheeltec_ros2/install/simple_follower_ros2:/home/wheeltec/wheeltec_ros2/install/wheeltec_robot_keyboard:/home/wheeltec/wheeltec_ros2/install/tf2_tools:/home/wheeltec/wheeltec_ros2/install/nav2_simple_commander:/home/wheeltec/wheeltec_ros2/install/nav2_gazebo_spawner:/opt/ros/galactic /usr/bin/cmake --build /home/wheeltec/wheeltec_ros2/build/wheeltec_robot_rrt -- -j4 -l4
[4.439s] Invoking command in '/home/wheeltec/wheeltec_ros2/build/wheeltec_robot_rrt': CMAKE_PREFIX_PATH=${CMAKE_PREFIX_PATH}:/home/wheeltec/wheeltec_ros2/install/simple_follower_ros2:/home/wheeltec/wheeltec_ros2/install/wheeltec_robot_keyboard:/home/wheeltec/wheeltec_ros2/install/tf2_tools:/home/wheeltec/wheeltec_ros2/install/nav2_simple_commander:/home/wheeltec/wheeltec_ros2/install/nav2_gazebo_spawner:/opt/ros/galactic /usr/bin/cmake --install /home/wheeltec/wheeltec_ros2/build/wheeltec_robot_rrt
[4.506s] -- Install configuration: ""
[4.510s] -- Up-to-date: /home/wheeltec/wheeltec_ros2/install/wheeltec_robot_rrt/lib/libfind_coloured_box.so
[4.514s] -- Up-to-date: /home/wheeltec/wheeltec_ros2/install/wheeltec_robot_rrt/lib/libapproach_coloured_box.so
[4.518s] -- Up-to-date: /home/wheeltec/wheeltec_ros2/install/wheeltec_robot_rrt/lib/libpick_coloured_box.so
[4.525s] -- Up-to-date: /home/wheeltec/wheeltec_ros2/install/wheeltec_robot_rrt/lib/wheeltec_robot_rrt/robot_picker
[4.529s] -- Up-to-date: /home/wheeltec/wheeltec_ros2/install/wheeltec_robot_rrt/lib/wheeltec_robot_rrt/find_robot_action_server
[4.533s] -- Up-to-date: /home/wheeltec/wheeltec_ros2/install/wheeltec_robot_rrt/lib/wheeltec_robot_rrt/pick_robot_action_server
[4.538s] -- Up-to-date: /home/wheeltec/wheeltec_ros2/install/wheeltec_robot_rrt/lib/wheeltec_robot_rrt/wait_for_fin
[4.542s] -- Up-to-date: /home/wheeltec/wheeltec_ros2/install/wheeltec_robot_rrt/lib/wheeltec_robot_rrt/local_rrt
[4.546s] -- Up-to-date: /home/wheeltec/wheeltec_ros2/install/wheeltec_robot_rrt/lib/wheeltec_robot_rrt/global_rrt
[4.550s] -- Up-to-date: /home/wheeltec/wheeltec_ros2/install/wheeltec_robot_rrt/lib/wheeltec_robot_rrt/filter
[4.553s] -- Up-to-date: /home/wheeltec/wheeltec_ros2/install/wheeltec_robot_rrt/lib/wheeltec_robot_rrt/assigner
[4.556s] -- Up-to-date: /home/wheeltec/wheeltec_ros2/install/wheeltec_robot_rrt/lib/wheeltec_robot_rrt/robot_pose_publisher
[4.557s] -- Up-to-date: /home/wheeltec/wheeltec_ros2/install/wheeltec_robot_rrt/share/wheeltec_robot_rrt//launch
[4.559s] -- Up-to-date: /home/wheeltec/wheeltec_ros2/install/wheeltec_robot_rrt/share/wheeltec_robot_rrt//launch/rrt_exploration
[4.561s] -- Up-to-date: /home/wheeltec/wheeltec_ros2/install/wheeltec_robot_rrt/share/wheeltec_robot_rrt//launch/rrt_exploration/wheeltec_rrt_slam.launch.py
[4.561s] -- Up-to-date: /home/wheeltec/wheeltec_ros2/install/wheeltec_robot_rrt/share/wheeltec_robot_rrt//launch/rrt_exploration/action_servers.launch.py
[4.562s] -- Up-to-date: /home/wheeltec/wheeltec_ros2/install/wheeltec_robot_rrt/share/wheeltec_robot_rrt//launch/rrt_exploration/rrt_exploration.launch.py
[4.563s] -- Up-to-date: /home/wheeltec/wheeltec_ros2/install/wheeltec_robot_rrt/share/wheeltec_robot_rrt//launch/rrt_exploration/visual_slam_start.py
[4.564s] -- Up-to-date: /home/wheeltec/wheeltec_ros2/install/wheeltec_robot_rrt/share/wheeltec_robot_rrt//launch/rrt_exploration/rrt_assigner.launch.py
[4.564s] -- Up-to-date: /home/wheeltec/wheeltec_ros2/install/wheeltec_robot_rrt/share/wheeltec_robot_rrt//launch/navigation
[4.566s] -- Up-to-date: /home/wheeltec/wheeltec_ros2/install/wheeltec_robot_rrt/share/wheeltec_robot_rrt//launch/navigation/nav2_localization_launch.py
[4.567s] -- Up-to-date: /home/wheeltec/wheeltec_ros2/install/wheeltec_robot_rrt/share/wheeltec_robot_rrt//launch/navigation/nav2_bringup_launch.py
[4.567s] -- Up-to-date: /home/wheeltec/wheeltec_ros2/install/wheeltec_robot_rrt/share/wheeltec_robot_rrt//launch/navigation/nav2_navigation_launch.py
[4.569s] -- Up-to-date: /home/wheeltec/wheeltec_ros2/install/wheeltec_robot_rrt/share/wheeltec_robot_rrt//launch/navigation/nav2_slam_launch.py
[4.570s] -- Up-to-date: /home/wheeltec/wheeltec_ros2/install/wheeltec_robot_rrt/share/wheeltec_robot_rrt//config
[4.571s] -- Up-to-date: /home/wheeltec/wheeltec_ros2/install/wheeltec_robot_rrt/share/wheeltec_robot_rrt//config/ekf.yaml
[4.572s] -- Up-to-date: /home/wheeltec/wheeltec_ros2/install/wheeltec_robot_rrt/share/wheeltec_robot_rrt//config/rtabmap.yaml
[4.572s] -- Up-to-date: /home/wheeltec/wheeltec_ros2/install/wheeltec_robot_rrt/share/wheeltec_robot_rrt//config/exploration_params.yaml
[4.572s] -- Up-to-date: /home/wheeltec/wheeltec_ros2/install/wheeltec_robot_rrt/share/wheeltec_robot_rrt//config/nav2_params.yaml
[4.573s] -- Up-to-date: /home/wheeltec/wheeltec_ros2/install/wheeltec_robot_rrt/share/wheeltec_robot_rrt//behaviour_trees
[4.574s] -- Up-to-date: /home/wheeltec/wheeltec_ros2/install/wheeltec_robot_rrt/share/wheeltec_robot_rrt//behaviour_trees/rrt_navigate_w_replanning_time.xml
[4.574s] -- Up-to-date: /home/wheeltec/wheeltec_ros2/install/wheeltec_robot_rrt/share/wheeltec_robot_rrt//behaviour_trees/navigate_w_replanning_time.xml
[4.575s] -- Up-to-date: /home/wheeltec/wheeltec_ros2/install/wheeltec_robot_rrt/share/wheeltec_robot_rrt//behaviour_trees/robot_picker_behaviour_tree.xml
[4.575s] -- Up-to-date: /home/wheeltec/wheeltec_ros2/install/wheeltec_robot_rrt/lib/libutils.so
[4.576s] -- Up-to-date: /home/wheeltec/wheeltec_ros2/install/wheeltec_robot_rrt/lib/libmtrand.so
[4.578s] -- Up-to-date: /home/wheeltec/wheeltec_ros2/install/wheeltec_robot_rrt/lib/libmean_shift.so
[4.581s] -- Up-to-date: /home/wheeltec/wheeltec_ros2/install/wheeltec_robot_rrt/lib/librobot.so
[4.582s] -- Up-to-date: /home/wheeltec/wheeltec_ros2/install/wheeltec_robot_rrt/lib/wheeltec_robot_rrt/boundary_publisher.py
[4.583s] -- Up-to-date: /home/wheeltec/wheeltec_ros2/install/wheeltec_robot_rrt/share/ament_index/resource_index/package_run_dependencies/wheeltec_robot_rrt
[4.584s] -- Up-to-date: /home/wheeltec/wheeltec_ros2/install/wheeltec_robot_rrt/share/ament_index/resource_index/parent_prefix_path/wheeltec_robot_rrt
[4.585s] -- Up-to-date: /home/wheeltec/wheeltec_ros2/install/wheeltec_robot_rrt/share/wheeltec_robot_rrt/environment/ament_prefix_path.sh
[4.587s] -- Up-to-date: /home/wheeltec/wheeltec_ros2/install/wheeltec_robot_rrt/share/wheeltec_robot_rrt/environment/ament_prefix_path.dsv
[4.588s] -- Up-to-date: /home/wheeltec/wheeltec_ros2/install/wheeltec_robot_rrt/share/wheeltec_robot_rrt/environment/path.sh
[4.589s] -- Up-to-date: /home/wheeltec/wheeltec_ros2/install/wheeltec_robot_rrt/share/wheeltec_robot_rrt/environment/path.dsv
[4.590s] -- Up-to-date: /home/wheeltec/wheeltec_ros2/install/wheeltec_robot_rrt/share/wheeltec_robot_rrt/local_setup.bash
[4.590s] -- Up-to-date: /home/wheeltec/wheeltec_ros2/install/wheeltec_robot_rrt/share/wheeltec_robot_rrt/local_setup.sh
[4.591s] -- Up-to-date: /home/wheeltec/wheeltec_ros2/install/wheeltec_robot_rrt/share/wheeltec_robot_rrt/local_setup.zsh
[4.591s] -- Up-to-date: /home/wheeltec/wheeltec_ros2/install/wheeltec_robot_rrt/share/wheeltec_robot_rrt/local_setup.dsv
[4.592s] -- Installing: /home/wheeltec/wheeltec_ros2/install/wheeltec_robot_rrt/share/wheeltec_robot_rrt/package.dsv
[4.592s] -- Up-to-date: /home/wheeltec/wheeltec_ros2/install/wheeltec_robot_rrt/share/ament_index/resource_index/packages/wheeltec_robot_rrt
[4.593s] -- Up-to-date: /home/wheeltec/wheeltec_ros2/install/wheeltec_robot_rrt/share/wheeltec_robot_rrt/cmake/wheeltec_robot_rrtConfig.cmake
[4.593s] -- Up-to-date: /home/wheeltec/wheeltec_ros2/install/wheeltec_robot_rrt/share/wheeltec_robot_rrt/cmake/wheeltec_robot_rrtConfig-version.cmake
[4.594s] -- Up-to-date: /home/wheeltec/wheeltec_ros2/install/wheeltec_robot_rrt/share/wheeltec_robot_rrt/package.xml
[4.604s] Invoked command in '/home/wheeltec/wheeltec_ros2/build/wheeltec_robot_rrt' returned '0': CMAKE_PREFIX_PATH=${CMAKE_PREFIX_PATH}:/home/wheeltec/wheeltec_ros2/install/simple_follower_ros2:/home/wheeltec/wheeltec_ros2/install/wheeltec_robot_keyboard:/home/wheeltec/wheeltec_ros2/install/tf2_tools:/home/wheeltec/wheeltec_ros2/install/nav2_simple_commander:/home/wheeltec/wheeltec_ros2/install/nav2_gazebo_spawner:/opt/ros/galactic /usr/bin/cmake --install /home/wheeltec/wheeltec_ros2/build/wheeltec_robot_rrt
