[100%] Built target lsn10
-- Install configuration: ""
-- Up-to-date: /home/wheeltec/wheeltec_ros2/install/lsn10/lib/lsn10/lsn10
-- Up-to-date: /home/wheeltec/wheeltec_ros2/install/lsn10/share/lsn10/launch
-- Up-to-date: /home/wheeltec/wheeltec_ros2/install/lsn10/share/lsn10/launch/ls_n10.launch.py
-- Up-to-date: /home/wheeltec/wheeltec_ros2/install/lsn10/share/ament_index/resource_index/package_run_dependencies/lsn10
-- Up-to-date: /home/wheeltec/wheeltec_ros2/install/lsn10/share/ament_index/resource_index/parent_prefix_path/lsn10
-- Up-to-date: /home/wheeltec/wheeltec_ros2/install/lsn10/share/lsn10/environment/ament_prefix_path.sh
-- Up-to-date: /home/wheeltec/wheeltec_ros2/install/lsn10/share/lsn10/environment/ament_prefix_path.dsv
-- Up-to-date: /home/wheeltec/wheeltec_ros2/install/lsn10/share/lsn10/environment/path.sh
-- Up-to-date: /home/wheeltec/wheeltec_ros2/install/lsn10/share/lsn10/environment/path.dsv
-- Up-to-date: /home/wheeltec/wheeltec_ros2/install/lsn10/share/lsn10/local_setup.bash
-- Up-to-date: /home/wheeltec/wheeltec_ros2/install/lsn10/share/lsn10/local_setup.sh
-- Up-to-date: /home/wheeltec/wheeltec_ros2/install/lsn10/share/lsn10/local_setup.zsh
-- Up-to-date: /home/wheeltec/wheeltec_ros2/install/lsn10/share/lsn10/local_setup.dsv
-- Installing: /home/wheeltec/wheeltec_ros2/install/lsn10/share/lsn10/package.dsv
-- Up-to-date: /home/wheeltec/wheeltec_ros2/install/lsn10/share/ament_index/resource_index/packages/lsn10
-- Up-to-date: /home/wheeltec/wheeltec_ros2/install/lsn10/share/lsn10/cmake/lsn10Config.cmake
-- Up-to-date: /home/wheeltec/wheeltec_ros2/install/lsn10/share/lsn10/cmake/lsn10Config-version.cmake
-- Up-to-date: /home/wheeltec/wheeltec_ros2/install/lsn10/share/lsn10/package.xml
