[0.092s] Invoking command in '/home/wheeltec/wheeltec_ros2/build/nav2_voxel_grid': AMENT_PREFIX_PATH=/home/wheeltec/wheeltec_ros2/install/nav2_common:${AMENT_PREFIX_PATH} CMAKE_PREFIX_PATH=/home/wheeltec/wheeltec_ros2/install/nav2_common:/opt/ros/galactic PYTHONPATH=/home/wheeltec/wheeltec_ros2/install/nav2_common/lib/python3.8/site-packages:${PYTHONPATH} /usr/bin/cmake --build /home/wheeltec/wheeltec_ros2/build/nav2_voxel_grid -- -j4 -l4
[0.472s] [ 20%] Built target gtest
[0.491s] [ 40%] Built target gtest_main
[0.527s] [ 60%] Built target voxel_grid
[0.651s] [ 80%] Built target voxel_grid_bresenham_3d
[0.665s] [100%] Built target voxel_grid_tests
[0.756s] Invoked command in '/home/wheeltec/wheeltec_ros2/build/nav2_voxel_grid' returned '0': AMENT_PREFIX_PATH=/home/wheeltec/wheeltec_ros2/install/nav2_common:${AMENT_PREFIX_PATH} CMAKE_PREFIX_PATH=/home/wheeltec/wheeltec_ros2/install/nav2_common:/opt/ros/galactic PYTHONPATH=/home/wheeltec/wheeltec_ros2/install/nav2_common/lib/python3.8/site-packages:${PYTHONPATH} /usr/bin/cmake --build /home/wheeltec/wheeltec_ros2/build/nav2_voxel_grid -- -j4 -l4
[0.878s] Invoking command in '/home/wheeltec/wheeltec_ros2/build/nav2_voxel_grid': AMENT_PREFIX_PATH=/home/wheeltec/wheeltec_ros2/install/nav2_common:${AMENT_PREFIX_PATH} CMAKE_PREFIX_PATH=/home/wheeltec/wheeltec_ros2/install/nav2_common:/opt/ros/galactic PYTHONPATH=/home/wheeltec/wheeltec_ros2/install/nav2_common/lib/python3.8/site-packages:${PYTHONPATH} /usr/bin/cmake --install /home/wheeltec/wheeltec_ros2/build/nav2_voxel_grid
[0.923s] -- Install configuration: "Release"
[0.928s] -- Up-to-date: /home/wheeltec/wheeltec_ros2/install/nav2_voxel_grid/lib/libvoxel_grid.so
[0.933s] -- Up-to-date: /home/wheeltec/wheeltec_ros2/install/nav2_voxel_grid/include
[0.934s] -- Up-to-date: /home/wheeltec/wheeltec_ros2/install/nav2_voxel_grid/include/nav2_voxel_grid
[0.935s] -- Up-to-date: /home/wheeltec/wheeltec_ros2/install/nav2_voxel_grid/include/nav2_voxel_grid/voxel_grid.hpp
[0.936s] -- Up-to-date: /home/wheeltec/wheeltec_ros2/install/nav2_voxel_grid/share/nav2_voxel_grid/environment/library_path.sh
[0.937s] -- Up-to-date: /home/wheeltec/wheeltec_ros2/install/nav2_voxel_grid/share/nav2_voxel_grid/environment/library_path.dsv
[0.939s] -- Up-to-date: /home/wheeltec/wheeltec_ros2/install/nav2_voxel_grid/share/ament_index/resource_index/package_run_dependencies/nav2_voxel_grid
[0.940s] -- Up-to-date: /home/wheeltec/wheeltec_ros2/install/nav2_voxel_grid/share/ament_index/resource_index/parent_prefix_path/nav2_voxel_grid
[0.942s] -- Up-to-date: /home/wheeltec/wheeltec_ros2/install/nav2_voxel_grid/share/nav2_voxel_grid/environment/ament_prefix_path.sh
[0.943s] -- Up-to-date: /home/wheeltec/wheeltec_ros2/install/nav2_voxel_grid/share/nav2_voxel_grid/environment/ament_prefix_path.dsv
[0.952s] -- Up-to-date: /home/wheeltec/wheeltec_ros2/install/nav2_voxel_grid/share/nav2_voxel_grid/environment/path.sh
[0.953s] -- Up-to-date: /home/wheeltec/wheeltec_ros2/install/nav2_voxel_grid/share/nav2_voxel_grid/environment/path.dsv
[0.969s] -- Up-to-date: /home/wheeltec/wheeltec_ros2/install/nav2_voxel_grid/share/nav2_voxel_grid/local_setup.bash
[0.977s] -- Up-to-date: /home/wheeltec/wheeltec_ros2/install/nav2_voxel_grid/share/nav2_voxel_grid/local_setup.sh
[0.977s] -- Up-to-date: /home/wheeltec/wheeltec_ros2/install/nav2_voxel_grid/share/nav2_voxel_grid/local_setup.zsh
[0.978s] -- Up-to-date: /home/wheeltec/wheeltec_ros2/install/nav2_voxel_grid/share/nav2_voxel_grid/local_setup.dsv
[0.978s] -- Installing: /home/wheeltec/wheeltec_ros2/install/nav2_voxel_grid/share/nav2_voxel_grid/package.dsv
[0.981s] -- Up-to-date: /home/wheeltec/wheeltec_ros2/install/nav2_voxel_grid/share/ament_index/resource_index/packages/nav2_voxel_grid
[0.988s] -- Up-to-date: /home/wheeltec/wheeltec_ros2/install/nav2_voxel_grid/share/nav2_voxel_grid/cmake/ament_cmake_export_dependencies-extras.cmake
[0.989s] -- Up-to-date: /home/wheeltec/wheeltec_ros2/install/nav2_voxel_grid/share/nav2_voxel_grid/cmake/ament_cmake_export_include_directories-extras.cmake
[0.990s] -- Up-to-date: /home/wheeltec/wheeltec_ros2/install/nav2_voxel_grid/share/nav2_voxel_grid/cmake/ament_cmake_export_libraries-extras.cmake
[0.990s] -- Up-to-date: /home/wheeltec/wheeltec_ros2/install/nav2_voxel_grid/share/nav2_voxel_grid/cmake/nav2_voxel_gridConfig.cmake
[0.991s] -- Up-to-date: /home/wheeltec/wheeltec_ros2/install/nav2_voxel_grid/share/nav2_voxel_grid/cmake/nav2_voxel_gridConfig-version.cmake
[0.991s] -- Up-to-date: /home/wheeltec/wheeltec_ros2/install/nav2_voxel_grid/share/nav2_voxel_grid/package.xml
[0.992s] Invoked command in '/home/wheeltec/wheeltec_ros2/build/nav2_voxel_grid' returned '0': AMENT_PREFIX_PATH=/home/wheeltec/wheeltec_ros2/install/nav2_common:${AMENT_PREFIX_PATH} CMAKE_PREFIX_PATH=/home/wheeltec/wheeltec_ros2/install/nav2_common:/opt/ros/galactic PYTHONPATH=/home/wheeltec/wheeltec_ros2/install/nav2_common/lib/python3.8/site-packages:${PYTHONPATH} /usr/bin/cmake --install /home/wheeltec/wheeltec_ros2/build/nav2_voxel_grid
