-- The C compiler identification is GNU 9.4.0
-- The CXX compiler identification is GNU 9.4.0
-- Check for working C compiler: /usr/bin/cc
-- Check for working C compiler: /usr/bin/cc -- works
-- Detecting C compiler ABI info
-- Detecting C compiler ABI info - done
-- Detecting C compile features
-- Detecting C compile features - done
-- Check for working CXX compiler: /usr/bin/c++
-- Check for working CXX compiler: /usr/bin/c++ -- works
-- Detecting CXX compiler ABI info
-- Detecting CXX compiler ABI info - done
-- Detecting CXX compile features
-- Detecting CXX compile features - done
-- Found ament_cmake: 1.1.5 (/opt/ros/galactic/share/ament_cmake/cmake)
-- Found PythonInterp: /usr/bin/python3 (found suitable version "3.8.10", minimum required is "3") 
-- Using PYTHON_EXECUTABLE: /usr/bin/python3
-- Found rosidl_default_generators: 1.1.1 (/opt/ros/galactic/share/rosidl_default_generators/cmake)
-- Using all available rosidl_typesupport_c: rosidl_typesupport_fastrtps_c;rosidl_typesupport_introspection_c
-- Found rosidl_adapter: 2.2.2 (/opt/ros/galactic/share/rosidl_adapter/cmake)
-- Found OpenSSL: /usr/lib/aarch64-linux-gnu/libcrypto.so (found version "1.1.1f")  
-- Found FastRTPS: /opt/ros/galactic/include  
-- Using all available rosidl_typesupport_cpp: rosidl_typesupport_fastrtps_cpp;rosidl_typesupport_introspection_cpp
-- Found sensor_msgs: 2.2.4 (/opt/ros/galactic/share/sensor_msgs/cmake)
-- Found PythonInterp: /usr/bin/python3 (found version "3.8.10") 
-- Found ament_cmake_ros: 0.9.2 (/opt/ros/galactic/share/ament_cmake_ros/cmake)
-- Using all available rosidl_typesupport_c: rosidl_typesupport_fastrtps_c;rosidl_typesupport_introspection_c
-- Using all available rosidl_typesupport_cpp: rosidl_typesupport_fastrtps_cpp;rosidl_typesupport_introspection_cpp
-- Found PythonInterp: /usr/bin/python3 (found suitable version "3.8.10", minimum required is "3.5") 
-- Found python_cmake_module: 0.8.1 (/opt/ros/galactic/share/python_cmake_module/cmake)
-- Found PythonLibs: /usr/lib/aarch64-linux-gnu/libpython3.8.so (found suitable version "3.8.10", minimum required is "3.5") 
-- Using PYTHON_EXECUTABLE: /usr/bin/python3
-- Using PYTHON_INCLUDE_DIRS: /usr/include/python3.8
-- Using PYTHON_LIBRARIES: /usr/lib/aarch64-linux-gnu/libpython3.8.so
-- Found PythonExtra: .so  
-- Found ament_lint_auto: 0.10.7 (/opt/ros/galactic/share/ament_lint_auto/cmake)
-- Added test 'copyright' to check source files copyright and LICENSE
-- Added test 'lint_cmake' to check CMake code style
-- Added test 'xmllint' to check XML markup files
-- Configuring done
-- Generating done
-- Build files have been written to: /home/wheeltec/wheeltec_ros2/build/astra_msgs
[  0%] [34m[1mGenerating C code for ROS interfaces[0m
[35m[1mScanning dependencies of target astra_msgs__rosidl_generator_c[0m
[  1%] [32mBuilding C object CMakeFiles/astra_msgs__rosidl_generator_c.dir/rosidl_generator_c/astra_msgs/srv/detail/get_camera_info__functions.c.o[0m
[  2%] [32mBuilding C object CMakeFiles/astra_msgs__rosidl_generator_c.dir/rosidl_generator_c/astra_msgs/srv/detail/get_ir_exposure__functions.c.o[0m
[  2%] [32mBuilding C object CMakeFiles/astra_msgs__rosidl_generator_c.dir/rosidl_generator_c/astra_msgs/srv/detail/get_ir_gain__functions.c.o[0m
[  3%] [32mBuilding C object CMakeFiles/astra_msgs__rosidl_generator_c.dir/rosidl_generator_c/astra_msgs/srv/detail/get_serial__functions.c.o[0m
[  3%] [32mBuilding C object CMakeFiles/astra_msgs__rosidl_generator_c.dir/rosidl_generator_c/astra_msgs/srv/detail/get_uvc_exposure__functions.c.o[0m
[  4%] [32mBuilding C object CMakeFiles/astra_msgs__rosidl_generator_c.dir/rosidl_generator_c/astra_msgs/srv/detail/get_uvc_gain__functions.c.o[0m
[  4%] [32mBuilding C object CMakeFiles/astra_msgs__rosidl_generator_c.dir/rosidl_generator_c/astra_msgs/srv/detail/get_uvc_white_balance__functions.c.o[0m
[  4%] [32mBuilding C object CMakeFiles/astra_msgs__rosidl_generator_c.dir/rosidl_generator_c/astra_msgs/srv/detail/get_version__functions.c.o[0m
[  5%] [32mBuilding C object CMakeFiles/astra_msgs__rosidl_generator_c.dir/rosidl_generator_c/astra_msgs/srv/detail/reset_ir_exposure__functions.c.o[0m
[  5%] [32mBuilding C object CMakeFiles/astra_msgs__rosidl_generator_c.dir/rosidl_generator_c/astra_msgs/srv/detail/reset_ir_gain__functions.c.o[0m
[  6%] [32mBuilding C object CMakeFiles/astra_msgs__rosidl_generator_c.dir/rosidl_generator_c/astra_msgs/srv/detail/set_ae_enable__functions.c.o[0m
[  6%] [32mBuilding C object CMakeFiles/astra_msgs__rosidl_generator_c.dir/rosidl_generator_c/astra_msgs/srv/detail/set_auto_exposure__functions.c.o[0m
[  7%] [32mBuilding C object CMakeFiles/astra_msgs__rosidl_generator_c.dir/rosidl_generator_c/astra_msgs/srv/detail/set_auto_white_balance__functions.c.o[0m
[  7%] [32mBuilding C object CMakeFiles/astra_msgs__rosidl_generator_c.dir/rosidl_generator_c/astra_msgs/srv/detail/set_distortioncal__functions.c.o[0m
[  7%] [32mBuilding C object CMakeFiles/astra_msgs__rosidl_generator_c.dir/rosidl_generator_c/astra_msgs/srv/detail/set_fan__functions.c.o[0m
[  8%] [32mBuilding C object CMakeFiles/astra_msgs__rosidl_generator_c.dir/rosidl_generator_c/astra_msgs/srv/detail/set_ir_exposure__functions.c.o[0m
[  8%] [32mBuilding C object CMakeFiles/astra_msgs__rosidl_generator_c.dir/rosidl_generator_c/astra_msgs/srv/detail/set_ir_flood__functions.c.o[0m
[  9%] [32mBuilding C object CMakeFiles/astra_msgs__rosidl_generator_c.dir/rosidl_generator_c/astra_msgs/srv/detail/set_ir_gain__functions.c.o[0m
[  9%] [32mBuilding C object CMakeFiles/astra_msgs__rosidl_generator_c.dir/rosidl_generator_c/astra_msgs/srv/detail/set_laser__functions.c.o[0m
[ 10%] [32mBuilding C object CMakeFiles/astra_msgs__rosidl_generator_c.dir/rosidl_generator_c/astra_msgs/srv/detail/set_ldp__functions.c.o[0m
[ 10%] [32mBuilding C object CMakeFiles/astra_msgs__rosidl_generator_c.dir/rosidl_generator_c/astra_msgs/srv/detail/set_mirror__functions.c.o[0m
[ 10%] [32mBuilding C object CMakeFiles/astra_msgs__rosidl_generator_c.dir/rosidl_generator_c/astra_msgs/srv/detail/set_uvc_exposure__functions.c.o[0m
[ 11%] [32mBuilding C object CMakeFiles/astra_msgs__rosidl_generator_c.dir/rosidl_generator_c/astra_msgs/srv/detail/set_uvc_gain__functions.c.o[0m
[ 11%] [32mBuilding C object CMakeFiles/astra_msgs__rosidl_generator_c.dir/rosidl_generator_c/astra_msgs/srv/detail/set_uvc_white_balance__functions.c.o[0m
[ 12%] [32mBuilding C object CMakeFiles/astra_msgs__rosidl_generator_c.dir/rosidl_generator_c/astra_msgs/srv/detail/switch_ir_camera__functions.c.o[0m
[ 12%] [32mBuilding C object CMakeFiles/astra_msgs__rosidl_generator_c.dir/rosidl_generator_c/astra_msgs/srv/detail/get_device_type__functions.c.o[0m
[ 12%] [32m[1mLinking C shared library libastra_msgs__rosidl_generator_c.so[0m
[ 12%] Built target astra_msgs__rosidl_generator_c
[35m[1mScanning dependencies of target astra_msgs__cpp[0m
[ 12%] [34m[1mGenerating C++ code for ROS interfaces[0m
[ 12%] Built target astra_msgs__cpp
[ 13%] [34m[1mGenerating C type support dispatch for ROS interfaces[0m
[35m[1mScanning dependencies of target astra_msgs__rosidl_typesupport_c[0m
[ 13%] [32mBuilding CXX object CMakeFiles/astra_msgs__rosidl_typesupport_c.dir/rosidl_typesupport_c/astra_msgs/srv/get_camera_info__type_support.cpp.o[0m
[ 13%] [32mBuilding CXX object CMakeFiles/astra_msgs__rosidl_typesupport_c.dir/rosidl_typesupport_c/astra_msgs/srv/get_device_type__type_support.cpp.o[0m
[ 14%] [32mBuilding CXX object CMakeFiles/astra_msgs__rosidl_typesupport_c.dir/rosidl_typesupport_c/astra_msgs/srv/get_ir_exposure__type_support.cpp.o[0m
[ 14%] [32mBuilding CXX object CMakeFiles/astra_msgs__rosidl_typesupport_c.dir/rosidl_typesupport_c/astra_msgs/srv/get_ir_gain__type_support.cpp.o[0m
[ 15%] [32mBuilding CXX object CMakeFiles/astra_msgs__rosidl_typesupport_c.dir/rosidl_typesupport_c/astra_msgs/srv/get_serial__type_support.cpp.o[0m
[ 15%] [32mBuilding CXX object CMakeFiles/astra_msgs__rosidl_typesupport_c.dir/rosidl_typesupport_c/astra_msgs/srv/get_uvc_exposure__type_support.cpp.o[0m
[ 16%] [32mBuilding CXX object CMakeFiles/astra_msgs__rosidl_typesupport_c.dir/rosidl_typesupport_c/astra_msgs/srv/get_uvc_gain__type_support.cpp.o[0m
[ 16%] [32mBuilding CXX object CMakeFiles/astra_msgs__rosidl_typesupport_c.dir/rosidl_typesupport_c/astra_msgs/srv/get_uvc_white_balance__type_support.cpp.o[0m
[ 17%] [32mBuilding CXX object CMakeFiles/astra_msgs__rosidl_typesupport_c.dir/rosidl_typesupport_c/astra_msgs/srv/get_version__type_support.cpp.o[0m
[ 17%] [32mBuilding CXX object CMakeFiles/astra_msgs__rosidl_typesupport_c.dir/rosidl_typesupport_c/astra_msgs/srv/reset_ir_exposure__type_support.cpp.o[0m
[ 17%] [32mBuilding CXX object CMakeFiles/astra_msgs__rosidl_typesupport_c.dir/rosidl_typesupport_c/astra_msgs/srv/reset_ir_gain__type_support.cpp.o[0m
[ 18%] [32mBuilding CXX object CMakeFiles/astra_msgs__rosidl_typesupport_c.dir/rosidl_typesupport_c/astra_msgs/srv/set_ae_enable__type_support.cpp.o[0m
[ 18%] [32mBuilding CXX object CMakeFiles/astra_msgs__rosidl_typesupport_c.dir/rosidl_typesupport_c/astra_msgs/srv/set_auto_exposure__type_support.cpp.o[0m
[ 19%] [32mBuilding CXX object CMakeFiles/astra_msgs__rosidl_typesupport_c.dir/rosidl_typesupport_c/astra_msgs/srv/set_auto_white_balance__type_support.cpp.o[0m
[ 19%] [32mBuilding CXX object CMakeFiles/astra_msgs__rosidl_typesupport_c.dir/rosidl_typesupport_c/astra_msgs/srv/set_distortioncal__type_support.cpp.o[0m
[ 20%] [32mBuilding CXX object CMakeFiles/astra_msgs__rosidl_typesupport_c.dir/rosidl_typesupport_c/astra_msgs/srv/set_fan__type_support.cpp.o[0m
[ 20%] [32mBuilding CXX object CMakeFiles/astra_msgs__rosidl_typesupport_c.dir/rosidl_typesupport_c/astra_msgs/srv/set_ir_exposure__type_support.cpp.o[0m
[ 20%] [32mBuilding CXX object CMakeFiles/astra_msgs__rosidl_typesupport_c.dir/rosidl_typesupport_c/astra_msgs/srv/set_ir_flood__type_support.cpp.o[0m
[ 21%] [32mBuilding CXX object CMakeFiles/astra_msgs__rosidl_typesupport_c.dir/rosidl_typesupport_c/astra_msgs/srv/set_ir_gain__type_support.cpp.o[0m
[ 21%] [32mBuilding CXX object CMakeFiles/astra_msgs__rosidl_typesupport_c.dir/rosidl_typesupport_c/astra_msgs/srv/set_laser__type_support.cpp.o[0m
[ 22%] [32mBuilding CXX object CMakeFiles/astra_msgs__rosidl_typesupport_c.dir/rosidl_typesupport_c/astra_msgs/srv/set_ldp__type_support.cpp.o[0m
[ 22%] [32mBuilding CXX object CMakeFiles/astra_msgs__rosidl_typesupport_c.dir/rosidl_typesupport_c/astra_msgs/srv/set_mirror__type_support.cpp.o[0m
[ 23%] [32mBuilding CXX object CMakeFiles/astra_msgs__rosidl_typesupport_c.dir/rosidl_typesupport_c/astra_msgs/srv/set_uvc_exposure__type_support.cpp.o[0m
[ 23%] [32mBuilding CXX object CMakeFiles/astra_msgs__rosidl_typesupport_c.dir/rosidl_typesupport_c/astra_msgs/srv/set_uvc_gain__type_support.cpp.o[0m
[ 23%] [32mBuilding CXX object CMakeFiles/astra_msgs__rosidl_typesupport_c.dir/rosidl_typesupport_c/astra_msgs/srv/set_uvc_white_balance__type_support.cpp.o[0m
[ 24%] [32mBuilding CXX object CMakeFiles/astra_msgs__rosidl_typesupport_c.dir/rosidl_typesupport_c/astra_msgs/srv/switch_ir_camera__type_support.cpp.o[0m
[ 24%] [32m[1mLinking CXX shared library libastra_msgs__rosidl_typesupport_c.so[0m
[ 24%] Built target astra_msgs__rosidl_typesupport_c
[ 25%] [34m[1mGenerating C++ type support dispatch for ROS interfaces[0m
[35m[1mScanning dependencies of target astra_msgs__rosidl_typesupport_cpp[0m
[ 25%] [32mBuilding CXX object CMakeFiles/astra_msgs__rosidl_typesupport_cpp.dir/rosidl_typesupport_cpp/astra_msgs/srv/get_camera_info__type_support.cpp.o[0m
[ 25%] [32mBuilding CXX object CMakeFiles/astra_msgs__rosidl_typesupport_cpp.dir/rosidl_typesupport_cpp/astra_msgs/srv/get_device_type__type_support.cpp.o[0m
[ 26%] [32mBuilding CXX object CMakeFiles/astra_msgs__rosidl_typesupport_cpp.dir/rosidl_typesupport_cpp/astra_msgs/srv/get_ir_exposure__type_support.cpp.o[0m
[ 26%] [32mBuilding CXX object CMakeFiles/astra_msgs__rosidl_typesupport_cpp.dir/rosidl_typesupport_cpp/astra_msgs/srv/get_ir_gain__type_support.cpp.o[0m
[ 27%] [32mBuilding CXX object CMakeFiles/astra_msgs__rosidl_typesupport_cpp.dir/rosidl_typesupport_cpp/astra_msgs/srv/get_serial__type_support.cpp.o[0m
[ 27%] [32mBuilding CXX object CMakeFiles/astra_msgs__rosidl_typesupport_cpp.dir/rosidl_typesupport_cpp/astra_msgs/srv/get_uvc_exposure__type_support.cpp.o[0m
[ 28%] [32mBuilding CXX object CMakeFiles/astra_msgs__rosidl_typesupport_cpp.dir/rosidl_typesupport_cpp/astra_msgs/srv/get_uvc_gain__type_support.cpp.o[0m
[ 28%] [32mBuilding CXX object CMakeFiles/astra_msgs__rosidl_typesupport_cpp.dir/rosidl_typesupport_cpp/astra_msgs/srv/get_uvc_white_balance__type_support.cpp.o[0m
[ 28%] [32mBuilding CXX object CMakeFiles/astra_msgs__rosidl_typesupport_cpp.dir/rosidl_typesupport_cpp/astra_msgs/srv/get_version__type_support.cpp.o[0m
[ 29%] [32mBuilding CXX object CMakeFiles/astra_msgs__rosidl_typesupport_cpp.dir/rosidl_typesupport_cpp/astra_msgs/srv/reset_ir_exposure__type_support.cpp.o[0m
[ 29%] [32mBuilding CXX object CMakeFiles/astra_msgs__rosidl_typesupport_cpp.dir/rosidl_typesupport_cpp/astra_msgs/srv/reset_ir_gain__type_support.cpp.o[0m
[ 30%] [32mBuilding CXX object CMakeFiles/astra_msgs__rosidl_typesupport_cpp.dir/rosidl_typesupport_cpp/astra_msgs/srv/set_ae_enable__type_support.cpp.o[0m
[ 30%] [32mBuilding CXX object CMakeFiles/astra_msgs__rosidl_typesupport_cpp.dir/rosidl_typesupport_cpp/astra_msgs/srv/set_auto_exposure__type_support.cpp.o[0m
[ 31%] [32mBuilding CXX object CMakeFiles/astra_msgs__rosidl_typesupport_cpp.dir/rosidl_typesupport_cpp/astra_msgs/srv/set_auto_white_balance__type_support.cpp.o[0m
[ 31%] [32mBuilding CXX object CMakeFiles/astra_msgs__rosidl_typesupport_cpp.dir/rosidl_typesupport_cpp/astra_msgs/srv/set_distortioncal__type_support.cpp.o[0m
[ 32%] [32mBuilding CXX object CMakeFiles/astra_msgs__rosidl_typesupport_cpp.dir/rosidl_typesupport_cpp/astra_msgs/srv/set_fan__type_support.cpp.o[0m
[ 32%] [32mBuilding CXX object CMakeFiles/astra_msgs__rosidl_typesupport_cpp.dir/rosidl_typesupport_cpp/astra_msgs/srv/set_ir_exposure__type_support.cpp.o[0m
[ 32%] [32mBuilding CXX object CMakeFiles/astra_msgs__rosidl_typesupport_cpp.dir/rosidl_typesupport_cpp/astra_msgs/srv/set_ir_flood__type_support.cpp.o[0m
[ 33%] [32mBuilding CXX object CMakeFiles/astra_msgs__rosidl_typesupport_cpp.dir/rosidl_typesupport_cpp/astra_msgs/srv/set_ir_gain__type_support.cpp.o[0m
[ 33%] [32mBuilding CXX object CMakeFiles/astra_msgs__rosidl_typesupport_cpp.dir/rosidl_typesupport_cpp/astra_msgs/srv/set_laser__type_support.cpp.o[0m
[ 34%] [32mBuilding CXX object CMakeFiles/astra_msgs__rosidl_typesupport_cpp.dir/rosidl_typesupport_cpp/astra_msgs/srv/set_ldp__type_support.cpp.o[0m
[ 34%] [32mBuilding CXX object CMakeFiles/astra_msgs__rosidl_typesupport_cpp.dir/rosidl_typesupport_cpp/astra_msgs/srv/set_mirror__type_support.cpp.o[0m
[ 35%] [32mBuilding CXX object CMakeFiles/astra_msgs__rosidl_typesupport_cpp.dir/rosidl_typesupport_cpp/astra_msgs/srv/set_uvc_exposure__type_support.cpp.o[0m
[ 35%] [32mBuilding CXX object CMakeFiles/astra_msgs__rosidl_typesupport_cpp.dir/rosidl_typesupport_cpp/astra_msgs/srv/set_uvc_gain__type_support.cpp.o[0m
[ 35%] [32mBuilding CXX object CMakeFiles/astra_msgs__rosidl_typesupport_cpp.dir/rosidl_typesupport_cpp/astra_msgs/srv/set_uvc_white_balance__type_support.cpp.o[0m
[ 36%] [32mBuilding CXX object CMakeFiles/astra_msgs__rosidl_typesupport_cpp.dir/rosidl_typesupport_cpp/astra_msgs/srv/switch_ir_camera__type_support.cpp.o[0m
[ 36%] [32m[1mLinking CXX shared library libastra_msgs__rosidl_typesupport_cpp.so[0m
[ 36%] Built target astra_msgs__rosidl_typesupport_cpp
[ 37%] [34m[1mGenerating C++ type support for eProsima Fast-RTPS[0m
[35m[1mScanning dependencies of target astra_msgs__rosidl_typesupport_fastrtps_cpp[0m
[ 37%] [32mBuilding CXX object CMakeFiles/astra_msgs__rosidl_typesupport_fastrtps_cpp.dir/rosidl_typesupport_fastrtps_cpp/astra_msgs/srv/detail/dds_fastrtps/get_camera_info__type_support.cpp.o[0m
[ 38%] [32mBuilding CXX object CMakeFiles/astra_msgs__rosidl_typesupport_fastrtps_cpp.dir/rosidl_typesupport_fastrtps_cpp/astra_msgs/srv/detail/dds_fastrtps/get_device_type__type_support.cpp.o[0m
[ 38%] [32mBuilding CXX object CMakeFiles/astra_msgs__rosidl_typesupport_fastrtps_cpp.dir/rosidl_typesupport_fastrtps_cpp/astra_msgs/srv/detail/dds_fastrtps/get_ir_exposure__type_support.cpp.o[0m
[ 38%] [32mBuilding CXX object CMakeFiles/astra_msgs__rosidl_typesupport_fastrtps_cpp.dir/rosidl_typesupport_fastrtps_cpp/astra_msgs/srv/detail/dds_fastrtps/get_ir_gain__type_support.cpp.o[0m
[ 39%] [32mBuilding CXX object CMakeFiles/astra_msgs__rosidl_typesupport_fastrtps_cpp.dir/rosidl_typesupport_fastrtps_cpp/astra_msgs/srv/detail/dds_fastrtps/get_serial__type_support.cpp.o[0m
[ 39%] [32mBuilding CXX object CMakeFiles/astra_msgs__rosidl_typesupport_fastrtps_cpp.dir/rosidl_typesupport_fastrtps_cpp/astra_msgs/srv/detail/dds_fastrtps/get_uvc_exposure__type_support.cpp.o[0m
[ 40%] [32mBuilding CXX object CMakeFiles/astra_msgs__rosidl_typesupport_fastrtps_cpp.dir/rosidl_typesupport_fastrtps_cpp/astra_msgs/srv/detail/dds_fastrtps/get_uvc_gain__type_support.cpp.o[0m
[ 40%] [32mBuilding CXX object CMakeFiles/astra_msgs__rosidl_typesupport_fastrtps_cpp.dir/rosidl_typesupport_fastrtps_cpp/astra_msgs/srv/detail/dds_fastrtps/get_uvc_white_balance__type_support.cpp.o[0m
[ 41%] [32mBuilding CXX object CMakeFiles/astra_msgs__rosidl_typesupport_fastrtps_cpp.dir/rosidl_typesupport_fastrtps_cpp/astra_msgs/srv/detail/dds_fastrtps/get_version__type_support.cpp.o[0m
[ 41%] [32mBuilding CXX object CMakeFiles/astra_msgs__rosidl_typesupport_fastrtps_cpp.dir/rosidl_typesupport_fastrtps_cpp/astra_msgs/srv/detail/dds_fastrtps/reset_ir_exposure__type_support.cpp.o[0m
[ 41%] [32mBuilding CXX object CMakeFiles/astra_msgs__rosidl_typesupport_fastrtps_cpp.dir/rosidl_typesupport_fastrtps_cpp/astra_msgs/srv/detail/dds_fastrtps/reset_ir_gain__type_support.cpp.o[0m
[ 42%] [32mBuilding CXX object CMakeFiles/astra_msgs__rosidl_typesupport_fastrtps_cpp.dir/rosidl_typesupport_fastrtps_cpp/astra_msgs/srv/detail/dds_fastrtps/set_ae_enable__type_support.cpp.o[0m
[ 42%] [32mBuilding CXX object CMakeFiles/astra_msgs__rosidl_typesupport_fastrtps_cpp.dir/rosidl_typesupport_fastrtps_cpp/astra_msgs/srv/detail/dds_fastrtps/set_auto_exposure__type_support.cpp.o[0m
[ 43%] [32mBuilding CXX object CMakeFiles/astra_msgs__rosidl_typesupport_fastrtps_cpp.dir/rosidl_typesupport_fastrtps_cpp/astra_msgs/srv/detail/dds_fastrtps/set_auto_white_balance__type_support.cpp.o[0m
[ 43%] [32mBuilding CXX object CMakeFiles/astra_msgs__rosidl_typesupport_fastrtps_cpp.dir/rosidl_typesupport_fastrtps_cpp/astra_msgs/srv/detail/dds_fastrtps/set_distortioncal__type_support.cpp.o[0m
[ 44%] [32mBuilding CXX object CMakeFiles/astra_msgs__rosidl_typesupport_fastrtps_cpp.dir/rosidl_typesupport_fastrtps_cpp/astra_msgs/srv/detail/dds_fastrtps/set_fan__type_support.cpp.o[0m
[ 44%] [32mBuilding CXX object CMakeFiles/astra_msgs__rosidl_typesupport_fastrtps_cpp.dir/rosidl_typesupport_fastrtps_cpp/astra_msgs/srv/detail/dds_fastrtps/set_ir_exposure__type_support.cpp.o[0m
[ 44%] [32mBuilding CXX object CMakeFiles/astra_msgs__rosidl_typesupport_fastrtps_cpp.dir/rosidl_typesupport_fastrtps_cpp/astra_msgs/srv/detail/dds_fastrtps/set_ir_flood__type_support.cpp.o[0m
[ 45%] [32mBuilding CXX object CMakeFiles/astra_msgs__rosidl_typesupport_fastrtps_cpp.dir/rosidl_typesupport_fastrtps_cpp/astra_msgs/srv/detail/dds_fastrtps/set_ir_gain__type_support.cpp.o[0m
[ 45%] [32mBuilding CXX object CMakeFiles/astra_msgs__rosidl_typesupport_fastrtps_cpp.dir/rosidl_typesupport_fastrtps_cpp/astra_msgs/srv/detail/dds_fastrtps/set_laser__type_support.cpp.o[0m
[ 46%] [32mBuilding CXX object CMakeFiles/astra_msgs__rosidl_typesupport_fastrtps_cpp.dir/rosidl_typesupport_fastrtps_cpp/astra_msgs/srv/detail/dds_fastrtps/set_ldp__type_support.cpp.o[0m
[ 46%] [32mBuilding CXX object CMakeFiles/astra_msgs__rosidl_typesupport_fastrtps_cpp.dir/rosidl_typesupport_fastrtps_cpp/astra_msgs/srv/detail/dds_fastrtps/set_mirror__type_support.cpp.o[0m
[ 47%] [32mBuilding CXX object CMakeFiles/astra_msgs__rosidl_typesupport_fastrtps_cpp.dir/rosidl_typesupport_fastrtps_cpp/astra_msgs/srv/detail/dds_fastrtps/set_uvc_exposure__type_support.cpp.o[0m
[ 47%] [32mBuilding CXX object CMakeFiles/astra_msgs__rosidl_typesupport_fastrtps_cpp.dir/rosidl_typesupport_fastrtps_cpp/astra_msgs/srv/detail/dds_fastrtps/set_uvc_gain__type_support.cpp.o[0m
[ 48%] [32mBuilding CXX object CMakeFiles/astra_msgs__rosidl_typesupport_fastrtps_cpp.dir/rosidl_typesupport_fastrtps_cpp/astra_msgs/srv/detail/dds_fastrtps/set_uvc_white_balance__type_support.cpp.o[0m
[ 48%] [32mBuilding CXX object CMakeFiles/astra_msgs__rosidl_typesupport_fastrtps_cpp.dir/rosidl_typesupport_fastrtps_cpp/astra_msgs/srv/detail/dds_fastrtps/switch_ir_camera__type_support.cpp.o[0m
[ 48%] [32m[1mLinking CXX shared library libastra_msgs__rosidl_typesupport_fastrtps_cpp.so[0m
[ 48%] Built target astra_msgs__rosidl_typesupport_fastrtps_cpp
[ 49%] [34m[1mGenerating C++ introspection for ROS interfaces[0m
[35m[1mScanning dependencies of target astra_msgs__rosidl_typesupport_introspection_cpp[0m
[ 49%] [32mBuilding CXX object CMakeFiles/astra_msgs__rosidl_typesupport_introspection_cpp.dir/rosidl_typesupport_introspection_cpp/astra_msgs/srv/detail/get_camera_info__type_support.cpp.o[0m
[ 50%] [32mBuilding CXX object CMakeFiles/astra_msgs__rosidl_typesupport_introspection_cpp.dir/rosidl_typesupport_introspection_cpp/astra_msgs/srv/detail/get_device_type__type_support.cpp.o[0m
[ 50%] [32mBuilding CXX object CMakeFiles/astra_msgs__rosidl_typesupport_introspection_cpp.dir/rosidl_typesupport_introspection_cpp/astra_msgs/srv/detail/get_ir_exposure__type_support.cpp.o[0m
[ 51%] [32mBuilding CXX object CMakeFiles/astra_msgs__rosidl_typesupport_introspection_cpp.dir/rosidl_typesupport_introspection_cpp/astra_msgs/srv/detail/get_ir_gain__type_support.cpp.o[0m
[ 51%] [32mBuilding CXX object CMakeFiles/astra_msgs__rosidl_typesupport_introspection_cpp.dir/rosidl_typesupport_introspection_cpp/astra_msgs/srv/detail/get_serial__type_support.cpp.o[0m
[ 51%] [32mBuilding CXX object CMakeFiles/astra_msgs__rosidl_typesupport_introspection_cpp.dir/rosidl_typesupport_introspection_cpp/astra_msgs/srv/detail/get_uvc_exposure__type_support.cpp.o[0m
[ 52%] [32mBuilding CXX object CMakeFiles/astra_msgs__rosidl_typesupport_introspection_cpp.dir/rosidl_typesupport_introspection_cpp/astra_msgs/srv/detail/get_uvc_gain__type_support.cpp.o[0m
[ 52%] [32mBuilding CXX object CMakeFiles/astra_msgs__rosidl_typesupport_introspection_cpp.dir/rosidl_typesupport_introspection_cpp/astra_msgs/srv/detail/get_uvc_white_balance__type_support.cpp.o[0m
[ 53%] [32mBuilding CXX object CMakeFiles/astra_msgs__rosidl_typesupport_introspection_cpp.dir/rosidl_typesupport_introspection_cpp/astra_msgs/srv/detail/get_version__type_support.cpp.o[0m
[ 53%] [32mBuilding CXX object CMakeFiles/astra_msgs__rosidl_typesupport_introspection_cpp.dir/rosidl_typesupport_introspection_cpp/astra_msgs/srv/detail/reset_ir_exposure__type_support.cpp.o[0m
[ 54%] [32mBuilding CXX object CMakeFiles/astra_msgs__rosidl_typesupport_introspection_cpp.dir/rosidl_typesupport_introspection_cpp/astra_msgs/srv/detail/reset_ir_gain__type_support.cpp.o[0m
[ 54%] [32mBuilding CXX object CMakeFiles/astra_msgs__rosidl_typesupport_introspection_cpp.dir/rosidl_typesupport_introspection_cpp/astra_msgs/srv/detail/set_ae_enable__type_support.cpp.o[0m
[ 54%] [32mBuilding CXX object CMakeFiles/astra_msgs__rosidl_typesupport_introspection_cpp.dir/rosidl_typesupport_introspection_cpp/astra_msgs/srv/detail/set_auto_exposure__type_support.cpp.o[0m
[ 55%] [32mBuilding CXX object CMakeFiles/astra_msgs__rosidl_typesupport_introspection_cpp.dir/rosidl_typesupport_introspection_cpp/astra_msgs/srv/detail/set_auto_white_balance__type_support.cpp.o[0m
[ 55%] [32mBuilding CXX object CMakeFiles/astra_msgs__rosidl_typesupport_introspection_cpp.dir/rosidl_typesupport_introspection_cpp/astra_msgs/srv/detail/set_distortioncal__type_support.cpp.o[0m
[ 56%] [32mBuilding CXX object CMakeFiles/astra_msgs__rosidl_typesupport_introspection_cpp.dir/rosidl_typesupport_introspection_cpp/astra_msgs/srv/detail/set_fan__type_support.cpp.o[0m
[ 56%] [32mBuilding CXX object CMakeFiles/astra_msgs__rosidl_typesupport_introspection_cpp.dir/rosidl_typesupport_introspection_cpp/astra_msgs/srv/detail/set_ir_exposure__type_support.cpp.o[0m
[ 57%] [32mBuilding CXX object CMakeFiles/astra_msgs__rosidl_typesupport_introspection_cpp.dir/rosidl_typesupport_introspection_cpp/astra_msgs/srv/detail/set_ir_flood__type_support.cpp.o[0m
[ 57%] [32mBuilding CXX object CMakeFiles/astra_msgs__rosidl_typesupport_introspection_cpp.dir/rosidl_typesupport_introspection_cpp/astra_msgs/srv/detail/set_ir_gain__type_support.cpp.o[0m
[ 57%] [32mBuilding CXX object CMakeFiles/astra_msgs__rosidl_typesupport_introspection_cpp.dir/rosidl_typesupport_introspection_cpp/astra_msgs/srv/detail/set_laser__type_support.cpp.o[0m
[ 58%] [32mBuilding CXX object CMakeFiles/astra_msgs__rosidl_typesupport_introspection_cpp.dir/rosidl_typesupport_introspection_cpp/astra_msgs/srv/detail/set_ldp__type_support.cpp.o[0m
[ 58%] [32mBuilding CXX object CMakeFiles/astra_msgs__rosidl_typesupport_introspection_cpp.dir/rosidl_typesupport_introspection_cpp/astra_msgs/srv/detail/set_mirror__type_support.cpp.o[0m
[ 59%] [32mBuilding CXX object CMakeFiles/astra_msgs__rosidl_typesupport_introspection_cpp.dir/rosidl_typesupport_introspection_cpp/astra_msgs/srv/detail/set_uvc_exposure__type_support.cpp.o[0m
[ 59%] [32mBuilding CXX object CMakeFiles/astra_msgs__rosidl_typesupport_introspection_cpp.dir/rosidl_typesupport_introspection_cpp/astra_msgs/srv/detail/set_uvc_gain__type_support.cpp.o[0m
[ 60%] [32mBuilding CXX object CMakeFiles/astra_msgs__rosidl_typesupport_introspection_cpp.dir/rosidl_typesupport_introspection_cpp/astra_msgs/srv/detail/set_uvc_white_balance__type_support.cpp.o[0m
[ 60%] [32mBuilding CXX object CMakeFiles/astra_msgs__rosidl_typesupport_introspection_cpp.dir/rosidl_typesupport_introspection_cpp/astra_msgs/srv/detail/switch_ir_camera__type_support.cpp.o[0m
[ 61%] [32m[1mLinking CXX shared library libastra_msgs__rosidl_typesupport_introspection_cpp.so[0m
[ 61%] Built target astra_msgs__rosidl_typesupport_introspection_cpp
[ 63%] [34m[1mGenerating C introspection for ROS interfaces[0m
[ 63%] [34m[1mGenerating C type support for eProsima Fast-RTPS[0m
[35m[1mScanning dependencies of target astra_msgs__rosidl_typesupport_introspection_c[0m
[ 63%] [32mBuilding C object CMakeFiles/astra_msgs__rosidl_typesupport_introspection_c.dir/rosidl_typesupport_introspection_c/astra_msgs/srv/detail/get_camera_info__type_support.c.o[0m
[ 64%] [32mBuilding C object CMakeFiles/astra_msgs__rosidl_typesupport_introspection_c.dir/rosidl_typesupport_introspection_c/astra_msgs/srv/detail/get_device_type__type_support.c.o[0m
[ 64%] [32mBuilding C object CMakeFiles/astra_msgs__rosidl_typesupport_introspection_c.dir/rosidl_typesupport_introspection_c/astra_msgs/srv/detail/get_ir_exposure__type_support.c.o[0m
[ 65%] [32mBuilding C object CMakeFiles/astra_msgs__rosidl_typesupport_introspection_c.dir/rosidl_typesupport_introspection_c/astra_msgs/srv/detail/get_ir_gain__type_support.c.o[0m
[ 65%] [32mBuilding C object CMakeFiles/astra_msgs__rosidl_typesupport_introspection_c.dir/rosidl_typesupport_introspection_c/astra_msgs/srv/detail/get_serial__type_support.c.o[0m
[ 65%] [32mBuilding C object CMakeFiles/astra_msgs__rosidl_typesupport_introspection_c.dir/rosidl_typesupport_introspection_c/astra_msgs/srv/detail/get_uvc_exposure__type_support.c.o[0m
[35m[1mScanning dependencies of target astra_msgs__rosidl_typesupport_fastrtps_c[0m
[ 66%] [32mBuilding C object CMakeFiles/astra_msgs__rosidl_typesupport_introspection_c.dir/rosidl_typesupport_introspection_c/astra_msgs/srv/detail/get_uvc_gain__type_support.c.o[0m
[ 66%] [32mBuilding C object CMakeFiles/astra_msgs__rosidl_typesupport_introspection_c.dir/rosidl_typesupport_introspection_c/astra_msgs/srv/detail/get_uvc_white_balance__type_support.c.o[0m
[ 67%] [32mBuilding C object CMakeFiles/astra_msgs__rosidl_typesupport_introspection_c.dir/rosidl_typesupport_introspection_c/astra_msgs/srv/detail/get_version__type_support.c.o[0m
[ 67%] [32mBuilding C object CMakeFiles/astra_msgs__rosidl_typesupport_introspection_c.dir/rosidl_typesupport_introspection_c/astra_msgs/srv/detail/reset_ir_exposure__type_support.c.o[0m
[ 67%] [32mBuilding CXX object CMakeFiles/astra_msgs__rosidl_typesupport_fastrtps_c.dir/rosidl_typesupport_fastrtps_c/astra_msgs/srv/detail/get_camera_info__type_support_c.cpp.o[0m
[ 68%] [32mBuilding CXX object CMakeFiles/astra_msgs__rosidl_typesupport_fastrtps_c.dir/rosidl_typesupport_fastrtps_c/astra_msgs/srv/detail/get_device_type__type_support_c.cpp.o[0m
[ 69%] [32mBuilding C object CMakeFiles/astra_msgs__rosidl_typesupport_introspection_c.dir/rosidl_typesupport_introspection_c/astra_msgs/srv/detail/reset_ir_gain__type_support.c.o[0m
[ 69%] [32mBuilding C object CMakeFiles/astra_msgs__rosidl_typesupport_introspection_c.dir/rosidl_typesupport_introspection_c/astra_msgs/srv/detail/set_ae_enable__type_support.c.o[0m
[ 69%] [32mBuilding C object CMakeFiles/astra_msgs__rosidl_typesupport_introspection_c.dir/rosidl_typesupport_introspection_c/astra_msgs/srv/detail/set_auto_exposure__type_support.c.o[0m
[ 70%] [32mBuilding C object CMakeFiles/astra_msgs__rosidl_typesupport_introspection_c.dir/rosidl_typesupport_introspection_c/astra_msgs/srv/detail/set_auto_white_balance__type_support.c.o[0m
[ 70%] [32mBuilding C object CMakeFiles/astra_msgs__rosidl_typesupport_introspection_c.dir/rosidl_typesupport_introspection_c/astra_msgs/srv/detail/set_distortioncal__type_support.c.o[0m
[ 71%] [32mBuilding C object CMakeFiles/astra_msgs__rosidl_typesupport_introspection_c.dir/rosidl_typesupport_introspection_c/astra_msgs/srv/detail/set_fan__type_support.c.o[0m
[ 71%] [32mBuilding C object CMakeFiles/astra_msgs__rosidl_typesupport_introspection_c.dir/rosidl_typesupport_introspection_c/astra_msgs/srv/detail/set_ir_exposure__type_support.c.o[0m
[ 72%] [32mBuilding C object CMakeFiles/astra_msgs__rosidl_typesupport_introspection_c.dir/rosidl_typesupport_introspection_c/astra_msgs/srv/detail/set_ir_flood__type_support.c.o[0m
[ 72%] [32mBuilding C object CMakeFiles/astra_msgs__rosidl_typesupport_introspection_c.dir/rosidl_typesupport_introspection_c/astra_msgs/srv/detail/set_ir_gain__type_support.c.o[0m
[ 72%] [32mBuilding C object CMakeFiles/astra_msgs__rosidl_typesupport_introspection_c.dir/rosidl_typesupport_introspection_c/astra_msgs/srv/detail/set_laser__type_support.c.o[0m
[ 73%] [32mBuilding C object CMakeFiles/astra_msgs__rosidl_typesupport_introspection_c.dir/rosidl_typesupport_introspection_c/astra_msgs/srv/detail/set_ldp__type_support.c.o[0m
[ 73%] [32mBuilding C object CMakeFiles/astra_msgs__rosidl_typesupport_introspection_c.dir/rosidl_typesupport_introspection_c/astra_msgs/srv/detail/set_mirror__type_support.c.o[0m
[ 74%] [32mBuilding C object CMakeFiles/astra_msgs__rosidl_typesupport_introspection_c.dir/rosidl_typesupport_introspection_c/astra_msgs/srv/detail/set_uvc_exposure__type_support.c.o[0m
[ 74%] [32mBuilding CXX object CMakeFiles/astra_msgs__rosidl_typesupport_fastrtps_c.dir/rosidl_typesupport_fastrtps_c/astra_msgs/srv/detail/get_ir_gain__type_support_c.cpp.o[0m
[ 74%] [32mBuilding C object CMakeFiles/astra_msgs__rosidl_typesupport_introspection_c.dir/rosidl_typesupport_introspection_c/astra_msgs/srv/detail/set_uvc_gain__type_support.c.o[0m
[ 75%] [32mBuilding C object CMakeFiles/astra_msgs__rosidl_typesupport_introspection_c.dir/rosidl_typesupport_introspection_c/astra_msgs/srv/detail/set_uvc_white_balance__type_support.c.o[0m
[ 75%] [32mBuilding C object CMakeFiles/astra_msgs__rosidl_typesupport_introspection_c.dir/rosidl_typesupport_introspection_c/astra_msgs/srv/detail/switch_ir_camera__type_support.c.o[0m
[ 76%] [32m[1mLinking C shared library libastra_msgs__rosidl_typesupport_introspection_c.so[0m
[ 76%] Built target astra_msgs__rosidl_typesupport_introspection_c
[ 76%] [32mBuilding CXX object CMakeFiles/astra_msgs__rosidl_typesupport_fastrtps_c.dir/rosidl_typesupport_fastrtps_c/astra_msgs/srv/detail/get_uvc_exposure__type_support_c.cpp.o[0m
[ 77%] [32mBuilding CXX object CMakeFiles/astra_msgs__rosidl_typesupport_fastrtps_c.dir/rosidl_typesupport_fastrtps_c/astra_msgs/srv/detail/get_uvc_gain__type_support_c.cpp.o[0m
[ 77%] [32mBuilding CXX object CMakeFiles/astra_msgs__rosidl_typesupport_fastrtps_c.dir/rosidl_typesupport_fastrtps_c/astra_msgs/srv/detail/get_uvc_white_balance__type_support_c.cpp.o[0m
[ 78%] [32mBuilding CXX object CMakeFiles/astra_msgs__rosidl_typesupport_fastrtps_c.dir/rosidl_typesupport_fastrtps_c/astra_msgs/srv/detail/get_serial__type_support_c.cpp.o[0m
[ 79%] [32mBuilding CXX object CMakeFiles/astra_msgs__rosidl_typesupport_fastrtps_c.dir/rosidl_typesupport_fastrtps_c/astra_msgs/srv/detail/get_version__type_support_c.cpp.o[0m
[ 79%] [32mBuilding CXX object CMakeFiles/astra_msgs__rosidl_typesupport_fastrtps_c.dir/rosidl_typesupport_fastrtps_c/astra_msgs/srv/detail/get_ir_exposure__type_support_c.cpp.o[0m
[ 79%] [32mBuilding CXX object CMakeFiles/astra_msgs__rosidl_typesupport_fastrtps_c.dir/rosidl_typesupport_fastrtps_c/astra_msgs/srv/detail/reset_ir_exposure__type_support_c.cpp.o[0m
[ 79%] [32mBuilding CXX object CMakeFiles/astra_msgs__rosidl_typesupport_fastrtps_c.dir/rosidl_typesupport_fastrtps_c/astra_msgs/srv/detail/reset_ir_gain__type_support_c.cpp.o[0m
[ 80%] [32mBuilding CXX object CMakeFiles/astra_msgs__rosidl_typesupport_fastrtps_c.dir/rosidl_typesupport_fastrtps_c/astra_msgs/srv/detail/set_ae_enable__type_support_c.cpp.o[0m
[ 80%] [32mBuilding CXX object CMakeFiles/astra_msgs__rosidl_typesupport_fastrtps_c.dir/rosidl_typesupport_fastrtps_c/astra_msgs/srv/detail/set_auto_exposure__type_support_c.cpp.o[0m
[ 81%] [32mBuilding CXX object CMakeFiles/astra_msgs__rosidl_typesupport_fastrtps_c.dir/rosidl_typesupport_fastrtps_c/astra_msgs/srv/detail/set_auto_white_balance__type_support_c.cpp.o[0m
[ 81%] [32mBuilding CXX object CMakeFiles/astra_msgs__rosidl_typesupport_fastrtps_c.dir/rosidl_typesupport_fastrtps_c/astra_msgs/srv/detail/set_distortioncal__type_support_c.cpp.o[0m
[ 82%] [32mBuilding CXX object CMakeFiles/astra_msgs__rosidl_typesupport_fastrtps_c.dir/rosidl_typesupport_fastrtps_c/astra_msgs/srv/detail/set_fan__type_support_c.cpp.o[0m
[ 82%] [32mBuilding CXX object CMakeFiles/astra_msgs__rosidl_typesupport_fastrtps_c.dir/rosidl_typesupport_fastrtps_c/astra_msgs/srv/detail/set_ir_exposure__type_support_c.cpp.o[0m
[ 83%] [32mBuilding CXX object CMakeFiles/astra_msgs__rosidl_typesupport_fastrtps_c.dir/rosidl_typesupport_fastrtps_c/astra_msgs/srv/detail/set_ir_flood__type_support_c.cpp.o[0m
[ 83%] [32mBuilding CXX object CMakeFiles/astra_msgs__rosidl_typesupport_fastrtps_c.dir/rosidl_typesupport_fastrtps_c/astra_msgs/srv/detail/set_ir_gain__type_support_c.cpp.o[0m
[ 83%] [32mBuilding CXX object CMakeFiles/astra_msgs__rosidl_typesupport_fastrtps_c.dir/rosidl_typesupport_fastrtps_c/astra_msgs/srv/detail/set_laser__type_support_c.cpp.o[0m
[ 84%] [32mBuilding CXX object CMakeFiles/astra_msgs__rosidl_typesupport_fastrtps_c.dir/rosidl_typesupport_fastrtps_c/astra_msgs/srv/detail/set_ldp__type_support_c.cpp.o[0m
[ 84%] [32mBuilding CXX object CMakeFiles/astra_msgs__rosidl_typesupport_fastrtps_c.dir/rosidl_typesupport_fastrtps_c/astra_msgs/srv/detail/set_mirror__type_support_c.cpp.o[0m
[ 85%] [32mBuilding CXX object CMakeFiles/astra_msgs__rosidl_typesupport_fastrtps_c.dir/rosidl_typesupport_fastrtps_c/astra_msgs/srv/detail/set_uvc_exposure__type_support_c.cpp.o[0m
[ 85%] [32mBuilding CXX object CMakeFiles/astra_msgs__rosidl_typesupport_fastrtps_c.dir/rosidl_typesupport_fastrtps_c/astra_msgs/srv/detail/set_uvc_gain__type_support_c.cpp.o[0m
[ 86%] [32mBuilding CXX object CMakeFiles/astra_msgs__rosidl_typesupport_fastrtps_c.dir/rosidl_typesupport_fastrtps_c/astra_msgs/srv/detail/set_uvc_white_balance__type_support_c.cpp.o[0m
[ 86%] [32mBuilding CXX object CMakeFiles/astra_msgs__rosidl_typesupport_fastrtps_c.dir/rosidl_typesupport_fastrtps_c/astra_msgs/srv/detail/switch_ir_camera__type_support_c.cpp.o[0m
[ 86%] [32m[1mLinking CXX shared library libastra_msgs__rosidl_typesupport_fastrtps_c.so[0m
[ 86%] Built target astra_msgs__rosidl_typesupport_fastrtps_c
[35m[1mScanning dependencies of target astra_msgs[0m
[ 86%] Built target astra_msgs
[35m[1mScanning dependencies of target astra_msgs__py[0m
[ 86%] [34m[1mGenerating Python code for ROS interfaces[0m
[ 86%] Built target astra_msgs__py
[35m[1mScanning dependencies of target astra_msgs__python[0m
[ 87%] [32mBuilding C object CMakeFiles/astra_msgs__python.dir/rosidl_generator_py/astra_msgs/srv/_get_device_type_s.c.o[0m
[ 87%] [32mBuilding C object CMakeFiles/astra_msgs__python.dir/rosidl_generator_py/astra_msgs/srv/_get_camera_info_s.c.o[0m
[ 87%] [32mBuilding C object CMakeFiles/astra_msgs__python.dir/rosidl_generator_py/astra_msgs/srv/_get_ir_gain_s.c.o[0m
[ 88%] [32mBuilding C object CMakeFiles/astra_msgs__python.dir/rosidl_generator_py/astra_msgs/srv/_get_serial_s.c.o[0m
[ 88%] [32mBuilding C object CMakeFiles/astra_msgs__python.dir/rosidl_generator_py/astra_msgs/srv/_get_uvc_exposure_s.c.o[0m
[ 88%] [32mBuilding C object CMakeFiles/astra_msgs__python.dir/rosidl_generator_py/astra_msgs/srv/_get_uvc_gain_s.c.o[0m
[ 89%] [32mBuilding C object CMakeFiles/astra_msgs__python.dir/rosidl_generator_py/astra_msgs/srv/_get_uvc_white_balance_s.c.o[0m
[ 89%] [32mBuilding C object CMakeFiles/astra_msgs__python.dir/rosidl_generator_py/astra_msgs/srv/_get_version_s.c.o[0m
[ 90%] [32mBuilding C object CMakeFiles/astra_msgs__python.dir/rosidl_generator_py/astra_msgs/srv/_reset_ir_exposure_s.c.o[0m
[ 90%] [32mBuilding C object CMakeFiles/astra_msgs__python.dir/rosidl_generator_py/astra_msgs/srv/_reset_ir_gain_s.c.o[0m
[ 91%] [32mBuilding C object CMakeFiles/astra_msgs__python.dir/rosidl_generator_py/astra_msgs/srv/_set_ae_enable_s.c.o[0m
[ 91%] [32mBuilding C object CMakeFiles/astra_msgs__python.dir/rosidl_generator_py/astra_msgs/srv/_set_auto_exposure_s.c.o[0m
[ 91%] [32mBuilding C object CMakeFiles/astra_msgs__python.dir/rosidl_generator_py/astra_msgs/srv/_set_auto_white_balance_s.c.o[0m
[ 92%] [32mBuilding C object CMakeFiles/astra_msgs__python.dir/rosidl_generator_py/astra_msgs/srv/_set_distortioncal_s.c.o[0m
[ 92%] [32mBuilding C object CMakeFiles/astra_msgs__python.dir/rosidl_generator_py/astra_msgs/srv/_set_fan_s.c.o[0m
[ 93%] [32mBuilding C object CMakeFiles/astra_msgs__python.dir/rosidl_generator_py/astra_msgs/srv/_set_ir_exposure_s.c.o[0m
[ 93%] [32mBuilding C object CMakeFiles/astra_msgs__python.dir/rosidl_generator_py/astra_msgs/srv/_set_ir_flood_s.c.o[0m
[ 94%] [32mBuilding C object CMakeFiles/astra_msgs__python.dir/rosidl_generator_py/astra_msgs/srv/_set_ir_gain_s.c.o[0m
[ 94%] [32mBuilding C object CMakeFiles/astra_msgs__python.dir/rosidl_generator_py/astra_msgs/srv/_set_laser_s.c.o[0m
[ 94%] [32mBuilding C object CMakeFiles/astra_msgs__python.dir/rosidl_generator_py/astra_msgs/srv/_set_ldp_s.c.o[0m
[ 95%] [32mBuilding C object CMakeFiles/astra_msgs__python.dir/rosidl_generator_py/astra_msgs/srv/_set_mirror_s.c.o[0m
[ 95%] [32mBuilding C object CMakeFiles/astra_msgs__python.dir/rosidl_generator_py/astra_msgs/srv/_set_uvc_exposure_s.c.o[0m
[ 96%] [32mBuilding C object CMakeFiles/astra_msgs__python.dir/rosidl_generator_py/astra_msgs/srv/_set_uvc_gain_s.c.o[0m
[ 96%] [32mBuilding C object CMakeFiles/astra_msgs__python.dir/rosidl_generator_py/astra_msgs/srv/_set_uvc_white_balance_s.c.o[0m
[ 97%] [32mBuilding C object CMakeFiles/astra_msgs__python.dir/rosidl_generator_py/astra_msgs/srv/_switch_ir_camera_s.c.o[0m
[ 98%] [32mBuilding C object CMakeFiles/astra_msgs__python.dir/rosidl_generator_py/astra_msgs/srv/_get_ir_exposure_s.c.o[0m
[ 98%] [32m[1mLinking C shared library rosidl_generator_py/astra_msgs/libastra_msgs__python.so[0m
[ 98%] Built target astra_msgs__python
[35m[1mScanning dependencies of target astra_msgs__rosidl_typesupport_c__pyext[0m
[35m[1mScanning dependencies of target astra_msgs__rosidl_typesupport_introspection_c__pyext[0m
[ 99%] [32mBuilding C object CMakeFiles/astra_msgs__rosidl_typesupport_c__pyext.dir/rosidl_generator_py/astra_msgs/_astra_msgs_s.ep.rosidl_typesupport_c.c.o[0m
[ 99%] [32mBuilding C object CMakeFiles/astra_msgs__rosidl_typesupport_introspection_c__pyext.dir/rosidl_generator_py/astra_msgs/_astra_msgs_s.ep.rosidl_typesupport_introspection_c.c.o[0m
[ 99%] [32m[1mLinking C shared library rosidl_generator_py/astra_msgs/astra_msgs_s__rosidl_typesupport_c.cpython-38-aarch64-linux-gnu.so[0m
[ 99%] [32m[1mLinking C shared library rosidl_generator_py/astra_msgs/astra_msgs_s__rosidl_typesupport_introspection_c.cpython-38-aarch64-linux-gnu.so[0m
[ 99%] Built target astra_msgs__rosidl_typesupport_c__pyext
[ 99%] Built target astra_msgs__rosidl_typesupport_introspection_c__pyext
[35m[1mScanning dependencies of target astra_msgs__rosidl_typesupport_fastrtps_c__pyext[0m
[100%] [32mBuilding C object CMakeFiles/astra_msgs__rosidl_typesupport_fastrtps_c__pyext.dir/rosidl_generator_py/astra_msgs/_astra_msgs_s.ep.rosidl_typesupport_fastrtps_c.c.o[0m
[100%] [32m[1mLinking CXX shared library rosidl_generator_py/astra_msgs/astra_msgs_s__rosidl_typesupport_fastrtps_c.cpython-38-aarch64-linux-gnu.so[0m
[100%] Built target astra_msgs__rosidl_typesupport_fastrtps_c__pyext
