-- Found ament_cmake: 1.1.6 (/opt/ros/galactic/share/ament_cmake/cmake)
-- Using PYTHON_EXECUTABLE: /usr/bin/python3
-- Configuring done
-- Generating done
-- Build files have been written to: /home/wheeltec/wheeltec_ros2/build/perception_pcl
-- Install configuration: ""
-- Up-to-date: /home/wheeltec/wheeltec_ros2/install/perception_pcl/share/ament_index/resource_index/package_run_dependencies/perception_pcl
-- Installing: /home/wheeltec/wheeltec_ros2/install/perception_pcl/share/ament_index/resource_index/parent_prefix_path/perception_pcl
-- Installing: /home/wheeltec/wheeltec_ros2/install/perception_pcl/share/perception_pcl/environment/ament_prefix_path.sh
-- Installing: /home/wheeltec/wheeltec_ros2/install/perception_pcl/share/perception_pcl/environment/ament_prefix_path.dsv
-- Installing: /home/wheeltec/wheeltec_ros2/install/perception_pcl/share/perception_pcl/environment/path.sh
-- Installing: /home/wheeltec/wheeltec_ros2/install/perception_pcl/share/perception_pcl/environment/path.dsv
-- Up-to-date: /home/wheeltec/wheeltec_ros2/install/perception_pcl/share/perception_pcl/local_setup.bash
-- Up-to-date: /home/wheeltec/wheeltec_ros2/install/perception_pcl/share/perception_pcl/local_setup.sh
-- Up-to-date: /home/wheeltec/wheeltec_ros2/install/perception_pcl/share/perception_pcl/local_setup.zsh
-- Installing: /home/wheeltec/wheeltec_ros2/install/perception_pcl/share/perception_pcl/local_setup.dsv
-- Installing: /home/wheeltec/wheeltec_ros2/install/perception_pcl/share/perception_pcl/package.dsv
-- Up-to-date: /home/wheeltec/wheeltec_ros2/install/perception_pcl/share/ament_index/resource_index/packages/perception_pcl
-- Up-to-date: /home/wheeltec/wheeltec_ros2/install/perception_pcl/share/perception_pcl/cmake/perception_pclConfig.cmake
-- Up-to-date: /home/wheeltec/wheeltec_ros2/install/perception_pcl/share/perception_pcl/cmake/perception_pclConfig-version.cmake
-- Up-to-date: /home/wheeltec/wheeltec_ros2/install/perception_pcl/share/perception_pcl/package.xml
