[0.078s] Invoking command in '/home/wheeltec/wheeltec_ros2/build/dwb_msgs': AMENT_PREFIX_PATH=/home/wheeltec/wheeltec_ros2/install/nav_2d_msgs:${AMENT_PREFIX_PATH} CMAKE_PREFIX_PATH=/home/wheeltec/wheeltec_ros2/install/nav_2d_msgs:/opt/ros/galactic LD_LIBRARY_PATH=/home/wheeltec/wheeltec_ros2/install/nav_2d_msgs/lib:/usr/local/cuda-10.2/lib64:/opt/ros/galactic/opt/yaml_cpp_vendor/lib:/opt/ros/galactic/opt/rviz_ogre_vendor/lib:/opt/ros/galactic/lib/aarch64-linux-gnu:/opt/ros/galactic/lib:/usr/local/cuda-10.2/lib64 PYTHONPATH=/home/wheeltec/wheeltec_ros2/install/nav_2d_msgs/lib/python3.8/site-packages:${PYTHONPATH} /usr/bin/cmake /home/wheeltec/wheeltec_ros2/src/navigation2-galactic/nav2_dwb_controller/dwb_msgs -DCMAKE_INSTALL_PREFIX=/home/wheeltec/wheeltec_ros2/install/dwb_msgs
[0.401s] -- The C compiler identification is GNU 9.4.0
[0.610s] -- The CXX compiler identification is GNU 9.4.0
[0.630s] -- Check for working C compiler: /usr/bin/cc
[0.888s] -- Check for working C compiler: /usr/bin/cc -- works
[0.891s] -- Detecting C compiler ABI info
[1.167s] -- Detecting C compiler ABI info - done
[1.213s] -- Detecting C compile features
[1.216s] -- Detecting C compile features - done
[1.227s] -- Check for working CXX compiler: /usr/bin/c++
[1.517s] -- Check for working CXX compiler: /usr/bin/c++ -- works
[1.522s] -- Detecting CXX compiler ABI info
[1.825s] -- Detecting CXX compiler ABI info - done
[1.876s] -- Detecting CXX compile features
[1.879s] -- Detecting CXX compile features - done
[1.893s] -- Found builtin_interfaces: 1.0.3 (/opt/ros/galactic/share/builtin_interfaces/cmake)
[2.016s] -- Found PythonInterp: /usr/bin/python3 (found suitable version "3.8.10", minimum required is "3") 
[2.017s] -- Using PYTHON_EXECUTABLE: /usr/bin/python3
[2.593s] -- Using all available rosidl_typesupport_c: rosidl_typesupport_fastrtps_c;rosidl_typesupport_introspection_c
[2.636s] -- Found rosidl_adapter: 2.2.2 (/opt/ros/galactic/share/rosidl_adapter/cmake)
[3.016s] -- Found OpenSSL: /usr/lib/aarch64-linux-gnu/libcrypto.so (found version "1.1.1f")  
[3.143s] -- Found FastRTPS: /opt/ros/galactic/include  
[3.525s] -- Using all available rosidl_typesupport_cpp: rosidl_typesupport_fastrtps_cpp;rosidl_typesupport_introspection_cpp
[3.664s] -- Found geometry_msgs: 2.2.4 (/opt/ros/galactic/share/geometry_msgs/cmake)
[3.932s] -- Found nav_2d_msgs: 1.0.12 (/home/wheeltec/wheeltec_ros2/install/nav_2d_msgs/share/nav_2d_msgs/cmake)
[4.262s] -- Found nav_msgs: 2.2.4 (/opt/ros/galactic/share/nav_msgs/cmake)
[4.603s] -- Found rosidl_default_generators: 1.1.1 (/opt/ros/galactic/share/rosidl_default_generators/cmake)
[4.740s] -- Found PythonInterp: /usr/bin/python3 (found version "3.8.10") 
[6.001s] -- Found ament_cmake_ros: 0.9.2 (/opt/ros/galactic/share/ament_cmake_ros/cmake)
[7.470s] -- Using all available rosidl_typesupport_c: rosidl_typesupport_fastrtps_c;rosidl_typesupport_introspection_c
[8.202s] -- Using all available rosidl_typesupport_cpp: rosidl_typesupport_fastrtps_cpp;rosidl_typesupport_introspection_cpp
[8.337s] -- Found PythonInterp: /usr/bin/python3 (found suitable version "3.8.10", minimum required is "3.5") 
[8.346s] -- Found python_cmake_module: 0.8.1 (/opt/ros/galactic/share/python_cmake_module/cmake)
[8.478s] -- Found PythonLibs: /usr/lib/aarch64-linux-gnu/libpython3.8.so (found suitable version "3.8.10", minimum required is "3.5") 
[8.480s] -- Using PYTHON_EXECUTABLE: /usr/bin/python3
[8.481s] -- Using PYTHON_INCLUDE_DIRS: /usr/include/python3.8
[8.481s] -- Using PYTHON_LIBRARIES: /usr/lib/aarch64-linux-gnu/libpython3.8.so
[8.601s] -- Found PythonExtra: .so  
[10.611s] -- Configuring done
[11.026s] -- Generating done
[11.041s] -- Build files have been written to: /home/wheeltec/wheeltec_ros2/build/dwb_msgs
[11.084s] Invoked command in '/home/wheeltec/wheeltec_ros2/build/dwb_msgs' returned '0': AMENT_PREFIX_PATH=/home/wheeltec/wheeltec_ros2/install/nav_2d_msgs:${AMENT_PREFIX_PATH} CMAKE_PREFIX_PATH=/home/wheeltec/wheeltec_ros2/install/nav_2d_msgs:/opt/ros/galactic LD_LIBRARY_PATH=/home/wheeltec/wheeltec_ros2/install/nav_2d_msgs/lib:/usr/local/cuda-10.2/lib64:/opt/ros/galactic/opt/yaml_cpp_vendor/lib:/opt/ros/galactic/opt/rviz_ogre_vendor/lib:/opt/ros/galactic/lib/aarch64-linux-gnu:/opt/ros/galactic/lib:/usr/local/cuda-10.2/lib64 PYTHONPATH=/home/wheeltec/wheeltec_ros2/install/nav_2d_msgs/lib/python3.8/site-packages:${PYTHONPATH} /usr/bin/cmake /home/wheeltec/wheeltec_ros2/src/navigation2-galactic/nav2_dwb_controller/dwb_msgs -DCMAKE_INSTALL_PREFIX=/home/wheeltec/wheeltec_ros2/install/dwb_msgs
[11.095s] Invoking command in '/home/wheeltec/wheeltec_ros2/build/dwb_msgs': AMENT_PREFIX_PATH=/home/wheeltec/wheeltec_ros2/install/nav_2d_msgs:${AMENT_PREFIX_PATH} CMAKE_PREFIX_PATH=/home/wheeltec/wheeltec_ros2/install/nav_2d_msgs:/opt/ros/galactic LD_LIBRARY_PATH=/home/wheeltec/wheeltec_ros2/install/nav_2d_msgs/lib:/usr/local/cuda-10.2/lib64:/opt/ros/galactic/opt/yaml_cpp_vendor/lib:/opt/ros/galactic/opt/rviz_ogre_vendor/lib:/opt/ros/galactic/lib/aarch64-linux-gnu:/opt/ros/galactic/lib:/usr/local/cuda-10.2/lib64 PYTHONPATH=/home/wheeltec/wheeltec_ros2/install/nav_2d_msgs/lib/python3.8/site-packages:${PYTHONPATH} /usr/bin/cmake --build /home/wheeltec/wheeltec_ros2/build/dwb_msgs -- -j4 -l4
[11.478s] [35m[1mScanning dependencies of target dwb_msgs__cpp[0m
[11.582s] [  1%] [34m[1mGenerating C++ code for ROS interfaces[0m
[17.986s] [  1%] Built target dwb_msgs__cpp
[18.030s] [  2%] [34m[1mGenerating C code for ROS interfaces[0m
[24.077s] [35m[1mScanning dependencies of target dwb_msgs__rosidl_generator_c[0m
[24.157s] [  3%] [32mBuilding C object CMakeFiles/dwb_msgs__rosidl_generator_c.dir/rosidl_generator_c/dwb_msgs/msg/detail/critic_score__functions.c.o[0m
[24.325s] [  4%] [32mBuilding C object CMakeFiles/dwb_msgs__rosidl_generator_c.dir/rosidl_generator_c/dwb_msgs/msg/detail/local_plan_evaluation__functions.c.o[0m
[24.521s] [  5%] [32mBuilding C object CMakeFiles/dwb_msgs__rosidl_generator_c.dir/rosidl_generator_c/dwb_msgs/msg/detail/trajectory2_d__functions.c.o[0m
[24.729s] [  6%] [32mBuilding C object CMakeFiles/dwb_msgs__rosidl_generator_c.dir/rosidl_generator_c/dwb_msgs/msg/detail/trajectory_score__functions.c.o[0m
[24.982s] [  7%] [32mBuilding C object CMakeFiles/dwb_msgs__rosidl_generator_c.dir/rosidl_generator_c/dwb_msgs/srv/detail/debug_local_plan__functions.c.o[0m
[25.490s] [  8%] [32mBuilding C object CMakeFiles/dwb_msgs__rosidl_generator_c.dir/rosidl_generator_c/dwb_msgs/srv/detail/generate_trajectory__functions.c.o[0m
[25.767s] [  9%] [32mBuilding C object CMakeFiles/dwb_msgs__rosidl_generator_c.dir/rosidl_generator_c/dwb_msgs/srv/detail/generate_twists__functions.c.o[0m
[25.992s] [ 10%] [32mBuilding C object CMakeFiles/dwb_msgs__rosidl_generator_c.dir/rosidl_generator_c/dwb_msgs/srv/detail/get_critic_score__functions.c.o[0m
[26.345s] [ 11%] [32mBuilding C object CMakeFiles/dwb_msgs__rosidl_generator_c.dir/rosidl_generator_c/dwb_msgs/srv/detail/score_trajectory__functions.c.o[0m
[26.726s] [ 12%] [32m[1mLinking C shared library libdwb_msgs__rosidl_generator_c.so[0m
[26.924s] [ 12%] Built target dwb_msgs__rosidl_generator_c
[27.032s] [ 13%] [34m[1mGenerating C++ type support for eProsima Fast-RTPS[0m
[31.678s] [35m[1mScanning dependencies of target dwb_msgs__rosidl_typesupport_fastrtps_cpp[0m
[31.813s] [ 14%] [32mBuilding CXX object CMakeFiles/dwb_msgs__rosidl_typesupport_fastrtps_cpp.dir/rosidl_typesupport_fastrtps_cpp/dwb_msgs/msg/detail/dds_fastrtps/critic_score__type_support.cpp.o[0m
[33.910s] [ 15%] [32mBuilding CXX object CMakeFiles/dwb_msgs__rosidl_typesupport_fastrtps_cpp.dir/rosidl_typesupport_fastrtps_cpp/dwb_msgs/msg/detail/dds_fastrtps/local_plan_evaluation__type_support.cpp.o[0m
[36.680s] [ 16%] [32mBuilding CXX object CMakeFiles/dwb_msgs__rosidl_typesupport_fastrtps_cpp.dir/rosidl_typesupport_fastrtps_cpp/dwb_msgs/msg/detail/dds_fastrtps/trajectory2_d__type_support.cpp.o[0m
[39.260s] [ 17%] [32mBuilding CXX object CMakeFiles/dwb_msgs__rosidl_typesupport_fastrtps_cpp.dir/rosidl_typesupport_fastrtps_cpp/dwb_msgs/msg/detail/dds_fastrtps/trajectory_score__type_support.cpp.o[0m
[41.837s] [ 18%] [32mBuilding CXX object CMakeFiles/dwb_msgs__rosidl_typesupport_fastrtps_cpp.dir/rosidl_typesupport_fastrtps_cpp/dwb_msgs/srv/detail/dds_fastrtps/debug_local_plan__type_support.cpp.o[0m
[44.032s] [ 20%] [32mBuilding CXX object CMakeFiles/dwb_msgs__rosidl_typesupport_fastrtps_cpp.dir/rosidl_typesupport_fastrtps_cpp/dwb_msgs/srv/detail/dds_fastrtps/generate_trajectory__type_support.cpp.o[0m
[46.283s] [ 21%] [32mBuilding CXX object CMakeFiles/dwb_msgs__rosidl_typesupport_fastrtps_cpp.dir/rosidl_typesupport_fastrtps_cpp/dwb_msgs/srv/detail/dds_fastrtps/generate_twists__type_support.cpp.o[0m
[49.296s] [ 22%] [32mBuilding CXX object CMakeFiles/dwb_msgs__rosidl_typesupport_fastrtps_cpp.dir/rosidl_typesupport_fastrtps_cpp/dwb_msgs/srv/detail/dds_fastrtps/get_critic_score__type_support.cpp.o[0m
[52.233s] [ 23%] [32mBuilding CXX object CMakeFiles/dwb_msgs__rosidl_typesupport_fastrtps_cpp.dir/rosidl_typesupport_fastrtps_cpp/dwb_msgs/srv/detail/dds_fastrtps/score_trajectory__type_support.cpp.o[0m
[54.690s] [ 24%] [32m[1mLinking CXX shared library libdwb_msgs__rosidl_typesupport_fastrtps_cpp.so[0m
[55.236s] [ 24%] Built target dwb_msgs__rosidl_typesupport_fastrtps_cpp
[55.291s] [ 25%] [34m[1mGenerating C introspection for ROS interfaces[0m
[60.544s] [35m[1mScanning dependencies of target dwb_msgs__rosidl_typesupport_introspection_c[0m
[60.754s] [ 26%] [32mBuilding C object CMakeFiles/dwb_msgs__rosidl_typesupport_introspection_c.dir/rosidl_typesupport_introspection_c/dwb_msgs/msg/detail/critic_score__type_support.c.o[0m
[61.037s] [ 27%] [32mBuilding C object CMakeFiles/dwb_msgs__rosidl_typesupport_introspection_c.dir/rosidl_typesupport_introspection_c/dwb_msgs/msg/detail/local_plan_evaluation__type_support.c.o[0m
[61.323s] [ 28%] [32mBuilding C object CMakeFiles/dwb_msgs__rosidl_typesupport_introspection_c.dir/rosidl_typesupport_introspection_c/dwb_msgs/msg/detail/trajectory2_d__type_support.c.o[0m
[61.614s] [ 29%] [32mBuilding C object CMakeFiles/dwb_msgs__rosidl_typesupport_introspection_c.dir/rosidl_typesupport_introspection_c/dwb_msgs/msg/detail/trajectory_score__type_support.c.o[0m
[61.827s] [ 30%] [32mBuilding C object CMakeFiles/dwb_msgs__rosidl_typesupport_introspection_c.dir/rosidl_typesupport_introspection_c/dwb_msgs/srv/detail/debug_local_plan__type_support.c.o[0m
[62.108s] [ 31%] [32mBuilding C object CMakeFiles/dwb_msgs__rosidl_typesupport_introspection_c.dir/rosidl_typesupport_introspection_c/dwb_msgs/srv/detail/generate_trajectory__type_support.c.o[0m
[62.408s] [ 32%] [32mBuilding C object CMakeFiles/dwb_msgs__rosidl_typesupport_introspection_c.dir/rosidl_typesupport_introspection_c/dwb_msgs/srv/detail/generate_twists__type_support.c.o[0m
[62.676s] [ 33%] [32mBuilding C object CMakeFiles/dwb_msgs__rosidl_typesupport_introspection_c.dir/rosidl_typesupport_introspection_c/dwb_msgs/srv/detail/get_critic_score__type_support.c.o[0m
[63.017s] [ 34%] [32mBuilding C object CMakeFiles/dwb_msgs__rosidl_typesupport_introspection_c.dir/rosidl_typesupport_introspection_c/dwb_msgs/srv/detail/score_trajectory__type_support.c.o[0m
[63.215s] [ 35%] [32m[1mLinking C shared library libdwb_msgs__rosidl_typesupport_introspection_c.so[0m
[63.473s] [ 35%] Built target dwb_msgs__rosidl_typesupport_introspection_c
[63.568s] [ 36%] [34m[1mGenerating C type support dispatch for ROS interfaces[0m
[67.556s] [35m[1mScanning dependencies of target dwb_msgs__rosidl_typesupport_c[0m
[67.740s] [ 37%] [32mBuilding CXX object CMakeFiles/dwb_msgs__rosidl_typesupport_c.dir/rosidl_typesupport_c/dwb_msgs/msg/critic_score__type_support.cpp.o[0m
[67.977s] [ 38%] [32mBuilding CXX object CMakeFiles/dwb_msgs__rosidl_typesupport_c.dir/rosidl_typesupport_c/dwb_msgs/msg/local_plan_evaluation__type_support.cpp.o[0m
[68.295s] [ 40%] [32mBuilding CXX object CMakeFiles/dwb_msgs__rosidl_typesupport_c.dir/rosidl_typesupport_c/dwb_msgs/msg/trajectory2_d__type_support.cpp.o[0m
[68.502s] [ 41%] [32mBuilding CXX object CMakeFiles/dwb_msgs__rosidl_typesupport_c.dir/rosidl_typesupport_c/dwb_msgs/msg/trajectory_score__type_support.cpp.o[0m
[68.734s] [ 42%] [32mBuilding CXX object CMakeFiles/dwb_msgs__rosidl_typesupport_c.dir/rosidl_typesupport_c/dwb_msgs/srv/debug_local_plan__type_support.cpp.o[0m
[69.069s] [ 43%] [32mBuilding CXX object CMakeFiles/dwb_msgs__rosidl_typesupport_c.dir/rosidl_typesupport_c/dwb_msgs/srv/generate_trajectory__type_support.cpp.o[0m
[69.356s] [ 44%] [32mBuilding CXX object CMakeFiles/dwb_msgs__rosidl_typesupport_c.dir/rosidl_typesupport_c/dwb_msgs/srv/generate_twists__type_support.cpp.o[0m
[69.670s] [ 45%] [32mBuilding CXX object CMakeFiles/dwb_msgs__rosidl_typesupport_c.dir/rosidl_typesupport_c/dwb_msgs/srv/get_critic_score__type_support.cpp.o[0m
[69.994s] [ 46%] [32mBuilding CXX object CMakeFiles/dwb_msgs__rosidl_typesupport_c.dir/rosidl_typesupport_c/dwb_msgs/srv/score_trajectory__type_support.cpp.o[0m
[70.284s] [ 47%] [32m[1mLinking CXX shared library libdwb_msgs__rosidl_typesupport_c.so[0m
[70.581s] [ 47%] Built target dwb_msgs__rosidl_typesupport_c
[70.659s] [ 48%] [34m[1mGenerating C type support for eProsima Fast-RTPS[0m
[76.404s] [35m[1mScanning dependencies of target dwb_msgs__rosidl_typesupport_fastrtps_c[0m
[76.674s] [ 49%] [32mBuilding CXX object CMakeFiles/dwb_msgs__rosidl_typesupport_fastrtps_c.dir/rosidl_typesupport_fastrtps_c/dwb_msgs/msg/detail/critic_score__type_support_c.cpp.o[0m
[79.140s] [ 50%] [32mBuilding CXX object CMakeFiles/dwb_msgs__rosidl_typesupport_fastrtps_c.dir/rosidl_typesupport_fastrtps_c/dwb_msgs/msg/detail/local_plan_evaluation__type_support_c.cpp.o[0m
[81.023s] [ 51%] [32mBuilding CXX object CMakeFiles/dwb_msgs__rosidl_typesupport_fastrtps_c.dir/rosidl_typesupport_fastrtps_c/dwb_msgs/msg/detail/trajectory2_d__type_support_c.cpp.o[0m
[82.694s] [ 52%] [32mBuilding CXX object CMakeFiles/dwb_msgs__rosidl_typesupport_fastrtps_c.dir/rosidl_typesupport_fastrtps_c/dwb_msgs/msg/detail/trajectory_score__type_support_c.cpp.o[0m
[84.459s] [ 53%] [32mBuilding CXX object CMakeFiles/dwb_msgs__rosidl_typesupport_fastrtps_c.dir/rosidl_typesupport_fastrtps_c/dwb_msgs/srv/detail/debug_local_plan__type_support_c.cpp.o[0m
[86.712s] [ 54%] [32mBuilding CXX object CMakeFiles/dwb_msgs__rosidl_typesupport_fastrtps_c.dir/rosidl_typesupport_fastrtps_c/dwb_msgs/srv/detail/generate_trajectory__type_support_c.cpp.o[0m
[88.768s] [ 55%] [32mBuilding CXX object CMakeFiles/dwb_msgs__rosidl_typesupport_fastrtps_c.dir/rosidl_typesupport_fastrtps_c/dwb_msgs/srv/detail/generate_twists__type_support_c.cpp.o[0m
[90.640s] [ 56%] [32mBuilding CXX object CMakeFiles/dwb_msgs__rosidl_typesupport_fastrtps_c.dir/rosidl_typesupport_fastrtps_c/dwb_msgs/srv/detail/get_critic_score__type_support_c.cpp.o[0m
[92.694s] [ 57%] [32mBuilding CXX object CMakeFiles/dwb_msgs__rosidl_typesupport_fastrtps_c.dir/rosidl_typesupport_fastrtps_c/dwb_msgs/srv/detail/score_trajectory__type_support_c.cpp.o[0m
[95.124s] [ 58%] [32m[1mLinking CXX shared library libdwb_msgs__rosidl_typesupport_fastrtps_c.so[0m
[95.783s] [ 58%] Built target dwb_msgs__rosidl_typesupport_fastrtps_c
[95.901s] [ 60%] [34m[1mGenerating C++ introspection for ROS interfaces[0m
[99.886s] [35m[1mScanning dependencies of target dwb_msgs__rosidl_typesupport_introspection_cpp[0m
[100.024s] [ 61%] [32mBuilding CXX object CMakeFiles/dwb_msgs__rosidl_typesupport_introspection_cpp.dir/rosidl_typesupport_introspection_cpp/dwb_msgs/msg/detail/critic_score__type_support.cpp.o[0m
[101.222s] [ 62%] [32mBuilding CXX object CMakeFiles/dwb_msgs__rosidl_typesupport_introspection_cpp.dir/rosidl_typesupport_introspection_cpp/dwb_msgs/msg/detail/trajectory2_d__type_support.cpp.o[0m
[103.566s] [ 63%] [32mBuilding CXX object CMakeFiles/dwb_msgs__rosidl_typesupport_introspection_cpp.dir/rosidl_typesupport_introspection_cpp/dwb_msgs/msg/detail/trajectory_score__type_support.cpp.o[0m
[105.397s] [ 64%] [32mBuilding CXX object CMakeFiles/dwb_msgs__rosidl_typesupport_introspection_cpp.dir/rosidl_typesupport_introspection_cpp/dwb_msgs/srv/detail/debug_local_plan__type_support.cpp.o[0m
[107.198s] [ 65%] [32mBuilding CXX object CMakeFiles/dwb_msgs__rosidl_typesupport_introspection_cpp.dir/rosidl_typesupport_introspection_cpp/dwb_msgs/srv/detail/generate_trajectory__type_support.cpp.o[0m
[109.000s] [ 66%] [32mBuilding CXX object CMakeFiles/dwb_msgs__rosidl_typesupport_introspection_cpp.dir/rosidl_typesupport_introspection_cpp/dwb_msgs/srv/detail/generate_twists__type_support.cpp.o[0m
[110.767s] [ 67%] [32mBuilding CXX object CMakeFiles/dwb_msgs__rosidl_typesupport_introspection_cpp.dir/rosidl_typesupport_introspection_cpp/dwb_msgs/srv/detail/get_critic_score__type_support.cpp.o[0m
[112.659s] [ 68%] [32mBuilding CXX object CMakeFiles/dwb_msgs__rosidl_typesupport_introspection_cpp.dir/rosidl_typesupport_introspection_cpp/dwb_msgs/srv/detail/score_trajectory__type_support.cpp.o[0m
[116.096s] [ 69%] [32mBuilding CXX object CMakeFiles/dwb_msgs__rosidl_typesupport_introspection_cpp.dir/rosidl_typesupport_introspection_cpp/dwb_msgs/msg/detail/local_plan_evaluation__type_support.cpp.o[0m
[118.128s] [ 70%] [32m[1mLinking CXX shared library libdwb_msgs__rosidl_typesupport_introspection_cpp.so[0m
[118.651s] [ 70%] Built target dwb_msgs__rosidl_typesupport_introspection_cpp
[118.775s] [ 71%] [34m[1mGenerating C++ type support dispatch for ROS interfaces[0m
[123.155s] [35m[1mScanning dependencies of target dwb_msgs__rosidl_typesupport_cpp[0m
[123.329s] [ 72%] [32mBuilding CXX object CMakeFiles/dwb_msgs__rosidl_typesupport_cpp.dir/rosidl_typesupport_cpp/dwb_msgs/msg/critic_score__type_support.cpp.o[0m
[125.327s] [ 73%] [32mBuilding CXX object CMakeFiles/dwb_msgs__rosidl_typesupport_cpp.dir/rosidl_typesupport_cpp/dwb_msgs/msg/trajectory_score__type_support.cpp.o[0m
[127.196s] [ 74%] [32mBuilding CXX object CMakeFiles/dwb_msgs__rosidl_typesupport_cpp.dir/rosidl_typesupport_cpp/dwb_msgs/srv/debug_local_plan__type_support.cpp.o[0m
[128.939s] [ 75%] [32mBuilding CXX object CMakeFiles/dwb_msgs__rosidl_typesupport_cpp.dir/rosidl_typesupport_cpp/dwb_msgs/srv/generate_trajectory__type_support.cpp.o[0m
[130.654s] [ 76%] [32mBuilding CXX object CMakeFiles/dwb_msgs__rosidl_typesupport_cpp.dir/rosidl_typesupport_cpp/dwb_msgs/srv/generate_twists__type_support.cpp.o[0m
[132.155s] [ 77%] [32mBuilding CXX object CMakeFiles/dwb_msgs__rosidl_typesupport_cpp.dir/rosidl_typesupport_cpp/dwb_msgs/srv/get_critic_score__type_support.cpp.o[0m
[134.078s] [ 78%] [32mBuilding CXX object CMakeFiles/dwb_msgs__rosidl_typesupport_cpp.dir/rosidl_typesupport_cpp/dwb_msgs/srv/score_trajectory__type_support.cpp.o[0m
[135.713s] [ 80%] [32mBuilding CXX object CMakeFiles/dwb_msgs__rosidl_typesupport_cpp.dir/rosidl_typesupport_cpp/dwb_msgs/msg/trajectory2_d__type_support.cpp.o[0m
[137.440s] [ 81%] [32mBuilding CXX object CMakeFiles/dwb_msgs__rosidl_typesupport_cpp.dir/rosidl_typesupport_cpp/dwb_msgs/msg/local_plan_evaluation__type_support.cpp.o[0m
[139.047s] [ 82%] [32m[1mLinking CXX shared library libdwb_msgs__rosidl_typesupport_cpp.so[0m
[139.209s] [ 82%] Built target dwb_msgs__rosidl_typesupport_cpp
[139.295s] [35m[1mScanning dependencies of target dwb_msgs[0m
[139.345s] [ 82%] Built target dwb_msgs
[139.465s] [35m[1mScanning dependencies of target dwb_msgs__py[0m
[139.548s] [ 83%] [34m[1mGenerating Python code for ROS interfaces[0m
[152.909s] [ 83%] Built target dwb_msgs__py
[153.089s] [35m[1mScanning dependencies of target dwb_msgs__python[0m
[153.498s] [ 84%] [32mBuilding C object CMakeFiles/dwb_msgs__python.dir/rosidl_generator_py/dwb_msgs/msg/_critic_score_s.c.o[0m
[154.371s] [ 85%] [32mBuilding C object CMakeFiles/dwb_msgs__python.dir/rosidl_generator_py/dwb_msgs/msg/_trajectory_score_s.c.o[0m
[154.898s] [ 86%] [32mBuilding C object CMakeFiles/dwb_msgs__python.dir/rosidl_generator_py/dwb_msgs/srv/_debug_local_plan_s.c.o[0m
[155.429s] [ 87%] [32mBuilding C object CMakeFiles/dwb_msgs__python.dir/rosidl_generator_py/dwb_msgs/srv/_generate_trajectory_s.c.o[0m
[156.156s] [ 88%] [32mBuilding C object CMakeFiles/dwb_msgs__python.dir/rosidl_generator_py/dwb_msgs/srv/_generate_twists_s.c.o[0m
[156.890s] [ 89%] [32mBuilding C object CMakeFiles/dwb_msgs__python.dir/rosidl_generator_py/dwb_msgs/srv/_get_critic_score_s.c.o[0m
[157.934s] [ 90%] [32mBuilding C object CMakeFiles/dwb_msgs__python.dir/rosidl_generator_py/dwb_msgs/srv/_score_trajectory_s.c.o[0m
[158.460s] [ 91%] [32mBuilding C object CMakeFiles/dwb_msgs__python.dir/rosidl_generator_py/dwb_msgs/msg/_trajectory2_d_s.c.o[0m
[159.197s] [ 92%] [32mBuilding C object CMakeFiles/dwb_msgs__python.dir/rosidl_generator_py/dwb_msgs/msg/_local_plan_evaluation_s.c.o[0m
[159.764s] [ 93%] [32m[1mLinking C shared library rosidl_generator_py/dwb_msgs/libdwb_msgs__python.so[0m
[160.296s] [ 93%] Built target dwb_msgs__python
[160.416s] [35m[1mScanning dependencies of target dwb_msgs__rosidl_typesupport_c__pyext[0m
[160.583s] [ 94%] [32mBuilding C object CMakeFiles/dwb_msgs__rosidl_typesupport_c__pyext.dir/rosidl_generator_py/dwb_msgs/_dwb_msgs_s.ep.rosidl_typesupport_c.c.o[0m
[161.247s] [ 95%] [32m[1mLinking C shared library rosidl_generator_py/dwb_msgs/dwb_msgs_s__rosidl_typesupport_c.cpython-38-aarch64-linux-gnu.so[0m
[161.475s] [ 95%] Built target dwb_msgs__rosidl_typesupport_c__pyext
[161.559s] [35m[1mScanning dependencies of target dwb_msgs__rosidl_typesupport_fastrtps_c__pyext[0m
[161.734s] [ 96%] [32mBuilding C object CMakeFiles/dwb_msgs__rosidl_typesupport_fastrtps_c__pyext.dir/rosidl_generator_py/dwb_msgs/_dwb_msgs_s.ep.rosidl_typesupport_fastrtps_c.c.o[0m
[162.518s] [ 97%] [32m[1mLinking CXX shared library rosidl_generator_py/dwb_msgs/dwb_msgs_s__rosidl_typesupport_fastrtps_c.cpython-38-aarch64-linux-gnu.so[0m
[163.070s] [ 97%] Built target dwb_msgs__rosidl_typesupport_fastrtps_c__pyext
[163.200s] [35m[1mScanning dependencies of target dwb_msgs__rosidl_typesupport_introspection_c__pyext[0m
[163.387s] [ 98%] [32mBuilding C object CMakeFiles/dwb_msgs__rosidl_typesupport_introspection_c__pyext.dir/rosidl_generator_py/dwb_msgs/_dwb_msgs_s.ep.rosidl_typesupport_introspection_c.c.o[0m
[164.236s] [100%] [32m[1mLinking C shared library rosidl_generator_py/dwb_msgs/dwb_msgs_s__rosidl_typesupport_introspection_c.cpython-38-aarch64-linux-gnu.so[0m
[164.694s] [100%] Built target dwb_msgs__rosidl_typesupport_introspection_c__pyext
[164.870s] Invoked command in '/home/wheeltec/wheeltec_ros2/build/dwb_msgs' returned '0': AMENT_PREFIX_PATH=/home/wheeltec/wheeltec_ros2/install/nav_2d_msgs:${AMENT_PREFIX_PATH} CMAKE_PREFIX_PATH=/home/wheeltec/wheeltec_ros2/install/nav_2d_msgs:/opt/ros/galactic LD_LIBRARY_PATH=/home/wheeltec/wheeltec_ros2/install/nav_2d_msgs/lib:/usr/local/cuda-10.2/lib64:/opt/ros/galactic/opt/yaml_cpp_vendor/lib:/opt/ros/galactic/opt/rviz_ogre_vendor/lib:/opt/ros/galactic/lib/aarch64-linux-gnu:/opt/ros/galactic/lib:/usr/local/cuda-10.2/lib64 PYTHONPATH=/home/wheeltec/wheeltec_ros2/install/nav_2d_msgs/lib/python3.8/site-packages:${PYTHONPATH} /usr/bin/cmake --build /home/wheeltec/wheeltec_ros2/build/dwb_msgs -- -j4 -l4
[166.332s] Invoking command in '/home/wheeltec/wheeltec_ros2/build/dwb_msgs': AMENT_PREFIX_PATH=/home/wheeltec/wheeltec_ros2/install/nav_2d_msgs:${AMENT_PREFIX_PATH} CMAKE_PREFIX_PATH=/home/wheeltec/wheeltec_ros2/install/nav_2d_msgs:/opt/ros/galactic LD_LIBRARY_PATH=/home/wheeltec/wheeltec_ros2/install/nav_2d_msgs/lib:/usr/local/cuda-10.2/lib64:/opt/ros/galactic/opt/yaml_cpp_vendor/lib:/opt/ros/galactic/opt/rviz_ogre_vendor/lib:/opt/ros/galactic/lib/aarch64-linux-gnu:/opt/ros/galactic/lib:/usr/local/cuda-10.2/lib64 PYTHONPATH=/home/wheeltec/wheeltec_ros2/install/nav_2d_msgs/lib/python3.8/site-packages:${PYTHONPATH} /usr/bin/cmake --install /home/wheeltec/wheeltec_ros2/build/dwb_msgs
[166.388s] -- Install configuration: ""
[166.388s] -- Installing: /home/wheeltec/wheeltec_ros2/install/dwb_msgs/share/ament_index/resource_index/rosidl_interfaces/dwb_msgs
[166.390s] -- Installing: /home/wheeltec/wheeltec_ros2/install/dwb_msgs/include/dwb_msgs
[166.390s] -- Installing: /home/wheeltec/wheeltec_ros2/install/dwb_msgs/include/dwb_msgs/msg
[166.391s] -- Installing: /home/wheeltec/wheeltec_ros2/install/dwb_msgs/include/dwb_msgs/msg/trajectory_score.h
[166.392s] -- Installing: /home/wheeltec/wheeltec_ros2/install/dwb_msgs/include/dwb_msgs/msg/local_plan_evaluation.h
[166.393s] -- Installing: /home/wheeltec/wheeltec_ros2/install/dwb_msgs/include/dwb_msgs/msg/detail
[166.395s] -- Installing: /home/wheeltec/wheeltec_ros2/install/dwb_msgs/include/dwb_msgs/msg/detail/local_plan_evaluation__functions.h
[166.396s] -- Installing: /home/wheeltec/wheeltec_ros2/install/dwb_msgs/include/dwb_msgs/msg/detail/trajectory_score__functions.h
[166.396s] -- Installing: /home/wheeltec/wheeltec_ros2/install/dwb_msgs/include/dwb_msgs/msg/detail/critic_score__functions.c
[166.398s] -- Installing: /home/wheeltec/wheeltec_ros2/install/dwb_msgs/include/dwb_msgs/msg/detail/trajectory2_d__struct.h
[166.399s] -- Installing: /home/wheeltec/wheeltec_ros2/install/dwb_msgs/include/dwb_msgs/msg/detail/trajectory2_d__functions.h
[166.400s] -- Installing: /home/wheeltec/wheeltec_ros2/install/dwb_msgs/include/dwb_msgs/msg/detail/local_plan_evaluation__type_support.h
[166.400s] -- Installing: /home/wheeltec/wheeltec_ros2/install/dwb_msgs/include/dwb_msgs/msg/detail/trajectory_score__functions.c
[166.401s] -- Installing: /home/wheeltec/wheeltec_ros2/install/dwb_msgs/include/dwb_msgs/msg/detail/local_plan_evaluation__functions.c
[166.402s] -- Installing: /home/wheeltec/wheeltec_ros2/install/dwb_msgs/include/dwb_msgs/msg/detail/trajectory2_d__type_support.h
[166.402s] -- Installing: /home/wheeltec/wheeltec_ros2/install/dwb_msgs/include/dwb_msgs/msg/detail/trajectory2_d__functions.c
[166.404s] -- Installing: /home/wheeltec/wheeltec_ros2/install/dwb_msgs/include/dwb_msgs/msg/detail/critic_score__struct.h
[166.406s] -- Installing: /home/wheeltec/wheeltec_ros2/install/dwb_msgs/include/dwb_msgs/msg/detail/critic_score__functions.h
[166.407s] -- Installing: /home/wheeltec/wheeltec_ros2/install/dwb_msgs/include/dwb_msgs/msg/detail/critic_score__type_support.h
[166.412s] -- Installing: /home/wheeltec/wheeltec_ros2/install/dwb_msgs/include/dwb_msgs/msg/detail/local_plan_evaluation__struct.h
[166.413s] -- Installing: /home/wheeltec/wheeltec_ros2/install/dwb_msgs/include/dwb_msgs/msg/detail/trajectory_score__struct.h
[166.414s] -- Installing: /home/wheeltec/wheeltec_ros2/install/dwb_msgs/include/dwb_msgs/msg/detail/trajectory_score__type_support.h
[166.414s] -- Installing: /home/wheeltec/wheeltec_ros2/install/dwb_msgs/include/dwb_msgs/msg/trajectory2_d.h
[166.416s] -- Installing: /home/wheeltec/wheeltec_ros2/install/dwb_msgs/include/dwb_msgs/msg/critic_score.h
[166.422s] -- Installing: /home/wheeltec/wheeltec_ros2/install/dwb_msgs/include/dwb_msgs/msg/rosidl_generator_c__visibility_control.h
[166.422s] -- Installing: /home/wheeltec/wheeltec_ros2/install/dwb_msgs/include/dwb_msgs/srv
[166.423s] -- Installing: /home/wheeltec/wheeltec_ros2/install/dwb_msgs/include/dwb_msgs/srv/get_critic_score.h
[166.424s] -- Installing: /home/wheeltec/wheeltec_ros2/install/dwb_msgs/include/dwb_msgs/srv/generate_trajectory.h
[166.424s] -- Installing: /home/wheeltec/wheeltec_ros2/install/dwb_msgs/include/dwb_msgs/srv/score_trajectory.h
[166.425s] -- Installing: /home/wheeltec/wheeltec_ros2/install/dwb_msgs/include/dwb_msgs/srv/generate_twists.h
[166.425s] -- Installing: /home/wheeltec/wheeltec_ros2/install/dwb_msgs/include/dwb_msgs/srv/detail
[166.426s] -- Installing: /home/wheeltec/wheeltec_ros2/install/dwb_msgs/include/dwb_msgs/srv/detail/debug_local_plan__type_support.h
[166.427s] -- Installing: /home/wheeltec/wheeltec_ros2/install/dwb_msgs/include/dwb_msgs/srv/detail/score_trajectory__type_support.h
[166.432s] -- Installing: /home/wheeltec/wheeltec_ros2/install/dwb_msgs/include/dwb_msgs/srv/detail/generate_twists__functions.h
[166.432s] -- Installing: /home/wheeltec/wheeltec_ros2/install/dwb_msgs/include/dwb_msgs/srv/detail/get_critic_score__struct.h
[166.433s] -- Installing: /home/wheeltec/wheeltec_ros2/install/dwb_msgs/include/dwb_msgs/srv/detail/score_trajectory__functions.c
[166.433s] -- Installing: /home/wheeltec/wheeltec_ros2/install/dwb_msgs/include/dwb_msgs/srv/detail/generate_trajectory__type_support.h
[166.434s] -- Installing: /home/wheeltec/wheeltec_ros2/install/dwb_msgs/include/dwb_msgs/srv/detail/generate_trajectory__struct.h
[166.435s] -- Installing: /home/wheeltec/wheeltec_ros2/install/dwb_msgs/include/dwb_msgs/srv/detail/score_trajectory__struct.h
[166.435s] -- Installing: /home/wheeltec/wheeltec_ros2/install/dwb_msgs/include/dwb_msgs/srv/detail/generate_twists__functions.c
[166.436s] -- Installing: /home/wheeltec/wheeltec_ros2/install/dwb_msgs/include/dwb_msgs/srv/detail/generate_twists__struct.h
[166.436s] -- Installing: /home/wheeltec/wheeltec_ros2/install/dwb_msgs/include/dwb_msgs/srv/detail/debug_local_plan__functions.c
[166.440s] -- Installing: /home/wheeltec/wheeltec_ros2/install/dwb_msgs/include/dwb_msgs/srv/detail/debug_local_plan__functions.h
[166.440s] -- Installing: /home/wheeltec/wheeltec_ros2/install/dwb_msgs/include/dwb_msgs/srv/detail/get_critic_score__functions.h
[166.441s] -- Installing: /home/wheeltec/wheeltec_ros2/install/dwb_msgs/include/dwb_msgs/srv/detail/score_trajectory__functions.h
[166.441s] -- Installing: /home/wheeltec/wheeltec_ros2/install/dwb_msgs/include/dwb_msgs/srv/detail/get_critic_score__functions.c
[166.442s] -- Installing: /home/wheeltec/wheeltec_ros2/install/dwb_msgs/include/dwb_msgs/srv/detail/generate_twists__type_support.h
[166.443s] -- Installing: /home/wheeltec/wheeltec_ros2/install/dwb_msgs/include/dwb_msgs/srv/detail/generate_trajectory__functions.h
[166.444s] -- Installing: /home/wheeltec/wheeltec_ros2/install/dwb_msgs/include/dwb_msgs/srv/detail/generate_trajectory__functions.c
[166.445s] -- Installing: /home/wheeltec/wheeltec_ros2/install/dwb_msgs/include/dwb_msgs/srv/detail/debug_local_plan__struct.h
[166.445s] -- Installing: /home/wheeltec/wheeltec_ros2/install/dwb_msgs/include/dwb_msgs/srv/detail/get_critic_score__type_support.h
[166.446s] -- Installing: /home/wheeltec/wheeltec_ros2/install/dwb_msgs/include/dwb_msgs/srv/debug_local_plan.h
[166.446s] -- Installing: /home/wheeltec/wheeltec_ros2/install/dwb_msgs/share/dwb_msgs/environment/library_path.sh
[166.455s] -- Installing: /home/wheeltec/wheeltec_ros2/install/dwb_msgs/share/dwb_msgs/environment/library_path.dsv
[166.456s] -- Installing: /home/wheeltec/wheeltec_ros2/install/dwb_msgs/lib/libdwb_msgs__rosidl_generator_c.so
[166.456s] -- Set runtime path of "/home/wheeltec/wheeltec_ros2/install/dwb_msgs/lib/libdwb_msgs__rosidl_generator_c.so" to ""
[166.459s] -- Up-to-date: /home/wheeltec/wheeltec_ros2/install/dwb_msgs/include/dwb_msgs
[166.460s] -- Up-to-date: /home/wheeltec/wheeltec_ros2/install/dwb_msgs/include/dwb_msgs/msg
[166.460s] -- Installing: /home/wheeltec/wheeltec_ros2/install/dwb_msgs/include/dwb_msgs/msg/rosidl_typesupport_fastrtps_c__visibility_control.h
[166.461s] -- Up-to-date: /home/wheeltec/wheeltec_ros2/install/dwb_msgs/include/dwb_msgs/msg/detail
[166.462s] -- Installing: /home/wheeltec/wheeltec_ros2/install/dwb_msgs/include/dwb_msgs/msg/detail/trajectory2_d__rosidl_typesupport_fastrtps_c.h
[166.463s] -- Installing: /home/wheeltec/wheeltec_ros2/install/dwb_msgs/include/dwb_msgs/msg/detail/critic_score__rosidl_typesupport_fastrtps_c.h
[166.463s] -- Installing: /home/wheeltec/wheeltec_ros2/install/dwb_msgs/include/dwb_msgs/msg/detail/local_plan_evaluation__rosidl_typesupport_fastrtps_c.h
[166.464s] -- Installing: /home/wheeltec/wheeltec_ros2/install/dwb_msgs/include/dwb_msgs/msg/detail/trajectory_score__rosidl_typesupport_fastrtps_c.h
[166.464s] -- Up-to-date: /home/wheeltec/wheeltec_ros2/install/dwb_msgs/include/dwb_msgs/srv
[166.465s] -- Up-to-date: /home/wheeltec/wheeltec_ros2/install/dwb_msgs/include/dwb_msgs/srv/detail
[166.465s] -- Installing: /home/wheeltec/wheeltec_ros2/install/dwb_msgs/include/dwb_msgs/srv/detail/debug_local_plan__rosidl_typesupport_fastrtps_c.h
[166.466s] -- Installing: /home/wheeltec/wheeltec_ros2/install/dwb_msgs/include/dwb_msgs/srv/detail/generate_trajectory__rosidl_typesupport_fastrtps_c.h
[166.466s] -- Installing: /home/wheeltec/wheeltec_ros2/install/dwb_msgs/include/dwb_msgs/srv/detail/get_critic_score__rosidl_typesupport_fastrtps_c.h
[166.467s] -- Installing: /home/wheeltec/wheeltec_ros2/install/dwb_msgs/include/dwb_msgs/srv/detail/score_trajectory__rosidl_typesupport_fastrtps_c.h
[166.467s] -- Installing: /home/wheeltec/wheeltec_ros2/install/dwb_msgs/include/dwb_msgs/srv/detail/generate_twists__rosidl_typesupport_fastrtps_c.h
[166.478s] -- Installing: /home/wheeltec/wheeltec_ros2/install/dwb_msgs/lib/libdwb_msgs__rosidl_typesupport_fastrtps_c.so
[166.478s] -- Set runtime path of "/home/wheeltec/wheeltec_ros2/install/dwb_msgs/lib/libdwb_msgs__rosidl_typesupport_fastrtps_c.so" to ""
[166.479s] -- Up-to-date: /home/wheeltec/wheeltec_ros2/install/dwb_msgs/include/dwb_msgs
[166.480s] -- Up-to-date: /home/wheeltec/wheeltec_ros2/install/dwb_msgs/include/dwb_msgs/msg
[166.481s] -- Up-to-date: /home/wheeltec/wheeltec_ros2/install/dwb_msgs/include/dwb_msgs/msg/detail
[166.481s] -- Installing: /home/wheeltec/wheeltec_ros2/install/dwb_msgs/include/dwb_msgs/msg/detail/dds_fastrtps
[166.482s] -- Installing: /home/wheeltec/wheeltec_ros2/install/dwb_msgs/include/dwb_msgs/msg/detail/trajectory_score__rosidl_typesupport_fastrtps_cpp.hpp
[166.482s] -- Installing: /home/wheeltec/wheeltec_ros2/install/dwb_msgs/include/dwb_msgs/msg/detail/local_plan_evaluation__rosidl_typesupport_fastrtps_cpp.hpp
[166.483s] -- Installing: /home/wheeltec/wheeltec_ros2/install/dwb_msgs/include/dwb_msgs/msg/detail/critic_score__rosidl_typesupport_fastrtps_cpp.hpp
[166.483s] -- Installing: /home/wheeltec/wheeltec_ros2/install/dwb_msgs/include/dwb_msgs/msg/detail/trajectory2_d__rosidl_typesupport_fastrtps_cpp.hpp
[166.484s] -- Installing: /home/wheeltec/wheeltec_ros2/install/dwb_msgs/include/dwb_msgs/msg/rosidl_typesupport_fastrtps_cpp__visibility_control.h
[166.484s] -- Up-to-date: /home/wheeltec/wheeltec_ros2/install/dwb_msgs/include/dwb_msgs/srv
[166.485s] -- Up-to-date: /home/wheeltec/wheeltec_ros2/install/dwb_msgs/include/dwb_msgs/srv/detail
[166.485s] -- Installing: /home/wheeltec/wheeltec_ros2/install/dwb_msgs/include/dwb_msgs/srv/detail/dds_fastrtps
[166.486s] -- Installing: /home/wheeltec/wheeltec_ros2/install/dwb_msgs/include/dwb_msgs/srv/detail/debug_local_plan__rosidl_typesupport_fastrtps_cpp.hpp
[166.487s] -- Installing: /home/wheeltec/wheeltec_ros2/install/dwb_msgs/include/dwb_msgs/srv/detail/score_trajectory__rosidl_typesupport_fastrtps_cpp.hpp
[166.488s] -- Installing: /home/wheeltec/wheeltec_ros2/install/dwb_msgs/include/dwb_msgs/srv/detail/get_critic_score__rosidl_typesupport_fastrtps_cpp.hpp
[166.488s] -- Installing: /home/wheeltec/wheeltec_ros2/install/dwb_msgs/include/dwb_msgs/srv/detail/generate_trajectory__rosidl_typesupport_fastrtps_cpp.hpp
[166.492s] -- Installing: /home/wheeltec/wheeltec_ros2/install/dwb_msgs/include/dwb_msgs/srv/detail/generate_twists__rosidl_typesupport_fastrtps_cpp.hpp
[166.493s] -- Installing: /home/wheeltec/wheeltec_ros2/install/dwb_msgs/lib/libdwb_msgs__rosidl_typesupport_fastrtps_cpp.so
[166.498s] -- Set runtime path of "/home/wheeltec/wheeltec_ros2/install/dwb_msgs/lib/libdwb_msgs__rosidl_typesupport_fastrtps_cpp.so" to ""
[166.498s] -- Up-to-date: /home/wheeltec/wheeltec_ros2/install/dwb_msgs/include/dwb_msgs
[166.499s] -- Up-to-date: /home/wheeltec/wheeltec_ros2/install/dwb_msgs/include/dwb_msgs/msg
[166.500s] -- Installing: /home/wheeltec/wheeltec_ros2/install/dwb_msgs/include/dwb_msgs/msg/rosidl_typesupport_introspection_c__visibility_control.h
[166.500s] -- Up-to-date: /home/wheeltec/wheeltec_ros2/install/dwb_msgs/include/dwb_msgs/msg/detail
[166.500s] -- Installing: /home/wheeltec/wheeltec_ros2/install/dwb_msgs/include/dwb_msgs/msg/detail/trajectory2_d__rosidl_typesupport_introspection_c.h
[166.511s] -- Installing: /home/wheeltec/wheeltec_ros2/install/dwb_msgs/include/dwb_msgs/msg/detail/trajectory_score__type_support.c
[166.512s] -- Installing: /home/wheeltec/wheeltec_ros2/install/dwb_msgs/include/dwb_msgs/msg/detail/critic_score__rosidl_typesupport_introspection_c.h
[166.512s] -- Installing: /home/wheeltec/wheeltec_ros2/install/dwb_msgs/include/dwb_msgs/msg/detail/local_plan_evaluation__type_support.c
[166.513s] -- Installing: /home/wheeltec/wheeltec_ros2/install/dwb_msgs/include/dwb_msgs/msg/detail/trajectory_score__rosidl_typesupport_introspection_c.h
[166.513s] -- Installing: /home/wheeltec/wheeltec_ros2/install/dwb_msgs/include/dwb_msgs/msg/detail/local_plan_evaluation__rosidl_typesupport_introspection_c.h
[166.514s] -- Installing: /home/wheeltec/wheeltec_ros2/install/dwb_msgs/include/dwb_msgs/msg/detail/trajectory2_d__type_support.c
[166.514s] -- Installing: /home/wheeltec/wheeltec_ros2/install/dwb_msgs/include/dwb_msgs/msg/detail/critic_score__type_support.c
[166.515s] -- Up-to-date: /home/wheeltec/wheeltec_ros2/install/dwb_msgs/include/dwb_msgs/srv
[166.515s] -- Up-to-date: /home/wheeltec/wheeltec_ros2/install/dwb_msgs/include/dwb_msgs/srv/detail
[166.516s] -- Installing: /home/wheeltec/wheeltec_ros2/install/dwb_msgs/include/dwb_msgs/srv/detail/generate_trajectory__type_support.c
[166.519s] -- Installing: /home/wheeltec/wheeltec_ros2/install/dwb_msgs/include/dwb_msgs/srv/detail/score_trajectory__type_support.c
[166.519s] -- Installing: /home/wheeltec/wheeltec_ros2/install/dwb_msgs/include/dwb_msgs/srv/detail/get_critic_score__rosidl_typesupport_introspection_c.h
[166.520s] -- Installing: /home/wheeltec/wheeltec_ros2/install/dwb_msgs/include/dwb_msgs/srv/detail/generate_trajectory__rosidl_typesupport_introspection_c.h
[166.521s] -- Installing: /home/wheeltec/wheeltec_ros2/install/dwb_msgs/include/dwb_msgs/srv/detail/debug_local_plan__type_support.c
[166.523s] -- Installing: /home/wheeltec/wheeltec_ros2/install/dwb_msgs/include/dwb_msgs/srv/detail/generate_twists__rosidl_typesupport_introspection_c.h
[166.523s] -- Installing: /home/wheeltec/wheeltec_ros2/install/dwb_msgs/include/dwb_msgs/srv/detail/generate_twists__type_support.c
[166.524s] -- Installing: /home/wheeltec/wheeltec_ros2/install/dwb_msgs/include/dwb_msgs/srv/detail/debug_local_plan__rosidl_typesupport_introspection_c.h
[166.524s] -- Installing: /home/wheeltec/wheeltec_ros2/install/dwb_msgs/include/dwb_msgs/srv/detail/score_trajectory__rosidl_typesupport_introspection_c.h
[166.525s] -- Installing: /home/wheeltec/wheeltec_ros2/install/dwb_msgs/include/dwb_msgs/srv/detail/get_critic_score__type_support.c
[166.526s] -- Installing: /home/wheeltec/wheeltec_ros2/install/dwb_msgs/lib/libdwb_msgs__rosidl_typesupport_introspection_c.so
[166.526s] -- Set runtime path of "/home/wheeltec/wheeltec_ros2/install/dwb_msgs/lib/libdwb_msgs__rosidl_typesupport_introspection_c.so" to ""
[166.527s] -- Installing: /home/wheeltec/wheeltec_ros2/install/dwb_msgs/lib/libdwb_msgs__rosidl_typesupport_c.so
[166.530s] -- Set runtime path of "/home/wheeltec/wheeltec_ros2/install/dwb_msgs/lib/libdwb_msgs__rosidl_typesupport_c.so" to ""
[166.532s] -- Up-to-date: /home/wheeltec/wheeltec_ros2/install/dwb_msgs/include/dwb_msgs
[166.533s] -- Up-to-date: /home/wheeltec/wheeltec_ros2/install/dwb_msgs/include/dwb_msgs/msg
[166.534s] -- Installing: /home/wheeltec/wheeltec_ros2/install/dwb_msgs/include/dwb_msgs/msg/trajectory2_d.hpp
[166.542s] -- Installing: /home/wheeltec/wheeltec_ros2/install/dwb_msgs/include/dwb_msgs/msg/critic_score.hpp
[166.543s] -- Up-to-date: /home/wheeltec/wheeltec_ros2/install/dwb_msgs/include/dwb_msgs/msg/detail
[166.543s] -- Installing: /home/wheeltec/wheeltec_ros2/install/dwb_msgs/include/dwb_msgs/msg/detail/critic_score__traits.hpp
[166.544s] -- Installing: /home/wheeltec/wheeltec_ros2/install/dwb_msgs/include/dwb_msgs/msg/detail/critic_score__builder.hpp
[166.544s] -- Installing: /home/wheeltec/wheeltec_ros2/install/dwb_msgs/include/dwb_msgs/msg/detail/trajectory2_d__struct.hpp
[166.545s] -- Installing: /home/wheeltec/wheeltec_ros2/install/dwb_msgs/include/dwb_msgs/msg/detail/trajectory_score__builder.hpp
[166.546s] -- Installing: /home/wheeltec/wheeltec_ros2/install/dwb_msgs/include/dwb_msgs/msg/detail/trajectory2_d__builder.hpp
[166.546s] -- Installing: /home/wheeltec/wheeltec_ros2/install/dwb_msgs/include/dwb_msgs/msg/detail/local_plan_evaluation__struct.hpp
[166.547s] -- Installing: /home/wheeltec/wheeltec_ros2/install/dwb_msgs/include/dwb_msgs/msg/detail/local_plan_evaluation__builder.hpp
[166.553s] -- Installing: /home/wheeltec/wheeltec_ros2/install/dwb_msgs/include/dwb_msgs/msg/detail/trajectory_score__traits.hpp
[166.553s] -- Installing: /home/wheeltec/wheeltec_ros2/install/dwb_msgs/include/dwb_msgs/msg/detail/local_plan_evaluation__traits.hpp
[166.554s] -- Installing: /home/wheeltec/wheeltec_ros2/install/dwb_msgs/include/dwb_msgs/msg/detail/trajectory_score__struct.hpp
[166.555s] -- Installing: /home/wheeltec/wheeltec_ros2/install/dwb_msgs/include/dwb_msgs/msg/detail/trajectory2_d__traits.hpp
[166.557s] -- Installing: /home/wheeltec/wheeltec_ros2/install/dwb_msgs/include/dwb_msgs/msg/detail/critic_score__struct.hpp
[166.557s] -- Installing: /home/wheeltec/wheeltec_ros2/install/dwb_msgs/include/dwb_msgs/msg/local_plan_evaluation.hpp
[166.558s] -- Installing: /home/wheeltec/wheeltec_ros2/install/dwb_msgs/include/dwb_msgs/msg/trajectory_score.hpp
[166.558s] -- Up-to-date: /home/wheeltec/wheeltec_ros2/install/dwb_msgs/include/dwb_msgs/srv
[166.558s] -- Installing: /home/wheeltec/wheeltec_ros2/install/dwb_msgs/include/dwb_msgs/srv/score_trajectory.hpp
[166.559s] -- Installing: /home/wheeltec/wheeltec_ros2/install/dwb_msgs/include/dwb_msgs/srv/debug_local_plan.hpp
[166.565s] -- Up-to-date: /home/wheeltec/wheeltec_ros2/install/dwb_msgs/include/dwb_msgs/srv/detail
[166.565s] -- Installing: /home/wheeltec/wheeltec_ros2/install/dwb_msgs/include/dwb_msgs/srv/detail/generate_twists__traits.hpp
[166.566s] -- Installing: /home/wheeltec/wheeltec_ros2/install/dwb_msgs/include/dwb_msgs/srv/detail/generate_trajectory__struct.hpp
[166.567s] -- Installing: /home/wheeltec/wheeltec_ros2/install/dwb_msgs/include/dwb_msgs/srv/detail/generate_trajectory__traits.hpp
[166.568s] -- Installing: /home/wheeltec/wheeltec_ros2/install/dwb_msgs/include/dwb_msgs/srv/detail/score_trajectory__struct.hpp
[166.568s] -- Installing: /home/wheeltec/wheeltec_ros2/install/dwb_msgs/include/dwb_msgs/srv/detail/score_trajectory__traits.hpp
[166.569s] -- Installing: /home/wheeltec/wheeltec_ros2/install/dwb_msgs/include/dwb_msgs/srv/detail/get_critic_score__traits.hpp
[166.569s] -- Installing: /home/wheeltec/wheeltec_ros2/install/dwb_msgs/include/dwb_msgs/srv/detail/debug_local_plan__builder.hpp
[166.569s] -- Installing: /home/wheeltec/wheeltec_ros2/install/dwb_msgs/include/dwb_msgs/srv/detail/generate_trajectory__builder.hpp
[166.570s] -- Installing: /home/wheeltec/wheeltec_ros2/install/dwb_msgs/include/dwb_msgs/srv/detail/score_trajectory__builder.hpp
[166.570s] -- Installing: /home/wheeltec/wheeltec_ros2/install/dwb_msgs/include/dwb_msgs/srv/detail/debug_local_plan__struct.hpp
[166.577s] -- Installing: /home/wheeltec/wheeltec_ros2/install/dwb_msgs/include/dwb_msgs/srv/detail/generate_twists__struct.hpp
[166.577s] -- Installing: /home/wheeltec/wheeltec_ros2/install/dwb_msgs/include/dwb_msgs/srv/detail/generate_twists__builder.hpp
[166.584s] -- Installing: /home/wheeltec/wheeltec_ros2/install/dwb_msgs/include/dwb_msgs/srv/detail/debug_local_plan__traits.hpp
[166.585s] -- Installing: /home/wheeltec/wheeltec_ros2/install/dwb_msgs/include/dwb_msgs/srv/detail/get_critic_score__struct.hpp
[166.585s] -- Installing: /home/wheeltec/wheeltec_ros2/install/dwb_msgs/include/dwb_msgs/srv/detail/get_critic_score__builder.hpp
[166.586s] -- Installing: /home/wheeltec/wheeltec_ros2/install/dwb_msgs/include/dwb_msgs/srv/generate_trajectory.hpp
[166.586s] -- Installing: /home/wheeltec/wheeltec_ros2/install/dwb_msgs/include/dwb_msgs/srv/generate_twists.hpp
[166.587s] -- Installing: /home/wheeltec/wheeltec_ros2/install/dwb_msgs/include/dwb_msgs/srv/get_critic_score.hpp
[166.588s] -- Up-to-date: /home/wheeltec/wheeltec_ros2/install/dwb_msgs/include/dwb_msgs
[166.588s] -- Up-to-date: /home/wheeltec/wheeltec_ros2/install/dwb_msgs/include/dwb_msgs/msg
[166.589s] -- Up-to-date: /home/wheeltec/wheeltec_ros2/install/dwb_msgs/include/dwb_msgs/msg/detail
[166.589s] -- Installing: /home/wheeltec/wheeltec_ros2/install/dwb_msgs/include/dwb_msgs/msg/detail/critic_score__rosidl_typesupport_introspection_cpp.hpp
[166.590s] -- Installing: /home/wheeltec/wheeltec_ros2/install/dwb_msgs/include/dwb_msgs/msg/detail/local_plan_evaluation__type_support.cpp
[166.590s] -- Installing: /home/wheeltec/wheeltec_ros2/install/dwb_msgs/include/dwb_msgs/msg/detail/critic_score__type_support.cpp
[166.591s] -- Installing: /home/wheeltec/wheeltec_ros2/install/dwb_msgs/include/dwb_msgs/msg/detail/trajectory_score__rosidl_typesupport_introspection_cpp.hpp
[166.595s] -- Installing: /home/wheeltec/wheeltec_ros2/install/dwb_msgs/include/dwb_msgs/msg/detail/trajectory2_d__rosidl_typesupport_introspection_cpp.hpp
[166.597s] -- Installing: /home/wheeltec/wheeltec_ros2/install/dwb_msgs/include/dwb_msgs/msg/detail/local_plan_evaluation__rosidl_typesupport_introspection_cpp.hpp
[166.597s] -- Installing: /home/wheeltec/wheeltec_ros2/install/dwb_msgs/include/dwb_msgs/msg/detail/trajectory2_d__type_support.cpp
[166.598s] -- Installing: /home/wheeltec/wheeltec_ros2/install/dwb_msgs/include/dwb_msgs/msg/detail/trajectory_score__type_support.cpp
[166.598s] -- Up-to-date: /home/wheeltec/wheeltec_ros2/install/dwb_msgs/include/dwb_msgs/srv
[166.599s] -- Up-to-date: /home/wheeltec/wheeltec_ros2/install/dwb_msgs/include/dwb_msgs/srv/detail
[166.600s] -- Installing: /home/wheeltec/wheeltec_ros2/install/dwb_msgs/include/dwb_msgs/srv/detail/generate_twists__rosidl_typesupport_introspection_cpp.hpp
[166.600s] -- Installing: /home/wheeltec/wheeltec_ros2/install/dwb_msgs/include/dwb_msgs/srv/detail/get_critic_score__type_support.cpp
[166.601s] -- Installing: /home/wheeltec/wheeltec_ros2/install/dwb_msgs/include/dwb_msgs/srv/detail/generate_trajectory__type_support.cpp
[166.601s] -- Installing: /home/wheeltec/wheeltec_ros2/install/dwb_msgs/include/dwb_msgs/srv/detail/get_critic_score__rosidl_typesupport_introspection_cpp.hpp
[166.601s] -- Installing: /home/wheeltec/wheeltec_ros2/install/dwb_msgs/include/dwb_msgs/srv/detail/debug_local_plan__type_support.cpp
[166.602s] -- Installing: /home/wheeltec/wheeltec_ros2/install/dwb_msgs/include/dwb_msgs/srv/detail/debug_local_plan__rosidl_typesupport_introspection_cpp.hpp
[166.602s] -- Installing: /home/wheeltec/wheeltec_ros2/install/dwb_msgs/include/dwb_msgs/srv/detail/score_trajectory__rosidl_typesupport_introspection_cpp.hpp
[166.603s] -- Installing: /home/wheeltec/wheeltec_ros2/install/dwb_msgs/include/dwb_msgs/srv/detail/generate_trajectory__rosidl_typesupport_introspection_cpp.hpp
[166.603s] -- Installing: /home/wheeltec/wheeltec_ros2/install/dwb_msgs/include/dwb_msgs/srv/detail/generate_twists__type_support.cpp
[166.604s] -- Installing: /home/wheeltec/wheeltec_ros2/install/dwb_msgs/include/dwb_msgs/srv/detail/score_trajectory__type_support.cpp
[166.604s] -- Installing: /home/wheeltec/wheeltec_ros2/install/dwb_msgs/lib/libdwb_msgs__rosidl_typesupport_introspection_cpp.so
[166.605s] -- Set runtime path of "/home/wheeltec/wheeltec_ros2/install/dwb_msgs/lib/libdwb_msgs__rosidl_typesupport_introspection_cpp.so" to ""
[166.617s] -- Installing: /home/wheeltec/wheeltec_ros2/install/dwb_msgs/lib/libdwb_msgs__rosidl_typesupport_cpp.so
[166.618s] -- Set runtime path of "/home/wheeltec/wheeltec_ros2/install/dwb_msgs/lib/libdwb_msgs__rosidl_typesupport_cpp.so" to ""
[166.618s] -- Installing: /home/wheeltec/wheeltec_ros2/install/dwb_msgs/share/dwb_msgs/environment/pythonpath.sh
[166.619s] -- Installing: /home/wheeltec/wheeltec_ros2/install/dwb_msgs/share/dwb_msgs/environment/pythonpath.dsv
[166.619s] -- Installing: /home/wheeltec/wheeltec_ros2/install/dwb_msgs/lib/python3.8/site-packages/dwb_msgs/__init__.py
[166.760s] Compiling '/home/wheeltec/wheeltec_ros2/install/dwb_msgs/lib/python3.8/site-packages/dwb_msgs/__init__.py'...
[166.787s] -- Installing: /home/wheeltec/wheeltec_ros2/install/dwb_msgs/lib/python3.8/site-packages/dwb_msgs/msg
[166.789s] -- Installing: /home/wheeltec/wheeltec_ros2/install/dwb_msgs/lib/python3.8/site-packages/dwb_msgs/msg/_critic_score.py
[166.790s] -- Installing: /home/wheeltec/wheeltec_ros2/install/dwb_msgs/lib/python3.8/site-packages/dwb_msgs/msg/__init__.py
[166.791s] -- Installing: /home/wheeltec/wheeltec_ros2/install/dwb_msgs/lib/python3.8/site-packages/dwb_msgs/msg/_critic_score_s.c
[166.791s] -- Installing: /home/wheeltec/wheeltec_ros2/install/dwb_msgs/lib/python3.8/site-packages/dwb_msgs/msg/_trajectory_score_s.c
[166.792s] -- Installing: /home/wheeltec/wheeltec_ros2/install/dwb_msgs/lib/python3.8/site-packages/dwb_msgs/msg/_trajectory2_d_s.c
[166.792s] -- Installing: /home/wheeltec/wheeltec_ros2/install/dwb_msgs/lib/python3.8/site-packages/dwb_msgs/msg/_trajectory2_d.py
[166.793s] -- Installing: /home/wheeltec/wheeltec_ros2/install/dwb_msgs/lib/python3.8/site-packages/dwb_msgs/msg/_trajectory_score.py
[166.794s] -- Installing: /home/wheeltec/wheeltec_ros2/install/dwb_msgs/lib/python3.8/site-packages/dwb_msgs/msg/_local_plan_evaluation_s.c
[166.794s] -- Installing: /home/wheeltec/wheeltec_ros2/install/dwb_msgs/lib/python3.8/site-packages/dwb_msgs/msg/_local_plan_evaluation.py
[166.795s] -- Installing: /home/wheeltec/wheeltec_ros2/install/dwb_msgs/lib/python3.8/site-packages/dwb_msgs/srv
[166.796s] -- Installing: /home/wheeltec/wheeltec_ros2/install/dwb_msgs/lib/python3.8/site-packages/dwb_msgs/srv/_get_critic_score.py
[166.797s] -- Installing: /home/wheeltec/wheeltec_ros2/install/dwb_msgs/lib/python3.8/site-packages/dwb_msgs/srv/_generate_twists.py
[166.798s] -- Installing: /home/wheeltec/wheeltec_ros2/install/dwb_msgs/lib/python3.8/site-packages/dwb_msgs/srv/_generate_trajectory.py
[166.799s] -- Installing: /home/wheeltec/wheeltec_ros2/install/dwb_msgs/lib/python3.8/site-packages/dwb_msgs/srv/_generate_twists_s.c
[166.799s] -- Installing: /home/wheeltec/wheeltec_ros2/install/dwb_msgs/lib/python3.8/site-packages/dwb_msgs/srv/__init__.py
[166.802s] -- Installing: /home/wheeltec/wheeltec_ros2/install/dwb_msgs/lib/python3.8/site-packages/dwb_msgs/srv/_debug_local_plan.py
[166.803s] -- Installing: /home/wheeltec/wheeltec_ros2/install/dwb_msgs/lib/python3.8/site-packages/dwb_msgs/srv/_score_trajectory.py
[166.804s] -- Installing: /home/wheeltec/wheeltec_ros2/install/dwb_msgs/lib/python3.8/site-packages/dwb_msgs/srv/_score_trajectory_s.c
[166.805s] -- Installing: /home/wheeltec/wheeltec_ros2/install/dwb_msgs/lib/python3.8/site-packages/dwb_msgs/srv/_generate_trajectory_s.c
[166.805s] -- Installing: /home/wheeltec/wheeltec_ros2/install/dwb_msgs/lib/python3.8/site-packages/dwb_msgs/srv/_debug_local_plan_s.c
[166.806s] -- Installing: /home/wheeltec/wheeltec_ros2/install/dwb_msgs/lib/python3.8/site-packages/dwb_msgs/srv/_get_critic_score_s.c
[166.806s] -- Installing: /home/wheeltec/wheeltec_ros2/install/dwb_msgs/lib/python3.8/site-packages/dwb_msgs/dwb_msgs_s__rosidl_typesupport_fastrtps_c.cpython-38-aarch64-linux-gnu.so
[166.809s] -- Set runtime path of "/home/wheeltec/wheeltec_ros2/install/dwb_msgs/lib/python3.8/site-packages/dwb_msgs/dwb_msgs_s__rosidl_typesupport_fastrtps_c.cpython-38-aarch64-linux-gnu.so" to ""
[166.810s] -- Installing: /home/wheeltec/wheeltec_ros2/install/dwb_msgs/lib/python3.8/site-packages/dwb_msgs/dwb_msgs_s__rosidl_typesupport_introspection_c.cpython-38-aarch64-linux-gnu.so
[166.812s] -- Set runtime path of "/home/wheeltec/wheeltec_ros2/install/dwb_msgs/lib/python3.8/site-packages/dwb_msgs/dwb_msgs_s__rosidl_typesupport_introspection_c.cpython-38-aarch64-linux-gnu.so" to ""
[166.813s] -- Installing: /home/wheeltec/wheeltec_ros2/install/dwb_msgs/lib/python3.8/site-packages/dwb_msgs/dwb_msgs_s__rosidl_typesupport_c.cpython-38-aarch64-linux-gnu.so
[166.815s] -- Set runtime path of "/home/wheeltec/wheeltec_ros2/install/dwb_msgs/lib/python3.8/site-packages/dwb_msgs/dwb_msgs_s__rosidl_typesupport_c.cpython-38-aarch64-linux-gnu.so" to ""
[166.816s] -- Installing: /home/wheeltec/wheeltec_ros2/install/dwb_msgs/lib/libdwb_msgs__python.so
[166.818s] -- Set runtime path of "/home/wheeltec/wheeltec_ros2/install/dwb_msgs/lib/libdwb_msgs__python.so" to ""
[166.819s] -- Installing: /home/wheeltec/wheeltec_ros2/install/dwb_msgs/share/dwb_msgs/msg/CriticScore.idl
[166.820s] -- Installing: /home/wheeltec/wheeltec_ros2/install/dwb_msgs/share/dwb_msgs/msg/LocalPlanEvaluation.idl
[166.822s] -- Installing: /home/wheeltec/wheeltec_ros2/install/dwb_msgs/share/dwb_msgs/msg/Trajectory2D.idl
[166.823s] -- Installing: /home/wheeltec/wheeltec_ros2/install/dwb_msgs/share/dwb_msgs/msg/TrajectoryScore.idl
[166.825s] -- Installing: /home/wheeltec/wheeltec_ros2/install/dwb_msgs/share/dwb_msgs/srv/DebugLocalPlan.idl
[166.827s] -- Installing: /home/wheeltec/wheeltec_ros2/install/dwb_msgs/share/dwb_msgs/srv/GenerateTrajectory.idl
[166.829s] -- Installing: /home/wheeltec/wheeltec_ros2/install/dwb_msgs/share/dwb_msgs/srv/GenerateTwists.idl
[166.831s] -- Installing: /home/wheeltec/wheeltec_ros2/install/dwb_msgs/share/dwb_msgs/srv/GetCriticScore.idl
[166.832s] -- Installing: /home/wheeltec/wheeltec_ros2/install/dwb_msgs/share/dwb_msgs/srv/ScoreTrajectory.idl
[166.836s] -- Installing: /home/wheeltec/wheeltec_ros2/install/dwb_msgs/share/dwb_msgs/msg/CriticScore.msg
[166.838s] -- Installing: /home/wheeltec/wheeltec_ros2/install/dwb_msgs/share/dwb_msgs/msg/LocalPlanEvaluation.msg
[166.841s] -- Installing: /home/wheeltec/wheeltec_ros2/install/dwb_msgs/share/dwb_msgs/msg/Trajectory2D.msg
[166.842s] -- Installing: /home/wheeltec/wheeltec_ros2/install/dwb_msgs/share/dwb_msgs/msg/TrajectoryScore.msg
[166.845s] -- Installing: /home/wheeltec/wheeltec_ros2/install/dwb_msgs/share/dwb_msgs/srv/DebugLocalPlan.srv
[166.846s] -- Installing: /home/wheeltec/wheeltec_ros2/install/dwb_msgs/share/dwb_msgs/srv/DebugLocalPlan_Request.msg
[166.847s] -- Installing: /home/wheeltec/wheeltec_ros2/install/dwb_msgs/share/dwb_msgs/srv/DebugLocalPlan_Response.msg
[166.849s] -- Installing: /home/wheeltec/wheeltec_ros2/install/dwb_msgs/share/dwb_msgs/srv/GenerateTrajectory.srv
[166.850s] -- Installing: /home/wheeltec/wheeltec_ros2/install/dwb_msgs/share/dwb_msgs/srv/GenerateTrajectory_Request.msg
[166.852s] -- Installing: /home/wheeltec/wheeltec_ros2/install/dwb_msgs/share/dwb_msgs/srv/GenerateTrajectory_Response.msg
[166.853s] -- Installing: /home/wheeltec/wheeltec_ros2/install/dwb_msgs/share/dwb_msgs/srv/GenerateTwists.srv
[166.854s] -- Installing: /home/wheeltec/wheeltec_ros2/install/dwb_msgs/share/dwb_msgs/srv/GenerateTwists_Request.msg
[166.855s] -- Installing: /home/wheeltec/wheeltec_ros2/install/dwb_msgs/share/dwb_msgs/srv/GenerateTwists_Response.msg
[166.863s] -- Installing: /home/wheeltec/wheeltec_ros2/install/dwb_msgs/share/dwb_msgs/srv/GetCriticScore.srv
[166.865s] -- Installing: /home/wheeltec/wheeltec_ros2/install/dwb_msgs/share/dwb_msgs/srv/GetCriticScore_Request.msg
[166.866s] -- Installing: /home/wheeltec/wheeltec_ros2/install/dwb_msgs/share/dwb_msgs/srv/GetCriticScore_Response.msg
[166.868s] -- Installing: /home/wheeltec/wheeltec_ros2/install/dwb_msgs/share/dwb_msgs/srv/ScoreTrajectory.srv
[166.869s] -- Installing: /home/wheeltec/wheeltec_ros2/install/dwb_msgs/share/dwb_msgs/srv/ScoreTrajectory_Request.msg
[166.870s] -- Installing: /home/wheeltec/wheeltec_ros2/install/dwb_msgs/share/dwb_msgs/srv/ScoreTrajectory_Response.msg
[166.872s] -- Installing: /home/wheeltec/wheeltec_ros2/install/dwb_msgs/share/ament_index/resource_index/package_run_dependencies/dwb_msgs
[166.874s] -- Installing: /home/wheeltec/wheeltec_ros2/install/dwb_msgs/share/ament_index/resource_index/parent_prefix_path/dwb_msgs
[166.875s] -- Installing: /home/wheeltec/wheeltec_ros2/install/dwb_msgs/share/dwb_msgs/environment/ament_prefix_path.sh
[166.876s] -- Installing: /home/wheeltec/wheeltec_ros2/install/dwb_msgs/share/dwb_msgs/environment/ament_prefix_path.dsv
[166.877s] -- Installing: /home/wheeltec/wheeltec_ros2/install/dwb_msgs/share/dwb_msgs/environment/path.sh
[166.877s] -- Installing: /home/wheeltec/wheeltec_ros2/install/dwb_msgs/share/dwb_msgs/environment/path.dsv
[166.879s] -- Installing: /home/wheeltec/wheeltec_ros2/install/dwb_msgs/share/dwb_msgs/local_setup.bash
[166.880s] -- Installing: /home/wheeltec/wheeltec_ros2/install/dwb_msgs/share/dwb_msgs/local_setup.sh
[166.881s] -- Installing: /home/wheeltec/wheeltec_ros2/install/dwb_msgs/share/dwb_msgs/local_setup.zsh
[166.882s] -- Installing: /home/wheeltec/wheeltec_ros2/install/dwb_msgs/share/dwb_msgs/local_setup.dsv
[166.883s] -- Installing: /home/wheeltec/wheeltec_ros2/install/dwb_msgs/share/dwb_msgs/package.dsv
[166.885s] -- Installing: /home/wheeltec/wheeltec_ros2/install/dwb_msgs/share/ament_index/resource_index/packages/dwb_msgs
[166.886s] -- Installing: /home/wheeltec/wheeltec_ros2/install/dwb_msgs/share/dwb_msgs/cmake/dwb_msgs__rosidl_generator_cExport.cmake
[166.887s] -- Installing: /home/wheeltec/wheeltec_ros2/install/dwb_msgs/share/dwb_msgs/cmake/dwb_msgs__rosidl_generator_cExport-noconfig.cmake
[166.888s] -- Installing: /home/wheeltec/wheeltec_ros2/install/dwb_msgs/share/dwb_msgs/cmake/dwb_msgs__rosidl_typesupport_introspection_cExport.cmake
[166.891s] -- Installing: /home/wheeltec/wheeltec_ros2/install/dwb_msgs/share/dwb_msgs/cmake/dwb_msgs__rosidl_typesupport_introspection_cExport-noconfig.cmake
[166.892s] -- Installing: /home/wheeltec/wheeltec_ros2/install/dwb_msgs/share/dwb_msgs/cmake/dwb_msgs__rosidl_typesupport_cExport.cmake
[166.895s] -- Installing: /home/wheeltec/wheeltec_ros2/install/dwb_msgs/share/dwb_msgs/cmake/dwb_msgs__rosidl_typesupport_cExport-noconfig.cmake
[166.897s] -- Installing: /home/wheeltec/wheeltec_ros2/install/dwb_msgs/share/dwb_msgs/cmake/dwb_msgs__rosidl_generator_cppExport.cmake
[166.898s] -- Installing: /home/wheeltec/wheeltec_ros2/install/dwb_msgs/share/dwb_msgs/cmake/dwb_msgs__rosidl_typesupport_introspection_cppExport.cmake
[166.899s] -- Installing: /home/wheeltec/wheeltec_ros2/install/dwb_msgs/share/dwb_msgs/cmake/dwb_msgs__rosidl_typesupport_introspection_cppExport-noconfig.cmake
[166.901s] -- Installing: /home/wheeltec/wheeltec_ros2/install/dwb_msgs/share/dwb_msgs/cmake/dwb_msgs__rosidl_typesupport_cppExport.cmake
[166.902s] -- Installing: /home/wheeltec/wheeltec_ros2/install/dwb_msgs/share/dwb_msgs/cmake/dwb_msgs__rosidl_typesupport_cppExport-noconfig.cmake
[166.903s] -- Installing: /home/wheeltec/wheeltec_ros2/install/dwb_msgs/share/dwb_msgs/cmake/rosidl_cmake-extras.cmake
[166.904s] -- Installing: /home/wheeltec/wheeltec_ros2/install/dwb_msgs/share/dwb_msgs/cmake/ament_cmake_export_dependencies-extras.cmake
[166.906s] -- Installing: /home/wheeltec/wheeltec_ros2/install/dwb_msgs/share/dwb_msgs/cmake/ament_cmake_export_libraries-extras.cmake
[166.907s] -- Installing: /home/wheeltec/wheeltec_ros2/install/dwb_msgs/share/dwb_msgs/cmake/ament_cmake_export_targets-extras.cmake
[166.911s] -- Installing: /home/wheeltec/wheeltec_ros2/install/dwb_msgs/share/dwb_msgs/cmake/ament_cmake_export_include_directories-extras.cmake
[166.913s] -- Installing: /home/wheeltec/wheeltec_ros2/install/dwb_msgs/share/dwb_msgs/cmake/rosidl_cmake_export_typesupport_libraries-extras.cmake
[166.915s] -- Installing: /home/wheeltec/wheeltec_ros2/install/dwb_msgs/share/dwb_msgs/cmake/rosidl_cmake_export_typesupport_targets-extras.cmake
[166.918s] -- Installing: /home/wheeltec/wheeltec_ros2/install/dwb_msgs/share/dwb_msgs/cmake/dwb_msgsConfig.cmake
[166.920s] -- Installing: /home/wheeltec/wheeltec_ros2/install/dwb_msgs/share/dwb_msgs/cmake/dwb_msgsConfig-version.cmake
[166.922s] -- Installing: /home/wheeltec/wheeltec_ros2/install/dwb_msgs/share/dwb_msgs/package.xml
[166.941s] Invoked command in '/home/wheeltec/wheeltec_ros2/build/dwb_msgs' returned '0': AMENT_PREFIX_PATH=/home/wheeltec/wheeltec_ros2/install/nav_2d_msgs:${AMENT_PREFIX_PATH} CMAKE_PREFIX_PATH=/home/wheeltec/wheeltec_ros2/install/nav_2d_msgs:/opt/ros/galactic LD_LIBRARY_PATH=/home/wheeltec/wheeltec_ros2/install/nav_2d_msgs/lib:/usr/local/cuda-10.2/lib64:/opt/ros/galactic/opt/yaml_cpp_vendor/lib:/opt/ros/galactic/opt/rviz_ogre_vendor/lib:/opt/ros/galactic/lib/aarch64-linux-gnu:/opt/ros/galactic/lib:/usr/local/cuda-10.2/lib64 PYTHONPATH=/home/wheeltec/wheeltec_ros2/install/nav_2d_msgs/lib/python3.8/site-packages:${PYTHONPATH} /usr/bin/cmake --install /home/wheeltec/wheeltec_ros2/build/dwb_msgs
