[0.134s] Invoking command in '/home/wheeltec/wheeltec_ros2/build/nav2_planner': AMENT_PREFIX_PATH=/home/wheeltec/wheeltec_ros2/install/nav2_core:/home/wheeltec/wheeltec_ros2/install/nav2_costmap_2d:/home/wheeltec/wheeltec_ros2/install/nav2_map_server:/home/wheeltec/wheeltec_ros2/install/nav2_lifecycle_manager:/home/wheeltec/wheeltec_ros2/install/nav2_util:/home/wheeltec/wheeltec_ros2/install/nav2_voxel_grid:/home/wheeltec/wheeltec_ros2/install/nav2_msgs:/home/wheeltec/wheeltec_ros2/install/nav2_common:${AMENT_PREFIX_PATH} CMAKE_PREFIX_PATH=/home/wheeltec/wheeltec_ros2/install/nav2_core:/home/wheeltec/wheeltec_ros2/install/nav2_costmap_2d:/home/wheeltec/wheeltec_ros2/install/nav2_map_server:/home/wheeltec/wheeltec_ros2/install/nav2_lifecycle_manager:/home/wheeltec/wheeltec_ros2/install/nav2_util:/home/wheeltec/wheeltec_ros2/install/nav2_voxel_grid:/home/wheeltec/wheeltec_ros2/install/nav2_msgs:/home/wheeltec/wheeltec_ros2/install/nav2_common:/opt/ros/galactic LD_LIBRARY_PATH=/home/wheeltec/wheeltec_ros2/install/nav2_costmap_2d/lib:/home/wheeltec/wheeltec_ros2/install/nav2_map_server/lib:/home/wheeltec/wheeltec_ros2/install/nav2_lifecycle_manager/lib:/home/wheeltec/wheeltec_ros2/install/nav2_util/lib:/home/wheeltec/wheeltec_ros2/install/nav2_voxel_grid/lib:/home/wheeltec/wheeltec_ros2/install/nav2_msgs/lib:${LD_LIBRARY_PATH} PYTHONPATH=/home/wheeltec/wheeltec_ros2/install/nav2_msgs/lib/python3.8/site-packages:/home/wheeltec/wheeltec_ros2/install/nav2_common/lib/python3.8/site-packages:${PYTHONPATH} /usr/bin/cmake --build /home/wheeltec/wheeltec_ros2/build/nav2_planner -- -j4 -l4
[0.500s] [ 50%] Built target planner_server_core
[0.691s] [100%] Built target planner_server
[0.745s] Invoked command in '/home/wheeltec/wheeltec_ros2/build/nav2_planner' returned '0': AMENT_PREFIX_PATH=/home/wheeltec/wheeltec_ros2/install/nav2_core:/home/wheeltec/wheeltec_ros2/install/nav2_costmap_2d:/home/wheeltec/wheeltec_ros2/install/nav2_map_server:/home/wheeltec/wheeltec_ros2/install/nav2_lifecycle_manager:/home/wheeltec/wheeltec_ros2/install/nav2_util:/home/wheeltec/wheeltec_ros2/install/nav2_voxel_grid:/home/wheeltec/wheeltec_ros2/install/nav2_msgs:/home/wheeltec/wheeltec_ros2/install/nav2_common:${AMENT_PREFIX_PATH} CMAKE_PREFIX_PATH=/home/wheeltec/wheeltec_ros2/install/nav2_core:/home/wheeltec/wheeltec_ros2/install/nav2_costmap_2d:/home/wheeltec/wheeltec_ros2/install/nav2_map_server:/home/wheeltec/wheeltec_ros2/install/nav2_lifecycle_manager:/home/wheeltec/wheeltec_ros2/install/nav2_util:/home/wheeltec/wheeltec_ros2/install/nav2_voxel_grid:/home/wheeltec/wheeltec_ros2/install/nav2_msgs:/home/wheeltec/wheeltec_ros2/install/nav2_common:/opt/ros/galactic LD_LIBRARY_PATH=/home/wheeltec/wheeltec_ros2/install/nav2_costmap_2d/lib:/home/wheeltec/wheeltec_ros2/install/nav2_map_server/lib:/home/wheeltec/wheeltec_ros2/install/nav2_lifecycle_manager/lib:/home/wheeltec/wheeltec_ros2/install/nav2_util/lib:/home/wheeltec/wheeltec_ros2/install/nav2_voxel_grid/lib:/home/wheeltec/wheeltec_ros2/install/nav2_msgs/lib:${LD_LIBRARY_PATH} PYTHONPATH=/home/wheeltec/wheeltec_ros2/install/nav2_msgs/lib/python3.8/site-packages:/home/wheeltec/wheeltec_ros2/install/nav2_common/lib/python3.8/site-packages:${PYTHONPATH} /usr/bin/cmake --build /home/wheeltec/wheeltec_ros2/build/nav2_planner -- -j4 -l4
[0.935s] Invoking command in '/home/wheeltec/wheeltec_ros2/build/nav2_planner': AMENT_PREFIX_PATH=/home/wheeltec/wheeltec_ros2/install/nav2_core:/home/wheeltec/wheeltec_ros2/install/nav2_costmap_2d:/home/wheeltec/wheeltec_ros2/install/nav2_map_server:/home/wheeltec/wheeltec_ros2/install/nav2_lifecycle_manager:/home/wheeltec/wheeltec_ros2/install/nav2_util:/home/wheeltec/wheeltec_ros2/install/nav2_voxel_grid:/home/wheeltec/wheeltec_ros2/install/nav2_msgs:/home/wheeltec/wheeltec_ros2/install/nav2_common:${AMENT_PREFIX_PATH} CMAKE_PREFIX_PATH=/home/wheeltec/wheeltec_ros2/install/nav2_core:/home/wheeltec/wheeltec_ros2/install/nav2_costmap_2d:/home/wheeltec/wheeltec_ros2/install/nav2_map_server:/home/wheeltec/wheeltec_ros2/install/nav2_lifecycle_manager:/home/wheeltec/wheeltec_ros2/install/nav2_util:/home/wheeltec/wheeltec_ros2/install/nav2_voxel_grid:/home/wheeltec/wheeltec_ros2/install/nav2_msgs:/home/wheeltec/wheeltec_ros2/install/nav2_common:/opt/ros/galactic LD_LIBRARY_PATH=/home/wheeltec/wheeltec_ros2/install/nav2_costmap_2d/lib:/home/wheeltec/wheeltec_ros2/install/nav2_map_server/lib:/home/wheeltec/wheeltec_ros2/install/nav2_lifecycle_manager/lib:/home/wheeltec/wheeltec_ros2/install/nav2_util/lib:/home/wheeltec/wheeltec_ros2/install/nav2_voxel_grid/lib:/home/wheeltec/wheeltec_ros2/install/nav2_msgs/lib:${LD_LIBRARY_PATH} PYTHONPATH=/home/wheeltec/wheeltec_ros2/install/nav2_msgs/lib/python3.8/site-packages:/home/wheeltec/wheeltec_ros2/install/nav2_common/lib/python3.8/site-packages:${PYTHONPATH} /usr/bin/cmake --install /home/wheeltec/wheeltec_ros2/build/nav2_planner
[0.976s] -- Install configuration: "Release"
[0.980s] -- Up-to-date: /home/wheeltec/wheeltec_ros2/install/nav2_planner/lib/libplanner_server_core.so
[0.983s] -- Up-to-date: /home/wheeltec/wheeltec_ros2/install/nav2_planner/lib/nav2_planner/planner_server
[0.984s] -- Up-to-date: /home/wheeltec/wheeltec_ros2/install/nav2_planner/include/
[0.986s] -- Up-to-date: /home/wheeltec/wheeltec_ros2/install/nav2_planner/include//nav2_planner
[0.989s] -- Up-to-date: /home/wheeltec/wheeltec_ros2/install/nav2_planner/include//nav2_planner/planner_server.hpp
[0.990s] -- Up-to-date: /home/wheeltec/wheeltec_ros2/install/nav2_planner/share/nav2_planner/environment/library_path.sh
[0.990s] -- Up-to-date: /home/wheeltec/wheeltec_ros2/install/nav2_planner/share/nav2_planner/environment/library_path.dsv
[0.994s] -- Up-to-date: /home/wheeltec/wheeltec_ros2/install/nav2_planner/share/ament_index/resource_index/package_run_dependencies/nav2_planner
[0.994s] -- Up-to-date: /home/wheeltec/wheeltec_ros2/install/nav2_planner/share/ament_index/resource_index/parent_prefix_path/nav2_planner
[0.995s] -- Up-to-date: /home/wheeltec/wheeltec_ros2/install/nav2_planner/share/nav2_planner/environment/ament_prefix_path.sh
[0.996s] -- Up-to-date: /home/wheeltec/wheeltec_ros2/install/nav2_planner/share/nav2_planner/environment/ament_prefix_path.dsv
[0.996s] -- Up-to-date: /home/wheeltec/wheeltec_ros2/install/nav2_planner/share/nav2_planner/environment/path.sh
[0.997s] -- Up-to-date: /home/wheeltec/wheeltec_ros2/install/nav2_planner/share/nav2_planner/environment/path.dsv
[0.998s] -- Up-to-date: /home/wheeltec/wheeltec_ros2/install/nav2_planner/share/nav2_planner/local_setup.bash
[0.998s] -- Up-to-date: /home/wheeltec/wheeltec_ros2/install/nav2_planner/share/nav2_planner/local_setup.sh
[0.999s] -- Up-to-date: /home/wheeltec/wheeltec_ros2/install/nav2_planner/share/nav2_planner/local_setup.zsh
[1.000s] -- Up-to-date: /home/wheeltec/wheeltec_ros2/install/nav2_planner/share/nav2_planner/local_setup.dsv
[1.000s] -- Installing: /home/wheeltec/wheeltec_ros2/install/nav2_planner/share/nav2_planner/package.dsv
[1.001s] -- Up-to-date: /home/wheeltec/wheeltec_ros2/install/nav2_planner/share/ament_index/resource_index/packages/nav2_planner
[1.001s] -- Up-to-date: /home/wheeltec/wheeltec_ros2/install/nav2_planner/share/nav2_planner/cmake/ament_cmake_export_include_directories-extras.cmake
[1.001s] -- Up-to-date: /home/wheeltec/wheeltec_ros2/install/nav2_planner/share/nav2_planner/cmake/ament_cmake_export_libraries-extras.cmake
[1.002s] -- Up-to-date: /home/wheeltec/wheeltec_ros2/install/nav2_planner/share/nav2_planner/cmake/ament_cmake_export_dependencies-extras.cmake
[1.002s] -- Up-to-date: /home/wheeltec/wheeltec_ros2/install/nav2_planner/share/nav2_planner/cmake/nav2_plannerConfig.cmake
[1.003s] -- Up-to-date: /home/wheeltec/wheeltec_ros2/install/nav2_planner/share/nav2_planner/cmake/nav2_plannerConfig-version.cmake
[1.003s] -- Up-to-date: /home/wheeltec/wheeltec_ros2/install/nav2_planner/share/nav2_planner/package.xml
[1.015s] Invoked command in '/home/wheeltec/wheeltec_ros2/build/nav2_planner' returned '0': AMENT_PREFIX_PATH=/home/wheeltec/wheeltec_ros2/install/nav2_core:/home/wheeltec/wheeltec_ros2/install/nav2_costmap_2d:/home/wheeltec/wheeltec_ros2/install/nav2_map_server:/home/wheeltec/wheeltec_ros2/install/nav2_lifecycle_manager:/home/wheeltec/wheeltec_ros2/install/nav2_util:/home/wheeltec/wheeltec_ros2/install/nav2_voxel_grid:/home/wheeltec/wheeltec_ros2/install/nav2_msgs:/home/wheeltec/wheeltec_ros2/install/nav2_common:${AMENT_PREFIX_PATH} CMAKE_PREFIX_PATH=/home/wheeltec/wheeltec_ros2/install/nav2_core:/home/wheeltec/wheeltec_ros2/install/nav2_costmap_2d:/home/wheeltec/wheeltec_ros2/install/nav2_map_server:/home/wheeltec/wheeltec_ros2/install/nav2_lifecycle_manager:/home/wheeltec/wheeltec_ros2/install/nav2_util:/home/wheeltec/wheeltec_ros2/install/nav2_voxel_grid:/home/wheeltec/wheeltec_ros2/install/nav2_msgs:/home/wheeltec/wheeltec_ros2/install/nav2_common:/opt/ros/galactic LD_LIBRARY_PATH=/home/wheeltec/wheeltec_ros2/install/nav2_costmap_2d/lib:/home/wheeltec/wheeltec_ros2/install/nav2_map_server/lib:/home/wheeltec/wheeltec_ros2/install/nav2_lifecycle_manager/lib:/home/wheeltec/wheeltec_ros2/install/nav2_util/lib:/home/wheeltec/wheeltec_ros2/install/nav2_voxel_grid/lib:/home/wheeltec/wheeltec_ros2/install/nav2_msgs/lib:${LD_LIBRARY_PATH} PYTHONPATH=/home/wheeltec/wheeltec_ros2/install/nav2_msgs/lib/python3.8/site-packages:/home/wheeltec/wheeltec_ros2/install/nav2_common/lib/python3.8/site-packages:${PYTHONPATH} /usr/bin/cmake --install /home/wheeltec/wheeltec_ros2/build/nav2_planner
