[0.092s] Invoking command in '/home/wheeltec/wheeltec_ros2/build/lsm10_v2': CMAKE_PREFIX_PATH=${CMAKE_PREFIX_PATH}:/home/wheeltec/wheeltec_ros2/install/simple_follower_ros2:/home/wheeltec/wheeltec_ros2/install/wheeltec_robot_keyboard:/home/wheeltec/wheeltec_ros2/install/tf2_tools:/home/wheeltec/wheeltec_ros2/install/nav2_simple_commander:/home/wheeltec/wheeltec_ros2/install/nav2_gazebo_spawner:/opt/ros/galactic /usr/bin/cmake --build /home/wheeltec/wheeltec_ros2/build/lsm10_v2 -- -j4 -l4
[0.410s] [  2%] Built target lsm10_v2__cpp
[0.417s] [ 11%] Built target lsm10_v2__rosidl_generator_c
[0.462s] [ 20%] Built target LSM10
[0.551s] [ 29%] Built target lsm10_v2__rosidl_typesupport_cpp
[0.563s] [ 38%] Built target lsm10_v2__rosidl_typesupport_introspection_cpp
[0.571s] [ 47%] Built target lsm10_v2__rosidl_typesupport_fastrtps_cpp
[0.605s] [ 55%] Built target lsm10_v2__rosidl_typesupport_introspection_c
[0.677s] [ 64%] Built target lsm10_v2__rosidl_typesupport_c
[0.722s] [ 73%] Built target lsm10_v2__rosidl_typesupport_fastrtps_c
[0.836s] [ 73%] Built target lsm10_v2
[0.956s] [ 76%] Built target lsm10_v2__py
[1.104s] [ 82%] Built target lsm10_v2__python
[1.254s] [ 88%] Built target lsm10_v2__rosidl_typesupport_introspection_c__pyext
[1.262s] [ 94%] Built target lsm10_v2__rosidl_typesupport_c__pyext
[1.265s] [100%] Built target lsm10_v2__rosidl_typesupport_fastrtps_c__pyext
[1.319s] Invoked command in '/home/wheeltec/wheeltec_ros2/build/lsm10_v2' returned '0': CMAKE_PREFIX_PATH=${CMAKE_PREFIX_PATH}:/home/wheeltec/wheeltec_ros2/install/simple_follower_ros2:/home/wheeltec/wheeltec_ros2/install/wheeltec_robot_keyboard:/home/wheeltec/wheeltec_ros2/install/tf2_tools:/home/wheeltec/wheeltec_ros2/install/nav2_simple_commander:/home/wheeltec/wheeltec_ros2/install/nav2_gazebo_spawner:/opt/ros/galactic /usr/bin/cmake --build /home/wheeltec/wheeltec_ros2/build/lsm10_v2 -- -j4 -l4
[1.779s] Invoking command in '/home/wheeltec/wheeltec_ros2/build/lsm10_v2': CMAKE_PREFIX_PATH=${CMAKE_PREFIX_PATH}:/home/wheeltec/wheeltec_ros2/install/simple_follower_ros2:/home/wheeltec/wheeltec_ros2/install/wheeltec_robot_keyboard:/home/wheeltec/wheeltec_ros2/install/tf2_tools:/home/wheeltec/wheeltec_ros2/install/nav2_simple_commander:/home/wheeltec/wheeltec_ros2/install/nav2_gazebo_spawner:/opt/ros/galactic /usr/bin/cmake --install /home/wheeltec/wheeltec_ros2/build/lsm10_v2
[1.828s] -- Install configuration: ""
[1.829s] -- Up-to-date: /home/wheeltec/wheeltec_ros2/install/lsm10_v2/share/ament_index/resource_index/rosidl_interfaces/lsm10_v2
[1.829s] -- Up-to-date: /home/wheeltec/wheeltec_ros2/install/lsm10_v2/include/lsm10_v2
[1.830s] -- Up-to-date: /home/wheeltec/wheeltec_ros2/install/lsm10_v2/include/lsm10_v2/msg
[1.830s] -- Up-to-date: /home/wheeltec/wheeltec_ros2/install/lsm10_v2/include/lsm10_v2/msg/detail
[1.830s] -- Up-to-date: /home/wheeltec/wheeltec_ros2/install/lsm10_v2/include/lsm10_v2/msg/detail/difop__type_support.h
[1.831s] -- Up-to-date: /home/wheeltec/wheeltec_ros2/install/lsm10_v2/include/lsm10_v2/msg/detail/difop__struct.h
[1.831s] -- Up-to-date: /home/wheeltec/wheeltec_ros2/install/lsm10_v2/include/lsm10_v2/msg/detail/difop__functions.c
[1.831s] -- Up-to-date: /home/wheeltec/wheeltec_ros2/install/lsm10_v2/include/lsm10_v2/msg/detail/difop__functions.h
[1.832s] -- Up-to-date: /home/wheeltec/wheeltec_ros2/install/lsm10_v2/include/lsm10_v2/msg/rosidl_generator_c__visibility_control.h
[1.832s] -- Up-to-date: /home/wheeltec/wheeltec_ros2/install/lsm10_v2/include/lsm10_v2/msg/difop.h
[1.832s] -- Up-to-date: /home/wheeltec/wheeltec_ros2/install/lsm10_v2/share/lsm10_v2/environment/library_path.sh
[1.833s] -- Up-to-date: /home/wheeltec/wheeltec_ros2/install/lsm10_v2/share/lsm10_v2/environment/library_path.dsv
[1.833s] -- Up-to-date: /home/wheeltec/wheeltec_ros2/install/lsm10_v2/lib/liblsm10_v2__rosidl_generator_c.so
[1.834s] -- Up-to-date: /home/wheeltec/wheeltec_ros2/install/lsm10_v2/include/lsm10_v2
[1.834s] -- Up-to-date: /home/wheeltec/wheeltec_ros2/install/lsm10_v2/include/lsm10_v2/msg
[1.834s] -- Up-to-date: /home/wheeltec/wheeltec_ros2/install/lsm10_v2/include/lsm10_v2/msg/detail
[1.834s] -- Up-to-date: /home/wheeltec/wheeltec_ros2/install/lsm10_v2/include/lsm10_v2/msg/detail/difop__rosidl_typesupport_fastrtps_c.h
[1.835s] -- Up-to-date: /home/wheeltec/wheeltec_ros2/install/lsm10_v2/include/lsm10_v2/msg/rosidl_typesupport_fastrtps_c__visibility_control.h
[1.835s] -- Up-to-date: /home/wheeltec/wheeltec_ros2/install/lsm10_v2/lib/liblsm10_v2__rosidl_typesupport_fastrtps_c.so
[1.836s] -- Up-to-date: /home/wheeltec/wheeltec_ros2/install/lsm10_v2/include/lsm10_v2
[1.836s] -- Up-to-date: /home/wheeltec/wheeltec_ros2/install/lsm10_v2/include/lsm10_v2/msg
[1.836s] -- Up-to-date: /home/wheeltec/wheeltec_ros2/install/lsm10_v2/include/lsm10_v2/msg/detail
[1.836s] -- Up-to-date: /home/wheeltec/wheeltec_ros2/install/lsm10_v2/include/lsm10_v2/msg/detail/dds_fastrtps
[1.837s] -- Up-to-date: /home/wheeltec/wheeltec_ros2/install/lsm10_v2/include/lsm10_v2/msg/detail/difop__rosidl_typesupport_fastrtps_cpp.hpp
[1.837s] -- Up-to-date: /home/wheeltec/wheeltec_ros2/install/lsm10_v2/include/lsm10_v2/msg/rosidl_typesupport_fastrtps_cpp__visibility_control.h
[1.837s] -- Up-to-date: /home/wheeltec/wheeltec_ros2/install/lsm10_v2/lib/liblsm10_v2__rosidl_typesupport_fastrtps_cpp.so
[1.838s] -- Up-to-date: /home/wheeltec/wheeltec_ros2/install/lsm10_v2/include/lsm10_v2
[1.838s] -- Up-to-date: /home/wheeltec/wheeltec_ros2/install/lsm10_v2/include/lsm10_v2/msg
[1.839s] -- Up-to-date: /home/wheeltec/wheeltec_ros2/install/lsm10_v2/include/lsm10_v2/msg/detail
[1.839s] -- Up-to-date: /home/wheeltec/wheeltec_ros2/install/lsm10_v2/include/lsm10_v2/msg/detail/difop__type_support.c
[1.839s] -- Up-to-date: /home/wheeltec/wheeltec_ros2/install/lsm10_v2/include/lsm10_v2/msg/detail/difop__rosidl_typesupport_introspection_c.h
[1.840s] -- Up-to-date: /home/wheeltec/wheeltec_ros2/install/lsm10_v2/include/lsm10_v2/msg/rosidl_typesupport_introspection_c__visibility_control.h
[1.840s] -- Up-to-date: /home/wheeltec/wheeltec_ros2/install/lsm10_v2/lib/liblsm10_v2__rosidl_typesupport_introspection_c.so
[1.841s] -- Up-to-date: /home/wheeltec/wheeltec_ros2/install/lsm10_v2/lib/liblsm10_v2__rosidl_typesupport_c.so
[1.842s] -- Up-to-date: /home/wheeltec/wheeltec_ros2/install/lsm10_v2/include/lsm10_v2
[1.843s] -- Up-to-date: /home/wheeltec/wheeltec_ros2/install/lsm10_v2/include/lsm10_v2/msg
[1.843s] -- Up-to-date: /home/wheeltec/wheeltec_ros2/install/lsm10_v2/include/lsm10_v2/msg/detail
[1.843s] -- Up-to-date: /home/wheeltec/wheeltec_ros2/install/lsm10_v2/include/lsm10_v2/msg/detail/difop__traits.hpp
[1.844s] -- Up-to-date: /home/wheeltec/wheeltec_ros2/install/lsm10_v2/include/lsm10_v2/msg/detail/difop__struct.hpp
[1.844s] -- Up-to-date: /home/wheeltec/wheeltec_ros2/install/lsm10_v2/include/lsm10_v2/msg/detail/difop__builder.hpp
[1.844s] -- Up-to-date: /home/wheeltec/wheeltec_ros2/install/lsm10_v2/include/lsm10_v2/msg/difop.hpp
[1.845s] -- Up-to-date: /home/wheeltec/wheeltec_ros2/install/lsm10_v2/include/lsm10_v2
[1.845s] -- Up-to-date: /home/wheeltec/wheeltec_ros2/install/lsm10_v2/include/lsm10_v2/msg
[1.845s] -- Up-to-date: /home/wheeltec/wheeltec_ros2/install/lsm10_v2/include/lsm10_v2/msg/detail
[1.845s] -- Up-to-date: /home/wheeltec/wheeltec_ros2/install/lsm10_v2/include/lsm10_v2/msg/detail/difop__type_support.cpp
[1.846s] -- Up-to-date: /home/wheeltec/wheeltec_ros2/install/lsm10_v2/include/lsm10_v2/msg/detail/difop__rosidl_typesupport_introspection_cpp.hpp
[1.846s] -- Up-to-date: /home/wheeltec/wheeltec_ros2/install/lsm10_v2/lib/liblsm10_v2__rosidl_typesupport_introspection_cpp.so
[1.846s] -- Up-to-date: /home/wheeltec/wheeltec_ros2/install/lsm10_v2/lib/liblsm10_v2__rosidl_typesupport_cpp.so
[1.847s] -- Up-to-date: /home/wheeltec/wheeltec_ros2/install/lsm10_v2/share/lsm10_v2/environment/pythonpath.sh
[1.847s] -- Up-to-date: /home/wheeltec/wheeltec_ros2/install/lsm10_v2/share/lsm10_v2/environment/pythonpath.dsv
[1.848s] -- Up-to-date: /home/wheeltec/wheeltec_ros2/install/lsm10_v2/lib/python3.8/site-packages/lsm10_v2/__init__.py
[2.005s] -- Up-to-date: /home/wheeltec/wheeltec_ros2/install/lsm10_v2/lib/python3.8/site-packages/lsm10_v2/msg
[2.006s] -- Up-to-date: /home/wheeltec/wheeltec_ros2/install/lsm10_v2/lib/python3.8/site-packages/lsm10_v2/msg/_difop_s.c
[2.006s] -- Up-to-date: /home/wheeltec/wheeltec_ros2/install/lsm10_v2/lib/python3.8/site-packages/lsm10_v2/msg/_difop.py
[2.007s] -- Up-to-date: /home/wheeltec/wheeltec_ros2/install/lsm10_v2/lib/python3.8/site-packages/lsm10_v2/msg/__init__.py
[2.007s] -- Up-to-date: /home/wheeltec/wheeltec_ros2/install/lsm10_v2/lib/python3.8/site-packages/lsm10_v2/lsm10_v2_s__rosidl_typesupport_fastrtps_c.cpython-38-aarch64-linux-gnu.so
[2.010s] -- Up-to-date: /home/wheeltec/wheeltec_ros2/install/lsm10_v2/lib/python3.8/site-packages/lsm10_v2/lsm10_v2_s__rosidl_typesupport_introspection_c.cpython-38-aarch64-linux-gnu.so
[2.012s] -- Up-to-date: /home/wheeltec/wheeltec_ros2/install/lsm10_v2/lib/python3.8/site-packages/lsm10_v2/lsm10_v2_s__rosidl_typesupport_c.cpython-38-aarch64-linux-gnu.so
[2.014s] -- Up-to-date: /home/wheeltec/wheeltec_ros2/install/lsm10_v2/lib/liblsm10_v2__python.so
[2.015s] -- Up-to-date: /home/wheeltec/wheeltec_ros2/install/lsm10_v2/share/lsm10_v2/msg/Difop.idl
[2.015s] -- Up-to-date: /home/wheeltec/wheeltec_ros2/install/lsm10_v2/share/lsm10_v2/msg/Difop.msg
[2.018s] -- Up-to-date: /home/wheeltec/wheeltec_ros2/install/lsm10_v2/lib/lsm10_v2/LSM10
[2.019s] -- Up-to-date: /home/wheeltec/wheeltec_ros2/install/lsm10_v2/share/lsm10_v2/launch
[2.019s] -- Up-to-date: /home/wheeltec/wheeltec_ros2/install/lsm10_v2/share/lsm10_v2/launch/ls_m10.launch.py
[2.020s] -- Up-to-date: /home/wheeltec/wheeltec_ros2/install/lsm10_v2/share/ament_index/resource_index/package_run_dependencies/lsm10_v2
[2.020s] -- Up-to-date: /home/wheeltec/wheeltec_ros2/install/lsm10_v2/share/ament_index/resource_index/parent_prefix_path/lsm10_v2
[2.020s] -- Up-to-date: /home/wheeltec/wheeltec_ros2/install/lsm10_v2/share/lsm10_v2/environment/ament_prefix_path.sh
[2.021s] -- Up-to-date: /home/wheeltec/wheeltec_ros2/install/lsm10_v2/share/lsm10_v2/environment/ament_prefix_path.dsv
[2.021s] -- Up-to-date: /home/wheeltec/wheeltec_ros2/install/lsm10_v2/share/lsm10_v2/environment/path.sh
[2.022s] -- Up-to-date: /home/wheeltec/wheeltec_ros2/install/lsm10_v2/share/lsm10_v2/environment/path.dsv
[2.022s] -- Up-to-date: /home/wheeltec/wheeltec_ros2/install/lsm10_v2/share/lsm10_v2/local_setup.bash
[2.022s] -- Up-to-date: /home/wheeltec/wheeltec_ros2/install/lsm10_v2/share/lsm10_v2/local_setup.sh
[2.022s] -- Up-to-date: /home/wheeltec/wheeltec_ros2/install/lsm10_v2/share/lsm10_v2/local_setup.zsh
[2.023s] -- Up-to-date: /home/wheeltec/wheeltec_ros2/install/lsm10_v2/share/lsm10_v2/local_setup.dsv
[2.023s] -- Installing: /home/wheeltec/wheeltec_ros2/install/lsm10_v2/share/lsm10_v2/package.dsv
[2.023s] -- Up-to-date: /home/wheeltec/wheeltec_ros2/install/lsm10_v2/share/ament_index/resource_index/packages/lsm10_v2
[2.025s] -- Up-to-date: /home/wheeltec/wheeltec_ros2/install/lsm10_v2/share/lsm10_v2/cmake/lsm10_v2__rosidl_generator_cExport.cmake
[2.026s] -- Up-to-date: /home/wheeltec/wheeltec_ros2/install/lsm10_v2/share/lsm10_v2/cmake/lsm10_v2__rosidl_generator_cExport-noconfig.cmake
[2.027s] -- Up-to-date: /home/wheeltec/wheeltec_ros2/install/lsm10_v2/share/lsm10_v2/cmake/lsm10_v2__rosidl_typesupport_introspection_cExport.cmake
[2.027s] -- Up-to-date: /home/wheeltec/wheeltec_ros2/install/lsm10_v2/share/lsm10_v2/cmake/lsm10_v2__rosidl_typesupport_introspection_cExport-noconfig.cmake
[2.029s] -- Up-to-date: /home/wheeltec/wheeltec_ros2/install/lsm10_v2/share/lsm10_v2/cmake/lsm10_v2__rosidl_typesupport_cExport.cmake
[2.029s] -- Up-to-date: /home/wheeltec/wheeltec_ros2/install/lsm10_v2/share/lsm10_v2/cmake/lsm10_v2__rosidl_typesupport_cExport-noconfig.cmake
[2.030s] -- Up-to-date: /home/wheeltec/wheeltec_ros2/install/lsm10_v2/share/lsm10_v2/cmake/lsm10_v2__rosidl_generator_cppExport.cmake
[2.031s] -- Up-to-date: /home/wheeltec/wheeltec_ros2/install/lsm10_v2/share/lsm10_v2/cmake/lsm10_v2__rosidl_typesupport_introspection_cppExport.cmake
[2.032s] -- Up-to-date: /home/wheeltec/wheeltec_ros2/install/lsm10_v2/share/lsm10_v2/cmake/lsm10_v2__rosidl_typesupport_introspection_cppExport-noconfig.cmake
[2.033s] -- Up-to-date: /home/wheeltec/wheeltec_ros2/install/lsm10_v2/share/lsm10_v2/cmake/lsm10_v2__rosidl_typesupport_cppExport.cmake
[2.033s] -- Up-to-date: /home/wheeltec/wheeltec_ros2/install/lsm10_v2/share/lsm10_v2/cmake/lsm10_v2__rosidl_typesupport_cppExport-noconfig.cmake
[2.034s] -- Up-to-date: /home/wheeltec/wheeltec_ros2/install/lsm10_v2/share/lsm10_v2/cmake/rosidl_cmake-extras.cmake
[2.034s] -- Up-to-date: /home/wheeltec/wheeltec_ros2/install/lsm10_v2/share/lsm10_v2/cmake/ament_cmake_export_dependencies-extras.cmake
[2.034s] -- Up-to-date: /home/wheeltec/wheeltec_ros2/install/lsm10_v2/share/lsm10_v2/cmake/ament_cmake_export_libraries-extras.cmake
[2.035s] -- Up-to-date: /home/wheeltec/wheeltec_ros2/install/lsm10_v2/share/lsm10_v2/cmake/ament_cmake_export_targets-extras.cmake
[2.035s] -- Up-to-date: /home/wheeltec/wheeltec_ros2/install/lsm10_v2/share/lsm10_v2/cmake/ament_cmake_export_include_directories-extras.cmake
[2.035s] -- Up-to-date: /home/wheeltec/wheeltec_ros2/install/lsm10_v2/share/lsm10_v2/cmake/rosidl_cmake_export_typesupport_libraries-extras.cmake
[2.036s] -- Up-to-date: /home/wheeltec/wheeltec_ros2/install/lsm10_v2/share/lsm10_v2/cmake/rosidl_cmake_export_typesupport_targets-extras.cmake
[2.036s] -- Up-to-date: /home/wheeltec/wheeltec_ros2/install/lsm10_v2/share/lsm10_v2/cmake/lsm10_v2Config.cmake
[2.036s] -- Up-to-date: /home/wheeltec/wheeltec_ros2/install/lsm10_v2/share/lsm10_v2/cmake/lsm10_v2Config-version.cmake
[2.037s] -- Up-to-date: /home/wheeltec/wheeltec_ros2/install/lsm10_v2/share/lsm10_v2/package.xml
[2.046s] Invoked command in '/home/wheeltec/wheeltec_ros2/build/lsm10_v2' returned '0': CMAKE_PREFIX_PATH=${CMAKE_PREFIX_PATH}:/home/wheeltec/wheeltec_ros2/install/simple_follower_ros2:/home/wheeltec/wheeltec_ros2/install/wheeltec_robot_keyboard:/home/wheeltec/wheeltec_ros2/install/tf2_tools:/home/wheeltec/wheeltec_ros2/install/nav2_simple_commander:/home/wheeltec/wheeltec_ros2/install/nav2_gazebo_spawner:/opt/ros/galactic /usr/bin/cmake --install /home/wheeltec/wheeltec_ros2/build/lsm10_v2
