-- The C compiler identification is GNU 9.4.0
-- The CXX compiler identification is GNU 9.4.0
-- Check for working C compiler: /usr/bin/cc
-- Check for working C compiler: /usr/bin/cc -- works
-- Detecting C compiler ABI info
-- Detecting C compiler ABI info - done
-- Detecting C compile features
-- Detecting C compile features - done
-- Check for working CXX compiler: /usr/bin/c++
-- Check for working CXX compiler: /usr/bin/c++ -- works
-- Detecting CXX compiler ABI info
-- Detecting CXX compiler ABI info - done
-- Detecting CXX compile features
-- Detecting CXX compile features - done
-- Found ament_cmake: 1.1.5 (/opt/ros/galactic/share/ament_cmake/cmake)
-- Found PythonInterp: /usr/bin/python3 (found suitable version "3.8.10", minimum required is "3") 
-- Using PYTHON_EXECUTABLE: /usr/bin/python3
-- Found astra_msgs: 1.0.0 (/home/wheeltec/wheeltec_ros2/install/astra_msgs/share/astra_msgs/cmake)
-- Using all available rosidl_typesupport_c: rosidl_typesupport_fastrtps_c;rosidl_typesupport_introspection_c
-- Found rosidl_adapter: 2.2.2 (/opt/ros/galactic/share/rosidl_adapter/cmake)
-- Found OpenSSL: /usr/lib/aarch64-linux-gnu/libcrypto.so (found version "1.1.1f")  
-- Found FastRTPS: /opt/ros/galactic/include  
-- Using all available rosidl_typesupport_cpp: rosidl_typesupport_fastrtps_cpp;rosidl_typesupport_introspection_cpp
-- Found rclcpp: 9.2.1 (/opt/ros/galactic/share/rclcpp/cmake)
-- Found rmw_implementation_cmake: 3.3.1 (/opt/ros/galactic/share/rmw_implementation_cmake/cmake)
-- Found rmw_cyclonedds_cpp: 0.22.5 (/opt/ros/galactic/share/rmw_cyclonedds_cpp/cmake)
-- Using RMW implementation 'rmw_cyclonedds_cpp' as default
-- Looking for pthread.h
-- Looking for pthread.h - found
-- Performing Test CMAKE_HAVE_LIBC_PTHREAD
-- Performing Test CMAKE_HAVE_LIBC_PTHREAD - Failed
-- Looking for pthread_create in pthreads
-- Looking for pthread_create in pthreads - not found
-- Looking for pthread_create in pthread
-- Looking for pthread_create in pthread - found
-- Found Threads: TRUE  
-- Found rclcpp_components: 9.2.1 (/opt/ros/galactic/share/rclcpp_components/cmake)
-- Found image_transport: 2.3.1 (/opt/ros/galactic/share/image_transport/cmake)
-- Found camera_info_manager: 2.3.1 (/opt/ros/galactic/share/camera_info_manager/cmake)
-- ORRBEC Machine : aarch64

-- ORRBEC Machine Bits : 64

ORBBEC_OPENNI2_REDIST: /home/wheeltec/wheeltec_ros2/src/ros2_astra_camera-main/ros2_astra_camera/lib/openni2_redist/arm64
-- Found ament_lint_auto: 0.10.7 (/opt/ros/galactic/share/ament_lint_auto/cmake)
-- Added test 'copyright' to check source files copyright and LICENSE
-- Added test 'cppcheck' to perform static code analysis on C / C++ code
-- Configured cppcheck include dirs: /home/wheeltec/wheeltec_ros2/src/ros2_astra_camera-main/ros2_astra_camera/include;/home/wheeltec/wheeltec_ros2/src/ros2_astra_camera-main/ros2_astra_camera/lib;/home/wheeltec/wheeltec_ros2/src/ros2_astra_camera-main/ros2_astra_camera/lib/openni2
-- Configured cppcheck exclude dirs and/or files: 
-- Added test 'cpplint' to check C / C++ code against the Google style
-- Configured cpplint exclude dirs and/or files: 
-- Added test 'flake8' to check Python code syntax and style conventions
-- Added test 'lint_cmake' to check CMake code style
-- Added test 'pep257' to check Python code against some of the style conventions in PEP 257
-- Added test 'uncrustify' to check C / C++ code style
-- Configured uncrustify additional arguments: 
-- Added test 'xmllint' to check XML markup files
-- Configuring done
WARNING: Target "astra_wrapper" requests linking to directory "/home/wheeltec/wheeltec_ros2/src/ros2_astra_camera-main/ros2_astra_camera/lib/openni2_redist/arm64".  Targets may link only to libraries.  CMake is dropping the item.
WARNING: Target "astra_driver" requests linking to directory "/home/wheeltec/wheeltec_ros2/src/ros2_astra_camera-main/ros2_astra_camera/lib/openni2_redist/arm64".  Targets may link only to libraries.  CMake is dropping the item.
WARNING: Target "camera_driver" requests linking to directory "/home/wheeltec/wheeltec_ros2/src/ros2_astra_camera-main/ros2_astra_camera/lib/openni2_redist/arm64".  Targets may link only to libraries.  CMake is dropping the item.
WARNING: Target "astra_camera_node" requests linking to directory "/home/wheeltec/wheeltec_ros2/src/ros2_astra_camera-main/ros2_astra_camera/lib/openni2_redist/arm64".  Targets may link only to libraries.  CMake is dropping the item.
WARNING: Target "uvc_camera_node" requests linking to directory "/home/wheeltec/wheeltec_ros2/src/ros2_astra_camera-main/ros2_astra_camera/lib/openni2_redist/arm64".  Targets may link only to libraries.  CMake is dropping the item.
-- Generating done
-- Build files have been written to: /home/wheeltec/wheeltec_ros2/build/ros2_astra_camera
[35m[1mScanning dependencies of target ColorReaderEvent[0m
[  5%] [32mBuilding CXX object CMakeFiles/ColorReaderEvent.dir/src/ColorReaderEvent.cpp.o[0m
[01m[K/home/wheeltec/wheeltec_ros2/src/ros2_astra_camera-main/ros2_astra_camera/src/ColorReaderEvent.cpp:[m[K In function ‘[01m[Kint main(int, char**)[m[K’:
[01m[K/home/wheeltec/wheeltec_ros2/src/ros2_astra_camera-main/ros2_astra_camera/src/ColorReaderEvent.cpp:43:14:[m[K [01;35m[Kwarning: [m[Kunused parameter ‘[01m[Kargc[m[K’ [[01;35m[K-Wunused-parameter[m[K]
   43 | int main([01;35m[Kint argc[m[K, char* argv[])
      |          [01;35m[K~~~~^~~~[m[K
[01m[K/home/wheeltec/wheeltec_ros2/src/ros2_astra_camera-main/ros2_astra_camera/src/ColorReaderEvent.cpp:43:26:[m[K [01;35m[Kwarning: [m[Kunused parameter ‘[01m[Kargv[m[K’ [[01;35m[K-Wunused-parameter[m[K]
   43 | int main(int argc, [01;35m[Kchar* argv[][m[K)
      |                    [01;35m[K~~~~~~^~~~~~[m[K
[ 10%] [32m[1mLinking CXX executable ColorReaderEvent[0m
[ 10%] Built target ColorReaderEvent
[35m[1mScanning dependencies of target astra_wrapper[0m
[ 15%] [32mBuilding CXX object CMakeFiles/astra_wrapper.dir/src/astra_wrapper/astra_convert.cpp.o[0m
[ 20%] [32mBuilding CXX object CMakeFiles/astra_wrapper.dir/src/astra_wrapper/astra_timer_filter.cpp.o[0m
[ 25%] [32mBuilding CXX object CMakeFiles/astra_wrapper.dir/src/astra_wrapper/astra_frame_listener.cpp.o[0m
[ 30%] [32mBuilding CXX object CMakeFiles/astra_wrapper.dir/src/astra_wrapper/astra_device_manager.cpp.o[0m
[01m[K/home/wheeltec/wheeltec_ros2/src/ros2_astra_camera-main/ros2_astra_camera/src/astra_wrapper/astra_device_manager.cpp:[m[K In member function ‘[01m[Kstd::string astra_camera::AstraDeviceManager::getSerial(const string&) const[m[K’:
[01m[K/home/wheeltec/wheeltec_ros2/src/ros2_astra_camera-main/ros2_astra_camera/src/astra_wrapper/astra_device_manager.cpp:210:10:[m[K [01;35m[Kwarning: [m[KISO C++ forbids variable length array ‘[01m[Kserial[m[K’ [[01;35m[K-Wvla[m[K]
  210 |     char [01;35m[Kserial[m[K[serial_len];
      |          [01;35m[K^~~~~~[m[K
[ 35%] [32mBuilding CXX object CMakeFiles/astra_wrapper.dir/src/astra_wrapper/astra_exception.cpp.o[0m
[ 40%] [32mBuilding CXX object CMakeFiles/astra_wrapper.dir/src/astra_wrapper/astra_video_mode.cpp.o[0m
[ 45%] [32mBuilding CXX object CMakeFiles/astra_wrapper.dir/src/astra_wrapper/astra_device_type.cpp.o[0m
[ 50%] [32mBuilding CXX object CMakeFiles/astra_wrapper.dir/src/astra_wrapper/astra_device_info.cpp.o[0m
[ 55%] [32mBuilding CXX object CMakeFiles/astra_wrapper.dir/src/astra_wrapper/astra_device.cpp.o[0m
[01m[K/home/wheeltec/wheeltec_ros2/src/ros2_astra_camera-main/ros2_astra_camera/src/astra_wrapper/astra_device.cpp:[m[K In member function ‘[01m[Kvoid astra_camera::AstraDevice::setIRFlood(bool)[m[K’:
[01m[K/home/wheeltec/wheeltec_ros2/src/ros2_astra_camera-main/ros2_astra_camera/src/astra_wrapper/astra_device.cpp:359:7:[m[K [01;35m[Kwarning: [m[Kunused variable ‘[01m[Kdata_size[m[K’ [[01;35m[K-Wunused-variable[m[K]
  359 |   int [01;35m[Kdata_size[m[K = 4;
      |       [01;35m[K^~~~~~~~~[m[K
[01m[K/home/wheeltec/wheeltec_ros2/src/ros2_astra_camera-main/ros2_astra_camera/src/astra_wrapper/astra_device.cpp:[m[K In member function ‘[01m[Kvoid astra_camera::AstraDevice::setLDP(bool)[m[K’:
[01m[K/home/wheeltec/wheeltec_ros2/src/ros2_astra_camera-main/ros2_astra_camera/src/astra_wrapper/astra_device.cpp:368:7:[m[K [01;35m[Kwarning: [m[Kunused variable ‘[01m[Kdata_size[m[K’ [[01;35m[K-Wunused-variable[m[K]
  368 |   int [01;35m[Kdata_size[m[K = 4;
      |       [01;35m[K^~~~~~~~~[m[K
[01m[K/home/wheeltec/wheeltec_ros2/src/ros2_astra_camera-main/ros2_astra_camera/src/astra_wrapper/astra_device.cpp:[m[K In member function ‘[01m[Kvoid astra_camera::AstraDevice::setDistortioncal(bool)[m[K’:
[01m[K/home/wheeltec/wheeltec_ros2/src/ros2_astra_camera-main/ros2_astra_camera/src/astra_wrapper/astra_device.cpp:407:7:[m[K [01;35m[Kwarning: [m[Kunused variable ‘[01m[Kdata_size[m[K’ [[01;35m[K-Wunused-variable[m[K]
  407 |   int [01;35m[Kdata_size[m[K = 4;
      |       [01;35m[K^~~~~~~~~[m[K
[ 60%] [32m[1mLinking CXX static library libastra_wrapper.a[0m
[ 60%] Built target astra_wrapper
[35m[1mScanning dependencies of target astra_driver[0m
[ 65%] [32mBuilding CXX object CMakeFiles/astra_driver.dir/src/astra_driver.cpp.o[0m
In file included from [01m[K/home/wheeltec/wheeltec_ros2/src/ros2_astra_camera-main/ros2_astra_camera/src/astra_driver.cpp:1[m[K:
[01m[K/home/wheeltec/wheeltec_ros2/src/ros2_astra_camera-main/ros2_astra_camera/include/ros2_astra_camera/astra_driver.h:[m[K In constructor ‘[01m[Kros2_astra_camera::AstraDriver::AstraDriver(const rclcpp::NodeOptions&)[m[K’:
[01m[K/home/wheeltec/wheeltec_ros2/src/ros2_astra_camera-main/ros2_astra_camera/include/ros2_astra_camera/astra_driver.h:267:8:[m[K [01;35m[Kwarning: [m[K‘[01m[Kros2_astra_camera::AstraDriver::depth_raw_subscribers_[m[K’ will be initialized after [[01;35m[K-Wreorder[m[K]
  267 |   bool [01;35m[Kdepth_raw_subscribers_[m[K;
      |        [01;35m[K^~~~~~~~~~~~~~~~~~~~~~[m[K
[01m[K/home/wheeltec/wheeltec_ros2/src/ros2_astra_camera-main/ros2_astra_camera/include/ros2_astra_camera/astra_driver.h:260:20:[m[K [01;35m[Kwarning: [m[K  ‘[01m[Krclcpp::Duration ros2_astra_camera::AstraDriver::depth_time_offset_[m[K’ [[01;35m[K-Wreorder[m[K]
  260 |   rclcpp::Duration [01;35m[Kdepth_time_offset_[m[K;
      |                    [01;35m[K^~~~~~~~~~~~~~~~~~[m[K
[01m[K/home/wheeltec/wheeltec_ros2/src/ros2_astra_camera-main/ros2_astra_camera/src/astra_driver.cpp:17:1:[m[K [01;35m[Kwarning: [m[K  when initialized here [[01;35m[K-Wreorder[m[K]
   17 | [01;35m[KAstraDriver[m[K::AstraDriver(const rclcpp::NodeOptions& options)
      | [01;35m[K^~~~~~~~~~~[m[K
In file included from [01m[K/home/wheeltec/wheeltec_ros2/src/ros2_astra_camera-main/ros2_astra_camera/src/astra_driver.cpp:1[m[K:
[01m[K/home/wheeltec/wheeltec_ros2/src/ros2_astra_camera-main/ros2_astra_camera/include/ros2_astra_camera/astra_driver.h:260:20:[m[K [01;35m[Kwarning: [m[K‘[01m[Kros2_astra_camera::AstraDriver::depth_time_offset_[m[K’ will be initialized after [[01;35m[K-Wreorder[m[K]
  260 |   rclcpp::Duration [01;35m[Kdepth_time_offset_[m[K;
      |                    [01;35m[K^~~~~~~~~~~~~~~~~~[m[K
[01m[K/home/wheeltec/wheeltec_ros2/src/ros2_astra_camera-main/ros2_astra_camera/include/ros2_astra_camera/astra_driver.h:258:20:[m[K [01;35m[Kwarning: [m[K  ‘[01m[Krclcpp::Duration ros2_astra_camera::AstraDriver::ir_time_offset_[m[K’ [[01;35m[K-Wreorder[m[K]
  258 |   rclcpp::Duration [01;35m[Kir_time_offset_[m[K;
      |                    [01;35m[K^~~~~~~~~~~~~~~[m[K
[01m[K/home/wheeltec/wheeltec_ros2/src/ros2_astra_camera-main/ros2_astra_camera/src/astra_driver.cpp:17:1:[m[K [01;35m[Kwarning: [m[K  when initialized here [[01;35m[K-Wreorder[m[K]
   17 | [01;35m[KAstraDriver[m[K::AstraDriver(const rclcpp::NodeOptions& options)
      | [01;35m[K^~~~~~~~~~~[m[K
[01m[K/home/wheeltec/wheeltec_ros2/src/ros2_astra_camera-main/ros2_astra_camera/src/astra_driver.cpp:44:11:[m[K [01;35m[Kwarning: [m[Kunused variable ‘[01m[Ktmp[m[K’ [[01;35m[K-Wunused-variable[m[K]
   44 |     char* [01;35m[Ktmp[m[K;
      |           [01;35m[K^~~[m[K
[01m[K/home/wheeltec/wheeltec_ros2/src/ros2_astra_camera-main/ros2_astra_camera/src/astra_driver.cpp:[m[K In member function ‘[01m[Kvoid ros2_astra_camera::AstraDriver::setIRGainCallback(std::shared_ptr<rmw_request_id_t>, std::shared_ptr<astra_msgs::srv::SetIRGain_Request_<std::allocator<void> > >, std::shared_ptr<astra_msgs::srv::SetIRGain_Response_<std::allocator<void> > >)[m[K’:
[01m[K/home/wheeltec/wheeltec_ros2/src/ros2_astra_camera-main/ros2_astra_camera/src/astra_driver.cpp:196:59:[m[K [01;35m[Kwarning: [m[Kunused parameter ‘[01m[Kres[m[K’ [[01;35m[K-Wunused-parameter[m[K]
  196 |     [01;35m[Kstd::shared_ptr<astra_msgs::srv::SetIRGain::Response> res[m[K) {
      |     [01;35m[K~~~~~~~~~~~~~~~~~~~~~~~~~~~~~~~~~~~~~~~~~~~~~~~~~~~~~~^~~[m[K
[01m[K/home/wheeltec/wheeltec_ros2/src/ros2_astra_camera-main/ros2_astra_camera/src/astra_driver.cpp:[m[K In member function ‘[01m[Ksensor_msgs::msg::CameraInfo_<std::allocator<void> >::SharedPtr ros2_astra_camera::AstraDriver::getColorCameraInfo(int, int, rclcpp::Time) const[m[K’:
[01m[K/home/wheeltec/wheeltec_ros2/src/ros2_astra_camera-main/ros2_astra_camera/src/astra_driver.cpp:742:21:[m[K [01;35m[Kwarning: [m[Kcomparison of integer expressions of different signedness: ‘[01m[Ksensor_msgs::msg::CameraInfo_<std::allocator<void> >::_width_type[m[K’ {aka ‘[01m[Kunsigned int[m[K’} and ‘[01m[Kint[m[K’ [[01;35m[K-Wsign-compare[m[K]
  742 |     if ([01;35m[Kinfo->width != width[m[K) {
      |         [01;35m[K~~~~~~~~~~~~^~~~~~~~[m[K
[01m[K/home/wheeltec/wheeltec_ros2/src/ros2_astra_camera-main/ros2_astra_camera/src/astra_driver.cpp:[m[K In member function ‘[01m[Ksensor_msgs::msg::CameraInfo_<std::allocator<void> >::SharedPtr ros2_astra_camera::AstraDriver::getIRCameraInfo(int, int, rclcpp::Time) const[m[K’:
[01m[K/home/wheeltec/wheeltec_ros2/src/ros2_astra_camera-main/ros2_astra_camera/src/astra_driver.cpp:806:21:[m[K [01;35m[Kwarning: [m[Kcomparison of integer expressions of different signedness: ‘[01m[Ksensor_msgs::msg::CameraInfo_<std::allocator<void> >::_width_type[m[K’ {aka ‘[01m[Kunsigned int[m[K’} and ‘[01m[Kint[m[K’ [[01;35m[K-Wsign-compare[m[K]
  806 |     if ([01;35m[Kinfo->width != width[m[K) {
      |         [01;35m[K~~~~~~~~~~~~^~~~~~~~[m[K
[01m[K/home/wheeltec/wheeltec_ros2/src/ros2_astra_camera-main/ros2_astra_camera/src/astra_driver.cpp:[m[K In member function ‘[01m[Kstd::string ros2_astra_camera::AstraDriver::resolveDeviceURI(const string&)[m[K’:
[01m[K/home/wheeltec/wheeltec_ros2/src/ros2_astra_camera-main/ros2_astra_camera/src/astra_driver.cpp:1073:22:[m[K [01;35m[Kwarning: [m[Kcomparison of integer expressions of different signedness: ‘[01m[Kint[m[K’ and ‘[01m[Kstd::vector<std::__cxx11::basic_string<char>, std::allocator<std::__cxx11::basic_string<char> > >::size_type[m[K’ {aka ‘[01m[Klong unsigned int[m[K’} [[01;35m[K-Wsign-compare[m[K]
 1073 |     if ([01;35m[Kdevice_index >= available_device_URIs->size()[m[K || device_index < 0) {
      |         [01;35m[K~~~~~~~~~~~~~^~~~~~~~~~~~~~~~~~~~~~~~~~~~~~~~[m[K
[ 70%] [32m[1mLinking CXX shared library libastra_driver.so[0m
[ 70%] Built target astra_driver
[35m[1mScanning dependencies of target camera_driver[0m
[ 75%] [32mBuilding CXX object CMakeFiles/camera_driver.dir/src/camera_driver.cpp.o[0m
[ 80%] [32m[1mLinking CXX shared library libcamera_driver.so[0m
[ 80%] Built target camera_driver
[35m[1mScanning dependencies of target astra_camera_node[0m
[ 85%] [32mBuilding CXX object CMakeFiles/astra_camera_node.dir/src/astra_camera_node.cpp.o[0m
[ 90%] [32m[1mLinking CXX executable astra_camera_node[0m
[ 90%] Built target astra_camera_node
[35m[1mScanning dependencies of target uvc_camera_node[0m
[ 95%] [32mBuilding CXX object CMakeFiles/uvc_camera_node.dir/src/camera_driver_node.cpp.o[0m
[100%] [32m[1mLinking CXX executable uvc_camera_node[0m
[100%] Built target uvc_camera_node
-- Install configuration: ""
-- Installing: /home/wheeltec/wheeltec_ros2/install/ros2_astra_camera/lib/ros2_astra_camera/astra_camera_node
-- Set runtime path of "/home/wheeltec/wheeltec_ros2/install/ros2_astra_camera/lib/ros2_astra_camera/astra_camera_node" to ""
-- Installing: /home/wheeltec/wheeltec_ros2/install/ros2_astra_camera/lib/ros2_astra_camera/uvc_camera_node
-- Set runtime path of "/home/wheeltec/wheeltec_ros2/install/ros2_astra_camera/lib/ros2_astra_camera/uvc_camera_node" to ""
-- Installing: /home/wheeltec/wheeltec_ros2/install/ros2_astra_camera/lib/ros2_astra_camera/ColorReaderEvent
-- Set runtime path of "/home/wheeltec/wheeltec_ros2/install/ros2_astra_camera/lib/ros2_astra_camera/ColorReaderEvent" to ""
-- Installing: /home/wheeltec/wheeltec_ros2/install/ros2_astra_camera/lib/ros2_astra_camera/libOpenNI2.so
-- Installing: /home/wheeltec/wheeltec_ros2/install/ros2_astra_camera/lib/ros2_astra_camera/OpenNI2
-- Installing: /home/wheeltec/wheeltec_ros2/install/ros2_astra_camera/lib/ros2_astra_camera/OpenNI2/Drivers
-- Installing: /home/wheeltec/wheeltec_ros2/install/ros2_astra_camera/lib/ros2_astra_camera/OpenNI2/Drivers/OniFile.ini
-- Installing: /home/wheeltec/wheeltec_ros2/install/ros2_astra_camera/lib/ros2_astra_camera/OpenNI2/Drivers/orbbec.ini
-- Installing: /home/wheeltec/wheeltec_ros2/install/ros2_astra_camera/lib/ros2_astra_camera/OpenNI2/Drivers/libOniFile.so
-- Installing: /home/wheeltec/wheeltec_ros2/install/ros2_astra_camera/lib/ros2_astra_camera/OpenNI2/Drivers/liborbbec.so
-- Installing: /home/wheeltec/wheeltec_ros2/install/ros2_astra_camera/lib/libastra_wrapper.a
-- Installing: /home/wheeltec/wheeltec_ros2/install/ros2_astra_camera/lib/libcamera_driver.so
-- Set runtime path of "/home/wheeltec/wheeltec_ros2/install/ros2_astra_camera/lib/libcamera_driver.so" to ""
-- Installing: /home/wheeltec/wheeltec_ros2/install/ros2_astra_camera/lib/libastra_driver.so
-- Set runtime path of "/home/wheeltec/wheeltec_ros2/install/ros2_astra_camera/lib/libastra_driver.so" to ""
-- Installing: /home/wheeltec/wheeltec_ros2/install/ros2_astra_camera/share/ros2_astra_camera/launch
-- Installing: /home/wheeltec/wheeltec_ros2/install/ros2_astra_camera/share/ros2_astra_camera/launch/astra_rviz.py
-- Installing: /home/wheeltec/wheeltec_ros2/install/ros2_astra_camera/share/ros2_astra_camera/launch/rviz
-- Installing: /home/wheeltec/wheeltec_ros2/install/ros2_astra_camera/share/ros2_astra_camera/launch/rviz/astra.rviz
-- Installing: /home/wheeltec/wheeltec_ros2/install/ros2_astra_camera/share/ros2_astra_camera/launch/params
-- Installing: /home/wheeltec/wheeltec_ros2/install/ros2_astra_camera/share/ros2_astra_camera/launch/params/astra_pro.yaml
-- Installing: /home/wheeltec/wheeltec_ros2/install/ros2_astra_camera/share/ros2_astra_camera/launch/astra_pro_launch.py
-- Installing: /home/wheeltec/wheeltec_ros2/install/ros2_astra_camera/share/ros2_astra_camera/launch/urdf
-- Installing: /home/wheeltec/wheeltec_ros2/install/ros2_astra_camera/share/ros2_astra_camera/launch/urdf/astra_pro.urdf
-- Installing: /home/wheeltec/wheeltec_ros2/install/ros2_astra_camera/share/ros2_astra_camera/environment/library_path.sh
-- Installing: /home/wheeltec/wheeltec_ros2/install/ros2_astra_camera/share/ros2_astra_camera/environment/library_path.dsv
-- Installing: /home/wheeltec/wheeltec_ros2/install/ros2_astra_camera/share/ament_index/resource_index/package_run_dependencies/ros2_astra_camera
-- Installing: /home/wheeltec/wheeltec_ros2/install/ros2_astra_camera/share/ament_index/resource_index/parent_prefix_path/ros2_astra_camera
-- Installing: /home/wheeltec/wheeltec_ros2/install/ros2_astra_camera/share/ros2_astra_camera/environment/ament_prefix_path.sh
-- Installing: /home/wheeltec/wheeltec_ros2/install/ros2_astra_camera/share/ros2_astra_camera/environment/ament_prefix_path.dsv
-- Installing: /home/wheeltec/wheeltec_ros2/install/ros2_astra_camera/share/ros2_astra_camera/environment/path.sh
-- Installing: /home/wheeltec/wheeltec_ros2/install/ros2_astra_camera/share/ros2_astra_camera/environment/path.dsv
-- Installing: /home/wheeltec/wheeltec_ros2/install/ros2_astra_camera/share/ros2_astra_camera/local_setup.bash
-- Installing: /home/wheeltec/wheeltec_ros2/install/ros2_astra_camera/share/ros2_astra_camera/local_setup.sh
-- Installing: /home/wheeltec/wheeltec_ros2/install/ros2_astra_camera/share/ros2_astra_camera/local_setup.zsh
-- Installing: /home/wheeltec/wheeltec_ros2/install/ros2_astra_camera/share/ros2_astra_camera/local_setup.dsv
-- Installing: /home/wheeltec/wheeltec_ros2/install/ros2_astra_camera/share/ros2_astra_camera/package.dsv
-- Installing: /home/wheeltec/wheeltec_ros2/install/ros2_astra_camera/share/ament_index/resource_index/packages/ros2_astra_camera
-- Installing: /home/wheeltec/wheeltec_ros2/install/ros2_astra_camera/share/ament_index/resource_index/rclcpp_components/ros2_astra_camera
-- Installing: /home/wheeltec/wheeltec_ros2/install/ros2_astra_camera/share/ros2_astra_camera/cmake/ament_cmake_export_include_directories-extras.cmake
-- Installing: /home/wheeltec/wheeltec_ros2/install/ros2_astra_camera/share/ros2_astra_camera/cmake/ament_cmake_export_libraries-extras.cmake
-- Installing: /home/wheeltec/wheeltec_ros2/install/ros2_astra_camera/share/ros2_astra_camera/cmake/ros2_astra_cameraConfig.cmake
-- Installing: /home/wheeltec/wheeltec_ros2/install/ros2_astra_camera/share/ros2_astra_camera/cmake/ros2_astra_cameraConfig-version.cmake
-- Installing: /home/wheeltec/wheeltec_ros2/install/ros2_astra_camera/share/ros2_astra_camera/package.xml
