[0.221s] Invoking command in '/home/wheeltec/wheeltec_ros2/build/ar_track_alvar_msgs': CMAKE_PREFIX_PATH=${CMAKE_PREFIX_PATH}:/home/wheeltec/wheeltec_ros2/install/simple_follower_ros2:/home/wheeltec/wheeltec_ros2/install/wheeltec_robot_keyboard:/home/wheeltec/wheeltec_ros2/install/tf2_tools:/home/wheeltec/wheeltec_ros2/install/nav2_simple_commander:/home/wheeltec/wheeltec_ros2/install/nav2_gazebo_spawner:/opt/ros/galactic /usr/bin/cmake --build /home/wheeltec/wheeltec_ros2/build/ar_track_alvar_msgs -- -j4 -l4
[0.542s] -- Found ament_cmake: 1.1.6 (/opt/ros/galactic/share/ament_cmake/cmake)
[0.756s] -- Found PythonInterp: /usr/bin/python3 (found suitable version "3.8.10", minimum required is "3") 
[0.758s] -- Using PYTHON_EXECUTABLE: /usr/bin/python3
[1.156s] -- Found std_msgs: 2.2.4 (/opt/ros/galactic/share/std_msgs/cmake)
[1.429s] -- Using all available rosidl_typesupport_c: rosidl_typesupport_fastrtps_c;rosidl_typesupport_introspection_c
[1.458s] -- Found rosidl_adapter: 2.2.3 (/opt/ros/galactic/share/rosidl_adapter/cmake)
[2.584s] -- Using all available rosidl_typesupport_cpp: rosidl_typesupport_fastrtps_cpp;rosidl_typesupport_introspection_cpp
[2.839s] -- Found geometry_msgs: 2.2.4 (/opt/ros/galactic/share/geometry_msgs/cmake)
[3.133s] -- Found rosidl_default_generators: 1.1.1 (/opt/ros/galactic/share/rosidl_default_generators/cmake)
[3.565s] -- Found PythonInterp: /usr/bin/python3 (found version "3.8.10") 
[5.092s] -- Found ament_cmake_ros: 0.9.2 (/opt/ros/galactic/share/ament_cmake_ros/cmake)
[6.874s] -- Using all available rosidl_typesupport_c: rosidl_typesupport_fastrtps_c;rosidl_typesupport_introspection_c
[7.582s] -- Using all available rosidl_typesupport_cpp: rosidl_typesupport_fastrtps_cpp;rosidl_typesupport_introspection_cpp
[7.791s] -- Found PythonInterp: /usr/bin/python3 (found suitable version "3.8.10", minimum required is "3.5") 
[7.794s] -- Found python_cmake_module: 0.8.1 (/opt/ros/galactic/share/python_cmake_module/cmake)
[7.932s] -- Using PYTHON_EXECUTABLE: /usr/bin/python3
[7.933s] -- Using PYTHON_INCLUDE_DIRS: /usr/include/python3.8
[7.934s] -- Using PYTHON_LIBRARIES: /usr/lib/aarch64-linux-gnu/libpython3.8.so
[8.502s] -- Configuring done
[8.832s] -- Generating done
[8.850s] -- Build files have been written to: /home/wheeltec/wheeltec_ros2/build/ar_track_alvar_msgs
[9.098s] [  2%] [34m[1mGenerating C++ code for ROS interfaces[0m
[10.921s] [  2%] Built target ar_track_alvar_msgs__cpp
[10.995s] [  5%] [34m[1mGenerating C code for ROS interfaces[0m
[13.016s] [35m[1mScanning dependencies of target ar_track_alvar_msgs__rosidl_generator_c[0m
[13.108s] [  7%] [32mBuilding C object CMakeFiles/ar_track_alvar_msgs__rosidl_generator_c.dir/rosidl_generator_c/ar_track_alvar_msgs/msg/detail/alvar_markers__functions.c.o[0m
[13.338s] [ 10%] [32mBuilding C object CMakeFiles/ar_track_alvar_msgs__rosidl_generator_c.dir/rosidl_generator_c/ar_track_alvar_msgs/msg/detail/alvar_marker__functions.c.o[0m
[13.572s] [ 12%] [32m[1mLinking C shared library libar_track_alvar_msgs__rosidl_generator_c.so[0m
[13.798s] [ 12%] Built target ar_track_alvar_msgs__rosidl_generator_c
[13.873s] [ 15%] [34m[1mGenerating C++ type support dispatch for ROS interfaces[0m
[15.128s] [35m[1mScanning dependencies of target ar_track_alvar_msgs__rosidl_typesupport_cpp[0m
[15.212s] [ 17%] [32mBuilding CXX object CMakeFiles/ar_track_alvar_msgs__rosidl_typesupport_cpp.dir/rosidl_typesupport_cpp/ar_track_alvar_msgs/msg/alvar_markers__type_support.cpp.o[0m
[16.593s] [ 20%] [32mBuilding CXX object CMakeFiles/ar_track_alvar_msgs__rosidl_typesupport_cpp.dir/rosidl_typesupport_cpp/ar_track_alvar_msgs/msg/alvar_marker__type_support.cpp.o[0m
[17.966s] [ 23%] [32m[1mLinking CXX shared library libar_track_alvar_msgs__rosidl_typesupport_cpp.so[0m
[18.185s] [ 23%] Built target ar_track_alvar_msgs__rosidl_typesupport_cpp
[18.261s] [ 25%] [34m[1mGenerating C introspection for ROS interfaces[0m
[19.757s] [35m[1mScanning dependencies of target ar_track_alvar_msgs__rosidl_typesupport_introspection_c[0m
[19.847s] [ 28%] [32mBuilding C object CMakeFiles/ar_track_alvar_msgs__rosidl_typesupport_introspection_c.dir/rosidl_typesupport_introspection_c/ar_track_alvar_msgs/msg/detail/alvar_markers__type_support.c.o[0m
[20.032s] [ 30%] [32mBuilding C object CMakeFiles/ar_track_alvar_msgs__rosidl_typesupport_introspection_c.dir/rosidl_typesupport_introspection_c/ar_track_alvar_msgs/msg/detail/alvar_marker__type_support.c.o[0m
[20.206s] [ 33%] [32m[1mLinking C shared library libar_track_alvar_msgs__rosidl_typesupport_introspection_c.so[0m
[20.393s] [ 33%] Built target ar_track_alvar_msgs__rosidl_typesupport_introspection_c
[20.470s] [ 35%] [34m[1mGenerating C type support dispatch for ROS interfaces[0m
[21.733s] [35m[1mScanning dependencies of target ar_track_alvar_msgs__rosidl_typesupport_c[0m
[21.825s] [ 38%] [32mBuilding CXX object CMakeFiles/ar_track_alvar_msgs__rosidl_typesupport_c.dir/rosidl_typesupport_c/ar_track_alvar_msgs/msg/alvar_markers__type_support.cpp.o[0m
[21.993s] [ 41%] [32mBuilding CXX object CMakeFiles/ar_track_alvar_msgs__rosidl_typesupport_c.dir/rosidl_typesupport_c/ar_track_alvar_msgs/msg/alvar_marker__type_support.cpp.o[0m
[22.164s] [ 43%] [32m[1mLinking CXX shared library libar_track_alvar_msgs__rosidl_typesupport_c.so[0m
[22.380s] [ 43%] Built target ar_track_alvar_msgs__rosidl_typesupport_c
[22.453s] [ 46%] [34m[1mGenerating C++ introspection for ROS interfaces[0m
[23.900s] [35m[1mScanning dependencies of target ar_track_alvar_msgs__rosidl_typesupport_introspection_cpp[0m
[23.996s] [ 48%] [32mBuilding CXX object CMakeFiles/ar_track_alvar_msgs__rosidl_typesupport_introspection_cpp.dir/rosidl_typesupport_introspection_cpp/ar_track_alvar_msgs/msg/detail/alvar_markers__type_support.cpp.o[0m
[25.588s] [ 51%] [32mBuilding CXX object CMakeFiles/ar_track_alvar_msgs__rosidl_typesupport_introspection_cpp.dir/rosidl_typesupport_introspection_cpp/ar_track_alvar_msgs/msg/detail/alvar_marker__type_support.cpp.o[0m
[26.952s] [ 53%] [32m[1mLinking CXX shared library libar_track_alvar_msgs__rosidl_typesupport_introspection_cpp.so[0m
[27.289s] [ 53%] Built target ar_track_alvar_msgs__rosidl_typesupport_introspection_cpp
[27.366s] [ 56%] [34m[1mGenerating C++ type support for eProsima Fast-RTPS[0m
[28.932s] [35m[1mScanning dependencies of target ar_track_alvar_msgs__rosidl_typesupport_fastrtps_cpp[0m
[29.058s] [ 58%] [32mBuilding CXX object CMakeFiles/ar_track_alvar_msgs__rosidl_typesupport_fastrtps_cpp.dir/rosidl_typesupport_fastrtps_cpp/ar_track_alvar_msgs/msg/detail/dds_fastrtps/alvar_markers__type_support.cpp.o[0m
[31.172s] [ 61%] [32mBuilding CXX object CMakeFiles/ar_track_alvar_msgs__rosidl_typesupport_fastrtps_cpp.dir/rosidl_typesupport_fastrtps_cpp/ar_track_alvar_msgs/msg/detail/dds_fastrtps/alvar_marker__type_support.cpp.o[0m
[33.032s] [ 64%] [32m[1mLinking CXX shared library libar_track_alvar_msgs__rosidl_typesupport_fastrtps_cpp.so[0m
[33.422s] [ 64%] Built target ar_track_alvar_msgs__rosidl_typesupport_fastrtps_cpp
[33.492s] [ 66%] [34m[1mGenerating C type support for eProsima Fast-RTPS[0m
[35.001s] [35m[1mScanning dependencies of target ar_track_alvar_msgs__rosidl_typesupport_fastrtps_c[0m
[35.127s] [ 69%] [32mBuilding CXX object CMakeFiles/ar_track_alvar_msgs__rosidl_typesupport_fastrtps_c.dir/rosidl_typesupport_fastrtps_c/ar_track_alvar_msgs/msg/detail/alvar_markers__type_support_c.cpp.o[0m
[36.794s] [ 71%] [32mBuilding CXX object CMakeFiles/ar_track_alvar_msgs__rosidl_typesupport_fastrtps_c.dir/rosidl_typesupport_fastrtps_c/ar_track_alvar_msgs/msg/detail/alvar_marker__type_support_c.cpp.o[0m
[38.380s] [ 74%] [32m[1mLinking CXX shared library libar_track_alvar_msgs__rosidl_typesupport_fastrtps_c.so[0m
[38.817s] [ 74%] Built target ar_track_alvar_msgs__rosidl_typesupport_fastrtps_c
[38.949s] [ 74%] Built target ar_track_alvar_msgs
[39.114s] [ 76%] [34m[1mGenerating Python code for ROS interfaces[0m
[41.803s] [ 76%] Built target ar_track_alvar_msgs__py
[41.880s] [35m[1mScanning dependencies of target ar_track_alvar_msgs__python[0m
[42.031s] [ 79%] [32mBuilding C object CMakeFiles/ar_track_alvar_msgs__python.dir/rosidl_generator_py/ar_track_alvar_msgs/msg/_alvar_markers_s.c.o[0m
[42.484s] [ 82%] [32mBuilding C object CMakeFiles/ar_track_alvar_msgs__python.dir/rosidl_generator_py/ar_track_alvar_msgs/msg/_alvar_marker_s.c.o[0m
[42.936s] [ 84%] [32m[1mLinking C shared library rosidl_generator_py/ar_track_alvar_msgs/libar_track_alvar_msgs__python.so[0m
[43.187s] [ 84%] Built target ar_track_alvar_msgs__python
[43.264s] [35m[1mScanning dependencies of target ar_track_alvar_msgs__rosidl_typesupport_c__pyext[0m
[43.400s] [ 87%] [32mBuilding C object CMakeFiles/ar_track_alvar_msgs__rosidl_typesupport_c__pyext.dir/rosidl_generator_py/ar_track_alvar_msgs/_ar_track_alvar_msgs_s.ep.rosidl_typesupport_c.c.o[0m
[43.815s] [ 89%] [32m[1mLinking C shared library rosidl_generator_py/ar_track_alvar_msgs/ar_track_alvar_msgs_s__rosidl_typesupport_c.cpython-38-aarch64-linux-gnu.so[0m
[44.046s] [ 89%] Built target ar_track_alvar_msgs__rosidl_typesupport_c__pyext
[44.120s] [35m[1mScanning dependencies of target ar_track_alvar_msgs__rosidl_typesupport_fastrtps_c__pyext[0m
[44.271s] [ 92%] [32mBuilding C object CMakeFiles/ar_track_alvar_msgs__rosidl_typesupport_fastrtps_c__pyext.dir/rosidl_generator_py/ar_track_alvar_msgs/_ar_track_alvar_msgs_s.ep.rosidl_typesupport_fastrtps_c.c.o[0m
[44.694s] [ 94%] [32m[1mLinking CXX shared library rosidl_generator_py/ar_track_alvar_msgs/ar_track_alvar_msgs_s__rosidl_typesupport_fastrtps_c.cpython-38-aarch64-linux-gnu.so[0m
[45.047s] [ 94%] Built target ar_track_alvar_msgs__rosidl_typesupport_fastrtps_c__pyext
[45.122s] [35m[1mScanning dependencies of target ar_track_alvar_msgs__rosidl_typesupport_introspection_c__pyext[0m
[45.243s] [ 97%] [32mBuilding C object CMakeFiles/ar_track_alvar_msgs__rosidl_typesupport_introspection_c__pyext.dir/rosidl_generator_py/ar_track_alvar_msgs/_ar_track_alvar_msgs_s.ep.rosidl_typesupport_introspection_c.c.o[0m
[45.629s] [100%] [32m[1mLinking C shared library rosidl_generator_py/ar_track_alvar_msgs/ar_track_alvar_msgs_s__rosidl_typesupport_introspection_c.cpython-38-aarch64-linux-gnu.so[0m
[45.854s] [100%] Built target ar_track_alvar_msgs__rosidl_typesupport_introspection_c__pyext
[45.922s] Invoked command in '/home/wheeltec/wheeltec_ros2/build/ar_track_alvar_msgs' returned '0': CMAKE_PREFIX_PATH=${CMAKE_PREFIX_PATH}:/home/wheeltec/wheeltec_ros2/install/simple_follower_ros2:/home/wheeltec/wheeltec_ros2/install/wheeltec_robot_keyboard:/home/wheeltec/wheeltec_ros2/install/tf2_tools:/home/wheeltec/wheeltec_ros2/install/nav2_simple_commander:/home/wheeltec/wheeltec_ros2/install/nav2_gazebo_spawner:/opt/ros/galactic /usr/bin/cmake --build /home/wheeltec/wheeltec_ros2/build/ar_track_alvar_msgs -- -j4 -l4
[46.548s] Invoking command in '/home/wheeltec/wheeltec_ros2/build/ar_track_alvar_msgs': CMAKE_PREFIX_PATH=${CMAKE_PREFIX_PATH}:/home/wheeltec/wheeltec_ros2/install/simple_follower_ros2:/home/wheeltec/wheeltec_ros2/install/wheeltec_robot_keyboard:/home/wheeltec/wheeltec_ros2/install/tf2_tools:/home/wheeltec/wheeltec_ros2/install/nav2_simple_commander:/home/wheeltec/wheeltec_ros2/install/nav2_gazebo_spawner:/opt/ros/galactic /usr/bin/cmake --install /home/wheeltec/wheeltec_ros2/build/ar_track_alvar_msgs
[46.606s] -- Install configuration: ""
[46.608s] -- Up-to-date: /home/wheeltec/wheeltec_ros2/install/ar_track_alvar_msgs/share/ament_index/resource_index/rosidl_interfaces/ar_track_alvar_msgs
[46.609s] -- Up-to-date: /home/wheeltec/wheeltec_ros2/install/ar_track_alvar_msgs/include/ar_track_alvar_msgs
[46.609s] -- Up-to-date: /home/wheeltec/wheeltec_ros2/install/ar_track_alvar_msgs/include/ar_track_alvar_msgs/msg
[46.610s] -- Installing: /home/wheeltec/wheeltec_ros2/install/ar_track_alvar_msgs/include/ar_track_alvar_msgs/msg/alvar_marker.h
[46.611s] -- Up-to-date: /home/wheeltec/wheeltec_ros2/install/ar_track_alvar_msgs/include/ar_track_alvar_msgs/msg/detail
[46.612s] -- Installing: /home/wheeltec/wheeltec_ros2/install/ar_track_alvar_msgs/include/ar_track_alvar_msgs/msg/detail/alvar_markers__type_support.h
[46.612s] -- Installing: /home/wheeltec/wheeltec_ros2/install/ar_track_alvar_msgs/include/ar_track_alvar_msgs/msg/detail/alvar_markers__functions.h
[46.613s] -- Installing: /home/wheeltec/wheeltec_ros2/install/ar_track_alvar_msgs/include/ar_track_alvar_msgs/msg/detail/alvar_marker__type_support.h
[46.613s] -- Installing: /home/wheeltec/wheeltec_ros2/install/ar_track_alvar_msgs/include/ar_track_alvar_msgs/msg/detail/alvar_markers__struct.h
[46.614s] -- Installing: /home/wheeltec/wheeltec_ros2/install/ar_track_alvar_msgs/include/ar_track_alvar_msgs/msg/detail/alvar_marker__functions.h
[46.614s] -- Installing: /home/wheeltec/wheeltec_ros2/install/ar_track_alvar_msgs/include/ar_track_alvar_msgs/msg/detail/alvar_marker__functions.c
[46.615s] -- Installing: /home/wheeltec/wheeltec_ros2/install/ar_track_alvar_msgs/include/ar_track_alvar_msgs/msg/detail/alvar_marker__struct.h
[46.615s] -- Installing: /home/wheeltec/wheeltec_ros2/install/ar_track_alvar_msgs/include/ar_track_alvar_msgs/msg/detail/alvar_markers__functions.c
[46.616s] -- Installing: /home/wheeltec/wheeltec_ros2/install/ar_track_alvar_msgs/include/ar_track_alvar_msgs/msg/alvar_markers.h
[46.617s] -- Up-to-date: /home/wheeltec/wheeltec_ros2/install/ar_track_alvar_msgs/include/ar_track_alvar_msgs/msg/rosidl_generator_c__visibility_control.h
[46.618s] -- Up-to-date: /home/wheeltec/wheeltec_ros2/install/ar_track_alvar_msgs/share/ar_track_alvar_msgs/environment/library_path.sh
[46.618s] -- Installing: /home/wheeltec/wheeltec_ros2/install/ar_track_alvar_msgs/share/ar_track_alvar_msgs/environment/library_path.dsv
[46.622s] -- Installing: /home/wheeltec/wheeltec_ros2/install/ar_track_alvar_msgs/lib/libar_track_alvar_msgs__rosidl_generator_c.so
[46.623s] -- Set runtime path of "/home/wheeltec/wheeltec_ros2/install/ar_track_alvar_msgs/lib/libar_track_alvar_msgs__rosidl_generator_c.so" to ""
[46.625s] -- Up-to-date: /home/wheeltec/wheeltec_ros2/install/ar_track_alvar_msgs/include/ar_track_alvar_msgs
[46.626s] -- Up-to-date: /home/wheeltec/wheeltec_ros2/install/ar_track_alvar_msgs/include/ar_track_alvar_msgs/msg
[46.626s] -- Up-to-date: /home/wheeltec/wheeltec_ros2/install/ar_track_alvar_msgs/include/ar_track_alvar_msgs/msg/detail
[46.627s] -- Installing: /home/wheeltec/wheeltec_ros2/install/ar_track_alvar_msgs/include/ar_track_alvar_msgs/msg/detail/alvar_markers__rosidl_typesupport_fastrtps_c.h
[46.627s] -- Installing: /home/wheeltec/wheeltec_ros2/install/ar_track_alvar_msgs/include/ar_track_alvar_msgs/msg/detail/alvar_marker__rosidl_typesupport_fastrtps_c.h
[46.627s] -- Up-to-date: /home/wheeltec/wheeltec_ros2/install/ar_track_alvar_msgs/include/ar_track_alvar_msgs/msg/rosidl_typesupport_fastrtps_c__visibility_control.h
[46.629s] -- Installing: /home/wheeltec/wheeltec_ros2/install/ar_track_alvar_msgs/lib/libar_track_alvar_msgs__rosidl_typesupport_fastrtps_c.so
[46.631s] -- Set runtime path of "/home/wheeltec/wheeltec_ros2/install/ar_track_alvar_msgs/lib/libar_track_alvar_msgs__rosidl_typesupport_fastrtps_c.so" to ""
[46.632s] -- Up-to-date: /home/wheeltec/wheeltec_ros2/install/ar_track_alvar_msgs/include/ar_track_alvar_msgs
[46.633s] -- Up-to-date: /home/wheeltec/wheeltec_ros2/install/ar_track_alvar_msgs/include/ar_track_alvar_msgs/msg
[46.634s] -- Up-to-date: /home/wheeltec/wheeltec_ros2/install/ar_track_alvar_msgs/include/ar_track_alvar_msgs/msg/rosidl_typesupport_fastrtps_cpp__visibility_control.h
[46.635s] -- Up-to-date: /home/wheeltec/wheeltec_ros2/install/ar_track_alvar_msgs/include/ar_track_alvar_msgs/msg/detail
[46.636s] -- Up-to-date: /home/wheeltec/wheeltec_ros2/install/ar_track_alvar_msgs/include/ar_track_alvar_msgs/msg/detail/dds_fastrtps
[46.637s] -- Installing: /home/wheeltec/wheeltec_ros2/install/ar_track_alvar_msgs/include/ar_track_alvar_msgs/msg/detail/alvar_marker__rosidl_typesupport_fastrtps_cpp.hpp
[46.640s] -- Installing: /home/wheeltec/wheeltec_ros2/install/ar_track_alvar_msgs/include/ar_track_alvar_msgs/msg/detail/alvar_markers__rosidl_typesupport_fastrtps_cpp.hpp
[46.642s] -- Installing: /home/wheeltec/wheeltec_ros2/install/ar_track_alvar_msgs/lib/libar_track_alvar_msgs__rosidl_typesupport_fastrtps_cpp.so
[46.644s] -- Set runtime path of "/home/wheeltec/wheeltec_ros2/install/ar_track_alvar_msgs/lib/libar_track_alvar_msgs__rosidl_typesupport_fastrtps_cpp.so" to ""
[46.646s] -- Up-to-date: /home/wheeltec/wheeltec_ros2/install/ar_track_alvar_msgs/include/ar_track_alvar_msgs
[46.647s] -- Up-to-date: /home/wheeltec/wheeltec_ros2/install/ar_track_alvar_msgs/include/ar_track_alvar_msgs/msg
[46.651s] -- Up-to-date: /home/wheeltec/wheeltec_ros2/install/ar_track_alvar_msgs/include/ar_track_alvar_msgs/msg/detail
[46.651s] -- Installing: /home/wheeltec/wheeltec_ros2/install/ar_track_alvar_msgs/include/ar_track_alvar_msgs/msg/detail/alvar_marker__rosidl_typesupport_introspection_c.h
[46.652s] -- Installing: /home/wheeltec/wheeltec_ros2/install/ar_track_alvar_msgs/include/ar_track_alvar_msgs/msg/detail/alvar_markers__type_support.c
[46.652s] -- Installing: /home/wheeltec/wheeltec_ros2/install/ar_track_alvar_msgs/include/ar_track_alvar_msgs/msg/detail/alvar_marker__type_support.c
[46.652s] -- Installing: /home/wheeltec/wheeltec_ros2/install/ar_track_alvar_msgs/include/ar_track_alvar_msgs/msg/detail/alvar_markers__rosidl_typesupport_introspection_c.h
[46.653s] -- Up-to-date: /home/wheeltec/wheeltec_ros2/install/ar_track_alvar_msgs/include/ar_track_alvar_msgs/msg/rosidl_typesupport_introspection_c__visibility_control.h
[46.656s] -- Installing: /home/wheeltec/wheeltec_ros2/install/ar_track_alvar_msgs/lib/libar_track_alvar_msgs__rosidl_typesupport_introspection_c.so
[46.657s] -- Set runtime path of "/home/wheeltec/wheeltec_ros2/install/ar_track_alvar_msgs/lib/libar_track_alvar_msgs__rosidl_typesupport_introspection_c.so" to ""
[46.666s] -- Installing: /home/wheeltec/wheeltec_ros2/install/ar_track_alvar_msgs/lib/libar_track_alvar_msgs__rosidl_typesupport_c.so
[46.666s] -- Set runtime path of "/home/wheeltec/wheeltec_ros2/install/ar_track_alvar_msgs/lib/libar_track_alvar_msgs__rosidl_typesupport_c.so" to ""
[46.667s] -- Up-to-date: /home/wheeltec/wheeltec_ros2/install/ar_track_alvar_msgs/include/ar_track_alvar_msgs
[46.667s] -- Up-to-date: /home/wheeltec/wheeltec_ros2/install/ar_track_alvar_msgs/include/ar_track_alvar_msgs/msg
[46.668s] -- Up-to-date: /home/wheeltec/wheeltec_ros2/install/ar_track_alvar_msgs/include/ar_track_alvar_msgs/msg/detail
[46.668s] -- Installing: /home/wheeltec/wheeltec_ros2/install/ar_track_alvar_msgs/include/ar_track_alvar_msgs/msg/detail/alvar_marker__struct.hpp
[46.668s] -- Installing: /home/wheeltec/wheeltec_ros2/install/ar_track_alvar_msgs/include/ar_track_alvar_msgs/msg/detail/alvar_markers__builder.hpp
[46.669s] -- Installing: /home/wheeltec/wheeltec_ros2/install/ar_track_alvar_msgs/include/ar_track_alvar_msgs/msg/detail/alvar_markers__traits.hpp
[46.669s] -- Installing: /home/wheeltec/wheeltec_ros2/install/ar_track_alvar_msgs/include/ar_track_alvar_msgs/msg/detail/alvar_marker__traits.hpp
[46.669s] -- Installing: /home/wheeltec/wheeltec_ros2/install/ar_track_alvar_msgs/include/ar_track_alvar_msgs/msg/detail/alvar_markers__struct.hpp
[46.670s] -- Installing: /home/wheeltec/wheeltec_ros2/install/ar_track_alvar_msgs/include/ar_track_alvar_msgs/msg/detail/alvar_marker__builder.hpp
[46.670s] -- Installing: /home/wheeltec/wheeltec_ros2/install/ar_track_alvar_msgs/include/ar_track_alvar_msgs/msg/alvar_markers.hpp
[46.670s] -- Installing: /home/wheeltec/wheeltec_ros2/install/ar_track_alvar_msgs/include/ar_track_alvar_msgs/msg/alvar_marker.hpp
[46.671s] -- Up-to-date: /home/wheeltec/wheeltec_ros2/install/ar_track_alvar_msgs/include/ar_track_alvar_msgs
[46.671s] -- Up-to-date: /home/wheeltec/wheeltec_ros2/install/ar_track_alvar_msgs/include/ar_track_alvar_msgs/msg
[46.671s] -- Up-to-date: /home/wheeltec/wheeltec_ros2/install/ar_track_alvar_msgs/include/ar_track_alvar_msgs/msg/detail
[46.672s] -- Installing: /home/wheeltec/wheeltec_ros2/install/ar_track_alvar_msgs/include/ar_track_alvar_msgs/msg/detail/alvar_marker__rosidl_typesupport_introspection_cpp.hpp
[46.672s] -- Installing: /home/wheeltec/wheeltec_ros2/install/ar_track_alvar_msgs/include/ar_track_alvar_msgs/msg/detail/alvar_marker__type_support.cpp
[46.674s] -- Installing: /home/wheeltec/wheeltec_ros2/install/ar_track_alvar_msgs/include/ar_track_alvar_msgs/msg/detail/alvar_markers__rosidl_typesupport_introspection_cpp.hpp
[46.675s] -- Installing: /home/wheeltec/wheeltec_ros2/install/ar_track_alvar_msgs/include/ar_track_alvar_msgs/msg/detail/alvar_markers__type_support.cpp
[46.679s] -- Installing: /home/wheeltec/wheeltec_ros2/install/ar_track_alvar_msgs/lib/libar_track_alvar_msgs__rosidl_typesupport_introspection_cpp.so
[46.681s] -- Set runtime path of "/home/wheeltec/wheeltec_ros2/install/ar_track_alvar_msgs/lib/libar_track_alvar_msgs__rosidl_typesupport_introspection_cpp.so" to ""
[46.684s] -- Installing: /home/wheeltec/wheeltec_ros2/install/ar_track_alvar_msgs/lib/libar_track_alvar_msgs__rosidl_typesupport_cpp.so
[46.686s] -- Set runtime path of "/home/wheeltec/wheeltec_ros2/install/ar_track_alvar_msgs/lib/libar_track_alvar_msgs__rosidl_typesupport_cpp.so" to ""
[46.687s] -- Up-to-date: /home/wheeltec/wheeltec_ros2/install/ar_track_alvar_msgs/share/ar_track_alvar_msgs/environment/pythonpath.sh
[46.688s] -- Installing: /home/wheeltec/wheeltec_ros2/install/ar_track_alvar_msgs/share/ar_track_alvar_msgs/environment/pythonpath.dsv
[46.690s] -- Installing: /home/wheeltec/wheeltec_ros2/install/ar_track_alvar_msgs/lib/python3.8/site-packages/ar_track_alvar_msgs/__init__.py
[46.882s] Compiling '/home/wheeltec/wheeltec_ros2/install/ar_track_alvar_msgs/lib/python3.8/site-packages/ar_track_alvar_msgs/__init__.py'...
[46.906s] -- Up-to-date: /home/wheeltec/wheeltec_ros2/install/ar_track_alvar_msgs/lib/python3.8/site-packages/ar_track_alvar_msgs/msg
[46.909s] -- Installing: /home/wheeltec/wheeltec_ros2/install/ar_track_alvar_msgs/lib/python3.8/site-packages/ar_track_alvar_msgs/msg/__init__.py
[46.911s] -- Installing: /home/wheeltec/wheeltec_ros2/install/ar_track_alvar_msgs/lib/python3.8/site-packages/ar_track_alvar_msgs/msg/_alvar_marker.py
[46.912s] -- Installing: /home/wheeltec/wheeltec_ros2/install/ar_track_alvar_msgs/lib/python3.8/site-packages/ar_track_alvar_msgs/msg/_alvar_marker_s.c
[46.914s] -- Installing: /home/wheeltec/wheeltec_ros2/install/ar_track_alvar_msgs/lib/python3.8/site-packages/ar_track_alvar_msgs/msg/_alvar_markers_s.c
[46.915s] -- Installing: /home/wheeltec/wheeltec_ros2/install/ar_track_alvar_msgs/lib/python3.8/site-packages/ar_track_alvar_msgs/msg/_alvar_markers.py
[46.920s] -- Installing: /home/wheeltec/wheeltec_ros2/install/ar_track_alvar_msgs/lib/python3.8/site-packages/ar_track_alvar_msgs/ar_track_alvar_msgs_s__rosidl_typesupport_fastrtps_c.cpython-38-aarch64-linux-gnu.so
[46.922s] -- Set runtime path of "/home/wheeltec/wheeltec_ros2/install/ar_track_alvar_msgs/lib/python3.8/site-packages/ar_track_alvar_msgs/ar_track_alvar_msgs_s__rosidl_typesupport_fastrtps_c.cpython-38-aarch64-linux-gnu.so" to ""
[46.925s] -- Installing: /home/wheeltec/wheeltec_ros2/install/ar_track_alvar_msgs/lib/python3.8/site-packages/ar_track_alvar_msgs/ar_track_alvar_msgs_s__rosidl_typesupport_introspection_c.cpython-38-aarch64-linux-gnu.so
[46.928s] -- Set runtime path of "/home/wheeltec/wheeltec_ros2/install/ar_track_alvar_msgs/lib/python3.8/site-packages/ar_track_alvar_msgs/ar_track_alvar_msgs_s__rosidl_typesupport_introspection_c.cpython-38-aarch64-linux-gnu.so" to ""
[46.933s] -- Installing: /home/wheeltec/wheeltec_ros2/install/ar_track_alvar_msgs/lib/python3.8/site-packages/ar_track_alvar_msgs/ar_track_alvar_msgs_s__rosidl_typesupport_c.cpython-38-aarch64-linux-gnu.so
[46.936s] -- Set runtime path of "/home/wheeltec/wheeltec_ros2/install/ar_track_alvar_msgs/lib/python3.8/site-packages/ar_track_alvar_msgs/ar_track_alvar_msgs_s__rosidl_typesupport_c.cpython-38-aarch64-linux-gnu.so" to ""
[46.939s] -- Installing: /home/wheeltec/wheeltec_ros2/install/ar_track_alvar_msgs/lib/libar_track_alvar_msgs__python.so
[46.942s] -- Set runtime path of "/home/wheeltec/wheeltec_ros2/install/ar_track_alvar_msgs/lib/libar_track_alvar_msgs__python.so" to ""
[46.944s] -- Up-to-date: /home/wheeltec/wheeltec_ros2/install/ar_track_alvar_msgs/share/ar_track_alvar_msgs/msg/AlvarMarkers.idl
[46.945s] -- Up-to-date: /home/wheeltec/wheeltec_ros2/install/ar_track_alvar_msgs/share/ar_track_alvar_msgs/msg/AlvarMarker.idl
[46.946s] -- Up-to-date: /home/wheeltec/wheeltec_ros2/install/ar_track_alvar_msgs/share/ar_track_alvar_msgs/msg/AlvarMarkers.msg
[46.950s] -- Up-to-date: /home/wheeltec/wheeltec_ros2/install/ar_track_alvar_msgs/share/ar_track_alvar_msgs/msg/AlvarMarker.msg
[46.951s] -- Up-to-date: /home/wheeltec/wheeltec_ros2/install/ar_track_alvar_msgs/share/ament_index/resource_index/package_run_dependencies/ar_track_alvar_msgs
[46.953s] -- Installing: /home/wheeltec/wheeltec_ros2/install/ar_track_alvar_msgs/share/ament_index/resource_index/parent_prefix_path/ar_track_alvar_msgs
[46.958s] -- Installing: /home/wheeltec/wheeltec_ros2/install/ar_track_alvar_msgs/share/ar_track_alvar_msgs/environment/ament_prefix_path.sh
[46.960s] -- Installing: /home/wheeltec/wheeltec_ros2/install/ar_track_alvar_msgs/share/ar_track_alvar_msgs/environment/ament_prefix_path.dsv
[46.962s] -- Installing: /home/wheeltec/wheeltec_ros2/install/ar_track_alvar_msgs/share/ar_track_alvar_msgs/environment/path.sh
[46.964s] -- Installing: /home/wheeltec/wheeltec_ros2/install/ar_track_alvar_msgs/share/ar_track_alvar_msgs/environment/path.dsv
[46.966s] -- Up-to-date: /home/wheeltec/wheeltec_ros2/install/ar_track_alvar_msgs/share/ar_track_alvar_msgs/local_setup.bash
[46.967s] -- Up-to-date: /home/wheeltec/wheeltec_ros2/install/ar_track_alvar_msgs/share/ar_track_alvar_msgs/local_setup.sh
[46.968s] -- Up-to-date: /home/wheeltec/wheeltec_ros2/install/ar_track_alvar_msgs/share/ar_track_alvar_msgs/local_setup.zsh
[46.969s] -- Installing: /home/wheeltec/wheeltec_ros2/install/ar_track_alvar_msgs/share/ar_track_alvar_msgs/local_setup.dsv
[46.971s] -- Installing: /home/wheeltec/wheeltec_ros2/install/ar_track_alvar_msgs/share/ar_track_alvar_msgs/package.dsv
[46.973s] -- Up-to-date: /home/wheeltec/wheeltec_ros2/install/ar_track_alvar_msgs/share/ament_index/resource_index/packages/ar_track_alvar_msgs
[46.977s] -- Up-to-date: /home/wheeltec/wheeltec_ros2/install/ar_track_alvar_msgs/share/ar_track_alvar_msgs/cmake/ar_track_alvar_msgs__rosidl_generator_cExport.cmake
[46.977s] -- Installing: /home/wheeltec/wheeltec_ros2/install/ar_track_alvar_msgs/share/ar_track_alvar_msgs/cmake/ar_track_alvar_msgs__rosidl_generator_cExport-noconfig.cmake
[46.980s] -- Up-to-date: /home/wheeltec/wheeltec_ros2/install/ar_track_alvar_msgs/share/ar_track_alvar_msgs/cmake/ar_track_alvar_msgs__rosidl_typesupport_introspection_cExport.cmake
[46.980s] -- Installing: /home/wheeltec/wheeltec_ros2/install/ar_track_alvar_msgs/share/ar_track_alvar_msgs/cmake/ar_track_alvar_msgs__rosidl_typesupport_introspection_cExport-noconfig.cmake
[46.983s] -- Up-to-date: /home/wheeltec/wheeltec_ros2/install/ar_track_alvar_msgs/share/ar_track_alvar_msgs/cmake/ar_track_alvar_msgs__rosidl_typesupport_cExport.cmake
[46.983s] -- Installing: /home/wheeltec/wheeltec_ros2/install/ar_track_alvar_msgs/share/ar_track_alvar_msgs/cmake/ar_track_alvar_msgs__rosidl_typesupport_cExport-noconfig.cmake
[46.985s] -- Up-to-date: /home/wheeltec/wheeltec_ros2/install/ar_track_alvar_msgs/share/ar_track_alvar_msgs/cmake/ar_track_alvar_msgs__rosidl_generator_cppExport.cmake
[46.987s] -- Up-to-date: /home/wheeltec/wheeltec_ros2/install/ar_track_alvar_msgs/share/ar_track_alvar_msgs/cmake/ar_track_alvar_msgs__rosidl_typesupport_introspection_cppExport.cmake
[46.988s] -- Installing: /home/wheeltec/wheeltec_ros2/install/ar_track_alvar_msgs/share/ar_track_alvar_msgs/cmake/ar_track_alvar_msgs__rosidl_typesupport_introspection_cppExport-noconfig.cmake
[46.989s] -- Up-to-date: /home/wheeltec/wheeltec_ros2/install/ar_track_alvar_msgs/share/ar_track_alvar_msgs/cmake/ar_track_alvar_msgs__rosidl_typesupport_cppExport.cmake
[46.990s] -- Installing: /home/wheeltec/wheeltec_ros2/install/ar_track_alvar_msgs/share/ar_track_alvar_msgs/cmake/ar_track_alvar_msgs__rosidl_typesupport_cppExport-noconfig.cmake
[46.991s] -- Up-to-date: /home/wheeltec/wheeltec_ros2/install/ar_track_alvar_msgs/share/ar_track_alvar_msgs/cmake/rosidl_cmake-extras.cmake
[46.992s] -- Up-to-date: /home/wheeltec/wheeltec_ros2/install/ar_track_alvar_msgs/share/ar_track_alvar_msgs/cmake/ament_cmake_export_dependencies-extras.cmake
[46.994s] -- Up-to-date: /home/wheeltec/wheeltec_ros2/install/ar_track_alvar_msgs/share/ar_track_alvar_msgs/cmake/ament_cmake_export_libraries-extras.cmake
[46.994s] -- Installing: /home/wheeltec/wheeltec_ros2/install/ar_track_alvar_msgs/share/ar_track_alvar_msgs/cmake/ament_cmake_export_targets-extras.cmake
[46.996s] -- Up-to-date: /home/wheeltec/wheeltec_ros2/install/ar_track_alvar_msgs/share/ar_track_alvar_msgs/cmake/ament_cmake_export_include_directories-extras.cmake
[46.997s] -- Up-to-date: /home/wheeltec/wheeltec_ros2/install/ar_track_alvar_msgs/share/ar_track_alvar_msgs/cmake/rosidl_cmake_export_typesupport_libraries-extras.cmake
[46.998s] -- Up-to-date: /home/wheeltec/wheeltec_ros2/install/ar_track_alvar_msgs/share/ar_track_alvar_msgs/cmake/rosidl_cmake_export_typesupport_targets-extras.cmake
[46.999s] -- Up-to-date: /home/wheeltec/wheeltec_ros2/install/ar_track_alvar_msgs/share/ar_track_alvar_msgs/cmake/ar_track_alvar_msgsConfig.cmake
[46.999s] -- Up-to-date: /home/wheeltec/wheeltec_ros2/install/ar_track_alvar_msgs/share/ar_track_alvar_msgs/cmake/ar_track_alvar_msgsConfig-version.cmake
[47.000s] -- Up-to-date: /home/wheeltec/wheeltec_ros2/install/ar_track_alvar_msgs/share/ar_track_alvar_msgs/package.xml
[47.013s] Invoked command in '/home/wheeltec/wheeltec_ros2/build/ar_track_alvar_msgs' returned '0': CMAKE_PREFIX_PATH=${CMAKE_PREFIX_PATH}:/home/wheeltec/wheeltec_ros2/install/simple_follower_ros2:/home/wheeltec/wheeltec_ros2/install/wheeltec_robot_keyboard:/home/wheeltec/wheeltec_ros2/install/tf2_tools:/home/wheeltec/wheeltec_ros2/install/nav2_simple_commander:/home/wheeltec/wheeltec_ros2/install/nav2_gazebo_spawner:/opt/ros/galactic /usr/bin/cmake --install /home/wheeltec/wheeltec_ros2/build/ar_track_alvar_msgs
