[0.269s] Invoking command in '/home/wheeltec/wheeltec_ros2/build/nav2_common': CMAKE_PREFIX_PATH=${CMAKE_PREFIX_PATH}:/home/wheeltec/wheeltec_ros2/install/wheeltec_robot_keyboard:/home/wheeltec/wheeltec_ros2/install/tf2_tools:/home/wheeltec/wheeltec_ros2/install/nav2_gazebo_spawner:/opt/ros/galactic /usr/bin/cmake --build /home/wheeltec/wheeltec_ros2/build/nav2_common -- -j4 -l4
[0.654s] Built target ament_cmake_python_copy_nav2_common
[2.467s] running egg_info
[2.547s] writing nav2_common.egg-info/PKG-INFO
[2.549s] writing dependency_links to nav2_common.egg-info/dependency_links.txt
[2.552s] writing top-level names to nav2_common.egg-info/top_level.txt
[2.809s] reading manifest file 'nav2_common.egg-info/SOURCES.txt'
[2.814s] writing manifest file 'nav2_common.egg-info/SOURCES.txt'
[3.007s] Built target ament_cmake_python_build_nav2_common_egg
[3.067s] Invoked command in '/home/wheeltec/wheeltec_ros2/build/nav2_common' returned '0': CMAKE_PREFIX_PATH=${CMAKE_PREFIX_PATH}:/home/wheeltec/wheeltec_ros2/install/wheeltec_robot_keyboard:/home/wheeltec/wheeltec_ros2/install/tf2_tools:/home/wheeltec/wheeltec_ros2/install/nav2_gazebo_spawner:/opt/ros/galactic /usr/bin/cmake --build /home/wheeltec/wheeltec_ros2/build/nav2_common -- -j4 -l4
[3.179s] Invoking command in '/home/wheeltec/wheeltec_ros2/build/nav2_common': CMAKE_PREFIX_PATH=${CMAKE_PREFIX_PATH}:/home/wheeltec/wheeltec_ros2/install/wheeltec_robot_keyboard:/home/wheeltec/wheeltec_ros2/install/tf2_tools:/home/wheeltec/wheeltec_ros2/install/nav2_gazebo_spawner:/opt/ros/galactic /usr/bin/cmake --install /home/wheeltec/wheeltec_ros2/build/nav2_common
[3.243s] -- Install configuration: ""
[3.246s] -- Up-to-date: /home/wheeltec/wheeltec_ros2/install/nav2_common/share/nav2_common/environment/pythonpath.sh
[3.248s] -- Up-to-date: /home/wheeltec/wheeltec_ros2/install/nav2_common/share/nav2_common/environment/pythonpath.dsv
[3.248s] -- Up-to-date: /home/wheeltec/wheeltec_ros2/install/nav2_common/lib/python3.8/site-packages//nav2_common.egg-info
[3.251s] -- Installing: /home/wheeltec/wheeltec_ros2/install/nav2_common/lib/python3.8/site-packages//nav2_common.egg-info/dependency_links.txt
[3.252s] -- Installing: /home/wheeltec/wheeltec_ros2/install/nav2_common/lib/python3.8/site-packages//nav2_common.egg-info/top_level.txt
[3.253s] -- Installing: /home/wheeltec/wheeltec_ros2/install/nav2_common/lib/python3.8/site-packages//nav2_common.egg-info/SOURCES.txt
[3.255s] -- Installing: /home/wheeltec/wheeltec_ros2/install/nav2_common/lib/python3.8/site-packages//nav2_common.egg-info/PKG-INFO
[3.255s] -- Up-to-date: /home/wheeltec/wheeltec_ros2/install/nav2_common/lib/python3.8/site-packages/nav2_common
[3.256s] -- Up-to-date: /home/wheeltec/wheeltec_ros2/install/nav2_common/lib/python3.8/site-packages/nav2_common/__init__.py
[3.257s] -- Up-to-date: /home/wheeltec/wheeltec_ros2/install/nav2_common/lib/python3.8/site-packages/nav2_common/launch
[3.257s] -- Up-to-date: /home/wheeltec/wheeltec_ros2/install/nav2_common/lib/python3.8/site-packages/nav2_common/launch/__init__.py
[3.258s] -- Up-to-date: /home/wheeltec/wheeltec_ros2/install/nav2_common/lib/python3.8/site-packages/nav2_common/launch/rewritten_yaml.py
[3.262s] -- Up-to-date: /home/wheeltec/wheeltec_ros2/install/nav2_common/lib/python3.8/site-packages/nav2_common/launch/has_node_params.py
[3.262s] -- Up-to-date: /home/wheeltec/wheeltec_ros2/install/nav2_common/lib/python3.8/site-packages/nav2_common/launch/replace_string.py
[3.444s] Listing '/home/wheeltec/wheeltec_ros2/install/nav2_common/lib/python3.8/site-packages/nav2_common'...
[3.444s] Listing '/home/wheeltec/wheeltec_ros2/install/nav2_common/lib/python3.8/site-packages/nav2_common/launch'...
[3.466s] -- Up-to-date: /home/wheeltec/wheeltec_ros2/install/nav2_common/share/ament_index/resource_index/package_run_dependencies/nav2_common
[3.467s] -- Up-to-date: /home/wheeltec/wheeltec_ros2/install/nav2_common/share/ament_index/resource_index/parent_prefix_path/nav2_common
[3.468s] -- Up-to-date: /home/wheeltec/wheeltec_ros2/install/nav2_common/share/nav2_common/environment/ament_prefix_path.sh
[3.468s] -- Up-to-date: /home/wheeltec/wheeltec_ros2/install/nav2_common/share/nav2_common/environment/ament_prefix_path.dsv
[3.471s] -- Up-to-date: /home/wheeltec/wheeltec_ros2/install/nav2_common/share/nav2_common/environment/path.sh
[3.471s] -- Up-to-date: /home/wheeltec/wheeltec_ros2/install/nav2_common/share/nav2_common/environment/path.dsv
[3.471s] -- Up-to-date: /home/wheeltec/wheeltec_ros2/install/nav2_common/share/nav2_common/local_setup.bash
[3.472s] -- Up-to-date: /home/wheeltec/wheeltec_ros2/install/nav2_common/share/nav2_common/local_setup.sh
[3.475s] -- Up-to-date: /home/wheeltec/wheeltec_ros2/install/nav2_common/share/nav2_common/local_setup.zsh
[3.476s] -- Up-to-date: /home/wheeltec/wheeltec_ros2/install/nav2_common/share/nav2_common/local_setup.dsv
[3.476s] -- Installing: /home/wheeltec/wheeltec_ros2/install/nav2_common/share/nav2_common/package.dsv
[3.478s] -- Up-to-date: /home/wheeltec/wheeltec_ros2/install/nav2_common/share/ament_index/resource_index/packages/nav2_common
[3.478s] -- Up-to-date: /home/wheeltec/wheeltec_ros2/install/nav2_common/share/nav2_common/cmake/nav2_common-extras.cmake
[3.479s] -- Up-to-date: /home/wheeltec/wheeltec_ros2/install/nav2_common/share/nav2_common/cmake/nav2_commonConfig.cmake
[3.479s] -- Up-to-date: /home/wheeltec/wheeltec_ros2/install/nav2_common/share/nav2_common/cmake/nav2_commonConfig-version.cmake
[3.480s] -- Up-to-date: /home/wheeltec/wheeltec_ros2/install/nav2_common/share/nav2_common/package.xml
[3.480s] -- Up-to-date: /home/wheeltec/wheeltec_ros2/install/nav2_common/share/nav2_common/cmake
[3.481s] -- Up-to-date: /home/wheeltec/wheeltec_ros2/install/nav2_common/share/nav2_common/cmake/nav2_package.cmake
[3.513s] Invoked command in '/home/wheeltec/wheeltec_ros2/build/nav2_common' returned '0': CMAKE_PREFIX_PATH=${CMAKE_PREFIX_PATH}:/home/wheeltec/wheeltec_ros2/install/wheeltec_robot_keyboard:/home/wheeltec/wheeltec_ros2/install/tf2_tools:/home/wheeltec/wheeltec_ros2/install/nav2_gazebo_spawner:/opt/ros/galactic /usr/bin/cmake --install /home/wheeltec/wheeltec_ros2/build/nav2_common
