[0.057s] Invoking command in '/home/wheeltec/wheeltec_ros2/build/perception_pcl': AMENT_PREFIX_PATH=/home/wheeltec/wheeltec_ros2/install/pcl_ros:/home/wheeltec/wheeltec_ros2/install/pcl_conversions:${AMENT_PREFIX_PATH} CMAKE_PREFIX_PATH=/home/wheeltec/wheeltec_ros2/install/pcl_ros:/home/wheeltec/wheeltec_ros2/install/pcl_conversions:/opt/ros/galactic LD_LIBRARY_PATH=/home/wheeltec/wheeltec_ros2/install/pcl_ros/lib:/usr/local/cuda-10.2/lib64:/opt/ros/galactic/opt/yaml_cpp_vendor/lib:/opt/ros/galactic/opt/rviz_ogre_vendor/lib:/opt/ros/galactic/lib/aarch64-linux-gnu:/opt/ros/galactic/lib:/usr/local/cuda-10.2/lib64 /usr/bin/cmake --build /home/wheeltec/wheeltec_ros2/build/perception_pcl -- -j4 -l4
[0.232s] Invoked command in '/home/wheeltec/wheeltec_ros2/build/perception_pcl' returned '0': AMENT_PREFIX_PATH=/home/wheeltec/wheeltec_ros2/install/pcl_ros:/home/wheeltec/wheeltec_ros2/install/pcl_conversions:${AMENT_PREFIX_PATH} CMAKE_PREFIX_PATH=/home/wheeltec/wheeltec_ros2/install/pcl_ros:/home/wheeltec/wheeltec_ros2/install/pcl_conversions:/opt/ros/galactic LD_LIBRARY_PATH=/home/wheeltec/wheeltec_ros2/install/pcl_ros/lib:/usr/local/cuda-10.2/lib64:/opt/ros/galactic/opt/yaml_cpp_vendor/lib:/opt/ros/galactic/opt/rviz_ogre_vendor/lib:/opt/ros/galactic/lib/aarch64-linux-gnu:/opt/ros/galactic/lib:/usr/local/cuda-10.2/lib64 /usr/bin/cmake --build /home/wheeltec/wheeltec_ros2/build/perception_pcl -- -j4 -l4
[0.444s] Invoking command in '/home/wheeltec/wheeltec_ros2/build/perception_pcl': AMENT_PREFIX_PATH=/home/wheeltec/wheeltec_ros2/install/pcl_ros:/home/wheeltec/wheeltec_ros2/install/pcl_conversions:${AMENT_PREFIX_PATH} CMAKE_PREFIX_PATH=/home/wheeltec/wheeltec_ros2/install/pcl_ros:/home/wheeltec/wheeltec_ros2/install/pcl_conversions:/opt/ros/galactic LD_LIBRARY_PATH=/home/wheeltec/wheeltec_ros2/install/pcl_ros/lib:/usr/local/cuda-10.2/lib64:/opt/ros/galactic/opt/yaml_cpp_vendor/lib:/opt/ros/galactic/opt/rviz_ogre_vendor/lib:/opt/ros/galactic/lib/aarch64-linux-gnu:/opt/ros/galactic/lib:/usr/local/cuda-10.2/lib64 /usr/bin/cmake --install /home/wheeltec/wheeltec_ros2/build/perception_pcl
[0.637s] -- Install configuration: ""
[0.649s] -- Up-to-date: /home/wheeltec/wheeltec_ros2/install/perception_pcl/share/ament_index/resource_index/package_run_dependencies/perception_pcl
[0.651s] -- Up-to-date: /home/wheeltec/wheeltec_ros2/install/perception_pcl/share/ament_index/resource_index/parent_prefix_path/perception_pcl
[0.653s] -- Up-to-date: /home/wheeltec/wheeltec_ros2/install/perception_pcl/share/perception_pcl/environment/ament_prefix_path.sh
[0.654s] -- Up-to-date: /home/wheeltec/wheeltec_ros2/install/perception_pcl/share/perception_pcl/environment/ament_prefix_path.dsv
[0.654s] -- Up-to-date: /home/wheeltec/wheeltec_ros2/install/perception_pcl/share/perception_pcl/environment/path.sh
[0.655s] -- Up-to-date: /home/wheeltec/wheeltec_ros2/install/perception_pcl/share/perception_pcl/environment/path.dsv
[0.655s] -- Up-to-date: /home/wheeltec/wheeltec_ros2/install/perception_pcl/share/perception_pcl/local_setup.bash
[0.655s] -- Up-to-date: /home/wheeltec/wheeltec_ros2/install/perception_pcl/share/perception_pcl/local_setup.sh
[0.656s] -- Up-to-date: /home/wheeltec/wheeltec_ros2/install/perception_pcl/share/perception_pcl/local_setup.zsh
[0.656s] -- Up-to-date: /home/wheeltec/wheeltec_ros2/install/perception_pcl/share/perception_pcl/local_setup.dsv
[0.657s] -- Installing: /home/wheeltec/wheeltec_ros2/install/perception_pcl/share/perception_pcl/package.dsv
[0.706s] -- Up-to-date: /home/wheeltec/wheeltec_ros2/install/perception_pcl/share/ament_index/resource_index/packages/perception_pcl
[0.732s] -- Up-to-date: /home/wheeltec/wheeltec_ros2/install/perception_pcl/share/perception_pcl/cmake/perception_pclConfig.cmake
[0.732s] -- Up-to-date: /home/wheeltec/wheeltec_ros2/install/perception_pcl/share/perception_pcl/cmake/perception_pclConfig-version.cmake
[0.735s] -- Up-to-date: /home/wheeltec/wheeltec_ros2/install/perception_pcl/share/perception_pcl/package.xml
[0.846s] Invoked command in '/home/wheeltec/wheeltec_ros2/build/perception_pcl' returned '0': AMENT_PREFIX_PATH=/home/wheeltec/wheeltec_ros2/install/pcl_ros:/home/wheeltec/wheeltec_ros2/install/pcl_conversions:${AMENT_PREFIX_PATH} CMAKE_PREFIX_PATH=/home/wheeltec/wheeltec_ros2/install/pcl_ros:/home/wheeltec/wheeltec_ros2/install/pcl_conversions:/opt/ros/galactic LD_LIBRARY_PATH=/home/wheeltec/wheeltec_ros2/install/pcl_ros/lib:/usr/local/cuda-10.2/lib64:/opt/ros/galactic/opt/yaml_cpp_vendor/lib:/opt/ros/galactic/opt/rviz_ogre_vendor/lib:/opt/ros/galactic/lib/aarch64-linux-gnu:/opt/ros/galactic/lib:/usr/local/cuda-10.2/lib64 /usr/bin/cmake --install /home/wheeltec/wheeltec_ros2/build/perception_pcl
