[0.208s] Invoking command in '/home/wheeltec/wheeltec_ros2/build/usb_cam': CMAKE_PREFIX_PATH=${CMAKE_PREFIX_PATH}:/home/wheeltec/wheeltec_ros2/install/wheeltec_robot_keyboard:/home/wheeltec/wheeltec_ros2/install/tf2_tools:/home/wheeltec/wheeltec_ros2/install/nav2_gazebo_spawner:/opt/ros/galactic /usr/bin/cmake --build /home/wheeltec/wheeltec_ros2/build/usb_cam -- -j4 -l4
[0.943s] [ 33%] Built target usb_cam
[1.281s] [ 66%] Built target usb_cam_node_exe
[1.676s] [100%] Built target usb_cam_node
[1.791s] Invoked command in '/home/wheeltec/wheeltec_ros2/build/usb_cam' returned '0': CMAKE_PREFIX_PATH=${CMAKE_PREFIX_PATH}:/home/wheeltec/wheeltec_ros2/install/wheeltec_robot_keyboard:/home/wheeltec/wheeltec_ros2/install/tf2_tools:/home/wheeltec/wheeltec_ros2/install/nav2_gazebo_spawner:/opt/ros/galactic /usr/bin/cmake --build /home/wheeltec/wheeltec_ros2/build/usb_cam -- -j4 -l4
[2.408s] Invoking command in '/home/wheeltec/wheeltec_ros2/build/usb_cam': CMAKE_PREFIX_PATH=${CMAKE_PREFIX_PATH}:/home/wheeltec/wheeltec_ros2/install/wheeltec_robot_keyboard:/home/wheeltec/wheeltec_ros2/install/tf2_tools:/home/wheeltec/wheeltec_ros2/install/nav2_gazebo_spawner:/opt/ros/galactic /usr/bin/cmake --install /home/wheeltec/wheeltec_ros2/build/usb_cam
[2.507s] -- Install configuration: ""
[2.511s] -- Up-to-date: /home/wheeltec/wheeltec_ros2/install/usb_cam/lib/usb_cam/usb_cam_node_exe
[2.513s] -- Up-to-date: /home/wheeltec/wheeltec_ros2/install/usb_cam/lib/usb_cam/show_image.py
[2.514s] -- Up-to-date: /home/wheeltec/wheeltec_ros2/install/usb_cam/include
[2.514s] -- Up-to-date: /home/wheeltec/wheeltec_ros2/install/usb_cam/include/usb_cam
[2.515s] -- Up-to-date: /home/wheeltec/wheeltec_ros2/install/usb_cam/include/usb_cam/usb_cam_node.hpp
[2.515s] -- Up-to-date: /home/wheeltec/wheeltec_ros2/install/usb_cam/include/usb_cam/usb_cam.hpp
[2.516s] -- Up-to-date: /home/wheeltec/wheeltec_ros2/install/usb_cam/include/usb_cam/usb_cam_utils.hpp
[2.516s] -- Up-to-date: /home/wheeltec/wheeltec_ros2/install/usb_cam/share/usb_cam/environment/library_path.sh
[2.517s] -- Up-to-date: /home/wheeltec/wheeltec_ros2/install/usb_cam/share/usb_cam/environment/library_path.dsv
[2.517s] -- Up-to-date: /home/wheeltec/wheeltec_ros2/install/usb_cam/lib/libusb_cam.so
[2.520s] -- Up-to-date: /home/wheeltec/wheeltec_ros2/install/usb_cam/lib/libusb_cam_node.so
[2.521s] -- Up-to-date: /home/wheeltec/wheeltec_ros2/install/usb_cam/share/usb_cam/launch
[2.522s] -- Up-to-date: /home/wheeltec/wheeltec_ros2/install/usb_cam/share/usb_cam/launch/usb_cam_launch.py
[2.523s] -- Up-to-date: /home/wheeltec/wheeltec_ros2/install/usb_cam/share/usb_cam/config
[2.524s] -- Up-to-date: /home/wheeltec/wheeltec_ros2/install/usb_cam/share/usb_cam/config/camera_info.yaml
[2.524s] -- Up-to-date: /home/wheeltec/wheeltec_ros2/install/usb_cam/share/usb_cam/config/params.yaml
[2.525s] -- Up-to-date: /home/wheeltec/wheeltec_ros2/install/usb_cam/share/ament_index/resource_index/package_run_dependencies/usb_cam
[2.526s] -- Up-to-date: /home/wheeltec/wheeltec_ros2/install/usb_cam/share/ament_index/resource_index/parent_prefix_path/usb_cam
[2.527s] -- Up-to-date: /home/wheeltec/wheeltec_ros2/install/usb_cam/share/usb_cam/environment/ament_prefix_path.sh
[2.527s] -- Up-to-date: /home/wheeltec/wheeltec_ros2/install/usb_cam/share/usb_cam/environment/ament_prefix_path.dsv
[2.528s] -- Up-to-date: /home/wheeltec/wheeltec_ros2/install/usb_cam/share/usb_cam/environment/path.sh
[2.528s] -- Up-to-date: /home/wheeltec/wheeltec_ros2/install/usb_cam/share/usb_cam/environment/path.dsv
[2.529s] -- Up-to-date: /home/wheeltec/wheeltec_ros2/install/usb_cam/share/usb_cam/local_setup.bash
[2.529s] -- Up-to-date: /home/wheeltec/wheeltec_ros2/install/usb_cam/share/usb_cam/local_setup.sh
[2.531s] -- Up-to-date: /home/wheeltec/wheeltec_ros2/install/usb_cam/share/usb_cam/local_setup.zsh
[2.538s] -- Up-to-date: /home/wheeltec/wheeltec_ros2/install/usb_cam/share/usb_cam/local_setup.dsv
[2.539s] -- Installing: /home/wheeltec/wheeltec_ros2/install/usb_cam/share/usb_cam/package.dsv
[2.547s] -- Up-to-date: /home/wheeltec/wheeltec_ros2/install/usb_cam/share/ament_index/resource_index/packages/usb_cam
[2.553s] -- Up-to-date: /home/wheeltec/wheeltec_ros2/install/usb_cam/share/ament_index/resource_index/rclcpp_components/usb_cam
[2.554s] -- Up-to-date: /home/wheeltec/wheeltec_ros2/install/usb_cam/share/usb_cam/cmake/ament_cmake_export_dependencies-extras.cmake
[2.554s] -- Up-to-date: /home/wheeltec/wheeltec_ros2/install/usb_cam/share/usb_cam/cmake/ament_cmake_export_include_directories-extras.cmake
[2.555s] -- Up-to-date: /home/wheeltec/wheeltec_ros2/install/usb_cam/share/usb_cam/cmake/ament_cmake_export_libraries-extras.cmake
[2.555s] -- Up-to-date: /home/wheeltec/wheeltec_ros2/install/usb_cam/share/usb_cam/cmake/usb_camConfig.cmake
[2.556s] -- Up-to-date: /home/wheeltec/wheeltec_ros2/install/usb_cam/share/usb_cam/cmake/usb_camConfig-version.cmake
[2.556s] -- Up-to-date: /home/wheeltec/wheeltec_ros2/install/usb_cam/share/usb_cam/package.xml
[2.557s] Invoked command in '/home/wheeltec/wheeltec_ros2/build/usb_cam' returned '0': CMAKE_PREFIX_PATH=${CMAKE_PREFIX_PATH}:/home/wheeltec/wheeltec_ros2/install/wheeltec_robot_keyboard:/home/wheeltec/wheeltec_ros2/install/tf2_tools:/home/wheeltec/wheeltec_ros2/install/nav2_gazebo_spawner:/opt/ros/galactic /usr/bin/cmake --install /home/wheeltec/wheeltec_ros2/build/usb_cam
