In file included from [01m[K/home/wheeltec/wheeltec_ros2/src/ar_track/ar_track_alvar/include/ar_track_alvar/Camera.h:45[m[K,
                 from [01m[K/home/wheeltec/wheeltec_ros2/src/ar_track/ar_track_alvar/include/ar_track_alvar/ConnectedComponents.h:36[m[K,
                 from [01m[K/home/wheeltec/wheeltec_ros2/src/ar_track/ar_track_alvar/src/ConnectedComponents.cpp:24[m[K:
[01m[K/opt/ros/galactic/include/resource_retriever/retriever.h:37:2:[m[K [01;35m[Kwarning: [m[K#warning Including header <resource_retriever/retriever.h> is deprecated, include <resource_retriever/retriever.hpp> instead. [[01;35m[K-Wcpp[m[K]
   37 | #[01;35m[Kwarning[m[K Including header <resource_retriever/retriever.h> is deprecated, \
      |  [01;35m[K^~~~~~~[m[K
In file included from [01m[K/home/wheeltec/wheeltec_ros2/src/ar_track/ar_track_alvar/include/ar_track_alvar/Camera.h:45[m[K,
                 from [01m[K/home/wheeltec/wheeltec_ros2/src/ar_track/ar_track_alvar/include/ar_track_alvar/Draw.h:36[m[K,
                 from [01m[K/home/wheeltec/wheeltec_ros2/src/ar_track/ar_track_alvar/src/Draw.cpp:24[m[K:
[01m[K/opt/ros/galactic/include/resource_retriever/retriever.h:37:2:[m[K [01;35m[Kwarning: [m[K#warning Including header <resource_retriever/retriever.h> is deprecated, include <resource_retriever/retriever.hpp> instead. [[01;35m[K-Wcpp[m[K]
   37 | #[01;35m[Kwarning[m[K Including header <resource_retriever/retriever.h> is deprecated, \
      |  [01;35m[K^~~~~~~[m[K
In file included from [01m[K/home/wheeltec/wheeltec_ros2/src/ar_track/ar_track_alvar/include/ar_track_alvar/Camera.h:45[m[K,
                 from [01m[K/home/wheeltec/wheeltec_ros2/src/ar_track/ar_track_alvar/include/ar_track_alvar/Marker.h:38[m[K,
                 from [01m[K/home/wheeltec/wheeltec_ros2/src/ar_track/ar_track_alvar/src/Marker.cpp:25[m[K:
[01m[K/opt/ros/galactic/include/resource_retriever/retriever.h:37:2:[m[K [01;35m[Kwarning: [m[K#warning Including header <resource_retriever/retriever.h> is deprecated, include <resource_retriever/retriever.hpp> instead. [[01;35m[K-Wcpp[m[K]
   37 | #[01;35m[Kwarning[m[K Including header <resource_retriever/retriever.h> is deprecated, \
      |  [01;35m[K^~~~~~~[m[K
In file included from [01m[K/home/wheeltec/wheeltec_ros2/src/ar_track/ar_track_alvar/include/ar_track_alvar/Camera.h:45[m[K,
                 from [01m[K/home/wheeltec/wheeltec_ros2/src/ar_track/ar_track_alvar/include/ar_track_alvar/ConnectedComponents.h:36[m[K,
                 from [01m[K/home/wheeltec/wheeltec_ros2/src/ar_track/ar_track_alvar/include/ar_track_alvar/MarkerDetector.h:35[m[K,
                 from [01m[K/home/wheeltec/wheeltec_ros2/src/ar_track/ar_track_alvar/src/MarkerDetector.cpp:24[m[K:
[01m[K/opt/ros/galactic/include/resource_retriever/retriever.h:37:2:[m[K [01;35m[Kwarning: [m[K#warning Including header <resource_retriever/retriever.h> is deprecated, include <resource_retriever/retriever.hpp> instead. [[01;35m[K-Wcpp[m[K]
   37 | #[01;35m[Kwarning[m[K Including header <resource_retriever/retriever.h> is deprecated, \
      |  [01;35m[K^~~~~~~[m[K
In file included from [01m[K/home/wheeltec/wheeltec_ros2/src/ar_track/ar_track_alvar/include/ar_track_alvar/Camera.h:45[m[K,
                 from [01m[K/home/wheeltec/wheeltec_ros2/src/ar_track/ar_track_alvar/include/ar_track_alvar/ConnectedComponents.h:36[m[K,
                 from [01m[K/home/wheeltec/wheeltec_ros2/src/ar_track/ar_track_alvar/include/ar_track_alvar/MarkerDetector.h:35[m[K,
                 from [01m[K/home/wheeltec/wheeltec_ros2/src/ar_track/ar_track_alvar/include/ar_track_alvar/MultiMarker.h:35[m[K,
                 from [01m[K/home/wheeltec/wheeltec_ros2/src/ar_track/ar_track_alvar/src/MultiMarker.cpp:25[m[K:
[01m[K/opt/ros/galactic/include/resource_retriever/retriever.h:37:2:[m[K [01;35m[Kwarning: [m[K#warning Including header <resource_retriever/retriever.h> is deprecated, include <resource_retriever/retriever.hpp> instead. [[01;35m[K-Wcpp[m[K]
   37 | #[01;35m[Kwarning[m[K Including header <resource_retriever/retriever.h> is deprecated, \
      |  [01;35m[K^~~~~~~[m[K
In file included from [01m[K/home/wheeltec/wheeltec_ros2/src/ar_track/ar_track_alvar/include/ar_track_alvar/Camera.h:45[m[K,
                 from [01m[K/home/wheeltec/wheeltec_ros2/src/ar_track/ar_track_alvar/include/ar_track_alvar/ConnectedComponents.h:36[m[K,
                 from [01m[K/home/wheeltec/wheeltec_ros2/src/ar_track/ar_track_alvar/include/ar_track_alvar/MarkerDetector.h:35[m[K,
                 from [01m[K/home/wheeltec/wheeltec_ros2/src/ar_track/ar_track_alvar/include/ar_track_alvar/MultiMarker.h:35[m[K,
                 from [01m[K/home/wheeltec/wheeltec_ros2/src/ar_track/ar_track_alvar/include/ar_track_alvar/MultiMarkerBundle.h:34[m[K,
                 from [01m[K/home/wheeltec/wheeltec_ros2/src/ar_track/ar_track_alvar/src/MultiMarkerBundle.cpp:24[m[K:
[01m[K/opt/ros/galactic/include/resource_retriever/retriever.h:37:2:[m[K [01;35m[Kwarning: [m[K#warning Including header <resource_retriever/retriever.h> is deprecated, include <resource_retriever/retriever.hpp> instead. [[01;35m[K-Wcpp[m[K]
   37 | #[01;35m[Kwarning[m[K Including header <resource_retriever/retriever.h> is deprecated, \
      |  [01;35m[K^~~~~~~[m[K
In file included from [01m[K/home/wheeltec/wheeltec_ros2/src/ar_track/ar_track_alvar/include/ar_track_alvar/Camera.h:45[m[K,
                 from [01m[K/home/wheeltec/wheeltec_ros2/src/ar_track/ar_track_alvar/include/ar_track_alvar/ConnectedComponents.h:36[m[K,
                 from [01m[K/home/wheeltec/wheeltec_ros2/src/ar_track/ar_track_alvar/include/ar_track_alvar/MarkerDetector.h:35[m[K,
                 from [01m[K/home/wheeltec/wheeltec_ros2/src/ar_track/ar_track_alvar/include/ar_track_alvar/MultiMarker.h:35[m[K,
                 from [01m[K/home/wheeltec/wheeltec_ros2/src/ar_track/ar_track_alvar/include/ar_track_alvar/MultiMarkerInitializer.h:34[m[K,
                 from [01m[K/home/wheeltec/wheeltec_ros2/src/ar_track/ar_track_alvar/src/MultiMarkerInitializer.cpp:24[m[K:
[01m[K/opt/ros/galactic/include/resource_retriever/retriever.h:37:2:[m[K [01;35m[Kwarning: [m[K#warning Including header <resource_retriever/retriever.h> is deprecated, include <resource_retriever/retriever.hpp> instead. [[01;35m[K-Wcpp[m[K]
   37 | #[01;35m[Kwarning[m[K Including header <resource_retriever/retriever.h> is deprecated, \
      |  [01;35m[K^~~~~~~[m[K
In file included from [01m[K/home/wheeltec/wheeltec_ros2/src/ar_track/ar_track_alvar/include/ar_track_alvar/Camera.h:45[m[K,
                 from [01m[K/home/wheeltec/wheeltec_ros2/src/ar_track/ar_track_alvar/src/Camera.cpp:25[m[K:
[01m[K/opt/ros/galactic/include/resource_retriever/retriever.h:37:2:[m[K [01;35m[Kwarning: [m[K#warning Including header <resource_retriever/retriever.h> is deprecated, include <resource_retriever/retriever.hpp> instead. [[01;35m[K-Wcpp[m[K]
   37 | #[01;35m[Kwarning[m[K Including header <resource_retriever/retriever.h> is deprecated, \
      |  [01;35m[K^~~~~~~[m[K
[01m[Kc++:[m[K [01;31m[Kfatal error: [m[KKilled signal terminated program cc1plus
compilation terminated.
make[2]: *** [CMakeFiles/ar_track_alvar.dir/build.make:284: CMakeFiles/ar_track_alvar.dir/src/MultiMarkerBundle.cpp.o] Error 1
make[2]: *** Waiting for unfinished jobs....
make[1]: *** [CMakeFiles/Makefile2:94: CMakeFiles/ar_track_alvar.dir/all] Error 2
make: *** [Makefile:141: all] Error 2
