[0.153s] Invoking command in '/home/wheeltec/wheeltec_ros2/build/ar_track_alvar': CMAKE_PREFIX_PATH=/home/wheeltec/wheeltec_ros2/install/perception_pcl:/home/wheeltec/wheeltec_ros2/install/pcl_ros:/home/wheeltec/wheeltec_ros2/install/pcl_conversions:/home/wheeltec/wheeltec_ros2/install/ar_track_alvar_msgs:/home/wheeltec/wheeltec_ros2/install/wheeltec_rrt_msg:/home/wheeltec/wheeltec_ros2/install/turn_on_wheeltec_robot:/home/wheeltec/wheeltec_ros2/install/wheeltec_robot_msg:/home/wheeltec/wheeltec_ros2/install/wheeltec_joy:/home/wheeltec/wheeltec_ros2/install/wheeltec_cartographer:/home/wheeltec/wheeltec_ros2/install/web_video_server:/home/wheeltec/wheeltec_ros2/install/usb_cam:/home/wheeltec/wheeltec_ros2/install/serial:/home/wheeltec/wheeltec_ros2/install/rplidar_ros2:/home/wheeltec/wheeltec_ros2/install/openslam_gmapping:/home/wheeltec/wheeltec_ros2/install/nav_2d_utils:/home/wheeltec/wheeltec_ros2/install/dwb_msgs:/home/wheeltec/wheeltec_ros2/install/nav_2d_msgs:/home/wheeltec/wheeltec_ros2/install/nav2_voxel_grid:/home/wheeltec/wheeltec_ros2/install/nav2_lifecycle_manager:/home/wheeltec/wheeltec_ros2/install/nav2_amcl:/home/wheeltec/wheeltec_ros2/install/nav2_util:/home/wheeltec/wheeltec_ros2/install/nav2_msgs:/home/wheeltec/wheeltec_ros2/install/nav2_common:/home/wheeltec/wheeltec_ros2/install/lsn10:/home/wheeltec/wheeltec_ros2/install/lsm10_v2:/home/wheeltec/wheeltec_ros2/install/lidar_ros2:/home/wheeltec/wheeltec_ros2/install/ldlidar_stl_ros2:/home/wheeltec/wheeltec_ros2/install/ldlidar_sl_ros2:/home/wheeltec/wheeltec_ros2/install/astra_msgs:/home/wheeltec/wheeltec_ros2/install/ackermann_msgs:/home/wheeltec/wheeltec_ros2/install/wheeltec_robot_keyboard:/home/wheeltec/wheeltec_ros2/install/tf2_tools:/home/wheeltec/wheeltec_ros2/install/nav2_gazebo_spawner:/opt/ros/galactic LD_LIBRARY_PATH=/home/wheeltec/wheeltec_ros2/install/pcl_ros/lib:/home/wheeltec/wheeltec_ros2/install/ar_track_alvar_msgs/lib:/home/wheeltec/wheeltec_ros2/install/wheeltec_rrt_msg/lib:/home/wheeltec/wheeltec_ros2/install/turn_on_wheeltec_robot/lib:/home/wheeltec/wheeltec_ros2/install/wheeltec_robot_msg/lib:/home/wheeltec/wheeltec_ros2/install/usb_cam/lib:/home/wheeltec/wheeltec_ros2/install/serial/lib:/home/wheeltec/wheeltec_ros2/install/openslam_gmapping/lib:/home/wheeltec/wheeltec_ros2/install/nav_2d_utils/lib:/home/wheeltec/wheeltec_ros2/install/dwb_msgs/lib:/home/wheeltec/wheeltec_ros2/install/nav_2d_msgs/lib:/home/wheeltec/wheeltec_ros2/install/nav2_voxel_grid/lib:/home/wheeltec/wheeltec_ros2/install/nav2_lifecycle_manager/lib:/home/wheeltec/wheeltec_ros2/install/nav2_amcl/lib:/home/wheeltec/wheeltec_ros2/install/nav2_util/lib:/home/wheeltec/wheeltec_ros2/install/nav2_msgs/lib:/home/wheeltec/wheeltec_ros2/install/lsm10_v2/lib:/home/wheeltec/wheeltec_ros2/install/astra_msgs/lib:/home/wheeltec/wheeltec_ros2/install/ackermann_msgs/lib:/usr/local/cuda-10.2/lib64:/opt/ros/galactic/opt/yaml_cpp_vendor/lib:/opt/ros/galactic/opt/rviz_ogre_vendor/lib:/opt/ros/galactic/lib/aarch64-linux-gnu:/opt/ros/galactic/lib:/usr/local/cuda-10.2/lib64 PYTHONPATH=/home/wheeltec/wheeltec_ros2/install/ar_track_alvar_msgs/lib/python3.8/site-packages:/home/wheeltec/wheeltec_ros2/install/wheeltec_rrt_msg/lib/python3.8/site-packages:/home/wheeltec/wheeltec_ros2/install/turn_on_wheeltec_robot/lib/python3.8/site-packages:/home/wheeltec/wheeltec_ros2/install/wheeltec_robot_msg/lib/python3.8/site-packages:/home/wheeltec/wheeltec_ros2/install/wheeltec_robot_keyboard/lib/python3.8/site-packages:/home/wheeltec/wheeltec_ros2/install/tf2_tools/lib/python3.8/site-packages:/home/wheeltec/wheeltec_ros2/install/dwb_msgs/lib/python3.8/site-packages:/home/wheeltec/wheeltec_ros2/install/nav_2d_msgs/lib/python3.8/site-packages:/home/wheeltec/wheeltec_ros2/install/nav2_msgs/lib/python3.8/site-packages:/home/wheeltec/wheeltec_ros2/install/nav2_gazebo_spawner/lib/python3.8/site-packages:/home/wheeltec/wheeltec_ros2/install/nav2_common/lib/python3.8/site-packages:/home/wheeltec/wheeltec_ros2/install/lsm10_v2/lib/python3.8/site-packages:/home/wheeltec/wheeltec_ros2/install/astra_msgs/lib/python3.8/site-packages:/home/wheeltec/wheeltec_ros2/install/ackermann_msgs/lib/python3.8/site-packages:/opt/ros/galactic/lib/python3.8/site-packages /usr/bin/cmake /home/wheeltec/wheeltec_ros2/src/ar_track/ar_track_alvar -DCMAKE_INSTALL_PREFIX=/home/wheeltec/wheeltec_ros2/install/ar_track_alvar
[0.441s] -- The C compiler identification is GNU 9.4.0
[0.694s] -- The CXX compiler identification is GNU 9.4.0
[0.720s] -- Check for working C compiler: /usr/bin/cc
[1.040s] -- Check for working C compiler: /usr/bin/cc -- works
[1.044s] -- Detecting C compiler ABI info
[1.361s] -- Detecting C compiler ABI info - done
[1.421s] -- Detecting C compile features
[1.424s] -- Detecting C compile features - done
[1.438s] -- Check for working CXX compiler: /usr/bin/c++
[1.800s] -- Check for working CXX compiler: /usr/bin/c++ -- works
[1.806s] -- Detecting CXX compiler ABI info
[2.169s] -- Detecting CXX compiler ABI info - done
[2.221s] -- Detecting CXX compile features
[2.225s] -- Detecting CXX compile features - done
[2.255s] -- Found ament_cmake: 1.1.5 (/opt/ros/galactic/share/ament_cmake/cmake)
[2.437s] -- Found PythonInterp: /usr/bin/python3 (found suitable version "3.8.10", minimum required is "3") 
[2.438s] -- Using PYTHON_EXECUTABLE: /usr/bin/python3
[3.150s] -- Found ament_cmake_auto: 1.1.5 (/opt/ros/galactic/share/ament_cmake_auto/cmake)
[3.871s] -- Using all available rosidl_typesupport_c: rosidl_typesupport_fastrtps_c;rosidl_typesupport_introspection_c
[3.957s] -- Found rosidl_adapter: 2.2.2 (/opt/ros/galactic/share/rosidl_adapter/cmake)
[4.505s] -- Found OpenSSL: /usr/lib/aarch64-linux-gnu/libcrypto.so (found version "1.1.1f")  
[4.650s] -- Found FastRTPS: /opt/ros/galactic/include  
[5.178s] -- Using all available rosidl_typesupport_cpp: rosidl_typesupport_fastrtps_cpp;rosidl_typesupport_introspection_cpp
[6.651s] -- Found rmw_implementation_cmake: 3.3.1 (/opt/ros/galactic/share/rmw_implementation_cmake/cmake)
[6.689s] -- Found rmw_cyclonedds_cpp: 0.22.5 (/opt/ros/galactic/share/rmw_cyclonedds_cpp/cmake)
[6.809s] -- Using RMW implementation 'rmw_cyclonedds_cpp' as default
[6.813s] -- Looking for pthread.h
[7.151s] -- Looking for pthread.h - found
[7.153s] -- Performing Test CMAKE_HAVE_LIBC_PTHREAD
[7.478s] -- Performing Test CMAKE_HAVE_LIBC_PTHREAD - Failed
[7.481s] -- Looking for pthread_create in pthreads
[7.747s] -- Looking for pthread_create in pthreads - not found
[7.749s] -- Looking for pthread_create in pthread
[8.083s] -- Looking for pthread_create in pthread - found
[8.088s] -- Found Threads: TRUE  
[10.812s] -- library: /usr/lib/aarch64-linux-gnu/libcurl.so
[13.249s] -- Found eigen3_cmake_module: 0.1.1 (/opt/ros/galactic/share/eigen3_cmake_module/cmake)
[13.280s] -- Found Eigen3: TRUE (found version "3.3.7") 
[14.104s] -- Found OpenCV: /usr (found version "4.2.0") 
[14.189s] -- Checking for module 'eigen3'
[14.294s] --   Found eigen3, version 3.3.7
[14.539s] -- Found Eigen: /usr/include/eigen3 (Required is at least version "3.1") 
[14.541s] -- Eigen found (include: /usr/include/eigen3, version: 3.3.7)
[15.139s] -- Checking for module 'libusb-1.0'
[15.247s] --   Found libusb-1.0, version 1.0.23
[15.503s] -- Found USB_10: /usr/lib/aarch64-linux-gnu/libusb-1.0.so  
[15.878s] -- OpenNI found (include: /usr/include/ni, lib: /usr/lib/libOpenNI.so)
[16.275s] -- OpenNI2 found (include: /usr/include/openni2, lib: /usr/lib/libOpenNI2.so)
[16.563s] -- The imported target "vtkParseOGLExt" references the file
[16.564s]    "/usr/bin/vtkParseOGLExt-7.1"
[16.566s] but this file does not exist.  Possible reasons include:
[16.566s] * The file was deleted, renamed, or moved to another location.
[16.567s] * An install or uninstall procedure did not complete successfully.
[16.567s] * The installation package was faulty and contained
[16.568s]    "/usr/lib/cmake/vtk-7.1/VTKTargets.cmake"
[16.568s] but not all the files it references.
[16.568s] 
[16.571s] -- The imported target "vtkRenderingPythonTkWidgets" references the file
[16.572s]    "/usr/lib/aarch64-linux-gnu/libvtkRenderingPythonTkWidgets.so"
[16.573s] but this file does not exist.  Possible reasons include:
[16.573s] * The file was deleted, renamed, or moved to another location.
[16.574s] * An install or uninstall procedure did not complete successfully.
[16.574s] * The installation package was faulty and contained
[16.574s]    "/usr/lib/cmake/vtk-7.1/VTKTargets.cmake"
[16.575s] but not all the files it references.
[16.575s] 
[16.589s] -- The imported target "vtk" references the file
[16.590s]    "/usr/bin/vtk"
[16.590s] but this file does not exist.  Possible reasons include:
[16.590s] * The file was deleted, renamed, or moved to another location.
[16.591s] * An install or uninstall procedure did not complete successfully.
[16.591s] * The installation package was faulty and contained
[16.592s]    "/usr/lib/cmake/vtk-7.1/VTKTargets.cmake"
[16.592s] but not all the files it references.
[16.593s] 
[16.593s] -- The imported target "pvtk" references the file
[16.594s]    "/usr/bin/pvtk"
[16.594s] but this file does not exist.  Possible reasons include:
[16.595s] * The file was deleted, renamed, or moved to another location.
[16.595s] * An install or uninstall procedure did not complete successfully.
[16.596s] * The installation package was faulty and contained
[16.596s]    "/usr/lib/cmake/vtk-7.1/VTKTargets.cmake"
[16.597s] but not all the files it references.
[16.597s] 
[16.710s] -- Found libusb-1.0: /usr/include  
[16.718s] -- Found PCL_COMMON: /usr/lib/aarch64-linux-gnu/libpcl_common.so  
[16.725s] -- Found PCL_OCTREE: /usr/lib/aarch64-linux-gnu/libpcl_octree.so  
[16.734s] -- Found PCL_IO: /usr/lib/aarch64-linux-gnu/libpcl_io.so  
[16.909s] -- Checking for module 'flann'
[17.036s] --   Found flann, version 1.9.1
[17.454s] -- Found FLANN: /usr/lib/aarch64-linux-gnu/libflann_cpp.so  
[17.547s] -- OpenNI found (include: /usr/include/ni, lib: /usr/lib/libOpenNI.so)
[17.576s] -- OpenNI2 found (include: /usr/include/openni2, lib: /usr/lib/libOpenNI2.so)
[17.769s] -- Found Qhull: optimized;/usr/lib/aarch64-linux-gnu/libqhull.so;debug;/usr/lib/aarch64-linux-gnu/libqhull.so  
[17.770s] -- QHULL found (include: /usr/include, lib: optimized;/usr/lib/aarch64-linux-gnu/libqhull.so;debug;/usr/lib/aarch64-linux-gnu/libqhull.so)
[17.799s] -- OpenNI found (include: /usr/include/ni, lib: /usr/lib/libOpenNI.so)
[17.859s] -- looking for PCL_KDTREE
[17.866s] -- Found PCL_KDTREE: /usr/lib/aarch64-linux-gnu/libpcl_kdtree.so  
[17.868s] -- looking for PCL_SEARCH
[17.877s] -- Found PCL_SEARCH: /usr/lib/aarch64-linux-gnu/libpcl_search.so  
[17.879s] -- looking for PCL_SAMPLE_CONSENSUS
[17.888s] -- Found PCL_SAMPLE_CONSENSUS: /usr/lib/aarch64-linux-gnu/libpcl_sample_consensus.so  
[17.891s] -- looking for PCL_FILTERS
[17.899s] -- Found PCL_FILTERS: /usr/lib/aarch64-linux-gnu/libpcl_filters.so  
[17.902s] -- looking for PCL_2D
[17.904s] -- Found PCL_2D: /usr/include/pcl-1.10  
[17.907s] -- looking for PCL_GEOMETRY
[17.909s] -- Found PCL_GEOMETRY: /usr/include/pcl-1.10  
[17.911s] -- looking for PCL_FEATURES
[17.919s] -- Found PCL_FEATURES: /usr/lib/aarch64-linux-gnu/libpcl_features.so  
[17.922s] -- looking for PCL_ML
[17.929s] -- Found PCL_ML: /usr/lib/aarch64-linux-gnu/libpcl_ml.so  
[17.932s] -- looking for PCL_SEGMENTATION
[17.939s] -- Found PCL_SEGMENTATION: /usr/lib/aarch64-linux-gnu/libpcl_segmentation.so  
[17.942s] -- looking for PCL_VISUALIZATION
[17.951s] -- Found PCL_VISUALIZATION: /usr/lib/aarch64-linux-gnu/libpcl_visualization.so  
[17.955s] -- looking for PCL_SURFACE
[17.962s] -- Found PCL_SURFACE: /usr/lib/aarch64-linux-gnu/libpcl_surface.so  
[17.964s] -- looking for PCL_REGISTRATION
[17.972s] -- Found PCL_REGISTRATION: /usr/lib/aarch64-linux-gnu/libpcl_registration.so  
[17.976s] -- looking for PCL_KEYPOINTS
[17.983s] -- Found PCL_KEYPOINTS: /usr/lib/aarch64-linux-gnu/libpcl_keypoints.so  
[17.986s] -- looking for PCL_TRACKING
[17.993s] -- Found PCL_TRACKING: /usr/lib/aarch64-linux-gnu/libpcl_tracking.so  
[17.996s] -- looking for PCL_RECOGNITION
[18.003s] -- Found PCL_RECOGNITION: /usr/lib/aarch64-linux-gnu/libpcl_recognition.so  
[18.006s] -- looking for PCL_STEREO
[18.013s] -- Found PCL_STEREO: /usr/lib/aarch64-linux-gnu/libpcl_stereo.so  
[18.016s] -- looking for PCL_APPS
[18.023s] -- Found PCL_APPS: /usr/lib/aarch64-linux-gnu/libpcl_apps.so  
[18.028s] -- looking for PCL_IN_HAND_SCANNER
[18.031s] -- Found PCL_IN_HAND_SCANNER: /usr/include/pcl-1.10  
[18.033s] -- looking for PCL_POINT_CLOUD_EDITOR
[18.041s] -- Found PCL_POINT_CLOUD_EDITOR: /usr/include/pcl-1.10  
[18.043s] -- looking for PCL_OUTOFCORE
[18.050s] -- Found PCL_OUTOFCORE: /usr/lib/aarch64-linux-gnu/libpcl_outofcore.so  
[18.053s] -- looking for PCL_PEOPLE
[18.060s] -- Found PCL_PEOPLE: /usr/lib/aarch64-linux-gnu/libpcl_people.so  
[18.067s] -- Found PCL: pcl_common;pcl_octree;pcl_io;pcl_kdtree;pcl_search;pcl_sample_consensus;pcl_filters;pcl_features;pcl_ml;pcl_segmentation;pcl_visualization;pcl_surface;pcl_registration;pcl_keypoints;pcl_tracking;pcl_recognition;pcl_stereo;pcl_apps;pcl_outofcore;pcl_people;/usr/lib/aarch64-linux-gnu/libboost_system.so;/usr/lib/aarch64-linux-gnu/libboost_filesystem.so;/usr/lib/aarch64-linux-gnu/libboost_date_time.so;/usr/lib/aarch64-linux-gnu/libboost_iostreams.so;/usr/lib/aarch64-linux-gnu/libboost_regex.so;optimized;/usr/lib/aarch64-linux-gnu/libqhull.so;debug;/usr/lib/aarch64-linux-gnu/libqhull.so;/usr/lib/libOpenNI.so;/usr/lib/libOpenNI2.so;vtkChartsCore;vtkCommonColor;vtkCommonCore;vtksys;vtkCommonDataModel;vtkCommonMath;vtkCommonMisc;vtkCommonSystem;vtkCommonTransforms;vtkCommonExecutionModel;vtkFiltersGeneral;vtkCommonComputationalGeometry;vtkFiltersCore;vtkInfovisCore;vtkFiltersExtraction;vtkFiltersStatistics;vtkImagingFourier;vtkImagingCore;vtkalglib;vtkRenderingContext2D;vtkRenderingCore;vtkFiltersGeometry;vtkFiltersSources;vtkRenderingFreeType;/usr/lib/aarch64-linux-gnu/libfreetype.so;/usr/lib/aarch64-linux-gnu/libz.so;vtkFiltersModeling;vtkImagingSources;vtkInteractionStyle;vtkInteractionWidgets;vtkFiltersHybrid;vtkImagingColor;vtkImagingGeneral;vtkImagingHybrid;vtkIOImage;vtkDICOMParser;vtkmetaio;/usr/lib/aarch64-linux-gnu/libjpeg.so;/usr/lib/aarch64-linux-gnu/libpng.so;/usr/lib/aarch64-linux-gnu/libtiff.so;vtkRenderingAnnotation;vtkRenderingVolume;vtkIOXML;vtkIOCore;vtkIOXMLParser;/usr/lib/aarch64-linux-gnu/libexpat.so;vtkIOGeometry;vtkIOLegacy;vtkIOPLY;vtkRenderingLOD;vtkViewsContext2D;vtkViewsCore;vtkRenderingContextOpenGL2;vtkRenderingOpenGL2;FLANN::FLANN  
[18.105s] -- Found tinyxml_vendor: 0.8.2 (/opt/ros/galactic/share/tinyxml_vendor/cmake)
[22.872s] -- Found ament_lint_auto: 0.10.7 (/opt/ros/galactic/share/ament_lint_auto/cmake)
[23.288s] -- Found python_cmake_module: 0.8.1 (/opt/ros/galactic/share/python_cmake_module/cmake)
[23.435s] -- Found PythonInterp: /usr/bin/python3 (found suitable version "3.8.10", minimum required is "3.5") 
[23.485s] -- Found PythonLibs: /usr/lib/aarch64-linux-gnu/libpython3.8.so (found suitable version "3.8.10", minimum required is "3.5") 
[23.487s] -- Using PYTHON_EXECUTABLE: /usr/bin/python3
[23.488s] -- Using PYTHON_INCLUDE_DIRS: /usr/include/python3.8
[23.490s] -- Using PYTHON_LIBRARIES: /usr/lib/aarch64-linux-gnu/libpython3.8.so
[23.634s] -- Found PythonExtra: .so  
[24.011s] -- Configuring done
[26.500s] -- Generating done
[26.517s] -- Build files have been written to: /home/wheeltec/wheeltec_ros2/build/ar_track_alvar
[26.610s] Invoked command in '/home/wheeltec/wheeltec_ros2/build/ar_track_alvar' returned '0': CMAKE_PREFIX_PATH=/home/wheeltec/wheeltec_ros2/install/perception_pcl:/home/wheeltec/wheeltec_ros2/install/pcl_ros:/home/wheeltec/wheeltec_ros2/install/pcl_conversions:/home/wheeltec/wheeltec_ros2/install/ar_track_alvar_msgs:/home/wheeltec/wheeltec_ros2/install/wheeltec_rrt_msg:/home/wheeltec/wheeltec_ros2/install/turn_on_wheeltec_robot:/home/wheeltec/wheeltec_ros2/install/wheeltec_robot_msg:/home/wheeltec/wheeltec_ros2/install/wheeltec_joy:/home/wheeltec/wheeltec_ros2/install/wheeltec_cartographer:/home/wheeltec/wheeltec_ros2/install/web_video_server:/home/wheeltec/wheeltec_ros2/install/usb_cam:/home/wheeltec/wheeltec_ros2/install/serial:/home/wheeltec/wheeltec_ros2/install/rplidar_ros2:/home/wheeltec/wheeltec_ros2/install/openslam_gmapping:/home/wheeltec/wheeltec_ros2/install/nav_2d_utils:/home/wheeltec/wheeltec_ros2/install/dwb_msgs:/home/wheeltec/wheeltec_ros2/install/nav_2d_msgs:/home/wheeltec/wheeltec_ros2/install/nav2_voxel_grid:/home/wheeltec/wheeltec_ros2/install/nav2_lifecycle_manager:/home/wheeltec/wheeltec_ros2/install/nav2_amcl:/home/wheeltec/wheeltec_ros2/install/nav2_util:/home/wheeltec/wheeltec_ros2/install/nav2_msgs:/home/wheeltec/wheeltec_ros2/install/nav2_common:/home/wheeltec/wheeltec_ros2/install/lsn10:/home/wheeltec/wheeltec_ros2/install/lsm10_v2:/home/wheeltec/wheeltec_ros2/install/lidar_ros2:/home/wheeltec/wheeltec_ros2/install/ldlidar_stl_ros2:/home/wheeltec/wheeltec_ros2/install/ldlidar_sl_ros2:/home/wheeltec/wheeltec_ros2/install/astra_msgs:/home/wheeltec/wheeltec_ros2/install/ackermann_msgs:/home/wheeltec/wheeltec_ros2/install/wheeltec_robot_keyboard:/home/wheeltec/wheeltec_ros2/install/tf2_tools:/home/wheeltec/wheeltec_ros2/install/nav2_gazebo_spawner:/opt/ros/galactic LD_LIBRARY_PATH=/home/wheeltec/wheeltec_ros2/install/pcl_ros/lib:/home/wheeltec/wheeltec_ros2/install/ar_track_alvar_msgs/lib:/home/wheeltec/wheeltec_ros2/install/wheeltec_rrt_msg/lib:/home/wheeltec/wheeltec_ros2/install/turn_on_wheeltec_robot/lib:/home/wheeltec/wheeltec_ros2/install/wheeltec_robot_msg/lib:/home/wheeltec/wheeltec_ros2/install/usb_cam/lib:/home/wheeltec/wheeltec_ros2/install/serial/lib:/home/wheeltec/wheeltec_ros2/install/openslam_gmapping/lib:/home/wheeltec/wheeltec_ros2/install/nav_2d_utils/lib:/home/wheeltec/wheeltec_ros2/install/dwb_msgs/lib:/home/wheeltec/wheeltec_ros2/install/nav_2d_msgs/lib:/home/wheeltec/wheeltec_ros2/install/nav2_voxel_grid/lib:/home/wheeltec/wheeltec_ros2/install/nav2_lifecycle_manager/lib:/home/wheeltec/wheeltec_ros2/install/nav2_amcl/lib:/home/wheeltec/wheeltec_ros2/install/nav2_util/lib:/home/wheeltec/wheeltec_ros2/install/nav2_msgs/lib:/home/wheeltec/wheeltec_ros2/install/lsm10_v2/lib:/home/wheeltec/wheeltec_ros2/install/astra_msgs/lib:/home/wheeltec/wheeltec_ros2/install/ackermann_msgs/lib:/usr/local/cuda-10.2/lib64:/opt/ros/galactic/opt/yaml_cpp_vendor/lib:/opt/ros/galactic/opt/rviz_ogre_vendor/lib:/opt/ros/galactic/lib/aarch64-linux-gnu:/opt/ros/galactic/lib:/usr/local/cuda-10.2/lib64 PYTHONPATH=/home/wheeltec/wheeltec_ros2/install/ar_track_alvar_msgs/lib/python3.8/site-packages:/home/wheeltec/wheeltec_ros2/install/wheeltec_rrt_msg/lib/python3.8/site-packages:/home/wheeltec/wheeltec_ros2/install/turn_on_wheeltec_robot/lib/python3.8/site-packages:/home/wheeltec/wheeltec_ros2/install/wheeltec_robot_msg/lib/python3.8/site-packages:/home/wheeltec/wheeltec_ros2/install/wheeltec_robot_keyboard/lib/python3.8/site-packages:/home/wheeltec/wheeltec_ros2/install/tf2_tools/lib/python3.8/site-packages:/home/wheeltec/wheeltec_ros2/install/dwb_msgs/lib/python3.8/site-packages:/home/wheeltec/wheeltec_ros2/install/nav_2d_msgs/lib/python3.8/site-packages:/home/wheeltec/wheeltec_ros2/install/nav2_msgs/lib/python3.8/site-packages:/home/wheeltec/wheeltec_ros2/install/nav2_gazebo_spawner/lib/python3.8/site-packages:/home/wheeltec/wheeltec_ros2/install/nav2_common/lib/python3.8/site-packages:/home/wheeltec/wheeltec_ros2/install/lsm10_v2/lib/python3.8/site-packages:/home/wheeltec/wheeltec_ros2/install/astra_msgs/lib/python3.8/site-packages:/home/wheeltec/wheeltec_ros2/install/ackermann_msgs/lib/python3.8/site-packages:/opt/ros/galactic/lib/python3.8/site-packages /usr/bin/cmake /home/wheeltec/wheeltec_ros2/src/ar_track/ar_track_alvar -DCMAKE_INSTALL_PREFIX=/home/wheeltec/wheeltec_ros2/install/ar_track_alvar
[26.615s] Invoking command in '/home/wheeltec/wheeltec_ros2/build/ar_track_alvar': CMAKE_PREFIX_PATH=/home/wheeltec/wheeltec_ros2/install/perception_pcl:/home/wheeltec/wheeltec_ros2/install/pcl_ros:/home/wheeltec/wheeltec_ros2/install/pcl_conversions:/home/wheeltec/wheeltec_ros2/install/ar_track_alvar_msgs:/home/wheeltec/wheeltec_ros2/install/wheeltec_rrt_msg:/home/wheeltec/wheeltec_ros2/install/turn_on_wheeltec_robot:/home/wheeltec/wheeltec_ros2/install/wheeltec_robot_msg:/home/wheeltec/wheeltec_ros2/install/wheeltec_joy:/home/wheeltec/wheeltec_ros2/install/wheeltec_cartographer:/home/wheeltec/wheeltec_ros2/install/web_video_server:/home/wheeltec/wheeltec_ros2/install/usb_cam:/home/wheeltec/wheeltec_ros2/install/serial:/home/wheeltec/wheeltec_ros2/install/rplidar_ros2:/home/wheeltec/wheeltec_ros2/install/openslam_gmapping:/home/wheeltec/wheeltec_ros2/install/nav_2d_utils:/home/wheeltec/wheeltec_ros2/install/dwb_msgs:/home/wheeltec/wheeltec_ros2/install/nav_2d_msgs:/home/wheeltec/wheeltec_ros2/install/nav2_voxel_grid:/home/wheeltec/wheeltec_ros2/install/nav2_lifecycle_manager:/home/wheeltec/wheeltec_ros2/install/nav2_amcl:/home/wheeltec/wheeltec_ros2/install/nav2_util:/home/wheeltec/wheeltec_ros2/install/nav2_msgs:/home/wheeltec/wheeltec_ros2/install/nav2_common:/home/wheeltec/wheeltec_ros2/install/lsn10:/home/wheeltec/wheeltec_ros2/install/lsm10_v2:/home/wheeltec/wheeltec_ros2/install/lidar_ros2:/home/wheeltec/wheeltec_ros2/install/ldlidar_stl_ros2:/home/wheeltec/wheeltec_ros2/install/ldlidar_sl_ros2:/home/wheeltec/wheeltec_ros2/install/astra_msgs:/home/wheeltec/wheeltec_ros2/install/ackermann_msgs:/home/wheeltec/wheeltec_ros2/install/wheeltec_robot_keyboard:/home/wheeltec/wheeltec_ros2/install/tf2_tools:/home/wheeltec/wheeltec_ros2/install/nav2_gazebo_spawner:/opt/ros/galactic LD_LIBRARY_PATH=/home/wheeltec/wheeltec_ros2/install/pcl_ros/lib:/home/wheeltec/wheeltec_ros2/install/ar_track_alvar_msgs/lib:/home/wheeltec/wheeltec_ros2/install/wheeltec_rrt_msg/lib:/home/wheeltec/wheeltec_ros2/install/turn_on_wheeltec_robot/lib:/home/wheeltec/wheeltec_ros2/install/wheeltec_robot_msg/lib:/home/wheeltec/wheeltec_ros2/install/usb_cam/lib:/home/wheeltec/wheeltec_ros2/install/serial/lib:/home/wheeltec/wheeltec_ros2/install/openslam_gmapping/lib:/home/wheeltec/wheeltec_ros2/install/nav_2d_utils/lib:/home/wheeltec/wheeltec_ros2/install/dwb_msgs/lib:/home/wheeltec/wheeltec_ros2/install/nav_2d_msgs/lib:/home/wheeltec/wheeltec_ros2/install/nav2_voxel_grid/lib:/home/wheeltec/wheeltec_ros2/install/nav2_lifecycle_manager/lib:/home/wheeltec/wheeltec_ros2/install/nav2_amcl/lib:/home/wheeltec/wheeltec_ros2/install/nav2_util/lib:/home/wheeltec/wheeltec_ros2/install/nav2_msgs/lib:/home/wheeltec/wheeltec_ros2/install/lsm10_v2/lib:/home/wheeltec/wheeltec_ros2/install/astra_msgs/lib:/home/wheeltec/wheeltec_ros2/install/ackermann_msgs/lib:/usr/local/cuda-10.2/lib64:/opt/ros/galactic/opt/yaml_cpp_vendor/lib:/opt/ros/galactic/opt/rviz_ogre_vendor/lib:/opt/ros/galactic/lib/aarch64-linux-gnu:/opt/ros/galactic/lib:/usr/local/cuda-10.2/lib64 PYTHONPATH=/home/wheeltec/wheeltec_ros2/install/ar_track_alvar_msgs/lib/python3.8/site-packages:/home/wheeltec/wheeltec_ros2/install/wheeltec_rrt_msg/lib/python3.8/site-packages:/home/wheeltec/wheeltec_ros2/install/turn_on_wheeltec_robot/lib/python3.8/site-packages:/home/wheeltec/wheeltec_ros2/install/wheeltec_robot_msg/lib/python3.8/site-packages:/home/wheeltec/wheeltec_ros2/install/wheeltec_robot_keyboard/lib/python3.8/site-packages:/home/wheeltec/wheeltec_ros2/install/tf2_tools/lib/python3.8/site-packages:/home/wheeltec/wheeltec_ros2/install/dwb_msgs/lib/python3.8/site-packages:/home/wheeltec/wheeltec_ros2/install/nav_2d_msgs/lib/python3.8/site-packages:/home/wheeltec/wheeltec_ros2/install/nav2_msgs/lib/python3.8/site-packages:/home/wheeltec/wheeltec_ros2/install/nav2_gazebo_spawner/lib/python3.8/site-packages:/home/wheeltec/wheeltec_ros2/install/nav2_common/lib/python3.8/site-packages:/home/wheeltec/wheeltec_ros2/install/lsm10_v2/lib/python3.8/site-packages:/home/wheeltec/wheeltec_ros2/install/astra_msgs/lib/python3.8/site-packages:/home/wheeltec/wheeltec_ros2/install/ackermann_msgs/lib/python3.8/site-packages:/opt/ros/galactic/lib/python3.8/site-packages /usr/bin/cmake --build /home/wheeltec/wheeltec_ros2/build/ar_track_alvar -- -j4 -l4
[26.833s] [35m[1mScanning dependencies of target ar_track_alvar[0m
[28.102s] [  2%] [32mBuilding CXX object CMakeFiles/ar_track_alvar.dir/src/Bitset.cpp.o[0m
[30.515s] [  4%] [32mBuilding CXX object CMakeFiles/ar_track_alvar.dir/src/CaptureDevice.cpp.o[0m
[31.899s] [  6%] [32mBuilding CXX object CMakeFiles/ar_track_alvar.dir/src/CaptureFactory.cpp.o[0m
[38.989s] [  8%] [32mBuilding CXX object CMakeFiles/ar_track_alvar.dir/src/CaptureFactory_unix.cpp.o[0m
[40.786s] [ 10%] [32mBuilding CXX object CMakeFiles/ar_track_alvar.dir/src/ConnectedComponents.cpp.o[0m
[41.596s] In file included from [01m[K/home/wheeltec/wheeltec_ros2/src/ar_track/ar_track_alvar/include/ar_track_alvar/Camera.h:45[m[K,
[41.596s]                  from [01m[K/home/wheeltec/wheeltec_ros2/src/ar_track/ar_track_alvar/include/ar_track_alvar/ConnectedComponents.h:36[m[K,
[41.597s]                  from [01m[K/home/wheeltec/wheeltec_ros2/src/ar_track/ar_track_alvar/src/ConnectedComponents.cpp:24[m[K:
[41.597s] [01m[K/opt/ros/galactic/include/resource_retriever/retriever.h:37:2:[m[K [01;35m[Kwarning: [m[K#warning Including header <resource_retriever/retriever.h> is deprecated, include <resource_retriever/retriever.hpp> instead. [[01;35m[K-Wcpp[m[K]
[41.598s]    37 | #[01;35m[Kwarning[m[K Including header <resource_retriever/retriever.h> is deprecated, \
[41.598s]       |  [01;35m[K^~~~~~~[m[K
[56.796s] [ 13%] [32mBuilding CXX object CMakeFiles/ar_track_alvar.dir/src/CvTestbed.cpp.o[0m
[63.440s] [ 15%] [32mBuilding CXX object CMakeFiles/ar_track_alvar.dir/src/DirectoryIterator.cpp.o[0m
[64.427s] [ 17%] [32mBuilding CXX object CMakeFiles/ar_track_alvar.dir/src/DirectoryIterator_unix.cpp.o[0m
[65.510s] [ 19%] [32mBuilding CXX object CMakeFiles/ar_track_alvar.dir/src/Draw.cpp.o[0m
[66.282s] In file included from [01m[K/home/wheeltec/wheeltec_ros2/src/ar_track/ar_track_alvar/include/ar_track_alvar/Camera.h:45[m[K,
[66.283s]                  from [01m[K/home/wheeltec/wheeltec_ros2/src/ar_track/ar_track_alvar/include/ar_track_alvar/Draw.h:36[m[K,
[66.284s]                  from [01m[K/home/wheeltec/wheeltec_ros2/src/ar_track/ar_track_alvar/src/Draw.cpp:24[m[K:
[66.285s] [01m[K/opt/ros/galactic/include/resource_retriever/retriever.h:37:2:[m[K [01;35m[Kwarning: [m[K#warning Including header <resource_retriever/retriever.h> is deprecated, include <resource_retriever/retriever.hpp> instead. [[01;35m[K-Wcpp[m[K]
[66.286s]    37 | #[01;35m[Kwarning[m[K Including header <resource_retriever/retriever.h> is deprecated, \
[66.286s]       |  [01;35m[K^~~~~~~[m[K
[80.364s] [ 21%] [32mBuilding CXX object CMakeFiles/ar_track_alvar.dir/src/FileFormatUtils.cpp.o[0m
[86.297s] [ 23%] [32mBuilding CXX object CMakeFiles/ar_track_alvar.dir/src/Filter.cpp.o[0m
[89.981s] [ 26%] [32mBuilding CXX object CMakeFiles/ar_track_alvar.dir/src/Kalman.cpp.o[0m
[96.565s] [ 28%] [32mBuilding CXX object CMakeFiles/ar_track_alvar.dir/src/Line.cpp.o[0m
[108.541s] [ 30%] [32mBuilding CXX object CMakeFiles/ar_track_alvar.dir/src/Marker.cpp.o[0m
[109.294s] In file included from [01m[K/home/wheeltec/wheeltec_ros2/src/ar_track/ar_track_alvar/include/ar_track_alvar/Camera.h:45[m[K,
[109.295s]                  from [01m[K/home/wheeltec/wheeltec_ros2/src/ar_track/ar_track_alvar/include/ar_track_alvar/Marker.h:38[m[K,
[109.295s]                  from [01m[K/home/wheeltec/wheeltec_ros2/src/ar_track/ar_track_alvar/src/Marker.cpp:25[m[K:
[109.296s] [01m[K/opt/ros/galactic/include/resource_retriever/retriever.h:37:2:[m[K [01;35m[Kwarning: [m[K#warning Including header <resource_retriever/retriever.h> is deprecated, include <resource_retriever/retriever.hpp> instead. [[01;35m[K-Wcpp[m[K]
[109.296s]    37 | #[01;35m[Kwarning[m[K Including header <resource_retriever/retriever.h> is deprecated, \
[109.296s]       |  [01;35m[K^~~~~~~[m[K
[171.352s] [ 32%] [32mBuilding CXX object CMakeFiles/ar_track_alvar.dir/src/MarkerDetector.cpp.o[0m
[173.341s] In file included from [01m[K/home/wheeltec/wheeltec_ros2/src/ar_track/ar_track_alvar/include/ar_track_alvar/Camera.h:45[m[K,
[173.341s]                  from [01m[K/home/wheeltec/wheeltec_ros2/src/ar_track/ar_track_alvar/include/ar_track_alvar/ConnectedComponents.h:36[m[K,
[173.342s]                  from [01m[K/home/wheeltec/wheeltec_ros2/src/ar_track/ar_track_alvar/include/ar_track_alvar/MarkerDetector.h:35[m[K,
[173.342s]                  from [01m[K/home/wheeltec/wheeltec_ros2/src/ar_track/ar_track_alvar/src/MarkerDetector.cpp:24[m[K:
[173.343s] [01m[K/opt/ros/galactic/include/resource_retriever/retriever.h:37:2:[m[K [01;35m[Kwarning: [m[K#warning Including header <resource_retriever/retriever.h> is deprecated, include <resource_retriever/retriever.hpp> instead. [[01;35m[K-Wcpp[m[K]
[173.343s]    37 | #[01;35m[Kwarning[m[K Including header <resource_retriever/retriever.h> is deprecated, \
[173.344s]       |  [01;35m[K^~~~~~~[m[K
[233.389s] [ 34%] [32mBuilding CXX object CMakeFiles/ar_track_alvar.dir/src/MultiMarker.cpp.o[0m
[234.645s] In file included from [01m[K/home/wheeltec/wheeltec_ros2/src/ar_track/ar_track_alvar/include/ar_track_alvar/Camera.h:45[m[K,
[234.646s]                  from [01m[K/home/wheeltec/wheeltec_ros2/src/ar_track/ar_track_alvar/include/ar_track_alvar/ConnectedComponents.h:36[m[K,
[234.646s]                  from [01m[K/home/wheeltec/wheeltec_ros2/src/ar_track/ar_track_alvar/include/ar_track_alvar/MarkerDetector.h:35[m[K,
[234.647s]                  from [01m[K/home/wheeltec/wheeltec_ros2/src/ar_track/ar_track_alvar/include/ar_track_alvar/MultiMarker.h:35[m[K,
[234.647s]                  from [01m[K/home/wheeltec/wheeltec_ros2/src/ar_track/ar_track_alvar/src/MultiMarker.cpp:25[m[K:
[234.648s] [01m[K/opt/ros/galactic/include/resource_retriever/retriever.h:37:2:[m[K [01;35m[Kwarning: [m[K#warning Including header <resource_retriever/retriever.h> is deprecated, include <resource_retriever/retriever.hpp> instead. [[01;35m[K-Wcpp[m[K]
[234.648s]    37 | #[01;35m[Kwarning[m[K Including header <resource_retriever/retriever.h> is deprecated, \
[234.649s]       |  [01;35m[K^~~~~~~[m[K
[291.524s] [ 36%] [32mBuilding CXX object CMakeFiles/ar_track_alvar.dir/src/MultiMarkerBundle.cpp.o[0m
[292.913s] In file included from [01m[K/home/wheeltec/wheeltec_ros2/src/ar_track/ar_track_alvar/include/ar_track_alvar/Camera.h:45[m[K,
[292.913s]                  from [01m[K/home/wheeltec/wheeltec_ros2/src/ar_track/ar_track_alvar/include/ar_track_alvar/ConnectedComponents.h:36[m[K,
[292.914s]                  from [01m[K/home/wheeltec/wheeltec_ros2/src/ar_track/ar_track_alvar/include/ar_track_alvar/MarkerDetector.h:35[m[K,
[292.914s]                  from [01m[K/home/wheeltec/wheeltec_ros2/src/ar_track/ar_track_alvar/include/ar_track_alvar/MultiMarker.h:35[m[K,
[292.915s]                  from [01m[K/home/wheeltec/wheeltec_ros2/src/ar_track/ar_track_alvar/include/ar_track_alvar/MultiMarkerBundle.h:34[m[K,
[292.915s]                  from [01m[K/home/wheeltec/wheeltec_ros2/src/ar_track/ar_track_alvar/src/MultiMarkerBundle.cpp:24[m[K:
[292.916s] [01m[K/opt/ros/galactic/include/resource_retriever/retriever.h:37:2:[m[K [01;35m[Kwarning: [m[K#warning Including header <resource_retriever/retriever.h> is deprecated, include <resource_retriever/retriever.hpp> instead. [[01;35m[K-Wcpp[m[K]
[292.916s]    37 | #[01;35m[Kwarning[m[K Including header <resource_retriever/retriever.h> is deprecated, \
[292.916s]       |  [01;35m[K^~~~~~~[m[K
[328.667s] [ 39%] [32mBuilding CXX object CMakeFiles/ar_track_alvar.dir/src/MultiMarkerInitializer.cpp.o[0m
[329.831s] [ 41%] [32mBuilding CXX object CMakeFiles/ar_track_alvar.dir/src/Camera.cpp.o[0m
[330.128s] In file included from [01m[K/home/wheeltec/wheeltec_ros2/src/ar_track/ar_track_alvar/include/ar_track_alvar/Camera.h:45[m[K,
[330.129s]                  from [01m[K/home/wheeltec/wheeltec_ros2/src/ar_track/ar_track_alvar/include/ar_track_alvar/ConnectedComponents.h:36[m[K,
[330.129s]                  from [01m[K/home/wheeltec/wheeltec_ros2/src/ar_track/ar_track_alvar/include/ar_track_alvar/MarkerDetector.h:35[m[K,
[330.130s]                  from [01m[K/home/wheeltec/wheeltec_ros2/src/ar_track/ar_track_alvar/include/ar_track_alvar/MultiMarker.h:35[m[K,
[330.130s]                  from [01m[K/home/wheeltec/wheeltec_ros2/src/ar_track/ar_track_alvar/include/ar_track_alvar/MultiMarkerInitializer.h:34[m[K,
[330.131s]                  from [01m[K/home/wheeltec/wheeltec_ros2/src/ar_track/ar_track_alvar/src/MultiMarkerInitializer.cpp:24[m[K:
[330.132s] [01m[K/opt/ros/galactic/include/resource_retriever/retriever.h:37:2:[m[K [01;35m[Kwarning: [m[K#warning Including header <resource_retriever/retriever.h> is deprecated, include <resource_retriever/retriever.hpp> instead. [[01;35m[K-Wcpp[m[K]
[330.132s]    37 | #[01;35m[Kwarning[m[K Including header <resource_retriever/retriever.h> is deprecated, \
[330.133s]       |  [01;35m[K^~~~~~~[m[K
[331.670s] In file included from [01m[K/home/wheeltec/wheeltec_ros2/src/ar_track/ar_track_alvar/include/ar_track_alvar/Camera.h:45[m[K,
[331.671s]                  from [01m[K/home/wheeltec/wheeltec_ros2/src/ar_track/ar_track_alvar/src/Camera.cpp:25[m[K:
[331.672s] [01m[K/opt/ros/galactic/include/resource_retriever/retriever.h:37:2:[m[K [01;35m[Kwarning: [m[K#warning Including header <resource_retriever/retriever.h> is deprecated, include <resource_retriever/retriever.hpp> instead. [[01;35m[K-Wcpp[m[K]
[331.672s]    37 | #[01;35m[Kwarning[m[K Including header <resource_retriever/retriever.h> is deprecated, \
[331.673s]       |  [01;35m[K^~~~~~~[m[K
[372.685s] [01m[Kc++:[m[K [01;31m[Kfatal error: [m[KKilled signal terminated program cc1plus
[372.726s] compilation terminated.
[372.727s] make[2]: *** [CMakeFiles/ar_track_alvar.dir/build.make:284: CMakeFiles/ar_track_alvar.dir/src/MultiMarkerBundle.cpp.o] Error 1
[372.727s] make[2]: *** Waiting for unfinished jobs....
[439.852s] make[1]: *** [CMakeFiles/Makefile2:94: CMakeFiles/ar_track_alvar.dir/all] Error 2
[439.853s] make: *** [Makefile:141: all] Error 2
[439.868s] Invoked command in '/home/wheeltec/wheeltec_ros2/build/ar_track_alvar' returned '2': CMAKE_PREFIX_PATH=/home/wheeltec/wheeltec_ros2/install/perception_pcl:/home/wheeltec/wheeltec_ros2/install/pcl_ros:/home/wheeltec/wheeltec_ros2/install/pcl_conversions:/home/wheeltec/wheeltec_ros2/install/ar_track_alvar_msgs:/home/wheeltec/wheeltec_ros2/install/wheeltec_rrt_msg:/home/wheeltec/wheeltec_ros2/install/turn_on_wheeltec_robot:/home/wheeltec/wheeltec_ros2/install/wheeltec_robot_msg:/home/wheeltec/wheeltec_ros2/install/wheeltec_joy:/home/wheeltec/wheeltec_ros2/install/wheeltec_cartographer:/home/wheeltec/wheeltec_ros2/install/web_video_server:/home/wheeltec/wheeltec_ros2/install/usb_cam:/home/wheeltec/wheeltec_ros2/install/serial:/home/wheeltec/wheeltec_ros2/install/rplidar_ros2:/home/wheeltec/wheeltec_ros2/install/openslam_gmapping:/home/wheeltec/wheeltec_ros2/install/nav_2d_utils:/home/wheeltec/wheeltec_ros2/install/dwb_msgs:/home/wheeltec/wheeltec_ros2/install/nav_2d_msgs:/home/wheeltec/wheeltec_ros2/install/nav2_voxel_grid:/home/wheeltec/wheeltec_ros2/install/nav2_lifecycle_manager:/home/wheeltec/wheeltec_ros2/install/nav2_amcl:/home/wheeltec/wheeltec_ros2/install/nav2_util:/home/wheeltec/wheeltec_ros2/install/nav2_msgs:/home/wheeltec/wheeltec_ros2/install/nav2_common:/home/wheeltec/wheeltec_ros2/install/lsn10:/home/wheeltec/wheeltec_ros2/install/lsm10_v2:/home/wheeltec/wheeltec_ros2/install/lidar_ros2:/home/wheeltec/wheeltec_ros2/install/ldlidar_stl_ros2:/home/wheeltec/wheeltec_ros2/install/ldlidar_sl_ros2:/home/wheeltec/wheeltec_ros2/install/astra_msgs:/home/wheeltec/wheeltec_ros2/install/ackermann_msgs:/home/wheeltec/wheeltec_ros2/install/wheeltec_robot_keyboard:/home/wheeltec/wheeltec_ros2/install/tf2_tools:/home/wheeltec/wheeltec_ros2/install/nav2_gazebo_spawner:/opt/ros/galactic LD_LIBRARY_PATH=/home/wheeltec/wheeltec_ros2/install/pcl_ros/lib:/home/wheeltec/wheeltec_ros2/install/ar_track_alvar_msgs/lib:/home/wheeltec/wheeltec_ros2/install/wheeltec_rrt_msg/lib:/home/wheeltec/wheeltec_ros2/install/turn_on_wheeltec_robot/lib:/home/wheeltec/wheeltec_ros2/install/wheeltec_robot_msg/lib:/home/wheeltec/wheeltec_ros2/install/usb_cam/lib:/home/wheeltec/wheeltec_ros2/install/serial/lib:/home/wheeltec/wheeltec_ros2/install/openslam_gmapping/lib:/home/wheeltec/wheeltec_ros2/install/nav_2d_utils/lib:/home/wheeltec/wheeltec_ros2/install/dwb_msgs/lib:/home/wheeltec/wheeltec_ros2/install/nav_2d_msgs/lib:/home/wheeltec/wheeltec_ros2/install/nav2_voxel_grid/lib:/home/wheeltec/wheeltec_ros2/install/nav2_lifecycle_manager/lib:/home/wheeltec/wheeltec_ros2/install/nav2_amcl/lib:/home/wheeltec/wheeltec_ros2/install/nav2_util/lib:/home/wheeltec/wheeltec_ros2/install/nav2_msgs/lib:/home/wheeltec/wheeltec_ros2/install/lsm10_v2/lib:/home/wheeltec/wheeltec_ros2/install/astra_msgs/lib:/home/wheeltec/wheeltec_ros2/install/ackermann_msgs/lib:/usr/local/cuda-10.2/lib64:/opt/ros/galactic/opt/yaml_cpp_vendor/lib:/opt/ros/galactic/opt/rviz_ogre_vendor/lib:/opt/ros/galactic/lib/aarch64-linux-gnu:/opt/ros/galactic/lib:/usr/local/cuda-10.2/lib64 PYTHONPATH=/home/wheeltec/wheeltec_ros2/install/ar_track_alvar_msgs/lib/python3.8/site-packages:/home/wheeltec/wheeltec_ros2/install/wheeltec_rrt_msg/lib/python3.8/site-packages:/home/wheeltec/wheeltec_ros2/install/turn_on_wheeltec_robot/lib/python3.8/site-packages:/home/wheeltec/wheeltec_ros2/install/wheeltec_robot_msg/lib/python3.8/site-packages:/home/wheeltec/wheeltec_ros2/install/wheeltec_robot_keyboard/lib/python3.8/site-packages:/home/wheeltec/wheeltec_ros2/install/tf2_tools/lib/python3.8/site-packages:/home/wheeltec/wheeltec_ros2/install/dwb_msgs/lib/python3.8/site-packages:/home/wheeltec/wheeltec_ros2/install/nav_2d_msgs/lib/python3.8/site-packages:/home/wheeltec/wheeltec_ros2/install/nav2_msgs/lib/python3.8/site-packages:/home/wheeltec/wheeltec_ros2/install/nav2_gazebo_spawner/lib/python3.8/site-packages:/home/wheeltec/wheeltec_ros2/install/nav2_common/lib/python3.8/site-packages:/home/wheeltec/wheeltec_ros2/install/lsm10_v2/lib/python3.8/site-packages:/home/wheeltec/wheeltec_ros2/install/astra_msgs/lib/python3.8/site-packages:/home/wheeltec/wheeltec_ros2/install/ackermann_msgs/lib/python3.8/site-packages:/opt/ros/galactic/lib/python3.8/site-packages /usr/bin/cmake --build /home/wheeltec/wheeltec_ros2/build/ar_track_alvar -- -j4 -l4
