[0.088s] Invoking command in '/home/wheeltec/wheeltec_ros2/build/lslidar_driver': AMENT_PREFIX_PATH=/home/wheeltec/wheeltec_ros2/install/pcl_conversions:/home/wheeltec/wheeltec_ros2/install/lslidar_msgs:${AMENT_PREFIX_PATH} CMAKE_PREFIX_PATH=/home/wheeltec/wheeltec_ros2/install/pcl_conversions:/home/wheeltec/wheeltec_ros2/install/lslidar_msgs:/opt/ros/galactic LD_LIBRARY_PATH=/home/wheeltec/wheeltec_ros2/install/lslidar_msgs/lib:${LD_LIBRARY_PATH} PYTHONPATH=/home/wheeltec/wheeltec_ros2/install/lslidar_msgs/lib/python3.8/site-packages:${PYTHONPATH} /usr/bin/cmake --build /home/wheeltec/wheeltec_ros2/build/lslidar_driver -- -j4 -l4
[0.437s] [100%] Built target lslidar_driver_node
[0.489s] Invoked command in '/home/wheeltec/wheeltec_ros2/build/lslidar_driver' returned '0': AMENT_PREFIX_PATH=/home/wheeltec/wheeltec_ros2/install/pcl_conversions:/home/wheeltec/wheeltec_ros2/install/lslidar_msgs:${AMENT_PREFIX_PATH} CMAKE_PREFIX_PATH=/home/wheeltec/wheeltec_ros2/install/pcl_conversions:/home/wheeltec/wheeltec_ros2/install/lslidar_msgs:/opt/ros/galactic LD_LIBRARY_PATH=/home/wheeltec/wheeltec_ros2/install/lslidar_msgs/lib:${LD_LIBRARY_PATH} PYTHONPATH=/home/wheeltec/wheeltec_ros2/install/lslidar_msgs/lib/python3.8/site-packages:${PYTHONPATH} /usr/bin/cmake --build /home/wheeltec/wheeltec_ros2/build/lslidar_driver -- -j4 -l4
[0.633s] Invoking command in '/home/wheeltec/wheeltec_ros2/build/lslidar_driver': AMENT_PREFIX_PATH=/home/wheeltec/wheeltec_ros2/install/pcl_conversions:/home/wheeltec/wheeltec_ros2/install/lslidar_msgs:${AMENT_PREFIX_PATH} CMAKE_PREFIX_PATH=/home/wheeltec/wheeltec_ros2/install/pcl_conversions:/home/wheeltec/wheeltec_ros2/install/lslidar_msgs:/opt/ros/galactic LD_LIBRARY_PATH=/home/wheeltec/wheeltec_ros2/install/lslidar_msgs/lib:${LD_LIBRARY_PATH} PYTHONPATH=/home/wheeltec/wheeltec_ros2/install/lslidar_msgs/lib/python3.8/site-packages:${PYTHONPATH} /usr/bin/cmake --install /home/wheeltec/wheeltec_ros2/build/lslidar_driver
[0.683s] -- Install configuration: ""
[0.685s] -- Up-to-date: /home/wheeltec/wheeltec_ros2/install/lslidar_driver/share/lslidar_driver/launch
[0.686s] -- Up-to-date: /home/wheeltec/wheeltec_ros2/install/lslidar_driver/share/lslidar_driver/launch/lsm10_uart_launch.py
[0.687s] -- Up-to-date: /home/wheeltec/wheeltec_ros2/install/lslidar_driver/share/lslidar_driver/launch/lslidar_double_launch.py
[0.687s] -- Up-to-date: /home/wheeltec/wheeltec_ros2/install/lslidar_driver/share/lslidar_driver/launch/lsm10_net_launch.py
[0.688s] -- Up-to-date: /home/wheeltec/wheeltec_ros2/install/lslidar_driver/share/lslidar_driver/launch/lsm10p_net_launch.py
[0.688s] -- Up-to-date: /home/wheeltec/wheeltec_ros2/install/lslidar_driver/share/lslidar_driver/launch/lsn10_launch.py
[0.689s] -- Up-to-date: /home/wheeltec/wheeltec_ros2/install/lslidar_driver/share/lslidar_driver/launch/lsm10p_uart_launch.py
[0.690s] -- Up-to-date: /home/wheeltec/wheeltec_ros2/install/lslidar_driver/share/lslidar_driver/params
[0.691s] -- Up-to-date: /home/wheeltec/wheeltec_ros2/install/lslidar_driver/share/lslidar_driver/params/lsx10.yaml
[0.691s] -- Up-to-date: /home/wheeltec/wheeltec_ros2/install/lslidar_driver/share/lslidar_driver/params/lsx10_1.yaml
[0.692s] -- Up-to-date: /home/wheeltec/wheeltec_ros2/install/lslidar_driver/share/lslidar_driver/params/lsx10_2.yaml
[0.693s] -- Up-to-date: /home/wheeltec/wheeltec_ros2/install/lslidar_driver/share/lslidar_driver/params/lidar_net_ros2
[0.693s] -- Installing: /home/wheeltec/wheeltec_ros2/install/lslidar_driver/share/lslidar_driver/params/lidar_net_ros2/lsm10p_net.yaml
[0.694s] -- Up-to-date: /home/wheeltec/wheeltec_ros2/install/lslidar_driver/share/lslidar_driver/params/lidar_net_ros2/lsm10_net.yaml
[0.694s] -- Up-to-date: /home/wheeltec/wheeltec_ros2/install/lslidar_driver/share/lslidar_driver/params/lidar_uart_ros2
[0.694s] -- Installing: /home/wheeltec/wheeltec_ros2/install/lslidar_driver/share/lslidar_driver/params/lidar_uart_ros2/lsm10_p.yaml
[0.695s] -- Up-to-date: /home/wheeltec/wheeltec_ros2/install/lslidar_driver/share/lslidar_driver/params/lidar_uart_ros2/lsn10.yaml
[0.695s] -- Up-to-date: /home/wheeltec/wheeltec_ros2/install/lslidar_driver/share/lslidar_driver/params/lidar_uart_ros2/lsm10.yaml
[0.696s] -- Up-to-date: /home/wheeltec/wheeltec_ros2/install/lslidar_driver/share/lslidar_driver/rviz
[0.696s] -- Up-to-date: /home/wheeltec/wheeltec_ros2/install/lslidar_driver/share/lslidar_driver/rviz/lslidar.rviz
[0.697s] -- Up-to-date: /home/wheeltec/wheeltec_ros2/install/lslidar_driver/lib/lslidar_driver/lslidar_driver_node
[0.698s] -- Up-to-date: /home/wheeltec/wheeltec_ros2/install/lslidar_driver/share/ament_index/resource_index/package_run_dependencies/lslidar_driver
[0.699s] -- Up-to-date: /home/wheeltec/wheeltec_ros2/install/lslidar_driver/share/ament_index/resource_index/parent_prefix_path/lslidar_driver
[0.700s] -- Up-to-date: /home/wheeltec/wheeltec_ros2/install/lslidar_driver/share/lslidar_driver/environment/ament_prefix_path.sh
[0.701s] -- Up-to-date: /home/wheeltec/wheeltec_ros2/install/lslidar_driver/share/lslidar_driver/environment/ament_prefix_path.dsv
[0.701s] -- Up-to-date: /home/wheeltec/wheeltec_ros2/install/lslidar_driver/share/lslidar_driver/environment/path.sh
[0.702s] -- Up-to-date: /home/wheeltec/wheeltec_ros2/install/lslidar_driver/share/lslidar_driver/environment/path.dsv
[0.704s] -- Up-to-date: /home/wheeltec/wheeltec_ros2/install/lslidar_driver/share/lslidar_driver/local_setup.bash
[0.705s] -- Up-to-date: /home/wheeltec/wheeltec_ros2/install/lslidar_driver/share/lslidar_driver/local_setup.sh
[0.706s] -- Up-to-date: /home/wheeltec/wheeltec_ros2/install/lslidar_driver/share/lslidar_driver/local_setup.zsh
[0.706s] -- Up-to-date: /home/wheeltec/wheeltec_ros2/install/lslidar_driver/share/lslidar_driver/local_setup.dsv
[0.709s] -- Installing: /home/wheeltec/wheeltec_ros2/install/lslidar_driver/share/lslidar_driver/package.dsv
[0.709s] -- Up-to-date: /home/wheeltec/wheeltec_ros2/install/lslidar_driver/share/ament_index/resource_index/packages/lslidar_driver
[0.710s] -- Up-to-date: /home/wheeltec/wheeltec_ros2/install/lslidar_driver/share/lslidar_driver/cmake/ament_cmake_export_dependencies-extras.cmake
[0.710s] -- Up-to-date: /home/wheeltec/wheeltec_ros2/install/lslidar_driver/share/lslidar_driver/cmake/ament_cmake_export_include_directories-extras.cmake
[0.711s] -- Up-to-date: /home/wheeltec/wheeltec_ros2/install/lslidar_driver/share/lslidar_driver/cmake/lslidar_driverConfig.cmake
[0.712s] -- Up-to-date: /home/wheeltec/wheeltec_ros2/install/lslidar_driver/share/lslidar_driver/cmake/lslidar_driverConfig-version.cmake
[0.713s] -- Up-to-date: /home/wheeltec/wheeltec_ros2/install/lslidar_driver/share/lslidar_driver/package.xml
[0.717s] Invoked command in '/home/wheeltec/wheeltec_ros2/build/lslidar_driver' returned '0': AMENT_PREFIX_PATH=/home/wheeltec/wheeltec_ros2/install/pcl_conversions:/home/wheeltec/wheeltec_ros2/install/lslidar_msgs:${AMENT_PREFIX_PATH} CMAKE_PREFIX_PATH=/home/wheeltec/wheeltec_ros2/install/pcl_conversions:/home/wheeltec/wheeltec_ros2/install/lslidar_msgs:/opt/ros/galactic LD_LIBRARY_PATH=/home/wheeltec/wheeltec_ros2/install/lslidar_msgs/lib:${LD_LIBRARY_PATH} PYTHONPATH=/home/wheeltec/wheeltec_ros2/install/lslidar_msgs/lib/python3.8/site-packages:${PYTHONPATH} /usr/bin/cmake --install /home/wheeltec/wheeltec_ros2/build/lslidar_driver
