[0.081s] Invoking command in '/home/wheeltec/wheeltec_ros2/build/lslidar_msgs': CMAKE_PREFIX_PATH=${CMAKE_PREFIX_PATH}:/home/wheeltec/wheeltec_ros2/install/simple_follower_ros2:/home/wheeltec/wheeltec_ros2/install/wheeltec_robot_keyboard:/home/wheeltec/wheeltec_ros2/install/tf2_tools:/home/wheeltec/wheeltec_ros2/install/nav2_simple_commander:/home/wheeltec/wheeltec_ros2/install/nav2_gazebo_spawner:/opt/ros/galactic /usr/bin/cmake --build /home/wheeltec/wheeltec_ros2/build/lslidar_msgs -- -j4 -l4
[0.422s] [  1%] Built target lslidar_msgs__cpp
[0.471s] [ 12%] Built target lslidar_msgs__rosidl_generator_c
[0.649s] [ 28%] Built target lslidar_msgs__rosidl_typesupport_introspection_cpp
[0.654s] [ 34%] Built target lslidar_msgs__rosidl_typesupport_c
[0.673s] [ 46%] Built target lslidar_msgs__rosidl_typesupport_cpp
[0.695s] [ 57%] Built target lslidar_msgs__rosidl_typesupport_fastrtps_cpp
[0.849s] [ 68%] Built target lslidar_msgs__rosidl_typesupport_introspection_c
[0.925s] [ 79%] Built target lslidar_msgs__rosidl_typesupport_fastrtps_c
[1.062s] [ 79%] Built target lslidar_msgs
[1.220s] [ 80%] Built target lslidar_msgs__py
[1.425s] [ 90%] Built target lslidar_msgs__python
[1.683s] [ 93%] Built target lslidar_msgs__rosidl_typesupport_fastrtps_c__pyext
[1.701s] [ 96%] Built target lslidar_msgs__rosidl_typesupport_c__pyext
[1.709s] [100%] Built target lslidar_msgs__rosidl_typesupport_introspection_c__pyext
[1.783s] Invoked command in '/home/wheeltec/wheeltec_ros2/build/lslidar_msgs' returned '0': CMAKE_PREFIX_PATH=${CMAKE_PREFIX_PATH}:/home/wheeltec/wheeltec_ros2/install/simple_follower_ros2:/home/wheeltec/wheeltec_ros2/install/wheeltec_robot_keyboard:/home/wheeltec/wheeltec_ros2/install/tf2_tools:/home/wheeltec/wheeltec_ros2/install/nav2_simple_commander:/home/wheeltec/wheeltec_ros2/install/nav2_gazebo_spawner:/opt/ros/galactic /usr/bin/cmake --build /home/wheeltec/wheeltec_ros2/build/lslidar_msgs -- -j4 -l4
[2.915s] Invoking command in '/home/wheeltec/wheeltec_ros2/build/lslidar_msgs': CMAKE_PREFIX_PATH=${CMAKE_PREFIX_PATH}:/home/wheeltec/wheeltec_ros2/install/simple_follower_ros2:/home/wheeltec/wheeltec_ros2/install/wheeltec_robot_keyboard:/home/wheeltec/wheeltec_ros2/install/tf2_tools:/home/wheeltec/wheeltec_ros2/install/nav2_simple_commander:/home/wheeltec/wheeltec_ros2/install/nav2_gazebo_spawner:/opt/ros/galactic /usr/bin/cmake --install /home/wheeltec/wheeltec_ros2/build/lslidar_msgs
[2.969s] -- Install configuration: ""
[2.970s] -- Up-to-date: /home/wheeltec/wheeltec_ros2/install/lslidar_msgs/share/ament_index/resource_index/rosidl_interfaces/lslidar_msgs
[2.971s] -- Up-to-date: /home/wheeltec/wheeltec_ros2/install/lslidar_msgs/include/lslidar_msgs
[2.972s] -- Up-to-date: /home/wheeltec/wheeltec_ros2/install/lslidar_msgs/include/lslidar_msgs/msg
[2.973s] -- Up-to-date: /home/wheeltec/wheeltec_ros2/install/lslidar_msgs/include/lslidar_msgs/msg/detail
[2.978s] -- Up-to-date: /home/wheeltec/wheeltec_ros2/install/lslidar_msgs/include/lslidar_msgs/msg/detail/lslidar_point__functions.h
[2.979s] -- Up-to-date: /home/wheeltec/wheeltec_ros2/install/lslidar_msgs/include/lslidar_msgs/msg/detail/lslidar_sweep__functions.c
[2.979s] -- Up-to-date: /home/wheeltec/wheeltec_ros2/install/lslidar_msgs/include/lslidar_msgs/msg/detail/lslidar_packet__struct.h
[2.980s] -- Up-to-date: /home/wheeltec/wheeltec_ros2/install/lslidar_msgs/include/lslidar_msgs/msg/detail/lslidar_difop__functions.h
[2.981s] -- Up-to-date: /home/wheeltec/wheeltec_ros2/install/lslidar_msgs/include/lslidar_msgs/msg/detail/lslidar_scan__functions.h
[2.981s] -- Up-to-date: /home/wheeltec/wheeltec_ros2/install/lslidar_msgs/include/lslidar_msgs/msg/detail/lslidar_packet__functions.h
[2.983s] -- Up-to-date: /home/wheeltec/wheeltec_ros2/install/lslidar_msgs/include/lslidar_msgs/msg/detail/lslidar_difop__struct.h
[2.983s] -- Up-to-date: /home/wheeltec/wheeltec_ros2/install/lslidar_msgs/include/lslidar_msgs/msg/detail/lslidar_scan__type_support.h
[2.983s] -- Up-to-date: /home/wheeltec/wheeltec_ros2/install/lslidar_msgs/include/lslidar_msgs/msg/detail/lslidar_point__functions.c
[2.984s] -- Up-to-date: /home/wheeltec/wheeltec_ros2/install/lslidar_msgs/include/lslidar_msgs/msg/detail/lslidar_point__type_support.h
[2.984s] -- Up-to-date: /home/wheeltec/wheeltec_ros2/install/lslidar_msgs/include/lslidar_msgs/msg/detail/lslidar_difop__type_support.h
[2.985s] -- Up-to-date: /home/wheeltec/wheeltec_ros2/install/lslidar_msgs/include/lslidar_msgs/msg/detail/lslidar_packet__functions.c
[2.986s] -- Up-to-date: /home/wheeltec/wheeltec_ros2/install/lslidar_msgs/include/lslidar_msgs/msg/detail/lslidar_scan__functions.c
[2.987s] -- Up-to-date: /home/wheeltec/wheeltec_ros2/install/lslidar_msgs/include/lslidar_msgs/msg/detail/lslidar_scan__struct.h
[2.987s] -- Up-to-date: /home/wheeltec/wheeltec_ros2/install/lslidar_msgs/include/lslidar_msgs/msg/detail/lslidar_sweep__functions.h
[2.987s] -- Up-to-date: /home/wheeltec/wheeltec_ros2/install/lslidar_msgs/include/lslidar_msgs/msg/detail/lslidar_sweep__struct.h
[2.988s] -- Up-to-date: /home/wheeltec/wheeltec_ros2/install/lslidar_msgs/include/lslidar_msgs/msg/detail/lslidar_sweep__type_support.h
[2.988s] -- Up-to-date: /home/wheeltec/wheeltec_ros2/install/lslidar_msgs/include/lslidar_msgs/msg/detail/lslidar_difop__functions.c
[2.989s] -- Up-to-date: /home/wheeltec/wheeltec_ros2/install/lslidar_msgs/include/lslidar_msgs/msg/detail/lslidar_packet__type_support.h
[2.989s] -- Up-to-date: /home/wheeltec/wheeltec_ros2/install/lslidar_msgs/include/lslidar_msgs/msg/detail/lslidar_point__struct.h
[2.990s] -- Up-to-date: /home/wheeltec/wheeltec_ros2/install/lslidar_msgs/include/lslidar_msgs/msg/lslidar_sweep.h
[2.991s] -- Up-to-date: /home/wheeltec/wheeltec_ros2/install/lslidar_msgs/include/lslidar_msgs/msg/lslidar_point.h
[2.991s] -- Up-to-date: /home/wheeltec/wheeltec_ros2/install/lslidar_msgs/include/lslidar_msgs/msg/lslidar_difop.h
[2.992s] -- Up-to-date: /home/wheeltec/wheeltec_ros2/install/lslidar_msgs/include/lslidar_msgs/msg/rosidl_generator_c__visibility_control.h
[2.993s] -- Up-to-date: /home/wheeltec/wheeltec_ros2/install/lslidar_msgs/include/lslidar_msgs/msg/lslidar_scan.h
[2.994s] -- Up-to-date: /home/wheeltec/wheeltec_ros2/install/lslidar_msgs/include/lslidar_msgs/msg/lslidar_packet.h
[2.995s] -- Up-to-date: /home/wheeltec/wheeltec_ros2/install/lslidar_msgs/share/lslidar_msgs/environment/library_path.sh
[2.995s] -- Up-to-date: /home/wheeltec/wheeltec_ros2/install/lslidar_msgs/share/lslidar_msgs/environment/library_path.dsv
[2.998s] -- Up-to-date: /home/wheeltec/wheeltec_ros2/install/lslidar_msgs/lib/liblslidar_msgs__rosidl_generator_c.so
[2.998s] -- Up-to-date: /home/wheeltec/wheeltec_ros2/install/lslidar_msgs/include/lslidar_msgs
[3.000s] -- Up-to-date: /home/wheeltec/wheeltec_ros2/install/lslidar_msgs/include/lslidar_msgs/msg
[3.000s] -- Up-to-date: /home/wheeltec/wheeltec_ros2/install/lslidar_msgs/include/lslidar_msgs/msg/detail
[3.003s] -- Up-to-date: /home/wheeltec/wheeltec_ros2/install/lslidar_msgs/include/lslidar_msgs/msg/detail/lslidar_difop__rosidl_typesupport_fastrtps_c.h
[3.005s] -- Up-to-date: /home/wheeltec/wheeltec_ros2/install/lslidar_msgs/include/lslidar_msgs/msg/detail/lslidar_sweep__rosidl_typesupport_fastrtps_c.h
[3.006s] -- Up-to-date: /home/wheeltec/wheeltec_ros2/install/lslidar_msgs/include/lslidar_msgs/msg/detail/lslidar_scan__rosidl_typesupport_fastrtps_c.h
[3.011s] -- Up-to-date: /home/wheeltec/wheeltec_ros2/install/lslidar_msgs/include/lslidar_msgs/msg/detail/lslidar_point__rosidl_typesupport_fastrtps_c.h
[3.012s] -- Up-to-date: /home/wheeltec/wheeltec_ros2/install/lslidar_msgs/include/lslidar_msgs/msg/detail/lslidar_packet__rosidl_typesupport_fastrtps_c.h
[3.012s] -- Up-to-date: /home/wheeltec/wheeltec_ros2/install/lslidar_msgs/include/lslidar_msgs/msg/rosidl_typesupport_fastrtps_c__visibility_control.h
[3.012s] -- Up-to-date: /home/wheeltec/wheeltec_ros2/install/lslidar_msgs/lib/liblslidar_msgs__rosidl_typesupport_fastrtps_c.so
[3.013s] -- Up-to-date: /home/wheeltec/wheeltec_ros2/install/lslidar_msgs/include/lslidar_msgs
[3.013s] -- Up-to-date: /home/wheeltec/wheeltec_ros2/install/lslidar_msgs/include/lslidar_msgs/msg
[3.013s] -- Up-to-date: /home/wheeltec/wheeltec_ros2/install/lslidar_msgs/include/lslidar_msgs/msg/rosidl_typesupport_fastrtps_cpp__visibility_control.h
[3.014s] -- Up-to-date: /home/wheeltec/wheeltec_ros2/install/lslidar_msgs/include/lslidar_msgs/msg/detail
[3.014s] -- Up-to-date: /home/wheeltec/wheeltec_ros2/install/lslidar_msgs/include/lslidar_msgs/msg/detail/lslidar_sweep__rosidl_typesupport_fastrtps_cpp.hpp
[3.015s] -- Up-to-date: /home/wheeltec/wheeltec_ros2/install/lslidar_msgs/include/lslidar_msgs/msg/detail/lslidar_difop__rosidl_typesupport_fastrtps_cpp.hpp
[3.015s] -- Up-to-date: /home/wheeltec/wheeltec_ros2/install/lslidar_msgs/include/lslidar_msgs/msg/detail/lslidar_point__rosidl_typesupport_fastrtps_cpp.hpp
[3.015s] -- Up-to-date: /home/wheeltec/wheeltec_ros2/install/lslidar_msgs/include/lslidar_msgs/msg/detail/lslidar_scan__rosidl_typesupport_fastrtps_cpp.hpp
[3.015s] -- Up-to-date: /home/wheeltec/wheeltec_ros2/install/lslidar_msgs/include/lslidar_msgs/msg/detail/dds_fastrtps
[3.016s] -- Up-to-date: /home/wheeltec/wheeltec_ros2/install/lslidar_msgs/include/lslidar_msgs/msg/detail/lslidar_packet__rosidl_typesupport_fastrtps_cpp.hpp
[3.016s] -- Up-to-date: /home/wheeltec/wheeltec_ros2/install/lslidar_msgs/lib/liblslidar_msgs__rosidl_typesupport_fastrtps_cpp.so
[3.016s] -- Up-to-date: /home/wheeltec/wheeltec_ros2/install/lslidar_msgs/include/lslidar_msgs
[3.017s] -- Up-to-date: /home/wheeltec/wheeltec_ros2/install/lslidar_msgs/include/lslidar_msgs/msg
[3.017s] -- Up-to-date: /home/wheeltec/wheeltec_ros2/install/lslidar_msgs/include/lslidar_msgs/msg/detail
[3.017s] -- Up-to-date: /home/wheeltec/wheeltec_ros2/install/lslidar_msgs/include/lslidar_msgs/msg/detail/lslidar_packet__rosidl_typesupport_introspection_c.h
[3.017s] -- Up-to-date: /home/wheeltec/wheeltec_ros2/install/lslidar_msgs/include/lslidar_msgs/msg/detail/lslidar_difop__type_support.c
[3.018s] -- Up-to-date: /home/wheeltec/wheeltec_ros2/install/lslidar_msgs/include/lslidar_msgs/msg/detail/lslidar_scan__rosidl_typesupport_introspection_c.h
[3.019s] -- Up-to-date: /home/wheeltec/wheeltec_ros2/install/lslidar_msgs/include/lslidar_msgs/msg/detail/lslidar_packet__type_support.c
[3.019s] -- Up-to-date: /home/wheeltec/wheeltec_ros2/install/lslidar_msgs/include/lslidar_msgs/msg/detail/lslidar_sweep__type_support.c
[3.019s] -- Up-to-date: /home/wheeltec/wheeltec_ros2/install/lslidar_msgs/include/lslidar_msgs/msg/detail/lslidar_point__type_support.c
[3.020s] -- Up-to-date: /home/wheeltec/wheeltec_ros2/install/lslidar_msgs/include/lslidar_msgs/msg/detail/lslidar_point__rosidl_typesupport_introspection_c.h
[3.020s] -- Up-to-date: /home/wheeltec/wheeltec_ros2/install/lslidar_msgs/include/lslidar_msgs/msg/detail/lslidar_scan__type_support.c
[3.020s] -- Up-to-date: /home/wheeltec/wheeltec_ros2/install/lslidar_msgs/include/lslidar_msgs/msg/detail/lslidar_sweep__rosidl_typesupport_introspection_c.h
[3.020s] -- Up-to-date: /home/wheeltec/wheeltec_ros2/install/lslidar_msgs/include/lslidar_msgs/msg/detail/lslidar_difop__rosidl_typesupport_introspection_c.h
[3.021s] -- Up-to-date: /home/wheeltec/wheeltec_ros2/install/lslidar_msgs/include/lslidar_msgs/msg/rosidl_typesupport_introspection_c__visibility_control.h
[3.021s] -- Up-to-date: /home/wheeltec/wheeltec_ros2/install/lslidar_msgs/lib/liblslidar_msgs__rosidl_typesupport_introspection_c.so
[3.022s] -- Up-to-date: /home/wheeltec/wheeltec_ros2/install/lslidar_msgs/lib/liblslidar_msgs__rosidl_typesupport_c.so
[3.022s] -- Up-to-date: /home/wheeltec/wheeltec_ros2/install/lslidar_msgs/include/lslidar_msgs
[3.023s] -- Up-to-date: /home/wheeltec/wheeltec_ros2/install/lslidar_msgs/include/lslidar_msgs/msg
[3.023s] -- Up-to-date: /home/wheeltec/wheeltec_ros2/install/lslidar_msgs/include/lslidar_msgs/msg/detail
[3.023s] -- Up-to-date: /home/wheeltec/wheeltec_ros2/install/lslidar_msgs/include/lslidar_msgs/msg/detail/lslidar_packet__traits.hpp
[3.024s] -- Up-to-date: /home/wheeltec/wheeltec_ros2/install/lslidar_msgs/include/lslidar_msgs/msg/detail/lslidar_scan__traits.hpp
[3.024s] -- Up-to-date: /home/wheeltec/wheeltec_ros2/install/lslidar_msgs/include/lslidar_msgs/msg/detail/lslidar_point__builder.hpp
[3.024s] -- Up-to-date: /home/wheeltec/wheeltec_ros2/install/lslidar_msgs/include/lslidar_msgs/msg/detail/lslidar_difop__builder.hpp
[3.024s] -- Up-to-date: /home/wheeltec/wheeltec_ros2/install/lslidar_msgs/include/lslidar_msgs/msg/detail/lslidar_sweep__builder.hpp
[3.025s] -- Up-to-date: /home/wheeltec/wheeltec_ros2/install/lslidar_msgs/include/lslidar_msgs/msg/detail/lslidar_scan__builder.hpp
[3.025s] -- Up-to-date: /home/wheeltec/wheeltec_ros2/install/lslidar_msgs/include/lslidar_msgs/msg/detail/lslidar_point__traits.hpp
[3.025s] -- Up-to-date: /home/wheeltec/wheeltec_ros2/install/lslidar_msgs/include/lslidar_msgs/msg/detail/lslidar_scan__struct.hpp
[3.026s] -- Up-to-date: /home/wheeltec/wheeltec_ros2/install/lslidar_msgs/include/lslidar_msgs/msg/detail/lslidar_difop__traits.hpp
[3.027s] -- Up-to-date: /home/wheeltec/wheeltec_ros2/install/lslidar_msgs/include/lslidar_msgs/msg/detail/lslidar_point__struct.hpp
[3.027s] -- Up-to-date: /home/wheeltec/wheeltec_ros2/install/lslidar_msgs/include/lslidar_msgs/msg/detail/lslidar_difop__struct.hpp
[3.027s] -- Up-to-date: /home/wheeltec/wheeltec_ros2/install/lslidar_msgs/include/lslidar_msgs/msg/detail/lslidar_sweep__struct.hpp
[3.028s] -- Up-to-date: /home/wheeltec/wheeltec_ros2/install/lslidar_msgs/include/lslidar_msgs/msg/detail/lslidar_packet__struct.hpp
[3.028s] -- Up-to-date: /home/wheeltec/wheeltec_ros2/install/lslidar_msgs/include/lslidar_msgs/msg/detail/lslidar_sweep__traits.hpp
[3.028s] -- Up-to-date: /home/wheeltec/wheeltec_ros2/install/lslidar_msgs/include/lslidar_msgs/msg/detail/lslidar_packet__builder.hpp
[3.029s] -- Up-to-date: /home/wheeltec/wheeltec_ros2/install/lslidar_msgs/include/lslidar_msgs/msg/lslidar_point.hpp
[3.029s] -- Up-to-date: /home/wheeltec/wheeltec_ros2/install/lslidar_msgs/include/lslidar_msgs/msg/lslidar_packet.hpp
[3.029s] -- Up-to-date: /home/wheeltec/wheeltec_ros2/install/lslidar_msgs/include/lslidar_msgs/msg/lslidar_sweep.hpp
[3.029s] -- Up-to-date: /home/wheeltec/wheeltec_ros2/install/lslidar_msgs/include/lslidar_msgs/msg/lslidar_difop.hpp
[3.030s] -- Up-to-date: /home/wheeltec/wheeltec_ros2/install/lslidar_msgs/include/lslidar_msgs/msg/lslidar_scan.hpp
[3.030s] -- Up-to-date: /home/wheeltec/wheeltec_ros2/install/lslidar_msgs/include/lslidar_msgs
[3.030s] -- Up-to-date: /home/wheeltec/wheeltec_ros2/install/lslidar_msgs/include/lslidar_msgs/msg
[3.031s] -- Up-to-date: /home/wheeltec/wheeltec_ros2/install/lslidar_msgs/include/lslidar_msgs/msg/detail
[3.031s] -- Up-to-date: /home/wheeltec/wheeltec_ros2/install/lslidar_msgs/include/lslidar_msgs/msg/detail/lslidar_sweep__type_support.cpp
[3.032s] -- Up-to-date: /home/wheeltec/wheeltec_ros2/install/lslidar_msgs/include/lslidar_msgs/msg/detail/lslidar_point__rosidl_typesupport_introspection_cpp.hpp
[3.032s] -- Up-to-date: /home/wheeltec/wheeltec_ros2/install/lslidar_msgs/include/lslidar_msgs/msg/detail/lslidar_scan__type_support.cpp
[3.033s] -- Up-to-date: /home/wheeltec/wheeltec_ros2/install/lslidar_msgs/include/lslidar_msgs/msg/detail/lslidar_scan__rosidl_typesupport_introspection_cpp.hpp
[3.034s] -- Up-to-date: /home/wheeltec/wheeltec_ros2/install/lslidar_msgs/include/lslidar_msgs/msg/detail/lslidar_difop__rosidl_typesupport_introspection_cpp.hpp
[3.034s] -- Up-to-date: /home/wheeltec/wheeltec_ros2/install/lslidar_msgs/include/lslidar_msgs/msg/detail/lslidar_sweep__rosidl_typesupport_introspection_cpp.hpp
[3.035s] -- Up-to-date: /home/wheeltec/wheeltec_ros2/install/lslidar_msgs/include/lslidar_msgs/msg/detail/lslidar_packet__type_support.cpp
[3.035s] -- Up-to-date: /home/wheeltec/wheeltec_ros2/install/lslidar_msgs/include/lslidar_msgs/msg/detail/lslidar_point__type_support.cpp
[3.035s] -- Up-to-date: /home/wheeltec/wheeltec_ros2/install/lslidar_msgs/include/lslidar_msgs/msg/detail/lslidar_difop__type_support.cpp
[3.036s] -- Up-to-date: /home/wheeltec/wheeltec_ros2/install/lslidar_msgs/include/lslidar_msgs/msg/detail/lslidar_packet__rosidl_typesupport_introspection_cpp.hpp
[3.036s] -- Up-to-date: /home/wheeltec/wheeltec_ros2/install/lslidar_msgs/lib/liblslidar_msgs__rosidl_typesupport_introspection_cpp.so
[3.036s] -- Up-to-date: /home/wheeltec/wheeltec_ros2/install/lslidar_msgs/lib/liblslidar_msgs__rosidl_typesupport_cpp.so
[3.037s] -- Up-to-date: /home/wheeltec/wheeltec_ros2/install/lslidar_msgs/share/lslidar_msgs/environment/pythonpath.sh
[3.037s] -- Up-to-date: /home/wheeltec/wheeltec_ros2/install/lslidar_msgs/share/lslidar_msgs/environment/pythonpath.dsv
[3.038s] -- Up-to-date: /home/wheeltec/wheeltec_ros2/install/lslidar_msgs/lib/python3.8/site-packages/lslidar_msgs/__init__.py
[3.237s] -- Up-to-date: /home/wheeltec/wheeltec_ros2/install/lslidar_msgs/lib/python3.8/site-packages/lslidar_msgs/msg
[3.256s] -- Up-to-date: /home/wheeltec/wheeltec_ros2/install/lslidar_msgs/lib/python3.8/site-packages/lslidar_msgs/msg/_lslidar_sweep.py
[3.259s] -- Up-to-date: /home/wheeltec/wheeltec_ros2/install/lslidar_msgs/lib/python3.8/site-packages/lslidar_msgs/msg/__init__.py
[3.263s] -- Up-to-date: /home/wheeltec/wheeltec_ros2/install/lslidar_msgs/lib/python3.8/site-packages/lslidar_msgs/msg/_lslidar_difop.py
[3.265s] -- Up-to-date: /home/wheeltec/wheeltec_ros2/install/lslidar_msgs/lib/python3.8/site-packages/lslidar_msgs/msg/_lslidar_scan.py
[3.268s] -- Up-to-date: /home/wheeltec/wheeltec_ros2/install/lslidar_msgs/lib/python3.8/site-packages/lslidar_msgs/msg/_lslidar_scan_s.c
[3.268s] -- Up-to-date: /home/wheeltec/wheeltec_ros2/install/lslidar_msgs/lib/python3.8/site-packages/lslidar_msgs/msg/_lslidar_packet.py
[3.269s] -- Up-to-date: /home/wheeltec/wheeltec_ros2/install/lslidar_msgs/lib/python3.8/site-packages/lslidar_msgs/msg/_lslidar_packet_s.c
[3.269s] -- Up-to-date: /home/wheeltec/wheeltec_ros2/install/lslidar_msgs/lib/python3.8/site-packages/lslidar_msgs/msg/_lslidar_sweep_s.c
[3.270s] -- Up-to-date: /home/wheeltec/wheeltec_ros2/install/lslidar_msgs/lib/python3.8/site-packages/lslidar_msgs/msg/_lslidar_point_s.c
[3.271s] -- Up-to-date: /home/wheeltec/wheeltec_ros2/install/lslidar_msgs/lib/python3.8/site-packages/lslidar_msgs/msg/_lslidar_difop_s.c
[3.271s] -- Up-to-date: /home/wheeltec/wheeltec_ros2/install/lslidar_msgs/lib/python3.8/site-packages/lslidar_msgs/msg/_lslidar_point.py
[3.276s] -- Up-to-date: /home/wheeltec/wheeltec_ros2/install/lslidar_msgs/lib/python3.8/site-packages/lslidar_msgs/lslidar_msgs_s__rosidl_typesupport_fastrtps_c.cpython-38-aarch64-linux-gnu.so
[3.280s] -- Up-to-date: /home/wheeltec/wheeltec_ros2/install/lslidar_msgs/lib/python3.8/site-packages/lslidar_msgs/lslidar_msgs_s__rosidl_typesupport_introspection_c.cpython-38-aarch64-linux-gnu.so
[3.281s] -- Up-to-date: /home/wheeltec/wheeltec_ros2/install/lslidar_msgs/lib/python3.8/site-packages/lslidar_msgs/lslidar_msgs_s__rosidl_typesupport_c.cpython-38-aarch64-linux-gnu.so
[3.284s] -- Up-to-date: /home/wheeltec/wheeltec_ros2/install/lslidar_msgs/lib/liblslidar_msgs__python.so
[3.285s] -- Up-to-date: /home/wheeltec/wheeltec_ros2/install/lslidar_msgs/share/lslidar_msgs/msg/LslidarDifop.idl
[3.286s] -- Up-to-date: /home/wheeltec/wheeltec_ros2/install/lslidar_msgs/share/lslidar_msgs/msg/LslidarPacket.idl
[3.286s] -- Up-to-date: /home/wheeltec/wheeltec_ros2/install/lslidar_msgs/share/lslidar_msgs/msg/LslidarPoint.idl
[3.286s] -- Up-to-date: /home/wheeltec/wheeltec_ros2/install/lslidar_msgs/share/lslidar_msgs/msg/LslidarScan.idl
[3.288s] -- Up-to-date: /home/wheeltec/wheeltec_ros2/install/lslidar_msgs/share/lslidar_msgs/msg/LslidarSweep.idl
[3.288s] -- Up-to-date: /home/wheeltec/wheeltec_ros2/install/lslidar_msgs/share/lslidar_msgs/msg/LslidarDifop.msg
[3.288s] -- Up-to-date: /home/wheeltec/wheeltec_ros2/install/lslidar_msgs/share/lslidar_msgs/msg/LslidarPacket.msg
[3.289s] -- Up-to-date: /home/wheeltec/wheeltec_ros2/install/lslidar_msgs/share/lslidar_msgs/msg/LslidarPoint.msg
[3.289s] -- Up-to-date: /home/wheeltec/wheeltec_ros2/install/lslidar_msgs/share/lslidar_msgs/msg/LslidarScan.msg
[3.289s] -- Up-to-date: /home/wheeltec/wheeltec_ros2/install/lslidar_msgs/share/lslidar_msgs/msg/LslidarSweep.msg
[3.290s] -- Up-to-date: /home/wheeltec/wheeltec_ros2/install/lslidar_msgs/share/ament_index/resource_index/package_run_dependencies/lslidar_msgs
[3.292s] -- Up-to-date: /home/wheeltec/wheeltec_ros2/install/lslidar_msgs/share/ament_index/resource_index/parent_prefix_path/lslidar_msgs
[3.292s] -- Up-to-date: /home/wheeltec/wheeltec_ros2/install/lslidar_msgs/share/lslidar_msgs/environment/ament_prefix_path.sh
[3.293s] -- Up-to-date: /home/wheeltec/wheeltec_ros2/install/lslidar_msgs/share/lslidar_msgs/environment/ament_prefix_path.dsv
[3.294s] -- Up-to-date: /home/wheeltec/wheeltec_ros2/install/lslidar_msgs/share/lslidar_msgs/environment/path.sh
[3.294s] -- Up-to-date: /home/wheeltec/wheeltec_ros2/install/lslidar_msgs/share/lslidar_msgs/environment/path.dsv
[3.295s] -- Up-to-date: /home/wheeltec/wheeltec_ros2/install/lslidar_msgs/share/lslidar_msgs/local_setup.bash
[3.295s] -- Up-to-date: /home/wheeltec/wheeltec_ros2/install/lslidar_msgs/share/lslidar_msgs/local_setup.sh
[3.296s] -- Up-to-date: /home/wheeltec/wheeltec_ros2/install/lslidar_msgs/share/lslidar_msgs/local_setup.zsh
[3.296s] -- Up-to-date: /home/wheeltec/wheeltec_ros2/install/lslidar_msgs/share/lslidar_msgs/local_setup.dsv
[3.296s] -- Installing: /home/wheeltec/wheeltec_ros2/install/lslidar_msgs/share/lslidar_msgs/package.dsv
[3.298s] -- Up-to-date: /home/wheeltec/wheeltec_ros2/install/lslidar_msgs/share/ament_index/resource_index/packages/lslidar_msgs
[3.298s] -- Up-to-date: /home/wheeltec/wheeltec_ros2/install/lslidar_msgs/share/lslidar_msgs/cmake/lslidar_msgs__rosidl_generator_cExport.cmake
[3.299s] -- Up-to-date: /home/wheeltec/wheeltec_ros2/install/lslidar_msgs/share/lslidar_msgs/cmake/lslidar_msgs__rosidl_generator_cExport-noconfig.cmake
[3.299s] -- Up-to-date: /home/wheeltec/wheeltec_ros2/install/lslidar_msgs/share/lslidar_msgs/cmake/lslidar_msgs__rosidl_typesupport_introspection_cExport.cmake
[3.300s] -- Up-to-date: /home/wheeltec/wheeltec_ros2/install/lslidar_msgs/share/lslidar_msgs/cmake/lslidar_msgs__rosidl_typesupport_introspection_cExport-noconfig.cmake
[3.300s] -- Up-to-date: /home/wheeltec/wheeltec_ros2/install/lslidar_msgs/share/lslidar_msgs/cmake/lslidar_msgs__rosidl_typesupport_cExport.cmake
[3.301s] -- Up-to-date: /home/wheeltec/wheeltec_ros2/install/lslidar_msgs/share/lslidar_msgs/cmake/lslidar_msgs__rosidl_typesupport_cExport-noconfig.cmake
[3.303s] -- Up-to-date: /home/wheeltec/wheeltec_ros2/install/lslidar_msgs/share/lslidar_msgs/cmake/lslidar_msgs__rosidl_generator_cppExport.cmake
[3.303s] -- Up-to-date: /home/wheeltec/wheeltec_ros2/install/lslidar_msgs/share/lslidar_msgs/cmake/lslidar_msgs__rosidl_typesupport_introspection_cppExport.cmake
[3.304s] -- Up-to-date: /home/wheeltec/wheeltec_ros2/install/lslidar_msgs/share/lslidar_msgs/cmake/lslidar_msgs__rosidl_typesupport_introspection_cppExport-noconfig.cmake
[3.304s] -- Up-to-date: /home/wheeltec/wheeltec_ros2/install/lslidar_msgs/share/lslidar_msgs/cmake/lslidar_msgs__rosidl_typesupport_cppExport.cmake
[3.305s] -- Up-to-date: /home/wheeltec/wheeltec_ros2/install/lslidar_msgs/share/lslidar_msgs/cmake/lslidar_msgs__rosidl_typesupport_cppExport-noconfig.cmake
[3.305s] -- Up-to-date: /home/wheeltec/wheeltec_ros2/install/lslidar_msgs/share/lslidar_msgs/cmake/rosidl_cmake-extras.cmake
[3.306s] -- Up-to-date: /home/wheeltec/wheeltec_ros2/install/lslidar_msgs/share/lslidar_msgs/cmake/ament_cmake_export_dependencies-extras.cmake
[3.306s] -- Up-to-date: /home/wheeltec/wheeltec_ros2/install/lslidar_msgs/share/lslidar_msgs/cmake/ament_cmake_export_libraries-extras.cmake
[3.307s] -- Up-to-date: /home/wheeltec/wheeltec_ros2/install/lslidar_msgs/share/lslidar_msgs/cmake/ament_cmake_export_targets-extras.cmake
[3.307s] -- Up-to-date: /home/wheeltec/wheeltec_ros2/install/lslidar_msgs/share/lslidar_msgs/cmake/ament_cmake_export_include_directories-extras.cmake
[3.307s] -- Up-to-date: /home/wheeltec/wheeltec_ros2/install/lslidar_msgs/share/lslidar_msgs/cmake/rosidl_cmake_export_typesupport_libraries-extras.cmake
[3.308s] -- Up-to-date: /home/wheeltec/wheeltec_ros2/install/lslidar_msgs/share/lslidar_msgs/cmake/rosidl_cmake_export_typesupport_targets-extras.cmake
[3.308s] -- Up-to-date: /home/wheeltec/wheeltec_ros2/install/lslidar_msgs/share/lslidar_msgs/cmake/lslidar_msgsConfig.cmake
[3.309s] -- Up-to-date: /home/wheeltec/wheeltec_ros2/install/lslidar_msgs/share/lslidar_msgs/cmake/lslidar_msgsConfig-version.cmake
[3.309s] -- Up-to-date: /home/wheeltec/wheeltec_ros2/install/lslidar_msgs/share/lslidar_msgs/package.xml
[3.409s] Invoked command in '/home/wheeltec/wheeltec_ros2/build/lslidar_msgs' returned '0': CMAKE_PREFIX_PATH=${CMAKE_PREFIX_PATH}:/home/wheeltec/wheeltec_ros2/install/simple_follower_ros2:/home/wheeltec/wheeltec_ros2/install/wheeltec_robot_keyboard:/home/wheeltec/wheeltec_ros2/install/tf2_tools:/home/wheeltec/wheeltec_ros2/install/nav2_simple_commander:/home/wheeltec/wheeltec_ros2/install/nav2_gazebo_spawner:/opt/ros/galactic /usr/bin/cmake --install /home/wheeltec/wheeltec_ros2/build/lslidar_msgs
