[0.085s] Invoking command in '/home/wheeltec/wheeltec_ros2/build/lsm10_v2': CMAKE_PREFIX_PATH=${CMAKE_PREFIX_PATH}:/home/wheeltec/wheeltec_ros2/install/wheeltec_robot_keyboard:/home/wheeltec/wheeltec_ros2/install/tf2_tools:/home/wheeltec/wheeltec_ros2/install/nav2_gazebo_spawner:/opt/ros/galactic /usr/bin/cmake --build /home/wheeltec/wheeltec_ros2/build/lsm10_v2 -- -j4 -l4
[0.398s] [  8%] Built target lsm10_v2__rosidl_generator_c
[0.400s] [ 11%] Built target lsm10_v2__cpp
[0.472s] [ 20%] Built target LSM10
[0.562s] [ 29%] Built target lsm10_v2__rosidl_typesupport_cpp
[0.567s] [ 38%] Built target lsm10_v2__rosidl_typesupport_introspection_cpp
[0.613s] [ 47%] Built target lsm10_v2__rosidl_typesupport_fastrtps_cpp
[0.647s] [ 55%] Built target lsm10_v2__rosidl_typesupport_introspection_c
[0.716s] [ 64%] Built target lsm10_v2__rosidl_typesupport_c
[0.762s] [ 73%] Built target lsm10_v2__rosidl_typesupport_fastrtps_c
[0.858s] [ 73%] Built target lsm10_v2
[1.101s] [ 76%] Built target lsm10_v2__py
[1.106s] [ 82%] Built target lsm10_v2__python
[1.299s] [ 88%] Built target lsm10_v2__rosidl_typesupport_fastrtps_c__pyext
[1.316s] [ 94%] Built target lsm10_v2__rosidl_typesupport_introspection_c__pyext
[1.344s] [100%] Built target lsm10_v2__rosidl_typesupport_c__pyext
[1.404s] Invoked command in '/home/wheeltec/wheeltec_ros2/build/lsm10_v2' returned '0': CMAKE_PREFIX_PATH=${CMAKE_PREFIX_PATH}:/home/wheeltec/wheeltec_ros2/install/wheeltec_robot_keyboard:/home/wheeltec/wheeltec_ros2/install/tf2_tools:/home/wheeltec/wheeltec_ros2/install/nav2_gazebo_spawner:/opt/ros/galactic /usr/bin/cmake --build /home/wheeltec/wheeltec_ros2/build/lsm10_v2 -- -j4 -l4
[2.014s] Invoking command in '/home/wheeltec/wheeltec_ros2/build/lsm10_v2': CMAKE_PREFIX_PATH=${CMAKE_PREFIX_PATH}:/home/wheeltec/wheeltec_ros2/install/wheeltec_robot_keyboard:/home/wheeltec/wheeltec_ros2/install/tf2_tools:/home/wheeltec/wheeltec_ros2/install/nav2_gazebo_spawner:/opt/ros/galactic /usr/bin/cmake --install /home/wheeltec/wheeltec_ros2/build/lsm10_v2
[2.129s] -- Install configuration: ""
[2.130s] -- Up-to-date: /home/wheeltec/wheeltec_ros2/install/lsm10_v2/share/ament_index/resource_index/rosidl_interfaces/lsm10_v2
[2.132s] -- Up-to-date: /home/wheeltec/wheeltec_ros2/install/lsm10_v2/include/lsm10_v2
[2.136s] -- Up-to-date: /home/wheeltec/wheeltec_ros2/install/lsm10_v2/include/lsm10_v2/msg
[2.137s] -- Up-to-date: /home/wheeltec/wheeltec_ros2/install/lsm10_v2/include/lsm10_v2/msg/detail
[2.138s] -- Up-to-date: /home/wheeltec/wheeltec_ros2/install/lsm10_v2/include/lsm10_v2/msg/detail/difop__struct.h
[2.138s] -- Up-to-date: /home/wheeltec/wheeltec_ros2/install/lsm10_v2/include/lsm10_v2/msg/detail/difop__functions.c
[2.139s] -- Up-to-date: /home/wheeltec/wheeltec_ros2/install/lsm10_v2/include/lsm10_v2/msg/detail/difop__functions.h
[2.140s] -- Up-to-date: /home/wheeltec/wheeltec_ros2/install/lsm10_v2/include/lsm10_v2/msg/detail/difop__type_support.h
[2.141s] -- Up-to-date: /home/wheeltec/wheeltec_ros2/install/lsm10_v2/include/lsm10_v2/msg/difop.h
[2.141s] -- Up-to-date: /home/wheeltec/wheeltec_ros2/install/lsm10_v2/include/lsm10_v2/msg/rosidl_generator_c__visibility_control.h
[2.141s] -- Up-to-date: /home/wheeltec/wheeltec_ros2/install/lsm10_v2/share/lsm10_v2/environment/library_path.sh
[2.142s] -- Up-to-date: /home/wheeltec/wheeltec_ros2/install/lsm10_v2/share/lsm10_v2/environment/library_path.dsv
[2.144s] -- Up-to-date: /home/wheeltec/wheeltec_ros2/install/lsm10_v2/lib/liblsm10_v2__rosidl_generator_c.so
[2.144s] -- Up-to-date: /home/wheeltec/wheeltec_ros2/install/lsm10_v2/include/lsm10_v2
[2.145s] -- Up-to-date: /home/wheeltec/wheeltec_ros2/install/lsm10_v2/include/lsm10_v2/msg
[2.145s] -- Up-to-date: /home/wheeltec/wheeltec_ros2/install/lsm10_v2/include/lsm10_v2/msg/rosidl_typesupport_fastrtps_c__visibility_control.h
[2.145s] -- Up-to-date: /home/wheeltec/wheeltec_ros2/install/lsm10_v2/include/lsm10_v2/msg/detail
[2.146s] -- Up-to-date: /home/wheeltec/wheeltec_ros2/install/lsm10_v2/include/lsm10_v2/msg/detail/difop__rosidl_typesupport_fastrtps_c.h
[2.147s] -- Up-to-date: /home/wheeltec/wheeltec_ros2/install/lsm10_v2/lib/liblsm10_v2__rosidl_typesupport_fastrtps_c.so
[2.148s] -- Up-to-date: /home/wheeltec/wheeltec_ros2/install/lsm10_v2/include/lsm10_v2
[2.151s] -- Up-to-date: /home/wheeltec/wheeltec_ros2/install/lsm10_v2/include/lsm10_v2/msg
[2.152s] -- Up-to-date: /home/wheeltec/wheeltec_ros2/install/lsm10_v2/include/lsm10_v2/msg/detail
[2.152s] -- Up-to-date: /home/wheeltec/wheeltec_ros2/install/lsm10_v2/include/lsm10_v2/msg/detail/dds_fastrtps
[2.153s] -- Up-to-date: /home/wheeltec/wheeltec_ros2/install/lsm10_v2/include/lsm10_v2/msg/detail/difop__rosidl_typesupport_fastrtps_cpp.hpp
[2.154s] -- Up-to-date: /home/wheeltec/wheeltec_ros2/install/lsm10_v2/include/lsm10_v2/msg/rosidl_typesupport_fastrtps_cpp__visibility_control.h
[2.154s] -- Up-to-date: /home/wheeltec/wheeltec_ros2/install/lsm10_v2/lib/liblsm10_v2__rosidl_typesupport_fastrtps_cpp.so
[2.155s] -- Up-to-date: /home/wheeltec/wheeltec_ros2/install/lsm10_v2/include/lsm10_v2
[2.156s] -- Up-to-date: /home/wheeltec/wheeltec_ros2/install/lsm10_v2/include/lsm10_v2/msg
[2.157s] -- Up-to-date: /home/wheeltec/wheeltec_ros2/install/lsm10_v2/include/lsm10_v2/msg/rosidl_typesupport_introspection_c__visibility_control.h
[2.157s] -- Up-to-date: /home/wheeltec/wheeltec_ros2/install/lsm10_v2/include/lsm10_v2/msg/detail
[2.158s] -- Up-to-date: /home/wheeltec/wheeltec_ros2/install/lsm10_v2/include/lsm10_v2/msg/detail/difop__rosidl_typesupport_introspection_c.h
[2.159s] -- Up-to-date: /home/wheeltec/wheeltec_ros2/install/lsm10_v2/include/lsm10_v2/msg/detail/difop__type_support.c
[2.159s] -- Up-to-date: /home/wheeltec/wheeltec_ros2/install/lsm10_v2/lib/liblsm10_v2__rosidl_typesupport_introspection_c.so
[2.160s] -- Up-to-date: /home/wheeltec/wheeltec_ros2/install/lsm10_v2/lib/liblsm10_v2__rosidl_typesupport_c.so
[2.161s] -- Up-to-date: /home/wheeltec/wheeltec_ros2/install/lsm10_v2/include/lsm10_v2
[2.162s] -- Up-to-date: /home/wheeltec/wheeltec_ros2/install/lsm10_v2/include/lsm10_v2/msg
[2.163s] -- Up-to-date: /home/wheeltec/wheeltec_ros2/install/lsm10_v2/include/lsm10_v2/msg/difop.hpp
[2.163s] -- Up-to-date: /home/wheeltec/wheeltec_ros2/install/lsm10_v2/include/lsm10_v2/msg/detail
[2.164s] -- Up-to-date: /home/wheeltec/wheeltec_ros2/install/lsm10_v2/include/lsm10_v2/msg/detail/difop__traits.hpp
[2.165s] -- Up-to-date: /home/wheeltec/wheeltec_ros2/install/lsm10_v2/include/lsm10_v2/msg/detail/difop__builder.hpp
[2.166s] -- Up-to-date: /home/wheeltec/wheeltec_ros2/install/lsm10_v2/include/lsm10_v2/msg/detail/difop__struct.hpp
[2.166s] -- Up-to-date: /home/wheeltec/wheeltec_ros2/install/lsm10_v2/include/lsm10_v2
[2.166s] -- Up-to-date: /home/wheeltec/wheeltec_ros2/install/lsm10_v2/include/lsm10_v2/msg
[2.167s] -- Up-to-date: /home/wheeltec/wheeltec_ros2/install/lsm10_v2/include/lsm10_v2/msg/detail
[2.167s] -- Up-to-date: /home/wheeltec/wheeltec_ros2/install/lsm10_v2/include/lsm10_v2/msg/detail/difop__rosidl_typesupport_introspection_cpp.hpp
[2.168s] -- Up-to-date: /home/wheeltec/wheeltec_ros2/install/lsm10_v2/include/lsm10_v2/msg/detail/difop__type_support.cpp
[2.168s] -- Up-to-date: /home/wheeltec/wheeltec_ros2/install/lsm10_v2/lib/liblsm10_v2__rosidl_typesupport_introspection_cpp.so
[2.169s] -- Up-to-date: /home/wheeltec/wheeltec_ros2/install/lsm10_v2/lib/liblsm10_v2__rosidl_typesupport_cpp.so
[2.169s] -- Up-to-date: /home/wheeltec/wheeltec_ros2/install/lsm10_v2/share/lsm10_v2/environment/pythonpath.sh
[2.169s] -- Up-to-date: /home/wheeltec/wheeltec_ros2/install/lsm10_v2/share/lsm10_v2/environment/pythonpath.dsv
[2.170s] -- Up-to-date: /home/wheeltec/wheeltec_ros2/install/lsm10_v2/lib/python3.8/site-packages/lsm10_v2/__init__.py
[2.406s] -- Up-to-date: /home/wheeltec/wheeltec_ros2/install/lsm10_v2/lib/python3.8/site-packages/lsm10_v2/msg
[2.407s] -- Up-to-date: /home/wheeltec/wheeltec_ros2/install/lsm10_v2/lib/python3.8/site-packages/lsm10_v2/msg/_difop_s.c
[2.408s] -- Up-to-date: /home/wheeltec/wheeltec_ros2/install/lsm10_v2/lib/python3.8/site-packages/lsm10_v2/msg/__init__.py
[2.408s] -- Up-to-date: /home/wheeltec/wheeltec_ros2/install/lsm10_v2/lib/python3.8/site-packages/lsm10_v2/msg/_difop.py
[2.409s] -- Up-to-date: /home/wheeltec/wheeltec_ros2/install/lsm10_v2/lib/python3.8/site-packages/lsm10_v2/lsm10_v2_s__rosidl_typesupport_fastrtps_c.cpython-38-aarch64-linux-gnu.so
[2.412s] -- Up-to-date: /home/wheeltec/wheeltec_ros2/install/lsm10_v2/lib/python3.8/site-packages/lsm10_v2/lsm10_v2_s__rosidl_typesupport_introspection_c.cpython-38-aarch64-linux-gnu.so
[2.414s] -- Up-to-date: /home/wheeltec/wheeltec_ros2/install/lsm10_v2/lib/python3.8/site-packages/lsm10_v2/lsm10_v2_s__rosidl_typesupport_c.cpython-38-aarch64-linux-gnu.so
[2.418s] -- Up-to-date: /home/wheeltec/wheeltec_ros2/install/lsm10_v2/lib/liblsm10_v2__python.so
[2.419s] -- Up-to-date: /home/wheeltec/wheeltec_ros2/install/lsm10_v2/share/lsm10_v2/msg/Difop.idl
[2.419s] -- Up-to-date: /home/wheeltec/wheeltec_ros2/install/lsm10_v2/share/lsm10_v2/msg/Difop.msg
[2.422s] -- Up-to-date: /home/wheeltec/wheeltec_ros2/install/lsm10_v2/lib/lsm10_v2/LSM10
[2.423s] -- Up-to-date: /home/wheeltec/wheeltec_ros2/install/lsm10_v2/share/lsm10_v2/launch
[2.425s] -- Up-to-date: /home/wheeltec/wheeltec_ros2/install/lsm10_v2/share/lsm10_v2/launch/ls_m10.launch.py
[2.426s] -- Up-to-date: /home/wheeltec/wheeltec_ros2/install/lsm10_v2/share/ament_index/resource_index/package_run_dependencies/lsm10_v2
[2.427s] -- Up-to-date: /home/wheeltec/wheeltec_ros2/install/lsm10_v2/share/ament_index/resource_index/parent_prefix_path/lsm10_v2
[2.428s] -- Up-to-date: /home/wheeltec/wheeltec_ros2/install/lsm10_v2/share/lsm10_v2/environment/ament_prefix_path.sh
[2.429s] -- Up-to-date: /home/wheeltec/wheeltec_ros2/install/lsm10_v2/share/lsm10_v2/environment/ament_prefix_path.dsv
[2.429s] -- Up-to-date: /home/wheeltec/wheeltec_ros2/install/lsm10_v2/share/lsm10_v2/environment/path.sh
[2.436s] -- Up-to-date: /home/wheeltec/wheeltec_ros2/install/lsm10_v2/share/lsm10_v2/environment/path.dsv
[2.437s] -- Up-to-date: /home/wheeltec/wheeltec_ros2/install/lsm10_v2/share/lsm10_v2/local_setup.bash
[2.437s] -- Up-to-date: /home/wheeltec/wheeltec_ros2/install/lsm10_v2/share/lsm10_v2/local_setup.sh
[2.438s] -- Up-to-date: /home/wheeltec/wheeltec_ros2/install/lsm10_v2/share/lsm10_v2/local_setup.zsh
[2.439s] -- Up-to-date: /home/wheeltec/wheeltec_ros2/install/lsm10_v2/share/lsm10_v2/local_setup.dsv
[2.439s] -- Installing: /home/wheeltec/wheeltec_ros2/install/lsm10_v2/share/lsm10_v2/package.dsv
[2.440s] -- Up-to-date: /home/wheeltec/wheeltec_ros2/install/lsm10_v2/share/ament_index/resource_index/packages/lsm10_v2
[2.443s] -- Up-to-date: /home/wheeltec/wheeltec_ros2/install/lsm10_v2/share/lsm10_v2/cmake/lsm10_v2__rosidl_generator_cExport.cmake
[2.444s] -- Up-to-date: /home/wheeltec/wheeltec_ros2/install/lsm10_v2/share/lsm10_v2/cmake/lsm10_v2__rosidl_generator_cExport-noconfig.cmake
[2.445s] -- Up-to-date: /home/wheeltec/wheeltec_ros2/install/lsm10_v2/share/lsm10_v2/cmake/lsm10_v2__rosidl_typesupport_introspection_cExport.cmake
[2.446s] -- Up-to-date: /home/wheeltec/wheeltec_ros2/install/lsm10_v2/share/lsm10_v2/cmake/lsm10_v2__rosidl_typesupport_introspection_cExport-noconfig.cmake
[2.447s] -- Up-to-date: /home/wheeltec/wheeltec_ros2/install/lsm10_v2/share/lsm10_v2/cmake/lsm10_v2__rosidl_typesupport_cExport.cmake
[2.448s] -- Up-to-date: /home/wheeltec/wheeltec_ros2/install/lsm10_v2/share/lsm10_v2/cmake/lsm10_v2__rosidl_typesupport_cExport-noconfig.cmake
[2.449s] -- Up-to-date: /home/wheeltec/wheeltec_ros2/install/lsm10_v2/share/lsm10_v2/cmake/lsm10_v2__rosidl_generator_cppExport.cmake
[2.451s] -- Up-to-date: /home/wheeltec/wheeltec_ros2/install/lsm10_v2/share/lsm10_v2/cmake/lsm10_v2__rosidl_typesupport_introspection_cppExport.cmake
[2.451s] -- Up-to-date: /home/wheeltec/wheeltec_ros2/install/lsm10_v2/share/lsm10_v2/cmake/lsm10_v2__rosidl_typesupport_introspection_cppExport-noconfig.cmake
[2.453s] -- Up-to-date: /home/wheeltec/wheeltec_ros2/install/lsm10_v2/share/lsm10_v2/cmake/lsm10_v2__rosidl_typesupport_cppExport.cmake
[2.454s] -- Up-to-date: /home/wheeltec/wheeltec_ros2/install/lsm10_v2/share/lsm10_v2/cmake/lsm10_v2__rosidl_typesupport_cppExport-noconfig.cmake
[2.454s] -- Up-to-date: /home/wheeltec/wheeltec_ros2/install/lsm10_v2/share/lsm10_v2/cmake/rosidl_cmake-extras.cmake
[2.455s] -- Up-to-date: /home/wheeltec/wheeltec_ros2/install/lsm10_v2/share/lsm10_v2/cmake/ament_cmake_export_dependencies-extras.cmake
[2.455s] -- Up-to-date: /home/wheeltec/wheeltec_ros2/install/lsm10_v2/share/lsm10_v2/cmake/ament_cmake_export_libraries-extras.cmake
[2.456s] -- Up-to-date: /home/wheeltec/wheeltec_ros2/install/lsm10_v2/share/lsm10_v2/cmake/ament_cmake_export_targets-extras.cmake
[2.457s] -- Up-to-date: /home/wheeltec/wheeltec_ros2/install/lsm10_v2/share/lsm10_v2/cmake/ament_cmake_export_include_directories-extras.cmake
[2.457s] -- Up-to-date: /home/wheeltec/wheeltec_ros2/install/lsm10_v2/share/lsm10_v2/cmake/rosidl_cmake_export_typesupport_libraries-extras.cmake
[2.458s] -- Up-to-date: /home/wheeltec/wheeltec_ros2/install/lsm10_v2/share/lsm10_v2/cmake/rosidl_cmake_export_typesupport_targets-extras.cmake
[2.458s] -- Up-to-date: /home/wheeltec/wheeltec_ros2/install/lsm10_v2/share/lsm10_v2/cmake/lsm10_v2Config.cmake
[2.459s] -- Up-to-date: /home/wheeltec/wheeltec_ros2/install/lsm10_v2/share/lsm10_v2/cmake/lsm10_v2Config-version.cmake
[2.459s] -- Up-to-date: /home/wheeltec/wheeltec_ros2/install/lsm10_v2/share/lsm10_v2/package.xml
[2.482s] Invoked command in '/home/wheeltec/wheeltec_ros2/build/lsm10_v2' returned '0': CMAKE_PREFIX_PATH=${CMAKE_PREFIX_PATH}:/home/wheeltec/wheeltec_ros2/install/wheeltec_robot_keyboard:/home/wheeltec/wheeltec_ros2/install/tf2_tools:/home/wheeltec/wheeltec_ros2/install/nav2_gazebo_spawner:/opt/ros/galactic /usr/bin/cmake --install /home/wheeltec/wheeltec_ros2/build/lsm10_v2
