[0.083s] Invoking command in '/home/wheeltec/wheeltec_ros2/build/astra_camera_msgs': CMAKE_PREFIX_PATH=${CMAKE_PREFIX_PATH}:/home/wheeltec/wheeltec_ros2/install/simple_follower_ros2:/home/wheeltec/wheeltec_ros2/install/wheeltec_robot_keyboard:/home/wheeltec/wheeltec_ros2/install/tf2_tools:/home/wheeltec/wheeltec_ros2/install/nav2_simple_commander:/home/wheeltec/wheeltec_ros2/install/nav2_gazebo_spawner:/opt/ros/galactic /usr/bin/cmake --build /home/wheeltec/wheeltec_ros2/build/astra_camera_msgs -- -j4 -l4
[0.507s] [  1%] Built target astra_camera_msgs__cpp
[0.595s] [ 12%] Built target astra_camera_msgs__rosidl_generator_c
[0.743s] [ 24%] Built target astra_camera_msgs__rosidl_typesupport_introspection_cpp
[0.804s] [ 35%] Built target astra_camera_msgs__rosidl_typesupport_cpp
[0.906s] [ 47%] Built target astra_camera_msgs__rosidl_typesupport_introspection_c
[0.913s] [ 58%] Built target astra_camera_msgs__rosidl_typesupport_fastrtps_cpp
[1.018s] [ 70%] Built target astra_camera_msgs__rosidl_typesupport_c
[1.148s] [ 82%] Built target astra_camera_msgs__rosidl_typesupport_fastrtps_c
[1.282s] [ 82%] Built target astra_camera_msgs
[1.425s] [ 83%] Built target astra_camera_msgs__py
[1.617s] [ 93%] Built target astra_camera_msgs__python
[1.847s] [ 95%] Built target astra_camera_msgs__rosidl_typesupport_fastrtps_c__pyext
[1.848s] [ 97%] Built target astra_camera_msgs__rosidl_typesupport_c__pyext
[1.884s] [100%] Built target astra_camera_msgs__rosidl_typesupport_introspection_c__pyext
[1.949s] Invoked command in '/home/wheeltec/wheeltec_ros2/build/astra_camera_msgs' returned '0': CMAKE_PREFIX_PATH=${CMAKE_PREFIX_PATH}:/home/wheeltec/wheeltec_ros2/install/simple_follower_ros2:/home/wheeltec/wheeltec_ros2/install/wheeltec_robot_keyboard:/home/wheeltec/wheeltec_ros2/install/tf2_tools:/home/wheeltec/wheeltec_ros2/install/nav2_simple_commander:/home/wheeltec/wheeltec_ros2/install/nav2_gazebo_spawner:/opt/ros/galactic /usr/bin/cmake --build /home/wheeltec/wheeltec_ros2/build/astra_camera_msgs -- -j4 -l4
[3.868s] Invoking command in '/home/wheeltec/wheeltec_ros2/build/astra_camera_msgs': CMAKE_PREFIX_PATH=${CMAKE_PREFIX_PATH}:/home/wheeltec/wheeltec_ros2/install/simple_follower_ros2:/home/wheeltec/wheeltec_ros2/install/wheeltec_robot_keyboard:/home/wheeltec/wheeltec_ros2/install/tf2_tools:/home/wheeltec/wheeltec_ros2/install/nav2_simple_commander:/home/wheeltec/wheeltec_ros2/install/nav2_gazebo_spawner:/opt/ros/galactic /usr/bin/cmake --install /home/wheeltec/wheeltec_ros2/build/astra_camera_msgs
[3.924s] -- Install configuration: ""
[3.926s] -- Up-to-date: /home/wheeltec/wheeltec_ros2/install/astra_camera_msgs/share/ament_index/resource_index/rosidl_interfaces/astra_camera_msgs
[3.927s] -- Up-to-date: /home/wheeltec/wheeltec_ros2/install/astra_camera_msgs/include/astra_camera_msgs
[3.927s] -- Up-to-date: /home/wheeltec/wheeltec_ros2/install/astra_camera_msgs/include/astra_camera_msgs/msg
[3.928s] -- Up-to-date: /home/wheeltec/wheeltec_ros2/install/astra_camera_msgs/include/astra_camera_msgs/msg/detail
[3.928s] -- Up-to-date: /home/wheeltec/wheeltec_ros2/install/astra_camera_msgs/include/astra_camera_msgs/msg/detail/device_info__functions.c
[3.929s] -- Up-to-date: /home/wheeltec/wheeltec_ros2/install/astra_camera_msgs/include/astra_camera_msgs/msg/detail/extrinsics__type_support.h
[3.930s] -- Up-to-date: /home/wheeltec/wheeltec_ros2/install/astra_camera_msgs/include/astra_camera_msgs/msg/detail/device_info__struct.h
[3.931s] -- Up-to-date: /home/wheeltec/wheeltec_ros2/install/astra_camera_msgs/include/astra_camera_msgs/msg/detail/metadata__functions.c
[3.931s] -- Up-to-date: /home/wheeltec/wheeltec_ros2/install/astra_camera_msgs/include/astra_camera_msgs/msg/detail/device_info__type_support.h
[3.932s] -- Up-to-date: /home/wheeltec/wheeltec_ros2/install/astra_camera_msgs/include/astra_camera_msgs/msg/detail/metadata__struct.h
[3.932s] -- Up-to-date: /home/wheeltec/wheeltec_ros2/install/astra_camera_msgs/include/astra_camera_msgs/msg/detail/extrinsics__functions.h
[3.934s] -- Up-to-date: /home/wheeltec/wheeltec_ros2/install/astra_camera_msgs/include/astra_camera_msgs/msg/detail/extrinsics__struct.h
[3.934s] -- Up-to-date: /home/wheeltec/wheeltec_ros2/install/astra_camera_msgs/include/astra_camera_msgs/msg/detail/metadata__functions.h
[3.935s] -- Up-to-date: /home/wheeltec/wheeltec_ros2/install/astra_camera_msgs/include/astra_camera_msgs/msg/detail/metadata__type_support.h
[3.935s] -- Up-to-date: /home/wheeltec/wheeltec_ros2/install/astra_camera_msgs/include/astra_camera_msgs/msg/detail/device_info__functions.h
[3.936s] -- Up-to-date: /home/wheeltec/wheeltec_ros2/install/astra_camera_msgs/include/astra_camera_msgs/msg/detail/extrinsics__functions.c
[3.938s] -- Up-to-date: /home/wheeltec/wheeltec_ros2/install/astra_camera_msgs/include/astra_camera_msgs/msg/extrinsics.h
[3.940s] -- Up-to-date: /home/wheeltec/wheeltec_ros2/install/astra_camera_msgs/include/astra_camera_msgs/msg/rosidl_generator_c__visibility_control.h
[3.941s] -- Up-to-date: /home/wheeltec/wheeltec_ros2/install/astra_camera_msgs/include/astra_camera_msgs/msg/metadata.h
[3.941s] -- Up-to-date: /home/wheeltec/wheeltec_ros2/install/astra_camera_msgs/include/astra_camera_msgs/msg/device_info.h
[3.941s] -- Up-to-date: /home/wheeltec/wheeltec_ros2/install/astra_camera_msgs/include/astra_camera_msgs/srv
[3.942s] -- Up-to-date: /home/wheeltec/wheeltec_ros2/install/astra_camera_msgs/include/astra_camera_msgs/srv/get_string.h
[3.942s] -- Up-to-date: /home/wheeltec/wheeltec_ros2/install/astra_camera_msgs/include/astra_camera_msgs/srv/detail
[3.942s] -- Up-to-date: /home/wheeltec/wheeltec_ros2/install/astra_camera_msgs/include/astra_camera_msgs/srv/detail/set_int32__functions.c
[3.942s] -- Up-to-date: /home/wheeltec/wheeltec_ros2/install/astra_camera_msgs/include/astra_camera_msgs/srv/detail/set_int32__functions.h
[3.943s] -- Up-to-date: /home/wheeltec/wheeltec_ros2/install/astra_camera_msgs/include/astra_camera_msgs/srv/detail/get_int32__functions.h
[3.943s] -- Up-to-date: /home/wheeltec/wheeltec_ros2/install/astra_camera_msgs/include/astra_camera_msgs/srv/detail/get_device_info__functions.c
[3.946s] -- Up-to-date: /home/wheeltec/wheeltec_ros2/install/astra_camera_msgs/include/astra_camera_msgs/srv/detail/get_int32__functions.c
[3.946s] -- Up-to-date: /home/wheeltec/wheeltec_ros2/install/astra_camera_msgs/include/astra_camera_msgs/srv/detail/get_device_info__functions.h
[3.952s] -- Up-to-date: /home/wheeltec/wheeltec_ros2/install/astra_camera_msgs/include/astra_camera_msgs/srv/detail/get_camera_info__struct.h
[3.953s] -- Up-to-date: /home/wheeltec/wheeltec_ros2/install/astra_camera_msgs/include/astra_camera_msgs/srv/detail/get_string__struct.h
[3.953s] -- Up-to-date: /home/wheeltec/wheeltec_ros2/install/astra_camera_msgs/include/astra_camera_msgs/srv/detail/get_camera_info__functions.h
[3.954s] -- Up-to-date: /home/wheeltec/wheeltec_ros2/install/astra_camera_msgs/include/astra_camera_msgs/srv/detail/get_int32__type_support.h
[3.954s] -- Up-to-date: /home/wheeltec/wheeltec_ros2/install/astra_camera_msgs/include/astra_camera_msgs/srv/detail/get_device_info__type_support.h
[3.958s] -- Up-to-date: /home/wheeltec/wheeltec_ros2/install/astra_camera_msgs/include/astra_camera_msgs/srv/detail/get_string__functions.c
[3.960s] -- Up-to-date: /home/wheeltec/wheeltec_ros2/install/astra_camera_msgs/include/astra_camera_msgs/srv/detail/get_device_info__struct.h
[3.960s] -- Up-to-date: /home/wheeltec/wheeltec_ros2/install/astra_camera_msgs/include/astra_camera_msgs/srv/detail/get_string__type_support.h
[3.961s] -- Up-to-date: /home/wheeltec/wheeltec_ros2/install/astra_camera_msgs/include/astra_camera_msgs/srv/detail/get_camera_params__struct.h
[3.961s] -- Up-to-date: /home/wheeltec/wheeltec_ros2/install/astra_camera_msgs/include/astra_camera_msgs/srv/detail/set_int32__type_support.h
[3.962s] -- Up-to-date: /home/wheeltec/wheeltec_ros2/install/astra_camera_msgs/include/astra_camera_msgs/srv/detail/get_string__functions.h
[3.962s] -- Up-to-date: /home/wheeltec/wheeltec_ros2/install/astra_camera_msgs/include/astra_camera_msgs/srv/detail/get_camera_params__functions.h
[3.963s] -- Up-to-date: /home/wheeltec/wheeltec_ros2/install/astra_camera_msgs/include/astra_camera_msgs/srv/detail/get_camera_params__type_support.h
[3.963s] -- Up-to-date: /home/wheeltec/wheeltec_ros2/install/astra_camera_msgs/include/astra_camera_msgs/srv/detail/get_int32__struct.h
[3.964s] -- Up-to-date: /home/wheeltec/wheeltec_ros2/install/astra_camera_msgs/include/astra_camera_msgs/srv/detail/get_camera_params__functions.c
[3.965s] -- Up-to-date: /home/wheeltec/wheeltec_ros2/install/astra_camera_msgs/include/astra_camera_msgs/srv/detail/get_camera_info__type_support.h
[3.966s] -- Up-to-date: /home/wheeltec/wheeltec_ros2/install/astra_camera_msgs/include/astra_camera_msgs/srv/detail/set_int32__struct.h
[3.966s] -- Up-to-date: /home/wheeltec/wheeltec_ros2/install/astra_camera_msgs/include/astra_camera_msgs/srv/detail/get_camera_info__functions.c
[3.966s] -- Up-to-date: /home/wheeltec/wheeltec_ros2/install/astra_camera_msgs/include/astra_camera_msgs/srv/set_int32.h
[3.967s] -- Up-to-date: /home/wheeltec/wheeltec_ros2/install/astra_camera_msgs/include/astra_camera_msgs/srv/get_int32.h
[3.967s] -- Up-to-date: /home/wheeltec/wheeltec_ros2/install/astra_camera_msgs/include/astra_camera_msgs/srv/get_camera_params.h
[3.967s] -- Up-to-date: /home/wheeltec/wheeltec_ros2/install/astra_camera_msgs/include/astra_camera_msgs/srv/get_camera_info.h
[3.968s] -- Up-to-date: /home/wheeltec/wheeltec_ros2/install/astra_camera_msgs/include/astra_camera_msgs/srv/get_device_info.h
[3.968s] -- Up-to-date: /home/wheeltec/wheeltec_ros2/install/astra_camera_msgs/share/astra_camera_msgs/environment/library_path.sh
[3.968s] -- Up-to-date: /home/wheeltec/wheeltec_ros2/install/astra_camera_msgs/share/astra_camera_msgs/environment/library_path.dsv
[3.970s] -- Up-to-date: /home/wheeltec/wheeltec_ros2/install/astra_camera_msgs/lib/libastra_camera_msgs__rosidl_generator_c.so
[3.970s] -- Up-to-date: /home/wheeltec/wheeltec_ros2/install/astra_camera_msgs/include/astra_camera_msgs
[3.971s] -- Up-to-date: /home/wheeltec/wheeltec_ros2/install/astra_camera_msgs/include/astra_camera_msgs/msg
[3.972s] -- Up-to-date: /home/wheeltec/wheeltec_ros2/install/astra_camera_msgs/include/astra_camera_msgs/msg/detail
[3.972s] -- Up-to-date: /home/wheeltec/wheeltec_ros2/install/astra_camera_msgs/include/astra_camera_msgs/msg/detail/metadata__rosidl_typesupport_fastrtps_c.h
[3.972s] -- Up-to-date: /home/wheeltec/wheeltec_ros2/install/astra_camera_msgs/include/astra_camera_msgs/msg/detail/extrinsics__rosidl_typesupport_fastrtps_c.h
[3.973s] -- Up-to-date: /home/wheeltec/wheeltec_ros2/install/astra_camera_msgs/include/astra_camera_msgs/msg/detail/device_info__rosidl_typesupport_fastrtps_c.h
[3.973s] -- Up-to-date: /home/wheeltec/wheeltec_ros2/install/astra_camera_msgs/include/astra_camera_msgs/msg/rosidl_typesupport_fastrtps_c__visibility_control.h
[3.974s] -- Up-to-date: /home/wheeltec/wheeltec_ros2/install/astra_camera_msgs/include/astra_camera_msgs/srv
[3.974s] -- Up-to-date: /home/wheeltec/wheeltec_ros2/install/astra_camera_msgs/include/astra_camera_msgs/srv/detail
[3.975s] -- Up-to-date: /home/wheeltec/wheeltec_ros2/install/astra_camera_msgs/include/astra_camera_msgs/srv/detail/get_device_info__rosidl_typesupport_fastrtps_c.h
[3.975s] -- Up-to-date: /home/wheeltec/wheeltec_ros2/install/astra_camera_msgs/include/astra_camera_msgs/srv/detail/get_int32__rosidl_typesupport_fastrtps_c.h
[3.976s] -- Up-to-date: /home/wheeltec/wheeltec_ros2/install/astra_camera_msgs/include/astra_camera_msgs/srv/detail/get_string__rosidl_typesupport_fastrtps_c.h
[3.976s] -- Up-to-date: /home/wheeltec/wheeltec_ros2/install/astra_camera_msgs/include/astra_camera_msgs/srv/detail/set_int32__rosidl_typesupport_fastrtps_c.h
[3.976s] -- Up-to-date: /home/wheeltec/wheeltec_ros2/install/astra_camera_msgs/include/astra_camera_msgs/srv/detail/get_camera_params__rosidl_typesupport_fastrtps_c.h
[3.977s] -- Up-to-date: /home/wheeltec/wheeltec_ros2/install/astra_camera_msgs/include/astra_camera_msgs/srv/detail/get_camera_info__rosidl_typesupport_fastrtps_c.h
[3.978s] -- Up-to-date: /home/wheeltec/wheeltec_ros2/install/astra_camera_msgs/lib/libastra_camera_msgs__rosidl_typesupport_fastrtps_c.so
[3.978s] -- Up-to-date: /home/wheeltec/wheeltec_ros2/install/astra_camera_msgs/include/astra_camera_msgs
[3.979s] -- Up-to-date: /home/wheeltec/wheeltec_ros2/install/astra_camera_msgs/include/astra_camera_msgs/msg
[3.979s] -- Up-to-date: /home/wheeltec/wheeltec_ros2/install/astra_camera_msgs/include/astra_camera_msgs/msg/rosidl_typesupport_fastrtps_cpp__visibility_control.h
[3.979s] -- Up-to-date: /home/wheeltec/wheeltec_ros2/install/astra_camera_msgs/include/astra_camera_msgs/msg/detail
[3.979s] -- Up-to-date: /home/wheeltec/wheeltec_ros2/install/astra_camera_msgs/include/astra_camera_msgs/msg/detail/metadata__rosidl_typesupport_fastrtps_cpp.hpp
[3.980s] -- Up-to-date: /home/wheeltec/wheeltec_ros2/install/astra_camera_msgs/include/astra_camera_msgs/msg/detail/dds_fastrtps
[3.980s] -- Up-to-date: /home/wheeltec/wheeltec_ros2/install/astra_camera_msgs/include/astra_camera_msgs/msg/detail/extrinsics__rosidl_typesupport_fastrtps_cpp.hpp
[3.981s] -- Up-to-date: /home/wheeltec/wheeltec_ros2/install/astra_camera_msgs/include/astra_camera_msgs/msg/detail/device_info__rosidl_typesupport_fastrtps_cpp.hpp
[3.981s] -- Up-to-date: /home/wheeltec/wheeltec_ros2/install/astra_camera_msgs/include/astra_camera_msgs/srv
[3.982s] -- Up-to-date: /home/wheeltec/wheeltec_ros2/install/astra_camera_msgs/include/astra_camera_msgs/srv/detail
[3.983s] -- Up-to-date: /home/wheeltec/wheeltec_ros2/install/astra_camera_msgs/include/astra_camera_msgs/srv/detail/get_camera_info__rosidl_typesupport_fastrtps_cpp.hpp
[3.983s] -- Up-to-date: /home/wheeltec/wheeltec_ros2/install/astra_camera_msgs/include/astra_camera_msgs/srv/detail/get_camera_params__rosidl_typesupport_fastrtps_cpp.hpp
[3.983s] -- Up-to-date: /home/wheeltec/wheeltec_ros2/install/astra_camera_msgs/include/astra_camera_msgs/srv/detail/dds_fastrtps
[3.984s] -- Up-to-date: /home/wheeltec/wheeltec_ros2/install/astra_camera_msgs/include/astra_camera_msgs/srv/detail/get_string__rosidl_typesupport_fastrtps_cpp.hpp
[3.984s] -- Up-to-date: /home/wheeltec/wheeltec_ros2/install/astra_camera_msgs/include/astra_camera_msgs/srv/detail/get_device_info__rosidl_typesupport_fastrtps_cpp.hpp
[3.985s] -- Up-to-date: /home/wheeltec/wheeltec_ros2/install/astra_camera_msgs/include/astra_camera_msgs/srv/detail/set_int32__rosidl_typesupport_fastrtps_cpp.hpp
[3.985s] -- Up-to-date: /home/wheeltec/wheeltec_ros2/install/astra_camera_msgs/include/astra_camera_msgs/srv/detail/get_int32__rosidl_typesupport_fastrtps_cpp.hpp
[3.986s] -- Up-to-date: /home/wheeltec/wheeltec_ros2/install/astra_camera_msgs/lib/libastra_camera_msgs__rosidl_typesupport_fastrtps_cpp.so
[3.987s] -- Up-to-date: /home/wheeltec/wheeltec_ros2/install/astra_camera_msgs/include/astra_camera_msgs
[3.988s] -- Up-to-date: /home/wheeltec/wheeltec_ros2/install/astra_camera_msgs/include/astra_camera_msgs/msg
[3.989s] -- Up-to-date: /home/wheeltec/wheeltec_ros2/install/astra_camera_msgs/include/astra_camera_msgs/msg/detail
[3.990s] -- Up-to-date: /home/wheeltec/wheeltec_ros2/install/astra_camera_msgs/include/astra_camera_msgs/msg/detail/metadata__type_support.c
[3.991s] -- Up-to-date: /home/wheeltec/wheeltec_ros2/install/astra_camera_msgs/include/astra_camera_msgs/msg/detail/metadata__rosidl_typesupport_introspection_c.h
[3.992s] -- Up-to-date: /home/wheeltec/wheeltec_ros2/install/astra_camera_msgs/include/astra_camera_msgs/msg/detail/device_info__rosidl_typesupport_introspection_c.h
[3.994s] -- Up-to-date: /home/wheeltec/wheeltec_ros2/install/astra_camera_msgs/include/astra_camera_msgs/msg/detail/extrinsics__type_support.c
[3.995s] -- Up-to-date: /home/wheeltec/wheeltec_ros2/install/astra_camera_msgs/include/astra_camera_msgs/msg/detail/extrinsics__rosidl_typesupport_introspection_c.h
[3.995s] -- Up-to-date: /home/wheeltec/wheeltec_ros2/install/astra_camera_msgs/include/astra_camera_msgs/msg/detail/device_info__type_support.c
[3.996s] -- Up-to-date: /home/wheeltec/wheeltec_ros2/install/astra_camera_msgs/include/astra_camera_msgs/msg/rosidl_typesupport_introspection_c__visibility_control.h
[3.996s] -- Up-to-date: /home/wheeltec/wheeltec_ros2/install/astra_camera_msgs/include/astra_camera_msgs/srv
[3.997s] -- Up-to-date: /home/wheeltec/wheeltec_ros2/install/astra_camera_msgs/include/astra_camera_msgs/srv/detail
[3.997s] -- Up-to-date: /home/wheeltec/wheeltec_ros2/install/astra_camera_msgs/include/astra_camera_msgs/srv/detail/get_camera_info__type_support.c
[3.998s] -- Up-to-date: /home/wheeltec/wheeltec_ros2/install/astra_camera_msgs/include/astra_camera_msgs/srv/detail/get_string__rosidl_typesupport_introspection_c.h
[3.999s] -- Up-to-date: /home/wheeltec/wheeltec_ros2/install/astra_camera_msgs/include/astra_camera_msgs/srv/detail/get_int32__rosidl_typesupport_introspection_c.h
[4.000s] -- Up-to-date: /home/wheeltec/wheeltec_ros2/install/astra_camera_msgs/include/astra_camera_msgs/srv/detail/get_device_info__rosidl_typesupport_introspection_c.h
[4.000s] -- Up-to-date: /home/wheeltec/wheeltec_ros2/install/astra_camera_msgs/include/astra_camera_msgs/srv/detail/get_camera_params__rosidl_typesupport_introspection_c.h
[4.001s] -- Up-to-date: /home/wheeltec/wheeltec_ros2/install/astra_camera_msgs/include/astra_camera_msgs/srv/detail/set_int32__rosidl_typesupport_introspection_c.h
[4.001s] -- Up-to-date: /home/wheeltec/wheeltec_ros2/install/astra_camera_msgs/include/astra_camera_msgs/srv/detail/set_int32__type_support.c
[4.002s] -- Up-to-date: /home/wheeltec/wheeltec_ros2/install/astra_camera_msgs/include/astra_camera_msgs/srv/detail/get_int32__type_support.c
[4.002s] -- Up-to-date: /home/wheeltec/wheeltec_ros2/install/astra_camera_msgs/include/astra_camera_msgs/srv/detail/get_camera_info__rosidl_typesupport_introspection_c.h
[4.005s] -- Up-to-date: /home/wheeltec/wheeltec_ros2/install/astra_camera_msgs/include/astra_camera_msgs/srv/detail/get_camera_params__type_support.c
[4.006s] -- Up-to-date: /home/wheeltec/wheeltec_ros2/install/astra_camera_msgs/include/astra_camera_msgs/srv/detail/get_device_info__type_support.c
[4.006s] -- Up-to-date: /home/wheeltec/wheeltec_ros2/install/astra_camera_msgs/include/astra_camera_msgs/srv/detail/get_string__type_support.c
[4.007s] -- Up-to-date: /home/wheeltec/wheeltec_ros2/install/astra_camera_msgs/lib/libastra_camera_msgs__rosidl_typesupport_introspection_c.so
[4.007s] -- Up-to-date: /home/wheeltec/wheeltec_ros2/install/astra_camera_msgs/lib/libastra_camera_msgs__rosidl_typesupport_c.so
[4.007s] -- Up-to-date: /home/wheeltec/wheeltec_ros2/install/astra_camera_msgs/include/astra_camera_msgs
[4.008s] -- Up-to-date: /home/wheeltec/wheeltec_ros2/install/astra_camera_msgs/include/astra_camera_msgs/msg
[4.008s] -- Up-to-date: /home/wheeltec/wheeltec_ros2/install/astra_camera_msgs/include/astra_camera_msgs/msg/device_info.hpp
[4.009s] -- Up-to-date: /home/wheeltec/wheeltec_ros2/install/astra_camera_msgs/include/astra_camera_msgs/msg/detail
[4.009s] -- Up-to-date: /home/wheeltec/wheeltec_ros2/install/astra_camera_msgs/include/astra_camera_msgs/msg/detail/device_info__builder.hpp
[4.009s] -- Up-to-date: /home/wheeltec/wheeltec_ros2/install/astra_camera_msgs/include/astra_camera_msgs/msg/detail/device_info__traits.hpp
[4.010s] -- Up-to-date: /home/wheeltec/wheeltec_ros2/install/astra_camera_msgs/include/astra_camera_msgs/msg/detail/metadata__traits.hpp
[4.010s] -- Up-to-date: /home/wheeltec/wheeltec_ros2/install/astra_camera_msgs/include/astra_camera_msgs/msg/detail/extrinsics__struct.hpp
[4.010s] -- Up-to-date: /home/wheeltec/wheeltec_ros2/install/astra_camera_msgs/include/astra_camera_msgs/msg/detail/device_info__struct.hpp
[4.010s] -- Up-to-date: /home/wheeltec/wheeltec_ros2/install/astra_camera_msgs/include/astra_camera_msgs/msg/detail/extrinsics__builder.hpp
[4.011s] -- Up-to-date: /home/wheeltec/wheeltec_ros2/install/astra_camera_msgs/include/astra_camera_msgs/msg/detail/metadata__builder.hpp
[4.011s] -- Up-to-date: /home/wheeltec/wheeltec_ros2/install/astra_camera_msgs/include/astra_camera_msgs/msg/detail/metadata__struct.hpp
[4.012s] -- Up-to-date: /home/wheeltec/wheeltec_ros2/install/astra_camera_msgs/include/astra_camera_msgs/msg/detail/extrinsics__traits.hpp
[4.013s] -- Up-to-date: /home/wheeltec/wheeltec_ros2/install/astra_camera_msgs/include/astra_camera_msgs/msg/extrinsics.hpp
[4.013s] -- Up-to-date: /home/wheeltec/wheeltec_ros2/install/astra_camera_msgs/include/astra_camera_msgs/msg/metadata.hpp
[4.014s] -- Up-to-date: /home/wheeltec/wheeltec_ros2/install/astra_camera_msgs/include/astra_camera_msgs/srv
[4.014s] -- Up-to-date: /home/wheeltec/wheeltec_ros2/install/astra_camera_msgs/include/astra_camera_msgs/srv/get_device_info.hpp
[4.014s] -- Up-to-date: /home/wheeltec/wheeltec_ros2/install/astra_camera_msgs/include/astra_camera_msgs/srv/detail
[4.015s] -- Up-to-date: /home/wheeltec/wheeltec_ros2/install/astra_camera_msgs/include/astra_camera_msgs/srv/detail/get_device_info__traits.hpp
[4.015s] -- Up-to-date: /home/wheeltec/wheeltec_ros2/install/astra_camera_msgs/include/astra_camera_msgs/srv/detail/set_int32__traits.hpp
[4.015s] -- Up-to-date: /home/wheeltec/wheeltec_ros2/install/astra_camera_msgs/include/astra_camera_msgs/srv/detail/get_string__traits.hpp
[4.016s] -- Up-to-date: /home/wheeltec/wheeltec_ros2/install/astra_camera_msgs/include/astra_camera_msgs/srv/detail/get_int32__traits.hpp
[4.016s] -- Up-to-date: /home/wheeltec/wheeltec_ros2/install/astra_camera_msgs/include/astra_camera_msgs/srv/detail/get_camera_info__struct.hpp
[4.017s] -- Up-to-date: /home/wheeltec/wheeltec_ros2/install/astra_camera_msgs/include/astra_camera_msgs/srv/detail/get_int32__builder.hpp
[4.017s] -- Up-to-date: /home/wheeltec/wheeltec_ros2/install/astra_camera_msgs/include/astra_camera_msgs/srv/detail/get_camera_params__struct.hpp
[4.018s] -- Up-to-date: /home/wheeltec/wheeltec_ros2/install/astra_camera_msgs/include/astra_camera_msgs/srv/detail/set_int32__struct.hpp
[4.018s] -- Up-to-date: /home/wheeltec/wheeltec_ros2/install/astra_camera_msgs/include/astra_camera_msgs/srv/detail/get_camera_params__builder.hpp
[4.019s] -- Up-to-date: /home/wheeltec/wheeltec_ros2/install/astra_camera_msgs/include/astra_camera_msgs/srv/detail/get_camera_info__traits.hpp
[4.019s] -- Up-to-date: /home/wheeltec/wheeltec_ros2/install/astra_camera_msgs/include/astra_camera_msgs/srv/detail/get_string__builder.hpp
[4.020s] -- Up-to-date: /home/wheeltec/wheeltec_ros2/install/astra_camera_msgs/include/astra_camera_msgs/srv/detail/set_int32__builder.hpp
[4.020s] -- Up-to-date: /home/wheeltec/wheeltec_ros2/install/astra_camera_msgs/include/astra_camera_msgs/srv/detail/get_camera_info__builder.hpp
[4.020s] -- Up-to-date: /home/wheeltec/wheeltec_ros2/install/astra_camera_msgs/include/astra_camera_msgs/srv/detail/get_device_info__struct.hpp
[4.021s] -- Up-to-date: /home/wheeltec/wheeltec_ros2/install/astra_camera_msgs/include/astra_camera_msgs/srv/detail/get_int32__struct.hpp
[4.021s] -- Up-to-date: /home/wheeltec/wheeltec_ros2/install/astra_camera_msgs/include/astra_camera_msgs/srv/detail/get_device_info__builder.hpp
[4.022s] -- Up-to-date: /home/wheeltec/wheeltec_ros2/install/astra_camera_msgs/include/astra_camera_msgs/srv/detail/get_camera_params__traits.hpp
[4.023s] -- Up-to-date: /home/wheeltec/wheeltec_ros2/install/astra_camera_msgs/include/astra_camera_msgs/srv/detail/get_string__struct.hpp
[4.023s] -- Up-to-date: /home/wheeltec/wheeltec_ros2/install/astra_camera_msgs/include/astra_camera_msgs/srv/get_camera_params.hpp
[4.023s] -- Up-to-date: /home/wheeltec/wheeltec_ros2/install/astra_camera_msgs/include/astra_camera_msgs/srv/set_int32.hpp
[4.024s] -- Up-to-date: /home/wheeltec/wheeltec_ros2/install/astra_camera_msgs/include/astra_camera_msgs/srv/get_int32.hpp
[4.024s] -- Up-to-date: /home/wheeltec/wheeltec_ros2/install/astra_camera_msgs/include/astra_camera_msgs/srv/get_camera_info.hpp
[4.024s] -- Up-to-date: /home/wheeltec/wheeltec_ros2/install/astra_camera_msgs/include/astra_camera_msgs/srv/get_string.hpp
[4.025s] -- Up-to-date: /home/wheeltec/wheeltec_ros2/install/astra_camera_msgs/include/astra_camera_msgs
[4.026s] -- Up-to-date: /home/wheeltec/wheeltec_ros2/install/astra_camera_msgs/include/astra_camera_msgs/msg
[4.026s] -- Up-to-date: /home/wheeltec/wheeltec_ros2/install/astra_camera_msgs/include/astra_camera_msgs/msg/detail
[4.027s] -- Up-to-date: /home/wheeltec/wheeltec_ros2/install/astra_camera_msgs/include/astra_camera_msgs/msg/detail/metadata__type_support.cpp
[4.027s] -- Up-to-date: /home/wheeltec/wheeltec_ros2/install/astra_camera_msgs/include/astra_camera_msgs/msg/detail/extrinsics__rosidl_typesupport_introspection_cpp.hpp
[4.028s] -- Up-to-date: /home/wheeltec/wheeltec_ros2/install/astra_camera_msgs/include/astra_camera_msgs/msg/detail/metadata__rosidl_typesupport_introspection_cpp.hpp
[4.028s] -- Up-to-date: /home/wheeltec/wheeltec_ros2/install/astra_camera_msgs/include/astra_camera_msgs/msg/detail/device_info__type_support.cpp
[4.028s] -- Up-to-date: /home/wheeltec/wheeltec_ros2/install/astra_camera_msgs/include/astra_camera_msgs/msg/detail/extrinsics__type_support.cpp
[4.029s] -- Up-to-date: /home/wheeltec/wheeltec_ros2/install/astra_camera_msgs/include/astra_camera_msgs/msg/detail/device_info__rosidl_typesupport_introspection_cpp.hpp
[4.029s] -- Up-to-date: /home/wheeltec/wheeltec_ros2/install/astra_camera_msgs/include/astra_camera_msgs/srv
[4.029s] -- Up-to-date: /home/wheeltec/wheeltec_ros2/install/astra_camera_msgs/include/astra_camera_msgs/srv/detail
[4.030s] -- Up-to-date: /home/wheeltec/wheeltec_ros2/install/astra_camera_msgs/include/astra_camera_msgs/srv/detail/get_device_info__rosidl_typesupport_introspection_cpp.hpp
[4.030s] -- Up-to-date: /home/wheeltec/wheeltec_ros2/install/astra_camera_msgs/include/astra_camera_msgs/srv/detail/get_string__rosidl_typesupport_introspection_cpp.hpp
[4.030s] -- Up-to-date: /home/wheeltec/wheeltec_ros2/install/astra_camera_msgs/include/astra_camera_msgs/srv/detail/get_camera_params__type_support.cpp
[4.031s] -- Up-to-date: /home/wheeltec/wheeltec_ros2/install/astra_camera_msgs/include/astra_camera_msgs/srv/detail/set_int32__rosidl_typesupport_introspection_cpp.hpp
[4.031s] -- Up-to-date: /home/wheeltec/wheeltec_ros2/install/astra_camera_msgs/include/astra_camera_msgs/srv/detail/get_string__type_support.cpp
[4.031s] -- Up-to-date: /home/wheeltec/wheeltec_ros2/install/astra_camera_msgs/include/astra_camera_msgs/srv/detail/get_int32__rosidl_typesupport_introspection_cpp.hpp
[4.031s] -- Up-to-date: /home/wheeltec/wheeltec_ros2/install/astra_camera_msgs/include/astra_camera_msgs/srv/detail/set_int32__type_support.cpp
[4.032s] -- Up-to-date: /home/wheeltec/wheeltec_ros2/install/astra_camera_msgs/include/astra_camera_msgs/srv/detail/get_camera_info__type_support.cpp
[4.032s] -- Up-to-date: /home/wheeltec/wheeltec_ros2/install/astra_camera_msgs/include/astra_camera_msgs/srv/detail/get_int32__type_support.cpp
[4.033s] -- Up-to-date: /home/wheeltec/wheeltec_ros2/install/astra_camera_msgs/include/astra_camera_msgs/srv/detail/get_camera_info__rosidl_typesupport_introspection_cpp.hpp
[4.033s] -- Up-to-date: /home/wheeltec/wheeltec_ros2/install/astra_camera_msgs/include/astra_camera_msgs/srv/detail/get_device_info__type_support.cpp
[4.034s] -- Up-to-date: /home/wheeltec/wheeltec_ros2/install/astra_camera_msgs/include/astra_camera_msgs/srv/detail/get_camera_params__rosidl_typesupport_introspection_cpp.hpp
[4.034s] -- Up-to-date: /home/wheeltec/wheeltec_ros2/install/astra_camera_msgs/lib/libastra_camera_msgs__rosidl_typesupport_introspection_cpp.so
[4.035s] -- Up-to-date: /home/wheeltec/wheeltec_ros2/install/astra_camera_msgs/lib/libastra_camera_msgs__rosidl_typesupport_cpp.so
[4.035s] -- Up-to-date: /home/wheeltec/wheeltec_ros2/install/astra_camera_msgs/share/astra_camera_msgs/environment/pythonpath.sh
[4.035s] -- Up-to-date: /home/wheeltec/wheeltec_ros2/install/astra_camera_msgs/share/astra_camera_msgs/environment/pythonpath.dsv
[4.036s] -- Up-to-date: /home/wheeltec/wheeltec_ros2/install/astra_camera_msgs/lib/python3.8/site-packages/astra_camera_msgs/__init__.py
[4.205s] -- Up-to-date: /home/wheeltec/wheeltec_ros2/install/astra_camera_msgs/lib/python3.8/site-packages/astra_camera_msgs/msg
[4.207s] -- Up-to-date: /home/wheeltec/wheeltec_ros2/install/astra_camera_msgs/lib/python3.8/site-packages/astra_camera_msgs/msg/__init__.py
[4.207s] -- Up-to-date: /home/wheeltec/wheeltec_ros2/install/astra_camera_msgs/lib/python3.8/site-packages/astra_camera_msgs/msg/_extrinsics.py
[4.208s] -- Up-to-date: /home/wheeltec/wheeltec_ros2/install/astra_camera_msgs/lib/python3.8/site-packages/astra_camera_msgs/msg/_metadata_s.c
[4.211s] -- Up-to-date: /home/wheeltec/wheeltec_ros2/install/astra_camera_msgs/lib/python3.8/site-packages/astra_camera_msgs/msg/_metadata.py
[4.211s] -- Up-to-date: /home/wheeltec/wheeltec_ros2/install/astra_camera_msgs/lib/python3.8/site-packages/astra_camera_msgs/msg/_device_info.py
[4.214s] -- Up-to-date: /home/wheeltec/wheeltec_ros2/install/astra_camera_msgs/lib/python3.8/site-packages/astra_camera_msgs/msg/_device_info_s.c
[4.215s] -- Up-to-date: /home/wheeltec/wheeltec_ros2/install/astra_camera_msgs/lib/python3.8/site-packages/astra_camera_msgs/msg/_extrinsics_s.c
[4.215s] -- Up-to-date: /home/wheeltec/wheeltec_ros2/install/astra_camera_msgs/lib/python3.8/site-packages/astra_camera_msgs/srv
[4.216s] -- Up-to-date: /home/wheeltec/wheeltec_ros2/install/astra_camera_msgs/lib/python3.8/site-packages/astra_camera_msgs/srv/_get_camera_params.py
[4.216s] -- Up-to-date: /home/wheeltec/wheeltec_ros2/install/astra_camera_msgs/lib/python3.8/site-packages/astra_camera_msgs/srv/__init__.py
[4.217s] -- Up-to-date: /home/wheeltec/wheeltec_ros2/install/astra_camera_msgs/lib/python3.8/site-packages/astra_camera_msgs/srv/_get_string.py
[4.217s] -- Up-to-date: /home/wheeltec/wheeltec_ros2/install/astra_camera_msgs/lib/python3.8/site-packages/astra_camera_msgs/srv/_get_int32_s.c
[4.218s] -- Up-to-date: /home/wheeltec/wheeltec_ros2/install/astra_camera_msgs/lib/python3.8/site-packages/astra_camera_msgs/srv/_get_camera_info_s.c
[4.218s] -- Up-to-date: /home/wheeltec/wheeltec_ros2/install/astra_camera_msgs/lib/python3.8/site-packages/astra_camera_msgs/srv/_get_camera_info.py
[4.219s] -- Up-to-date: /home/wheeltec/wheeltec_ros2/install/astra_camera_msgs/lib/python3.8/site-packages/astra_camera_msgs/srv/_get_int32.py
[4.219s] -- Up-to-date: /home/wheeltec/wheeltec_ros2/install/astra_camera_msgs/lib/python3.8/site-packages/astra_camera_msgs/srv/_get_device_info.py
[4.220s] -- Up-to-date: /home/wheeltec/wheeltec_ros2/install/astra_camera_msgs/lib/python3.8/site-packages/astra_camera_msgs/srv/_set_int32.py
[4.220s] -- Up-to-date: /home/wheeltec/wheeltec_ros2/install/astra_camera_msgs/lib/python3.8/site-packages/astra_camera_msgs/srv/_get_camera_params_s.c
[4.221s] -- Up-to-date: /home/wheeltec/wheeltec_ros2/install/astra_camera_msgs/lib/python3.8/site-packages/astra_camera_msgs/srv/_get_string_s.c
[4.222s] -- Up-to-date: /home/wheeltec/wheeltec_ros2/install/astra_camera_msgs/lib/python3.8/site-packages/astra_camera_msgs/srv/_set_int32_s.c
[4.223s] -- Up-to-date: /home/wheeltec/wheeltec_ros2/install/astra_camera_msgs/lib/python3.8/site-packages/astra_camera_msgs/srv/_get_device_info_s.c
[4.223s] -- Up-to-date: /home/wheeltec/wheeltec_ros2/install/astra_camera_msgs/lib/python3.8/site-packages/astra_camera_msgs/astra_camera_msgs_s__rosidl_typesupport_fastrtps_c.cpython-38-aarch64-linux-gnu.so
[4.225s] -- Up-to-date: /home/wheeltec/wheeltec_ros2/install/astra_camera_msgs/lib/python3.8/site-packages/astra_camera_msgs/astra_camera_msgs_s__rosidl_typesupport_introspection_c.cpython-38-aarch64-linux-gnu.so
[4.230s] -- Up-to-date: /home/wheeltec/wheeltec_ros2/install/astra_camera_msgs/lib/python3.8/site-packages/astra_camera_msgs/astra_camera_msgs_s__rosidl_typesupport_c.cpython-38-aarch64-linux-gnu.so
[4.235s] -- Up-to-date: /home/wheeltec/wheeltec_ros2/install/astra_camera_msgs/lib/libastra_camera_msgs__python.so
[4.238s] -- Up-to-date: /home/wheeltec/wheeltec_ros2/install/astra_camera_msgs/share/astra_camera_msgs/msg/DeviceInfo.idl
[4.238s] -- Up-to-date: /home/wheeltec/wheeltec_ros2/install/astra_camera_msgs/share/astra_camera_msgs/msg/Extrinsics.idl
[4.238s] -- Up-to-date: /home/wheeltec/wheeltec_ros2/install/astra_camera_msgs/share/astra_camera_msgs/msg/Metadata.idl
[4.239s] -- Up-to-date: /home/wheeltec/wheeltec_ros2/install/astra_camera_msgs/share/astra_camera_msgs/srv/GetDeviceInfo.idl
[4.239s] -- Up-to-date: /home/wheeltec/wheeltec_ros2/install/astra_camera_msgs/share/astra_camera_msgs/srv/GetCameraInfo.idl
[4.239s] -- Up-to-date: /home/wheeltec/wheeltec_ros2/install/astra_camera_msgs/share/astra_camera_msgs/srv/GetCameraParams.idl
[4.240s] -- Up-to-date: /home/wheeltec/wheeltec_ros2/install/astra_camera_msgs/share/astra_camera_msgs/srv/GetInt32.idl
[4.240s] -- Up-to-date: /home/wheeltec/wheeltec_ros2/install/astra_camera_msgs/share/astra_camera_msgs/srv/GetString.idl
[4.248s] -- Up-to-date: /home/wheeltec/wheeltec_ros2/install/astra_camera_msgs/share/astra_camera_msgs/srv/SetInt32.idl
[4.249s] -- Up-to-date: /home/wheeltec/wheeltec_ros2/install/astra_camera_msgs/share/astra_camera_msgs/msg/DeviceInfo.msg
[4.249s] -- Up-to-date: /home/wheeltec/wheeltec_ros2/install/astra_camera_msgs/share/astra_camera_msgs/msg/Extrinsics.msg
[4.249s] -- Up-to-date: /home/wheeltec/wheeltec_ros2/install/astra_camera_msgs/share/astra_camera_msgs/msg/Metadata.msg
[4.250s] -- Up-to-date: /home/wheeltec/wheeltec_ros2/install/astra_camera_msgs/share/astra_camera_msgs/srv/GetDeviceInfo.srv
[4.250s] -- Up-to-date: /home/wheeltec/wheeltec_ros2/install/astra_camera_msgs/share/astra_camera_msgs/srv/GetDeviceInfo_Request.msg
[4.250s] -- Up-to-date: /home/wheeltec/wheeltec_ros2/install/astra_camera_msgs/share/astra_camera_msgs/srv/GetDeviceInfo_Response.msg
[4.251s] -- Up-to-date: /home/wheeltec/wheeltec_ros2/install/astra_camera_msgs/share/astra_camera_msgs/srv/GetCameraInfo.srv
[4.251s] -- Up-to-date: /home/wheeltec/wheeltec_ros2/install/astra_camera_msgs/share/astra_camera_msgs/srv/GetCameraInfo_Request.msg
[4.261s] -- Up-to-date: /home/wheeltec/wheeltec_ros2/install/astra_camera_msgs/share/astra_camera_msgs/srv/GetCameraInfo_Response.msg
[4.261s] -- Up-to-date: /home/wheeltec/wheeltec_ros2/install/astra_camera_msgs/share/astra_camera_msgs/srv/GetCameraParams.srv
[4.268s] -- Up-to-date: /home/wheeltec/wheeltec_ros2/install/astra_camera_msgs/share/astra_camera_msgs/srv/GetCameraParams_Request.msg
[4.272s] -- Up-to-date: /home/wheeltec/wheeltec_ros2/install/astra_camera_msgs/share/astra_camera_msgs/srv/GetCameraParams_Response.msg
[4.272s] -- Up-to-date: /home/wheeltec/wheeltec_ros2/install/astra_camera_msgs/share/astra_camera_msgs/srv/GetInt32.srv
[4.273s] -- Up-to-date: /home/wheeltec/wheeltec_ros2/install/astra_camera_msgs/share/astra_camera_msgs/srv/GetInt32_Request.msg
[4.273s] -- Up-to-date: /home/wheeltec/wheeltec_ros2/install/astra_camera_msgs/share/astra_camera_msgs/srv/GetInt32_Response.msg
[4.274s] -- Up-to-date: /home/wheeltec/wheeltec_ros2/install/astra_camera_msgs/share/astra_camera_msgs/srv/GetString.srv
[4.274s] -- Up-to-date: /home/wheeltec/wheeltec_ros2/install/astra_camera_msgs/share/astra_camera_msgs/srv/GetString_Request.msg
[4.274s] -- Up-to-date: /home/wheeltec/wheeltec_ros2/install/astra_camera_msgs/share/astra_camera_msgs/srv/GetString_Response.msg
[4.276s] -- Up-to-date: /home/wheeltec/wheeltec_ros2/install/astra_camera_msgs/share/astra_camera_msgs/srv/SetInt32.srv
[4.278s] -- Up-to-date: /home/wheeltec/wheeltec_ros2/install/astra_camera_msgs/share/astra_camera_msgs/srv/SetInt32_Request.msg
[4.279s] -- Up-to-date: /home/wheeltec/wheeltec_ros2/install/astra_camera_msgs/share/astra_camera_msgs/srv/SetInt32_Response.msg
[4.280s] -- Up-to-date: /home/wheeltec/wheeltec_ros2/install/astra_camera_msgs/share/ament_index/resource_index/package_run_dependencies/astra_camera_msgs
[4.285s] -- Up-to-date: /home/wheeltec/wheeltec_ros2/install/astra_camera_msgs/share/ament_index/resource_index/parent_prefix_path/astra_camera_msgs
[4.287s] -- Up-to-date: /home/wheeltec/wheeltec_ros2/install/astra_camera_msgs/share/astra_camera_msgs/environment/ament_prefix_path.sh
[4.290s] -- Up-to-date: /home/wheeltec/wheeltec_ros2/install/astra_camera_msgs/share/astra_camera_msgs/environment/ament_prefix_path.dsv
[4.291s] -- Up-to-date: /home/wheeltec/wheeltec_ros2/install/astra_camera_msgs/share/astra_camera_msgs/environment/path.sh
[4.291s] -- Up-to-date: /home/wheeltec/wheeltec_ros2/install/astra_camera_msgs/share/astra_camera_msgs/environment/path.dsv
[4.292s] -- Up-to-date: /home/wheeltec/wheeltec_ros2/install/astra_camera_msgs/share/astra_camera_msgs/local_setup.bash
[4.293s] -- Up-to-date: /home/wheeltec/wheeltec_ros2/install/astra_camera_msgs/share/astra_camera_msgs/local_setup.sh
[4.294s] -- Up-to-date: /home/wheeltec/wheeltec_ros2/install/astra_camera_msgs/share/astra_camera_msgs/local_setup.zsh
[4.294s] -- Up-to-date: /home/wheeltec/wheeltec_ros2/install/astra_camera_msgs/share/astra_camera_msgs/local_setup.dsv
[4.295s] -- Installing: /home/wheeltec/wheeltec_ros2/install/astra_camera_msgs/share/astra_camera_msgs/package.dsv
[4.296s] -- Up-to-date: /home/wheeltec/wheeltec_ros2/install/astra_camera_msgs/share/ament_index/resource_index/packages/astra_camera_msgs
[4.296s] -- Up-to-date: /home/wheeltec/wheeltec_ros2/install/astra_camera_msgs/share/astra_camera_msgs/cmake/astra_camera_msgs__rosidl_generator_cExport.cmake
[4.297s] -- Up-to-date: /home/wheeltec/wheeltec_ros2/install/astra_camera_msgs/share/astra_camera_msgs/cmake/astra_camera_msgs__rosidl_generator_cExport-noconfig.cmake
[4.297s] -- Up-to-date: /home/wheeltec/wheeltec_ros2/install/astra_camera_msgs/share/astra_camera_msgs/cmake/astra_camera_msgs__rosidl_typesupport_introspection_cExport.cmake
[4.299s] -- Up-to-date: /home/wheeltec/wheeltec_ros2/install/astra_camera_msgs/share/astra_camera_msgs/cmake/astra_camera_msgs__rosidl_typesupport_introspection_cExport-noconfig.cmake
[4.299s] -- Up-to-date: /home/wheeltec/wheeltec_ros2/install/astra_camera_msgs/share/astra_camera_msgs/cmake/astra_camera_msgs__rosidl_typesupport_cExport.cmake
[4.300s] -- Up-to-date: /home/wheeltec/wheeltec_ros2/install/astra_camera_msgs/share/astra_camera_msgs/cmake/astra_camera_msgs__rosidl_typesupport_cExport-noconfig.cmake
[4.300s] -- Up-to-date: /home/wheeltec/wheeltec_ros2/install/astra_camera_msgs/share/astra_camera_msgs/cmake/astra_camera_msgs__rosidl_generator_cppExport.cmake
[4.309s] -- Up-to-date: /home/wheeltec/wheeltec_ros2/install/astra_camera_msgs/share/astra_camera_msgs/cmake/astra_camera_msgs__rosidl_typesupport_introspection_cppExport.cmake
[4.309s] -- Up-to-date: /home/wheeltec/wheeltec_ros2/install/astra_camera_msgs/share/astra_camera_msgs/cmake/astra_camera_msgs__rosidl_typesupport_introspection_cppExport-noconfig.cmake
[4.310s] -- Up-to-date: /home/wheeltec/wheeltec_ros2/install/astra_camera_msgs/share/astra_camera_msgs/cmake/astra_camera_msgs__rosidl_typesupport_cppExport.cmake
[4.310s] -- Up-to-date: /home/wheeltec/wheeltec_ros2/install/astra_camera_msgs/share/astra_camera_msgs/cmake/astra_camera_msgs__rosidl_typesupport_cppExport-noconfig.cmake
[4.310s] -- Up-to-date: /home/wheeltec/wheeltec_ros2/install/astra_camera_msgs/share/astra_camera_msgs/cmake/rosidl_cmake-extras.cmake
[4.311s] -- Up-to-date: /home/wheeltec/wheeltec_ros2/install/astra_camera_msgs/share/astra_camera_msgs/cmake/ament_cmake_export_dependencies-extras.cmake
[4.311s] -- Up-to-date: /home/wheeltec/wheeltec_ros2/install/astra_camera_msgs/share/astra_camera_msgs/cmake/ament_cmake_export_libraries-extras.cmake
[4.311s] -- Up-to-date: /home/wheeltec/wheeltec_ros2/install/astra_camera_msgs/share/astra_camera_msgs/cmake/ament_cmake_export_targets-extras.cmake
[4.312s] -- Up-to-date: /home/wheeltec/wheeltec_ros2/install/astra_camera_msgs/share/astra_camera_msgs/cmake/ament_cmake_export_include_directories-extras.cmake
[4.312s] -- Up-to-date: /home/wheeltec/wheeltec_ros2/install/astra_camera_msgs/share/astra_camera_msgs/cmake/rosidl_cmake_export_typesupport_libraries-extras.cmake
[4.318s] -- Up-to-date: /home/wheeltec/wheeltec_ros2/install/astra_camera_msgs/share/astra_camera_msgs/cmake/rosidl_cmake_export_typesupport_targets-extras.cmake
[4.319s] -- Up-to-date: /home/wheeltec/wheeltec_ros2/install/astra_camera_msgs/share/astra_camera_msgs/cmake/astra_camera_msgsConfig.cmake
[4.319s] -- Up-to-date: /home/wheeltec/wheeltec_ros2/install/astra_camera_msgs/share/astra_camera_msgs/cmake/astra_camera_msgsConfig-version.cmake
[4.319s] -- Up-to-date: /home/wheeltec/wheeltec_ros2/install/astra_camera_msgs/share/astra_camera_msgs/package.xml
[4.320s] Invoked command in '/home/wheeltec/wheeltec_ros2/build/astra_camera_msgs' returned '0': CMAKE_PREFIX_PATH=${CMAKE_PREFIX_PATH}:/home/wheeltec/wheeltec_ros2/install/simple_follower_ros2:/home/wheeltec/wheeltec_ros2/install/wheeltec_robot_keyboard:/home/wheeltec/wheeltec_ros2/install/tf2_tools:/home/wheeltec/wheeltec_ros2/install/nav2_simple_commander:/home/wheeltec/wheeltec_ros2/install/nav2_gazebo_spawner:/opt/ros/galactic /usr/bin/cmake --install /home/wheeltec/wheeltec_ros2/build/astra_camera_msgs
