[0.095s] Invoking command in '/home/wheeltec/wheeltec_ros2/build/serial': CMAKE_PREFIX_PATH=${CMAKE_PREFIX_PATH}:/home/wheeltec/wheeltec_ros2/install/simple_follower_ros2:/home/wheeltec/wheeltec_ros2/install/wheeltec_robot_keyboard:/home/wheeltec/wheeltec_ros2/install/tf2_tools:/home/wheeltec/wheeltec_ros2/install/nav2_simple_commander:/home/wheeltec/wheeltec_ros2/install/nav2_gazebo_spawner:/opt/ros/galactic /usr/bin/cmake --build /home/wheeltec/wheeltec_ros2/build/serial -- -j4 -l4
[0.436s] [100%] Built target serial
[0.499s] Invoked command in '/home/wheeltec/wheeltec_ros2/build/serial' returned '0': CMAKE_PREFIX_PATH=${CMAKE_PREFIX_PATH}:/home/wheeltec/wheeltec_ros2/install/simple_follower_ros2:/home/wheeltec/wheeltec_ros2/install/wheeltec_robot_keyboard:/home/wheeltec/wheeltec_ros2/install/tf2_tools:/home/wheeltec/wheeltec_ros2/install/nav2_simple_commander:/home/wheeltec/wheeltec_ros2/install/nav2_gazebo_spawner:/opt/ros/galactic /usr/bin/cmake --build /home/wheeltec/wheeltec_ros2/build/serial -- -j4 -l4
[0.738s] Invoking command in '/home/wheeltec/wheeltec_ros2/build/serial': CMAKE_PREFIX_PATH=${CMAKE_PREFIX_PATH}:/home/wheeltec/wheeltec_ros2/install/simple_follower_ros2:/home/wheeltec/wheeltec_ros2/install/wheeltec_robot_keyboard:/home/wheeltec/wheeltec_ros2/install/tf2_tools:/home/wheeltec/wheeltec_ros2/install/nav2_simple_commander:/home/wheeltec/wheeltec_ros2/install/nav2_gazebo_spawner:/opt/ros/galactic /usr/bin/cmake --install /home/wheeltec/wheeltec_ros2/build/serial
[0.800s] -- Install configuration: ""
[0.800s] -- Up-to-date: /home/wheeltec/wheeltec_ros2/install/serial/lib/libserial.a
[0.801s] -- Up-to-date: /home/wheeltec/wheeltec_ros2/install/serial/share/serial/environment/library_path.sh
[0.801s] -- Up-to-date: /home/wheeltec/wheeltec_ros2/install/serial/share/serial/environment/library_path.dsv
[0.803s] -- Up-to-date: /home/wheeltec/wheeltec_ros2/install/serial/include/serial
[0.804s] -- Up-to-date: /home/wheeltec/wheeltec_ros2/install/serial/include/serial/serial.h
[0.805s] -- Up-to-date: /home/wheeltec/wheeltec_ros2/install/serial/include/serial/impl
[0.805s] -- Up-to-date: /home/wheeltec/wheeltec_ros2/install/serial/include/serial/impl/unix.h
[0.806s] -- Up-to-date: /home/wheeltec/wheeltec_ros2/install/serial/include/serial/impl/win.h
[0.807s] -- Up-to-date: /home/wheeltec/wheeltec_ros2/install/serial/include/serial/v8stdint.h
[0.808s] -- Up-to-date: /home/wheeltec/wheeltec_ros2/install/serial/share/ament_index/resource_index/package_run_dependencies/serial
[0.814s] -- Up-to-date: /home/wheeltec/wheeltec_ros2/install/serial/share/ament_index/resource_index/parent_prefix_path/serial
[0.828s] -- Up-to-date: /home/wheeltec/wheeltec_ros2/install/serial/share/serial/environment/ament_prefix_path.sh
[0.829s] -- Up-to-date: /home/wheeltec/wheeltec_ros2/install/serial/share/serial/environment/ament_prefix_path.dsv
[0.830s] -- Up-to-date: /home/wheeltec/wheeltec_ros2/install/serial/share/serial/environment/path.sh
[0.836s] -- Up-to-date: /home/wheeltec/wheeltec_ros2/install/serial/share/serial/environment/path.dsv
[0.837s] -- Up-to-date: /home/wheeltec/wheeltec_ros2/install/serial/share/serial/local_setup.bash
[0.838s] -- Up-to-date: /home/wheeltec/wheeltec_ros2/install/serial/share/serial/local_setup.sh
[0.838s] -- Up-to-date: /home/wheeltec/wheeltec_ros2/install/serial/share/serial/local_setup.zsh
[0.839s] -- Up-to-date: /home/wheeltec/wheeltec_ros2/install/serial/share/serial/local_setup.dsv
[0.839s] -- Installing: /home/wheeltec/wheeltec_ros2/install/serial/share/serial/package.dsv
[0.840s] -- Up-to-date: /home/wheeltec/wheeltec_ros2/install/serial/share/ament_index/resource_index/packages/serial
[0.844s] -- Up-to-date: /home/wheeltec/wheeltec_ros2/install/serial/share/serial/cmake/ament_cmake_export_include_directories-extras.cmake
[0.845s] -- Up-to-date: /home/wheeltec/wheeltec_ros2/install/serial/share/serial/cmake/ament_cmake_export_libraries-extras.cmake
[0.848s] -- Up-to-date: /home/wheeltec/wheeltec_ros2/install/serial/share/serial/cmake/ament_cmake_export_dependencies-extras.cmake
[0.848s] -- Up-to-date: /home/wheeltec/wheeltec_ros2/install/serial/share/serial/cmake/serialConfig.cmake
[0.848s] -- Up-to-date: /home/wheeltec/wheeltec_ros2/install/serial/share/serial/cmake/serialConfig-version.cmake
[0.849s] -- Up-to-date: /home/wheeltec/wheeltec_ros2/install/serial/share/serial/package.xml
[0.851s] Invoked command in '/home/wheeltec/wheeltec_ros2/build/serial' returned '0': CMAKE_PREFIX_PATH=${CMAKE_PREFIX_PATH}:/home/wheeltec/wheeltec_ros2/install/simple_follower_ros2:/home/wheeltec/wheeltec_ros2/install/wheeltec_robot_keyboard:/home/wheeltec/wheeltec_ros2/install/tf2_tools:/home/wheeltec/wheeltec_ros2/install/nav2_simple_commander:/home/wheeltec/wheeltec_ros2/install/nav2_gazebo_spawner:/opt/ros/galactic /usr/bin/cmake --install /home/wheeltec/wheeltec_ros2/build/serial
