[  1%] Built target astra_camera_msgs__cpp
[ 12%] Built target astra_camera_msgs__rosidl_generator_c
[ 24%] Built target astra_camera_msgs__rosidl_typesupport_cpp
[ 35%] Built target astra_camera_msgs__rosidl_typesupport_introspection_cpp
[ 47%] Built target astra_camera_msgs__rosidl_typesupport_fastrtps_cpp
[ 58%] Built target astra_camera_msgs__rosidl_typesupport_introspection_c
[ 70%] Built target astra_camera_msgs__rosidl_typesupport_c
[ 82%] Built target astra_camera_msgs__rosidl_typesupport_fastrtps_c
[ 82%] Built target astra_camera_msgs
[ 83%] Built target astra_camera_msgs__py
[ 93%] Built target astra_camera_msgs__python
[ 95%] Built target astra_camera_msgs__rosidl_typesupport_c__pyext
[ 97%] Built target astra_camera_msgs__rosidl_typesupport_introspection_c__pyext
[100%] Built target astra_camera_msgs__rosidl_typesupport_fastrtps_c__pyext
-- Install configuration: ""
-- Up-to-date: /home/wheeltec/wheeltec_ros2/install/astra_camera_msgs/share/ament_index/resource_index/rosidl_interfaces/astra_camera_msgs
-- Up-to-date: /home/wheeltec/wheeltec_ros2/install/astra_camera_msgs/include/astra_camera_msgs
-- Up-to-date: /home/wheeltec/wheeltec_ros2/install/astra_camera_msgs/include/astra_camera_msgs/msg
-- Up-to-date: /home/wheeltec/wheeltec_ros2/install/astra_camera_msgs/include/astra_camera_msgs/msg/detail
-- Installing: /home/wheeltec/wheeltec_ros2/install/astra_camera_msgs/include/astra_camera_msgs/msg/detail/device_info__functions.c
-- Installing: /home/wheeltec/wheeltec_ros2/install/astra_camera_msgs/include/astra_camera_msgs/msg/detail/extrinsics__type_support.h
-- Installing: /home/wheeltec/wheeltec_ros2/install/astra_camera_msgs/include/astra_camera_msgs/msg/detail/device_info__struct.h
-- Installing: /home/wheeltec/wheeltec_ros2/install/astra_camera_msgs/include/astra_camera_msgs/msg/detail/metadata__functions.c
-- Installing: /home/wheeltec/wheeltec_ros2/install/astra_camera_msgs/include/astra_camera_msgs/msg/detail/device_info__type_support.h
-- Installing: /home/wheeltec/wheeltec_ros2/install/astra_camera_msgs/include/astra_camera_msgs/msg/detail/metadata__struct.h
-- Installing: /home/wheeltec/wheeltec_ros2/install/astra_camera_msgs/include/astra_camera_msgs/msg/detail/extrinsics__functions.h
-- Installing: /home/wheeltec/wheeltec_ros2/install/astra_camera_msgs/include/astra_camera_msgs/msg/detail/extrinsics__struct.h
-- Installing: /home/wheeltec/wheeltec_ros2/install/astra_camera_msgs/include/astra_camera_msgs/msg/detail/metadata__functions.h
-- Installing: /home/wheeltec/wheeltec_ros2/install/astra_camera_msgs/include/astra_camera_msgs/msg/detail/metadata__type_support.h
-- Installing: /home/wheeltec/wheeltec_ros2/install/astra_camera_msgs/include/astra_camera_msgs/msg/detail/device_info__functions.h
-- Installing: /home/wheeltec/wheeltec_ros2/install/astra_camera_msgs/include/astra_camera_msgs/msg/detail/extrinsics__functions.c
-- Installing: /home/wheeltec/wheeltec_ros2/install/astra_camera_msgs/include/astra_camera_msgs/msg/extrinsics.h
-- Up-to-date: /home/wheeltec/wheeltec_ros2/install/astra_camera_msgs/include/astra_camera_msgs/msg/rosidl_generator_c__visibility_control.h
-- Installing: /home/wheeltec/wheeltec_ros2/install/astra_camera_msgs/include/astra_camera_msgs/msg/metadata.h
-- Installing: /home/wheeltec/wheeltec_ros2/install/astra_camera_msgs/include/astra_camera_msgs/msg/device_info.h
-- Up-to-date: /home/wheeltec/wheeltec_ros2/install/astra_camera_msgs/include/astra_camera_msgs/srv
-- Installing: /home/wheeltec/wheeltec_ros2/install/astra_camera_msgs/include/astra_camera_msgs/srv/get_string.h
-- Up-to-date: /home/wheeltec/wheeltec_ros2/install/astra_camera_msgs/include/astra_camera_msgs/srv/detail
-- Installing: /home/wheeltec/wheeltec_ros2/install/astra_camera_msgs/include/astra_camera_msgs/srv/detail/set_int32__functions.c
-- Installing: /home/wheeltec/wheeltec_ros2/install/astra_camera_msgs/include/astra_camera_msgs/srv/detail/set_int32__functions.h
-- Installing: /home/wheeltec/wheeltec_ros2/install/astra_camera_msgs/include/astra_camera_msgs/srv/detail/get_int32__functions.h
-- Installing: /home/wheeltec/wheeltec_ros2/install/astra_camera_msgs/include/astra_camera_msgs/srv/detail/get_device_info__functions.c
-- Installing: /home/wheeltec/wheeltec_ros2/install/astra_camera_msgs/include/astra_camera_msgs/srv/detail/get_int32__functions.c
-- Installing: /home/wheeltec/wheeltec_ros2/install/astra_camera_msgs/include/astra_camera_msgs/srv/detail/get_device_info__functions.h
-- Installing: /home/wheeltec/wheeltec_ros2/install/astra_camera_msgs/include/astra_camera_msgs/srv/detail/get_camera_info__struct.h
-- Installing: /home/wheeltec/wheeltec_ros2/install/astra_camera_msgs/include/astra_camera_msgs/srv/detail/get_string__struct.h
-- Installing: /home/wheeltec/wheeltec_ros2/install/astra_camera_msgs/include/astra_camera_msgs/srv/detail/get_camera_info__functions.h
-- Installing: /home/wheeltec/wheeltec_ros2/install/astra_camera_msgs/include/astra_camera_msgs/srv/detail/get_int32__type_support.h
-- Installing: /home/wheeltec/wheeltec_ros2/install/astra_camera_msgs/include/astra_camera_msgs/srv/detail/get_device_info__type_support.h
-- Installing: /home/wheeltec/wheeltec_ros2/install/astra_camera_msgs/include/astra_camera_msgs/srv/detail/get_string__functions.c
-- Installing: /home/wheeltec/wheeltec_ros2/install/astra_camera_msgs/include/astra_camera_msgs/srv/detail/get_device_info__struct.h
-- Installing: /home/wheeltec/wheeltec_ros2/install/astra_camera_msgs/include/astra_camera_msgs/srv/detail/get_string__type_support.h
-- Installing: /home/wheeltec/wheeltec_ros2/install/astra_camera_msgs/include/astra_camera_msgs/srv/detail/get_camera_params__struct.h
-- Installing: /home/wheeltec/wheeltec_ros2/install/astra_camera_msgs/include/astra_camera_msgs/srv/detail/set_int32__type_support.h
-- Installing: /home/wheeltec/wheeltec_ros2/install/astra_camera_msgs/include/astra_camera_msgs/srv/detail/get_string__functions.h
-- Installing: /home/wheeltec/wheeltec_ros2/install/astra_camera_msgs/include/astra_camera_msgs/srv/detail/get_camera_params__functions.h
-- Installing: /home/wheeltec/wheeltec_ros2/install/astra_camera_msgs/include/astra_camera_msgs/srv/detail/get_camera_params__type_support.h
-- Installing: /home/wheeltec/wheeltec_ros2/install/astra_camera_msgs/include/astra_camera_msgs/srv/detail/get_int32__struct.h
-- Installing: /home/wheeltec/wheeltec_ros2/install/astra_camera_msgs/include/astra_camera_msgs/srv/detail/get_camera_params__functions.c
-- Installing: /home/wheeltec/wheeltec_ros2/install/astra_camera_msgs/include/astra_camera_msgs/srv/detail/get_camera_info__type_support.h
-- Installing: /home/wheeltec/wheeltec_ros2/install/astra_camera_msgs/include/astra_camera_msgs/srv/detail/set_int32__struct.h
-- Installing: /home/wheeltec/wheeltec_ros2/install/astra_camera_msgs/include/astra_camera_msgs/srv/detail/get_camera_info__functions.c
-- Installing: /home/wheeltec/wheeltec_ros2/install/astra_camera_msgs/include/astra_camera_msgs/srv/set_int32.h
-- Installing: /home/wheeltec/wheeltec_ros2/install/astra_camera_msgs/include/astra_camera_msgs/srv/get_int32.h
-- Installing: /home/wheeltec/wheeltec_ros2/install/astra_camera_msgs/include/astra_camera_msgs/srv/get_camera_params.h
-- Installing: /home/wheeltec/wheeltec_ros2/install/astra_camera_msgs/include/astra_camera_msgs/srv/get_camera_info.h
-- Installing: /home/wheeltec/wheeltec_ros2/install/astra_camera_msgs/include/astra_camera_msgs/srv/get_device_info.h
-- Up-to-date: /home/wheeltec/wheeltec_ros2/install/astra_camera_msgs/share/astra_camera_msgs/environment/library_path.sh
-- Installing: /home/wheeltec/wheeltec_ros2/install/astra_camera_msgs/share/astra_camera_msgs/environment/library_path.dsv
-- Installing: /home/wheeltec/wheeltec_ros2/install/astra_camera_msgs/lib/libastra_camera_msgs__rosidl_generator_c.so
-- Set runtime path of "/home/wheeltec/wheeltec_ros2/install/astra_camera_msgs/lib/libastra_camera_msgs__rosidl_generator_c.so" to ""
-- Up-to-date: /home/wheeltec/wheeltec_ros2/install/astra_camera_msgs/include/astra_camera_msgs
-- Up-to-date: /home/wheeltec/wheeltec_ros2/install/astra_camera_msgs/include/astra_camera_msgs/msg
-- Up-to-date: /home/wheeltec/wheeltec_ros2/install/astra_camera_msgs/include/astra_camera_msgs/msg/detail
-- Installing: /home/wheeltec/wheeltec_ros2/install/astra_camera_msgs/include/astra_camera_msgs/msg/detail/metadata__rosidl_typesupport_fastrtps_c.h
-- Installing: /home/wheeltec/wheeltec_ros2/install/astra_camera_msgs/include/astra_camera_msgs/msg/detail/extrinsics__rosidl_typesupport_fastrtps_c.h
-- Installing: /home/wheeltec/wheeltec_ros2/install/astra_camera_msgs/include/astra_camera_msgs/msg/detail/device_info__rosidl_typesupport_fastrtps_c.h
-- Up-to-date: /home/wheeltec/wheeltec_ros2/install/astra_camera_msgs/include/astra_camera_msgs/msg/rosidl_typesupport_fastrtps_c__visibility_control.h
-- Up-to-date: /home/wheeltec/wheeltec_ros2/install/astra_camera_msgs/include/astra_camera_msgs/srv
-- Up-to-date: /home/wheeltec/wheeltec_ros2/install/astra_camera_msgs/include/astra_camera_msgs/srv/detail
-- Installing: /home/wheeltec/wheeltec_ros2/install/astra_camera_msgs/include/astra_camera_msgs/srv/detail/get_device_info__rosidl_typesupport_fastrtps_c.h
-- Installing: /home/wheeltec/wheeltec_ros2/install/astra_camera_msgs/include/astra_camera_msgs/srv/detail/get_int32__rosidl_typesupport_fastrtps_c.h
-- Installing: /home/wheeltec/wheeltec_ros2/install/astra_camera_msgs/include/astra_camera_msgs/srv/detail/get_string__rosidl_typesupport_fastrtps_c.h
-- Installing: /home/wheeltec/wheeltec_ros2/install/astra_camera_msgs/include/astra_camera_msgs/srv/detail/set_int32__rosidl_typesupport_fastrtps_c.h
-- Installing: /home/wheeltec/wheeltec_ros2/install/astra_camera_msgs/include/astra_camera_msgs/srv/detail/get_camera_params__rosidl_typesupport_fastrtps_c.h
-- Installing: /home/wheeltec/wheeltec_ros2/install/astra_camera_msgs/include/astra_camera_msgs/srv/detail/get_camera_info__rosidl_typesupport_fastrtps_c.h
-- Installing: /home/wheeltec/wheeltec_ros2/install/astra_camera_msgs/lib/libastra_camera_msgs__rosidl_typesupport_fastrtps_c.so
-- Set runtime path of "/home/wheeltec/wheeltec_ros2/install/astra_camera_msgs/lib/libastra_camera_msgs__rosidl_typesupport_fastrtps_c.so" to ""
-- Up-to-date: /home/wheeltec/wheeltec_ros2/install/astra_camera_msgs/include/astra_camera_msgs
-- Up-to-date: /home/wheeltec/wheeltec_ros2/install/astra_camera_msgs/include/astra_camera_msgs/msg
-- Up-to-date: /home/wheeltec/wheeltec_ros2/install/astra_camera_msgs/include/astra_camera_msgs/msg/rosidl_typesupport_fastrtps_cpp__visibility_control.h
-- Up-to-date: /home/wheeltec/wheeltec_ros2/install/astra_camera_msgs/include/astra_camera_msgs/msg/detail
-- Installing: /home/wheeltec/wheeltec_ros2/install/astra_camera_msgs/include/astra_camera_msgs/msg/detail/metadata__rosidl_typesupport_fastrtps_cpp.hpp
-- Up-to-date: /home/wheeltec/wheeltec_ros2/install/astra_camera_msgs/include/astra_camera_msgs/msg/detail/dds_fastrtps
-- Installing: /home/wheeltec/wheeltec_ros2/install/astra_camera_msgs/include/astra_camera_msgs/msg/detail/extrinsics__rosidl_typesupport_fastrtps_cpp.hpp
-- Installing: /home/wheeltec/wheeltec_ros2/install/astra_camera_msgs/include/astra_camera_msgs/msg/detail/device_info__rosidl_typesupport_fastrtps_cpp.hpp
-- Up-to-date: /home/wheeltec/wheeltec_ros2/install/astra_camera_msgs/include/astra_camera_msgs/srv
-- Up-to-date: /home/wheeltec/wheeltec_ros2/install/astra_camera_msgs/include/astra_camera_msgs/srv/detail
-- Installing: /home/wheeltec/wheeltec_ros2/install/astra_camera_msgs/include/astra_camera_msgs/srv/detail/get_camera_info__rosidl_typesupport_fastrtps_cpp.hpp
-- Installing: /home/wheeltec/wheeltec_ros2/install/astra_camera_msgs/include/astra_camera_msgs/srv/detail/get_camera_params__rosidl_typesupport_fastrtps_cpp.hpp
-- Up-to-date: /home/wheeltec/wheeltec_ros2/install/astra_camera_msgs/include/astra_camera_msgs/srv/detail/dds_fastrtps
-- Installing: /home/wheeltec/wheeltec_ros2/install/astra_camera_msgs/include/astra_camera_msgs/srv/detail/get_string__rosidl_typesupport_fastrtps_cpp.hpp
-- Installing: /home/wheeltec/wheeltec_ros2/install/astra_camera_msgs/include/astra_camera_msgs/srv/detail/get_device_info__rosidl_typesupport_fastrtps_cpp.hpp
-- Installing: /home/wheeltec/wheeltec_ros2/install/astra_camera_msgs/include/astra_camera_msgs/srv/detail/set_int32__rosidl_typesupport_fastrtps_cpp.hpp
-- Installing: /home/wheeltec/wheeltec_ros2/install/astra_camera_msgs/include/astra_camera_msgs/srv/detail/get_int32__rosidl_typesupport_fastrtps_cpp.hpp
-- Installing: /home/wheeltec/wheeltec_ros2/install/astra_camera_msgs/lib/libastra_camera_msgs__rosidl_typesupport_fastrtps_cpp.so
-- Set runtime path of "/home/wheeltec/wheeltec_ros2/install/astra_camera_msgs/lib/libastra_camera_msgs__rosidl_typesupport_fastrtps_cpp.so" to ""
-- Up-to-date: /home/wheeltec/wheeltec_ros2/install/astra_camera_msgs/include/astra_camera_msgs
-- Up-to-date: /home/wheeltec/wheeltec_ros2/install/astra_camera_msgs/include/astra_camera_msgs/msg
-- Up-to-date: /home/wheeltec/wheeltec_ros2/install/astra_camera_msgs/include/astra_camera_msgs/msg/detail
-- Installing: /home/wheeltec/wheeltec_ros2/install/astra_camera_msgs/include/astra_camera_msgs/msg/detail/metadata__type_support.c
-- Installing: /home/wheeltec/wheeltec_ros2/install/astra_camera_msgs/include/astra_camera_msgs/msg/detail/metadata__rosidl_typesupport_introspection_c.h
-- Installing: /home/wheeltec/wheeltec_ros2/install/astra_camera_msgs/include/astra_camera_msgs/msg/detail/device_info__rosidl_typesupport_introspection_c.h
-- Installing: /home/wheeltec/wheeltec_ros2/install/astra_camera_msgs/include/astra_camera_msgs/msg/detail/extrinsics__type_support.c
-- Installing: /home/wheeltec/wheeltec_ros2/install/astra_camera_msgs/include/astra_camera_msgs/msg/detail/extrinsics__rosidl_typesupport_introspection_c.h
-- Installing: /home/wheeltec/wheeltec_ros2/install/astra_camera_msgs/include/astra_camera_msgs/msg/detail/device_info__type_support.c
-- Up-to-date: /home/wheeltec/wheeltec_ros2/install/astra_camera_msgs/include/astra_camera_msgs/msg/rosidl_typesupport_introspection_c__visibility_control.h
-- Up-to-date: /home/wheeltec/wheeltec_ros2/install/astra_camera_msgs/include/astra_camera_msgs/srv
-- Up-to-date: /home/wheeltec/wheeltec_ros2/install/astra_camera_msgs/include/astra_camera_msgs/srv/detail
-- Installing: /home/wheeltec/wheeltec_ros2/install/astra_camera_msgs/include/astra_camera_msgs/srv/detail/get_camera_info__type_support.c
-- Installing: /home/wheeltec/wheeltec_ros2/install/astra_camera_msgs/include/astra_camera_msgs/srv/detail/get_string__rosidl_typesupport_introspection_c.h
-- Installing: /home/wheeltec/wheeltec_ros2/install/astra_camera_msgs/include/astra_camera_msgs/srv/detail/get_int32__rosidl_typesupport_introspection_c.h
-- Installing: /home/wheeltec/wheeltec_ros2/install/astra_camera_msgs/include/astra_camera_msgs/srv/detail/get_device_info__rosidl_typesupport_introspection_c.h
-- Installing: /home/wheeltec/wheeltec_ros2/install/astra_camera_msgs/include/astra_camera_msgs/srv/detail/get_camera_params__rosidl_typesupport_introspection_c.h
-- Installing: /home/wheeltec/wheeltec_ros2/install/astra_camera_msgs/include/astra_camera_msgs/srv/detail/set_int32__rosidl_typesupport_introspection_c.h
-- Installing: /home/wheeltec/wheeltec_ros2/install/astra_camera_msgs/include/astra_camera_msgs/srv/detail/set_int32__type_support.c
-- Installing: /home/wheeltec/wheeltec_ros2/install/astra_camera_msgs/include/astra_camera_msgs/srv/detail/get_int32__type_support.c
-- Installing: /home/wheeltec/wheeltec_ros2/install/astra_camera_msgs/include/astra_camera_msgs/srv/detail/get_camera_info__rosidl_typesupport_introspection_c.h
-- Installing: /home/wheeltec/wheeltec_ros2/install/astra_camera_msgs/include/astra_camera_msgs/srv/detail/get_camera_params__type_support.c
-- Installing: /home/wheeltec/wheeltec_ros2/install/astra_camera_msgs/include/astra_camera_msgs/srv/detail/get_device_info__type_support.c
-- Installing: /home/wheeltec/wheeltec_ros2/install/astra_camera_msgs/include/astra_camera_msgs/srv/detail/get_string__type_support.c
-- Installing: /home/wheeltec/wheeltec_ros2/install/astra_camera_msgs/lib/libastra_camera_msgs__rosidl_typesupport_introspection_c.so
-- Set runtime path of "/home/wheeltec/wheeltec_ros2/install/astra_camera_msgs/lib/libastra_camera_msgs__rosidl_typesupport_introspection_c.so" to ""
-- Installing: /home/wheeltec/wheeltec_ros2/install/astra_camera_msgs/lib/libastra_camera_msgs__rosidl_typesupport_c.so
-- Set runtime path of "/home/wheeltec/wheeltec_ros2/install/astra_camera_msgs/lib/libastra_camera_msgs__rosidl_typesupport_c.so" to ""
-- Up-to-date: /home/wheeltec/wheeltec_ros2/install/astra_camera_msgs/include/astra_camera_msgs
-- Up-to-date: /home/wheeltec/wheeltec_ros2/install/astra_camera_msgs/include/astra_camera_msgs/msg
-- Installing: /home/wheeltec/wheeltec_ros2/install/astra_camera_msgs/include/astra_camera_msgs/msg/device_info.hpp
-- Up-to-date: /home/wheeltec/wheeltec_ros2/install/astra_camera_msgs/include/astra_camera_msgs/msg/detail
-- Installing: /home/wheeltec/wheeltec_ros2/install/astra_camera_msgs/include/astra_camera_msgs/msg/detail/device_info__builder.hpp
-- Installing: /home/wheeltec/wheeltec_ros2/install/astra_camera_msgs/include/astra_camera_msgs/msg/detail/device_info__traits.hpp
-- Installing: /home/wheeltec/wheeltec_ros2/install/astra_camera_msgs/include/astra_camera_msgs/msg/detail/metadata__traits.hpp
-- Installing: /home/wheeltec/wheeltec_ros2/install/astra_camera_msgs/include/astra_camera_msgs/msg/detail/extrinsics__struct.hpp
-- Installing: /home/wheeltec/wheeltec_ros2/install/astra_camera_msgs/include/astra_camera_msgs/msg/detail/device_info__struct.hpp
-- Installing: /home/wheeltec/wheeltec_ros2/install/astra_camera_msgs/include/astra_camera_msgs/msg/detail/extrinsics__builder.hpp
-- Installing: /home/wheeltec/wheeltec_ros2/install/astra_camera_msgs/include/astra_camera_msgs/msg/detail/metadata__builder.hpp
-- Installing: /home/wheeltec/wheeltec_ros2/install/astra_camera_msgs/include/astra_camera_msgs/msg/detail/metadata__struct.hpp
-- Installing: /home/wheeltec/wheeltec_ros2/install/astra_camera_msgs/include/astra_camera_msgs/msg/detail/extrinsics__traits.hpp
-- Installing: /home/wheeltec/wheeltec_ros2/install/astra_camera_msgs/include/astra_camera_msgs/msg/extrinsics.hpp
-- Installing: /home/wheeltec/wheeltec_ros2/install/astra_camera_msgs/include/astra_camera_msgs/msg/metadata.hpp
-- Up-to-date: /home/wheeltec/wheeltec_ros2/install/astra_camera_msgs/include/astra_camera_msgs/srv
-- Installing: /home/wheeltec/wheeltec_ros2/install/astra_camera_msgs/include/astra_camera_msgs/srv/get_device_info.hpp
-- Up-to-date: /home/wheeltec/wheeltec_ros2/install/astra_camera_msgs/include/astra_camera_msgs/srv/detail
-- Installing: /home/wheeltec/wheeltec_ros2/install/astra_camera_msgs/include/astra_camera_msgs/srv/detail/get_device_info__traits.hpp
-- Installing: /home/wheeltec/wheeltec_ros2/install/astra_camera_msgs/include/astra_camera_msgs/srv/detail/set_int32__traits.hpp
-- Installing: /home/wheeltec/wheeltec_ros2/install/astra_camera_msgs/include/astra_camera_msgs/srv/detail/get_string__traits.hpp
-- Installing: /home/wheeltec/wheeltec_ros2/install/astra_camera_msgs/include/astra_camera_msgs/srv/detail/get_int32__traits.hpp
-- Installing: /home/wheeltec/wheeltec_ros2/install/astra_camera_msgs/include/astra_camera_msgs/srv/detail/get_camera_info__struct.hpp
-- Installing: /home/wheeltec/wheeltec_ros2/install/astra_camera_msgs/include/astra_camera_msgs/srv/detail/get_int32__builder.hpp
-- Installing: /home/wheeltec/wheeltec_ros2/install/astra_camera_msgs/include/astra_camera_msgs/srv/detail/get_camera_params__struct.hpp
-- Installing: /home/wheeltec/wheeltec_ros2/install/astra_camera_msgs/include/astra_camera_msgs/srv/detail/set_int32__struct.hpp
-- Installing: /home/wheeltec/wheeltec_ros2/install/astra_camera_msgs/include/astra_camera_msgs/srv/detail/get_camera_params__builder.hpp
-- Installing: /home/wheeltec/wheeltec_ros2/install/astra_camera_msgs/include/astra_camera_msgs/srv/detail/get_camera_info__traits.hpp
-- Installing: /home/wheeltec/wheeltec_ros2/install/astra_camera_msgs/include/astra_camera_msgs/srv/detail/get_string__builder.hpp
-- Installing: /home/wheeltec/wheeltec_ros2/install/astra_camera_msgs/include/astra_camera_msgs/srv/detail/set_int32__builder.hpp
-- Installing: /home/wheeltec/wheeltec_ros2/install/astra_camera_msgs/include/astra_camera_msgs/srv/detail/get_camera_info__builder.hpp
-- Installing: /home/wheeltec/wheeltec_ros2/install/astra_camera_msgs/include/astra_camera_msgs/srv/detail/get_device_info__struct.hpp
-- Installing: /home/wheeltec/wheeltec_ros2/install/astra_camera_msgs/include/astra_camera_msgs/srv/detail/get_int32__struct.hpp
-- Installing: /home/wheeltec/wheeltec_ros2/install/astra_camera_msgs/include/astra_camera_msgs/srv/detail/get_device_info__builder.hpp
-- Installing: /home/wheeltec/wheeltec_ros2/install/astra_camera_msgs/include/astra_camera_msgs/srv/detail/get_camera_params__traits.hpp
-- Installing: /home/wheeltec/wheeltec_ros2/install/astra_camera_msgs/include/astra_camera_msgs/srv/detail/get_string__struct.hpp
-- Installing: /home/wheeltec/wheeltec_ros2/install/astra_camera_msgs/include/astra_camera_msgs/srv/get_camera_params.hpp
-- Installing: /home/wheeltec/wheeltec_ros2/install/astra_camera_msgs/include/astra_camera_msgs/srv/set_int32.hpp
-- Installing: /home/wheeltec/wheeltec_ros2/install/astra_camera_msgs/include/astra_camera_msgs/srv/get_int32.hpp
-- Installing: /home/wheeltec/wheeltec_ros2/install/astra_camera_msgs/include/astra_camera_msgs/srv/get_camera_info.hpp
-- Installing: /home/wheeltec/wheeltec_ros2/install/astra_camera_msgs/include/astra_camera_msgs/srv/get_string.hpp
-- Up-to-date: /home/wheeltec/wheeltec_ros2/install/astra_camera_msgs/include/astra_camera_msgs
-- Up-to-date: /home/wheeltec/wheeltec_ros2/install/astra_camera_msgs/include/astra_camera_msgs/msg
-- Up-to-date: /home/wheeltec/wheeltec_ros2/install/astra_camera_msgs/include/astra_camera_msgs/msg/detail
-- Installing: /home/wheeltec/wheeltec_ros2/install/astra_camera_msgs/include/astra_camera_msgs/msg/detail/metadata__type_support.cpp
-- Installing: /home/wheeltec/wheeltec_ros2/install/astra_camera_msgs/include/astra_camera_msgs/msg/detail/extrinsics__rosidl_typesupport_introspection_cpp.hpp
-- Installing: /home/wheeltec/wheeltec_ros2/install/astra_camera_msgs/include/astra_camera_msgs/msg/detail/metadata__rosidl_typesupport_introspection_cpp.hpp
-- Installing: /home/wheeltec/wheeltec_ros2/install/astra_camera_msgs/include/astra_camera_msgs/msg/detail/device_info__type_support.cpp
-- Installing: /home/wheeltec/wheeltec_ros2/install/astra_camera_msgs/include/astra_camera_msgs/msg/detail/extrinsics__type_support.cpp
-- Installing: /home/wheeltec/wheeltec_ros2/install/astra_camera_msgs/include/astra_camera_msgs/msg/detail/device_info__rosidl_typesupport_introspection_cpp.hpp
-- Up-to-date: /home/wheeltec/wheeltec_ros2/install/astra_camera_msgs/include/astra_camera_msgs/srv
-- Up-to-date: /home/wheeltec/wheeltec_ros2/install/astra_camera_msgs/include/astra_camera_msgs/srv/detail
-- Installing: /home/wheeltec/wheeltec_ros2/install/astra_camera_msgs/include/astra_camera_msgs/srv/detail/get_device_info__rosidl_typesupport_introspection_cpp.hpp
-- Installing: /home/wheeltec/wheeltec_ros2/install/astra_camera_msgs/include/astra_camera_msgs/srv/detail/get_string__rosidl_typesupport_introspection_cpp.hpp
-- Installing: /home/wheeltec/wheeltec_ros2/install/astra_camera_msgs/include/astra_camera_msgs/srv/detail/get_camera_params__type_support.cpp
-- Installing: /home/wheeltec/wheeltec_ros2/install/astra_camera_msgs/include/astra_camera_msgs/srv/detail/set_int32__rosidl_typesupport_introspection_cpp.hpp
-- Installing: /home/wheeltec/wheeltec_ros2/install/astra_camera_msgs/include/astra_camera_msgs/srv/detail/get_string__type_support.cpp
-- Installing: /home/wheeltec/wheeltec_ros2/install/astra_camera_msgs/include/astra_camera_msgs/srv/detail/get_int32__rosidl_typesupport_introspection_cpp.hpp
-- Installing: /home/wheeltec/wheeltec_ros2/install/astra_camera_msgs/include/astra_camera_msgs/srv/detail/set_int32__type_support.cpp
-- Installing: /home/wheeltec/wheeltec_ros2/install/astra_camera_msgs/include/astra_camera_msgs/srv/detail/get_camera_info__type_support.cpp
-- Installing: /home/wheeltec/wheeltec_ros2/install/astra_camera_msgs/include/astra_camera_msgs/srv/detail/get_int32__type_support.cpp
-- Installing: /home/wheeltec/wheeltec_ros2/install/astra_camera_msgs/include/astra_camera_msgs/srv/detail/get_camera_info__rosidl_typesupport_introspection_cpp.hpp
-- Installing: /home/wheeltec/wheeltec_ros2/install/astra_camera_msgs/include/astra_camera_msgs/srv/detail/get_device_info__type_support.cpp
-- Installing: /home/wheeltec/wheeltec_ros2/install/astra_camera_msgs/include/astra_camera_msgs/srv/detail/get_camera_params__rosidl_typesupport_introspection_cpp.hpp
-- Installing: /home/wheeltec/wheeltec_ros2/install/astra_camera_msgs/lib/libastra_camera_msgs__rosidl_typesupport_introspection_cpp.so
-- Set runtime path of "/home/wheeltec/wheeltec_ros2/install/astra_camera_msgs/lib/libastra_camera_msgs__rosidl_typesupport_introspection_cpp.so" to ""
-- Installing: /home/wheeltec/wheeltec_ros2/install/astra_camera_msgs/lib/libastra_camera_msgs__rosidl_typesupport_cpp.so
-- Set runtime path of "/home/wheeltec/wheeltec_ros2/install/astra_camera_msgs/lib/libastra_camera_msgs__rosidl_typesupport_cpp.so" to ""
-- Up-to-date: /home/wheeltec/wheeltec_ros2/install/astra_camera_msgs/share/astra_camera_msgs/environment/pythonpath.sh
-- Installing: /home/wheeltec/wheeltec_ros2/install/astra_camera_msgs/share/astra_camera_msgs/environment/pythonpath.dsv
-- Installing: /home/wheeltec/wheeltec_ros2/install/astra_camera_msgs/lib/python3.8/site-packages/astra_camera_msgs/__init__.py
Compiling '/home/wheeltec/wheeltec_ros2/install/astra_camera_msgs/lib/python3.8/site-packages/astra_camera_msgs/__init__.py'...
-- Up-to-date: /home/wheeltec/wheeltec_ros2/install/astra_camera_msgs/lib/python3.8/site-packages/astra_camera_msgs/msg
-- Installing: /home/wheeltec/wheeltec_ros2/install/astra_camera_msgs/lib/python3.8/site-packages/astra_camera_msgs/msg/__init__.py
-- Installing: /home/wheeltec/wheeltec_ros2/install/astra_camera_msgs/lib/python3.8/site-packages/astra_camera_msgs/msg/_extrinsics.py
-- Installing: /home/wheeltec/wheeltec_ros2/install/astra_camera_msgs/lib/python3.8/site-packages/astra_camera_msgs/msg/_metadata_s.c
-- Installing: /home/wheeltec/wheeltec_ros2/install/astra_camera_msgs/lib/python3.8/site-packages/astra_camera_msgs/msg/_metadata.py
-- Installing: /home/wheeltec/wheeltec_ros2/install/astra_camera_msgs/lib/python3.8/site-packages/astra_camera_msgs/msg/_device_info.py
-- Installing: /home/wheeltec/wheeltec_ros2/install/astra_camera_msgs/lib/python3.8/site-packages/astra_camera_msgs/msg/_device_info_s.c
-- Installing: /home/wheeltec/wheeltec_ros2/install/astra_camera_msgs/lib/python3.8/site-packages/astra_camera_msgs/msg/_extrinsics_s.c
-- Up-to-date: /home/wheeltec/wheeltec_ros2/install/astra_camera_msgs/lib/python3.8/site-packages/astra_camera_msgs/srv
-- Installing: /home/wheeltec/wheeltec_ros2/install/astra_camera_msgs/lib/python3.8/site-packages/astra_camera_msgs/srv/_get_camera_params.py
-- Installing: /home/wheeltec/wheeltec_ros2/install/astra_camera_msgs/lib/python3.8/site-packages/astra_camera_msgs/srv/__init__.py
-- Installing: /home/wheeltec/wheeltec_ros2/install/astra_camera_msgs/lib/python3.8/site-packages/astra_camera_msgs/srv/_get_string.py
-- Installing: /home/wheeltec/wheeltec_ros2/install/astra_camera_msgs/lib/python3.8/site-packages/astra_camera_msgs/srv/_get_int32_s.c
-- Installing: /home/wheeltec/wheeltec_ros2/install/astra_camera_msgs/lib/python3.8/site-packages/astra_camera_msgs/srv/_get_camera_info_s.c
-- Installing: /home/wheeltec/wheeltec_ros2/install/astra_camera_msgs/lib/python3.8/site-packages/astra_camera_msgs/srv/_get_camera_info.py
-- Installing: /home/wheeltec/wheeltec_ros2/install/astra_camera_msgs/lib/python3.8/site-packages/astra_camera_msgs/srv/_get_int32.py
-- Installing: /home/wheeltec/wheeltec_ros2/install/astra_camera_msgs/lib/python3.8/site-packages/astra_camera_msgs/srv/_get_device_info.py
-- Installing: /home/wheeltec/wheeltec_ros2/install/astra_camera_msgs/lib/python3.8/site-packages/astra_camera_msgs/srv/_set_int32.py
-- Installing: /home/wheeltec/wheeltec_ros2/install/astra_camera_msgs/lib/python3.8/site-packages/astra_camera_msgs/srv/_get_camera_params_s.c
-- Installing: /home/wheeltec/wheeltec_ros2/install/astra_camera_msgs/lib/python3.8/site-packages/astra_camera_msgs/srv/_get_string_s.c
-- Installing: /home/wheeltec/wheeltec_ros2/install/astra_camera_msgs/lib/python3.8/site-packages/astra_camera_msgs/srv/_set_int32_s.c
-- Installing: /home/wheeltec/wheeltec_ros2/install/astra_camera_msgs/lib/python3.8/site-packages/astra_camera_msgs/srv/_get_device_info_s.c
-- Installing: /home/wheeltec/wheeltec_ros2/install/astra_camera_msgs/lib/python3.8/site-packages/astra_camera_msgs/astra_camera_msgs_s__rosidl_typesupport_fastrtps_c.cpython-38-aarch64-linux-gnu.so
-- Set runtime path of "/home/wheeltec/wheeltec_ros2/install/astra_camera_msgs/lib/python3.8/site-packages/astra_camera_msgs/astra_camera_msgs_s__rosidl_typesupport_fastrtps_c.cpython-38-aarch64-linux-gnu.so" to ""
-- Installing: /home/wheeltec/wheeltec_ros2/install/astra_camera_msgs/lib/python3.8/site-packages/astra_camera_msgs/astra_camera_msgs_s__rosidl_typesupport_introspection_c.cpython-38-aarch64-linux-gnu.so
-- Set runtime path of "/home/wheeltec/wheeltec_ros2/install/astra_camera_msgs/lib/python3.8/site-packages/astra_camera_msgs/astra_camera_msgs_s__rosidl_typesupport_introspection_c.cpython-38-aarch64-linux-gnu.so" to ""
-- Installing: /home/wheeltec/wheeltec_ros2/install/astra_camera_msgs/lib/python3.8/site-packages/astra_camera_msgs/astra_camera_msgs_s__rosidl_typesupport_c.cpython-38-aarch64-linux-gnu.so
-- Set runtime path of "/home/wheeltec/wheeltec_ros2/install/astra_camera_msgs/lib/python3.8/site-packages/astra_camera_msgs/astra_camera_msgs_s__rosidl_typesupport_c.cpython-38-aarch64-linux-gnu.so" to ""
-- Installing: /home/wheeltec/wheeltec_ros2/install/astra_camera_msgs/lib/libastra_camera_msgs__python.so
-- Set runtime path of "/home/wheeltec/wheeltec_ros2/install/astra_camera_msgs/lib/libastra_camera_msgs__python.so" to ""
-- Up-to-date: /home/wheeltec/wheeltec_ros2/install/astra_camera_msgs/share/astra_camera_msgs/msg/DeviceInfo.idl
-- Up-to-date: /home/wheeltec/wheeltec_ros2/install/astra_camera_msgs/share/astra_camera_msgs/msg/Extrinsics.idl
-- Up-to-date: /home/wheeltec/wheeltec_ros2/install/astra_camera_msgs/share/astra_camera_msgs/msg/Metadata.idl
-- Up-to-date: /home/wheeltec/wheeltec_ros2/install/astra_camera_msgs/share/astra_camera_msgs/srv/GetDeviceInfo.idl
-- Up-to-date: /home/wheeltec/wheeltec_ros2/install/astra_camera_msgs/share/astra_camera_msgs/srv/GetCameraInfo.idl
-- Up-to-date: /home/wheeltec/wheeltec_ros2/install/astra_camera_msgs/share/astra_camera_msgs/srv/GetCameraParams.idl
-- Up-to-date: /home/wheeltec/wheeltec_ros2/install/astra_camera_msgs/share/astra_camera_msgs/srv/GetInt32.idl
-- Up-to-date: /home/wheeltec/wheeltec_ros2/install/astra_camera_msgs/share/astra_camera_msgs/srv/GetString.idl
-- Up-to-date: /home/wheeltec/wheeltec_ros2/install/astra_camera_msgs/share/astra_camera_msgs/srv/SetInt32.idl
-- Up-to-date: /home/wheeltec/wheeltec_ros2/install/astra_camera_msgs/share/astra_camera_msgs/msg/DeviceInfo.msg
-- Up-to-date: /home/wheeltec/wheeltec_ros2/install/astra_camera_msgs/share/astra_camera_msgs/msg/Extrinsics.msg
-- Up-to-date: /home/wheeltec/wheeltec_ros2/install/astra_camera_msgs/share/astra_camera_msgs/msg/Metadata.msg
-- Up-to-date: /home/wheeltec/wheeltec_ros2/install/astra_camera_msgs/share/astra_camera_msgs/srv/GetDeviceInfo.srv
-- Up-to-date: /home/wheeltec/wheeltec_ros2/install/astra_camera_msgs/share/astra_camera_msgs/srv/GetDeviceInfo_Request.msg
-- Up-to-date: /home/wheeltec/wheeltec_ros2/install/astra_camera_msgs/share/astra_camera_msgs/srv/GetDeviceInfo_Response.msg
-- Up-to-date: /home/wheeltec/wheeltec_ros2/install/astra_camera_msgs/share/astra_camera_msgs/srv/GetCameraInfo.srv
-- Up-to-date: /home/wheeltec/wheeltec_ros2/install/astra_camera_msgs/share/astra_camera_msgs/srv/GetCameraInfo_Request.msg
-- Up-to-date: /home/wheeltec/wheeltec_ros2/install/astra_camera_msgs/share/astra_camera_msgs/srv/GetCameraInfo_Response.msg
-- Up-to-date: /home/wheeltec/wheeltec_ros2/install/astra_camera_msgs/share/astra_camera_msgs/srv/GetCameraParams.srv
-- Up-to-date: /home/wheeltec/wheeltec_ros2/install/astra_camera_msgs/share/astra_camera_msgs/srv/GetCameraParams_Request.msg
-- Up-to-date: /home/wheeltec/wheeltec_ros2/install/astra_camera_msgs/share/astra_camera_msgs/srv/GetCameraParams_Response.msg
-- Up-to-date: /home/wheeltec/wheeltec_ros2/install/astra_camera_msgs/share/astra_camera_msgs/srv/GetInt32.srv
-- Up-to-date: /home/wheeltec/wheeltec_ros2/install/astra_camera_msgs/share/astra_camera_msgs/srv/GetInt32_Request.msg
-- Up-to-date: /home/wheeltec/wheeltec_ros2/install/astra_camera_msgs/share/astra_camera_msgs/srv/GetInt32_Response.msg
-- Up-to-date: /home/wheeltec/wheeltec_ros2/install/astra_camera_msgs/share/astra_camera_msgs/srv/GetString.srv
-- Up-to-date: /home/wheeltec/wheeltec_ros2/install/astra_camera_msgs/share/astra_camera_msgs/srv/GetString_Request.msg
-- Up-to-date: /home/wheeltec/wheeltec_ros2/install/astra_camera_msgs/share/astra_camera_msgs/srv/GetString_Response.msg
-- Up-to-date: /home/wheeltec/wheeltec_ros2/install/astra_camera_msgs/share/astra_camera_msgs/srv/SetInt32.srv
-- Up-to-date: /home/wheeltec/wheeltec_ros2/install/astra_camera_msgs/share/astra_camera_msgs/srv/SetInt32_Request.msg
-- Up-to-date: /home/wheeltec/wheeltec_ros2/install/astra_camera_msgs/share/astra_camera_msgs/srv/SetInt32_Response.msg
-- Up-to-date: /home/wheeltec/wheeltec_ros2/install/astra_camera_msgs/share/ament_index/resource_index/package_run_dependencies/astra_camera_msgs
-- Installing: /home/wheeltec/wheeltec_ros2/install/astra_camera_msgs/share/ament_index/resource_index/parent_prefix_path/astra_camera_msgs
-- Installing: /home/wheeltec/wheeltec_ros2/install/astra_camera_msgs/share/astra_camera_msgs/environment/ament_prefix_path.sh
-- Installing: /home/wheeltec/wheeltec_ros2/install/astra_camera_msgs/share/astra_camera_msgs/environment/ament_prefix_path.dsv
-- Installing: /home/wheeltec/wheeltec_ros2/install/astra_camera_msgs/share/astra_camera_msgs/environment/path.sh
-- Installing: /home/wheeltec/wheeltec_ros2/install/astra_camera_msgs/share/astra_camera_msgs/environment/path.dsv
-- Up-to-date: /home/wheeltec/wheeltec_ros2/install/astra_camera_msgs/share/astra_camera_msgs/local_setup.bash
-- Up-to-date: /home/wheeltec/wheeltec_ros2/install/astra_camera_msgs/share/astra_camera_msgs/local_setup.sh
-- Up-to-date: /home/wheeltec/wheeltec_ros2/install/astra_camera_msgs/share/astra_camera_msgs/local_setup.zsh
-- Installing: /home/wheeltec/wheeltec_ros2/install/astra_camera_msgs/share/astra_camera_msgs/local_setup.dsv
-- Installing: /home/wheeltec/wheeltec_ros2/install/astra_camera_msgs/share/astra_camera_msgs/package.dsv
-- Up-to-date: /home/wheeltec/wheeltec_ros2/install/astra_camera_msgs/share/ament_index/resource_index/packages/astra_camera_msgs
-- Up-to-date: /home/wheeltec/wheeltec_ros2/install/astra_camera_msgs/share/astra_camera_msgs/cmake/astra_camera_msgs__rosidl_generator_cExport.cmake
-- Installing: /home/wheeltec/wheeltec_ros2/install/astra_camera_msgs/share/astra_camera_msgs/cmake/astra_camera_msgs__rosidl_generator_cExport-noconfig.cmake
-- Up-to-date: /home/wheeltec/wheeltec_ros2/install/astra_camera_msgs/share/astra_camera_msgs/cmake/astra_camera_msgs__rosidl_typesupport_introspection_cExport.cmake
-- Installing: /home/wheeltec/wheeltec_ros2/install/astra_camera_msgs/share/astra_camera_msgs/cmake/astra_camera_msgs__rosidl_typesupport_introspection_cExport-noconfig.cmake
-- Up-to-date: /home/wheeltec/wheeltec_ros2/install/astra_camera_msgs/share/astra_camera_msgs/cmake/astra_camera_msgs__rosidl_typesupport_cExport.cmake
-- Installing: /home/wheeltec/wheeltec_ros2/install/astra_camera_msgs/share/astra_camera_msgs/cmake/astra_camera_msgs__rosidl_typesupport_cExport-noconfig.cmake
-- Up-to-date: /home/wheeltec/wheeltec_ros2/install/astra_camera_msgs/share/astra_camera_msgs/cmake/astra_camera_msgs__rosidl_generator_cppExport.cmake
-- Up-to-date: /home/wheeltec/wheeltec_ros2/install/astra_camera_msgs/share/astra_camera_msgs/cmake/astra_camera_msgs__rosidl_typesupport_introspection_cppExport.cmake
-- Installing: /home/wheeltec/wheeltec_ros2/install/astra_camera_msgs/share/astra_camera_msgs/cmake/astra_camera_msgs__rosidl_typesupport_introspection_cppExport-noconfig.cmake
-- Up-to-date: /home/wheeltec/wheeltec_ros2/install/astra_camera_msgs/share/astra_camera_msgs/cmake/astra_camera_msgs__rosidl_typesupport_cppExport.cmake
-- Installing: /home/wheeltec/wheeltec_ros2/install/astra_camera_msgs/share/astra_camera_msgs/cmake/astra_camera_msgs__rosidl_typesupport_cppExport-noconfig.cmake
-- Up-to-date: /home/wheeltec/wheeltec_ros2/install/astra_camera_msgs/share/astra_camera_msgs/cmake/rosidl_cmake-extras.cmake
-- Up-to-date: /home/wheeltec/wheeltec_ros2/install/astra_camera_msgs/share/astra_camera_msgs/cmake/ament_cmake_export_dependencies-extras.cmake
-- Up-to-date: /home/wheeltec/wheeltec_ros2/install/astra_camera_msgs/share/astra_camera_msgs/cmake/ament_cmake_export_libraries-extras.cmake
-- Installing: /home/wheeltec/wheeltec_ros2/install/astra_camera_msgs/share/astra_camera_msgs/cmake/ament_cmake_export_targets-extras.cmake
-- Up-to-date: /home/wheeltec/wheeltec_ros2/install/astra_camera_msgs/share/astra_camera_msgs/cmake/ament_cmake_export_include_directories-extras.cmake
-- Up-to-date: /home/wheeltec/wheeltec_ros2/install/astra_camera_msgs/share/astra_camera_msgs/cmake/rosidl_cmake_export_typesupport_libraries-extras.cmake
-- Up-to-date: /home/wheeltec/wheeltec_ros2/install/astra_camera_msgs/share/astra_camera_msgs/cmake/rosidl_cmake_export_typesupport_targets-extras.cmake
-- Up-to-date: /home/wheeltec/wheeltec_ros2/install/astra_camera_msgs/share/astra_camera_msgs/cmake/astra_camera_msgsConfig.cmake
-- Up-to-date: /home/wheeltec/wheeltec_ros2/install/astra_camera_msgs/share/astra_camera_msgs/cmake/astra_camera_msgsConfig-version.cmake
-- Up-to-date: /home/wheeltec/wheeltec_ros2/install/astra_camera_msgs/share/astra_camera_msgs/package.xml
