[0.098s] Invoking command in '/home/wheeltec/wheeltec_ros2/build/astra_camera_msgs': CMAKE_PREFIX_PATH=${CMAKE_PREFIX_PATH}:/home/wheeltec/wheeltec_ros2/install/simple_follower_ros2:/home/wheeltec/wheeltec_ros2/install/wheeltec_robot_keyboard:/home/wheeltec/wheeltec_ros2/install/tf2_tools:/home/wheeltec/wheeltec_ros2/install/nav2_simple_commander:/home/wheeltec/wheeltec_ros2/install/nav2_gazebo_spawner:/opt/ros/galactic /usr/bin/cmake --build /home/wheeltec/wheeltec_ros2/build/astra_camera_msgs -- -j4 -l4
[0.553s] [  1%] Built target astra_camera_msgs__cpp
[0.634s] [ 12%] Built target astra_camera_msgs__rosidl_generator_c
[0.790s] [ 24%] Built target astra_camera_msgs__rosidl_typesupport_cpp
[0.803s] [ 35%] Built target astra_camera_msgs__rosidl_typesupport_introspection_cpp
[0.863s] [ 47%] Built target astra_camera_msgs__rosidl_typesupport_fastrtps_cpp
[0.877s] [ 58%] Built target astra_camera_msgs__rosidl_typesupport_introspection_c
[1.036s] [ 70%] Built target astra_camera_msgs__rosidl_typesupport_c
[1.085s] [ 82%] Built target astra_camera_msgs__rosidl_typesupport_fastrtps_c
[1.241s] [ 82%] Built target astra_camera_msgs
[1.378s] [ 83%] Built target astra_camera_msgs__py
[1.559s] [ 93%] Built target astra_camera_msgs__python
[1.772s] [ 95%] Built target astra_camera_msgs__rosidl_typesupport_c__pyext
[1.776s] [ 97%] Built target astra_camera_msgs__rosidl_typesupport_introspection_c__pyext
[1.818s] [100%] Built target astra_camera_msgs__rosidl_typesupport_fastrtps_c__pyext
[1.890s] Invoked command in '/home/wheeltec/wheeltec_ros2/build/astra_camera_msgs' returned '0': CMAKE_PREFIX_PATH=${CMAKE_PREFIX_PATH}:/home/wheeltec/wheeltec_ros2/install/simple_follower_ros2:/home/wheeltec/wheeltec_ros2/install/wheeltec_robot_keyboard:/home/wheeltec/wheeltec_ros2/install/tf2_tools:/home/wheeltec/wheeltec_ros2/install/nav2_simple_commander:/home/wheeltec/wheeltec_ros2/install/nav2_gazebo_spawner:/opt/ros/galactic /usr/bin/cmake --build /home/wheeltec/wheeltec_ros2/build/astra_camera_msgs -- -j4 -l4
[3.696s] Invoking command in '/home/wheeltec/wheeltec_ros2/build/astra_camera_msgs': CMAKE_PREFIX_PATH=${CMAKE_PREFIX_PATH}:/home/wheeltec/wheeltec_ros2/install/simple_follower_ros2:/home/wheeltec/wheeltec_ros2/install/wheeltec_robot_keyboard:/home/wheeltec/wheeltec_ros2/install/tf2_tools:/home/wheeltec/wheeltec_ros2/install/nav2_simple_commander:/home/wheeltec/wheeltec_ros2/install/nav2_gazebo_spawner:/opt/ros/galactic /usr/bin/cmake --install /home/wheeltec/wheeltec_ros2/build/astra_camera_msgs
[3.756s] -- Install configuration: ""
[3.759s] -- Up-to-date: /home/wheeltec/wheeltec_ros2/install/astra_camera_msgs/share/ament_index/resource_index/rosidl_interfaces/astra_camera_msgs
[3.760s] -- Up-to-date: /home/wheeltec/wheeltec_ros2/install/astra_camera_msgs/include/astra_camera_msgs
[3.761s] -- Up-to-date: /home/wheeltec/wheeltec_ros2/install/astra_camera_msgs/include/astra_camera_msgs/msg
[3.762s] -- Up-to-date: /home/wheeltec/wheeltec_ros2/install/astra_camera_msgs/include/astra_camera_msgs/msg/detail
[3.764s] -- Installing: /home/wheeltec/wheeltec_ros2/install/astra_camera_msgs/include/astra_camera_msgs/msg/detail/device_info__functions.c
[3.764s] -- Installing: /home/wheeltec/wheeltec_ros2/install/astra_camera_msgs/include/astra_camera_msgs/msg/detail/extrinsics__type_support.h
[3.765s] -- Installing: /home/wheeltec/wheeltec_ros2/install/astra_camera_msgs/include/astra_camera_msgs/msg/detail/device_info__struct.h
[3.765s] -- Installing: /home/wheeltec/wheeltec_ros2/install/astra_camera_msgs/include/astra_camera_msgs/msg/detail/metadata__functions.c
[3.766s] -- Installing: /home/wheeltec/wheeltec_ros2/install/astra_camera_msgs/include/astra_camera_msgs/msg/detail/device_info__type_support.h
[3.766s] -- Installing: /home/wheeltec/wheeltec_ros2/install/astra_camera_msgs/include/astra_camera_msgs/msg/detail/metadata__struct.h
[3.767s] -- Installing: /home/wheeltec/wheeltec_ros2/install/astra_camera_msgs/include/astra_camera_msgs/msg/detail/extrinsics__functions.h
[3.771s] -- Installing: /home/wheeltec/wheeltec_ros2/install/astra_camera_msgs/include/astra_camera_msgs/msg/detail/extrinsics__struct.h
[3.772s] -- Installing: /home/wheeltec/wheeltec_ros2/install/astra_camera_msgs/include/astra_camera_msgs/msg/detail/metadata__functions.h
[3.773s] -- Installing: /home/wheeltec/wheeltec_ros2/install/astra_camera_msgs/include/astra_camera_msgs/msg/detail/metadata__type_support.h
[3.775s] -- Installing: /home/wheeltec/wheeltec_ros2/install/astra_camera_msgs/include/astra_camera_msgs/msg/detail/device_info__functions.h
[3.776s] -- Installing: /home/wheeltec/wheeltec_ros2/install/astra_camera_msgs/include/astra_camera_msgs/msg/detail/extrinsics__functions.c
[3.777s] -- Installing: /home/wheeltec/wheeltec_ros2/install/astra_camera_msgs/include/astra_camera_msgs/msg/extrinsics.h
[3.778s] -- Up-to-date: /home/wheeltec/wheeltec_ros2/install/astra_camera_msgs/include/astra_camera_msgs/msg/rosidl_generator_c__visibility_control.h
[3.779s] -- Installing: /home/wheeltec/wheeltec_ros2/install/astra_camera_msgs/include/astra_camera_msgs/msg/metadata.h
[3.779s] -- Installing: /home/wheeltec/wheeltec_ros2/install/astra_camera_msgs/include/astra_camera_msgs/msg/device_info.h
[3.780s] -- Up-to-date: /home/wheeltec/wheeltec_ros2/install/astra_camera_msgs/include/astra_camera_msgs/srv
[3.780s] -- Installing: /home/wheeltec/wheeltec_ros2/install/astra_camera_msgs/include/astra_camera_msgs/srv/get_string.h
[3.780s] -- Up-to-date: /home/wheeltec/wheeltec_ros2/install/astra_camera_msgs/include/astra_camera_msgs/srv/detail
[3.781s] -- Installing: /home/wheeltec/wheeltec_ros2/install/astra_camera_msgs/include/astra_camera_msgs/srv/detail/set_int32__functions.c
[3.781s] -- Installing: /home/wheeltec/wheeltec_ros2/install/astra_camera_msgs/include/astra_camera_msgs/srv/detail/set_int32__functions.h
[3.782s] -- Installing: /home/wheeltec/wheeltec_ros2/install/astra_camera_msgs/include/astra_camera_msgs/srv/detail/get_int32__functions.h
[3.782s] -- Installing: /home/wheeltec/wheeltec_ros2/install/astra_camera_msgs/include/astra_camera_msgs/srv/detail/get_device_info__functions.c
[3.783s] -- Installing: /home/wheeltec/wheeltec_ros2/install/astra_camera_msgs/include/astra_camera_msgs/srv/detail/get_int32__functions.c
[3.784s] -- Installing: /home/wheeltec/wheeltec_ros2/install/astra_camera_msgs/include/astra_camera_msgs/srv/detail/get_device_info__functions.h
[3.784s] -- Installing: /home/wheeltec/wheeltec_ros2/install/astra_camera_msgs/include/astra_camera_msgs/srv/detail/get_camera_info__struct.h
[3.785s] -- Installing: /home/wheeltec/wheeltec_ros2/install/astra_camera_msgs/include/astra_camera_msgs/srv/detail/get_string__struct.h
[3.785s] -- Installing: /home/wheeltec/wheeltec_ros2/install/astra_camera_msgs/include/astra_camera_msgs/srv/detail/get_camera_info__functions.h
[3.790s] -- Installing: /home/wheeltec/wheeltec_ros2/install/astra_camera_msgs/include/astra_camera_msgs/srv/detail/get_int32__type_support.h
[3.791s] -- Installing: /home/wheeltec/wheeltec_ros2/install/astra_camera_msgs/include/astra_camera_msgs/srv/detail/get_device_info__type_support.h
[3.791s] -- Installing: /home/wheeltec/wheeltec_ros2/install/astra_camera_msgs/include/astra_camera_msgs/srv/detail/get_string__functions.c
[3.791s] -- Installing: /home/wheeltec/wheeltec_ros2/install/astra_camera_msgs/include/astra_camera_msgs/srv/detail/get_device_info__struct.h
[3.792s] -- Installing: /home/wheeltec/wheeltec_ros2/install/astra_camera_msgs/include/astra_camera_msgs/srv/detail/get_string__type_support.h
[3.792s] -- Installing: /home/wheeltec/wheeltec_ros2/install/astra_camera_msgs/include/astra_camera_msgs/srv/detail/get_camera_params__struct.h
[3.793s] -- Installing: /home/wheeltec/wheeltec_ros2/install/astra_camera_msgs/include/astra_camera_msgs/srv/detail/set_int32__type_support.h
[3.793s] -- Installing: /home/wheeltec/wheeltec_ros2/install/astra_camera_msgs/include/astra_camera_msgs/srv/detail/get_string__functions.h
[3.794s] -- Installing: /home/wheeltec/wheeltec_ros2/install/astra_camera_msgs/include/astra_camera_msgs/srv/detail/get_camera_params__functions.h
[3.795s] -- Installing: /home/wheeltec/wheeltec_ros2/install/astra_camera_msgs/include/astra_camera_msgs/srv/detail/get_camera_params__type_support.h
[3.795s] -- Installing: /home/wheeltec/wheeltec_ros2/install/astra_camera_msgs/include/astra_camera_msgs/srv/detail/get_int32__struct.h
[3.795s] -- Installing: /home/wheeltec/wheeltec_ros2/install/astra_camera_msgs/include/astra_camera_msgs/srv/detail/get_camera_params__functions.c
[3.796s] -- Installing: /home/wheeltec/wheeltec_ros2/install/astra_camera_msgs/include/astra_camera_msgs/srv/detail/get_camera_info__type_support.h
[3.796s] -- Installing: /home/wheeltec/wheeltec_ros2/install/astra_camera_msgs/include/astra_camera_msgs/srv/detail/set_int32__struct.h
[3.796s] -- Installing: /home/wheeltec/wheeltec_ros2/install/astra_camera_msgs/include/astra_camera_msgs/srv/detail/get_camera_info__functions.c
[3.797s] -- Installing: /home/wheeltec/wheeltec_ros2/install/astra_camera_msgs/include/astra_camera_msgs/srv/set_int32.h
[3.798s] -- Installing: /home/wheeltec/wheeltec_ros2/install/astra_camera_msgs/include/astra_camera_msgs/srv/get_int32.h
[3.799s] -- Installing: /home/wheeltec/wheeltec_ros2/install/astra_camera_msgs/include/astra_camera_msgs/srv/get_camera_params.h
[3.799s] -- Installing: /home/wheeltec/wheeltec_ros2/install/astra_camera_msgs/include/astra_camera_msgs/srv/get_camera_info.h
[3.800s] -- Installing: /home/wheeltec/wheeltec_ros2/install/astra_camera_msgs/include/astra_camera_msgs/srv/get_device_info.h
[3.800s] -- Up-to-date: /home/wheeltec/wheeltec_ros2/install/astra_camera_msgs/share/astra_camera_msgs/environment/library_path.sh
[3.800s] -- Installing: /home/wheeltec/wheeltec_ros2/install/astra_camera_msgs/share/astra_camera_msgs/environment/library_path.dsv
[3.804s] -- Installing: /home/wheeltec/wheeltec_ros2/install/astra_camera_msgs/lib/libastra_camera_msgs__rosidl_generator_c.so
[3.806s] -- Set runtime path of "/home/wheeltec/wheeltec_ros2/install/astra_camera_msgs/lib/libastra_camera_msgs__rosidl_generator_c.so" to ""
[3.807s] -- Up-to-date: /home/wheeltec/wheeltec_ros2/install/astra_camera_msgs/include/astra_camera_msgs
[3.807s] -- Up-to-date: /home/wheeltec/wheeltec_ros2/install/astra_camera_msgs/include/astra_camera_msgs/msg
[3.809s] -- Up-to-date: /home/wheeltec/wheeltec_ros2/install/astra_camera_msgs/include/astra_camera_msgs/msg/detail
[3.809s] -- Installing: /home/wheeltec/wheeltec_ros2/install/astra_camera_msgs/include/astra_camera_msgs/msg/detail/metadata__rosidl_typesupport_fastrtps_c.h
[3.810s] -- Installing: /home/wheeltec/wheeltec_ros2/install/astra_camera_msgs/include/astra_camera_msgs/msg/detail/extrinsics__rosidl_typesupport_fastrtps_c.h
[3.810s] -- Installing: /home/wheeltec/wheeltec_ros2/install/astra_camera_msgs/include/astra_camera_msgs/msg/detail/device_info__rosidl_typesupport_fastrtps_c.h
[3.811s] -- Up-to-date: /home/wheeltec/wheeltec_ros2/install/astra_camera_msgs/include/astra_camera_msgs/msg/rosidl_typesupport_fastrtps_c__visibility_control.h
[3.812s] -- Up-to-date: /home/wheeltec/wheeltec_ros2/install/astra_camera_msgs/include/astra_camera_msgs/srv
[3.812s] -- Up-to-date: /home/wheeltec/wheeltec_ros2/install/astra_camera_msgs/include/astra_camera_msgs/srv/detail
[3.813s] -- Installing: /home/wheeltec/wheeltec_ros2/install/astra_camera_msgs/include/astra_camera_msgs/srv/detail/get_device_info__rosidl_typesupport_fastrtps_c.h
[3.813s] -- Installing: /home/wheeltec/wheeltec_ros2/install/astra_camera_msgs/include/astra_camera_msgs/srv/detail/get_int32__rosidl_typesupport_fastrtps_c.h
[3.813s] -- Installing: /home/wheeltec/wheeltec_ros2/install/astra_camera_msgs/include/astra_camera_msgs/srv/detail/get_string__rosidl_typesupport_fastrtps_c.h
[3.814s] -- Installing: /home/wheeltec/wheeltec_ros2/install/astra_camera_msgs/include/astra_camera_msgs/srv/detail/set_int32__rosidl_typesupport_fastrtps_c.h
[3.814s] -- Installing: /home/wheeltec/wheeltec_ros2/install/astra_camera_msgs/include/astra_camera_msgs/srv/detail/get_camera_params__rosidl_typesupport_fastrtps_c.h
[3.816s] -- Installing: /home/wheeltec/wheeltec_ros2/install/astra_camera_msgs/include/astra_camera_msgs/srv/detail/get_camera_info__rosidl_typesupport_fastrtps_c.h
[3.816s] -- Installing: /home/wheeltec/wheeltec_ros2/install/astra_camera_msgs/lib/libastra_camera_msgs__rosidl_typesupport_fastrtps_c.so
[3.818s] -- Set runtime path of "/home/wheeltec/wheeltec_ros2/install/astra_camera_msgs/lib/libastra_camera_msgs__rosidl_typesupport_fastrtps_c.so" to ""
[3.819s] -- Up-to-date: /home/wheeltec/wheeltec_ros2/install/astra_camera_msgs/include/astra_camera_msgs
[3.819s] -- Up-to-date: /home/wheeltec/wheeltec_ros2/install/astra_camera_msgs/include/astra_camera_msgs/msg
[3.819s] -- Up-to-date: /home/wheeltec/wheeltec_ros2/install/astra_camera_msgs/include/astra_camera_msgs/msg/rosidl_typesupport_fastrtps_cpp__visibility_control.h
[3.820s] -- Up-to-date: /home/wheeltec/wheeltec_ros2/install/astra_camera_msgs/include/astra_camera_msgs/msg/detail
[3.821s] -- Installing: /home/wheeltec/wheeltec_ros2/install/astra_camera_msgs/include/astra_camera_msgs/msg/detail/metadata__rosidl_typesupport_fastrtps_cpp.hpp
[3.821s] -- Up-to-date: /home/wheeltec/wheeltec_ros2/install/astra_camera_msgs/include/astra_camera_msgs/msg/detail/dds_fastrtps
[3.822s] -- Installing: /home/wheeltec/wheeltec_ros2/install/astra_camera_msgs/include/astra_camera_msgs/msg/detail/extrinsics__rosidl_typesupport_fastrtps_cpp.hpp
[3.823s] -- Installing: /home/wheeltec/wheeltec_ros2/install/astra_camera_msgs/include/astra_camera_msgs/msg/detail/device_info__rosidl_typesupport_fastrtps_cpp.hpp
[3.823s] -- Up-to-date: /home/wheeltec/wheeltec_ros2/install/astra_camera_msgs/include/astra_camera_msgs/srv
[3.823s] -- Up-to-date: /home/wheeltec/wheeltec_ros2/install/astra_camera_msgs/include/astra_camera_msgs/srv/detail
[3.824s] -- Installing: /home/wheeltec/wheeltec_ros2/install/astra_camera_msgs/include/astra_camera_msgs/srv/detail/get_camera_info__rosidl_typesupport_fastrtps_cpp.hpp
[3.825s] -- Installing: /home/wheeltec/wheeltec_ros2/install/astra_camera_msgs/include/astra_camera_msgs/srv/detail/get_camera_params__rosidl_typesupport_fastrtps_cpp.hpp
[3.825s] -- Up-to-date: /home/wheeltec/wheeltec_ros2/install/astra_camera_msgs/include/astra_camera_msgs/srv/detail/dds_fastrtps
[3.825s] -- Installing: /home/wheeltec/wheeltec_ros2/install/astra_camera_msgs/include/astra_camera_msgs/srv/detail/get_string__rosidl_typesupport_fastrtps_cpp.hpp
[3.826s] -- Installing: /home/wheeltec/wheeltec_ros2/install/astra_camera_msgs/include/astra_camera_msgs/srv/detail/get_device_info__rosidl_typesupport_fastrtps_cpp.hpp
[3.826s] -- Installing: /home/wheeltec/wheeltec_ros2/install/astra_camera_msgs/include/astra_camera_msgs/srv/detail/set_int32__rosidl_typesupport_fastrtps_cpp.hpp
[3.827s] -- Installing: /home/wheeltec/wheeltec_ros2/install/astra_camera_msgs/include/astra_camera_msgs/srv/detail/get_int32__rosidl_typesupport_fastrtps_cpp.hpp
[3.828s] -- Installing: /home/wheeltec/wheeltec_ros2/install/astra_camera_msgs/lib/libastra_camera_msgs__rosidl_typesupport_fastrtps_cpp.so
[3.830s] -- Set runtime path of "/home/wheeltec/wheeltec_ros2/install/astra_camera_msgs/lib/libastra_camera_msgs__rosidl_typesupport_fastrtps_cpp.so" to ""
[3.830s] -- Up-to-date: /home/wheeltec/wheeltec_ros2/install/astra_camera_msgs/include/astra_camera_msgs
[3.831s] -- Up-to-date: /home/wheeltec/wheeltec_ros2/install/astra_camera_msgs/include/astra_camera_msgs/msg
[3.831s] -- Up-to-date: /home/wheeltec/wheeltec_ros2/install/astra_camera_msgs/include/astra_camera_msgs/msg/detail
[3.831s] -- Installing: /home/wheeltec/wheeltec_ros2/install/astra_camera_msgs/include/astra_camera_msgs/msg/detail/metadata__type_support.c
[3.832s] -- Installing: /home/wheeltec/wheeltec_ros2/install/astra_camera_msgs/include/astra_camera_msgs/msg/detail/metadata__rosidl_typesupport_introspection_c.h
[3.833s] -- Installing: /home/wheeltec/wheeltec_ros2/install/astra_camera_msgs/include/astra_camera_msgs/msg/detail/device_info__rosidl_typesupport_introspection_c.h
[3.833s] -- Installing: /home/wheeltec/wheeltec_ros2/install/astra_camera_msgs/include/astra_camera_msgs/msg/detail/extrinsics__type_support.c
[3.834s] -- Installing: /home/wheeltec/wheeltec_ros2/install/astra_camera_msgs/include/astra_camera_msgs/msg/detail/extrinsics__rosidl_typesupport_introspection_c.h
[3.834s] -- Installing: /home/wheeltec/wheeltec_ros2/install/astra_camera_msgs/include/astra_camera_msgs/msg/detail/device_info__type_support.c
[3.835s] -- Up-to-date: /home/wheeltec/wheeltec_ros2/install/astra_camera_msgs/include/astra_camera_msgs/msg/rosidl_typesupport_introspection_c__visibility_control.h
[3.835s] -- Up-to-date: /home/wheeltec/wheeltec_ros2/install/astra_camera_msgs/include/astra_camera_msgs/srv
[3.835s] -- Up-to-date: /home/wheeltec/wheeltec_ros2/install/astra_camera_msgs/include/astra_camera_msgs/srv/detail
[3.836s] -- Installing: /home/wheeltec/wheeltec_ros2/install/astra_camera_msgs/include/astra_camera_msgs/srv/detail/get_camera_info__type_support.c
[3.836s] -- Installing: /home/wheeltec/wheeltec_ros2/install/astra_camera_msgs/include/astra_camera_msgs/srv/detail/get_string__rosidl_typesupport_introspection_c.h
[3.837s] -- Installing: /home/wheeltec/wheeltec_ros2/install/astra_camera_msgs/include/astra_camera_msgs/srv/detail/get_int32__rosidl_typesupport_introspection_c.h
[3.838s] -- Installing: /home/wheeltec/wheeltec_ros2/install/astra_camera_msgs/include/astra_camera_msgs/srv/detail/get_device_info__rosidl_typesupport_introspection_c.h
[3.838s] -- Installing: /home/wheeltec/wheeltec_ros2/install/astra_camera_msgs/include/astra_camera_msgs/srv/detail/get_camera_params__rosidl_typesupport_introspection_c.h
[3.839s] -- Installing: /home/wheeltec/wheeltec_ros2/install/astra_camera_msgs/include/astra_camera_msgs/srv/detail/set_int32__rosidl_typesupport_introspection_c.h
[3.840s] -- Installing: /home/wheeltec/wheeltec_ros2/install/astra_camera_msgs/include/astra_camera_msgs/srv/detail/set_int32__type_support.c
[3.840s] -- Installing: /home/wheeltec/wheeltec_ros2/install/astra_camera_msgs/include/astra_camera_msgs/srv/detail/get_int32__type_support.c
[3.840s] -- Installing: /home/wheeltec/wheeltec_ros2/install/astra_camera_msgs/include/astra_camera_msgs/srv/detail/get_camera_info__rosidl_typesupport_introspection_c.h
[3.841s] -- Installing: /home/wheeltec/wheeltec_ros2/install/astra_camera_msgs/include/astra_camera_msgs/srv/detail/get_camera_params__type_support.c
[3.841s] -- Installing: /home/wheeltec/wheeltec_ros2/install/astra_camera_msgs/include/astra_camera_msgs/srv/detail/get_device_info__type_support.c
[3.842s] -- Installing: /home/wheeltec/wheeltec_ros2/install/astra_camera_msgs/include/astra_camera_msgs/srv/detail/get_string__type_support.c
[3.845s] -- Installing: /home/wheeltec/wheeltec_ros2/install/astra_camera_msgs/lib/libastra_camera_msgs__rosidl_typesupport_introspection_c.so
[3.847s] -- Set runtime path of "/home/wheeltec/wheeltec_ros2/install/astra_camera_msgs/lib/libastra_camera_msgs__rosidl_typesupport_introspection_c.so" to ""
[3.849s] -- Installing: /home/wheeltec/wheeltec_ros2/install/astra_camera_msgs/lib/libastra_camera_msgs__rosidl_typesupport_c.so
[3.850s] -- Set runtime path of "/home/wheeltec/wheeltec_ros2/install/astra_camera_msgs/lib/libastra_camera_msgs__rosidl_typesupport_c.so" to ""
[3.851s] -- Up-to-date: /home/wheeltec/wheeltec_ros2/install/astra_camera_msgs/include/astra_camera_msgs
[3.851s] -- Up-to-date: /home/wheeltec/wheeltec_ros2/install/astra_camera_msgs/include/astra_camera_msgs/msg
[3.852s] -- Installing: /home/wheeltec/wheeltec_ros2/install/astra_camera_msgs/include/astra_camera_msgs/msg/device_info.hpp
[3.852s] -- Up-to-date: /home/wheeltec/wheeltec_ros2/install/astra_camera_msgs/include/astra_camera_msgs/msg/detail
[3.853s] -- Installing: /home/wheeltec/wheeltec_ros2/install/astra_camera_msgs/include/astra_camera_msgs/msg/detail/device_info__builder.hpp
[3.853s] -- Installing: /home/wheeltec/wheeltec_ros2/install/astra_camera_msgs/include/astra_camera_msgs/msg/detail/device_info__traits.hpp
[3.853s] -- Installing: /home/wheeltec/wheeltec_ros2/install/astra_camera_msgs/include/astra_camera_msgs/msg/detail/metadata__traits.hpp
[3.854s] -- Installing: /home/wheeltec/wheeltec_ros2/install/astra_camera_msgs/include/astra_camera_msgs/msg/detail/extrinsics__struct.hpp
[3.854s] -- Installing: /home/wheeltec/wheeltec_ros2/install/astra_camera_msgs/include/astra_camera_msgs/msg/detail/device_info__struct.hpp
[3.855s] -- Installing: /home/wheeltec/wheeltec_ros2/install/astra_camera_msgs/include/astra_camera_msgs/msg/detail/extrinsics__builder.hpp
[3.855s] -- Installing: /home/wheeltec/wheeltec_ros2/install/astra_camera_msgs/include/astra_camera_msgs/msg/detail/metadata__builder.hpp
[3.857s] -- Installing: /home/wheeltec/wheeltec_ros2/install/astra_camera_msgs/include/astra_camera_msgs/msg/detail/metadata__struct.hpp
[3.857s] -- Installing: /home/wheeltec/wheeltec_ros2/install/astra_camera_msgs/include/astra_camera_msgs/msg/detail/extrinsics__traits.hpp
[3.857s] -- Installing: /home/wheeltec/wheeltec_ros2/install/astra_camera_msgs/include/astra_camera_msgs/msg/extrinsics.hpp
[3.858s] -- Installing: /home/wheeltec/wheeltec_ros2/install/astra_camera_msgs/include/astra_camera_msgs/msg/metadata.hpp
[3.859s] -- Up-to-date: /home/wheeltec/wheeltec_ros2/install/astra_camera_msgs/include/astra_camera_msgs/srv
[3.859s] -- Installing: /home/wheeltec/wheeltec_ros2/install/astra_camera_msgs/include/astra_camera_msgs/srv/get_device_info.hpp
[3.860s] -- Up-to-date: /home/wheeltec/wheeltec_ros2/install/astra_camera_msgs/include/astra_camera_msgs/srv/detail
[3.860s] -- Installing: /home/wheeltec/wheeltec_ros2/install/astra_camera_msgs/include/astra_camera_msgs/srv/detail/get_device_info__traits.hpp
[3.860s] -- Installing: /home/wheeltec/wheeltec_ros2/install/astra_camera_msgs/include/astra_camera_msgs/srv/detail/set_int32__traits.hpp
[3.861s] -- Installing: /home/wheeltec/wheeltec_ros2/install/astra_camera_msgs/include/astra_camera_msgs/srv/detail/get_string__traits.hpp
[3.861s] -- Installing: /home/wheeltec/wheeltec_ros2/install/astra_camera_msgs/include/astra_camera_msgs/srv/detail/get_int32__traits.hpp
[3.862s] -- Installing: /home/wheeltec/wheeltec_ros2/install/astra_camera_msgs/include/astra_camera_msgs/srv/detail/get_camera_info__struct.hpp
[3.863s] -- Installing: /home/wheeltec/wheeltec_ros2/install/astra_camera_msgs/include/astra_camera_msgs/srv/detail/get_int32__builder.hpp
[3.864s] -- Installing: /home/wheeltec/wheeltec_ros2/install/astra_camera_msgs/include/astra_camera_msgs/srv/detail/get_camera_params__struct.hpp
[3.864s] -- Installing: /home/wheeltec/wheeltec_ros2/install/astra_camera_msgs/include/astra_camera_msgs/srv/detail/set_int32__struct.hpp
[3.865s] -- Installing: /home/wheeltec/wheeltec_ros2/install/astra_camera_msgs/include/astra_camera_msgs/srv/detail/get_camera_params__builder.hpp
[3.866s] -- Installing: /home/wheeltec/wheeltec_ros2/install/astra_camera_msgs/include/astra_camera_msgs/srv/detail/get_camera_info__traits.hpp
[3.866s] -- Installing: /home/wheeltec/wheeltec_ros2/install/astra_camera_msgs/include/astra_camera_msgs/srv/detail/get_string__builder.hpp
[3.867s] -- Installing: /home/wheeltec/wheeltec_ros2/install/astra_camera_msgs/include/astra_camera_msgs/srv/detail/set_int32__builder.hpp
[3.867s] -- Installing: /home/wheeltec/wheeltec_ros2/install/astra_camera_msgs/include/astra_camera_msgs/srv/detail/get_camera_info__builder.hpp
[3.868s] -- Installing: /home/wheeltec/wheeltec_ros2/install/astra_camera_msgs/include/astra_camera_msgs/srv/detail/get_device_info__struct.hpp
[3.868s] -- Installing: /home/wheeltec/wheeltec_ros2/install/astra_camera_msgs/include/astra_camera_msgs/srv/detail/get_int32__struct.hpp
[3.869s] -- Installing: /home/wheeltec/wheeltec_ros2/install/astra_camera_msgs/include/astra_camera_msgs/srv/detail/get_device_info__builder.hpp
[3.869s] -- Installing: /home/wheeltec/wheeltec_ros2/install/astra_camera_msgs/include/astra_camera_msgs/srv/detail/get_camera_params__traits.hpp
[3.870s] -- Installing: /home/wheeltec/wheeltec_ros2/install/astra_camera_msgs/include/astra_camera_msgs/srv/detail/get_string__struct.hpp
[3.870s] -- Installing: /home/wheeltec/wheeltec_ros2/install/astra_camera_msgs/include/astra_camera_msgs/srv/get_camera_params.hpp
[3.871s] -- Installing: /home/wheeltec/wheeltec_ros2/install/astra_camera_msgs/include/astra_camera_msgs/srv/set_int32.hpp
[3.871s] -- Installing: /home/wheeltec/wheeltec_ros2/install/astra_camera_msgs/include/astra_camera_msgs/srv/get_int32.hpp
[3.872s] -- Installing: /home/wheeltec/wheeltec_ros2/install/astra_camera_msgs/include/astra_camera_msgs/srv/get_camera_info.hpp
[3.872s] -- Installing: /home/wheeltec/wheeltec_ros2/install/astra_camera_msgs/include/astra_camera_msgs/srv/get_string.hpp
[3.873s] -- Up-to-date: /home/wheeltec/wheeltec_ros2/install/astra_camera_msgs/include/astra_camera_msgs
[3.874s] -- Up-to-date: /home/wheeltec/wheeltec_ros2/install/astra_camera_msgs/include/astra_camera_msgs/msg
[3.875s] -- Up-to-date: /home/wheeltec/wheeltec_ros2/install/astra_camera_msgs/include/astra_camera_msgs/msg/detail
[3.875s] -- Installing: /home/wheeltec/wheeltec_ros2/install/astra_camera_msgs/include/astra_camera_msgs/msg/detail/metadata__type_support.cpp
[3.876s] -- Installing: /home/wheeltec/wheeltec_ros2/install/astra_camera_msgs/include/astra_camera_msgs/msg/detail/extrinsics__rosidl_typesupport_introspection_cpp.hpp
[3.877s] -- Installing: /home/wheeltec/wheeltec_ros2/install/astra_camera_msgs/include/astra_camera_msgs/msg/detail/metadata__rosidl_typesupport_introspection_cpp.hpp
[3.877s] -- Installing: /home/wheeltec/wheeltec_ros2/install/astra_camera_msgs/include/astra_camera_msgs/msg/detail/device_info__type_support.cpp
[3.878s] -- Installing: /home/wheeltec/wheeltec_ros2/install/astra_camera_msgs/include/astra_camera_msgs/msg/detail/extrinsics__type_support.cpp
[3.879s] -- Installing: /home/wheeltec/wheeltec_ros2/install/astra_camera_msgs/include/astra_camera_msgs/msg/detail/device_info__rosidl_typesupport_introspection_cpp.hpp
[3.879s] -- Up-to-date: /home/wheeltec/wheeltec_ros2/install/astra_camera_msgs/include/astra_camera_msgs/srv
[3.880s] -- Up-to-date: /home/wheeltec/wheeltec_ros2/install/astra_camera_msgs/include/astra_camera_msgs/srv/detail
[3.881s] -- Installing: /home/wheeltec/wheeltec_ros2/install/astra_camera_msgs/include/astra_camera_msgs/srv/detail/get_device_info__rosidl_typesupport_introspection_cpp.hpp
[3.881s] -- Installing: /home/wheeltec/wheeltec_ros2/install/astra_camera_msgs/include/astra_camera_msgs/srv/detail/get_string__rosidl_typesupport_introspection_cpp.hpp
[3.882s] -- Installing: /home/wheeltec/wheeltec_ros2/install/astra_camera_msgs/include/astra_camera_msgs/srv/detail/get_camera_params__type_support.cpp
[3.882s] -- Installing: /home/wheeltec/wheeltec_ros2/install/astra_camera_msgs/include/astra_camera_msgs/srv/detail/set_int32__rosidl_typesupport_introspection_cpp.hpp
[3.883s] -- Installing: /home/wheeltec/wheeltec_ros2/install/astra_camera_msgs/include/astra_camera_msgs/srv/detail/get_string__type_support.cpp
[3.883s] -- Installing: /home/wheeltec/wheeltec_ros2/install/astra_camera_msgs/include/astra_camera_msgs/srv/detail/get_int32__rosidl_typesupport_introspection_cpp.hpp
[3.884s] -- Installing: /home/wheeltec/wheeltec_ros2/install/astra_camera_msgs/include/astra_camera_msgs/srv/detail/set_int32__type_support.cpp
[3.884s] -- Installing: /home/wheeltec/wheeltec_ros2/install/astra_camera_msgs/include/astra_camera_msgs/srv/detail/get_camera_info__type_support.cpp
[3.885s] -- Installing: /home/wheeltec/wheeltec_ros2/install/astra_camera_msgs/include/astra_camera_msgs/srv/detail/get_int32__type_support.cpp
[3.885s] -- Installing: /home/wheeltec/wheeltec_ros2/install/astra_camera_msgs/include/astra_camera_msgs/srv/detail/get_camera_info__rosidl_typesupport_introspection_cpp.hpp
[3.886s] -- Installing: /home/wheeltec/wheeltec_ros2/install/astra_camera_msgs/include/astra_camera_msgs/srv/detail/get_device_info__type_support.cpp
[3.887s] -- Installing: /home/wheeltec/wheeltec_ros2/install/astra_camera_msgs/include/astra_camera_msgs/srv/detail/get_camera_params__rosidl_typesupport_introspection_cpp.hpp
[3.891s] -- Installing: /home/wheeltec/wheeltec_ros2/install/astra_camera_msgs/lib/libastra_camera_msgs__rosidl_typesupport_introspection_cpp.so
[3.893s] -- Set runtime path of "/home/wheeltec/wheeltec_ros2/install/astra_camera_msgs/lib/libastra_camera_msgs__rosidl_typesupport_introspection_cpp.so" to ""
[3.896s] -- Installing: /home/wheeltec/wheeltec_ros2/install/astra_camera_msgs/lib/libastra_camera_msgs__rosidl_typesupport_cpp.so
[3.897s] -- Set runtime path of "/home/wheeltec/wheeltec_ros2/install/astra_camera_msgs/lib/libastra_camera_msgs__rosidl_typesupport_cpp.so" to ""
[3.898s] -- Up-to-date: /home/wheeltec/wheeltec_ros2/install/astra_camera_msgs/share/astra_camera_msgs/environment/pythonpath.sh
[3.898s] -- Installing: /home/wheeltec/wheeltec_ros2/install/astra_camera_msgs/share/astra_camera_msgs/environment/pythonpath.dsv
[3.899s] -- Installing: /home/wheeltec/wheeltec_ros2/install/astra_camera_msgs/lib/python3.8/site-packages/astra_camera_msgs/__init__.py
[4.077s] Compiling '/home/wheeltec/wheeltec_ros2/install/astra_camera_msgs/lib/python3.8/site-packages/astra_camera_msgs/__init__.py'...
[4.101s] -- Up-to-date: /home/wheeltec/wheeltec_ros2/install/astra_camera_msgs/lib/python3.8/site-packages/astra_camera_msgs/msg
[4.102s] -- Installing: /home/wheeltec/wheeltec_ros2/install/astra_camera_msgs/lib/python3.8/site-packages/astra_camera_msgs/msg/__init__.py
[4.103s] -- Installing: /home/wheeltec/wheeltec_ros2/install/astra_camera_msgs/lib/python3.8/site-packages/astra_camera_msgs/msg/_extrinsics.py
[4.104s] -- Installing: /home/wheeltec/wheeltec_ros2/install/astra_camera_msgs/lib/python3.8/site-packages/astra_camera_msgs/msg/_metadata_s.c
[4.105s] -- Installing: /home/wheeltec/wheeltec_ros2/install/astra_camera_msgs/lib/python3.8/site-packages/astra_camera_msgs/msg/_metadata.py
[4.105s] -- Installing: /home/wheeltec/wheeltec_ros2/install/astra_camera_msgs/lib/python3.8/site-packages/astra_camera_msgs/msg/_device_info.py
[4.106s] -- Installing: /home/wheeltec/wheeltec_ros2/install/astra_camera_msgs/lib/python3.8/site-packages/astra_camera_msgs/msg/_device_info_s.c
[4.107s] -- Installing: /home/wheeltec/wheeltec_ros2/install/astra_camera_msgs/lib/python3.8/site-packages/astra_camera_msgs/msg/_extrinsics_s.c
[4.109s] -- Up-to-date: /home/wheeltec/wheeltec_ros2/install/astra_camera_msgs/lib/python3.8/site-packages/astra_camera_msgs/srv
[4.111s] -- Installing: /home/wheeltec/wheeltec_ros2/install/astra_camera_msgs/lib/python3.8/site-packages/astra_camera_msgs/srv/_get_camera_params.py
[4.112s] -- Installing: /home/wheeltec/wheeltec_ros2/install/astra_camera_msgs/lib/python3.8/site-packages/astra_camera_msgs/srv/__init__.py
[4.113s] -- Installing: /home/wheeltec/wheeltec_ros2/install/astra_camera_msgs/lib/python3.8/site-packages/astra_camera_msgs/srv/_get_string.py
[4.114s] -- Installing: /home/wheeltec/wheeltec_ros2/install/astra_camera_msgs/lib/python3.8/site-packages/astra_camera_msgs/srv/_get_int32_s.c
[4.116s] -- Installing: /home/wheeltec/wheeltec_ros2/install/astra_camera_msgs/lib/python3.8/site-packages/astra_camera_msgs/srv/_get_camera_info_s.c
[4.116s] -- Installing: /home/wheeltec/wheeltec_ros2/install/astra_camera_msgs/lib/python3.8/site-packages/astra_camera_msgs/srv/_get_camera_info.py
[4.117s] -- Installing: /home/wheeltec/wheeltec_ros2/install/astra_camera_msgs/lib/python3.8/site-packages/astra_camera_msgs/srv/_get_int32.py
[4.118s] -- Installing: /home/wheeltec/wheeltec_ros2/install/astra_camera_msgs/lib/python3.8/site-packages/astra_camera_msgs/srv/_get_device_info.py
[4.119s] -- Installing: /home/wheeltec/wheeltec_ros2/install/astra_camera_msgs/lib/python3.8/site-packages/astra_camera_msgs/srv/_set_int32.py
[4.119s] -- Installing: /home/wheeltec/wheeltec_ros2/install/astra_camera_msgs/lib/python3.8/site-packages/astra_camera_msgs/srv/_get_camera_params_s.c
[4.120s] -- Installing: /home/wheeltec/wheeltec_ros2/install/astra_camera_msgs/lib/python3.8/site-packages/astra_camera_msgs/srv/_get_string_s.c
[4.121s] -- Installing: /home/wheeltec/wheeltec_ros2/install/astra_camera_msgs/lib/python3.8/site-packages/astra_camera_msgs/srv/_set_int32_s.c
[4.122s] -- Installing: /home/wheeltec/wheeltec_ros2/install/astra_camera_msgs/lib/python3.8/site-packages/astra_camera_msgs/srv/_get_device_info_s.c
[4.125s] -- Installing: /home/wheeltec/wheeltec_ros2/install/astra_camera_msgs/lib/python3.8/site-packages/astra_camera_msgs/astra_camera_msgs_s__rosidl_typesupport_fastrtps_c.cpython-38-aarch64-linux-gnu.so
[4.128s] -- Set runtime path of "/home/wheeltec/wheeltec_ros2/install/astra_camera_msgs/lib/python3.8/site-packages/astra_camera_msgs/astra_camera_msgs_s__rosidl_typesupport_fastrtps_c.cpython-38-aarch64-linux-gnu.so" to ""
[4.131s] -- Installing: /home/wheeltec/wheeltec_ros2/install/astra_camera_msgs/lib/python3.8/site-packages/astra_camera_msgs/astra_camera_msgs_s__rosidl_typesupport_introspection_c.cpython-38-aarch64-linux-gnu.so
[4.133s] -- Set runtime path of "/home/wheeltec/wheeltec_ros2/install/astra_camera_msgs/lib/python3.8/site-packages/astra_camera_msgs/astra_camera_msgs_s__rosidl_typesupport_introspection_c.cpython-38-aarch64-linux-gnu.so" to ""
[4.136s] -- Installing: /home/wheeltec/wheeltec_ros2/install/astra_camera_msgs/lib/python3.8/site-packages/astra_camera_msgs/astra_camera_msgs_s__rosidl_typesupport_c.cpython-38-aarch64-linux-gnu.so
[4.139s] -- Set runtime path of "/home/wheeltec/wheeltec_ros2/install/astra_camera_msgs/lib/python3.8/site-packages/astra_camera_msgs/astra_camera_msgs_s__rosidl_typesupport_c.cpython-38-aarch64-linux-gnu.so" to ""
[4.141s] -- Installing: /home/wheeltec/wheeltec_ros2/install/astra_camera_msgs/lib/libastra_camera_msgs__python.so
[4.143s] -- Set runtime path of "/home/wheeltec/wheeltec_ros2/install/astra_camera_msgs/lib/libastra_camera_msgs__python.so" to ""
[4.144s] -- Up-to-date: /home/wheeltec/wheeltec_ros2/install/astra_camera_msgs/share/astra_camera_msgs/msg/DeviceInfo.idl
[4.144s] -- Up-to-date: /home/wheeltec/wheeltec_ros2/install/astra_camera_msgs/share/astra_camera_msgs/msg/Extrinsics.idl
[4.145s] -- Up-to-date: /home/wheeltec/wheeltec_ros2/install/astra_camera_msgs/share/astra_camera_msgs/msg/Metadata.idl
[4.145s] -- Up-to-date: /home/wheeltec/wheeltec_ros2/install/astra_camera_msgs/share/astra_camera_msgs/srv/GetDeviceInfo.idl
[4.146s] -- Up-to-date: /home/wheeltec/wheeltec_ros2/install/astra_camera_msgs/share/astra_camera_msgs/srv/GetCameraInfo.idl
[4.147s] -- Up-to-date: /home/wheeltec/wheeltec_ros2/install/astra_camera_msgs/share/astra_camera_msgs/srv/GetCameraParams.idl
[4.147s] -- Up-to-date: /home/wheeltec/wheeltec_ros2/install/astra_camera_msgs/share/astra_camera_msgs/srv/GetInt32.idl
[4.148s] -- Up-to-date: /home/wheeltec/wheeltec_ros2/install/astra_camera_msgs/share/astra_camera_msgs/srv/GetString.idl
[4.149s] -- Up-to-date: /home/wheeltec/wheeltec_ros2/install/astra_camera_msgs/share/astra_camera_msgs/srv/SetInt32.idl
[4.150s] -- Up-to-date: /home/wheeltec/wheeltec_ros2/install/astra_camera_msgs/share/astra_camera_msgs/msg/DeviceInfo.msg
[4.151s] -- Up-to-date: /home/wheeltec/wheeltec_ros2/install/astra_camera_msgs/share/astra_camera_msgs/msg/Extrinsics.msg
[4.151s] -- Up-to-date: /home/wheeltec/wheeltec_ros2/install/astra_camera_msgs/share/astra_camera_msgs/msg/Metadata.msg
[4.152s] -- Up-to-date: /home/wheeltec/wheeltec_ros2/install/astra_camera_msgs/share/astra_camera_msgs/srv/GetDeviceInfo.srv
[4.152s] -- Up-to-date: /home/wheeltec/wheeltec_ros2/install/astra_camera_msgs/share/astra_camera_msgs/srv/GetDeviceInfo_Request.msg
[4.153s] -- Up-to-date: /home/wheeltec/wheeltec_ros2/install/astra_camera_msgs/share/astra_camera_msgs/srv/GetDeviceInfo_Response.msg
[4.153s] -- Up-to-date: /home/wheeltec/wheeltec_ros2/install/astra_camera_msgs/share/astra_camera_msgs/srv/GetCameraInfo.srv
[4.154s] -- Up-to-date: /home/wheeltec/wheeltec_ros2/install/astra_camera_msgs/share/astra_camera_msgs/srv/GetCameraInfo_Request.msg
[4.155s] -- Up-to-date: /home/wheeltec/wheeltec_ros2/install/astra_camera_msgs/share/astra_camera_msgs/srv/GetCameraInfo_Response.msg
[4.155s] -- Up-to-date: /home/wheeltec/wheeltec_ros2/install/astra_camera_msgs/share/astra_camera_msgs/srv/GetCameraParams.srv
[4.156s] -- Up-to-date: /home/wheeltec/wheeltec_ros2/install/astra_camera_msgs/share/astra_camera_msgs/srv/GetCameraParams_Request.msg
[4.156s] -- Up-to-date: /home/wheeltec/wheeltec_ros2/install/astra_camera_msgs/share/astra_camera_msgs/srv/GetCameraParams_Response.msg
[4.157s] -- Up-to-date: /home/wheeltec/wheeltec_ros2/install/astra_camera_msgs/share/astra_camera_msgs/srv/GetInt32.srv
[4.157s] -- Up-to-date: /home/wheeltec/wheeltec_ros2/install/astra_camera_msgs/share/astra_camera_msgs/srv/GetInt32_Request.msg
[4.158s] -- Up-to-date: /home/wheeltec/wheeltec_ros2/install/astra_camera_msgs/share/astra_camera_msgs/srv/GetInt32_Response.msg
[4.159s] -- Up-to-date: /home/wheeltec/wheeltec_ros2/install/astra_camera_msgs/share/astra_camera_msgs/srv/GetString.srv
[4.159s] -- Up-to-date: /home/wheeltec/wheeltec_ros2/install/astra_camera_msgs/share/astra_camera_msgs/srv/GetString_Request.msg
[4.160s] -- Up-to-date: /home/wheeltec/wheeltec_ros2/install/astra_camera_msgs/share/astra_camera_msgs/srv/GetString_Response.msg
[4.161s] -- Up-to-date: /home/wheeltec/wheeltec_ros2/install/astra_camera_msgs/share/astra_camera_msgs/srv/SetInt32.srv
[4.161s] -- Up-to-date: /home/wheeltec/wheeltec_ros2/install/astra_camera_msgs/share/astra_camera_msgs/srv/SetInt32_Request.msg
[4.162s] -- Up-to-date: /home/wheeltec/wheeltec_ros2/install/astra_camera_msgs/share/astra_camera_msgs/srv/SetInt32_Response.msg
[4.163s] -- Up-to-date: /home/wheeltec/wheeltec_ros2/install/astra_camera_msgs/share/ament_index/resource_index/package_run_dependencies/astra_camera_msgs
[4.163s] -- Installing: /home/wheeltec/wheeltec_ros2/install/astra_camera_msgs/share/ament_index/resource_index/parent_prefix_path/astra_camera_msgs
[4.163s] -- Installing: /home/wheeltec/wheeltec_ros2/install/astra_camera_msgs/share/astra_camera_msgs/environment/ament_prefix_path.sh
[4.164s] -- Installing: /home/wheeltec/wheeltec_ros2/install/astra_camera_msgs/share/astra_camera_msgs/environment/ament_prefix_path.dsv
[4.165s] -- Installing: /home/wheeltec/wheeltec_ros2/install/astra_camera_msgs/share/astra_camera_msgs/environment/path.sh
[4.165s] -- Installing: /home/wheeltec/wheeltec_ros2/install/astra_camera_msgs/share/astra_camera_msgs/environment/path.dsv
[4.166s] -- Up-to-date: /home/wheeltec/wheeltec_ros2/install/astra_camera_msgs/share/astra_camera_msgs/local_setup.bash
[4.167s] -- Up-to-date: /home/wheeltec/wheeltec_ros2/install/astra_camera_msgs/share/astra_camera_msgs/local_setup.sh
[4.167s] -- Up-to-date: /home/wheeltec/wheeltec_ros2/install/astra_camera_msgs/share/astra_camera_msgs/local_setup.zsh
[4.167s] -- Installing: /home/wheeltec/wheeltec_ros2/install/astra_camera_msgs/share/astra_camera_msgs/local_setup.dsv
[4.168s] -- Installing: /home/wheeltec/wheeltec_ros2/install/astra_camera_msgs/share/astra_camera_msgs/package.dsv
[4.168s] -- Up-to-date: /home/wheeltec/wheeltec_ros2/install/astra_camera_msgs/share/ament_index/resource_index/packages/astra_camera_msgs
[4.169s] -- Up-to-date: /home/wheeltec/wheeltec_ros2/install/astra_camera_msgs/share/astra_camera_msgs/cmake/astra_camera_msgs__rosidl_generator_cExport.cmake
[4.170s] -- Installing: /home/wheeltec/wheeltec_ros2/install/astra_camera_msgs/share/astra_camera_msgs/cmake/astra_camera_msgs__rosidl_generator_cExport-noconfig.cmake
[4.170s] -- Up-to-date: /home/wheeltec/wheeltec_ros2/install/astra_camera_msgs/share/astra_camera_msgs/cmake/astra_camera_msgs__rosidl_typesupport_introspection_cExport.cmake
[4.171s] -- Installing: /home/wheeltec/wheeltec_ros2/install/astra_camera_msgs/share/astra_camera_msgs/cmake/astra_camera_msgs__rosidl_typesupport_introspection_cExport-noconfig.cmake
[4.171s] -- Up-to-date: /home/wheeltec/wheeltec_ros2/install/astra_camera_msgs/share/astra_camera_msgs/cmake/astra_camera_msgs__rosidl_typesupport_cExport.cmake
[4.172s] -- Installing: /home/wheeltec/wheeltec_ros2/install/astra_camera_msgs/share/astra_camera_msgs/cmake/astra_camera_msgs__rosidl_typesupport_cExport-noconfig.cmake
[4.173s] -- Up-to-date: /home/wheeltec/wheeltec_ros2/install/astra_camera_msgs/share/astra_camera_msgs/cmake/astra_camera_msgs__rosidl_generator_cppExport.cmake
[4.180s] -- Up-to-date: /home/wheeltec/wheeltec_ros2/install/astra_camera_msgs/share/astra_camera_msgs/cmake/astra_camera_msgs__rosidl_typesupport_introspection_cppExport.cmake
[4.181s] -- Installing: /home/wheeltec/wheeltec_ros2/install/astra_camera_msgs/share/astra_camera_msgs/cmake/astra_camera_msgs__rosidl_typesupport_introspection_cppExport-noconfig.cmake
[4.181s] -- Up-to-date: /home/wheeltec/wheeltec_ros2/install/astra_camera_msgs/share/astra_camera_msgs/cmake/astra_camera_msgs__rosidl_typesupport_cppExport.cmake
[4.181s] -- Installing: /home/wheeltec/wheeltec_ros2/install/astra_camera_msgs/share/astra_camera_msgs/cmake/astra_camera_msgs__rosidl_typesupport_cppExport-noconfig.cmake
[4.182s] -- Up-to-date: /home/wheeltec/wheeltec_ros2/install/astra_camera_msgs/share/astra_camera_msgs/cmake/rosidl_cmake-extras.cmake
[4.182s] -- Up-to-date: /home/wheeltec/wheeltec_ros2/install/astra_camera_msgs/share/astra_camera_msgs/cmake/ament_cmake_export_dependencies-extras.cmake
[4.182s] -- Up-to-date: /home/wheeltec/wheeltec_ros2/install/astra_camera_msgs/share/astra_camera_msgs/cmake/ament_cmake_export_libraries-extras.cmake
[4.183s] -- Installing: /home/wheeltec/wheeltec_ros2/install/astra_camera_msgs/share/astra_camera_msgs/cmake/ament_cmake_export_targets-extras.cmake
[4.183s] -- Up-to-date: /home/wheeltec/wheeltec_ros2/install/astra_camera_msgs/share/astra_camera_msgs/cmake/ament_cmake_export_include_directories-extras.cmake
[4.183s] -- Up-to-date: /home/wheeltec/wheeltec_ros2/install/astra_camera_msgs/share/astra_camera_msgs/cmake/rosidl_cmake_export_typesupport_libraries-extras.cmake
[4.184s] -- Up-to-date: /home/wheeltec/wheeltec_ros2/install/astra_camera_msgs/share/astra_camera_msgs/cmake/rosidl_cmake_export_typesupport_targets-extras.cmake
[4.184s] -- Up-to-date: /home/wheeltec/wheeltec_ros2/install/astra_camera_msgs/share/astra_camera_msgs/cmake/astra_camera_msgsConfig.cmake
[4.185s] -- Up-to-date: /home/wheeltec/wheeltec_ros2/install/astra_camera_msgs/share/astra_camera_msgs/cmake/astra_camera_msgsConfig-version.cmake
[4.185s] -- Up-to-date: /home/wheeltec/wheeltec_ros2/install/astra_camera_msgs/share/astra_camera_msgs/package.xml
[4.201s] Invoked command in '/home/wheeltec/wheeltec_ros2/build/astra_camera_msgs' returned '0': CMAKE_PREFIX_PATH=${CMAKE_PREFIX_PATH}:/home/wheeltec/wheeltec_ros2/install/simple_follower_ros2:/home/wheeltec/wheeltec_ros2/install/wheeltec_robot_keyboard:/home/wheeltec/wheeltec_ros2/install/tf2_tools:/home/wheeltec/wheeltec_ros2/install/nav2_simple_commander:/home/wheeltec/wheeltec_ros2/install/nav2_gazebo_spawner:/opt/ros/galactic /usr/bin/cmake --install /home/wheeltec/wheeltec_ros2/build/astra_camera_msgs
