[  8%] Built target LSM10
[ 17%] Built target lsm10_v2__rosidl_generator_c
[ 20%] Built target lsm10_v2__cpp
[ 29%] Built target lsm10_v2__rosidl_typesupport_c
[ 38%] Built target lsm10_v2__rosidl_typesupport_fastrtps_cpp
[ 47%] Built target lsm10_v2__rosidl_typesupport_introspection_cpp
[ 55%] Built target lsm10_v2__rosidl_typesupport_fastrtps_c
[ 64%] Built target lsm10_v2__rosidl_typesupport_cpp
[ 73%] Built target lsm10_v2__rosidl_typesupport_introspection_c
[ 73%] Built target lsm10_v2
[ 76%] Built target lsm10_v2__py
[ 82%] Built target lsm10_v2__python
[ 88%] Built target lsm10_v2__rosidl_typesupport_c__pyext
[ 94%] Built target lsm10_v2__rosidl_typesupport_fastrtps_c__pyext
[100%] Built target lsm10_v2__rosidl_typesupport_introspection_c__pyext
-- Install configuration: ""
-- Up-to-date: /home/wheeltec/wheeltec_ros2/install/lsm10_v2/share/ament_index/resource_index/rosidl_interfaces/lsm10_v2
-- Up-to-date: /home/wheeltec/wheeltec_ros2/install/lsm10_v2/include/lsm10_v2
-- Up-to-date: /home/wheeltec/wheeltec_ros2/install/lsm10_v2/include/lsm10_v2/msg
-- Up-to-date: /home/wheeltec/wheeltec_ros2/install/lsm10_v2/include/lsm10_v2/msg/detail
-- Up-to-date: /home/wheeltec/wheeltec_ros2/install/lsm10_v2/include/lsm10_v2/msg/detail/difop__struct.h
-- Up-to-date: /home/wheeltec/wheeltec_ros2/install/lsm10_v2/include/lsm10_v2/msg/detail/difop__functions.c
-- Up-to-date: /home/wheeltec/wheeltec_ros2/install/lsm10_v2/include/lsm10_v2/msg/detail/difop__functions.h
-- Up-to-date: /home/wheeltec/wheeltec_ros2/install/lsm10_v2/include/lsm10_v2/msg/detail/difop__type_support.h
-- Up-to-date: /home/wheeltec/wheeltec_ros2/install/lsm10_v2/include/lsm10_v2/msg/difop.h
-- Up-to-date: /home/wheeltec/wheeltec_ros2/install/lsm10_v2/include/lsm10_v2/msg/rosidl_generator_c__visibility_control.h
-- Up-to-date: /home/wheeltec/wheeltec_ros2/install/lsm10_v2/share/lsm10_v2/environment/library_path.sh
-- Up-to-date: /home/wheeltec/wheeltec_ros2/install/lsm10_v2/share/lsm10_v2/environment/library_path.dsv
-- Up-to-date: /home/wheeltec/wheeltec_ros2/install/lsm10_v2/lib/liblsm10_v2__rosidl_generator_c.so
-- Up-to-date: /home/wheeltec/wheeltec_ros2/install/lsm10_v2/include/lsm10_v2
-- Up-to-date: /home/wheeltec/wheeltec_ros2/install/lsm10_v2/include/lsm10_v2/msg
-- Up-to-date: /home/wheeltec/wheeltec_ros2/install/lsm10_v2/include/lsm10_v2/msg/rosidl_typesupport_fastrtps_c__visibility_control.h
-- Up-to-date: /home/wheeltec/wheeltec_ros2/install/lsm10_v2/include/lsm10_v2/msg/detail
-- Up-to-date: /home/wheeltec/wheeltec_ros2/install/lsm10_v2/include/lsm10_v2/msg/detail/difop__rosidl_typesupport_fastrtps_c.h
-- Up-to-date: /home/wheeltec/wheeltec_ros2/install/lsm10_v2/lib/liblsm10_v2__rosidl_typesupport_fastrtps_c.so
-- Up-to-date: /home/wheeltec/wheeltec_ros2/install/lsm10_v2/include/lsm10_v2
-- Up-to-date: /home/wheeltec/wheeltec_ros2/install/lsm10_v2/include/lsm10_v2/msg
-- Up-to-date: /home/wheeltec/wheeltec_ros2/install/lsm10_v2/include/lsm10_v2/msg/detail
-- Up-to-date: /home/wheeltec/wheeltec_ros2/install/lsm10_v2/include/lsm10_v2/msg/detail/dds_fastrtps
-- Up-to-date: /home/wheeltec/wheeltec_ros2/install/lsm10_v2/include/lsm10_v2/msg/detail/difop__rosidl_typesupport_fastrtps_cpp.hpp
-- Up-to-date: /home/wheeltec/wheeltec_ros2/install/lsm10_v2/include/lsm10_v2/msg/rosidl_typesupport_fastrtps_cpp__visibility_control.h
-- Up-to-date: /home/wheeltec/wheeltec_ros2/install/lsm10_v2/lib/liblsm10_v2__rosidl_typesupport_fastrtps_cpp.so
-- Up-to-date: /home/wheeltec/wheeltec_ros2/install/lsm10_v2/include/lsm10_v2
-- Up-to-date: /home/wheeltec/wheeltec_ros2/install/lsm10_v2/include/lsm10_v2/msg
-- Up-to-date: /home/wheeltec/wheeltec_ros2/install/lsm10_v2/include/lsm10_v2/msg/rosidl_typesupport_introspection_c__visibility_control.h
-- Up-to-date: /home/wheeltec/wheeltec_ros2/install/lsm10_v2/include/lsm10_v2/msg/detail
-- Up-to-date: /home/wheeltec/wheeltec_ros2/install/lsm10_v2/include/lsm10_v2/msg/detail/difop__rosidl_typesupport_introspection_c.h
-- Up-to-date: /home/wheeltec/wheeltec_ros2/install/lsm10_v2/include/lsm10_v2/msg/detail/difop__type_support.c
-- Up-to-date: /home/wheeltec/wheeltec_ros2/install/lsm10_v2/lib/liblsm10_v2__rosidl_typesupport_introspection_c.so
-- Up-to-date: /home/wheeltec/wheeltec_ros2/install/lsm10_v2/lib/liblsm10_v2__rosidl_typesupport_c.so
-- Up-to-date: /home/wheeltec/wheeltec_ros2/install/lsm10_v2/include/lsm10_v2
-- Up-to-date: /home/wheeltec/wheeltec_ros2/install/lsm10_v2/include/lsm10_v2/msg
-- Up-to-date: /home/wheeltec/wheeltec_ros2/install/lsm10_v2/include/lsm10_v2/msg/difop.hpp
-- Up-to-date: /home/wheeltec/wheeltec_ros2/install/lsm10_v2/include/lsm10_v2/msg/detail
-- Up-to-date: /home/wheeltec/wheeltec_ros2/install/lsm10_v2/include/lsm10_v2/msg/detail/difop__traits.hpp
-- Up-to-date: /home/wheeltec/wheeltec_ros2/install/lsm10_v2/include/lsm10_v2/msg/detail/difop__builder.hpp
-- Up-to-date: /home/wheeltec/wheeltec_ros2/install/lsm10_v2/include/lsm10_v2/msg/detail/difop__struct.hpp
-- Up-to-date: /home/wheeltec/wheeltec_ros2/install/lsm10_v2/include/lsm10_v2
-- Up-to-date: /home/wheeltec/wheeltec_ros2/install/lsm10_v2/include/lsm10_v2/msg
-- Up-to-date: /home/wheeltec/wheeltec_ros2/install/lsm10_v2/include/lsm10_v2/msg/detail
-- Up-to-date: /home/wheeltec/wheeltec_ros2/install/lsm10_v2/include/lsm10_v2/msg/detail/difop__rosidl_typesupport_introspection_cpp.hpp
-- Up-to-date: /home/wheeltec/wheeltec_ros2/install/lsm10_v2/include/lsm10_v2/msg/detail/difop__type_support.cpp
-- Up-to-date: /home/wheeltec/wheeltec_ros2/install/lsm10_v2/lib/liblsm10_v2__rosidl_typesupport_introspection_cpp.so
-- Up-to-date: /home/wheeltec/wheeltec_ros2/install/lsm10_v2/lib/liblsm10_v2__rosidl_typesupport_cpp.so
-- Up-to-date: /home/wheeltec/wheeltec_ros2/install/lsm10_v2/share/lsm10_v2/environment/pythonpath.sh
-- Up-to-date: /home/wheeltec/wheeltec_ros2/install/lsm10_v2/share/lsm10_v2/environment/pythonpath.dsv
-- Up-to-date: /home/wheeltec/wheeltec_ros2/install/lsm10_v2/lib/python3.8/site-packages/lsm10_v2/__init__.py
-- Up-to-date: /home/wheeltec/wheeltec_ros2/install/lsm10_v2/lib/python3.8/site-packages/lsm10_v2/msg
-- Up-to-date: /home/wheeltec/wheeltec_ros2/install/lsm10_v2/lib/python3.8/site-packages/lsm10_v2/msg/_difop_s.c
-- Up-to-date: /home/wheeltec/wheeltec_ros2/install/lsm10_v2/lib/python3.8/site-packages/lsm10_v2/msg/__init__.py
-- Up-to-date: /home/wheeltec/wheeltec_ros2/install/lsm10_v2/lib/python3.8/site-packages/lsm10_v2/msg/_difop.py
-- Up-to-date: /home/wheeltec/wheeltec_ros2/install/lsm10_v2/lib/python3.8/site-packages/lsm10_v2/lsm10_v2_s__rosidl_typesupport_fastrtps_c.cpython-38-aarch64-linux-gnu.so
-- Up-to-date: /home/wheeltec/wheeltec_ros2/install/lsm10_v2/lib/python3.8/site-packages/lsm10_v2/lsm10_v2_s__rosidl_typesupport_introspection_c.cpython-38-aarch64-linux-gnu.so
-- Up-to-date: /home/wheeltec/wheeltec_ros2/install/lsm10_v2/lib/python3.8/site-packages/lsm10_v2/lsm10_v2_s__rosidl_typesupport_c.cpython-38-aarch64-linux-gnu.so
-- Up-to-date: /home/wheeltec/wheeltec_ros2/install/lsm10_v2/lib/liblsm10_v2__python.so
-- Up-to-date: /home/wheeltec/wheeltec_ros2/install/lsm10_v2/share/lsm10_v2/msg/Difop.idl
-- Up-to-date: /home/wheeltec/wheeltec_ros2/install/lsm10_v2/share/lsm10_v2/msg/Difop.msg
-- Up-to-date: /home/wheeltec/wheeltec_ros2/install/lsm10_v2/lib/lsm10_v2/LSM10
-- Up-to-date: /home/wheeltec/wheeltec_ros2/install/lsm10_v2/share/lsm10_v2/launch
-- Up-to-date: /home/wheeltec/wheeltec_ros2/install/lsm10_v2/share/lsm10_v2/launch/ls_m10.launch.py
-- Up-to-date: /home/wheeltec/wheeltec_ros2/install/lsm10_v2/share/ament_index/resource_index/package_run_dependencies/lsm10_v2
-- Up-to-date: /home/wheeltec/wheeltec_ros2/install/lsm10_v2/share/ament_index/resource_index/parent_prefix_path/lsm10_v2
-- Up-to-date: /home/wheeltec/wheeltec_ros2/install/lsm10_v2/share/lsm10_v2/environment/ament_prefix_path.sh
-- Up-to-date: /home/wheeltec/wheeltec_ros2/install/lsm10_v2/share/lsm10_v2/environment/ament_prefix_path.dsv
-- Up-to-date: /home/wheeltec/wheeltec_ros2/install/lsm10_v2/share/lsm10_v2/environment/path.sh
-- Up-to-date: /home/wheeltec/wheeltec_ros2/install/lsm10_v2/share/lsm10_v2/environment/path.dsv
-- Up-to-date: /home/wheeltec/wheeltec_ros2/install/lsm10_v2/share/lsm10_v2/local_setup.bash
-- Up-to-date: /home/wheeltec/wheeltec_ros2/install/lsm10_v2/share/lsm10_v2/local_setup.sh
-- Up-to-date: /home/wheeltec/wheeltec_ros2/install/lsm10_v2/share/lsm10_v2/local_setup.zsh
-- Up-to-date: /home/wheeltec/wheeltec_ros2/install/lsm10_v2/share/lsm10_v2/local_setup.dsv
-- Installing: /home/wheeltec/wheeltec_ros2/install/lsm10_v2/share/lsm10_v2/package.dsv
-- Up-to-date: /home/wheeltec/wheeltec_ros2/install/lsm10_v2/share/ament_index/resource_index/packages/lsm10_v2
-- Up-to-date: /home/wheeltec/wheeltec_ros2/install/lsm10_v2/share/lsm10_v2/cmake/lsm10_v2__rosidl_generator_cExport.cmake
-- Up-to-date: /home/wheeltec/wheeltec_ros2/install/lsm10_v2/share/lsm10_v2/cmake/lsm10_v2__rosidl_generator_cExport-noconfig.cmake
-- Up-to-date: /home/wheeltec/wheeltec_ros2/install/lsm10_v2/share/lsm10_v2/cmake/lsm10_v2__rosidl_typesupport_introspection_cExport.cmake
-- Up-to-date: /home/wheeltec/wheeltec_ros2/install/lsm10_v2/share/lsm10_v2/cmake/lsm10_v2__rosidl_typesupport_introspection_cExport-noconfig.cmake
-- Up-to-date: /home/wheeltec/wheeltec_ros2/install/lsm10_v2/share/lsm10_v2/cmake/lsm10_v2__rosidl_typesupport_cExport.cmake
-- Up-to-date: /home/wheeltec/wheeltec_ros2/install/lsm10_v2/share/lsm10_v2/cmake/lsm10_v2__rosidl_typesupport_cExport-noconfig.cmake
-- Up-to-date: /home/wheeltec/wheeltec_ros2/install/lsm10_v2/share/lsm10_v2/cmake/lsm10_v2__rosidl_generator_cppExport.cmake
-- Up-to-date: /home/wheeltec/wheeltec_ros2/install/lsm10_v2/share/lsm10_v2/cmake/lsm10_v2__rosidl_typesupport_introspection_cppExport.cmake
-- Up-to-date: /home/wheeltec/wheeltec_ros2/install/lsm10_v2/share/lsm10_v2/cmake/lsm10_v2__rosidl_typesupport_introspection_cppExport-noconfig.cmake
-- Up-to-date: /home/wheeltec/wheeltec_ros2/install/lsm10_v2/share/lsm10_v2/cmake/lsm10_v2__rosidl_typesupport_cppExport.cmake
-- Up-to-date: /home/wheeltec/wheeltec_ros2/install/lsm10_v2/share/lsm10_v2/cmake/lsm10_v2__rosidl_typesupport_cppExport-noconfig.cmake
-- Up-to-date: /home/wheeltec/wheeltec_ros2/install/lsm10_v2/share/lsm10_v2/cmake/rosidl_cmake-extras.cmake
-- Up-to-date: /home/wheeltec/wheeltec_ros2/install/lsm10_v2/share/lsm10_v2/cmake/ament_cmake_export_dependencies-extras.cmake
-- Up-to-date: /home/wheeltec/wheeltec_ros2/install/lsm10_v2/share/lsm10_v2/cmake/ament_cmake_export_libraries-extras.cmake
-- Up-to-date: /home/wheeltec/wheeltec_ros2/install/lsm10_v2/share/lsm10_v2/cmake/ament_cmake_export_targets-extras.cmake
-- Up-to-date: /home/wheeltec/wheeltec_ros2/install/lsm10_v2/share/lsm10_v2/cmake/ament_cmake_export_include_directories-extras.cmake
-- Up-to-date: /home/wheeltec/wheeltec_ros2/install/lsm10_v2/share/lsm10_v2/cmake/rosidl_cmake_export_typesupport_libraries-extras.cmake
-- Up-to-date: /home/wheeltec/wheeltec_ros2/install/lsm10_v2/share/lsm10_v2/cmake/rosidl_cmake_export_typesupport_targets-extras.cmake
-- Up-to-date: /home/wheeltec/wheeltec_ros2/install/lsm10_v2/share/lsm10_v2/cmake/lsm10_v2Config.cmake
-- Up-to-date: /home/wheeltec/wheeltec_ros2/install/lsm10_v2/share/lsm10_v2/cmake/lsm10_v2Config-version.cmake
-- Up-to-date: /home/wheeltec/wheeltec_ros2/install/lsm10_v2/share/lsm10_v2/package.xml
