[0.154s] Invoking command in '/home/wheeltec/wheeltec_ros2/build/pcl_conversions': CMAKE_PREFIX_PATH=${CMAKE_PREFIX_PATH}:/home/wheeltec/wheeltec_ros2/install/simple_follower_ros2:/home/wheeltec/wheeltec_ros2/install/wheeltec_robot_keyboard:/home/wheeltec/wheeltec_ros2/install/tf2_tools:/home/wheeltec/wheeltec_ros2/install/nav2_simple_commander:/home/wheeltec/wheeltec_ros2/install/nav2_gazebo_spawner:/opt/ros/galactic /usr/bin/cmake /home/wheeltec/wheeltec_ros2/src/ar_track/ar_track_alvar-ros2-devel/perception_pcl-foxy-devel/perception_pcl-foxy-devel/pcl_conversions -DCMAKE_INSTALL_PREFIX=/home/wheeltec/wheeltec_ros2/install/pcl_conversions
[0.231s] -- Found ament_cmake: 1.1.6 (/opt/ros/galactic/share/ament_cmake/cmake)
[0.364s] -- Using PYTHON_EXECUTABLE: /usr/bin/python3
[0.682s] -- Override CMake install command with custom implementation using symlinks instead of copying resources
[0.742s] -- Found message_filters: 3.2.6 (/opt/ros/galactic/share/message_filters/cmake)
[0.945s] -- Using all available rosidl_typesupport_c: rosidl_typesupport_fastrtps_c;rosidl_typesupport_introspection_c
[0.960s] -- Found rosidl_adapter: 2.2.3 (/opt/ros/galactic/share/rosidl_adapter/cmake)
[1.624s] -- Using all available rosidl_typesupport_cpp: rosidl_typesupport_fastrtps_cpp;rosidl_typesupport_introspection_cpp
[1.840s] -- Found rmw_implementation_cmake: 3.3.1 (/opt/ros/galactic/share/rmw_implementation_cmake/cmake)
[1.861s] -- Found rmw_cyclonedds_cpp: 0.22.6 (/opt/ros/galactic/share/rmw_cyclonedds_cpp/cmake)
[1.953s] -- Using RMW implementation 'rmw_cyclonedds_cpp' as default
[2.654s] -- Eigen found (include: /usr/include/eigen3, version: 3.3.7)
[2.722s] -- OpenNI found (include: /usr/include/ni, lib: /usr/lib/libOpenNI.so)
[2.749s] -- OpenNI2 found (include: /usr/include/openni2, lib: /usr/lib/libOpenNI2.so)
[2.972s] -- The imported target "vtkParseOGLExt" references the file
[2.972s]    "/usr/bin/vtkParseOGLExt-7.1"
[2.972s] but this file does not exist.  Possible reasons include:
[2.973s] * The file was deleted, renamed, or moved to another location.
[2.973s] * An install or uninstall procedure did not complete successfully.
[2.974s] * The installation package was faulty and contained
[2.974s]    "/usr/lib/cmake/vtk-7.1/VTKTargets.cmake"
[2.974s] but not all the files it references.
[2.974s] 
[2.975s] -- The imported target "vtkRenderingPythonTkWidgets" references the file
[2.977s]    "/usr/lib/aarch64-linux-gnu/libvtkRenderingPythonTkWidgets.so"
[2.978s] but this file does not exist.  Possible reasons include:
[2.978s] * The file was deleted, renamed, or moved to another location.
[2.979s] * An install or uninstall procedure did not complete successfully.
[2.979s] * The installation package was faulty and contained
[2.979s]    "/usr/lib/cmake/vtk-7.1/VTKTargets.cmake"
[2.980s] but not all the files it references.
[2.980s] 
[2.980s] -- The imported target "vtk" references the file
[2.980s]    "/usr/bin/vtk"
[2.981s] but this file does not exist.  Possible reasons include:
[2.981s] * The file was deleted, renamed, or moved to another location.
[2.981s] * An install or uninstall procedure did not complete successfully.
[2.982s] * The installation package was faulty and contained
[2.982s]    "/usr/lib/cmake/vtk-7.1/VTKTargets.cmake"
[2.982s] but not all the files it references.
[2.983s] 
[2.983s] -- The imported target "pvtk" references the file
[2.983s]    "/usr/bin/pvtk"
[2.983s] but this file does not exist.  Possible reasons include:
[2.984s] * The file was deleted, renamed, or moved to another location.
[2.984s] * An install or uninstall procedure did not complete successfully.
[2.984s] * The installation package was faulty and contained
[2.985s]    "/usr/lib/cmake/vtk-7.1/VTKTargets.cmake"
[2.985s] but not all the files it references.
[2.985s] 
[3.050s] -- Found pcl_msgs: 1.0.0 (/opt/ros/galactic/share/pcl_msgs/cmake)
[4.033s] -- Found ament_cmake_gtest: 1.1.6 (/opt/ros/galactic/share/ament_cmake_gtest/cmake)
[4.035s] -- Found gtest sources under '/opt/ros/galactic/src/gtest_vendor': C++ tests using 'Google Test' will be built
[4.381s] -- Configuring done
[4.479s] -- Generating done
[4.487s] -- Build files have been written to: /home/wheeltec/wheeltec_ros2/build/pcl_conversions
