[0.164s] Invoking command in '/home/wheeltec/wheeltec_ros2/build/costmap_queue': AMENT_PREFIX_PATH=/home/wheeltec/wheeltec_ros2/install/nav2_costmap_2d:/home/wheeltec/wheeltec_ros2/install/nav2_map_server:/home/wheeltec/wheeltec_ros2/install/nav2_lifecycle_manager:/home/wheeltec/wheeltec_ros2/install/nav2_util:/home/wheeltec/wheeltec_ros2/install/nav2_voxel_grid:/home/wheeltec/wheeltec_ros2/install/nav2_msgs:/home/wheeltec/wheeltec_ros2/install/nav2_common:${AMENT_PREFIX_PATH} CMAKE_PREFIX_PATH=/home/wheeltec/wheeltec_ros2/install/nav2_costmap_2d:/home/wheeltec/wheeltec_ros2/install/nav2_map_server:/home/wheeltec/wheeltec_ros2/install/nav2_lifecycle_manager:/home/wheeltec/wheeltec_ros2/install/nav2_util:/home/wheeltec/wheeltec_ros2/install/nav2_voxel_grid:/home/wheeltec/wheeltec_ros2/install/nav2_msgs:/home/wheeltec/wheeltec_ros2/install/nav2_common:/opt/ros/galactic LD_LIBRARY_PATH=/home/wheeltec/wheeltec_ros2/install/nav2_costmap_2d/lib:/home/wheeltec/wheeltec_ros2/install/nav2_map_server/lib:/home/wheeltec/wheeltec_ros2/install/nav2_lifecycle_manager/lib:/home/wheeltec/wheeltec_ros2/install/nav2_util/lib:/home/wheeltec/wheeltec_ros2/install/nav2_voxel_grid/lib:/home/wheeltec/wheeltec_ros2/install/nav2_msgs/lib:${LD_LIBRARY_PATH} PYTHONPATH=/home/wheeltec/wheeltec_ros2/install/nav2_msgs/lib/python3.8/site-packages:/home/wheeltec/wheeltec_ros2/install/nav2_common/lib/python3.8/site-packages:${PYTHONPATH} /usr/bin/cmake --build /home/wheeltec/wheeltec_ros2/build/costmap_queue -- -j4 -l4
[0.552s] [ 18%] Built target gtest
[0.580s] [ 63%] Built target gtest_main
[0.581s] [ 63%] Built target costmap_queue
[0.748s] [ 81%] Built target mbq_test
[0.794s] [100%] Built target utest
[0.849s] Invoked command in '/home/wheeltec/wheeltec_ros2/build/costmap_queue' returned '0': AMENT_PREFIX_PATH=/home/wheeltec/wheeltec_ros2/install/nav2_costmap_2d:/home/wheeltec/wheeltec_ros2/install/nav2_map_server:/home/wheeltec/wheeltec_ros2/install/nav2_lifecycle_manager:/home/wheeltec/wheeltec_ros2/install/nav2_util:/home/wheeltec/wheeltec_ros2/install/nav2_voxel_grid:/home/wheeltec/wheeltec_ros2/install/nav2_msgs:/home/wheeltec/wheeltec_ros2/install/nav2_common:${AMENT_PREFIX_PATH} CMAKE_PREFIX_PATH=/home/wheeltec/wheeltec_ros2/install/nav2_costmap_2d:/home/wheeltec/wheeltec_ros2/install/nav2_map_server:/home/wheeltec/wheeltec_ros2/install/nav2_lifecycle_manager:/home/wheeltec/wheeltec_ros2/install/nav2_util:/home/wheeltec/wheeltec_ros2/install/nav2_voxel_grid:/home/wheeltec/wheeltec_ros2/install/nav2_msgs:/home/wheeltec/wheeltec_ros2/install/nav2_common:/opt/ros/galactic LD_LIBRARY_PATH=/home/wheeltec/wheeltec_ros2/install/nav2_costmap_2d/lib:/home/wheeltec/wheeltec_ros2/install/nav2_map_server/lib:/home/wheeltec/wheeltec_ros2/install/nav2_lifecycle_manager/lib:/home/wheeltec/wheeltec_ros2/install/nav2_util/lib:/home/wheeltec/wheeltec_ros2/install/nav2_voxel_grid/lib:/home/wheeltec/wheeltec_ros2/install/nav2_msgs/lib:${LD_LIBRARY_PATH} PYTHONPATH=/home/wheeltec/wheeltec_ros2/install/nav2_msgs/lib/python3.8/site-packages:/home/wheeltec/wheeltec_ros2/install/nav2_common/lib/python3.8/site-packages:${PYTHONPATH} /usr/bin/cmake --build /home/wheeltec/wheeltec_ros2/build/costmap_queue -- -j4 -l4
[1.250s] Invoking command in '/home/wheeltec/wheeltec_ros2/build/costmap_queue': AMENT_PREFIX_PATH=/home/wheeltec/wheeltec_ros2/install/nav2_costmap_2d:/home/wheeltec/wheeltec_ros2/install/nav2_map_server:/home/wheeltec/wheeltec_ros2/install/nav2_lifecycle_manager:/home/wheeltec/wheeltec_ros2/install/nav2_util:/home/wheeltec/wheeltec_ros2/install/nav2_voxel_grid:/home/wheeltec/wheeltec_ros2/install/nav2_msgs:/home/wheeltec/wheeltec_ros2/install/nav2_common:${AMENT_PREFIX_PATH} CMAKE_PREFIX_PATH=/home/wheeltec/wheeltec_ros2/install/nav2_costmap_2d:/home/wheeltec/wheeltec_ros2/install/nav2_map_server:/home/wheeltec/wheeltec_ros2/install/nav2_lifecycle_manager:/home/wheeltec/wheeltec_ros2/install/nav2_util:/home/wheeltec/wheeltec_ros2/install/nav2_voxel_grid:/home/wheeltec/wheeltec_ros2/install/nav2_msgs:/home/wheeltec/wheeltec_ros2/install/nav2_common:/opt/ros/galactic LD_LIBRARY_PATH=/home/wheeltec/wheeltec_ros2/install/nav2_costmap_2d/lib:/home/wheeltec/wheeltec_ros2/install/nav2_map_server/lib:/home/wheeltec/wheeltec_ros2/install/nav2_lifecycle_manager/lib:/home/wheeltec/wheeltec_ros2/install/nav2_util/lib:/home/wheeltec/wheeltec_ros2/install/nav2_voxel_grid/lib:/home/wheeltec/wheeltec_ros2/install/nav2_msgs/lib:${LD_LIBRARY_PATH} PYTHONPATH=/home/wheeltec/wheeltec_ros2/install/nav2_msgs/lib/python3.8/site-packages:/home/wheeltec/wheeltec_ros2/install/nav2_common/lib/python3.8/site-packages:${PYTHONPATH} /usr/bin/cmake --install /home/wheeltec/wheeltec_ros2/build/costmap_queue
[1.333s] -- Install configuration: "Release"
[1.334s] -- Up-to-date: /home/wheeltec/wheeltec_ros2/install/costmap_queue/lib/libcostmap_queue.a
[1.335s] -- Up-to-date: /home/wheeltec/wheeltec_ros2/install/costmap_queue/include/
[1.337s] -- Up-to-date: /home/wheeltec/wheeltec_ros2/install/costmap_queue/include//costmap_queue
[1.338s] -- Up-to-date: /home/wheeltec/wheeltec_ros2/install/costmap_queue/include//costmap_queue/limited_costmap_queue.hpp
[1.338s] -- Up-to-date: /home/wheeltec/wheeltec_ros2/install/costmap_queue/include//costmap_queue/map_based_queue.hpp
[1.339s] -- Up-to-date: /home/wheeltec/wheeltec_ros2/install/costmap_queue/include//costmap_queue/costmap_queue.hpp
[1.350s] -- Up-to-date: /home/wheeltec/wheeltec_ros2/install/costmap_queue/share/costmap_queue/environment/library_path.sh
[1.351s] -- Up-to-date: /home/wheeltec/wheeltec_ros2/install/costmap_queue/share/costmap_queue/environment/library_path.dsv
[1.351s] -- Up-to-date: /home/wheeltec/wheeltec_ros2/install/costmap_queue/share/ament_index/resource_index/package_run_dependencies/costmap_queue
[1.352s] -- Up-to-date: /home/wheeltec/wheeltec_ros2/install/costmap_queue/share/ament_index/resource_index/parent_prefix_path/costmap_queue
[1.353s] -- Up-to-date: /home/wheeltec/wheeltec_ros2/install/costmap_queue/share/costmap_queue/environment/ament_prefix_path.sh
[1.353s] -- Up-to-date: /home/wheeltec/wheeltec_ros2/install/costmap_queue/share/costmap_queue/environment/ament_prefix_path.dsv
[1.354s] -- Up-to-date: /home/wheeltec/wheeltec_ros2/install/costmap_queue/share/costmap_queue/environment/path.sh
[1.354s] -- Up-to-date: /home/wheeltec/wheeltec_ros2/install/costmap_queue/share/costmap_queue/environment/path.dsv
[1.355s] -- Up-to-date: /home/wheeltec/wheeltec_ros2/install/costmap_queue/share/costmap_queue/local_setup.bash
[1.355s] -- Up-to-date: /home/wheeltec/wheeltec_ros2/install/costmap_queue/share/costmap_queue/local_setup.sh
[1.356s] -- Up-to-date: /home/wheeltec/wheeltec_ros2/install/costmap_queue/share/costmap_queue/local_setup.zsh
[1.356s] -- Up-to-date: /home/wheeltec/wheeltec_ros2/install/costmap_queue/share/costmap_queue/local_setup.dsv
[1.357s] -- Installing: /home/wheeltec/wheeltec_ros2/install/costmap_queue/share/costmap_queue/package.dsv
[1.358s] -- Up-to-date: /home/wheeltec/wheeltec_ros2/install/costmap_queue/share/ament_index/resource_index/packages/costmap_queue
[1.358s] -- Up-to-date: /home/wheeltec/wheeltec_ros2/install/costmap_queue/share/costmap_queue/cmake/ament_cmake_export_include_directories-extras.cmake
[1.359s] -- Up-to-date: /home/wheeltec/wheeltec_ros2/install/costmap_queue/share/costmap_queue/cmake/ament_cmake_export_libraries-extras.cmake
[1.359s] -- Up-to-date: /home/wheeltec/wheeltec_ros2/install/costmap_queue/share/costmap_queue/cmake/costmap_queueConfig.cmake
[1.359s] -- Up-to-date: /home/wheeltec/wheeltec_ros2/install/costmap_queue/share/costmap_queue/cmake/costmap_queueConfig-version.cmake
[1.360s] -- Up-to-date: /home/wheeltec/wheeltec_ros2/install/costmap_queue/share/costmap_queue/package.xml
[1.372s] Invoked command in '/home/wheeltec/wheeltec_ros2/build/costmap_queue' returned '0': AMENT_PREFIX_PATH=/home/wheeltec/wheeltec_ros2/install/nav2_costmap_2d:/home/wheeltec/wheeltec_ros2/install/nav2_map_server:/home/wheeltec/wheeltec_ros2/install/nav2_lifecycle_manager:/home/wheeltec/wheeltec_ros2/install/nav2_util:/home/wheeltec/wheeltec_ros2/install/nav2_voxel_grid:/home/wheeltec/wheeltec_ros2/install/nav2_msgs:/home/wheeltec/wheeltec_ros2/install/nav2_common:${AMENT_PREFIX_PATH} CMAKE_PREFIX_PATH=/home/wheeltec/wheeltec_ros2/install/nav2_costmap_2d:/home/wheeltec/wheeltec_ros2/install/nav2_map_server:/home/wheeltec/wheeltec_ros2/install/nav2_lifecycle_manager:/home/wheeltec/wheeltec_ros2/install/nav2_util:/home/wheeltec/wheeltec_ros2/install/nav2_voxel_grid:/home/wheeltec/wheeltec_ros2/install/nav2_msgs:/home/wheeltec/wheeltec_ros2/install/nav2_common:/opt/ros/galactic LD_LIBRARY_PATH=/home/wheeltec/wheeltec_ros2/install/nav2_costmap_2d/lib:/home/wheeltec/wheeltec_ros2/install/nav2_map_server/lib:/home/wheeltec/wheeltec_ros2/install/nav2_lifecycle_manager/lib:/home/wheeltec/wheeltec_ros2/install/nav2_util/lib:/home/wheeltec/wheeltec_ros2/install/nav2_voxel_grid/lib:/home/wheeltec/wheeltec_ros2/install/nav2_msgs/lib:${LD_LIBRARY_PATH} PYTHONPATH=/home/wheeltec/wheeltec_ros2/install/nav2_msgs/lib/python3.8/site-packages:/home/wheeltec/wheeltec_ros2/install/nav2_common/lib/python3.8/site-packages:${PYTHONPATH} /usr/bin/cmake --install /home/wheeltec/wheeltec_ros2/build/costmap_queue
