[0.107s] Invoking command in '/home/wheeltec/wheeltec_ros2/build/wheeltec_rrt_msg': CMAKE_PREFIX_PATH=${CMAKE_PREFIX_PATH}:/home/wheeltec/wheeltec_ros2/install/wheeltec_robot_keyboard:/home/wheeltec/wheeltec_ros2/install/tf2_tools:/home/wheeltec/wheeltec_ros2/install/nav2_gazebo_spawner:/opt/ros/galactic /usr/bin/cmake --build /home/wheeltec/wheeltec_ros2/build/wheeltec_rrt_msg -- -j4 -l4
[0.468s] [ 11%] Built target wheeltec_rrt_msg__rosidl_generator_c
[0.607s] [ 12%] Built target wheeltec_rrt_msg__cpp
[0.766s] [ 23%] Built target wheeltec_rrt_msg__rosidl_typesupport_introspection_c
[0.957s] [ 34%] Built target wheeltec_rrt_msg__rosidl_typesupport_fastrtps_cpp
[1.110s] [ 46%] Built target wheeltec_rrt_msg__rosidl_typesupport_introspection_cpp
[1.300s] [ 57%] Built target wheeltec_rrt_msg__rosidl_typesupport_fastrtps_c
[1.447s] [ 68%] Built target wheeltec_rrt_msg__rosidl_typesupport_cpp
[1.600s] [ 79%] Built target wheeltec_rrt_msg__rosidl_typesupport_c
[1.731s] [ 79%] Built target wheeltec_rrt_msg
[1.861s] [ 80%] Built target wheeltec_rrt_msg__py
[2.035s] [ 90%] Built target wheeltec_rrt_msg__python
[2.199s] [ 93%] Built target wheeltec_rrt_msg__rosidl_typesupport_c__pyext
[2.367s] [ 96%] Built target wheeltec_rrt_msg__rosidl_typesupport_introspection_c__pyext
[2.535s] [100%] Built target wheeltec_rrt_msg__rosidl_typesupport_fastrtps_c__pyext
[2.600s] Invoked command in '/home/wheeltec/wheeltec_ros2/build/wheeltec_rrt_msg' returned '0': CMAKE_PREFIX_PATH=${CMAKE_PREFIX_PATH}:/home/wheeltec/wheeltec_ros2/install/wheeltec_robot_keyboard:/home/wheeltec/wheeltec_ros2/install/tf2_tools:/home/wheeltec/wheeltec_ros2/install/nav2_gazebo_spawner:/opt/ros/galactic /usr/bin/cmake --build /home/wheeltec/wheeltec_ros2/build/wheeltec_rrt_msg -- -j4 -l4
[3.337s] Invoking command in '/home/wheeltec/wheeltec_ros2/build/wheeltec_rrt_msg': CMAKE_PREFIX_PATH=${CMAKE_PREFIX_PATH}:/home/wheeltec/wheeltec_ros2/install/wheeltec_robot_keyboard:/home/wheeltec/wheeltec_ros2/install/tf2_tools:/home/wheeltec/wheeltec_ros2/install/nav2_gazebo_spawner:/opt/ros/galactic /usr/bin/cmake --install /home/wheeltec/wheeltec_ros2/build/wheeltec_rrt_msg
[3.453s] -- Install configuration: ""
[3.490s] -- Up-to-date: /home/wheeltec/wheeltec_ros2/install/wheeltec_rrt_msg/share/ament_index/resource_index/rosidl_interfaces/wheeltec_rrt_msg
[3.491s] -- Up-to-date: /home/wheeltec/wheeltec_ros2/install/wheeltec_rrt_msg/include/wheeltec_rrt_msg
[3.524s] -- Up-to-date: /home/wheeltec/wheeltec_ros2/install/wheeltec_rrt_msg/include/wheeltec_rrt_msg/action
[3.565s] -- Up-to-date: /home/wheeltec/wheeltec_ros2/install/wheeltec_rrt_msg/include/wheeltec_rrt_msg/action/change_position.h
[3.566s] -- Up-to-date: /home/wheeltec/wheeltec_ros2/install/wheeltec_rrt_msg/include/wheeltec_rrt_msg/action/detail
[3.606s] -- Up-to-date: /home/wheeltec/wheeltec_ros2/install/wheeltec_rrt_msg/include/wheeltec_rrt_msg/action/detail/pick_coloured_box__functions.h
[3.607s] -- Up-to-date: /home/wheeltec/wheeltec_ros2/install/wheeltec_rrt_msg/include/wheeltec_rrt_msg/action/detail/change_position__struct.h
[3.607s] -- Up-to-date: /home/wheeltec/wheeltec_ros2/install/wheeltec_rrt_msg/include/wheeltec_rrt_msg/action/detail/pick_coloured_box__functions.c
[3.607s] -- Up-to-date: /home/wheeltec/wheeltec_ros2/install/wheeltec_rrt_msg/include/wheeltec_rrt_msg/action/detail/find_coloured_box__functions.h
[3.608s] -- Up-to-date: /home/wheeltec/wheeltec_ros2/install/wheeltec_rrt_msg/include/wheeltec_rrt_msg/action/detail/find_coloured_box__functions.c
[3.608s] -- Up-to-date: /home/wheeltec/wheeltec_ros2/install/wheeltec_rrt_msg/include/wheeltec_rrt_msg/action/detail/pick_coloured_box__type_support.h
[3.608s] -- Up-to-date: /home/wheeltec/wheeltec_ros2/install/wheeltec_rrt_msg/include/wheeltec_rrt_msg/action/detail/change_position__type_support.h
[3.609s] -- Up-to-date: /home/wheeltec/wheeltec_ros2/install/wheeltec_rrt_msg/include/wheeltec_rrt_msg/action/detail/find_coloured_box__type_support.h
[3.609s] -- Up-to-date: /home/wheeltec/wheeltec_ros2/install/wheeltec_rrt_msg/include/wheeltec_rrt_msg/action/detail/find_coloured_box__struct.h
[3.610s] -- Up-to-date: /home/wheeltec/wheeltec_ros2/install/wheeltec_rrt_msg/include/wheeltec_rrt_msg/action/detail/pick_coloured_box__struct.h
[3.610s] -- Up-to-date: /home/wheeltec/wheeltec_ros2/install/wheeltec_rrt_msg/include/wheeltec_rrt_msg/action/detail/change_position__functions.h
[3.611s] -- Up-to-date: /home/wheeltec/wheeltec_ros2/install/wheeltec_rrt_msg/include/wheeltec_rrt_msg/action/detail/change_position__functions.c
[3.611s] -- Up-to-date: /home/wheeltec/wheeltec_ros2/install/wheeltec_rrt_msg/include/wheeltec_rrt_msg/action/pick_coloured_box.h
[3.611s] -- Up-to-date: /home/wheeltec/wheeltec_ros2/install/wheeltec_rrt_msg/include/wheeltec_rrt_msg/action/find_coloured_box.h
[3.612s] -- Up-to-date: /home/wheeltec/wheeltec_ros2/install/wheeltec_rrt_msg/include/wheeltec_rrt_msg/msg
[3.643s] -- Up-to-date: /home/wheeltec/wheeltec_ros2/install/wheeltec_rrt_msg/include/wheeltec_rrt_msg/msg/point_array.h
[3.644s] -- Up-to-date: /home/wheeltec/wheeltec_ros2/install/wheeltec_rrt_msg/include/wheeltec_rrt_msg/msg/detail
[3.684s] -- Up-to-date: /home/wheeltec/wheeltec_ros2/install/wheeltec_rrt_msg/include/wheeltec_rrt_msg/msg/detail/point_array__type_support.h
[3.684s] -- Up-to-date: /home/wheeltec/wheeltec_ros2/install/wheeltec_rrt_msg/include/wheeltec_rrt_msg/msg/detail/point_array__struct.h
[3.685s] -- Up-to-date: /home/wheeltec/wheeltec_ros2/install/wheeltec_rrt_msg/include/wheeltec_rrt_msg/msg/detail/point_array__functions.c
[3.685s] -- Up-to-date: /home/wheeltec/wheeltec_ros2/install/wheeltec_rrt_msg/include/wheeltec_rrt_msg/msg/detail/point_array__functions.h
[3.686s] -- Up-to-date: /home/wheeltec/wheeltec_ros2/install/wheeltec_rrt_msg/include/wheeltec_rrt_msg/msg/rosidl_generator_c__visibility_control.h
[3.686s] -- Up-to-date: /home/wheeltec/wheeltec_ros2/install/wheeltec_rrt_msg/include/wheeltec_rrt_msg/srv
[3.698s] -- Up-to-date: /home/wheeltec/wheeltec_ros2/install/wheeltec_rrt_msg/include/wheeltec_rrt_msg/srv/detail
[3.701s] -- Up-to-date: /home/wheeltec/wheeltec_ros2/install/wheeltec_rrt_msg/include/wheeltec_rrt_msg/srv/detail/delete_shape__type_support.h
[3.702s] -- Up-to-date: /home/wheeltec/wheeltec_ros2/install/wheeltec_rrt_msg/include/wheeltec_rrt_msg/srv/detail/delete_shape__struct.h
[3.703s] -- Up-to-date: /home/wheeltec/wheeltec_ros2/install/wheeltec_rrt_msg/include/wheeltec_rrt_msg/srv/detail/delete_shape__functions.h
[3.705s] -- Up-to-date: /home/wheeltec/wheeltec_ros2/install/wheeltec_rrt_msg/include/wheeltec_rrt_msg/srv/detail/delete_shape__functions.c
[3.706s] -- Up-to-date: /home/wheeltec/wheeltec_ros2/install/wheeltec_rrt_msg/include/wheeltec_rrt_msg/srv/delete_shape.h
[3.706s] -- Up-to-date: /home/wheeltec/wheeltec_ros2/install/wheeltec_rrt_msg/share/wheeltec_rrt_msg/environment/library_path.sh
[3.707s] -- Up-to-date: /home/wheeltec/wheeltec_ros2/install/wheeltec_rrt_msg/share/wheeltec_rrt_msg/environment/library_path.dsv
[3.711s] -- Up-to-date: /home/wheeltec/wheeltec_ros2/install/wheeltec_rrt_msg/lib/libwheeltec_rrt_msg__rosidl_generator_c.so
[3.713s] -- Up-to-date: /home/wheeltec/wheeltec_ros2/install/wheeltec_rrt_msg/include/wheeltec_rrt_msg
[3.714s] -- Up-to-date: /home/wheeltec/wheeltec_ros2/install/wheeltec_rrt_msg/include/wheeltec_rrt_msg/action
[3.715s] -- Up-to-date: /home/wheeltec/wheeltec_ros2/install/wheeltec_rrt_msg/include/wheeltec_rrt_msg/action/detail
[3.717s] -- Up-to-date: /home/wheeltec/wheeltec_ros2/install/wheeltec_rrt_msg/include/wheeltec_rrt_msg/action/detail/change_position__rosidl_typesupport_fastrtps_c.h
[3.718s] -- Up-to-date: /home/wheeltec/wheeltec_ros2/install/wheeltec_rrt_msg/include/wheeltec_rrt_msg/action/detail/pick_coloured_box__rosidl_typesupport_fastrtps_c.h
[3.719s] -- Up-to-date: /home/wheeltec/wheeltec_ros2/install/wheeltec_rrt_msg/include/wheeltec_rrt_msg/action/detail/find_coloured_box__rosidl_typesupport_fastrtps_c.h
[3.720s] -- Up-to-date: /home/wheeltec/wheeltec_ros2/install/wheeltec_rrt_msg/include/wheeltec_rrt_msg/msg
[3.721s] -- Up-to-date: /home/wheeltec/wheeltec_ros2/install/wheeltec_rrt_msg/include/wheeltec_rrt_msg/msg/rosidl_typesupport_fastrtps_c__visibility_control.h
[3.723s] -- Up-to-date: /home/wheeltec/wheeltec_ros2/install/wheeltec_rrt_msg/include/wheeltec_rrt_msg/msg/detail
[3.725s] -- Up-to-date: /home/wheeltec/wheeltec_ros2/install/wheeltec_rrt_msg/include/wheeltec_rrt_msg/msg/detail/point_array__rosidl_typesupport_fastrtps_c.h
[3.728s] -- Up-to-date: /home/wheeltec/wheeltec_ros2/install/wheeltec_rrt_msg/include/wheeltec_rrt_msg/srv
[3.736s] -- Up-to-date: /home/wheeltec/wheeltec_ros2/install/wheeltec_rrt_msg/include/wheeltec_rrt_msg/srv/detail
[3.746s] -- Up-to-date: /home/wheeltec/wheeltec_ros2/install/wheeltec_rrt_msg/include/wheeltec_rrt_msg/srv/detail/delete_shape__rosidl_typesupport_fastrtps_c.h
[3.747s] -- Up-to-date: /home/wheeltec/wheeltec_ros2/install/wheeltec_rrt_msg/lib/libwheeltec_rrt_msg__rosidl_typesupport_fastrtps_c.so
[3.748s] -- Up-to-date: /home/wheeltec/wheeltec_ros2/install/wheeltec_rrt_msg/include/wheeltec_rrt_msg
[3.748s] -- Up-to-date: /home/wheeltec/wheeltec_ros2/install/wheeltec_rrt_msg/include/wheeltec_rrt_msg/action
[3.749s] -- Up-to-date: /home/wheeltec/wheeltec_ros2/install/wheeltec_rrt_msg/include/wheeltec_rrt_msg/action/detail
[3.749s] -- Up-to-date: /home/wheeltec/wheeltec_ros2/install/wheeltec_rrt_msg/include/wheeltec_rrt_msg/action/detail/dds_fastrtps
[3.750s] -- Up-to-date: /home/wheeltec/wheeltec_ros2/install/wheeltec_rrt_msg/include/wheeltec_rrt_msg/action/detail/find_coloured_box__rosidl_typesupport_fastrtps_cpp.hpp
[3.751s] -- Up-to-date: /home/wheeltec/wheeltec_ros2/install/wheeltec_rrt_msg/include/wheeltec_rrt_msg/action/detail/pick_coloured_box__rosidl_typesupport_fastrtps_cpp.hpp
[3.754s] -- Up-to-date: /home/wheeltec/wheeltec_ros2/install/wheeltec_rrt_msg/include/wheeltec_rrt_msg/action/detail/change_position__rosidl_typesupport_fastrtps_cpp.hpp
[3.756s] -- Up-to-date: /home/wheeltec/wheeltec_ros2/install/wheeltec_rrt_msg/include/wheeltec_rrt_msg/msg
[3.756s] -- Up-to-date: /home/wheeltec/wheeltec_ros2/install/wheeltec_rrt_msg/include/wheeltec_rrt_msg/msg/detail
[3.758s] -- Up-to-date: /home/wheeltec/wheeltec_ros2/install/wheeltec_rrt_msg/include/wheeltec_rrt_msg/msg/detail/dds_fastrtps
[3.763s] -- Up-to-date: /home/wheeltec/wheeltec_ros2/install/wheeltec_rrt_msg/include/wheeltec_rrt_msg/msg/detail/point_array__rosidl_typesupport_fastrtps_cpp.hpp
[3.764s] -- Up-to-date: /home/wheeltec/wheeltec_ros2/install/wheeltec_rrt_msg/include/wheeltec_rrt_msg/msg/rosidl_typesupport_fastrtps_cpp__visibility_control.h
[3.765s] -- Up-to-date: /home/wheeltec/wheeltec_ros2/install/wheeltec_rrt_msg/include/wheeltec_rrt_msg/srv
[3.766s] -- Up-to-date: /home/wheeltec/wheeltec_ros2/install/wheeltec_rrt_msg/include/wheeltec_rrt_msg/srv/detail
[3.766s] -- Up-to-date: /home/wheeltec/wheeltec_ros2/install/wheeltec_rrt_msg/include/wheeltec_rrt_msg/srv/detail/dds_fastrtps
[3.767s] -- Up-to-date: /home/wheeltec/wheeltec_ros2/install/wheeltec_rrt_msg/include/wheeltec_rrt_msg/srv/detail/delete_shape__rosidl_typesupport_fastrtps_cpp.hpp
[3.768s] -- Up-to-date: /home/wheeltec/wheeltec_ros2/install/wheeltec_rrt_msg/lib/libwheeltec_rrt_msg__rosidl_typesupport_fastrtps_cpp.so
[3.768s] -- Up-to-date: /home/wheeltec/wheeltec_ros2/install/wheeltec_rrt_msg/include/wheeltec_rrt_msg
[3.769s] -- Up-to-date: /home/wheeltec/wheeltec_ros2/install/wheeltec_rrt_msg/include/wheeltec_rrt_msg/action
[3.769s] -- Up-to-date: /home/wheeltec/wheeltec_ros2/install/wheeltec_rrt_msg/include/wheeltec_rrt_msg/action/detail
[3.770s] -- Up-to-date: /home/wheeltec/wheeltec_ros2/install/wheeltec_rrt_msg/include/wheeltec_rrt_msg/action/detail/pick_coloured_box__rosidl_typesupport_introspection_c.h
[3.770s] -- Up-to-date: /home/wheeltec/wheeltec_ros2/install/wheeltec_rrt_msg/include/wheeltec_rrt_msg/action/detail/change_position__type_support.c
[3.771s] -- Up-to-date: /home/wheeltec/wheeltec_ros2/install/wheeltec_rrt_msg/include/wheeltec_rrt_msg/action/detail/find_coloured_box__rosidl_typesupport_introspection_c.h
[3.771s] -- Up-to-date: /home/wheeltec/wheeltec_ros2/install/wheeltec_rrt_msg/include/wheeltec_rrt_msg/action/detail/find_coloured_box__type_support.c
[3.772s] -- Up-to-date: /home/wheeltec/wheeltec_ros2/install/wheeltec_rrt_msg/include/wheeltec_rrt_msg/action/detail/pick_coloured_box__type_support.c
[3.772s] -- Up-to-date: /home/wheeltec/wheeltec_ros2/install/wheeltec_rrt_msg/include/wheeltec_rrt_msg/action/detail/change_position__rosidl_typesupport_introspection_c.h
[3.772s] -- Up-to-date: /home/wheeltec/wheeltec_ros2/install/wheeltec_rrt_msg/include/wheeltec_rrt_msg/msg
[3.773s] -- Up-to-date: /home/wheeltec/wheeltec_ros2/install/wheeltec_rrt_msg/include/wheeltec_rrt_msg/msg/rosidl_typesupport_introspection_c__visibility_control.h
[3.773s] -- Up-to-date: /home/wheeltec/wheeltec_ros2/install/wheeltec_rrt_msg/include/wheeltec_rrt_msg/msg/detail
[3.774s] -- Up-to-date: /home/wheeltec/wheeltec_ros2/install/wheeltec_rrt_msg/include/wheeltec_rrt_msg/msg/detail/point_array__rosidl_typesupport_introspection_c.h
[3.774s] -- Up-to-date: /home/wheeltec/wheeltec_ros2/install/wheeltec_rrt_msg/include/wheeltec_rrt_msg/msg/detail/point_array__type_support.c
[3.775s] -- Up-to-date: /home/wheeltec/wheeltec_ros2/install/wheeltec_rrt_msg/include/wheeltec_rrt_msg/srv
[3.778s] -- Up-to-date: /home/wheeltec/wheeltec_ros2/install/wheeltec_rrt_msg/include/wheeltec_rrt_msg/srv/detail
[3.783s] -- Up-to-date: /home/wheeltec/wheeltec_ros2/install/wheeltec_rrt_msg/include/wheeltec_rrt_msg/srv/detail/delete_shape__rosidl_typesupport_introspection_c.h
[3.784s] -- Up-to-date: /home/wheeltec/wheeltec_ros2/install/wheeltec_rrt_msg/include/wheeltec_rrt_msg/srv/detail/delete_shape__type_support.c
[3.784s] -- Up-to-date: /home/wheeltec/wheeltec_ros2/install/wheeltec_rrt_msg/lib/libwheeltec_rrt_msg__rosidl_typesupport_introspection_c.so
[3.785s] -- Up-to-date: /home/wheeltec/wheeltec_ros2/install/wheeltec_rrt_msg/lib/libwheeltec_rrt_msg__rosidl_typesupport_c.so
[3.785s] -- Up-to-date: /home/wheeltec/wheeltec_ros2/install/wheeltec_rrt_msg/include/wheeltec_rrt_msg
[3.785s] -- Up-to-date: /home/wheeltec/wheeltec_ros2/install/wheeltec_rrt_msg/include/wheeltec_rrt_msg/action
[3.786s] -- Up-to-date: /home/wheeltec/wheeltec_ros2/install/wheeltec_rrt_msg/include/wheeltec_rrt_msg/action/detail
[3.786s] -- Up-to-date: /home/wheeltec/wheeltec_ros2/install/wheeltec_rrt_msg/include/wheeltec_rrt_msg/action/detail/find_coloured_box__builder.hpp
[3.787s] -- Up-to-date: /home/wheeltec/wheeltec_ros2/install/wheeltec_rrt_msg/include/wheeltec_rrt_msg/action/detail/pick_coloured_box__struct.hpp
[3.787s] -- Up-to-date: /home/wheeltec/wheeltec_ros2/install/wheeltec_rrt_msg/include/wheeltec_rrt_msg/action/detail/change_position__struct.hpp
[3.787s] -- Up-to-date: /home/wheeltec/wheeltec_ros2/install/wheeltec_rrt_msg/include/wheeltec_rrt_msg/action/detail/find_coloured_box__struct.hpp
[3.788s] -- Up-to-date: /home/wheeltec/wheeltec_ros2/install/wheeltec_rrt_msg/include/wheeltec_rrt_msg/action/detail/change_position__builder.hpp
[3.788s] -- Up-to-date: /home/wheeltec/wheeltec_ros2/install/wheeltec_rrt_msg/include/wheeltec_rrt_msg/action/detail/change_position__traits.hpp
[3.788s] -- Up-to-date: /home/wheeltec/wheeltec_ros2/install/wheeltec_rrt_msg/include/wheeltec_rrt_msg/action/detail/find_coloured_box__traits.hpp
[3.789s] -- Up-to-date: /home/wheeltec/wheeltec_ros2/install/wheeltec_rrt_msg/include/wheeltec_rrt_msg/action/detail/pick_coloured_box__traits.hpp
[3.789s] -- Up-to-date: /home/wheeltec/wheeltec_ros2/install/wheeltec_rrt_msg/include/wheeltec_rrt_msg/action/detail/pick_coloured_box__builder.hpp
[3.789s] -- Up-to-date: /home/wheeltec/wheeltec_ros2/install/wheeltec_rrt_msg/include/wheeltec_rrt_msg/action/find_coloured_box.hpp
[3.790s] -- Up-to-date: /home/wheeltec/wheeltec_ros2/install/wheeltec_rrt_msg/include/wheeltec_rrt_msg/action/pick_coloured_box.hpp
[3.790s] -- Up-to-date: /home/wheeltec/wheeltec_ros2/install/wheeltec_rrt_msg/include/wheeltec_rrt_msg/action/change_position.hpp
[3.791s] -- Up-to-date: /home/wheeltec/wheeltec_ros2/install/wheeltec_rrt_msg/include/wheeltec_rrt_msg/msg
[3.791s] -- Up-to-date: /home/wheeltec/wheeltec_ros2/install/wheeltec_rrt_msg/include/wheeltec_rrt_msg/msg/point_array.hpp
[3.791s] -- Up-to-date: /home/wheeltec/wheeltec_ros2/install/wheeltec_rrt_msg/include/wheeltec_rrt_msg/msg/detail
[3.792s] -- Up-to-date: /home/wheeltec/wheeltec_ros2/install/wheeltec_rrt_msg/include/wheeltec_rrt_msg/msg/detail/point_array__builder.hpp
[3.792s] -- Up-to-date: /home/wheeltec/wheeltec_ros2/install/wheeltec_rrt_msg/include/wheeltec_rrt_msg/msg/detail/point_array__struct.hpp
[3.793s] -- Up-to-date: /home/wheeltec/wheeltec_ros2/install/wheeltec_rrt_msg/include/wheeltec_rrt_msg/msg/detail/point_array__traits.hpp
[3.793s] -- Up-to-date: /home/wheeltec/wheeltec_ros2/install/wheeltec_rrt_msg/include/wheeltec_rrt_msg/srv
[3.793s] -- Up-to-date: /home/wheeltec/wheeltec_ros2/install/wheeltec_rrt_msg/include/wheeltec_rrt_msg/srv/delete_shape.hpp
[3.807s] -- Up-to-date: /home/wheeltec/wheeltec_ros2/install/wheeltec_rrt_msg/include/wheeltec_rrt_msg/srv/detail
[3.807s] -- Up-to-date: /home/wheeltec/wheeltec_ros2/install/wheeltec_rrt_msg/include/wheeltec_rrt_msg/srv/detail/delete_shape__builder.hpp
[3.808s] -- Up-to-date: /home/wheeltec/wheeltec_ros2/install/wheeltec_rrt_msg/include/wheeltec_rrt_msg/srv/detail/delete_shape__traits.hpp
[3.808s] -- Up-to-date: /home/wheeltec/wheeltec_ros2/install/wheeltec_rrt_msg/include/wheeltec_rrt_msg/srv/detail/delete_shape__struct.hpp
[3.809s] -- Up-to-date: /home/wheeltec/wheeltec_ros2/install/wheeltec_rrt_msg/include/wheeltec_rrt_msg
[3.810s] -- Up-to-date: /home/wheeltec/wheeltec_ros2/install/wheeltec_rrt_msg/include/wheeltec_rrt_msg/action
[3.811s] -- Up-to-date: /home/wheeltec/wheeltec_ros2/install/wheeltec_rrt_msg/include/wheeltec_rrt_msg/action/detail
[3.811s] -- Up-to-date: /home/wheeltec/wheeltec_ros2/install/wheeltec_rrt_msg/include/wheeltec_rrt_msg/action/detail/pick_coloured_box__rosidl_typesupport_introspection_cpp.hpp
[3.811s] -- Up-to-date: /home/wheeltec/wheeltec_ros2/install/wheeltec_rrt_msg/include/wheeltec_rrt_msg/action/detail/change_position__rosidl_typesupport_introspection_cpp.hpp
[3.812s] -- Up-to-date: /home/wheeltec/wheeltec_ros2/install/wheeltec_rrt_msg/include/wheeltec_rrt_msg/action/detail/find_coloured_box__rosidl_typesupport_introspection_cpp.hpp
[3.812s] -- Up-to-date: /home/wheeltec/wheeltec_ros2/install/wheeltec_rrt_msg/include/wheeltec_rrt_msg/action/detail/find_coloured_box__type_support.cpp
[3.812s] -- Up-to-date: /home/wheeltec/wheeltec_ros2/install/wheeltec_rrt_msg/include/wheeltec_rrt_msg/action/detail/change_position__type_support.cpp
[3.813s] -- Up-to-date: /home/wheeltec/wheeltec_ros2/install/wheeltec_rrt_msg/include/wheeltec_rrt_msg/action/detail/pick_coloured_box__type_support.cpp
[3.813s] -- Up-to-date: /home/wheeltec/wheeltec_ros2/install/wheeltec_rrt_msg/include/wheeltec_rrt_msg/msg
[3.813s] -- Up-to-date: /home/wheeltec/wheeltec_ros2/install/wheeltec_rrt_msg/include/wheeltec_rrt_msg/msg/detail
[3.814s] -- Up-to-date: /home/wheeltec/wheeltec_ros2/install/wheeltec_rrt_msg/include/wheeltec_rrt_msg/msg/detail/point_array__rosidl_typesupport_introspection_cpp.hpp
[3.814s] -- Up-to-date: /home/wheeltec/wheeltec_ros2/install/wheeltec_rrt_msg/include/wheeltec_rrt_msg/msg/detail/point_array__type_support.cpp
[3.815s] -- Up-to-date: /home/wheeltec/wheeltec_ros2/install/wheeltec_rrt_msg/include/wheeltec_rrt_msg/srv
[3.815s] -- Up-to-date: /home/wheeltec/wheeltec_ros2/install/wheeltec_rrt_msg/include/wheeltec_rrt_msg/srv/detail
[3.816s] -- Up-to-date: /home/wheeltec/wheeltec_ros2/install/wheeltec_rrt_msg/include/wheeltec_rrt_msg/srv/detail/delete_shape__rosidl_typesupport_introspection_cpp.hpp
[3.816s] -- Up-to-date: /home/wheeltec/wheeltec_ros2/install/wheeltec_rrt_msg/include/wheeltec_rrt_msg/srv/detail/delete_shape__type_support.cpp
[3.817s] -- Up-to-date: /home/wheeltec/wheeltec_ros2/install/wheeltec_rrt_msg/lib/libwheeltec_rrt_msg__rosidl_typesupport_introspection_cpp.so
[3.817s] -- Up-to-date: /home/wheeltec/wheeltec_ros2/install/wheeltec_rrt_msg/lib/libwheeltec_rrt_msg__rosidl_typesupport_cpp.so
[3.818s] -- Up-to-date: /home/wheeltec/wheeltec_ros2/install/wheeltec_rrt_msg/share/wheeltec_rrt_msg/environment/pythonpath.sh
[3.818s] -- Up-to-date: /home/wheeltec/wheeltec_ros2/install/wheeltec_rrt_msg/share/wheeltec_rrt_msg/environment/pythonpath.dsv
[3.819s] -- Up-to-date: /home/wheeltec/wheeltec_ros2/install/wheeltec_rrt_msg/lib/python3.8/site-packages/wheeltec_rrt_msg/__init__.py
[3.995s] -- Up-to-date: /home/wheeltec/wheeltec_ros2/install/wheeltec_rrt_msg/lib/python3.8/site-packages/wheeltec_rrt_msg/action
[3.996s] -- Up-to-date: /home/wheeltec/wheeltec_ros2/install/wheeltec_rrt_msg/lib/python3.8/site-packages/wheeltec_rrt_msg/action/__init__.py
[3.997s] -- Up-to-date: /home/wheeltec/wheeltec_ros2/install/wheeltec_rrt_msg/lib/python3.8/site-packages/wheeltec_rrt_msg/action/_change_position.py
[3.998s] -- Up-to-date: /home/wheeltec/wheeltec_ros2/install/wheeltec_rrt_msg/lib/python3.8/site-packages/wheeltec_rrt_msg/action/_find_coloured_box.py
[3.999s] -- Up-to-date: /home/wheeltec/wheeltec_ros2/install/wheeltec_rrt_msg/lib/python3.8/site-packages/wheeltec_rrt_msg/action/_change_position_s.c
[4.000s] -- Up-to-date: /home/wheeltec/wheeltec_ros2/install/wheeltec_rrt_msg/lib/python3.8/site-packages/wheeltec_rrt_msg/action/_pick_coloured_box.py
[4.000s] -- Up-to-date: /home/wheeltec/wheeltec_ros2/install/wheeltec_rrt_msg/lib/python3.8/site-packages/wheeltec_rrt_msg/action/_find_coloured_box_s.c
[4.001s] -- Up-to-date: /home/wheeltec/wheeltec_ros2/install/wheeltec_rrt_msg/lib/python3.8/site-packages/wheeltec_rrt_msg/action/_pick_coloured_box_s.c
[4.001s] -- Up-to-date: /home/wheeltec/wheeltec_ros2/install/wheeltec_rrt_msg/lib/python3.8/site-packages/wheeltec_rrt_msg/srv
[4.001s] -- Up-to-date: /home/wheeltec/wheeltec_ros2/install/wheeltec_rrt_msg/lib/python3.8/site-packages/wheeltec_rrt_msg/srv/_delete_shape.py
[4.002s] -- Up-to-date: /home/wheeltec/wheeltec_ros2/install/wheeltec_rrt_msg/lib/python3.8/site-packages/wheeltec_rrt_msg/srv/__init__.py
[4.002s] -- Up-to-date: /home/wheeltec/wheeltec_ros2/install/wheeltec_rrt_msg/lib/python3.8/site-packages/wheeltec_rrt_msg/srv/_delete_shape_s.c
[4.002s] -- Up-to-date: /home/wheeltec/wheeltec_ros2/install/wheeltec_rrt_msg/lib/python3.8/site-packages/wheeltec_rrt_msg/msg
[4.003s] -- Up-to-date: /home/wheeltec/wheeltec_ros2/install/wheeltec_rrt_msg/lib/python3.8/site-packages/wheeltec_rrt_msg/msg/__init__.py
[4.003s] -- Up-to-date: /home/wheeltec/wheeltec_ros2/install/wheeltec_rrt_msg/lib/python3.8/site-packages/wheeltec_rrt_msg/msg/_point_array_s.c
[4.004s] -- Up-to-date: /home/wheeltec/wheeltec_ros2/install/wheeltec_rrt_msg/lib/python3.8/site-packages/wheeltec_rrt_msg/msg/_point_array.py
[4.004s] -- Up-to-date: /home/wheeltec/wheeltec_ros2/install/wheeltec_rrt_msg/lib/python3.8/site-packages/wheeltec_rrt_msg/wheeltec_rrt_msg_s__rosidl_typesupport_fastrtps_c.cpython-38-aarch64-linux-gnu.so
[4.009s] -- Up-to-date: /home/wheeltec/wheeltec_ros2/install/wheeltec_rrt_msg/lib/python3.8/site-packages/wheeltec_rrt_msg/wheeltec_rrt_msg_s__rosidl_typesupport_introspection_c.cpython-38-aarch64-linux-gnu.so
[4.014s] -- Up-to-date: /home/wheeltec/wheeltec_ros2/install/wheeltec_rrt_msg/lib/python3.8/site-packages/wheeltec_rrt_msg/wheeltec_rrt_msg_s__rosidl_typesupport_c.cpython-38-aarch64-linux-gnu.so
[4.019s] -- Up-to-date: /home/wheeltec/wheeltec_ros2/install/wheeltec_rrt_msg/lib/libwheeltec_rrt_msg__python.so
[4.020s] -- Up-to-date: /home/wheeltec/wheeltec_ros2/install/wheeltec_rrt_msg/share/wheeltec_rrt_msg/action/ChangePosition.idl
[4.021s] -- Up-to-date: /home/wheeltec/wheeltec_ros2/install/wheeltec_rrt_msg/share/wheeltec_rrt_msg/action/FindColouredBox.idl
[4.022s] -- Up-to-date: /home/wheeltec/wheeltec_ros2/install/wheeltec_rrt_msg/share/wheeltec_rrt_msg/action/PickColouredBox.idl
[4.023s] -- Up-to-date: /home/wheeltec/wheeltec_ros2/install/wheeltec_rrt_msg/share/wheeltec_rrt_msg/srv/DeleteShape.idl
[4.025s] -- Up-to-date: /home/wheeltec/wheeltec_ros2/install/wheeltec_rrt_msg/share/wheeltec_rrt_msg/msg/PointArray.idl
[4.026s] -- Up-to-date: /home/wheeltec/wheeltec_ros2/install/wheeltec_rrt_msg/share/wheeltec_rrt_msg/action/ChangePosition.action
[4.027s] -- Up-to-date: /home/wheeltec/wheeltec_ros2/install/wheeltec_rrt_msg/share/wheeltec_rrt_msg/action/FindColouredBox.action
[4.029s] -- Up-to-date: /home/wheeltec/wheeltec_ros2/install/wheeltec_rrt_msg/share/wheeltec_rrt_msg/action/PickColouredBox.action
[4.032s] -- Up-to-date: /home/wheeltec/wheeltec_ros2/install/wheeltec_rrt_msg/share/wheeltec_rrt_msg/srv/DeleteShape.srv
[4.034s] -- Up-to-date: /home/wheeltec/wheeltec_ros2/install/wheeltec_rrt_msg/share/wheeltec_rrt_msg/srv/DeleteShape_Request.msg
[4.035s] -- Up-to-date: /home/wheeltec/wheeltec_ros2/install/wheeltec_rrt_msg/share/wheeltec_rrt_msg/srv/DeleteShape_Response.msg
[4.037s] -- Up-to-date: /home/wheeltec/wheeltec_ros2/install/wheeltec_rrt_msg/share/wheeltec_rrt_msg/msg/PointArray.msg
[4.037s] -- Up-to-date: /home/wheeltec/wheeltec_ros2/install/wheeltec_rrt_msg/share/ament_index/resource_index/package_run_dependencies/wheeltec_rrt_msg
[4.038s] -- Up-to-date: /home/wheeltec/wheeltec_ros2/install/wheeltec_rrt_msg/share/ament_index/resource_index/parent_prefix_path/wheeltec_rrt_msg
[4.041s] -- Up-to-date: /home/wheeltec/wheeltec_ros2/install/wheeltec_rrt_msg/share/wheeltec_rrt_msg/environment/ament_prefix_path.sh
[4.041s] -- Up-to-date: /home/wheeltec/wheeltec_ros2/install/wheeltec_rrt_msg/share/wheeltec_rrt_msg/environment/ament_prefix_path.dsv
[4.042s] -- Up-to-date: /home/wheeltec/wheeltec_ros2/install/wheeltec_rrt_msg/share/wheeltec_rrt_msg/environment/path.sh
[4.042s] -- Up-to-date: /home/wheeltec/wheeltec_ros2/install/wheeltec_rrt_msg/share/wheeltec_rrt_msg/environment/path.dsv
[4.043s] -- Up-to-date: /home/wheeltec/wheeltec_ros2/install/wheeltec_rrt_msg/share/wheeltec_rrt_msg/local_setup.bash
[4.043s] -- Up-to-date: /home/wheeltec/wheeltec_ros2/install/wheeltec_rrt_msg/share/wheeltec_rrt_msg/local_setup.sh
[4.044s] -- Up-to-date: /home/wheeltec/wheeltec_ros2/install/wheeltec_rrt_msg/share/wheeltec_rrt_msg/local_setup.zsh
[4.044s] -- Up-to-date: /home/wheeltec/wheeltec_ros2/install/wheeltec_rrt_msg/share/wheeltec_rrt_msg/local_setup.dsv
[4.045s] -- Installing: /home/wheeltec/wheeltec_ros2/install/wheeltec_rrt_msg/share/wheeltec_rrt_msg/package.dsv
[4.045s] -- Up-to-date: /home/wheeltec/wheeltec_ros2/install/wheeltec_rrt_msg/share/ament_index/resource_index/packages/wheeltec_rrt_msg
[4.050s] -- Up-to-date: /home/wheeltec/wheeltec_ros2/install/wheeltec_rrt_msg/share/wheeltec_rrt_msg/cmake/wheeltec_rrt_msg__rosidl_generator_cExport.cmake
[4.051s] -- Up-to-date: /home/wheeltec/wheeltec_ros2/install/wheeltec_rrt_msg/share/wheeltec_rrt_msg/cmake/wheeltec_rrt_msg__rosidl_generator_cExport-noconfig.cmake
[4.052s] -- Up-to-date: /home/wheeltec/wheeltec_ros2/install/wheeltec_rrt_msg/share/wheeltec_rrt_msg/cmake/wheeltec_rrt_msg__rosidl_typesupport_introspection_cExport.cmake
[4.054s] -- Up-to-date: /home/wheeltec/wheeltec_ros2/install/wheeltec_rrt_msg/share/wheeltec_rrt_msg/cmake/wheeltec_rrt_msg__rosidl_typesupport_introspection_cExport-noconfig.cmake
[4.056s] -- Up-to-date: /home/wheeltec/wheeltec_ros2/install/wheeltec_rrt_msg/share/wheeltec_rrt_msg/cmake/wheeltec_rrt_msg__rosidl_typesupport_cExport.cmake
[4.056s] -- Up-to-date: /home/wheeltec/wheeltec_ros2/install/wheeltec_rrt_msg/share/wheeltec_rrt_msg/cmake/wheeltec_rrt_msg__rosidl_typesupport_cExport-noconfig.cmake
[4.058s] -- Up-to-date: /home/wheeltec/wheeltec_ros2/install/wheeltec_rrt_msg/share/wheeltec_rrt_msg/cmake/wheeltec_rrt_msg__rosidl_generator_cppExport.cmake
[4.060s] -- Up-to-date: /home/wheeltec/wheeltec_ros2/install/wheeltec_rrt_msg/share/wheeltec_rrt_msg/cmake/wheeltec_rrt_msg__rosidl_typesupport_introspection_cppExport.cmake
[4.064s] -- Up-to-date: /home/wheeltec/wheeltec_ros2/install/wheeltec_rrt_msg/share/wheeltec_rrt_msg/cmake/wheeltec_rrt_msg__rosidl_typesupport_introspection_cppExport-noconfig.cmake
[4.065s] -- Up-to-date: /home/wheeltec/wheeltec_ros2/install/wheeltec_rrt_msg/share/wheeltec_rrt_msg/cmake/wheeltec_rrt_msg__rosidl_typesupport_cppExport.cmake
[4.065s] -- Up-to-date: /home/wheeltec/wheeltec_ros2/install/wheeltec_rrt_msg/share/wheeltec_rrt_msg/cmake/wheeltec_rrt_msg__rosidl_typesupport_cppExport-noconfig.cmake
[4.066s] -- Up-to-date: /home/wheeltec/wheeltec_ros2/install/wheeltec_rrt_msg/share/wheeltec_rrt_msg/cmake/rosidl_cmake-extras.cmake
[4.066s] -- Up-to-date: /home/wheeltec/wheeltec_ros2/install/wheeltec_rrt_msg/share/wheeltec_rrt_msg/cmake/ament_cmake_export_dependencies-extras.cmake
[4.067s] -- Up-to-date: /home/wheeltec/wheeltec_ros2/install/wheeltec_rrt_msg/share/wheeltec_rrt_msg/cmake/ament_cmake_export_libraries-extras.cmake
[4.067s] -- Up-to-date: /home/wheeltec/wheeltec_ros2/install/wheeltec_rrt_msg/share/wheeltec_rrt_msg/cmake/ament_cmake_export_targets-extras.cmake
[4.067s] -- Up-to-date: /home/wheeltec/wheeltec_ros2/install/wheeltec_rrt_msg/share/wheeltec_rrt_msg/cmake/ament_cmake_export_include_directories-extras.cmake
[4.068s] -- Up-to-date: /home/wheeltec/wheeltec_ros2/install/wheeltec_rrt_msg/share/wheeltec_rrt_msg/cmake/rosidl_cmake_export_typesupport_libraries-extras.cmake
[4.068s] -- Up-to-date: /home/wheeltec/wheeltec_ros2/install/wheeltec_rrt_msg/share/wheeltec_rrt_msg/cmake/rosidl_cmake_export_typesupport_targets-extras.cmake
[4.069s] -- Up-to-date: /home/wheeltec/wheeltec_ros2/install/wheeltec_rrt_msg/share/wheeltec_rrt_msg/cmake/wheeltec_rrt_msgConfig.cmake
[4.069s] -- Up-to-date: /home/wheeltec/wheeltec_ros2/install/wheeltec_rrt_msg/share/wheeltec_rrt_msg/cmake/wheeltec_rrt_msgConfig-version.cmake
[4.070s] -- Up-to-date: /home/wheeltec/wheeltec_ros2/install/wheeltec_rrt_msg/share/wheeltec_rrt_msg/package.xml
[4.092s] Invoked command in '/home/wheeltec/wheeltec_ros2/build/wheeltec_rrt_msg' returned '0': CMAKE_PREFIX_PATH=${CMAKE_PREFIX_PATH}:/home/wheeltec/wheeltec_ros2/install/wheeltec_robot_keyboard:/home/wheeltec/wheeltec_ros2/install/tf2_tools:/home/wheeltec/wheeltec_ros2/install/nav2_gazebo_spawner:/opt/ros/galactic /usr/bin/cmake --install /home/wheeltec/wheeltec_ros2/build/wheeltec_rrt_msg
