[0.102s] Invoking command in '/home/wheeltec/wheeltec_ros2/build/nav2_msgs': CMAKE_PREFIX_PATH=/home/wheeltec/wheeltec_ros2/install/nav2_common:/home/wheeltec/wheeltec_ros2/install/wheeltec_rrt_msg:/home/wheeltec/wheeltec_ros2/install/turn_on_wheeltec_robot:/home/wheeltec/wheeltec_ros2/install/wheeltec_robot_msg:/home/wheeltec/wheeltec_ros2/install/wheeltec_joy:/home/wheeltec/wheeltec_ros2/install/wheeltec_cartographer:/home/wheeltec/wheeltec_ros2/install/web_video_server:/home/wheeltec/wheeltec_ros2/install/usb_cam:/home/wheeltec/wheeltec_ros2/install/serial:/home/wheeltec/wheeltec_ros2/install/rplidar_ros2:/home/wheeltec/wheeltec_ros2/install/perception_pcl:/home/wheeltec/wheeltec_ros2/install/pcl_ros:/home/wheeltec/wheeltec_ros2/install/pcl_conversions:/home/wheeltec/wheeltec_ros2/install/openslam_gmapping:/home/wheeltec/wheeltec_ros2/install/nav_2d_utils:/home/wheeltec/wheeltec_ros2/install/dwb_msgs:/home/wheeltec/wheeltec_ros2/install/nav_2d_msgs:/home/wheeltec/wheeltec_ros2/install/nav2_voxel_grid:/home/wheeltec/wheeltec_ros2/install/nav2_lifecycle_manager:/home/wheeltec/wheeltec_ros2/install/nav2_amcl:/home/wheeltec/wheeltec_ros2/install/nav2_util:/home/wheeltec/wheeltec_ros2/install/nav2_msgs:/home/wheeltec/wheeltec_ros2/install/lsn10:/home/wheeltec/wheeltec_ros2/install/lsm10_v2:/home/wheeltec/wheeltec_ros2/install/lidar_ros2:/home/wheeltec/wheeltec_ros2/install/ldlidar_stl_ros2:/home/wheeltec/wheeltec_ros2/install/ldlidar_sl_ros2:/home/wheeltec/wheeltec_ros2/install/astra_msgs:/home/wheeltec/wheeltec_ros2/install/ar_track_alvar_msgs:/home/wheeltec/wheeltec_ros2/install/ackermann_msgs:/home/wheeltec/wheeltec_ros2/install/wheeltec_robot_keyboard:/home/wheeltec/wheeltec_ros2/install/tf2_tools:/home/wheeltec/wheeltec_ros2/install/nav2_gazebo_spawner:/opt/ros/galactic PYTHONPATH=/home/wheeltec/wheeltec_ros2/install/nav2_common/lib/python3.8/site-packages:/home/wheeltec/wheeltec_ros2/install/wheeltec_rrt_msg/lib/python3.8/site-packages:/home/wheeltec/wheeltec_ros2/install/turn_on_wheeltec_robot/lib/python3.8/site-packages:/home/wheeltec/wheeltec_ros2/install/wheeltec_robot_msg/lib/python3.8/site-packages:/home/wheeltec/wheeltec_ros2/install/wheeltec_robot_keyboard/lib/python3.8/site-packages:/home/wheeltec/wheeltec_ros2/install/tf2_tools/lib/python3.8/site-packages:/home/wheeltec/wheeltec_ros2/install/dwb_msgs/lib/python3.8/site-packages:/home/wheeltec/wheeltec_ros2/install/nav_2d_msgs/lib/python3.8/site-packages:/home/wheeltec/wheeltec_ros2/install/nav2_msgs/lib/python3.8/site-packages:/home/wheeltec/wheeltec_ros2/install/nav2_gazebo_spawner/lib/python3.8/site-packages:/home/wheeltec/wheeltec_ros2/install/lsm10_v2/lib/python3.8/site-packages:/home/wheeltec/wheeltec_ros2/install/astra_msgs/lib/python3.8/site-packages:/home/wheeltec/wheeltec_ros2/install/ar_track_alvar_msgs/lib/python3.8/site-packages:/home/wheeltec/wheeltec_ros2/install/ackermann_msgs/lib/python3.8/site-packages:/opt/ros/galactic/lib/python3.8/site-packages /usr/bin/cmake --build /home/wheeltec/wheeltec_ros2/build/nav2_msgs -- -j4 -l4
[0.550s] [  0%] Built target nav2_msgs__cpp
[0.699s] [ 12%] Built target nav2_msgs__rosidl_generator_c
[0.789s] [ 24%] Built target nav2_msgs__rosidl_typesupport_cpp
[0.904s] [ 36%] Built target nav2_msgs__rosidl_typesupport_fastrtps_cpp
[0.967s] [ 49%] Built target nav2_msgs__rosidl_typesupport_introspection_cpp
[1.000s] [ 61%] Built target nav2_msgs__rosidl_typesupport_c
[1.071s] [ 74%] Built target nav2_msgs__rosidl_typesupport_introspection_c
[1.212s] [ 86%] Built target nav2_msgs__rosidl_typesupport_fastrtps_c
[1.316s] [ 86%] Built target nav2_msgs
[1.443s] [ 86%] Built target nav2_msgs__py
[1.680s] [ 98%] Built target nav2_msgs__python
[1.992s] [ 99%] Built target nav2_msgs__rosidl_typesupport_c__pyext
[2.046s] [ 99%] Built target nav2_msgs__rosidl_typesupport_introspection_c__pyext
[2.072s] [100%] Built target nav2_msgs__rosidl_typesupport_fastrtps_c__pyext
[2.264s] Invoked command in '/home/wheeltec/wheeltec_ros2/build/nav2_msgs' returned '0': CMAKE_PREFIX_PATH=/home/wheeltec/wheeltec_ros2/install/nav2_common:/home/wheeltec/wheeltec_ros2/install/wheeltec_rrt_msg:/home/wheeltec/wheeltec_ros2/install/turn_on_wheeltec_robot:/home/wheeltec/wheeltec_ros2/install/wheeltec_robot_msg:/home/wheeltec/wheeltec_ros2/install/wheeltec_joy:/home/wheeltec/wheeltec_ros2/install/wheeltec_cartographer:/home/wheeltec/wheeltec_ros2/install/web_video_server:/home/wheeltec/wheeltec_ros2/install/usb_cam:/home/wheeltec/wheeltec_ros2/install/serial:/home/wheeltec/wheeltec_ros2/install/rplidar_ros2:/home/wheeltec/wheeltec_ros2/install/perception_pcl:/home/wheeltec/wheeltec_ros2/install/pcl_ros:/home/wheeltec/wheeltec_ros2/install/pcl_conversions:/home/wheeltec/wheeltec_ros2/install/openslam_gmapping:/home/wheeltec/wheeltec_ros2/install/nav_2d_utils:/home/wheeltec/wheeltec_ros2/install/dwb_msgs:/home/wheeltec/wheeltec_ros2/install/nav_2d_msgs:/home/wheeltec/wheeltec_ros2/install/nav2_voxel_grid:/home/wheeltec/wheeltec_ros2/install/nav2_lifecycle_manager:/home/wheeltec/wheeltec_ros2/install/nav2_amcl:/home/wheeltec/wheeltec_ros2/install/nav2_util:/home/wheeltec/wheeltec_ros2/install/nav2_msgs:/home/wheeltec/wheeltec_ros2/install/lsn10:/home/wheeltec/wheeltec_ros2/install/lsm10_v2:/home/wheeltec/wheeltec_ros2/install/lidar_ros2:/home/wheeltec/wheeltec_ros2/install/ldlidar_stl_ros2:/home/wheeltec/wheeltec_ros2/install/ldlidar_sl_ros2:/home/wheeltec/wheeltec_ros2/install/astra_msgs:/home/wheeltec/wheeltec_ros2/install/ar_track_alvar_msgs:/home/wheeltec/wheeltec_ros2/install/ackermann_msgs:/home/wheeltec/wheeltec_ros2/install/wheeltec_robot_keyboard:/home/wheeltec/wheeltec_ros2/install/tf2_tools:/home/wheeltec/wheeltec_ros2/install/nav2_gazebo_spawner:/opt/ros/galactic PYTHONPATH=/home/wheeltec/wheeltec_ros2/install/nav2_common/lib/python3.8/site-packages:/home/wheeltec/wheeltec_ros2/install/wheeltec_rrt_msg/lib/python3.8/site-packages:/home/wheeltec/wheeltec_ros2/install/turn_on_wheeltec_robot/lib/python3.8/site-packages:/home/wheeltec/wheeltec_ros2/install/wheeltec_robot_msg/lib/python3.8/site-packages:/home/wheeltec/wheeltec_ros2/install/wheeltec_robot_keyboard/lib/python3.8/site-packages:/home/wheeltec/wheeltec_ros2/install/tf2_tools/lib/python3.8/site-packages:/home/wheeltec/wheeltec_ros2/install/dwb_msgs/lib/python3.8/site-packages:/home/wheeltec/wheeltec_ros2/install/nav_2d_msgs/lib/python3.8/site-packages:/home/wheeltec/wheeltec_ros2/install/nav2_msgs/lib/python3.8/site-packages:/home/wheeltec/wheeltec_ros2/install/nav2_gazebo_spawner/lib/python3.8/site-packages:/home/wheeltec/wheeltec_ros2/install/lsm10_v2/lib/python3.8/site-packages:/home/wheeltec/wheeltec_ros2/install/astra_msgs/lib/python3.8/site-packages:/home/wheeltec/wheeltec_ros2/install/ar_track_alvar_msgs/lib/python3.8/site-packages:/home/wheeltec/wheeltec_ros2/install/ackermann_msgs/lib/python3.8/site-packages:/opt/ros/galactic/lib/python3.8/site-packages /usr/bin/cmake --build /home/wheeltec/wheeltec_ros2/build/nav2_msgs -- -j4 -l4
[5.663s] Invoking command in '/home/wheeltec/wheeltec_ros2/build/nav2_msgs': CMAKE_PREFIX_PATH=/home/wheeltec/wheeltec_ros2/install/nav2_common:/home/wheeltec/wheeltec_ros2/install/wheeltec_rrt_msg:/home/wheeltec/wheeltec_ros2/install/turn_on_wheeltec_robot:/home/wheeltec/wheeltec_ros2/install/wheeltec_robot_msg:/home/wheeltec/wheeltec_ros2/install/wheeltec_joy:/home/wheeltec/wheeltec_ros2/install/wheeltec_cartographer:/home/wheeltec/wheeltec_ros2/install/web_video_server:/home/wheeltec/wheeltec_ros2/install/usb_cam:/home/wheeltec/wheeltec_ros2/install/serial:/home/wheeltec/wheeltec_ros2/install/rplidar_ros2:/home/wheeltec/wheeltec_ros2/install/perception_pcl:/home/wheeltec/wheeltec_ros2/install/pcl_ros:/home/wheeltec/wheeltec_ros2/install/pcl_conversions:/home/wheeltec/wheeltec_ros2/install/openslam_gmapping:/home/wheeltec/wheeltec_ros2/install/nav_2d_utils:/home/wheeltec/wheeltec_ros2/install/dwb_msgs:/home/wheeltec/wheeltec_ros2/install/nav_2d_msgs:/home/wheeltec/wheeltec_ros2/install/nav2_voxel_grid:/home/wheeltec/wheeltec_ros2/install/nav2_lifecycle_manager:/home/wheeltec/wheeltec_ros2/install/nav2_amcl:/home/wheeltec/wheeltec_ros2/install/nav2_util:/home/wheeltec/wheeltec_ros2/install/nav2_msgs:/home/wheeltec/wheeltec_ros2/install/lsn10:/home/wheeltec/wheeltec_ros2/install/lsm10_v2:/home/wheeltec/wheeltec_ros2/install/lidar_ros2:/home/wheeltec/wheeltec_ros2/install/ldlidar_stl_ros2:/home/wheeltec/wheeltec_ros2/install/ldlidar_sl_ros2:/home/wheeltec/wheeltec_ros2/install/astra_msgs:/home/wheeltec/wheeltec_ros2/install/ar_track_alvar_msgs:/home/wheeltec/wheeltec_ros2/install/ackermann_msgs:/home/wheeltec/wheeltec_ros2/install/wheeltec_robot_keyboard:/home/wheeltec/wheeltec_ros2/install/tf2_tools:/home/wheeltec/wheeltec_ros2/install/nav2_gazebo_spawner:/opt/ros/galactic PYTHONPATH=/home/wheeltec/wheeltec_ros2/install/nav2_common/lib/python3.8/site-packages:/home/wheeltec/wheeltec_ros2/install/wheeltec_rrt_msg/lib/python3.8/site-packages:/home/wheeltec/wheeltec_ros2/install/turn_on_wheeltec_robot/lib/python3.8/site-packages:/home/wheeltec/wheeltec_ros2/install/wheeltec_robot_msg/lib/python3.8/site-packages:/home/wheeltec/wheeltec_ros2/install/wheeltec_robot_keyboard/lib/python3.8/site-packages:/home/wheeltec/wheeltec_ros2/install/tf2_tools/lib/python3.8/site-packages:/home/wheeltec/wheeltec_ros2/install/dwb_msgs/lib/python3.8/site-packages:/home/wheeltec/wheeltec_ros2/install/nav_2d_msgs/lib/python3.8/site-packages:/home/wheeltec/wheeltec_ros2/install/nav2_msgs/lib/python3.8/site-packages:/home/wheeltec/wheeltec_ros2/install/nav2_gazebo_spawner/lib/python3.8/site-packages:/home/wheeltec/wheeltec_ros2/install/lsm10_v2/lib/python3.8/site-packages:/home/wheeltec/wheeltec_ros2/install/astra_msgs/lib/python3.8/site-packages:/home/wheeltec/wheeltec_ros2/install/ar_track_alvar_msgs/lib/python3.8/site-packages:/home/wheeltec/wheeltec_ros2/install/ackermann_msgs/lib/python3.8/site-packages:/opt/ros/galactic/lib/python3.8/site-packages /usr/bin/cmake --install /home/wheeltec/wheeltec_ros2/build/nav2_msgs
[5.717s] -- Install configuration: "Release"
[5.717s] -- Up-to-date: /home/wheeltec/wheeltec_ros2/install/nav2_msgs/share/ament_index/resource_index/rosidl_interfaces/nav2_msgs
[5.718s] -- Up-to-date: /home/wheeltec/wheeltec_ros2/install/nav2_msgs/include/nav2_msgs
[5.718s] -- Up-to-date: /home/wheeltec/wheeltec_ros2/install/nav2_msgs/include/nav2_msgs/action
[5.719s] -- Up-to-date: /home/wheeltec/wheeltec_ros2/install/nav2_msgs/include/nav2_msgs/action/wait.h
[5.720s] -- Up-to-date: /home/wheeltec/wheeltec_ros2/install/nav2_msgs/include/nav2_msgs/action/follow_path.h
[5.721s] -- Up-to-date: /home/wheeltec/wheeltec_ros2/install/nav2_msgs/include/nav2_msgs/action/navigate_through_poses.h
[5.722s] -- Up-to-date: /home/wheeltec/wheeltec_ros2/install/nav2_msgs/include/nav2_msgs/action/spin.h
[5.723s] -- Up-to-date: /home/wheeltec/wheeltec_ros2/install/nav2_msgs/include/nav2_msgs/action/navigate_to_pose.h
[5.724s] -- Up-to-date: /home/wheeltec/wheeltec_ros2/install/nav2_msgs/include/nav2_msgs/action/back_up.h
[5.724s] -- Up-to-date: /home/wheeltec/wheeltec_ros2/install/nav2_msgs/include/nav2_msgs/action/detail
[5.724s] -- Up-to-date: /home/wheeltec/wheeltec_ros2/install/nav2_msgs/include/nav2_msgs/action/detail/navigate_to_pose__struct.h
[5.725s] -- Up-to-date: /home/wheeltec/wheeltec_ros2/install/nav2_msgs/include/nav2_msgs/action/detail/dummy_recovery__type_support.h
[5.725s] -- Up-to-date: /home/wheeltec/wheeltec_ros2/install/nav2_msgs/include/nav2_msgs/action/detail/navigate_to_pose__type_support.h
[5.726s] -- Up-to-date: /home/wheeltec/wheeltec_ros2/install/nav2_msgs/include/nav2_msgs/action/detail/back_up__functions.h
[5.727s] -- Up-to-date: /home/wheeltec/wheeltec_ros2/install/nav2_msgs/include/nav2_msgs/action/detail/compute_path_through_poses__struct.h
[5.727s] -- Up-to-date: /home/wheeltec/wheeltec_ros2/install/nav2_msgs/include/nav2_msgs/action/detail/dummy_recovery__struct.h
[5.728s] -- Up-to-date: /home/wheeltec/wheeltec_ros2/install/nav2_msgs/include/nav2_msgs/action/detail/spin__struct.h
[5.729s] -- Up-to-date: /home/wheeltec/wheeltec_ros2/install/nav2_msgs/include/nav2_msgs/action/detail/navigate_to_pose__functions.c
[5.729s] -- Up-to-date: /home/wheeltec/wheeltec_ros2/install/nav2_msgs/include/nav2_msgs/action/detail/wait__functions.h
[5.730s] -- Up-to-date: /home/wheeltec/wheeltec_ros2/install/nav2_msgs/include/nav2_msgs/action/detail/spin__functions.h
[5.731s] -- Up-to-date: /home/wheeltec/wheeltec_ros2/install/nav2_msgs/include/nav2_msgs/action/detail/dummy_recovery__functions.h
[5.732s] -- Up-to-date: /home/wheeltec/wheeltec_ros2/install/nav2_msgs/include/nav2_msgs/action/detail/follow_waypoints__functions.h
[5.732s] -- Up-to-date: /home/wheeltec/wheeltec_ros2/install/nav2_msgs/include/nav2_msgs/action/detail/compute_path_through_poses__functions.c
[5.733s] -- Up-to-date: /home/wheeltec/wheeltec_ros2/install/nav2_msgs/include/nav2_msgs/action/detail/compute_path_through_poses__type_support.h
[5.735s] -- Up-to-date: /home/wheeltec/wheeltec_ros2/install/nav2_msgs/include/nav2_msgs/action/detail/spin__functions.c
[5.740s] -- Up-to-date: /home/wheeltec/wheeltec_ros2/install/nav2_msgs/include/nav2_msgs/action/detail/compute_path_to_pose__functions.c
[5.741s] -- Up-to-date: /home/wheeltec/wheeltec_ros2/install/nav2_msgs/include/nav2_msgs/action/detail/navigate_through_poses__type_support.h
[5.741s] -- Up-to-date: /home/wheeltec/wheeltec_ros2/install/nav2_msgs/include/nav2_msgs/action/detail/compute_path_to_pose__functions.h
[5.742s] -- Up-to-date: /home/wheeltec/wheeltec_ros2/install/nav2_msgs/include/nav2_msgs/action/detail/navigate_through_poses__functions.c
[5.742s] -- Up-to-date: /home/wheeltec/wheeltec_ros2/install/nav2_msgs/include/nav2_msgs/action/detail/compute_path_to_pose__type_support.h
[5.743s] -- Up-to-date: /home/wheeltec/wheeltec_ros2/install/nav2_msgs/include/nav2_msgs/action/detail/navigate_through_poses__struct.h
[5.744s] -- Up-to-date: /home/wheeltec/wheeltec_ros2/install/nav2_msgs/include/nav2_msgs/action/detail/follow_path__struct.h
[5.745s] -- Up-to-date: /home/wheeltec/wheeltec_ros2/install/nav2_msgs/include/nav2_msgs/action/detail/back_up__type_support.h
[5.746s] -- Up-to-date: /home/wheeltec/wheeltec_ros2/install/nav2_msgs/include/nav2_msgs/action/detail/navigate_through_poses__functions.h
[5.746s] -- Up-to-date: /home/wheeltec/wheeltec_ros2/install/nav2_msgs/include/nav2_msgs/action/detail/follow_path__functions.h
[5.747s] -- Up-to-date: /home/wheeltec/wheeltec_ros2/install/nav2_msgs/include/nav2_msgs/action/detail/spin__type_support.h
[5.747s] -- Up-to-date: /home/wheeltec/wheeltec_ros2/install/nav2_msgs/include/nav2_msgs/action/detail/wait__type_support.h
[5.748s] -- Up-to-date: /home/wheeltec/wheeltec_ros2/install/nav2_msgs/include/nav2_msgs/action/detail/dummy_recovery__functions.c
[5.748s] -- Up-to-date: /home/wheeltec/wheeltec_ros2/install/nav2_msgs/include/nav2_msgs/action/detail/back_up__functions.c
[5.750s] -- Up-to-date: /home/wheeltec/wheeltec_ros2/install/nav2_msgs/include/nav2_msgs/action/detail/compute_path_through_poses__functions.h
[5.755s] -- Up-to-date: /home/wheeltec/wheeltec_ros2/install/nav2_msgs/include/nav2_msgs/action/detail/wait__functions.c
[5.755s] -- Up-to-date: /home/wheeltec/wheeltec_ros2/install/nav2_msgs/include/nav2_msgs/action/detail/follow_path__type_support.h
[5.756s] -- Up-to-date: /home/wheeltec/wheeltec_ros2/install/nav2_msgs/include/nav2_msgs/action/detail/navigate_to_pose__functions.h
[5.756s] -- Up-to-date: /home/wheeltec/wheeltec_ros2/install/nav2_msgs/include/nav2_msgs/action/detail/follow_waypoints__type_support.h
[5.757s] -- Up-to-date: /home/wheeltec/wheeltec_ros2/install/nav2_msgs/include/nav2_msgs/action/detail/compute_path_to_pose__struct.h
[5.759s] -- Up-to-date: /home/wheeltec/wheeltec_ros2/install/nav2_msgs/include/nav2_msgs/action/detail/follow_waypoints__struct.h
[5.760s] -- Up-to-date: /home/wheeltec/wheeltec_ros2/install/nav2_msgs/include/nav2_msgs/action/detail/wait__struct.h
[5.760s] -- Up-to-date: /home/wheeltec/wheeltec_ros2/install/nav2_msgs/include/nav2_msgs/action/detail/follow_waypoints__functions.c
[5.761s] -- Up-to-date: /home/wheeltec/wheeltec_ros2/install/nav2_msgs/include/nav2_msgs/action/detail/follow_path__functions.c
[5.762s] -- Up-to-date: /home/wheeltec/wheeltec_ros2/install/nav2_msgs/include/nav2_msgs/action/detail/back_up__struct.h
[5.763s] -- Up-to-date: /home/wheeltec/wheeltec_ros2/install/nav2_msgs/include/nav2_msgs/action/dummy_recovery.h
[5.763s] -- Up-to-date: /home/wheeltec/wheeltec_ros2/install/nav2_msgs/include/nav2_msgs/action/compute_path_to_pose.h
[5.764s] -- Up-to-date: /home/wheeltec/wheeltec_ros2/install/nav2_msgs/include/nav2_msgs/action/follow_waypoints.h
[5.764s] -- Up-to-date: /home/wheeltec/wheeltec_ros2/install/nav2_msgs/include/nav2_msgs/action/compute_path_through_poses.h
[5.765s] -- Up-to-date: /home/wheeltec/wheeltec_ros2/install/nav2_msgs/include/nav2_msgs/msg
[5.765s] -- Up-to-date: /home/wheeltec/wheeltec_ros2/install/nav2_msgs/include/nav2_msgs/msg/speed_limit.h
[5.766s] -- Up-to-date: /home/wheeltec/wheeltec_ros2/install/nav2_msgs/include/nav2_msgs/msg/particle.h
[5.768s] -- Up-to-date: /home/wheeltec/wheeltec_ros2/install/nav2_msgs/include/nav2_msgs/msg/costmap_meta_data.h
[5.769s] -- Up-to-date: /home/wheeltec/wheeltec_ros2/install/nav2_msgs/include/nav2_msgs/msg/costmap_filter_info.h
[5.772s] -- Up-to-date: /home/wheeltec/wheeltec_ros2/install/nav2_msgs/include/nav2_msgs/msg/behavior_tree_log.h
[5.773s] -- Up-to-date: /home/wheeltec/wheeltec_ros2/install/nav2_msgs/include/nav2_msgs/msg/detail
[5.774s] -- Up-to-date: /home/wheeltec/wheeltec_ros2/install/nav2_msgs/include/nav2_msgs/msg/detail/costmap__functions.h
[5.776s] -- Up-to-date: /home/wheeltec/wheeltec_ros2/install/nav2_msgs/include/nav2_msgs/msg/detail/behavior_tree_status_change__struct.h
[5.777s] -- Up-to-date: /home/wheeltec/wheeltec_ros2/install/nav2_msgs/include/nav2_msgs/msg/detail/behavior_tree_log__functions.h
[5.778s] -- Up-to-date: /home/wheeltec/wheeltec_ros2/install/nav2_msgs/include/nav2_msgs/msg/detail/costmap__struct.h
[5.779s] -- Up-to-date: /home/wheeltec/wheeltec_ros2/install/nav2_msgs/include/nav2_msgs/msg/detail/costmap_meta_data__struct.h
[5.779s] -- Up-to-date: /home/wheeltec/wheeltec_ros2/install/nav2_msgs/include/nav2_msgs/msg/detail/behavior_tree_status_change__functions.c
[5.780s] -- Up-to-date: /home/wheeltec/wheeltec_ros2/install/nav2_msgs/include/nav2_msgs/msg/detail/behavior_tree_log__type_support.h
[5.781s] -- Up-to-date: /home/wheeltec/wheeltec_ros2/install/nav2_msgs/include/nav2_msgs/msg/detail/costmap_filter_info__functions.c
[5.782s] -- Up-to-date: /home/wheeltec/wheeltec_ros2/install/nav2_msgs/include/nav2_msgs/msg/detail/voxel_grid__functions.h
[5.783s] -- Up-to-date: /home/wheeltec/wheeltec_ros2/install/nav2_msgs/include/nav2_msgs/msg/detail/speed_limit__struct.h
[5.783s] -- Up-to-date: /home/wheeltec/wheeltec_ros2/install/nav2_msgs/include/nav2_msgs/msg/detail/behavior_tree_status_change__functions.h
[5.784s] -- Up-to-date: /home/wheeltec/wheeltec_ros2/install/nav2_msgs/include/nav2_msgs/msg/detail/speed_limit__functions.h
[5.784s] -- Up-to-date: /home/wheeltec/wheeltec_ros2/install/nav2_msgs/include/nav2_msgs/msg/detail/voxel_grid__struct.h
[5.786s] -- Up-to-date: /home/wheeltec/wheeltec_ros2/install/nav2_msgs/include/nav2_msgs/msg/detail/costmap_filter_info__struct.h
[5.786s] -- Up-to-date: /home/wheeltec/wheeltec_ros2/install/nav2_msgs/include/nav2_msgs/msg/detail/particle__functions.h
[5.787s] -- Up-to-date: /home/wheeltec/wheeltec_ros2/install/nav2_msgs/include/nav2_msgs/msg/detail/particle_cloud__type_support.h
[5.788s] -- Up-to-date: /home/wheeltec/wheeltec_ros2/install/nav2_msgs/include/nav2_msgs/msg/detail/costmap_meta_data__functions.h
[5.789s] -- Up-to-date: /home/wheeltec/wheeltec_ros2/install/nav2_msgs/include/nav2_msgs/msg/detail/behavior_tree_status_change__type_support.h
[5.790s] -- Up-to-date: /home/wheeltec/wheeltec_ros2/install/nav2_msgs/include/nav2_msgs/msg/detail/costmap_meta_data__type_support.h
[5.791s] -- Up-to-date: /home/wheeltec/wheeltec_ros2/install/nav2_msgs/include/nav2_msgs/msg/detail/costmap__functions.c
[5.792s] -- Up-to-date: /home/wheeltec/wheeltec_ros2/install/nav2_msgs/include/nav2_msgs/msg/detail/costmap_filter_info__type_support.h
[5.793s] -- Up-to-date: /home/wheeltec/wheeltec_ros2/install/nav2_msgs/include/nav2_msgs/msg/detail/particle_cloud__struct.h
[5.794s] -- Up-to-date: /home/wheeltec/wheeltec_ros2/install/nav2_msgs/include/nav2_msgs/msg/detail/behavior_tree_log__functions.c
[5.795s] -- Up-to-date: /home/wheeltec/wheeltec_ros2/install/nav2_msgs/include/nav2_msgs/msg/detail/costmap__type_support.h
[5.796s] -- Up-to-date: /home/wheeltec/wheeltec_ros2/install/nav2_msgs/include/nav2_msgs/msg/detail/costmap_meta_data__functions.c
[5.797s] -- Up-to-date: /home/wheeltec/wheeltec_ros2/install/nav2_msgs/include/nav2_msgs/msg/detail/particle__type_support.h
[5.798s] -- Up-to-date: /home/wheeltec/wheeltec_ros2/install/nav2_msgs/include/nav2_msgs/msg/detail/voxel_grid__functions.c
[5.799s] -- Up-to-date: /home/wheeltec/wheeltec_ros2/install/nav2_msgs/include/nav2_msgs/msg/detail/behavior_tree_log__struct.h
[5.799s] -- Up-to-date: /home/wheeltec/wheeltec_ros2/install/nav2_msgs/include/nav2_msgs/msg/detail/speed_limit__type_support.h
[5.800s] -- Up-to-date: /home/wheeltec/wheeltec_ros2/install/nav2_msgs/include/nav2_msgs/msg/detail/particle_cloud__functions.c
[5.801s] -- Up-to-date: /home/wheeltec/wheeltec_ros2/install/nav2_msgs/include/nav2_msgs/msg/detail/speed_limit__functions.c
[5.804s] -- Up-to-date: /home/wheeltec/wheeltec_ros2/install/nav2_msgs/include/nav2_msgs/msg/detail/particle__functions.c
[5.804s] -- Up-to-date: /home/wheeltec/wheeltec_ros2/install/nav2_msgs/include/nav2_msgs/msg/detail/particle_cloud__functions.h
[5.805s] -- Up-to-date: /home/wheeltec/wheeltec_ros2/install/nav2_msgs/include/nav2_msgs/msg/detail/particle__struct.h
[5.805s] -- Up-to-date: /home/wheeltec/wheeltec_ros2/install/nav2_msgs/include/nav2_msgs/msg/detail/voxel_grid__type_support.h
[5.805s] -- Up-to-date: /home/wheeltec/wheeltec_ros2/install/nav2_msgs/include/nav2_msgs/msg/detail/costmap_filter_info__functions.h
[5.806s] -- Up-to-date: /home/wheeltec/wheeltec_ros2/install/nav2_msgs/include/nav2_msgs/msg/voxel_grid.h
[5.807s] -- Up-to-date: /home/wheeltec/wheeltec_ros2/install/nav2_msgs/include/nav2_msgs/msg/behavior_tree_status_change.h
[5.807s] -- Up-to-date: /home/wheeltec/wheeltec_ros2/install/nav2_msgs/include/nav2_msgs/msg/costmap.h
[5.807s] -- Up-to-date: /home/wheeltec/wheeltec_ros2/install/nav2_msgs/include/nav2_msgs/msg/rosidl_generator_c__visibility_control.h
[5.808s] -- Up-to-date: /home/wheeltec/wheeltec_ros2/install/nav2_msgs/include/nav2_msgs/msg/particle_cloud.h
[5.808s] -- Up-to-date: /home/wheeltec/wheeltec_ros2/install/nav2_msgs/include/nav2_msgs/srv
[5.808s] -- Up-to-date: /home/wheeltec/wheeltec_ros2/install/nav2_msgs/include/nav2_msgs/srv/clear_entire_costmap.h
[5.810s] -- Up-to-date: /home/wheeltec/wheeltec_ros2/install/nav2_msgs/include/nav2_msgs/srv/load_map.h
[5.810s] -- Up-to-date: /home/wheeltec/wheeltec_ros2/install/nav2_msgs/include/nav2_msgs/srv/get_costmap.h
[5.811s] -- Up-to-date: /home/wheeltec/wheeltec_ros2/install/nav2_msgs/include/nav2_msgs/srv/save_map.h
[5.811s] -- Up-to-date: /home/wheeltec/wheeltec_ros2/install/nav2_msgs/include/nav2_msgs/srv/detail
[5.812s] -- Up-to-date: /home/wheeltec/wheeltec_ros2/install/nav2_msgs/include/nav2_msgs/srv/detail/save_map__struct.h
[5.812s] -- Up-to-date: /home/wheeltec/wheeltec_ros2/install/nav2_msgs/include/nav2_msgs/srv/detail/clear_costmap_except_region__functions.c
[5.812s] -- Up-to-date: /home/wheeltec/wheeltec_ros2/install/nav2_msgs/include/nav2_msgs/srv/detail/clear_entire_costmap__type_support.h
[5.813s] -- Up-to-date: /home/wheeltec/wheeltec_ros2/install/nav2_msgs/include/nav2_msgs/srv/detail/manage_lifecycle_nodes__type_support.h
[5.814s] -- Up-to-date: /home/wheeltec/wheeltec_ros2/install/nav2_msgs/include/nav2_msgs/srv/detail/clear_costmap_except_region__functions.h
[5.814s] -- Up-to-date: /home/wheeltec/wheeltec_ros2/install/nav2_msgs/include/nav2_msgs/srv/detail/clear_costmap_around_robot__functions.h
[5.815s] -- Up-to-date: /home/wheeltec/wheeltec_ros2/install/nav2_msgs/include/nav2_msgs/srv/detail/save_map__functions.h
[5.815s] -- Up-to-date: /home/wheeltec/wheeltec_ros2/install/nav2_msgs/include/nav2_msgs/srv/detail/clear_costmap_around_robot__functions.c
[5.815s] -- Up-to-date: /home/wheeltec/wheeltec_ros2/install/nav2_msgs/include/nav2_msgs/srv/detail/get_costmap__functions.h
[5.816s] -- Up-to-date: /home/wheeltec/wheeltec_ros2/install/nav2_msgs/include/nav2_msgs/srv/detail/clear_costmap_except_region__type_support.h
[5.817s] -- Up-to-date: /home/wheeltec/wheeltec_ros2/install/nav2_msgs/include/nav2_msgs/srv/detail/manage_lifecycle_nodes__functions.h
[5.817s] -- Up-to-date: /home/wheeltec/wheeltec_ros2/install/nav2_msgs/include/nav2_msgs/srv/detail/save_map__type_support.h
[5.818s] -- Up-to-date: /home/wheeltec/wheeltec_ros2/install/nav2_msgs/include/nav2_msgs/srv/detail/clear_costmap_around_robot__type_support.h
[5.818s] -- Up-to-date: /home/wheeltec/wheeltec_ros2/install/nav2_msgs/include/nav2_msgs/srv/detail/clear_entire_costmap__functions.h
[5.819s] -- Up-to-date: /home/wheeltec/wheeltec_ros2/install/nav2_msgs/include/nav2_msgs/srv/detail/load_map__functions.h
[5.819s] -- Up-to-date: /home/wheeltec/wheeltec_ros2/install/nav2_msgs/include/nav2_msgs/srv/detail/clear_costmap_except_region__struct.h
[5.819s] -- Up-to-date: /home/wheeltec/wheeltec_ros2/install/nav2_msgs/include/nav2_msgs/srv/detail/manage_lifecycle_nodes__functions.c
[5.820s] -- Up-to-date: /home/wheeltec/wheeltec_ros2/install/nav2_msgs/include/nav2_msgs/srv/detail/load_map__type_support.h
[5.820s] -- Up-to-date: /home/wheeltec/wheeltec_ros2/install/nav2_msgs/include/nav2_msgs/srv/detail/clear_entire_costmap__struct.h
[5.821s] -- Up-to-date: /home/wheeltec/wheeltec_ros2/install/nav2_msgs/include/nav2_msgs/srv/detail/save_map__functions.c
[5.821s] -- Up-to-date: /home/wheeltec/wheeltec_ros2/install/nav2_msgs/include/nav2_msgs/srv/detail/manage_lifecycle_nodes__struct.h
[5.822s] -- Up-to-date: /home/wheeltec/wheeltec_ros2/install/nav2_msgs/include/nav2_msgs/srv/detail/get_costmap__struct.h
[5.823s] -- Up-to-date: /home/wheeltec/wheeltec_ros2/install/nav2_msgs/include/nav2_msgs/srv/detail/clear_entire_costmap__functions.c
[5.823s] -- Up-to-date: /home/wheeltec/wheeltec_ros2/install/nav2_msgs/include/nav2_msgs/srv/detail/load_map__struct.h
[5.823s] -- Up-to-date: /home/wheeltec/wheeltec_ros2/install/nav2_msgs/include/nav2_msgs/srv/detail/get_costmap__type_support.h
[5.824s] -- Up-to-date: /home/wheeltec/wheeltec_ros2/install/nav2_msgs/include/nav2_msgs/srv/detail/load_map__functions.c
[5.824s] -- Up-to-date: /home/wheeltec/wheeltec_ros2/install/nav2_msgs/include/nav2_msgs/srv/detail/get_costmap__functions.c
[5.824s] -- Up-to-date: /home/wheeltec/wheeltec_ros2/install/nav2_msgs/include/nav2_msgs/srv/detail/clear_costmap_around_robot__struct.h
[5.825s] -- Up-to-date: /home/wheeltec/wheeltec_ros2/install/nav2_msgs/include/nav2_msgs/srv/clear_costmap_around_robot.h
[5.826s] -- Up-to-date: /home/wheeltec/wheeltec_ros2/install/nav2_msgs/include/nav2_msgs/srv/clear_costmap_except_region.h
[5.826s] -- Up-to-date: /home/wheeltec/wheeltec_ros2/install/nav2_msgs/include/nav2_msgs/srv/manage_lifecycle_nodes.h
[5.826s] -- Up-to-date: /home/wheeltec/wheeltec_ros2/install/nav2_msgs/share/nav2_msgs/environment/library_path.sh
[5.827s] -- Up-to-date: /home/wheeltec/wheeltec_ros2/install/nav2_msgs/share/nav2_msgs/environment/library_path.dsv
[5.827s] -- Up-to-date: /home/wheeltec/wheeltec_ros2/install/nav2_msgs/lib/libnav2_msgs__rosidl_generator_c.so
[5.828s] -- Up-to-date: /home/wheeltec/wheeltec_ros2/install/nav2_msgs/include/nav2_msgs
[5.828s] -- Up-to-date: /home/wheeltec/wheeltec_ros2/install/nav2_msgs/include/nav2_msgs/action
[5.828s] -- Up-to-date: /home/wheeltec/wheeltec_ros2/install/nav2_msgs/include/nav2_msgs/action/detail
[5.829s] -- Up-to-date: /home/wheeltec/wheeltec_ros2/install/nav2_msgs/include/nav2_msgs/action/detail/follow_path__rosidl_typesupport_fastrtps_c.h
[5.829s] -- Up-to-date: /home/wheeltec/wheeltec_ros2/install/nav2_msgs/include/nav2_msgs/action/detail/wait__rosidl_typesupport_fastrtps_c.h
[5.830s] -- Up-to-date: /home/wheeltec/wheeltec_ros2/install/nav2_msgs/include/nav2_msgs/action/detail/follow_waypoints__rosidl_typesupport_fastrtps_c.h
[5.831s] -- Up-to-date: /home/wheeltec/wheeltec_ros2/install/nav2_msgs/include/nav2_msgs/action/detail/back_up__rosidl_typesupport_fastrtps_c.h
[5.831s] -- Up-to-date: /home/wheeltec/wheeltec_ros2/install/nav2_msgs/include/nav2_msgs/action/detail/navigate_through_poses__rosidl_typesupport_fastrtps_c.h
[5.831s] -- Up-to-date: /home/wheeltec/wheeltec_ros2/install/nav2_msgs/include/nav2_msgs/action/detail/spin__rosidl_typesupport_fastrtps_c.h
[5.832s] -- Up-to-date: /home/wheeltec/wheeltec_ros2/install/nav2_msgs/include/nav2_msgs/action/detail/compute_path_through_poses__rosidl_typesupport_fastrtps_c.h
[5.832s] -- Up-to-date: /home/wheeltec/wheeltec_ros2/install/nav2_msgs/include/nav2_msgs/action/detail/navigate_to_pose__rosidl_typesupport_fastrtps_c.h
[5.833s] -- Up-to-date: /home/wheeltec/wheeltec_ros2/install/nav2_msgs/include/nav2_msgs/action/detail/dummy_recovery__rosidl_typesupport_fastrtps_c.h
[5.833s] -- Up-to-date: /home/wheeltec/wheeltec_ros2/install/nav2_msgs/include/nav2_msgs/action/detail/compute_path_to_pose__rosidl_typesupport_fastrtps_c.h
[5.833s] -- Up-to-date: /home/wheeltec/wheeltec_ros2/install/nav2_msgs/include/nav2_msgs/msg
[5.834s] -- Up-to-date: /home/wheeltec/wheeltec_ros2/install/nav2_msgs/include/nav2_msgs/msg/rosidl_typesupport_fastrtps_c__visibility_control.h
[5.835s] -- Up-to-date: /home/wheeltec/wheeltec_ros2/install/nav2_msgs/include/nav2_msgs/msg/detail
[5.835s] -- Up-to-date: /home/wheeltec/wheeltec_ros2/install/nav2_msgs/include/nav2_msgs/msg/detail/speed_limit__rosidl_typesupport_fastrtps_c.h
[5.835s] -- Up-to-date: /home/wheeltec/wheeltec_ros2/install/nav2_msgs/include/nav2_msgs/msg/detail/voxel_grid__rosidl_typesupport_fastrtps_c.h
[5.836s] -- Up-to-date: /home/wheeltec/wheeltec_ros2/install/nav2_msgs/include/nav2_msgs/msg/detail/costmap_filter_info__rosidl_typesupport_fastrtps_c.h
[5.836s] -- Up-to-date: /home/wheeltec/wheeltec_ros2/install/nav2_msgs/include/nav2_msgs/msg/detail/behavior_tree_log__rosidl_typesupport_fastrtps_c.h
[5.836s] -- Up-to-date: /home/wheeltec/wheeltec_ros2/install/nav2_msgs/include/nav2_msgs/msg/detail/costmap_meta_data__rosidl_typesupport_fastrtps_c.h
[5.837s] -- Up-to-date: /home/wheeltec/wheeltec_ros2/install/nav2_msgs/include/nav2_msgs/msg/detail/behavior_tree_status_change__rosidl_typesupport_fastrtps_c.h
[5.837s] -- Up-to-date: /home/wheeltec/wheeltec_ros2/install/nav2_msgs/include/nav2_msgs/msg/detail/particle__rosidl_typesupport_fastrtps_c.h
[5.837s] -- Up-to-date: /home/wheeltec/wheeltec_ros2/install/nav2_msgs/include/nav2_msgs/msg/detail/costmap__rosidl_typesupport_fastrtps_c.h
[5.838s] -- Up-to-date: /home/wheeltec/wheeltec_ros2/install/nav2_msgs/include/nav2_msgs/msg/detail/particle_cloud__rosidl_typesupport_fastrtps_c.h
[5.838s] -- Up-to-date: /home/wheeltec/wheeltec_ros2/install/nav2_msgs/include/nav2_msgs/srv
[5.839s] -- Up-to-date: /home/wheeltec/wheeltec_ros2/install/nav2_msgs/include/nav2_msgs/srv/detail
[5.839s] -- Up-to-date: /home/wheeltec/wheeltec_ros2/install/nav2_msgs/include/nav2_msgs/srv/detail/clear_costmap_around_robot__rosidl_typesupport_fastrtps_c.h
[5.839s] -- Up-to-date: /home/wheeltec/wheeltec_ros2/install/nav2_msgs/include/nav2_msgs/srv/detail/clear_entire_costmap__rosidl_typesupport_fastrtps_c.h
[5.840s] -- Up-to-date: /home/wheeltec/wheeltec_ros2/install/nav2_msgs/include/nav2_msgs/srv/detail/save_map__rosidl_typesupport_fastrtps_c.h
[5.840s] -- Up-to-date: /home/wheeltec/wheeltec_ros2/install/nav2_msgs/include/nav2_msgs/srv/detail/get_costmap__rosidl_typesupport_fastrtps_c.h
[5.840s] -- Up-to-date: /home/wheeltec/wheeltec_ros2/install/nav2_msgs/include/nav2_msgs/srv/detail/load_map__rosidl_typesupport_fastrtps_c.h
[5.841s] -- Up-to-date: /home/wheeltec/wheeltec_ros2/install/nav2_msgs/include/nav2_msgs/srv/detail/clear_costmap_except_region__rosidl_typesupport_fastrtps_c.h
[5.841s] -- Up-to-date: /home/wheeltec/wheeltec_ros2/install/nav2_msgs/include/nav2_msgs/srv/detail/manage_lifecycle_nodes__rosidl_typesupport_fastrtps_c.h
[5.841s] -- Up-to-date: /home/wheeltec/wheeltec_ros2/install/nav2_msgs/lib/libnav2_msgs__rosidl_typesupport_fastrtps_c.so
[5.842s] -- Up-to-date: /home/wheeltec/wheeltec_ros2/install/nav2_msgs/include/nav2_msgs
[5.842s] -- Up-to-date: /home/wheeltec/wheeltec_ros2/install/nav2_msgs/include/nav2_msgs/action
[5.843s] -- Up-to-date: /home/wheeltec/wheeltec_ros2/install/nav2_msgs/include/nav2_msgs/action/detail
[5.844s] -- Up-to-date: /home/wheeltec/wheeltec_ros2/install/nav2_msgs/include/nav2_msgs/action/detail/dds_fastrtps
[5.844s] -- Up-to-date: /home/wheeltec/wheeltec_ros2/install/nav2_msgs/include/nav2_msgs/action/detail/compute_path_to_pose__rosidl_typesupport_fastrtps_cpp.hpp
[5.844s] -- Up-to-date: /home/wheeltec/wheeltec_ros2/install/nav2_msgs/include/nav2_msgs/action/detail/follow_path__rosidl_typesupport_fastrtps_cpp.hpp
[5.845s] -- Up-to-date: /home/wheeltec/wheeltec_ros2/install/nav2_msgs/include/nav2_msgs/action/detail/navigate_through_poses__rosidl_typesupport_fastrtps_cpp.hpp
[5.846s] -- Up-to-date: /home/wheeltec/wheeltec_ros2/install/nav2_msgs/include/nav2_msgs/action/detail/compute_path_through_poses__rosidl_typesupport_fastrtps_cpp.hpp
[5.846s] -- Up-to-date: /home/wheeltec/wheeltec_ros2/install/nav2_msgs/include/nav2_msgs/action/detail/spin__rosidl_typesupport_fastrtps_cpp.hpp
[5.846s] -- Up-to-date: /home/wheeltec/wheeltec_ros2/install/nav2_msgs/include/nav2_msgs/action/detail/dummy_recovery__rosidl_typesupport_fastrtps_cpp.hpp
[5.847s] -- Up-to-date: /home/wheeltec/wheeltec_ros2/install/nav2_msgs/include/nav2_msgs/action/detail/back_up__rosidl_typesupport_fastrtps_cpp.hpp
[5.847s] -- Up-to-date: /home/wheeltec/wheeltec_ros2/install/nav2_msgs/include/nav2_msgs/action/detail/follow_waypoints__rosidl_typesupport_fastrtps_cpp.hpp
[5.848s] -- Up-to-date: /home/wheeltec/wheeltec_ros2/install/nav2_msgs/include/nav2_msgs/action/detail/navigate_to_pose__rosidl_typesupport_fastrtps_cpp.hpp
[5.848s] -- Up-to-date: /home/wheeltec/wheeltec_ros2/install/nav2_msgs/include/nav2_msgs/action/detail/wait__rosidl_typesupport_fastrtps_cpp.hpp
[5.848s] -- Up-to-date: /home/wheeltec/wheeltec_ros2/install/nav2_msgs/include/nav2_msgs/msg
[5.849s] -- Up-to-date: /home/wheeltec/wheeltec_ros2/install/nav2_msgs/include/nav2_msgs/msg/detail
[5.849s] -- Up-to-date: /home/wheeltec/wheeltec_ros2/install/nav2_msgs/include/nav2_msgs/msg/detail/dds_fastrtps
[5.849s] -- Up-to-date: /home/wheeltec/wheeltec_ros2/install/nav2_msgs/include/nav2_msgs/msg/detail/voxel_grid__rosidl_typesupport_fastrtps_cpp.hpp
[5.850s] -- Up-to-date: /home/wheeltec/wheeltec_ros2/install/nav2_msgs/include/nav2_msgs/msg/detail/particle_cloud__rosidl_typesupport_fastrtps_cpp.hpp
[5.850s] -- Up-to-date: /home/wheeltec/wheeltec_ros2/install/nav2_msgs/include/nav2_msgs/msg/detail/behavior_tree_status_change__rosidl_typesupport_fastrtps_cpp.hpp
[5.850s] -- Up-to-date: /home/wheeltec/wheeltec_ros2/install/nav2_msgs/include/nav2_msgs/msg/detail/costmap__rosidl_typesupport_fastrtps_cpp.hpp
[5.851s] -- Up-to-date: /home/wheeltec/wheeltec_ros2/install/nav2_msgs/include/nav2_msgs/msg/detail/costmap_meta_data__rosidl_typesupport_fastrtps_cpp.hpp
[5.851s] -- Up-to-date: /home/wheeltec/wheeltec_ros2/install/nav2_msgs/include/nav2_msgs/msg/detail/costmap_filter_info__rosidl_typesupport_fastrtps_cpp.hpp
[5.852s] -- Up-to-date: /home/wheeltec/wheeltec_ros2/install/nav2_msgs/include/nav2_msgs/msg/detail/speed_limit__rosidl_typesupport_fastrtps_cpp.hpp
[5.852s] -- Up-to-date: /home/wheeltec/wheeltec_ros2/install/nav2_msgs/include/nav2_msgs/msg/detail/particle__rosidl_typesupport_fastrtps_cpp.hpp
[5.852s] -- Up-to-date: /home/wheeltec/wheeltec_ros2/install/nav2_msgs/include/nav2_msgs/msg/detail/behavior_tree_log__rosidl_typesupport_fastrtps_cpp.hpp
[5.853s] -- Up-to-date: /home/wheeltec/wheeltec_ros2/install/nav2_msgs/include/nav2_msgs/msg/rosidl_typesupport_fastrtps_cpp__visibility_control.h
[5.853s] -- Up-to-date: /home/wheeltec/wheeltec_ros2/install/nav2_msgs/include/nav2_msgs/srv
[5.853s] -- Up-to-date: /home/wheeltec/wheeltec_ros2/install/nav2_msgs/include/nav2_msgs/srv/detail
[5.854s] -- Up-to-date: /home/wheeltec/wheeltec_ros2/install/nav2_msgs/include/nav2_msgs/srv/detail/dds_fastrtps
[5.855s] -- Up-to-date: /home/wheeltec/wheeltec_ros2/install/nav2_msgs/include/nav2_msgs/srv/detail/clear_costmap_except_region__rosidl_typesupport_fastrtps_cpp.hpp
[5.855s] -- Up-to-date: /home/wheeltec/wheeltec_ros2/install/nav2_msgs/include/nav2_msgs/srv/detail/load_map__rosidl_typesupport_fastrtps_cpp.hpp
[5.855s] -- Up-to-date: /home/wheeltec/wheeltec_ros2/install/nav2_msgs/include/nav2_msgs/srv/detail/clear_costmap_around_robot__rosidl_typesupport_fastrtps_cpp.hpp
[5.856s] -- Up-to-date: /home/wheeltec/wheeltec_ros2/install/nav2_msgs/include/nav2_msgs/srv/detail/get_costmap__rosidl_typesupport_fastrtps_cpp.hpp
[5.856s] -- Up-to-date: /home/wheeltec/wheeltec_ros2/install/nav2_msgs/include/nav2_msgs/srv/detail/manage_lifecycle_nodes__rosidl_typesupport_fastrtps_cpp.hpp
[5.856s] -- Up-to-date: /home/wheeltec/wheeltec_ros2/install/nav2_msgs/include/nav2_msgs/srv/detail/clear_entire_costmap__rosidl_typesupport_fastrtps_cpp.hpp
[5.857s] -- Up-to-date: /home/wheeltec/wheeltec_ros2/install/nav2_msgs/include/nav2_msgs/srv/detail/save_map__rosidl_typesupport_fastrtps_cpp.hpp
[5.857s] -- Up-to-date: /home/wheeltec/wheeltec_ros2/install/nav2_msgs/lib/libnav2_msgs__rosidl_typesupport_fastrtps_cpp.so
[5.858s] -- Up-to-date: /home/wheeltec/wheeltec_ros2/install/nav2_msgs/include/nav2_msgs
[5.858s] -- Up-to-date: /home/wheeltec/wheeltec_ros2/install/nav2_msgs/include/nav2_msgs/action
[5.858s] -- Up-to-date: /home/wheeltec/wheeltec_ros2/install/nav2_msgs/include/nav2_msgs/action/detail
[5.859s] -- Up-to-date: /home/wheeltec/wheeltec_ros2/install/nav2_msgs/include/nav2_msgs/action/detail/compute_path_through_poses__rosidl_typesupport_introspection_c.h
[5.859s] -- Up-to-date: /home/wheeltec/wheeltec_ros2/install/nav2_msgs/include/nav2_msgs/action/detail/follow_waypoints__type_support.c
[5.859s] -- Up-to-date: /home/wheeltec/wheeltec_ros2/install/nav2_msgs/include/nav2_msgs/action/detail/wait__type_support.c
[5.860s] -- Up-to-date: /home/wheeltec/wheeltec_ros2/install/nav2_msgs/include/nav2_msgs/action/detail/compute_path_to_pose__type_support.c
[5.860s] -- Up-to-date: /home/wheeltec/wheeltec_ros2/install/nav2_msgs/include/nav2_msgs/action/detail/dummy_recovery__rosidl_typesupport_introspection_c.h
[5.861s] -- Up-to-date: /home/wheeltec/wheeltec_ros2/install/nav2_msgs/include/nav2_msgs/action/detail/wait__rosidl_typesupport_introspection_c.h
[5.861s] -- Up-to-date: /home/wheeltec/wheeltec_ros2/install/nav2_msgs/include/nav2_msgs/action/detail/compute_path_to_pose__rosidl_typesupport_introspection_c.h
[5.862s] -- Up-to-date: /home/wheeltec/wheeltec_ros2/install/nav2_msgs/include/nav2_msgs/action/detail/back_up__rosidl_typesupport_introspection_c.h
[5.862s] -- Up-to-date: /home/wheeltec/wheeltec_ros2/install/nav2_msgs/include/nav2_msgs/action/detail/spin__rosidl_typesupport_introspection_c.h
[5.863s] -- Up-to-date: /home/wheeltec/wheeltec_ros2/install/nav2_msgs/include/nav2_msgs/action/detail/navigate_through_poses__rosidl_typesupport_introspection_c.h
[5.863s] -- Up-to-date: /home/wheeltec/wheeltec_ros2/install/nav2_msgs/include/nav2_msgs/action/detail/follow_path__rosidl_typesupport_introspection_c.h
[5.864s] -- Up-to-date: /home/wheeltec/wheeltec_ros2/install/nav2_msgs/include/nav2_msgs/action/detail/follow_waypoints__rosidl_typesupport_introspection_c.h
[5.864s] -- Up-to-date: /home/wheeltec/wheeltec_ros2/install/nav2_msgs/include/nav2_msgs/action/detail/spin__type_support.c
[5.865s] -- Up-to-date: /home/wheeltec/wheeltec_ros2/install/nav2_msgs/include/nav2_msgs/action/detail/navigate_to_pose__rosidl_typesupport_introspection_c.h
[5.865s] -- Up-to-date: /home/wheeltec/wheeltec_ros2/install/nav2_msgs/include/nav2_msgs/action/detail/dummy_recovery__type_support.c
[5.866s] -- Up-to-date: /home/wheeltec/wheeltec_ros2/install/nav2_msgs/include/nav2_msgs/action/detail/follow_path__type_support.c
[5.866s] -- Up-to-date: /home/wheeltec/wheeltec_ros2/install/nav2_msgs/include/nav2_msgs/action/detail/compute_path_through_poses__type_support.c
[5.866s] -- Up-to-date: /home/wheeltec/wheeltec_ros2/install/nav2_msgs/include/nav2_msgs/action/detail/navigate_to_pose__type_support.c
[5.867s] -- Up-to-date: /home/wheeltec/wheeltec_ros2/install/nav2_msgs/include/nav2_msgs/action/detail/back_up__type_support.c
[5.867s] -- Up-to-date: /home/wheeltec/wheeltec_ros2/install/nav2_msgs/include/nav2_msgs/action/detail/navigate_through_poses__type_support.c
[5.867s] -- Up-to-date: /home/wheeltec/wheeltec_ros2/install/nav2_msgs/include/nav2_msgs/msg
[5.868s] -- Up-to-date: /home/wheeltec/wheeltec_ros2/install/nav2_msgs/include/nav2_msgs/msg/rosidl_typesupport_introspection_c__visibility_control.h
[5.869s] -- Up-to-date: /home/wheeltec/wheeltec_ros2/install/nav2_msgs/include/nav2_msgs/msg/detail
[5.869s] -- Up-to-date: /home/wheeltec/wheeltec_ros2/install/nav2_msgs/include/nav2_msgs/msg/detail/costmap_meta_data__rosidl_typesupport_introspection_c.h
[5.869s] -- Up-to-date: /home/wheeltec/wheeltec_ros2/install/nav2_msgs/include/nav2_msgs/msg/detail/costmap__type_support.c
[5.870s] -- Up-to-date: /home/wheeltec/wheeltec_ros2/install/nav2_msgs/include/nav2_msgs/msg/detail/behavior_tree_log__rosidl_typesupport_introspection_c.h
[5.871s] -- Up-to-date: /home/wheeltec/wheeltec_ros2/install/nav2_msgs/include/nav2_msgs/msg/detail/voxel_grid__type_support.c
[5.871s] -- Up-to-date: /home/wheeltec/wheeltec_ros2/install/nav2_msgs/include/nav2_msgs/msg/detail/costmap_meta_data__type_support.c
[5.872s] -- Up-to-date: /home/wheeltec/wheeltec_ros2/install/nav2_msgs/include/nav2_msgs/msg/detail/behavior_tree_log__type_support.c
[5.872s] -- Up-to-date: /home/wheeltec/wheeltec_ros2/install/nav2_msgs/include/nav2_msgs/msg/detail/costmap_filter_info__rosidl_typesupport_introspection_c.h
[5.873s] -- Up-to-date: /home/wheeltec/wheeltec_ros2/install/nav2_msgs/include/nav2_msgs/msg/detail/speed_limit__rosidl_typesupport_introspection_c.h
[5.873s] -- Up-to-date: /home/wheeltec/wheeltec_ros2/install/nav2_msgs/include/nav2_msgs/msg/detail/behavior_tree_status_change__type_support.c
[5.873s] -- Up-to-date: /home/wheeltec/wheeltec_ros2/install/nav2_msgs/include/nav2_msgs/msg/detail/particle_cloud__rosidl_typesupport_introspection_c.h
[5.874s] -- Up-to-date: /home/wheeltec/wheeltec_ros2/install/nav2_msgs/include/nav2_msgs/msg/detail/particle_cloud__type_support.c
[5.874s] -- Up-to-date: /home/wheeltec/wheeltec_ros2/install/nav2_msgs/include/nav2_msgs/msg/detail/particle__rosidl_typesupport_introspection_c.h
[5.875s] -- Up-to-date: /home/wheeltec/wheeltec_ros2/install/nav2_msgs/include/nav2_msgs/msg/detail/voxel_grid__rosidl_typesupport_introspection_c.h
[5.875s] -- Up-to-date: /home/wheeltec/wheeltec_ros2/install/nav2_msgs/include/nav2_msgs/msg/detail/particle__type_support.c
[5.876s] -- Up-to-date: /home/wheeltec/wheeltec_ros2/install/nav2_msgs/include/nav2_msgs/msg/detail/costmap__rosidl_typesupport_introspection_c.h
[5.876s] -- Up-to-date: /home/wheeltec/wheeltec_ros2/install/nav2_msgs/include/nav2_msgs/msg/detail/behavior_tree_status_change__rosidl_typesupport_introspection_c.h
[5.877s] -- Up-to-date: /home/wheeltec/wheeltec_ros2/install/nav2_msgs/include/nav2_msgs/msg/detail/speed_limit__type_support.c
[5.877s] -- Up-to-date: /home/wheeltec/wheeltec_ros2/install/nav2_msgs/include/nav2_msgs/msg/detail/costmap_filter_info__type_support.c
[5.878s] -- Up-to-date: /home/wheeltec/wheeltec_ros2/install/nav2_msgs/include/nav2_msgs/srv
[5.878s] -- Up-to-date: /home/wheeltec/wheeltec_ros2/install/nav2_msgs/include/nav2_msgs/srv/detail
[5.879s] -- Up-to-date: /home/wheeltec/wheeltec_ros2/install/nav2_msgs/include/nav2_msgs/srv/detail/manage_lifecycle_nodes__type_support.c
[5.879s] -- Up-to-date: /home/wheeltec/wheeltec_ros2/install/nav2_msgs/include/nav2_msgs/srv/detail/manage_lifecycle_nodes__rosidl_typesupport_introspection_c.h
[5.880s] -- Up-to-date: /home/wheeltec/wheeltec_ros2/install/nav2_msgs/include/nav2_msgs/srv/detail/save_map__rosidl_typesupport_introspection_c.h
[5.880s] -- Up-to-date: /home/wheeltec/wheeltec_ros2/install/nav2_msgs/include/nav2_msgs/srv/detail/clear_entire_costmap__type_support.c
[5.880s] -- Up-to-date: /home/wheeltec/wheeltec_ros2/install/nav2_msgs/include/nav2_msgs/srv/detail/get_costmap__rosidl_typesupport_introspection_c.h
[5.881s] -- Up-to-date: /home/wheeltec/wheeltec_ros2/install/nav2_msgs/include/nav2_msgs/srv/detail/clear_costmap_except_region__type_support.c
[5.881s] -- Up-to-date: /home/wheeltec/wheeltec_ros2/install/nav2_msgs/include/nav2_msgs/srv/detail/load_map__type_support.c
[5.882s] -- Up-to-date: /home/wheeltec/wheeltec_ros2/install/nav2_msgs/include/nav2_msgs/srv/detail/clear_costmap_around_robot__rosidl_typesupport_introspection_c.h
[5.882s] -- Up-to-date: /home/wheeltec/wheeltec_ros2/install/nav2_msgs/include/nav2_msgs/srv/detail/load_map__rosidl_typesupport_introspection_c.h
[5.883s] -- Up-to-date: /home/wheeltec/wheeltec_ros2/install/nav2_msgs/include/nav2_msgs/srv/detail/clear_costmap_around_robot__type_support.c
[5.883s] -- Up-to-date: /home/wheeltec/wheeltec_ros2/install/nav2_msgs/include/nav2_msgs/srv/detail/clear_costmap_except_region__rosidl_typesupport_introspection_c.h
[5.884s] -- Up-to-date: /home/wheeltec/wheeltec_ros2/install/nav2_msgs/include/nav2_msgs/srv/detail/save_map__type_support.c
[5.884s] -- Up-to-date: /home/wheeltec/wheeltec_ros2/install/nav2_msgs/include/nav2_msgs/srv/detail/get_costmap__type_support.c
[5.884s] -- Up-to-date: /home/wheeltec/wheeltec_ros2/install/nav2_msgs/include/nav2_msgs/srv/detail/clear_entire_costmap__rosidl_typesupport_introspection_c.h
[5.885s] -- Up-to-date: /home/wheeltec/wheeltec_ros2/install/nav2_msgs/lib/libnav2_msgs__rosidl_typesupport_introspection_c.so
[5.885s] -- Up-to-date: /home/wheeltec/wheeltec_ros2/install/nav2_msgs/lib/libnav2_msgs__rosidl_typesupport_c.so
[5.885s] -- Up-to-date: /home/wheeltec/wheeltec_ros2/install/nav2_msgs/include/nav2_msgs
[5.886s] -- Up-to-date: /home/wheeltec/wheeltec_ros2/install/nav2_msgs/include/nav2_msgs/action
[5.886s] -- Up-to-date: /home/wheeltec/wheeltec_ros2/install/nav2_msgs/include/nav2_msgs/action/dummy_recovery.hpp
[5.886s] -- Up-to-date: /home/wheeltec/wheeltec_ros2/install/nav2_msgs/include/nav2_msgs/action/follow_waypoints.hpp
[5.887s] -- Up-to-date: /home/wheeltec/wheeltec_ros2/install/nav2_msgs/include/nav2_msgs/action/back_up.hpp
[5.887s] -- Up-to-date: /home/wheeltec/wheeltec_ros2/install/nav2_msgs/include/nav2_msgs/action/compute_path_through_poses.hpp
[5.888s] -- Up-to-date: /home/wheeltec/wheeltec_ros2/install/nav2_msgs/include/nav2_msgs/action/follow_path.hpp
[5.888s] -- Up-to-date: /home/wheeltec/wheeltec_ros2/install/nav2_msgs/include/nav2_msgs/action/compute_path_to_pose.hpp
[5.888s] -- Up-to-date: /home/wheeltec/wheeltec_ros2/install/nav2_msgs/include/nav2_msgs/action/detail
[5.889s] -- Up-to-date: /home/wheeltec/wheeltec_ros2/install/nav2_msgs/include/nav2_msgs/action/detail/navigate_through_poses__struct.hpp
[5.889s] -- Up-to-date: /home/wheeltec/wheeltec_ros2/install/nav2_msgs/include/nav2_msgs/action/detail/compute_path_through_poses__struct.hpp
[5.889s] -- Up-to-date: /home/wheeltec/wheeltec_ros2/install/nav2_msgs/include/nav2_msgs/action/detail/dummy_recovery__struct.hpp
[5.890s] -- Up-to-date: /home/wheeltec/wheeltec_ros2/install/nav2_msgs/include/nav2_msgs/action/detail/follow_waypoints__traits.hpp
[5.890s] -- Up-to-date: /home/wheeltec/wheeltec_ros2/install/nav2_msgs/include/nav2_msgs/action/detail/dummy_recovery__builder.hpp
[5.891s] -- Up-to-date: /home/wheeltec/wheeltec_ros2/install/nav2_msgs/include/nav2_msgs/action/detail/follow_path__traits.hpp
[5.891s] -- Up-to-date: /home/wheeltec/wheeltec_ros2/install/nav2_msgs/include/nav2_msgs/action/detail/compute_path_through_poses__builder.hpp
[5.891s] -- Up-to-date: /home/wheeltec/wheeltec_ros2/install/nav2_msgs/include/nav2_msgs/action/detail/wait__struct.hpp
[5.892s] -- Up-to-date: /home/wheeltec/wheeltec_ros2/install/nav2_msgs/include/nav2_msgs/action/detail/compute_path_to_pose__traits.hpp
[5.892s] -- Up-to-date: /home/wheeltec/wheeltec_ros2/install/nav2_msgs/include/nav2_msgs/action/detail/back_up__traits.hpp
[5.892s] -- Up-to-date: /home/wheeltec/wheeltec_ros2/install/nav2_msgs/include/nav2_msgs/action/detail/navigate_to_pose__struct.hpp
[5.893s] -- Up-to-date: /home/wheeltec/wheeltec_ros2/install/nav2_msgs/include/nav2_msgs/action/detail/navigate_to_pose__builder.hpp
[5.893s] -- Up-to-date: /home/wheeltec/wheeltec_ros2/install/nav2_msgs/include/nav2_msgs/action/detail/wait__builder.hpp
[5.894s] -- Up-to-date: /home/wheeltec/wheeltec_ros2/install/nav2_msgs/include/nav2_msgs/action/detail/compute_path_to_pose__builder.hpp
[5.894s] -- Up-to-date: /home/wheeltec/wheeltec_ros2/install/nav2_msgs/include/nav2_msgs/action/detail/back_up__builder.hpp
[5.894s] -- Up-to-date: /home/wheeltec/wheeltec_ros2/install/nav2_msgs/include/nav2_msgs/action/detail/follow_waypoints__builder.hpp
[5.895s] -- Up-to-date: /home/wheeltec/wheeltec_ros2/install/nav2_msgs/include/nav2_msgs/action/detail/back_up__struct.hpp
[5.895s] -- Up-to-date: /home/wheeltec/wheeltec_ros2/install/nav2_msgs/include/nav2_msgs/action/detail/navigate_through_poses__traits.hpp
[5.895s] -- Up-to-date: /home/wheeltec/wheeltec_ros2/install/nav2_msgs/include/nav2_msgs/action/detail/spin__traits.hpp
[5.896s] -- Up-to-date: /home/wheeltec/wheeltec_ros2/install/nav2_msgs/include/nav2_msgs/action/detail/navigate_to_pose__traits.hpp
[5.896s] -- Up-to-date: /home/wheeltec/wheeltec_ros2/install/nav2_msgs/include/nav2_msgs/action/detail/follow_path__builder.hpp
[5.897s] -- Up-to-date: /home/wheeltec/wheeltec_ros2/install/nav2_msgs/include/nav2_msgs/action/detail/follow_waypoints__struct.hpp
[5.897s] -- Up-to-date: /home/wheeltec/wheeltec_ros2/install/nav2_msgs/include/nav2_msgs/action/detail/compute_path_to_pose__struct.hpp
[5.897s] -- Up-to-date: /home/wheeltec/wheeltec_ros2/install/nav2_msgs/include/nav2_msgs/action/detail/spin__struct.hpp
[5.898s] -- Up-to-date: /home/wheeltec/wheeltec_ros2/install/nav2_msgs/include/nav2_msgs/action/detail/follow_path__struct.hpp
[5.899s] -- Up-to-date: /home/wheeltec/wheeltec_ros2/install/nav2_msgs/include/nav2_msgs/action/detail/compute_path_through_poses__traits.hpp
[5.899s] -- Up-to-date: /home/wheeltec/wheeltec_ros2/install/nav2_msgs/include/nav2_msgs/action/detail/navigate_through_poses__builder.hpp
[5.900s] -- Up-to-date: /home/wheeltec/wheeltec_ros2/install/nav2_msgs/include/nav2_msgs/action/detail/wait__traits.hpp
[5.900s] -- Up-to-date: /home/wheeltec/wheeltec_ros2/install/nav2_msgs/include/nav2_msgs/action/detail/spin__builder.hpp
[5.900s] -- Up-to-date: /home/wheeltec/wheeltec_ros2/install/nav2_msgs/include/nav2_msgs/action/detail/dummy_recovery__traits.hpp
[5.901s] -- Up-to-date: /home/wheeltec/wheeltec_ros2/install/nav2_msgs/include/nav2_msgs/action/spin.hpp
[5.901s] -- Up-to-date: /home/wheeltec/wheeltec_ros2/install/nav2_msgs/include/nav2_msgs/action/navigate_through_poses.hpp
[5.902s] -- Up-to-date: /home/wheeltec/wheeltec_ros2/install/nav2_msgs/include/nav2_msgs/action/navigate_to_pose.hpp
[5.902s] -- Up-to-date: /home/wheeltec/wheeltec_ros2/install/nav2_msgs/include/nav2_msgs/action/wait.hpp
[5.902s] -- Up-to-date: /home/wheeltec/wheeltec_ros2/install/nav2_msgs/include/nav2_msgs/msg
[5.903s] -- Up-to-date: /home/wheeltec/wheeltec_ros2/install/nav2_msgs/include/nav2_msgs/msg/costmap.hpp
[5.903s] -- Up-to-date: /home/wheeltec/wheeltec_ros2/install/nav2_msgs/include/nav2_msgs/msg/costmap_filter_info.hpp
[5.904s] -- Up-to-date: /home/wheeltec/wheeltec_ros2/install/nav2_msgs/include/nav2_msgs/msg/particle_cloud.hpp
[5.904s] -- Up-to-date: /home/wheeltec/wheeltec_ros2/install/nav2_msgs/include/nav2_msgs/msg/speed_limit.hpp
[5.904s] -- Up-to-date: /home/wheeltec/wheeltec_ros2/install/nav2_msgs/include/nav2_msgs/msg/behavior_tree_log.hpp
[5.905s] -- Up-to-date: /home/wheeltec/wheeltec_ros2/install/nav2_msgs/include/nav2_msgs/msg/behavior_tree_status_change.hpp
[5.905s] -- Up-to-date: /home/wheeltec/wheeltec_ros2/install/nav2_msgs/include/nav2_msgs/msg/costmap_meta_data.hpp
[5.905s] -- Up-to-date: /home/wheeltec/wheeltec_ros2/install/nav2_msgs/include/nav2_msgs/msg/detail
[5.906s] -- Up-to-date: /home/wheeltec/wheeltec_ros2/install/nav2_msgs/include/nav2_msgs/msg/detail/particle__builder.hpp
[5.906s] -- Up-to-date: /home/wheeltec/wheeltec_ros2/install/nav2_msgs/include/nav2_msgs/msg/detail/speed_limit__traits.hpp
[5.907s] -- Up-to-date: /home/wheeltec/wheeltec_ros2/install/nav2_msgs/include/nav2_msgs/msg/detail/costmap__struct.hpp
[5.907s] -- Up-to-date: /home/wheeltec/wheeltec_ros2/install/nav2_msgs/include/nav2_msgs/msg/detail/behavior_tree_log__struct.hpp
[5.907s] -- Up-to-date: /home/wheeltec/wheeltec_ros2/install/nav2_msgs/include/nav2_msgs/msg/detail/voxel_grid__struct.hpp
[5.908s] -- Up-to-date: /home/wheeltec/wheeltec_ros2/install/nav2_msgs/include/nav2_msgs/msg/detail/behavior_tree_status_change__builder.hpp
[5.909s] -- Up-to-date: /home/wheeltec/wheeltec_ros2/install/nav2_msgs/include/nav2_msgs/msg/detail/costmap_meta_data__traits.hpp
[5.909s] -- Up-to-date: /home/wheeltec/wheeltec_ros2/install/nav2_msgs/include/nav2_msgs/msg/detail/particle__traits.hpp
[5.910s] -- Up-to-date: /home/wheeltec/wheeltec_ros2/install/nav2_msgs/include/nav2_msgs/msg/detail/behavior_tree_log__builder.hpp
[5.910s] -- Up-to-date: /home/wheeltec/wheeltec_ros2/install/nav2_msgs/include/nav2_msgs/msg/detail/behavior_tree_status_change__struct.hpp
[5.911s] -- Up-to-date: /home/wheeltec/wheeltec_ros2/install/nav2_msgs/include/nav2_msgs/msg/detail/costmap_filter_info__traits.hpp
[5.911s] -- Up-to-date: /home/wheeltec/wheeltec_ros2/install/nav2_msgs/include/nav2_msgs/msg/detail/particle_cloud__traits.hpp
[5.911s] -- Up-to-date: /home/wheeltec/wheeltec_ros2/install/nav2_msgs/include/nav2_msgs/msg/detail/voxel_grid__traits.hpp
[5.912s] -- Up-to-date: /home/wheeltec/wheeltec_ros2/install/nav2_msgs/include/nav2_msgs/msg/detail/speed_limit__struct.hpp
[5.912s] -- Up-to-date: /home/wheeltec/wheeltec_ros2/install/nav2_msgs/include/nav2_msgs/msg/detail/particle__struct.hpp
[5.912s] -- Up-to-date: /home/wheeltec/wheeltec_ros2/install/nav2_msgs/include/nav2_msgs/msg/detail/costmap__traits.hpp
[5.913s] -- Up-to-date: /home/wheeltec/wheeltec_ros2/install/nav2_msgs/include/nav2_msgs/msg/detail/costmap__builder.hpp
[5.914s] -- Up-to-date: /home/wheeltec/wheeltec_ros2/install/nav2_msgs/include/nav2_msgs/msg/detail/costmap_meta_data__struct.hpp
[5.914s] -- Up-to-date: /home/wheeltec/wheeltec_ros2/install/nav2_msgs/include/nav2_msgs/msg/detail/behavior_tree_status_change__traits.hpp
[5.915s] -- Up-to-date: /home/wheeltec/wheeltec_ros2/install/nav2_msgs/include/nav2_msgs/msg/detail/speed_limit__builder.hpp
[5.915s] -- Up-to-date: /home/wheeltec/wheeltec_ros2/install/nav2_msgs/include/nav2_msgs/msg/detail/costmap_filter_info__struct.hpp
[5.916s] -- Up-to-date: /home/wheeltec/wheeltec_ros2/install/nav2_msgs/include/nav2_msgs/msg/detail/particle_cloud__builder.hpp
[5.916s] -- Up-to-date: /home/wheeltec/wheeltec_ros2/install/nav2_msgs/include/nav2_msgs/msg/detail/behavior_tree_log__traits.hpp
[5.917s] -- Up-to-date: /home/wheeltec/wheeltec_ros2/install/nav2_msgs/include/nav2_msgs/msg/detail/particle_cloud__struct.hpp
[5.917s] -- Up-to-date: /home/wheeltec/wheeltec_ros2/install/nav2_msgs/include/nav2_msgs/msg/detail/voxel_grid__builder.hpp
[5.917s] -- Up-to-date: /home/wheeltec/wheeltec_ros2/install/nav2_msgs/include/nav2_msgs/msg/detail/costmap_meta_data__builder.hpp
[5.918s] -- Up-to-date: /home/wheeltec/wheeltec_ros2/install/nav2_msgs/include/nav2_msgs/msg/detail/costmap_filter_info__builder.hpp
[5.918s] -- Up-to-date: /home/wheeltec/wheeltec_ros2/install/nav2_msgs/include/nav2_msgs/msg/particle.hpp
[5.919s] -- Up-to-date: /home/wheeltec/wheeltec_ros2/install/nav2_msgs/include/nav2_msgs/msg/voxel_grid.hpp
[5.919s] -- Up-to-date: /home/wheeltec/wheeltec_ros2/install/nav2_msgs/include/nav2_msgs/srv
[5.920s] -- Up-to-date: /home/wheeltec/wheeltec_ros2/install/nav2_msgs/include/nav2_msgs/srv/get_costmap.hpp
[5.920s] -- Up-to-date: /home/wheeltec/wheeltec_ros2/install/nav2_msgs/include/nav2_msgs/srv/save_map.hpp
[5.920s] -- Up-to-date: /home/wheeltec/wheeltec_ros2/install/nav2_msgs/include/nav2_msgs/srv/clear_costmap_except_region.hpp
[5.921s] -- Up-to-date: /home/wheeltec/wheeltec_ros2/install/nav2_msgs/include/nav2_msgs/srv/manage_lifecycle_nodes.hpp
[5.921s] -- Up-to-date: /home/wheeltec/wheeltec_ros2/install/nav2_msgs/include/nav2_msgs/srv/load_map.hpp
[5.921s] -- Up-to-date: /home/wheeltec/wheeltec_ros2/install/nav2_msgs/include/nav2_msgs/srv/detail
[5.922s] -- Up-to-date: /home/wheeltec/wheeltec_ros2/install/nav2_msgs/include/nav2_msgs/srv/detail/get_costmap__traits.hpp
[5.923s] -- Up-to-date: /home/wheeltec/wheeltec_ros2/install/nav2_msgs/include/nav2_msgs/srv/detail/manage_lifecycle_nodes__traits.hpp
[5.923s] -- Up-to-date: /home/wheeltec/wheeltec_ros2/install/nav2_msgs/include/nav2_msgs/srv/detail/save_map__struct.hpp
[5.924s] -- Up-to-date: /home/wheeltec/wheeltec_ros2/install/nav2_msgs/include/nav2_msgs/srv/detail/clear_costmap_except_region__struct.hpp
[5.924s] -- Up-to-date: /home/wheeltec/wheeltec_ros2/install/nav2_msgs/include/nav2_msgs/srv/detail/clear_entire_costmap__struct.hpp
[5.924s] -- Up-to-date: /home/wheeltec/wheeltec_ros2/install/nav2_msgs/include/nav2_msgs/srv/detail/manage_lifecycle_nodes__struct.hpp
[5.925s] -- Up-to-date: /home/wheeltec/wheeltec_ros2/install/nav2_msgs/include/nav2_msgs/srv/detail/manage_lifecycle_nodes__builder.hpp
[5.925s] -- Up-to-date: /home/wheeltec/wheeltec_ros2/install/nav2_msgs/include/nav2_msgs/srv/detail/clear_entire_costmap__traits.hpp
[5.926s] -- Up-to-date: /home/wheeltec/wheeltec_ros2/install/nav2_msgs/include/nav2_msgs/srv/detail/save_map__traits.hpp
[5.926s] -- Up-to-date: /home/wheeltec/wheeltec_ros2/install/nav2_msgs/include/nav2_msgs/srv/detail/clear_costmap_around_robot__struct.hpp
[5.927s] -- Up-to-date: /home/wheeltec/wheeltec_ros2/install/nav2_msgs/include/nav2_msgs/srv/detail/load_map__traits.hpp
[5.927s] -- Up-to-date: /home/wheeltec/wheeltec_ros2/install/nav2_msgs/include/nav2_msgs/srv/detail/clear_costmap_except_region__builder.hpp
[5.927s] -- Up-to-date: /home/wheeltec/wheeltec_ros2/install/nav2_msgs/include/nav2_msgs/srv/detail/clear_costmap_except_region__traits.hpp
[5.928s] -- Up-to-date: /home/wheeltec/wheeltec_ros2/install/nav2_msgs/include/nav2_msgs/srv/detail/clear_entire_costmap__builder.hpp
[5.928s] -- Up-to-date: /home/wheeltec/wheeltec_ros2/install/nav2_msgs/include/nav2_msgs/srv/detail/load_map__struct.hpp
[5.929s] -- Up-to-date: /home/wheeltec/wheeltec_ros2/install/nav2_msgs/include/nav2_msgs/srv/detail/load_map__builder.hpp
[5.930s] -- Up-to-date: /home/wheeltec/wheeltec_ros2/install/nav2_msgs/include/nav2_msgs/srv/detail/clear_costmap_around_robot__builder.hpp
[5.930s] -- Up-to-date: /home/wheeltec/wheeltec_ros2/install/nav2_msgs/include/nav2_msgs/srv/detail/get_costmap__builder.hpp
[5.930s] -- Up-to-date: /home/wheeltec/wheeltec_ros2/install/nav2_msgs/include/nav2_msgs/srv/detail/save_map__builder.hpp
[5.931s] -- Up-to-date: /home/wheeltec/wheeltec_ros2/install/nav2_msgs/include/nav2_msgs/srv/detail/get_costmap__struct.hpp
[5.931s] -- Up-to-date: /home/wheeltec/wheeltec_ros2/install/nav2_msgs/include/nav2_msgs/srv/detail/clear_costmap_around_robot__traits.hpp
[5.931s] -- Up-to-date: /home/wheeltec/wheeltec_ros2/install/nav2_msgs/include/nav2_msgs/srv/clear_costmap_around_robot.hpp
[5.932s] -- Up-to-date: /home/wheeltec/wheeltec_ros2/install/nav2_msgs/include/nav2_msgs/srv/clear_entire_costmap.hpp
[5.933s] -- Up-to-date: /home/wheeltec/wheeltec_ros2/install/nav2_msgs/include/nav2_msgs
[5.933s] -- Up-to-date: /home/wheeltec/wheeltec_ros2/install/nav2_msgs/include/nav2_msgs/action
[5.933s] -- Up-to-date: /home/wheeltec/wheeltec_ros2/install/nav2_msgs/include/nav2_msgs/action/detail
[5.934s] -- Up-to-date: /home/wheeltec/wheeltec_ros2/install/nav2_msgs/include/nav2_msgs/action/detail/compute_path_to_pose__rosidl_typesupport_introspection_cpp.hpp
[5.934s] -- Up-to-date: /home/wheeltec/wheeltec_ros2/install/nav2_msgs/include/nav2_msgs/action/detail/spin__rosidl_typesupport_introspection_cpp.hpp
[5.935s] -- Up-to-date: /home/wheeltec/wheeltec_ros2/install/nav2_msgs/include/nav2_msgs/action/detail/back_up__rosidl_typesupport_introspection_cpp.hpp
[5.936s] -- Up-to-date: /home/wheeltec/wheeltec_ros2/install/nav2_msgs/include/nav2_msgs/action/detail/wait__rosidl_typesupport_introspection_cpp.hpp
[5.936s] -- Up-to-date: /home/wheeltec/wheeltec_ros2/install/nav2_msgs/include/nav2_msgs/action/detail/follow_path__type_support.cpp
[5.936s] -- Up-to-date: /home/wheeltec/wheeltec_ros2/install/nav2_msgs/include/nav2_msgs/action/detail/navigate_through_poses__type_support.cpp
[5.937s] -- Up-to-date: /home/wheeltec/wheeltec_ros2/install/nav2_msgs/include/nav2_msgs/action/detail/compute_path_through_poses__rosidl_typesupport_introspection_cpp.hpp
[5.937s] -- Up-to-date: /home/wheeltec/wheeltec_ros2/install/nav2_msgs/include/nav2_msgs/action/detail/navigate_to_pose__type_support.cpp
[5.937s] -- Up-to-date: /home/wheeltec/wheeltec_ros2/install/nav2_msgs/include/nav2_msgs/action/detail/compute_path_through_poses__type_support.cpp
[5.938s] -- Up-to-date: /home/wheeltec/wheeltec_ros2/install/nav2_msgs/include/nav2_msgs/action/detail/follow_waypoints__rosidl_typesupport_introspection_cpp.hpp
[5.938s] -- Up-to-date: /home/wheeltec/wheeltec_ros2/install/nav2_msgs/include/nav2_msgs/action/detail/back_up__type_support.cpp
[5.939s] -- Up-to-date: /home/wheeltec/wheeltec_ros2/install/nav2_msgs/include/nav2_msgs/action/detail/navigate_to_pose__rosidl_typesupport_introspection_cpp.hpp
[5.939s] -- Up-to-date: /home/wheeltec/wheeltec_ros2/install/nav2_msgs/include/nav2_msgs/action/detail/compute_path_to_pose__type_support.cpp
[5.940s] -- Up-to-date: /home/wheeltec/wheeltec_ros2/install/nav2_msgs/include/nav2_msgs/action/detail/dummy_recovery__rosidl_typesupport_introspection_cpp.hpp
[5.940s] -- Up-to-date: /home/wheeltec/wheeltec_ros2/install/nav2_msgs/include/nav2_msgs/action/detail/dummy_recovery__type_support.cpp
[5.940s] -- Up-to-date: /home/wheeltec/wheeltec_ros2/install/nav2_msgs/include/nav2_msgs/action/detail/spin__type_support.cpp
[5.941s] -- Up-to-date: /home/wheeltec/wheeltec_ros2/install/nav2_msgs/include/nav2_msgs/action/detail/follow_waypoints__type_support.cpp
[5.941s] -- Up-to-date: /home/wheeltec/wheeltec_ros2/install/nav2_msgs/include/nav2_msgs/action/detail/navigate_through_poses__rosidl_typesupport_introspection_cpp.hpp
[5.941s] -- Up-to-date: /home/wheeltec/wheeltec_ros2/install/nav2_msgs/include/nav2_msgs/action/detail/wait__type_support.cpp
[5.942s] -- Up-to-date: /home/wheeltec/wheeltec_ros2/install/nav2_msgs/include/nav2_msgs/action/detail/follow_path__rosidl_typesupport_introspection_cpp.hpp
[5.942s] -- Up-to-date: /home/wheeltec/wheeltec_ros2/install/nav2_msgs/include/nav2_msgs/msg
[5.943s] -- Up-to-date: /home/wheeltec/wheeltec_ros2/install/nav2_msgs/include/nav2_msgs/msg/detail
[5.943s] -- Up-to-date: /home/wheeltec/wheeltec_ros2/install/nav2_msgs/include/nav2_msgs/msg/detail/particle__type_support.cpp
[5.943s] -- Up-to-date: /home/wheeltec/wheeltec_ros2/install/nav2_msgs/include/nav2_msgs/msg/detail/costmap_meta_data__type_support.cpp
[5.944s] -- Up-to-date: /home/wheeltec/wheeltec_ros2/install/nav2_msgs/include/nav2_msgs/msg/detail/behavior_tree_log__type_support.cpp
[5.944s] -- Up-to-date: /home/wheeltec/wheeltec_ros2/install/nav2_msgs/include/nav2_msgs/msg/detail/particle__rosidl_typesupport_introspection_cpp.hpp
[5.945s] -- Up-to-date: /home/wheeltec/wheeltec_ros2/install/nav2_msgs/include/nav2_msgs/msg/detail/voxel_grid__type_support.cpp
[5.945s] -- Up-to-date: /home/wheeltec/wheeltec_ros2/install/nav2_msgs/include/nav2_msgs/msg/detail/voxel_grid__rosidl_typesupport_introspection_cpp.hpp
[5.945s] -- Up-to-date: /home/wheeltec/wheeltec_ros2/install/nav2_msgs/include/nav2_msgs/msg/detail/particle_cloud__rosidl_typesupport_introspection_cpp.hpp
[5.946s] -- Up-to-date: /home/wheeltec/wheeltec_ros2/install/nav2_msgs/include/nav2_msgs/msg/detail/costmap_filter_info__type_support.cpp
[5.946s] -- Up-to-date: /home/wheeltec/wheeltec_ros2/install/nav2_msgs/include/nav2_msgs/msg/detail/costmap__rosidl_typesupport_introspection_cpp.hpp
[5.947s] -- Up-to-date: /home/wheeltec/wheeltec_ros2/install/nav2_msgs/include/nav2_msgs/msg/detail/behavior_tree_log__rosidl_typesupport_introspection_cpp.hpp
[5.947s] -- Up-to-date: /home/wheeltec/wheeltec_ros2/install/nav2_msgs/include/nav2_msgs/msg/detail/costmap_meta_data__rosidl_typesupport_introspection_cpp.hpp
[5.947s] -- Up-to-date: /home/wheeltec/wheeltec_ros2/install/nav2_msgs/include/nav2_msgs/msg/detail/speed_limit__type_support.cpp
[5.948s] -- Up-to-date: /home/wheeltec/wheeltec_ros2/install/nav2_msgs/include/nav2_msgs/msg/detail/costmap__type_support.cpp
[5.949s] -- Up-to-date: /home/wheeltec/wheeltec_ros2/install/nav2_msgs/include/nav2_msgs/msg/detail/behavior_tree_status_change__rosidl_typesupport_introspection_cpp.hpp
[5.949s] -- Up-to-date: /home/wheeltec/wheeltec_ros2/install/nav2_msgs/include/nav2_msgs/msg/detail/costmap_filter_info__rosidl_typesupport_introspection_cpp.hpp
[5.949s] -- Up-to-date: /home/wheeltec/wheeltec_ros2/install/nav2_msgs/include/nav2_msgs/msg/detail/speed_limit__rosidl_typesupport_introspection_cpp.hpp
[5.950s] -- Up-to-date: /home/wheeltec/wheeltec_ros2/install/nav2_msgs/include/nav2_msgs/msg/detail/behavior_tree_status_change__type_support.cpp
[5.950s] -- Up-to-date: /home/wheeltec/wheeltec_ros2/install/nav2_msgs/include/nav2_msgs/msg/detail/particle_cloud__type_support.cpp
[5.950s] -- Up-to-date: /home/wheeltec/wheeltec_ros2/install/nav2_msgs/include/nav2_msgs/srv
[5.951s] -- Up-to-date: /home/wheeltec/wheeltec_ros2/install/nav2_msgs/include/nav2_msgs/srv/detail
[5.951s] -- Up-to-date: /home/wheeltec/wheeltec_ros2/install/nav2_msgs/include/nav2_msgs/srv/detail/clear_entire_costmap__type_support.cpp
[5.952s] -- Up-to-date: /home/wheeltec/wheeltec_ros2/install/nav2_msgs/include/nav2_msgs/srv/detail/save_map__rosidl_typesupport_introspection_cpp.hpp
[5.952s] -- Up-to-date: /home/wheeltec/wheeltec_ros2/install/nav2_msgs/include/nav2_msgs/srv/detail/clear_costmap_except_region__rosidl_typesupport_introspection_cpp.hpp
[5.953s] -- Up-to-date: /home/wheeltec/wheeltec_ros2/install/nav2_msgs/include/nav2_msgs/srv/detail/clear_entire_costmap__rosidl_typesupport_introspection_cpp.hpp
[5.953s] -- Up-to-date: /home/wheeltec/wheeltec_ros2/install/nav2_msgs/include/nav2_msgs/srv/detail/load_map__rosidl_typesupport_introspection_cpp.hpp
[5.953s] -- Up-to-date: /home/wheeltec/wheeltec_ros2/install/nav2_msgs/include/nav2_msgs/srv/detail/manage_lifecycle_nodes__rosidl_typesupport_introspection_cpp.hpp
[5.954s] -- Up-to-date: /home/wheeltec/wheeltec_ros2/install/nav2_msgs/include/nav2_msgs/srv/detail/manage_lifecycle_nodes__type_support.cpp
[5.954s] -- Up-to-date: /home/wheeltec/wheeltec_ros2/install/nav2_msgs/include/nav2_msgs/srv/detail/load_map__type_support.cpp
[5.955s] -- Up-to-date: /home/wheeltec/wheeltec_ros2/install/nav2_msgs/include/nav2_msgs/srv/detail/get_costmap__rosidl_typesupport_introspection_cpp.hpp
[5.956s] -- Up-to-date: /home/wheeltec/wheeltec_ros2/install/nav2_msgs/include/nav2_msgs/srv/detail/get_costmap__type_support.cpp
[5.956s] -- Up-to-date: /home/wheeltec/wheeltec_ros2/install/nav2_msgs/include/nav2_msgs/srv/detail/clear_costmap_around_robot__type_support.cpp
[5.956s] -- Up-to-date: /home/wheeltec/wheeltec_ros2/install/nav2_msgs/include/nav2_msgs/srv/detail/clear_costmap_except_region__type_support.cpp
[5.957s] -- Up-to-date: /home/wheeltec/wheeltec_ros2/install/nav2_msgs/include/nav2_msgs/srv/detail/save_map__type_support.cpp
[5.957s] -- Up-to-date: /home/wheeltec/wheeltec_ros2/install/nav2_msgs/include/nav2_msgs/srv/detail/clear_costmap_around_robot__rosidl_typesupport_introspection_cpp.hpp
[5.958s] -- Up-to-date: /home/wheeltec/wheeltec_ros2/install/nav2_msgs/lib/libnav2_msgs__rosidl_typesupport_introspection_cpp.so
[5.958s] -- Up-to-date: /home/wheeltec/wheeltec_ros2/install/nav2_msgs/lib/libnav2_msgs__rosidl_typesupport_cpp.so
[5.959s] -- Up-to-date: /home/wheeltec/wheeltec_ros2/install/nav2_msgs/share/nav2_msgs/environment/pythonpath.sh
[5.959s] -- Up-to-date: /home/wheeltec/wheeltec_ros2/install/nav2_msgs/share/nav2_msgs/environment/pythonpath.dsv
[5.960s] -- Up-to-date: /home/wheeltec/wheeltec_ros2/install/nav2_msgs/lib/python3.8/site-packages/nav2_msgs/__init__.py
[5.982s] -- Up-to-date: /home/wheeltec/wheeltec_ros2/install/nav2_msgs/lib/python3.8/site-packages/nav2_msgs/msg
[5.984s] -- Up-to-date: /home/wheeltec/wheeltec_ros2/install/nav2_msgs/lib/python3.8/site-packages/nav2_msgs/msg/_behavior_tree_status_change_s.c
[5.985s] -- Up-to-date: /home/wheeltec/wheeltec_ros2/install/nav2_msgs/lib/python3.8/site-packages/nav2_msgs/msg/_speed_limit.py
[5.985s] -- Up-to-date: /home/wheeltec/wheeltec_ros2/install/nav2_msgs/lib/python3.8/site-packages/nav2_msgs/msg/_costmap_s.c
[5.986s] -- Up-to-date: /home/wheeltec/wheeltec_ros2/install/nav2_msgs/lib/python3.8/site-packages/nav2_msgs/msg/__init__.py
[5.986s] -- Up-to-date: /home/wheeltec/wheeltec_ros2/install/nav2_msgs/lib/python3.8/site-packages/nav2_msgs/msg/_costmap_filter_info.py
[5.987s] -- Up-to-date: /home/wheeltec/wheeltec_ros2/install/nav2_msgs/lib/python3.8/site-packages/nav2_msgs/msg/_costmap_meta_data.py
[5.987s] -- Up-to-date: /home/wheeltec/wheeltec_ros2/install/nav2_msgs/lib/python3.8/site-packages/nav2_msgs/msg/_particle.py
[5.988s] -- Up-to-date: /home/wheeltec/wheeltec_ros2/install/nav2_msgs/lib/python3.8/site-packages/nav2_msgs/msg/_behavior_tree_log.py
[5.988s] -- Up-to-date: /home/wheeltec/wheeltec_ros2/install/nav2_msgs/lib/python3.8/site-packages/nav2_msgs/msg/_costmap_filter_info_s.c
[5.989s] -- Up-to-date: /home/wheeltec/wheeltec_ros2/install/nav2_msgs/lib/python3.8/site-packages/nav2_msgs/msg/_particle_cloud.py
[5.989s] -- Up-to-date: /home/wheeltec/wheeltec_ros2/install/nav2_msgs/lib/python3.8/site-packages/nav2_msgs/msg/_speed_limit_s.c
[5.990s] -- Up-to-date: /home/wheeltec/wheeltec_ros2/install/nav2_msgs/lib/python3.8/site-packages/nav2_msgs/msg/_costmap_meta_data_s.c
[5.991s] -- Up-to-date: /home/wheeltec/wheeltec_ros2/install/nav2_msgs/lib/python3.8/site-packages/nav2_msgs/msg/_particle_s.c
[5.991s] -- Up-to-date: /home/wheeltec/wheeltec_ros2/install/nav2_msgs/lib/python3.8/site-packages/nav2_msgs/msg/_costmap.py
[5.996s] -- Up-to-date: /home/wheeltec/wheeltec_ros2/install/nav2_msgs/lib/python3.8/site-packages/nav2_msgs/msg/_behavior_tree_status_change.py
[5.997s] -- Up-to-date: /home/wheeltec/wheeltec_ros2/install/nav2_msgs/lib/python3.8/site-packages/nav2_msgs/msg/_particle_cloud_s.c
[5.997s] -- Up-to-date: /home/wheeltec/wheeltec_ros2/install/nav2_msgs/lib/python3.8/site-packages/nav2_msgs/msg/_voxel_grid_s.c
[5.997s] -- Up-to-date: /home/wheeltec/wheeltec_ros2/install/nav2_msgs/lib/python3.8/site-packages/nav2_msgs/msg/_behavior_tree_log_s.c
[5.998s] -- Up-to-date: /home/wheeltec/wheeltec_ros2/install/nav2_msgs/lib/python3.8/site-packages/nav2_msgs/msg/_voxel_grid.py
[5.999s] -- Up-to-date: /home/wheeltec/wheeltec_ros2/install/nav2_msgs/lib/python3.8/site-packages/nav2_msgs/srv
[5.999s] -- Up-to-date: /home/wheeltec/wheeltec_ros2/install/nav2_msgs/lib/python3.8/site-packages/nav2_msgs/srv/_load_map_s.c
[5.999s] -- Up-to-date: /home/wheeltec/wheeltec_ros2/install/nav2_msgs/lib/python3.8/site-packages/nav2_msgs/srv/_clear_costmap_around_robot.py
[6.000s] -- Up-to-date: /home/wheeltec/wheeltec_ros2/install/nav2_msgs/lib/python3.8/site-packages/nav2_msgs/srv/_get_costmap_s.c
[6.000s] -- Up-to-date: /home/wheeltec/wheeltec_ros2/install/nav2_msgs/lib/python3.8/site-packages/nav2_msgs/srv/__init__.py
[6.001s] -- Up-to-date: /home/wheeltec/wheeltec_ros2/install/nav2_msgs/lib/python3.8/site-packages/nav2_msgs/srv/_manage_lifecycle_nodes.py
[6.001s] -- Up-to-date: /home/wheeltec/wheeltec_ros2/install/nav2_msgs/lib/python3.8/site-packages/nav2_msgs/srv/_save_map.py
[6.002s] -- Up-to-date: /home/wheeltec/wheeltec_ros2/install/nav2_msgs/lib/python3.8/site-packages/nav2_msgs/srv/_clear_costmap_around_robot_s.c
[6.003s] -- Up-to-date: /home/wheeltec/wheeltec_ros2/install/nav2_msgs/lib/python3.8/site-packages/nav2_msgs/srv/_clear_entire_costmap_s.c
[6.003s] -- Up-to-date: /home/wheeltec/wheeltec_ros2/install/nav2_msgs/lib/python3.8/site-packages/nav2_msgs/srv/_manage_lifecycle_nodes_s.c
[6.004s] -- Up-to-date: /home/wheeltec/wheeltec_ros2/install/nav2_msgs/lib/python3.8/site-packages/nav2_msgs/srv/_clear_entire_costmap.py
[6.004s] -- Up-to-date: /home/wheeltec/wheeltec_ros2/install/nav2_msgs/lib/python3.8/site-packages/nav2_msgs/srv/_load_map.py
[6.004s] -- Up-to-date: /home/wheeltec/wheeltec_ros2/install/nav2_msgs/lib/python3.8/site-packages/nav2_msgs/srv/_get_costmap.py
[6.005s] -- Up-to-date: /home/wheeltec/wheeltec_ros2/install/nav2_msgs/lib/python3.8/site-packages/nav2_msgs/srv/_clear_costmap_except_region.py
[6.006s] -- Up-to-date: /home/wheeltec/wheeltec_ros2/install/nav2_msgs/lib/python3.8/site-packages/nav2_msgs/srv/_clear_costmap_except_region_s.c
[6.006s] -- Up-to-date: /home/wheeltec/wheeltec_ros2/install/nav2_msgs/lib/python3.8/site-packages/nav2_msgs/srv/_save_map_s.c
[6.007s] -- Up-to-date: /home/wheeltec/wheeltec_ros2/install/nav2_msgs/lib/python3.8/site-packages/nav2_msgs/action
[6.007s] -- Up-to-date: /home/wheeltec/wheeltec_ros2/install/nav2_msgs/lib/python3.8/site-packages/nav2_msgs/action/__init__.py
[6.007s] -- Up-to-date: /home/wheeltec/wheeltec_ros2/install/nav2_msgs/lib/python3.8/site-packages/nav2_msgs/action/_compute_path_through_poses.py
[6.008s] -- Up-to-date: /home/wheeltec/wheeltec_ros2/install/nav2_msgs/lib/python3.8/site-packages/nav2_msgs/action/_back_up_s.c
[6.008s] -- Up-to-date: /home/wheeltec/wheeltec_ros2/install/nav2_msgs/lib/python3.8/site-packages/nav2_msgs/action/_spin.py
[6.009s] -- Up-to-date: /home/wheeltec/wheeltec_ros2/install/nav2_msgs/lib/python3.8/site-packages/nav2_msgs/action/_wait.py
[6.009s] -- Up-to-date: /home/wheeltec/wheeltec_ros2/install/nav2_msgs/lib/python3.8/site-packages/nav2_msgs/action/_wait_s.c
[6.010s] -- Up-to-date: /home/wheeltec/wheeltec_ros2/install/nav2_msgs/lib/python3.8/site-packages/nav2_msgs/action/_follow_waypoints_s.c
[6.010s] -- Up-to-date: /home/wheeltec/wheeltec_ros2/install/nav2_msgs/lib/python3.8/site-packages/nav2_msgs/action/_compute_path_to_pose_s.c
[6.012s] -- Up-to-date: /home/wheeltec/wheeltec_ros2/install/nav2_msgs/lib/python3.8/site-packages/nav2_msgs/action/_navigate_to_pose.py
[6.012s] -- Up-to-date: /home/wheeltec/wheeltec_ros2/install/nav2_msgs/lib/python3.8/site-packages/nav2_msgs/action/_follow_waypoints.py
[6.013s] -- Up-to-date: /home/wheeltec/wheeltec_ros2/install/nav2_msgs/lib/python3.8/site-packages/nav2_msgs/action/_dummy_recovery_s.c
[6.013s] -- Up-to-date: /home/wheeltec/wheeltec_ros2/install/nav2_msgs/lib/python3.8/site-packages/nav2_msgs/action/_compute_path_through_poses_s.c
[6.014s] -- Up-to-date: /home/wheeltec/wheeltec_ros2/install/nav2_msgs/lib/python3.8/site-packages/nav2_msgs/action/_follow_path_s.c
[6.015s] -- Up-to-date: /home/wheeltec/wheeltec_ros2/install/nav2_msgs/lib/python3.8/site-packages/nav2_msgs/action/_navigate_to_pose_s.c
[6.015s] -- Up-to-date: /home/wheeltec/wheeltec_ros2/install/nav2_msgs/lib/python3.8/site-packages/nav2_msgs/action/_spin_s.c
[6.016s] -- Up-to-date: /home/wheeltec/wheeltec_ros2/install/nav2_msgs/lib/python3.8/site-packages/nav2_msgs/action/_navigate_through_poses.py
[6.016s] -- Up-to-date: /home/wheeltec/wheeltec_ros2/install/nav2_msgs/lib/python3.8/site-packages/nav2_msgs/action/_compute_path_to_pose.py
[6.017s] -- Up-to-date: /home/wheeltec/wheeltec_ros2/install/nav2_msgs/lib/python3.8/site-packages/nav2_msgs/action/_back_up.py
[6.017s] -- Up-to-date: /home/wheeltec/wheeltec_ros2/install/nav2_msgs/lib/python3.8/site-packages/nav2_msgs/action/_follow_path.py
[6.018s] -- Up-to-date: /home/wheeltec/wheeltec_ros2/install/nav2_msgs/lib/python3.8/site-packages/nav2_msgs/action/_dummy_recovery.py
[6.018s] -- Up-to-date: /home/wheeltec/wheeltec_ros2/install/nav2_msgs/lib/python3.8/site-packages/nav2_msgs/action/_navigate_through_poses_s.c
[6.019s] -- Up-to-date: /home/wheeltec/wheeltec_ros2/install/nav2_msgs/lib/python3.8/site-packages/nav2_msgs/nav2_msgs_s__rosidl_typesupport_fastrtps_c.cpython-38-aarch64-linux-gnu.so
[6.019s] -- Up-to-date: /home/wheeltec/wheeltec_ros2/install/nav2_msgs/lib/python3.8/site-packages/nav2_msgs/nav2_msgs_s__rosidl_typesupport_introspection_c.cpython-38-aarch64-linux-gnu.so
[6.020s] -- Up-to-date: /home/wheeltec/wheeltec_ros2/install/nav2_msgs/lib/python3.8/site-packages/nav2_msgs/nav2_msgs_s__rosidl_typesupport_c.cpython-38-aarch64-linux-gnu.so
[6.021s] -- Up-to-date: /home/wheeltec/wheeltec_ros2/install/nav2_msgs/lib/libnav2_msgs__python.so
[6.022s] -- Up-to-date: /home/wheeltec/wheeltec_ros2/install/nav2_msgs/share/nav2_msgs/msg/Costmap.idl
[6.023s] -- Up-to-date: /home/wheeltec/wheeltec_ros2/install/nav2_msgs/share/nav2_msgs/msg/CostmapMetaData.idl
[6.024s] -- Up-to-date: /home/wheeltec/wheeltec_ros2/install/nav2_msgs/share/nav2_msgs/msg/CostmapFilterInfo.idl
[6.025s] -- Up-to-date: /home/wheeltec/wheeltec_ros2/install/nav2_msgs/share/nav2_msgs/msg/SpeedLimit.idl
[6.025s] -- Up-to-date: /home/wheeltec/wheeltec_ros2/install/nav2_msgs/share/nav2_msgs/msg/VoxelGrid.idl
[6.026s] -- Up-to-date: /home/wheeltec/wheeltec_ros2/install/nav2_msgs/share/nav2_msgs/msg/BehaviorTreeStatusChange.idl
[6.027s] -- Up-to-date: /home/wheeltec/wheeltec_ros2/install/nav2_msgs/share/nav2_msgs/msg/BehaviorTreeLog.idl
[6.028s] -- Up-to-date: /home/wheeltec/wheeltec_ros2/install/nav2_msgs/share/nav2_msgs/msg/Particle.idl
[6.028s] -- Up-to-date: /home/wheeltec/wheeltec_ros2/install/nav2_msgs/share/nav2_msgs/msg/ParticleCloud.idl
[6.029s] -- Up-to-date: /home/wheeltec/wheeltec_ros2/install/nav2_msgs/share/nav2_msgs/srv/GetCostmap.idl
[6.030s] -- Up-to-date: /home/wheeltec/wheeltec_ros2/install/nav2_msgs/share/nav2_msgs/srv/ClearCostmapExceptRegion.idl
[6.031s] -- Up-to-date: /home/wheeltec/wheeltec_ros2/install/nav2_msgs/share/nav2_msgs/srv/ClearCostmapAroundRobot.idl
[6.031s] -- Up-to-date: /home/wheeltec/wheeltec_ros2/install/nav2_msgs/share/nav2_msgs/srv/ClearEntireCostmap.idl
[6.032s] -- Up-to-date: /home/wheeltec/wheeltec_ros2/install/nav2_msgs/share/nav2_msgs/srv/ManageLifecycleNodes.idl
[6.033s] -- Up-to-date: /home/wheeltec/wheeltec_ros2/install/nav2_msgs/share/nav2_msgs/srv/LoadMap.idl
[6.034s] -- Up-to-date: /home/wheeltec/wheeltec_ros2/install/nav2_msgs/share/nav2_msgs/srv/SaveMap.idl
[6.035s] -- Up-to-date: /home/wheeltec/wheeltec_ros2/install/nav2_msgs/share/nav2_msgs/action/BackUp.idl
[6.036s] -- Up-to-date: /home/wheeltec/wheeltec_ros2/install/nav2_msgs/share/nav2_msgs/action/ComputePathToPose.idl
[6.036s] -- Up-to-date: /home/wheeltec/wheeltec_ros2/install/nav2_msgs/share/nav2_msgs/action/ComputePathThroughPoses.idl
[6.037s] -- Up-to-date: /home/wheeltec/wheeltec_ros2/install/nav2_msgs/share/nav2_msgs/action/FollowPath.idl
[6.037s] -- Up-to-date: /home/wheeltec/wheeltec_ros2/install/nav2_msgs/share/nav2_msgs/action/NavigateToPose.idl
[6.038s] -- Up-to-date: /home/wheeltec/wheeltec_ros2/install/nav2_msgs/share/nav2_msgs/action/NavigateThroughPoses.idl
[6.039s] -- Up-to-date: /home/wheeltec/wheeltec_ros2/install/nav2_msgs/share/nav2_msgs/action/Wait.idl
[6.040s] -- Up-to-date: /home/wheeltec/wheeltec_ros2/install/nav2_msgs/share/nav2_msgs/action/Spin.idl
[6.040s] -- Up-to-date: /home/wheeltec/wheeltec_ros2/install/nav2_msgs/share/nav2_msgs/action/DummyRecovery.idl
[6.041s] -- Up-to-date: /home/wheeltec/wheeltec_ros2/install/nav2_msgs/share/nav2_msgs/action/FollowWaypoints.idl
[6.041s] -- Up-to-date: /home/wheeltec/wheeltec_ros2/install/nav2_msgs/share/nav2_msgs/msg/Costmap.msg
[6.042s] -- Up-to-date: /home/wheeltec/wheeltec_ros2/install/nav2_msgs/share/nav2_msgs/msg/CostmapMetaData.msg
[6.042s] -- Up-to-date: /home/wheeltec/wheeltec_ros2/install/nav2_msgs/share/nav2_msgs/msg/CostmapFilterInfo.msg
[6.043s] -- Up-to-date: /home/wheeltec/wheeltec_ros2/install/nav2_msgs/share/nav2_msgs/msg/SpeedLimit.msg
[6.043s] -- Up-to-date: /home/wheeltec/wheeltec_ros2/install/nav2_msgs/share/nav2_msgs/msg/VoxelGrid.msg
[6.044s] -- Up-to-date: /home/wheeltec/wheeltec_ros2/install/nav2_msgs/share/nav2_msgs/msg/BehaviorTreeStatusChange.msg
[6.044s] -- Up-to-date: /home/wheeltec/wheeltec_ros2/install/nav2_msgs/share/nav2_msgs/msg/BehaviorTreeLog.msg
[6.045s] -- Up-to-date: /home/wheeltec/wheeltec_ros2/install/nav2_msgs/share/nav2_msgs/msg/Particle.msg
[6.046s] -- Up-to-date: /home/wheeltec/wheeltec_ros2/install/nav2_msgs/share/nav2_msgs/msg/ParticleCloud.msg
[6.046s] -- Up-to-date: /home/wheeltec/wheeltec_ros2/install/nav2_msgs/share/nav2_msgs/srv/GetCostmap.srv
[6.047s] -- Up-to-date: /home/wheeltec/wheeltec_ros2/install/nav2_msgs/share/nav2_msgs/srv/GetCostmap_Request.msg
[6.047s] -- Up-to-date: /home/wheeltec/wheeltec_ros2/install/nav2_msgs/share/nav2_msgs/srv/GetCostmap_Response.msg
[6.047s] -- Up-to-date: /home/wheeltec/wheeltec_ros2/install/nav2_msgs/share/nav2_msgs/srv/ClearCostmapExceptRegion.srv
[6.048s] -- Up-to-date: /home/wheeltec/wheeltec_ros2/install/nav2_msgs/share/nav2_msgs/srv/ClearCostmapExceptRegion_Request.msg
[6.049s] -- Up-to-date: /home/wheeltec/wheeltec_ros2/install/nav2_msgs/share/nav2_msgs/srv/ClearCostmapExceptRegion_Response.msg
[6.050s] -- Up-to-date: /home/wheeltec/wheeltec_ros2/install/nav2_msgs/share/nav2_msgs/srv/ClearCostmapAroundRobot.srv
[6.050s] -- Up-to-date: /home/wheeltec/wheeltec_ros2/install/nav2_msgs/share/nav2_msgs/srv/ClearCostmapAroundRobot_Request.msg
[6.051s] -- Up-to-date: /home/wheeltec/wheeltec_ros2/install/nav2_msgs/share/nav2_msgs/srv/ClearCostmapAroundRobot_Response.msg
[6.051s] -- Up-to-date: /home/wheeltec/wheeltec_ros2/install/nav2_msgs/share/nav2_msgs/srv/ClearEntireCostmap.srv
[6.052s] -- Up-to-date: /home/wheeltec/wheeltec_ros2/install/nav2_msgs/share/nav2_msgs/srv/ClearEntireCostmap_Request.msg
[6.053s] -- Up-to-date: /home/wheeltec/wheeltec_ros2/install/nav2_msgs/share/nav2_msgs/srv/ClearEntireCostmap_Response.msg
[6.053s] -- Up-to-date: /home/wheeltec/wheeltec_ros2/install/nav2_msgs/share/nav2_msgs/srv/ManageLifecycleNodes.srv
[6.054s] -- Up-to-date: /home/wheeltec/wheeltec_ros2/install/nav2_msgs/share/nav2_msgs/srv/ManageLifecycleNodes_Request.msg
[6.054s] -- Up-to-date: /home/wheeltec/wheeltec_ros2/install/nav2_msgs/share/nav2_msgs/srv/ManageLifecycleNodes_Response.msg
[6.055s] -- Up-to-date: /home/wheeltec/wheeltec_ros2/install/nav2_msgs/share/nav2_msgs/srv/LoadMap.srv
[6.055s] -- Up-to-date: /home/wheeltec/wheeltec_ros2/install/nav2_msgs/share/nav2_msgs/srv/LoadMap_Request.msg
[6.056s] -- Up-to-date: /home/wheeltec/wheeltec_ros2/install/nav2_msgs/share/nav2_msgs/srv/LoadMap_Response.msg
[6.057s] -- Up-to-date: /home/wheeltec/wheeltec_ros2/install/nav2_msgs/share/nav2_msgs/srv/SaveMap.srv
[6.057s] -- Up-to-date: /home/wheeltec/wheeltec_ros2/install/nav2_msgs/share/nav2_msgs/srv/SaveMap_Request.msg
[6.057s] -- Up-to-date: /home/wheeltec/wheeltec_ros2/install/nav2_msgs/share/nav2_msgs/srv/SaveMap_Response.msg
[6.058s] -- Up-to-date: /home/wheeltec/wheeltec_ros2/install/nav2_msgs/share/nav2_msgs/action/BackUp.action
[6.058s] -- Up-to-date: /home/wheeltec/wheeltec_ros2/install/nav2_msgs/share/nav2_msgs/action/ComputePathToPose.action
[6.059s] -- Up-to-date: /home/wheeltec/wheeltec_ros2/install/nav2_msgs/share/nav2_msgs/action/ComputePathThroughPoses.action
[6.060s] -- Up-to-date: /home/wheeltec/wheeltec_ros2/install/nav2_msgs/share/nav2_msgs/action/FollowPath.action
[6.061s] -- Up-to-date: /home/wheeltec/wheeltec_ros2/install/nav2_msgs/share/nav2_msgs/action/NavigateToPose.action
[6.061s] -- Up-to-date: /home/wheeltec/wheeltec_ros2/install/nav2_msgs/share/nav2_msgs/action/NavigateThroughPoses.action
[6.062s] -- Up-to-date: /home/wheeltec/wheeltec_ros2/install/nav2_msgs/share/nav2_msgs/action/Wait.action
[6.063s] -- Up-to-date: /home/wheeltec/wheeltec_ros2/install/nav2_msgs/share/nav2_msgs/action/Spin.action
[6.064s] -- Up-to-date: /home/wheeltec/wheeltec_ros2/install/nav2_msgs/share/nav2_msgs/action/DummyRecovery.action
[6.065s] -- Up-to-date: /home/wheeltec/wheeltec_ros2/install/nav2_msgs/share/nav2_msgs/action/FollowWaypoints.action
[6.065s] -- Up-to-date: /home/wheeltec/wheeltec_ros2/install/nav2_msgs/share/ament_index/resource_index/package_run_dependencies/nav2_msgs
[6.066s] -- Up-to-date: /home/wheeltec/wheeltec_ros2/install/nav2_msgs/share/ament_index/resource_index/parent_prefix_path/nav2_msgs
[6.066s] -- Up-to-date: /home/wheeltec/wheeltec_ros2/install/nav2_msgs/share/nav2_msgs/environment/ament_prefix_path.sh
[6.067s] -- Up-to-date: /home/wheeltec/wheeltec_ros2/install/nav2_msgs/share/nav2_msgs/environment/ament_prefix_path.dsv
[6.068s] -- Up-to-date: /home/wheeltec/wheeltec_ros2/install/nav2_msgs/share/nav2_msgs/environment/path.sh
[6.068s] -- Up-to-date: /home/wheeltec/wheeltec_ros2/install/nav2_msgs/share/nav2_msgs/environment/path.dsv
[6.068s] -- Up-to-date: /home/wheeltec/wheeltec_ros2/install/nav2_msgs/share/nav2_msgs/local_setup.bash
[6.069s] -- Up-to-date: /home/wheeltec/wheeltec_ros2/install/nav2_msgs/share/nav2_msgs/local_setup.sh
[6.070s] -- Up-to-date: /home/wheeltec/wheeltec_ros2/install/nav2_msgs/share/nav2_msgs/local_setup.zsh
[6.071s] -- Up-to-date: /home/wheeltec/wheeltec_ros2/install/nav2_msgs/share/nav2_msgs/local_setup.dsv
[6.071s] -- Installing: /home/wheeltec/wheeltec_ros2/install/nav2_msgs/share/nav2_msgs/package.dsv
[6.073s] -- Up-to-date: /home/wheeltec/wheeltec_ros2/install/nav2_msgs/share/ament_index/resource_index/packages/nav2_msgs
[6.091s] -- Up-to-date: /home/wheeltec/wheeltec_ros2/install/nav2_msgs/share/nav2_msgs/cmake/nav2_msgs__rosidl_generator_cExport.cmake
[6.092s] -- Up-to-date: /home/wheeltec/wheeltec_ros2/install/nav2_msgs/share/nav2_msgs/cmake/nav2_msgs__rosidl_generator_cExport-release.cmake
[6.092s] -- Up-to-date: /home/wheeltec/wheeltec_ros2/install/nav2_msgs/share/nav2_msgs/cmake/nav2_msgs__rosidl_typesupport_introspection_cExport.cmake
[6.093s] -- Up-to-date: /home/wheeltec/wheeltec_ros2/install/nav2_msgs/share/nav2_msgs/cmake/nav2_msgs__rosidl_typesupport_introspection_cExport-release.cmake
[6.093s] -- Up-to-date: /home/wheeltec/wheeltec_ros2/install/nav2_msgs/share/nav2_msgs/cmake/nav2_msgs__rosidl_typesupport_cExport.cmake
[6.101s] -- Up-to-date: /home/wheeltec/wheeltec_ros2/install/nav2_msgs/share/nav2_msgs/cmake/nav2_msgs__rosidl_typesupport_cExport-release.cmake
[6.101s] -- Up-to-date: /home/wheeltec/wheeltec_ros2/install/nav2_msgs/share/nav2_msgs/cmake/nav2_msgs__rosidl_generator_cppExport.cmake
[6.102s] -- Up-to-date: /home/wheeltec/wheeltec_ros2/install/nav2_msgs/share/nav2_msgs/cmake/nav2_msgs__rosidl_typesupport_introspection_cppExport.cmake
[6.103s] -- Up-to-date: /home/wheeltec/wheeltec_ros2/install/nav2_msgs/share/nav2_msgs/cmake/nav2_msgs__rosidl_typesupport_introspection_cppExport-release.cmake
[6.103s] -- Up-to-date: /home/wheeltec/wheeltec_ros2/install/nav2_msgs/share/nav2_msgs/cmake/nav2_msgs__rosidl_typesupport_cppExport.cmake
[6.104s] -- Up-to-date: /home/wheeltec/wheeltec_ros2/install/nav2_msgs/share/nav2_msgs/cmake/nav2_msgs__rosidl_typesupport_cppExport-release.cmake
[6.104s] -- Up-to-date: /home/wheeltec/wheeltec_ros2/install/nav2_msgs/share/nav2_msgs/cmake/rosidl_cmake-extras.cmake
[6.105s] -- Up-to-date: /home/wheeltec/wheeltec_ros2/install/nav2_msgs/share/nav2_msgs/cmake/ament_cmake_export_dependencies-extras.cmake
[6.105s] -- Up-to-date: /home/wheeltec/wheeltec_ros2/install/nav2_msgs/share/nav2_msgs/cmake/ament_cmake_export_libraries-extras.cmake
[6.106s] -- Up-to-date: /home/wheeltec/wheeltec_ros2/install/nav2_msgs/share/nav2_msgs/cmake/ament_cmake_export_targets-extras.cmake
[6.117s] -- Up-to-date: /home/wheeltec/wheeltec_ros2/install/nav2_msgs/share/nav2_msgs/cmake/ament_cmake_export_include_directories-extras.cmake
[6.117s] -- Up-to-date: /home/wheeltec/wheeltec_ros2/install/nav2_msgs/share/nav2_msgs/cmake/rosidl_cmake_export_typesupport_libraries-extras.cmake
[6.118s] -- Up-to-date: /home/wheeltec/wheeltec_ros2/install/nav2_msgs/share/nav2_msgs/cmake/rosidl_cmake_export_typesupport_targets-extras.cmake
[6.118s] -- Up-to-date: /home/wheeltec/wheeltec_ros2/install/nav2_msgs/share/nav2_msgs/cmake/nav2_msgsConfig.cmake
[6.119s] -- Up-to-date: /home/wheeltec/wheeltec_ros2/install/nav2_msgs/share/nav2_msgs/cmake/nav2_msgsConfig-version.cmake
[6.119s] -- Up-to-date: /home/wheeltec/wheeltec_ros2/install/nav2_msgs/share/nav2_msgs/package.xml
[6.120s] Invoked command in '/home/wheeltec/wheeltec_ros2/build/nav2_msgs' returned '0': CMAKE_PREFIX_PATH=/home/wheeltec/wheeltec_ros2/install/nav2_common:/home/wheeltec/wheeltec_ros2/install/wheeltec_rrt_msg:/home/wheeltec/wheeltec_ros2/install/turn_on_wheeltec_robot:/home/wheeltec/wheeltec_ros2/install/wheeltec_robot_msg:/home/wheeltec/wheeltec_ros2/install/wheeltec_joy:/home/wheeltec/wheeltec_ros2/install/wheeltec_cartographer:/home/wheeltec/wheeltec_ros2/install/web_video_server:/home/wheeltec/wheeltec_ros2/install/usb_cam:/home/wheeltec/wheeltec_ros2/install/serial:/home/wheeltec/wheeltec_ros2/install/rplidar_ros2:/home/wheeltec/wheeltec_ros2/install/perception_pcl:/home/wheeltec/wheeltec_ros2/install/pcl_ros:/home/wheeltec/wheeltec_ros2/install/pcl_conversions:/home/wheeltec/wheeltec_ros2/install/openslam_gmapping:/home/wheeltec/wheeltec_ros2/install/nav_2d_utils:/home/wheeltec/wheeltec_ros2/install/dwb_msgs:/home/wheeltec/wheeltec_ros2/install/nav_2d_msgs:/home/wheeltec/wheeltec_ros2/install/nav2_voxel_grid:/home/wheeltec/wheeltec_ros2/install/nav2_lifecycle_manager:/home/wheeltec/wheeltec_ros2/install/nav2_amcl:/home/wheeltec/wheeltec_ros2/install/nav2_util:/home/wheeltec/wheeltec_ros2/install/nav2_msgs:/home/wheeltec/wheeltec_ros2/install/lsn10:/home/wheeltec/wheeltec_ros2/install/lsm10_v2:/home/wheeltec/wheeltec_ros2/install/lidar_ros2:/home/wheeltec/wheeltec_ros2/install/ldlidar_stl_ros2:/home/wheeltec/wheeltec_ros2/install/ldlidar_sl_ros2:/home/wheeltec/wheeltec_ros2/install/astra_msgs:/home/wheeltec/wheeltec_ros2/install/ar_track_alvar_msgs:/home/wheeltec/wheeltec_ros2/install/ackermann_msgs:/home/wheeltec/wheeltec_ros2/install/wheeltec_robot_keyboard:/home/wheeltec/wheeltec_ros2/install/tf2_tools:/home/wheeltec/wheeltec_ros2/install/nav2_gazebo_spawner:/opt/ros/galactic PYTHONPATH=/home/wheeltec/wheeltec_ros2/install/nav2_common/lib/python3.8/site-packages:/home/wheeltec/wheeltec_ros2/install/wheeltec_rrt_msg/lib/python3.8/site-packages:/home/wheeltec/wheeltec_ros2/install/turn_on_wheeltec_robot/lib/python3.8/site-packages:/home/wheeltec/wheeltec_ros2/install/wheeltec_robot_msg/lib/python3.8/site-packages:/home/wheeltec/wheeltec_ros2/install/wheeltec_robot_keyboard/lib/python3.8/site-packages:/home/wheeltec/wheeltec_ros2/install/tf2_tools/lib/python3.8/site-packages:/home/wheeltec/wheeltec_ros2/install/dwb_msgs/lib/python3.8/site-packages:/home/wheeltec/wheeltec_ros2/install/nav_2d_msgs/lib/python3.8/site-packages:/home/wheeltec/wheeltec_ros2/install/nav2_msgs/lib/python3.8/site-packages:/home/wheeltec/wheeltec_ros2/install/nav2_gazebo_spawner/lib/python3.8/site-packages:/home/wheeltec/wheeltec_ros2/install/lsm10_v2/lib/python3.8/site-packages:/home/wheeltec/wheeltec_ros2/install/astra_msgs/lib/python3.8/site-packages:/home/wheeltec/wheeltec_ros2/install/ar_track_alvar_msgs/lib/python3.8/site-packages:/home/wheeltec/wheeltec_ros2/install/ackermann_msgs/lib/python3.8/site-packages:/opt/ros/galactic/lib/python3.8/site-packages /usr/bin/cmake --install /home/wheeltec/wheeltec_ros2/build/nav2_msgs
