[0.088s] Invoking command in '/home/wheeltec/wheeltec_ros2/build/turn_on_wheeltec_robot': AMENT_PREFIX_PATH=/home/wheeltec/wheeltec_ros2/install/nav2_msgs:/home/wheeltec/wheeltec_ros2/install/wheeltec_robot_msg:/home/wheeltec/wheeltec_ros2/install/serial:/home/wheeltec/wheeltec_ros2/install/ackermann_msgs:${AMENT_PREFIX_PATH} CMAKE_PREFIX_PATH=/home/wheeltec/wheeltec_ros2/install/nav2_msgs:/home/wheeltec/wheeltec_ros2/install/wheeltec_robot_msg:/home/wheeltec/wheeltec_ros2/install/serial:/home/wheeltec/wheeltec_ros2/install/ackermann_msgs:/opt/ros/galactic LD_LIBRARY_PATH=/home/wheeltec/wheeltec_ros2/install/nav2_msgs/lib:/home/wheeltec/wheeltec_ros2/install/wheeltec_robot_msg/lib:/home/wheeltec/wheeltec_ros2/install/serial/lib:/home/wheeltec/wheeltec_ros2/install/ackermann_msgs/lib:/usr/local/cuda-10.2/lib64:/opt/ros/galactic/opt/yaml_cpp_vendor/lib:/opt/ros/galactic/opt/rviz_ogre_vendor/lib:/opt/ros/galactic/lib/aarch64-linux-gnu:/opt/ros/galactic/lib:/usr/local/cuda-10.2/lib64 PYTHONPATH=/home/wheeltec/wheeltec_ros2/install/nav2_msgs/lib/python3.8/site-packages:/home/wheeltec/wheeltec_ros2/install/wheeltec_robot_msg/lib/python3.8/site-packages:/home/wheeltec/wheeltec_ros2/install/ackermann_msgs/lib/python3.8/site-packages:${PYTHONPATH} /usr/bin/cmake /home/wheeltec/wheeltec_ros2/src/turn_on_wheeltec_robot -DCMAKE_INSTALL_PREFIX=/home/wheeltec/wheeltec_ros2/install/turn_on_wheeltec_robot
[0.354s] -- The C compiler identification is GNU 9.4.0
[0.560s] -- The CXX compiler identification is GNU 9.4.0
[0.598s] -- Check for working C compiler: /usr/bin/cc
[0.870s] -- Check for working C compiler: /usr/bin/cc -- works
[0.875s] -- Detecting C compiler ABI info
[1.141s] -- Detecting C compiler ABI info - done
[1.184s] -- Detecting C compile features
[1.184s] -- Detecting C compile features - done
[1.196s] -- Check for working CXX compiler: /usr/bin/c++
[1.529s] -- Check for working CXX compiler: /usr/bin/c++ -- works
[1.535s] -- Detecting CXX compiler ABI info
[1.814s] -- Detecting CXX compiler ABI info - done
[1.859s] -- Detecting CXX compile features
[1.861s] -- Detecting CXX compile features - done
[1.875s] -- Found ament_cmake: 1.1.5 (/opt/ros/galactic/share/ament_cmake/cmake)
[1.987s] -- Found PythonInterp: /usr/bin/python3 (found suitable version "3.8.10", minimum required is "3") 
[1.987s] -- Using PYTHON_EXECUTABLE: /usr/bin/python3
[2.362s] -- Found geometry_msgs: 2.2.4 (/opt/ros/galactic/share/geometry_msgs/cmake)
[2.528s] -- Using all available rosidl_typesupport_c: rosidl_typesupport_fastrtps_c;rosidl_typesupport_introspection_c
[2.570s] -- Found rosidl_adapter: 2.2.2 (/opt/ros/galactic/share/rosidl_adapter/cmake)
[2.934s] -- Found OpenSSL: /usr/lib/aarch64-linux-gnu/libcrypto.so (found version "1.1.1f")  
[3.043s] -- Found FastRTPS: /opt/ros/galactic/include  
[3.410s] -- Using all available rosidl_typesupport_cpp: rosidl_typesupport_fastrtps_cpp;rosidl_typesupport_introspection_cpp
[3.780s] -- Found nav2_msgs: 1.0.12 (/home/wheeltec/wheeltec_ros2/install/nav2_msgs/share/nav2_msgs/cmake)
[5.223s] -- Found rclcpp: 9.2.1 (/opt/ros/galactic/share/rclcpp/cmake)
[5.476s] -- Found rmw_implementation_cmake: 3.3.1 (/opt/ros/galactic/share/rmw_implementation_cmake/cmake)
[5.496s] -- Found rmw_cyclonedds_cpp: 0.22.5 (/opt/ros/galactic/share/rmw_cyclonedds_cpp/cmake)
[5.591s] -- Using RMW implementation 'rmw_cyclonedds_cpp' as default
[5.594s] -- Looking for pthread.h
[5.863s] -- Looking for pthread.h - found
[5.865s] -- Performing Test CMAKE_HAVE_LIBC_PTHREAD
[6.150s] -- Performing Test CMAKE_HAVE_LIBC_PTHREAD - Failed
[6.151s] -- Looking for pthread_create in pthreads
[6.372s] -- Looking for pthread_create in pthreads - not found
[6.374s] -- Looking for pthread_create in pthread
[6.672s] -- Looking for pthread_create in pthread - found
[6.676s] -- Found Threads: TRUE  
[7.260s] -- Found rclpy: 1.9.1 (/opt/ros/galactic/share/rclpy/cmake)
[7.271s] -- Found sensor_msgs: 2.2.4 (/opt/ros/galactic/share/sensor_msgs/cmake)
[7.569s] -- Found tf2: 0.17.3 (/opt/ros/galactic/share/tf2/cmake)
[7.626s] -- Found tf2_ros: 0.17.3 (/opt/ros/galactic/share/tf2_ros/cmake)
[8.883s] -- Found std_srvs: 2.2.4 (/opt/ros/galactic/share/std_srvs/cmake)
[8.927s] -- Found ackermann_msgs: 2.0.2 (/home/wheeltec/wheeltec_ros2/install/ackermann_msgs/share/ackermann_msgs/cmake)
[9.155s] -- Found wheeltec_robot_msg: 0.0.0 (/home/wheeltec/wheeltec_ros2/install/wheeltec_robot_msg/share/wheeltec_robot_msg/cmake)
[9.309s] -- Found serial: 1.2.1 (/home/wheeltec/wheeltec_ros2/install/serial/share/serial/cmake)
[9.339s] -- Found rosidl_default_generators: 1.1.1 (/opt/ros/galactic/share/rosidl_default_generators/cmake)
[9.498s] -- Found PythonInterp: /usr/bin/python3 (found version "3.8.10") 
[10.054s] -- Found ament_cmake_ros: 0.9.2 (/opt/ros/galactic/share/ament_cmake_ros/cmake)
[10.502s] -- Using all available rosidl_typesupport_c: rosidl_typesupport_fastrtps_c;rosidl_typesupport_introspection_c
[10.535s] -- Using all available rosidl_typesupport_cpp: rosidl_typesupport_fastrtps_cpp;rosidl_typesupport_introspection_cpp
[10.639s] -- Found PythonInterp: /usr/bin/python3 (found suitable version "3.8.10", minimum required is "3.5") 
[10.650s] -- Found python_cmake_module: 0.8.1 (/opt/ros/galactic/share/python_cmake_module/cmake)
[10.769s] -- Found PythonLibs: /usr/lib/aarch64-linux-gnu/libpython3.8.so (found suitable version "3.8.10", minimum required is "3.5") 
[10.771s] -- Using PYTHON_EXECUTABLE: /usr/bin/python3
[10.772s] -- Using PYTHON_INCLUDE_DIRS: /usr/include/python3.8
[10.772s] -- Using PYTHON_LIBRARIES: /usr/lib/aarch64-linux-gnu/libpython3.8.so
[10.873s] -- Found PythonExtra: .so  
[12.335s] -- Found ament_lint_auto: 0.10.7 (/opt/ros/galactic/share/ament_lint_auto/cmake)
[12.611s] -- Added test 'copyright' to check source files copyright and LICENSE
[12.622s] -- Added test 'cppcheck' to perform static code analysis on C / C++ code
[12.630s] -- Configured cppcheck include dirs: /home/wheeltec/wheeltec_ros2/src/turn_on_wheeltec_robot/include
[12.631s] -- Configured cppcheck exclude dirs and/or files: 
[12.640s] -- Added test 'cpplint' to check C / C++ code against the Google style
[12.641s] -- Configured cpplint exclude dirs and/or files: 
[12.645s] -- Added test 'flake8' to check Python code syntax and style conventions
[12.650s] -- Added test 'lint_cmake' to check CMake code style
[12.654s] -- Added test 'pep257' to check Python code against some of the style conventions in PEP 257
[12.663s] -- Added test 'uncrustify' to check C / C++ code style
[12.664s] -- Configured uncrustify additional arguments: 
[12.668s] -- Added test 'xmllint' to check XML markup files
[12.699s] -- Configuring done
[12.895s] -- Generating done
[12.911s] -- Build files have been written to: /home/wheeltec/wheeltec_ros2/build/turn_on_wheeltec_robot
[12.996s] Invoked command in '/home/wheeltec/wheeltec_ros2/build/turn_on_wheeltec_robot' returned '0': AMENT_PREFIX_PATH=/home/wheeltec/wheeltec_ros2/install/nav2_msgs:/home/wheeltec/wheeltec_ros2/install/wheeltec_robot_msg:/home/wheeltec/wheeltec_ros2/install/serial:/home/wheeltec/wheeltec_ros2/install/ackermann_msgs:${AMENT_PREFIX_PATH} CMAKE_PREFIX_PATH=/home/wheeltec/wheeltec_ros2/install/nav2_msgs:/home/wheeltec/wheeltec_ros2/install/wheeltec_robot_msg:/home/wheeltec/wheeltec_ros2/install/serial:/home/wheeltec/wheeltec_ros2/install/ackermann_msgs:/opt/ros/galactic LD_LIBRARY_PATH=/home/wheeltec/wheeltec_ros2/install/nav2_msgs/lib:/home/wheeltec/wheeltec_ros2/install/wheeltec_robot_msg/lib:/home/wheeltec/wheeltec_ros2/install/serial/lib:/home/wheeltec/wheeltec_ros2/install/ackermann_msgs/lib:/usr/local/cuda-10.2/lib64:/opt/ros/galactic/opt/yaml_cpp_vendor/lib:/opt/ros/galactic/opt/rviz_ogre_vendor/lib:/opt/ros/galactic/lib/aarch64-linux-gnu:/opt/ros/galactic/lib:/usr/local/cuda-10.2/lib64 PYTHONPATH=/home/wheeltec/wheeltec_ros2/install/nav2_msgs/lib/python3.8/site-packages:/home/wheeltec/wheeltec_ros2/install/wheeltec_robot_msg/lib/python3.8/site-packages:/home/wheeltec/wheeltec_ros2/install/ackermann_msgs/lib/python3.8/site-packages:${PYTHONPATH} /usr/bin/cmake /home/wheeltec/wheeltec_ros2/src/turn_on_wheeltec_robot -DCMAKE_INSTALL_PREFIX=/home/wheeltec/wheeltec_ros2/install/turn_on_wheeltec_robot
[12.999s] Invoking command in '/home/wheeltec/wheeltec_ros2/build/turn_on_wheeltec_robot': AMENT_PREFIX_PATH=/home/wheeltec/wheeltec_ros2/install/nav2_msgs:/home/wheeltec/wheeltec_ros2/install/wheeltec_robot_msg:/home/wheeltec/wheeltec_ros2/install/serial:/home/wheeltec/wheeltec_ros2/install/ackermann_msgs:${AMENT_PREFIX_PATH} CMAKE_PREFIX_PATH=/home/wheeltec/wheeltec_ros2/install/nav2_msgs:/home/wheeltec/wheeltec_ros2/install/wheeltec_robot_msg:/home/wheeltec/wheeltec_ros2/install/serial:/home/wheeltec/wheeltec_ros2/install/ackermann_msgs:/opt/ros/galactic LD_LIBRARY_PATH=/home/wheeltec/wheeltec_ros2/install/nav2_msgs/lib:/home/wheeltec/wheeltec_ros2/install/wheeltec_robot_msg/lib:/home/wheeltec/wheeltec_ros2/install/serial/lib:/home/wheeltec/wheeltec_ros2/install/ackermann_msgs/lib:/usr/local/cuda-10.2/lib64:/opt/ros/galactic/opt/yaml_cpp_vendor/lib:/opt/ros/galactic/opt/rviz_ogre_vendor/lib:/opt/ros/galactic/lib/aarch64-linux-gnu:/opt/ros/galactic/lib:/usr/local/cuda-10.2/lib64 PYTHONPATH=/home/wheeltec/wheeltec_ros2/install/nav2_msgs/lib/python3.8/site-packages:/home/wheeltec/wheeltec_ros2/install/wheeltec_robot_msg/lib/python3.8/site-packages:/home/wheeltec/wheeltec_ros2/install/ackermann_msgs/lib/python3.8/site-packages:${PYTHONPATH} /usr/bin/cmake --build /home/wheeltec/wheeltec_ros2/build/turn_on_wheeltec_robot -- -j4 -l4
[13.376s] [35m[1mScanning dependencies of target parameter_node[0m
[13.429s] [35m[1mScanning dependencies of target wheeltec_robot_node[0m
[13.453s] [  2%] [34m[1mGenerating C code for ROS interfaces[0m
[13.459s] [35m[1mScanning dependencies of target turn_on_wheeltec_robot__cpp[0m
[13.573s] [  5%] [34m[1mGenerating C++ code for ROS interfaces[0m
[13.819s] [  8%] [32mBuilding CXX object CMakeFiles/parameter_node.dir/src/cpp_parameters_node.cpp.o[0m
[14.135s] [ 11%] [32mBuilding CXX object CMakeFiles/wheeltec_robot_node.dir/src/wheeltec_robot.cpp.o[0m
[16.478s] [ 11%] Built target turn_on_wheeltec_robot__cpp
[16.497s] [35m[1mScanning dependencies of target turn_on_wheeltec_robot__rosidl_generator_c[0m
[16.619s] [ 13%] [34m[1mGenerating C++ introspection for ROS interfaces[0m
[16.651s] [ 16%] [32mBuilding C object CMakeFiles/turn_on_wheeltec_robot__rosidl_generator_c.dir/rosidl_generator_c/turn_on_wheeltec_robot/msg/detail/position__functions.c.o[0m
[17.097s] [ 19%] [32m[1mLinking C shared library libturn_on_wheeltec_robot__rosidl_generator_c.so[0m
[17.437s] [ 19%] Built target turn_on_wheeltec_robot__rosidl_generator_c
[17.535s] [ 22%] [34m[1mGenerating C++ type support dispatch for ROS interfaces[0m
[18.910s] [35m[1mScanning dependencies of target turn_on_wheeltec_robot__rosidl_typesupport_introspection_cpp[0m
[19.091s] [ 25%] [32mBuilding CXX object CMakeFiles/turn_on_wheeltec_robot__rosidl_typesupport_introspection_cpp.dir/rosidl_typesupport_introspection_cpp/turn_on_wheeltec_robot/msg/detail/position__type_support.cpp.o[0m
[20.297s] [35m[1mScanning dependencies of target turn_on_wheeltec_robot__rosidl_typesupport_cpp[0m
[20.473s] [ 27%] [32mBuilding CXX object CMakeFiles/turn_on_wheeltec_robot__rosidl_typesupport_cpp.dir/rosidl_typesupport_cpp/turn_on_wheeltec_robot/msg/position__type_support.cpp.o[0m
[22.216s] [ 30%] [32m[1mLinking CXX shared library libturn_on_wheeltec_robot__rosidl_typesupport_introspection_cpp.so[0m
[22.811s] [ 30%] Built target turn_on_wheeltec_robot__rosidl_typesupport_introspection_cpp
[22.942s] [ 33%] [32mBuilding CXX object CMakeFiles/wheeltec_robot_node.dir/src/Quaternion_Solution.cpp.o[0m
[23.547s] [ 36%] [32m[1mLinking CXX shared library libturn_on_wheeltec_robot__rosidl_typesupport_cpp.so[0m
[23.918s] [ 36%] Built target turn_on_wheeltec_robot__rosidl_typesupport_cpp
[37.622s] [01m[K/home/wheeltec/wheeltec_ros2/src/turn_on_wheeltec_robot/src/wheeltec_robot.cpp:[m[K In constructor ‘[01m[Kturn_on_robot::turn_on_robot()[m[K’:
[37.623s] [01m[K/home/wheeltec/wheeltec_ros2/src/turn_on_wheeltec_robot/src/wheeltec_robot.cpp:447:45:[m[K [01;35m[Kwarning: [m[K‘[01m[Kconst rclcpp::ParameterValue& rclcpp::Node::declare_parameter(const string&)[m[K’ is deprecated: declare_parameter() with only a name is deprecated and will be deleted in the future.\nIf you want to declare a parameter that won't change type without a default value use:\n`node->declare_parameter<ParameterT>(name)`, where e.g. ParameterT=int64_t.\n\nIf you want to declare a parameter that can dynamically change type use:\n```\nrcl_interfaces::msg::ParameterDescriptor descriptor;\ndescriptor.dynamic_typing = true;\nnode->declare_parameter(name, rclcpp::ParameterValue{}, descriptor);\n``` [[01;35m[K-Wdeprecated-declarations[m[K]
[37.624s]   447 |   this->declare_parameter("serial_baud_rate"[01;35m[K)[m[K;
[37.624s]       |                                             [01;35m[K^[m[K
[37.625s] In file included from [01m[K/opt/ros/galactic/include/rclcpp/executors/single_threaded_executor.hpp:28[m[K,
[37.625s]                  from [01m[K/opt/ros/galactic/include/rclcpp/executors.hpp:22[m[K,
[37.625s]                  from [01m[K/opt/ros/galactic/include/rclcpp/rclcpp.hpp:156[m[K,
[37.626s]                  from [01m[K/home/wheeltec/wheeltec_ros2/src/turn_on_wheeltec_robot/include/turn_on_wheeltec_robot/wheeltec_robot.h:7[m[K,
[37.626s]                  from [01m[K/home/wheeltec/wheeltec_ros2/src/turn_on_wheeltec_robot/src/wheeltec_robot.cpp:1[m[K:
[37.627s] [01m[K/opt/ros/galactic/include/rclcpp/node.hpp:422:3:[m[K [01;36m[Knote: [m[Kdeclared here
[37.627s]   422 |   [01;36m[Kdeclare_parameter[m[K(const std::string & name);
[37.627s]       |   [01;36m[K^~~~~~~~~~~~~~~~~[m[K
[40.597s] [ 38%] [32m[1mLinking CXX executable parameter_node[0m
[41.860s] [ 38%] Built target parameter_node
[97.568s] [ 41%] [32m[1mLinking CXX executable wheeltec_robot_node[0m
[100.311s] [ 41%] Built target wheeltec_robot_node
[100.365s] [ 44%] [34m[1mGenerating C introspection for ROS interfaces[0m
[101.474s] [35m[1mScanning dependencies of target turn_on_wheeltec_robot__rosidl_typesupport_introspection_c[0m
[101.564s] [ 47%] [32mBuilding C object CMakeFiles/turn_on_wheeltec_robot__rosidl_typesupport_introspection_c.dir/rosidl_typesupport_introspection_c/turn_on_wheeltec_robot/msg/detail/position__type_support.c.o[0m
[101.924s] [ 50%] [32m[1mLinking C shared library libturn_on_wheeltec_robot__rosidl_typesupport_introspection_c.so[0m
[102.037s] [ 50%] Built target turn_on_wheeltec_robot__rosidl_typesupport_introspection_c
[102.093s] [ 52%] [34m[1mGenerating C type support dispatch for ROS interfaces[0m
[103.076s] [35m[1mScanning dependencies of target turn_on_wheeltec_robot__rosidl_typesupport_c[0m
[103.132s] [ 55%] [32mBuilding CXX object CMakeFiles/turn_on_wheeltec_robot__rosidl_typesupport_c.dir/rosidl_typesupport_c/turn_on_wheeltec_robot/msg/position__type_support.cpp.o[0m
[103.259s] [ 58%] [32m[1mLinking CXX shared library libturn_on_wheeltec_robot__rosidl_typesupport_c.so[0m
[103.393s] [ 58%] Built target turn_on_wheeltec_robot__rosidl_typesupport_c
[103.443s] [ 61%] [34m[1mGenerating C++ type support for eProsima Fast-RTPS[0m
[104.553s] [35m[1mScanning dependencies of target turn_on_wheeltec_robot__rosidl_typesupport_fastrtps_cpp[0m
[104.664s] [ 63%] [32mBuilding CXX object CMakeFiles/turn_on_wheeltec_robot__rosidl_typesupport_fastrtps_cpp.dir/rosidl_typesupport_fastrtps_cpp/turn_on_wheeltec_robot/msg/detail/dds_fastrtps/position__type_support.cpp.o[0m
[106.535s] [ 66%] [32m[1mLinking CXX shared library libturn_on_wheeltec_robot__rosidl_typesupport_fastrtps_cpp.so[0m
[106.973s] [ 66%] Built target turn_on_wheeltec_robot__rosidl_typesupport_fastrtps_cpp
[107.024s] [ 69%] [34m[1mGenerating C type support for eProsima Fast-RTPS[0m
[108.111s] [35m[1mScanning dependencies of target turn_on_wheeltec_robot__rosidl_typesupport_fastrtps_c[0m
[108.196s] [ 72%] [32mBuilding CXX object CMakeFiles/turn_on_wheeltec_robot__rosidl_typesupport_fastrtps_c.dir/rosidl_typesupport_fastrtps_c/turn_on_wheeltec_robot/msg/detail/position__type_support_c.cpp.o[0m
[109.714s] [ 75%] [32m[1mLinking CXX shared library libturn_on_wheeltec_robot__rosidl_typesupport_fastrtps_c.so[0m
[110.087s] [ 75%] Built target turn_on_wheeltec_robot__rosidl_typesupport_fastrtps_c
[110.131s] [35m[1mScanning dependencies of target turn_on_wheeltec_robot[0m
[110.173s] [ 75%] Built target turn_on_wheeltec_robot
[110.222s] [35m[1mScanning dependencies of target turn_on_wheeltec_robot__py[0m
[110.271s] [ 77%] [34m[1mGenerating Python code for ROS interfaces[0m
[112.708s] [ 77%] Built target turn_on_wheeltec_robot__py
[112.748s] [35m[1mScanning dependencies of target turn_on_wheeltec_robot__python[0m
[112.882s] [ 80%] [32mBuilding C object CMakeFiles/turn_on_wheeltec_robot__python.dir/rosidl_generator_py/turn_on_wheeltec_robot/msg/_position_s.c.o[0m
[113.256s] [ 83%] [32m[1mLinking C shared library rosidl_generator_py/turn_on_wheeltec_robot/libturn_on_wheeltec_robot__python.so[0m
[113.417s] [ 83%] Built target turn_on_wheeltec_robot__python
[113.458s] [35m[1mScanning dependencies of target turn_on_wheeltec_robot__rosidl_typesupport_fastrtps_c__pyext[0m
[113.530s] [ 86%] [32mBuilding C object CMakeFiles/turn_on_wheeltec_robot__rosidl_typesupport_fastrtps_c__pyext.dir/rosidl_generator_py/turn_on_wheeltec_robot/_turn_on_wheeltec_robot_s.ep.rosidl_typesupport_fastrtps_c.c.o[0m
[113.858s] [ 88%] [32m[1mLinking CXX shared library rosidl_generator_py/turn_on_wheeltec_robot/turn_on_wheeltec_robot_s__rosidl_typesupport_fastrtps_c.cpython-38-aarch64-linux-gnu.so[0m
[114.081s] [ 88%] Built target turn_on_wheeltec_robot__rosidl_typesupport_fastrtps_c__pyext
[114.124s] [35m[1mScanning dependencies of target turn_on_wheeltec_robot__rosidl_typesupport_c__pyext[0m
[114.187s] [ 91%] [32mBuilding C object CMakeFiles/turn_on_wheeltec_robot__rosidl_typesupport_c__pyext.dir/rosidl_generator_py/turn_on_wheeltec_robot/_turn_on_wheeltec_robot_s.ep.rosidl_typesupport_c.c.o[0m
[114.524s] [ 94%] [32m[1mLinking C shared library rosidl_generator_py/turn_on_wheeltec_robot/turn_on_wheeltec_robot_s__rosidl_typesupport_c.cpython-38-aarch64-linux-gnu.so[0m
[114.651s] [ 94%] Built target turn_on_wheeltec_robot__rosidl_typesupport_c__pyext
[114.693s] [35m[1mScanning dependencies of target turn_on_wheeltec_robot__rosidl_typesupport_introspection_c__pyext[0m
[114.761s] [ 97%] [32mBuilding C object CMakeFiles/turn_on_wheeltec_robot__rosidl_typesupport_introspection_c__pyext.dir/rosidl_generator_py/turn_on_wheeltec_robot/_turn_on_wheeltec_robot_s.ep.rosidl_typesupport_introspection_c.c.o[0m
[115.089s] [100%] [32m[1mLinking C shared library rosidl_generator_py/turn_on_wheeltec_robot/turn_on_wheeltec_robot_s__rosidl_typesupport_introspection_c.cpython-38-aarch64-linux-gnu.so[0m
[115.218s] [100%] Built target turn_on_wheeltec_robot__rosidl_typesupport_introspection_c__pyext
