[0.074s] Invoking command in '/home/wheeltec/wheeltec_ros2/build/rplidar_ros2': CMAKE_PREFIX_PATH=/opt/ros/galactic /usr/bin/cmake --build /home/wheeltec/wheeltec_ros2/build/rplidar_ros2 -- -j4 -l4
[0.358s] [100%] Built target rplidar_scan_publisher
[0.406s] Invoked command in '/home/wheeltec/wheeltec_ros2/build/rplidar_ros2' returned '0': CMAKE_PREFIX_PATH=/opt/ros/galactic /usr/bin/cmake --build /home/wheeltec/wheeltec_ros2/build/rplidar_ros2 -- -j4 -l4
[0.590s] Invoking command in '/home/wheeltec/wheeltec_ros2/build/rplidar_ros2': CMAKE_PREFIX_PATH=/opt/ros/galactic /usr/bin/cmake --install /home/wheeltec/wheeltec_ros2/build/rplidar_ros2
[0.626s] -- Install configuration: "Release"
[0.628s] -- Up-to-date: /home/wheeltec/wheeltec_ros2/install/rplidar_ros2/share/rplidar_ros2/launch
[0.629s] -- Up-to-date: /home/wheeltec/wheeltec_ros2/install/rplidar_ros2/share/rplidar_ros2/launch/rplidar_s1_launch.py
[0.630s] -- Up-to-date: /home/wheeltec/wheeltec_ros2/install/rplidar_ros2/share/rplidar_ros2/launch/rplidar_s2_launch.py
[0.631s] -- Up-to-date: /home/wheeltec/wheeltec_ros2/install/rplidar_ros2/share/rplidar_ros2/launch/rplidar_a3_launch.py
[0.631s] -- Up-to-date: /home/wheeltec/wheeltec_ros2/install/rplidar_ros2/share/rplidar_ros2/launch/view_rplidar_s2_launch.py
[0.632s] -- Up-to-date: /home/wheeltec/wheeltec_ros2/install/rplidar_ros2/share/rplidar_ros2/launch/view_rplidar_s1_launch.py
[0.633s] -- Up-to-date: /home/wheeltec/wheeltec_ros2/install/rplidar_ros2/share/rplidar_ros2/launch/view_rplidar_launch.py
[0.633s] -- Up-to-date: /home/wheeltec/wheeltec_ros2/install/rplidar_ros2/share/rplidar_ros2/launch/rplidar_s1_tcp_launch.py
[0.634s] -- Up-to-date: /home/wheeltec/wheeltec_ros2/install/rplidar_ros2/share/rplidar_ros2/launch/view_rplidar_s1_tcp_launch.py
[0.635s] -- Up-to-date: /home/wheeltec/wheeltec_ros2/install/rplidar_ros2/share/rplidar_ros2/launch/view_rplidar_a3_launch.py
[0.637s] -- Up-to-date: /home/wheeltec/wheeltec_ros2/install/rplidar_ros2/share/rplidar_ros2/launch/rplidar_launch.py
[0.637s] -- Up-to-date: /home/wheeltec/wheeltec_ros2/install/rplidar_ros2/share/rplidar_ros2/rviz
[0.638s] -- Up-to-date: /home/wheeltec/wheeltec_ros2/install/rplidar_ros2/share/rplidar_ros2/rviz/rplidar_ros2.rviz
[0.639s] -- Up-to-date: /home/wheeltec/wheeltec_ros2/install/rplidar_ros2/lib/rplidar_ros2/rplidar_scan_publisher
[0.644s] -- Up-to-date: /home/wheeltec/wheeltec_ros2/install/rplidar_ros2/share/ament_index/resource_index/package_run_dependencies/rplidar_ros2
[0.644s] -- Up-to-date: /home/wheeltec/wheeltec_ros2/install/rplidar_ros2/share/ament_index/resource_index/parent_prefix_path/rplidar_ros2
[0.645s] -- Up-to-date: /home/wheeltec/wheeltec_ros2/install/rplidar_ros2/share/rplidar_ros2/environment/ament_prefix_path.sh
[0.645s] -- Up-to-date: /home/wheeltec/wheeltec_ros2/install/rplidar_ros2/share/rplidar_ros2/environment/ament_prefix_path.dsv
[0.646s] -- Up-to-date: /home/wheeltec/wheeltec_ros2/install/rplidar_ros2/share/rplidar_ros2/environment/path.sh
[0.646s] -- Up-to-date: /home/wheeltec/wheeltec_ros2/install/rplidar_ros2/share/rplidar_ros2/environment/path.dsv
[0.647s] -- Up-to-date: /home/wheeltec/wheeltec_ros2/install/rplidar_ros2/share/rplidar_ros2/local_setup.bash
[0.647s] -- Up-to-date: /home/wheeltec/wheeltec_ros2/install/rplidar_ros2/share/rplidar_ros2/local_setup.sh
[0.647s] -- Up-to-date: /home/wheeltec/wheeltec_ros2/install/rplidar_ros2/share/rplidar_ros2/local_setup.zsh
[0.648s] -- Up-to-date: /home/wheeltec/wheeltec_ros2/install/rplidar_ros2/share/rplidar_ros2/local_setup.dsv
[0.650s] -- Installing: /home/wheeltec/wheeltec_ros2/install/rplidar_ros2/share/rplidar_ros2/package.dsv
[0.671s] -- Up-to-date: /home/wheeltec/wheeltec_ros2/install/rplidar_ros2/share/ament_index/resource_index/packages/rplidar_ros2
[0.672s] -- Up-to-date: /home/wheeltec/wheeltec_ros2/install/rplidar_ros2/share/rplidar_ros2/cmake/ament_cmake_export_dependencies-extras.cmake
[0.673s] -- Up-to-date: /home/wheeltec/wheeltec_ros2/install/rplidar_ros2/share/rplidar_ros2/cmake/ament_cmake_export_include_directories-extras.cmake
[0.673s] -- Up-to-date: /home/wheeltec/wheeltec_ros2/install/rplidar_ros2/share/rplidar_ros2/cmake/rplidar_ros2Config.cmake
[0.674s] -- Up-to-date: /home/wheeltec/wheeltec_ros2/install/rplidar_ros2/share/rplidar_ros2/cmake/rplidar_ros2Config-version.cmake
[0.674s] -- Up-to-date: /home/wheeltec/wheeltec_ros2/install/rplidar_ros2/share/rplidar_ros2/package.xml
[0.675s] Invoked command in '/home/wheeltec/wheeltec_ros2/build/rplidar_ros2' returned '0': CMAKE_PREFIX_PATH=/opt/ros/galactic /usr/bin/cmake --install /home/wheeltec/wheeltec_ros2/build/rplidar_ros2
