[0.113s] Invoking command in '/home/wheeltec/wheeltec_ros2/build/usb_cam': CMAKE_PREFIX_PATH=/opt/ros/galactic /usr/bin/cmake --build /home/wheeltec/wheeltec_ros2/build/usb_cam -- -j4 -l4
[0.540s] [ 33%] Built target usb_cam_node_exe
[0.613s] [ 66%] Built target usb_cam
[0.908s] [100%] Built target usb_cam_node
[0.970s] Invoked command in '/home/wheeltec/wheeltec_ros2/build/usb_cam' returned '0': CMAKE_PREFIX_PATH=/opt/ros/galactic /usr/bin/cmake --build /home/wheeltec/wheeltec_ros2/build/usb_cam -- -j4 -l4
[1.405s] Invoking command in '/home/wheeltec/wheeltec_ros2/build/usb_cam': CMAKE_PREFIX_PATH=/opt/ros/galactic /usr/bin/cmake --install /home/wheeltec/wheeltec_ros2/build/usb_cam
[1.463s] -- Install configuration: ""
[1.467s] -- Up-to-date: /home/wheeltec/wheeltec_ros2/install/usb_cam/lib/usb_cam/usb_cam_node_exe
[1.468s] -- Up-to-date: /home/wheeltec/wheeltec_ros2/install/usb_cam/lib/usb_cam/show_image.py
[1.469s] -- Up-to-date: /home/wheeltec/wheeltec_ros2/install/usb_cam/include
[1.470s] -- Up-to-date: /home/wheeltec/wheeltec_ros2/install/usb_cam/include/usb_cam
[1.470s] -- Up-to-date: /home/wheeltec/wheeltec_ros2/install/usb_cam/include/usb_cam/usb_cam_utils.hpp
[1.471s] -- Up-to-date: /home/wheeltec/wheeltec_ros2/install/usb_cam/include/usb_cam/usb_cam.hpp
[1.471s] -- Up-to-date: /home/wheeltec/wheeltec_ros2/install/usb_cam/include/usb_cam/usb_cam_node.hpp
[1.472s] -- Up-to-date: /home/wheeltec/wheeltec_ros2/install/usb_cam/share/usb_cam/environment/library_path.sh
[1.472s] -- Up-to-date: /home/wheeltec/wheeltec_ros2/install/usb_cam/share/usb_cam/environment/library_path.dsv
[1.474s] -- Up-to-date: /home/wheeltec/wheeltec_ros2/install/usb_cam/lib/libusb_cam.so
[1.477s] -- Up-to-date: /home/wheeltec/wheeltec_ros2/install/usb_cam/lib/libusb_cam_node.so
[1.478s] -- Up-to-date: /home/wheeltec/wheeltec_ros2/install/usb_cam/share/usb_cam/launch
[1.481s] -- Up-to-date: /home/wheeltec/wheeltec_ros2/install/usb_cam/share/usb_cam/launch/usb_cam_launch.py
[1.481s] -- Up-to-date: /home/wheeltec/wheeltec_ros2/install/usb_cam/share/usb_cam/config
[1.482s] -- Up-to-date: /home/wheeltec/wheeltec_ros2/install/usb_cam/share/usb_cam/config/params.yaml
[1.482s] -- Up-to-date: /home/wheeltec/wheeltec_ros2/install/usb_cam/share/usb_cam/config/camera_info.yaml
[1.485s] -- Up-to-date: /home/wheeltec/wheeltec_ros2/install/usb_cam/share/ament_index/resource_index/package_run_dependencies/usb_cam
[1.487s] -- Up-to-date: /home/wheeltec/wheeltec_ros2/install/usb_cam/share/ament_index/resource_index/parent_prefix_path/usb_cam
[1.489s] -- Up-to-date: /home/wheeltec/wheeltec_ros2/install/usb_cam/share/usb_cam/environment/ament_prefix_path.sh
[1.490s] -- Up-to-date: /home/wheeltec/wheeltec_ros2/install/usb_cam/share/usb_cam/environment/ament_prefix_path.dsv
[1.490s] -- Up-to-date: /home/wheeltec/wheeltec_ros2/install/usb_cam/share/usb_cam/environment/path.sh
[1.491s] -- Up-to-date: /home/wheeltec/wheeltec_ros2/install/usb_cam/share/usb_cam/environment/path.dsv
[1.491s] -- Up-to-date: /home/wheeltec/wheeltec_ros2/install/usb_cam/share/usb_cam/local_setup.bash
[1.491s] -- Up-to-date: /home/wheeltec/wheeltec_ros2/install/usb_cam/share/usb_cam/local_setup.sh
[1.492s] -- Up-to-date: /home/wheeltec/wheeltec_ros2/install/usb_cam/share/usb_cam/local_setup.zsh
[1.492s] -- Up-to-date: /home/wheeltec/wheeltec_ros2/install/usb_cam/share/usb_cam/local_setup.dsv
[1.492s] -- Installing: /home/wheeltec/wheeltec_ros2/install/usb_cam/share/usb_cam/package.dsv
[1.501s] -- Up-to-date: /home/wheeltec/wheeltec_ros2/install/usb_cam/share/ament_index/resource_index/packages/usb_cam
[1.502s] -- Up-to-date: /home/wheeltec/wheeltec_ros2/install/usb_cam/share/ament_index/resource_index/rclcpp_components/usb_cam
[1.504s] -- Up-to-date: /home/wheeltec/wheeltec_ros2/install/usb_cam/share/usb_cam/cmake/ament_cmake_export_dependencies-extras.cmake
[1.505s] -- Up-to-date: /home/wheeltec/wheeltec_ros2/install/usb_cam/share/usb_cam/cmake/ament_cmake_export_include_directories-extras.cmake
[1.505s] -- Up-to-date: /home/wheeltec/wheeltec_ros2/install/usb_cam/share/usb_cam/cmake/ament_cmake_export_libraries-extras.cmake
[1.506s] -- Up-to-date: /home/wheeltec/wheeltec_ros2/install/usb_cam/share/usb_cam/cmake/usb_camConfig.cmake
[1.506s] -- Up-to-date: /home/wheeltec/wheeltec_ros2/install/usb_cam/share/usb_cam/cmake/usb_camConfig-version.cmake
[1.507s] -- Up-to-date: /home/wheeltec/wheeltec_ros2/install/usb_cam/share/usb_cam/package.xml
[1.515s] Invoked command in '/home/wheeltec/wheeltec_ros2/build/usb_cam' returned '0': CMAKE_PREFIX_PATH=/opt/ros/galactic /usr/bin/cmake --install /home/wheeltec/wheeltec_ros2/build/usb_cam
