[7.542s] Invoking command in '/home/wheeltec/wheeltec_ros2/src/wheeltec_robot_keyboard': PYTHONPATH=/home/wheeltec/wheeltec_ros2/build/wheeltec_robot_keyboard/prefix_override:/usr/lib/python3/dist-packages/colcon_core/task/python/colcon_distutils_commands:/home/wheeltec/wheeltec_ros2/install/wheeltec_robot_keyboard/lib/python3.8/site-packages:${PYTHONPATH} /usr/bin/python3 -W ignore:setup.py install is deprecated setup.py egg_info --egg-base ../../build/wheeltec_robot_keyboard build --build-base /home/wheeltec/wheeltec_ros2/build/wheeltec_robot_keyboard/build install --record /home/wheeltec/wheeltec_ros2/build/wheeltec_robot_keyboard/install.log --install-scripts $base/lib/wheeltec_robot_keyboard --single-version-externally-managed install_data
[9.180s] /home/wheeltec/.local/lib/python3.8/site-packages/setuptools/dist.py:771: UserWarning: Usage of dash-separated 'script-dir' will not be supported in future versions. Please use the underscore name 'script_dir' instead
[9.181s]   warnings.warn(
[9.894s] running egg_info
[9.996s] writing ../../build/wheeltec_robot_keyboard/wheeltec_robot_keyboard.egg-info/PKG-INFO
[9.999s] writing dependency_links to ../../build/wheeltec_robot_keyboard/wheeltec_robot_keyboard.egg-info/dependency_links.txt
[10.002s] writing entry points to ../../build/wheeltec_robot_keyboard/wheeltec_robot_keyboard.egg-info/entry_points.txt
[10.004s] writing requirements to ../../build/wheeltec_robot_keyboard/wheeltec_robot_keyboard.egg-info/requires.txt
[10.005s] writing top-level names to ../../build/wheeltec_robot_keyboard/wheeltec_robot_keyboard.egg-info/top_level.txt
[10.254s] reading manifest file '../../build/wheeltec_robot_keyboard/wheeltec_robot_keyboard.egg-info/SOURCES.txt'
[10.262s] writing manifest file '../../build/wheeltec_robot_keyboard/wheeltec_robot_keyboard.egg-info/SOURCES.txt'
[10.264s] running build
[10.265s] running build_py
[10.269s] running install
[10.299s] running install_lib
[10.410s] running install_data
[10.412s] running install_egg_info
[10.533s] removing '/home/wheeltec/wheeltec_ros2/install/wheeltec_robot_keyboard/lib/python3.8/site-packages/wheeltec_robot_keyboard-2.0.1-py3.8.egg-info' (and everything under it)
[10.535s] Copying ../../build/wheeltec_robot_keyboard/wheeltec_robot_keyboard.egg-info to /home/wheeltec/wheeltec_ros2/install/wheeltec_robot_keyboard/lib/python3.8/site-packages/wheeltec_robot_keyboard-2.0.1-py3.8.egg-info
[10.543s] running install_scripts
[11.031s] Installing wheeltec_keyboard script to /home/wheeltec/wheeltec_ros2/install/wheeltec_robot_keyboard/lib/wheeltec_robot_keyboard
[11.035s] writing list of installed files to '/home/wheeltec/wheeltec_ros2/build/wheeltec_robot_keyboard/install.log'
[11.215s] Invoked command in '/home/wheeltec/wheeltec_ros2/src/wheeltec_robot_keyboard' returned '0': PYTHONPATH=/home/wheeltec/wheeltec_ros2/build/wheeltec_robot_keyboard/prefix_override:/usr/lib/python3/dist-packages/colcon_core/task/python/colcon_distutils_commands:/home/wheeltec/wheeltec_ros2/install/wheeltec_robot_keyboard/lib/python3.8/site-packages:${PYTHONPATH} /usr/bin/python3 -W ignore:setup.py install is deprecated setup.py egg_info --egg-base ../../build/wheeltec_robot_keyboard build --build-base /home/wheeltec/wheeltec_ros2/build/wheeltec_robot_keyboard/build install --record /home/wheeltec/wheeltec_ros2/build/wheeltec_robot_keyboard/install.log --install-scripts $base/lib/wheeltec_robot_keyboard --single-version-externally-managed install_data
