[0.222s] Invoking command in '/home/wheeltec/wheeltec_ros2/build/nav2_common': CMAKE_PREFIX_PATH=${CMAKE_PREFIX_PATH}:/home/wheeltec/wheeltec_ros2/install/simple_follower_ros2:/home/wheeltec/wheeltec_ros2/install/wheeltec_robot_keyboard:/home/wheeltec/wheeltec_ros2/install/tf2_tools:/home/wheeltec/wheeltec_ros2/install/nav2_simple_commander:/home/wheeltec/wheeltec_ros2/install/nav2_gazebo_spawner:/opt/ros/galactic /usr/bin/cmake --build /home/wheeltec/wheeltec_ros2/build/nav2_common -- -j4 -l4
[0.624s] Built target ament_cmake_python_symlink_nav2_common
[2.583s] running egg_info
[2.658s] writing nav2_common.egg-info/PKG-INFO
[2.659s] writing dependency_links to nav2_common.egg-info/dependency_links.txt
[2.660s] writing top-level names to nav2_common.egg-info/top_level.txt
[2.889s] reading manifest file 'nav2_common.egg-info/SOURCES.txt'
[2.892s] writing manifest file 'nav2_common.egg-info/SOURCES.txt'
[3.121s] Built target ament_cmake_python_build_nav2_common_egg
[3.170s] Invoked command in '/home/wheeltec/wheeltec_ros2/build/nav2_common' returned '0': CMAKE_PREFIX_PATH=${CMAKE_PREFIX_PATH}:/home/wheeltec/wheeltec_ros2/install/simple_follower_ros2:/home/wheeltec/wheeltec_ros2/install/wheeltec_robot_keyboard:/home/wheeltec/wheeltec_ros2/install/tf2_tools:/home/wheeltec/wheeltec_ros2/install/nav2_simple_commander:/home/wheeltec/wheeltec_ros2/install/nav2_gazebo_spawner:/opt/ros/galactic /usr/bin/cmake --build /home/wheeltec/wheeltec_ros2/build/nav2_common -- -j4 -l4
[3.327s] Invoking command in '/home/wheeltec/wheeltec_ros2/build/nav2_common': CMAKE_PREFIX_PATH=${CMAKE_PREFIX_PATH}:/home/wheeltec/wheeltec_ros2/install/simple_follower_ros2:/home/wheeltec/wheeltec_ros2/install/wheeltec_robot_keyboard:/home/wheeltec/wheeltec_ros2/install/tf2_tools:/home/wheeltec/wheeltec_ros2/install/nav2_simple_commander:/home/wheeltec/wheeltec_ros2/install/nav2_gazebo_spawner:/opt/ros/galactic /usr/bin/cmake --install /home/wheeltec/wheeltec_ros2/build/nav2_common
[3.387s] -- Install configuration: ""
[3.387s] -- Execute custom install script
[3.388s] -- Up-to-date symlink: /home/wheeltec/wheeltec_ros2/install/nav2_common/share/nav2_common/environment/pythonpath.sh
[3.389s] -- Up-to-date symlink: /home/wheeltec/wheeltec_ros2/install/nav2_common/share/nav2_common/environment/pythonpath.dsv
[3.392s] -- Up-to-date symlink: /home/wheeltec/wheeltec_ros2/install/nav2_common/lib/python3.8/site-packages//nav2_common.egg-info/PKG-INFO
[3.393s] -- Up-to-date symlink: /home/wheeltec/wheeltec_ros2/install/nav2_common/lib/python3.8/site-packages//nav2_common.egg-info/SOURCES.txt
[3.394s] -- Up-to-date symlink: /home/wheeltec/wheeltec_ros2/install/nav2_common/lib/python3.8/site-packages//nav2_common.egg-info/dependency_links.txt
[3.394s] -- Up-to-date symlink: /home/wheeltec/wheeltec_ros2/install/nav2_common/lib/python3.8/site-packages//nav2_common.egg-info/top_level.txt
[3.395s] -- Up-to-date symlink: /home/wheeltec/wheeltec_ros2/install/nav2_common/lib/python3.8/site-packages/nav2_common/__init__.py
[3.397s] -- Up-to-date symlink: /home/wheeltec/wheeltec_ros2/install/nav2_common/lib/python3.8/site-packages/nav2_common/launch/__init__.py
[3.397s] -- Up-to-date symlink: /home/wheeltec/wheeltec_ros2/install/nav2_common/lib/python3.8/site-packages/nav2_common/launch/has_node_params.py
[3.399s] -- Up-to-date symlink: /home/wheeltec/wheeltec_ros2/install/nav2_common/lib/python3.8/site-packages/nav2_common/launch/replace_string.py
[3.400s] -- Up-to-date symlink: /home/wheeltec/wheeltec_ros2/install/nav2_common/lib/python3.8/site-packages/nav2_common/launch/rewritten_yaml.py
[3.401s] -- Up-to-date symlink: /home/wheeltec/wheeltec_ros2/install/nav2_common/share/ament_index/resource_index/package_run_dependencies/nav2_common
[3.401s] -- Up-to-date symlink: /home/wheeltec/wheeltec_ros2/install/nav2_common/share/ament_index/resource_index/parent_prefix_path/nav2_common
[3.403s] -- Up-to-date symlink: /home/wheeltec/wheeltec_ros2/install/nav2_common/share/nav2_common/environment/ament_prefix_path.sh
[3.403s] -- Up-to-date symlink: /home/wheeltec/wheeltec_ros2/install/nav2_common/share/nav2_common/environment/ament_prefix_path.dsv
[3.403s] -- Up-to-date symlink: /home/wheeltec/wheeltec_ros2/install/nav2_common/share/nav2_common/environment/path.sh
[3.408s] -- Up-to-date symlink: /home/wheeltec/wheeltec_ros2/install/nav2_common/share/nav2_common/environment/path.dsv
[3.408s] -- Up-to-date symlink: /home/wheeltec/wheeltec_ros2/install/nav2_common/share/nav2_common/local_setup.bash
[3.409s] -- Up-to-date symlink: /home/wheeltec/wheeltec_ros2/install/nav2_common/share/nav2_common/local_setup.sh
[3.409s] -- Up-to-date symlink: /home/wheeltec/wheeltec_ros2/install/nav2_common/share/nav2_common/local_setup.zsh
[3.410s] -- Up-to-date symlink: /home/wheeltec/wheeltec_ros2/install/nav2_common/share/nav2_common/local_setup.dsv
[3.410s] -- Symlinking: /home/wheeltec/wheeltec_ros2/install/nav2_common/share/nav2_common/package.dsv
[3.468s] -- Up-to-date symlink: /home/wheeltec/wheeltec_ros2/install/nav2_common/share/ament_index/resource_index/packages/nav2_common
[3.470s] -- Up-to-date symlink: /home/wheeltec/wheeltec_ros2/install/nav2_common/share/nav2_common/cmake/nav2_common-extras.cmake
[3.471s] -- Up-to-date symlink: /home/wheeltec/wheeltec_ros2/install/nav2_common/share/nav2_common/cmake/nav2_commonConfig.cmake
[3.472s] -- Up-to-date symlink: /home/wheeltec/wheeltec_ros2/install/nav2_common/share/nav2_common/cmake/nav2_commonConfig-version.cmake
[3.473s] -- Up-to-date symlink: /home/wheeltec/wheeltec_ros2/install/nav2_common/share/nav2_common/package.xml
[3.473s] -- Up-to-date symlink: /home/wheeltec/wheeltec_ros2/install/nav2_common/share/nav2_common/cmake/nav2_package.cmake
[3.660s] Listing '/home/wheeltec/wheeltec_ros2/install/nav2_common/lib/python3.8/site-packages/nav2_common'...
[3.661s] Listing '/home/wheeltec/wheeltec_ros2/install/nav2_common/lib/python3.8/site-packages/nav2_common/launch'...
[3.690s] Invoked command in '/home/wheeltec/wheeltec_ros2/build/nav2_common' returned '0': CMAKE_PREFIX_PATH=${CMAKE_PREFIX_PATH}:/home/wheeltec/wheeltec_ros2/install/simple_follower_ros2:/home/wheeltec/wheeltec_ros2/install/wheeltec_robot_keyboard:/home/wheeltec/wheeltec_ros2/install/tf2_tools:/home/wheeltec/wheeltec_ros2/install/nav2_simple_commander:/home/wheeltec/wheeltec_ros2/install/nav2_gazebo_spawner:/opt/ros/galactic /usr/bin/cmake --install /home/wheeltec/wheeltec_ros2/build/nav2_common
