[0.080s] Invoking command in '/home/wheeltec/wheeltec_ros2/build/wheeltec_slam_toolbox': CMAKE_PREFIX_PATH=/opt/ros/galactic /usr/bin/cmake --build /home/wheeltec/wheeltec_ros2/build/wheeltec_slam_toolbox -- -j4 -l4
[0.467s] [100%] Built target talker
[0.518s] Invoked command in '/home/wheeltec/wheeltec_ros2/build/wheeltec_slam_toolbox' returned '0': CMAKE_PREFIX_PATH=/opt/ros/galactic /usr/bin/cmake --build /home/wheeltec/wheeltec_ros2/build/wheeltec_slam_toolbox -- -j4 -l4
[0.701s] Invoking command in '/home/wheeltec/wheeltec_ros2/build/wheeltec_slam_toolbox': CMAKE_PREFIX_PATH=/opt/ros/galactic /usr/bin/cmake --install /home/wheeltec/wheeltec_ros2/build/wheeltec_slam_toolbox
[0.747s] -- Install configuration: ""
[0.753s] -- Up-to-date: /home/wheeltec/wheeltec_ros2/install/wheeltec_slam_toolbox/lib/wheeltec_slam_toolbox/talker
[0.755s] -- Up-to-date: /home/wheeltec/wheeltec_ros2/install/wheeltec_slam_toolbox/share/wheeltec_slam_toolbox/config
[0.757s] -- Up-to-date: /home/wheeltec/wheeltec_ros2/install/wheeltec_slam_toolbox/share/wheeltec_slam_toolbox/config/mapper_params_online_sync.yaml
[0.757s] -- Up-to-date: /home/wheeltec/wheeltec_ros2/install/wheeltec_slam_toolbox/share/wheeltec_slam_toolbox/launch
[0.758s] -- Up-to-date: /home/wheeltec/wheeltec_ros2/install/wheeltec_slam_toolbox/share/wheeltec_slam_toolbox/launch/online_sync.launch.py
[0.759s] -- Up-to-date: /home/wheeltec/wheeltec_ros2/install/wheeltec_slam_toolbox/share/ament_index/resource_index/package_run_dependencies/wheeltec_slam_toolbox
[0.760s] -- Up-to-date: /home/wheeltec/wheeltec_ros2/install/wheeltec_slam_toolbox/share/ament_index/resource_index/parent_prefix_path/wheeltec_slam_toolbox
[0.761s] -- Up-to-date: /home/wheeltec/wheeltec_ros2/install/wheeltec_slam_toolbox/share/wheeltec_slam_toolbox/environment/ament_prefix_path.sh
[0.761s] -- Up-to-date: /home/wheeltec/wheeltec_ros2/install/wheeltec_slam_toolbox/share/wheeltec_slam_toolbox/environment/ament_prefix_path.dsv
[0.762s] -- Up-to-date: /home/wheeltec/wheeltec_ros2/install/wheeltec_slam_toolbox/share/wheeltec_slam_toolbox/environment/path.sh
[0.763s] -- Up-to-date: /home/wheeltec/wheeltec_ros2/install/wheeltec_slam_toolbox/share/wheeltec_slam_toolbox/environment/path.dsv
[0.763s] -- Up-to-date: /home/wheeltec/wheeltec_ros2/install/wheeltec_slam_toolbox/share/wheeltec_slam_toolbox/local_setup.bash
[0.764s] -- Up-to-date: /home/wheeltec/wheeltec_ros2/install/wheeltec_slam_toolbox/share/wheeltec_slam_toolbox/local_setup.sh
[0.764s] -- Up-to-date: /home/wheeltec/wheeltec_ros2/install/wheeltec_slam_toolbox/share/wheeltec_slam_toolbox/local_setup.zsh
[0.765s] -- Up-to-date: /home/wheeltec/wheeltec_ros2/install/wheeltec_slam_toolbox/share/wheeltec_slam_toolbox/local_setup.dsv
[0.771s] -- Installing: /home/wheeltec/wheeltec_ros2/install/wheeltec_slam_toolbox/share/wheeltec_slam_toolbox/package.dsv
[0.778s] -- Up-to-date: /home/wheeltec/wheeltec_ros2/install/wheeltec_slam_toolbox/share/ament_index/resource_index/packages/wheeltec_slam_toolbox
[0.778s] -- Up-to-date: /home/wheeltec/wheeltec_ros2/install/wheeltec_slam_toolbox/share/wheeltec_slam_toolbox/cmake/wheeltec_slam_toolboxConfig.cmake
[0.779s] -- Up-to-date: /home/wheeltec/wheeltec_ros2/install/wheeltec_slam_toolbox/share/wheeltec_slam_toolbox/cmake/wheeltec_slam_toolboxConfig-version.cmake
[0.780s] -- Up-to-date: /home/wheeltec/wheeltec_ros2/install/wheeltec_slam_toolbox/share/wheeltec_slam_toolbox/package.xml
[0.829s] Invoked command in '/home/wheeltec/wheeltec_ros2/build/wheeltec_slam_toolbox' returned '0': CMAKE_PREFIX_PATH=/opt/ros/galactic /usr/bin/cmake --install /home/wheeltec/wheeltec_ros2/build/wheeltec_slam_toolbox
