-- The C compiler identification is GNU 9.4.0
-- The CXX compiler identification is GNU 9.4.0
-- Check for working C compiler: /usr/bin/cc
-- Check for working C compiler: /usr/bin/cc -- works
-- Detecting C compiler ABI info
-- Detecting C compiler ABI info - done
-- Detecting C compile features
-- Detecting C compile features - done
-- Check for working CXX compiler: /usr/bin/c++
-- Check for working CXX compiler: /usr/bin/c++ -- works
-- Detecting CXX compiler ABI info
-- Detecting CXX compiler ABI info - done
-- Detecting CXX compile features
-- Detecting CXX compile features - done
-- Found ament_cmake: 1.1.5 (/opt/ros/galactic/share/ament_cmake/cmake)
-- Found PythonInterp: /usr/bin/python3 (found suitable version "3.8.10", minimum required is "3") 
-- Using PYTHON_EXECUTABLE: /usr/bin/python3
-- Found rclcpp: 9.2.1 (/opt/ros/galactic/share/rclcpp/cmake)
-- Using all available rosidl_typesupport_c: rosidl_typesupport_fastrtps_c;rosidl_typesupport_introspection_c
-- Found rosidl_adapter: 2.2.2 (/opt/ros/galactic/share/rosidl_adapter/cmake)
-- Found OpenSSL: /usr/lib/aarch64-linux-gnu/libcrypto.so (found version "1.1.1f")  
-- Found FastRTPS: /opt/ros/galactic/include  
-- Using all available rosidl_typesupport_cpp: rosidl_typesupport_fastrtps_cpp;rosidl_typesupport_introspection_cpp
-- Found rmw_implementation_cmake: 3.3.1 (/opt/ros/galactic/share/rmw_implementation_cmake/cmake)
-- Found rmw_cyclonedds_cpp: 0.22.5 (/opt/ros/galactic/share/rmw_cyclonedds_cpp/cmake)
-- Using RMW implementation 'rmw_cyclonedds_cpp' as default
-- Looking for pthread.h
-- Looking for pthread.h - found
-- Performing Test CMAKE_HAVE_LIBC_PTHREAD
-- Performing Test CMAKE_HAVE_LIBC_PTHREAD - Failed
-- Looking for pthread_create in pthreads
-- Looking for pthread_create in pthreads - not found
-- Looking for pthread_create in pthread
-- Looking for pthread_create in pthread - found
-- Found Threads: TRUE  
-- Found sensor_msgs: 2.2.4 (/opt/ros/galactic/share/sensor_msgs/cmake)
-- Found std_srvs: 2.2.4 (/opt/ros/galactic/share/std_srvs/cmake)
-- Found Boost: /usr/lib/aarch64-linux-gnu/cmake/Boost-1.71.0/BoostConfig.cmake (found suitable version "1.71.0", minimum required is "1.65.1") found components: system filesystem thread 
-- Found ament_lint_auto: 0.10.7 (/opt/ros/galactic/share/ament_lint_auto/cmake)
-- Added test 'copyright' to check source files copyright and LICENSE
-- Added test 'cppcheck' to perform static code analysis on C / C++ code
-- Configured cppcheck include dirs: /home/wheeltec/wheeltec_ros2/src/wheeltec_lidar_ros2/LSlidar/lsn10_v2/include;/home/wheeltec/wheeltec_ros2/src/wheeltec_lidar_ros2/LSlidar/lsn10_v2/src;/home/wheeltec/wheeltec_ros2/src/wheeltec_lidar_ros2/LSlidar/lsn10_v2/lsn10
-- Configured cppcheck exclude dirs and/or files: 
-- Added test 'cpplint' to check C / C++ code against the Google style
-- Configured cpplint exclude dirs and/or files: 
-- Added test 'flake8' to check Python code syntax and style conventions
-- Added test 'lint_cmake' to check CMake code style
-- Added test 'pep257' to check Python code against some of the style conventions in PEP 257
-- Added test 'uncrustify' to check C / C++ code style
-- Configured uncrustify additional arguments: 
-- Added test 'xmllint' to check XML markup files
-- Configuring done
-- Generating done
-- Build files have been written to: /home/wheeltec/wheeltec_ros2/build/lsn10
[35m[1mScanning dependencies of target lsn10[0m
[ 33%] [32mBuilding CXX object CMakeFiles/lsn10.dir/src/lsiosr.cpp.o[0m
[ 66%] [32mBuilding CXX object CMakeFiles/lsn10.dir/src/lsn10.cpp.o[0m
[100%] [32m[1mLinking CXX executable lsn10[0m
[100%] Built target lsn10
-- Install configuration: ""
-- Installing: /home/wheeltec/wheeltec_ros2/install/lsn10/lib/lsn10/lsn10
-- Set runtime path of "/home/wheeltec/wheeltec_ros2/install/lsn10/lib/lsn10/lsn10" to ""
-- Installing: /home/wheeltec/wheeltec_ros2/install/lsn10/share/lsn10/launch
-- Installing: /home/wheeltec/wheeltec_ros2/install/lsn10/share/lsn10/launch/ls_n10.launch.py
-- Installing: /home/wheeltec/wheeltec_ros2/install/lsn10/share/ament_index/resource_index/package_run_dependencies/lsn10
-- Installing: /home/wheeltec/wheeltec_ros2/install/lsn10/share/ament_index/resource_index/parent_prefix_path/lsn10
-- Installing: /home/wheeltec/wheeltec_ros2/install/lsn10/share/lsn10/environment/ament_prefix_path.sh
-- Installing: /home/wheeltec/wheeltec_ros2/install/lsn10/share/lsn10/environment/ament_prefix_path.dsv
-- Installing: /home/wheeltec/wheeltec_ros2/install/lsn10/share/lsn10/environment/path.sh
-- Installing: /home/wheeltec/wheeltec_ros2/install/lsn10/share/lsn10/environment/path.dsv
-- Installing: /home/wheeltec/wheeltec_ros2/install/lsn10/share/lsn10/local_setup.bash
-- Installing: /home/wheeltec/wheeltec_ros2/install/lsn10/share/lsn10/local_setup.sh
-- Installing: /home/wheeltec/wheeltec_ros2/install/lsn10/share/lsn10/local_setup.zsh
-- Installing: /home/wheeltec/wheeltec_ros2/install/lsn10/share/lsn10/local_setup.dsv
-- Installing: /home/wheeltec/wheeltec_ros2/install/lsn10/share/lsn10/package.dsv
-- Installing: /home/wheeltec/wheeltec_ros2/install/lsn10/share/ament_index/resource_index/packages/lsn10
-- Installing: /home/wheeltec/wheeltec_ros2/install/lsn10/share/lsn10/cmake/lsn10Config.cmake
-- Installing: /home/wheeltec/wheeltec_ros2/install/lsn10/share/lsn10/cmake/lsn10Config-version.cmake
-- Installing: /home/wheeltec/wheeltec_ros2/install/lsn10/share/lsn10/package.xml
