-- The C compiler identification is GNU 9.4.0
-- The CXX compiler identification is GNU 9.4.0
-- Check for working C compiler: /usr/bin/cc
-- Check for working C compiler: /usr/bin/cc -- works
-- Detecting C compiler ABI info
-- Detecting C compiler ABI info - done
-- Detecting C compile features
-- Detecting C compile features - done
-- Check for working CXX compiler: /usr/bin/c++
-- Check for working CXX compiler: /usr/bin/c++ -- works
-- Detecting CXX compiler ABI info
-- Detecting CXX compiler ABI info - done
-- Detecting CXX compile features
-- Detecting CXX compile features - done
-- Found ament_cmake: 1.1.5 (/opt/ros/galactic/share/ament_cmake/cmake)
-- Found PythonInterp: /usr/bin/python3 (found suitable version "3.8.10", minimum required is "3") 
-- Using PYTHON_EXECUTABLE: /usr/bin/python3
-- Found rosidl_default_generators: 1.1.1 (/opt/ros/galactic/share/rosidl_default_generators/cmake)
-- Using all available rosidl_typesupport_c: rosidl_typesupport_fastrtps_c;rosidl_typesupport_introspection_c
-- Found rosidl_adapter: 2.2.2 (/opt/ros/galactic/share/rosidl_adapter/cmake)
-- Found OpenSSL: /usr/lib/aarch64-linux-gnu/libcrypto.so (found version "1.1.1f")  
-- Found FastRTPS: /opt/ros/galactic/include  
-- Using all available rosidl_typesupport_cpp: rosidl_typesupport_fastrtps_cpp;rosidl_typesupport_introspection_cpp
-- Found rclcpp: 9.2.1 (/opt/ros/galactic/share/rclcpp/cmake)
-- Found rmw_implementation_cmake: 3.3.1 (/opt/ros/galactic/share/rmw_implementation_cmake/cmake)
-- Found rmw_cyclonedds_cpp: 0.22.5 (/opt/ros/galactic/share/rmw_cyclonedds_cpp/cmake)
-- Using RMW implementation 'rmw_cyclonedds_cpp' as default
-- Looking for pthread.h
-- Looking for pthread.h - found
-- Performing Test CMAKE_HAVE_LIBC_PTHREAD
-- Performing Test CMAKE_HAVE_LIBC_PTHREAD - Failed
-- Looking for pthread_create in pthreads
-- Looking for pthread_create in pthreads - not found
-- Looking for pthread_create in pthread
-- Looking for pthread_create in pthread - found
-- Found Threads: TRUE  
-- Found rclpy: 1.9.1 (/opt/ros/galactic/share/rclpy/cmake)
-- Found sensor_msgs: 2.2.4 (/opt/ros/galactic/share/sensor_msgs/cmake)
-- Found Boost: /usr/lib/aarch64-linux-gnu/cmake/Boost-1.71.0/BoostConfig.cmake (found suitable version "1.71.0", minimum required is "1.65.1") found components: system filesystem thread 
-- Found ament_lint_auto: 0.10.7 (/opt/ros/galactic/share/ament_lint_auto/cmake)
-- Found PythonInterp: /usr/bin/python3 (found version "3.8.10") 
-- Found ament_cmake_ros: 0.9.2 (/opt/ros/galactic/share/ament_cmake_ros/cmake)
-- Using all available rosidl_typesupport_c: rosidl_typesupport_fastrtps_c;rosidl_typesupport_introspection_c
-- Using all available rosidl_typesupport_cpp: rosidl_typesupport_fastrtps_cpp;rosidl_typesupport_introspection_cpp
-- Found PythonInterp: /usr/bin/python3 (found suitable version "3.8.10", minimum required is "3.5") 
-- Found python_cmake_module: 0.8.1 (/opt/ros/galactic/share/python_cmake_module/cmake)
-- Found PythonLibs: /usr/lib/aarch64-linux-gnu/libpython3.8.so (found suitable version "3.8.10", minimum required is "3.5") 
-- Using PYTHON_EXECUTABLE: /usr/bin/python3
-- Using PYTHON_INCLUDE_DIRS: /usr/include/python3.8
-- Using PYTHON_LIBRARIES: /usr/lib/aarch64-linux-gnu/libpython3.8.so
-- Found PythonExtra: .so  
-- Added test 'copyright' to check source files copyright and LICENSE
-- Added test 'cppcheck' to perform static code analysis on C / C++ code
-- Configured cppcheck include dirs: /home/wheeltec/wheeltec_ros2/src/wheeltec_lidar_ros2/LSlidar/lsm10_v2/include;/home/wheeltec/wheeltec_ros2/src/wheeltec_lidar_ros2/LSlidar/lsm10_v2/src
-- Configured cppcheck exclude dirs and/or files: 
-- Added test 'cpplint' to check C / C++ code against the Google style
-- Configured cpplint exclude dirs and/or files: 
-- Added test 'flake8' to check Python code syntax and style conventions
-- Added test 'lint_cmake' to check CMake code style
-- Added test 'pep257' to check Python code against some of the style conventions in PEP 257
-- Added test 'uncrustify' to check C / C++ code style
-- Configured uncrustify additional arguments: 
-- Added test 'xmllint' to check XML markup files
-- Configuring done
-- Generating done
-- Build files have been written to: /home/wheeltec/wheeltec_ros2/build/lsm10_v2
[35m[1mScanning dependencies of target lsm10_v2__cpp[0m
[  3%] [34m[1mGenerating C++ code for ROS interfaces[0m
[  3%] Built target lsm10_v2__cpp
[  6%] [34m[1mGenerating C code for ROS interfaces[0m
[35m[1mScanning dependencies of target lsm10_v2__rosidl_generator_c[0m
[  9%] [32mBuilding C object CMakeFiles/lsm10_v2__rosidl_generator_c.dir/rosidl_generator_c/lsm10_v2/msg/detail/difop__functions.c.o[0m
[ 12%] [32m[1mLinking C shared library liblsm10_v2__rosidl_generator_c.so[0m
[ 12%] Built target lsm10_v2__rosidl_generator_c
[ 16%] [34m[1mGenerating C++ introspection for ROS interfaces[0m
[35m[1mScanning dependencies of target lsm10_v2__rosidl_typesupport_introspection_cpp[0m
[ 19%] [32mBuilding CXX object CMakeFiles/lsm10_v2__rosidl_typesupport_introspection_cpp.dir/rosidl_typesupport_introspection_cpp/lsm10_v2/msg/detail/difop__type_support.cpp.o[0m
[ 22%] [32m[1mLinking CXX shared library liblsm10_v2__rosidl_typesupport_introspection_cpp.so[0m
[ 22%] Built target lsm10_v2__rosidl_typesupport_introspection_cpp
[ 25%] [34m[1mGenerating C introspection for ROS interfaces[0m
[35m[1mScanning dependencies of target lsm10_v2__rosidl_typesupport_introspection_c[0m
[ 29%] [32mBuilding C object CMakeFiles/lsm10_v2__rosidl_typesupport_introspection_c.dir/rosidl_typesupport_introspection_c/lsm10_v2/msg/detail/difop__type_support.c.o[0m
[ 32%] [32m[1mLinking C shared library liblsm10_v2__rosidl_typesupport_introspection_c.so[0m
[ 32%] Built target lsm10_v2__rosidl_typesupport_introspection_c
[ 35%] [34m[1mGenerating C type support dispatch for ROS interfaces[0m
[35m[1mScanning dependencies of target lsm10_v2__rosidl_typesupport_c[0m
[ 38%] [32mBuilding CXX object CMakeFiles/lsm10_v2__rosidl_typesupport_c.dir/rosidl_typesupport_c/lsm10_v2/msg/difop__type_support.cpp.o[0m
[ 41%] [32m[1mLinking CXX shared library liblsm10_v2__rosidl_typesupport_c.so[0m
[ 41%] Built target lsm10_v2__rosidl_typesupport_c
[ 45%] [34m[1mGenerating C++ type support for eProsima Fast-RTPS[0m
[35m[1mScanning dependencies of target lsm10_v2__rosidl_typesupport_fastrtps_cpp[0m
[ 48%] [32mBuilding CXX object CMakeFiles/lsm10_v2__rosidl_typesupport_fastrtps_cpp.dir/rosidl_typesupport_fastrtps_cpp/lsm10_v2/msg/detail/dds_fastrtps/difop__type_support.cpp.o[0m
[ 51%] [32m[1mLinking CXX shared library liblsm10_v2__rosidl_typesupport_fastrtps_cpp.so[0m
[ 51%] Built target lsm10_v2__rosidl_typesupport_fastrtps_cpp
[ 54%] [34m[1mGenerating C++ type support dispatch for ROS interfaces[0m
[35m[1mScanning dependencies of target lsm10_v2__rosidl_typesupport_cpp[0m
[ 58%] [32mBuilding CXX object CMakeFiles/lsm10_v2__rosidl_typesupport_cpp.dir/rosidl_typesupport_cpp/lsm10_v2/msg/difop__type_support.cpp.o[0m
[ 61%] [32m[1mLinking CXX shared library liblsm10_v2__rosidl_typesupport_cpp.so[0m
[ 61%] Built target lsm10_v2__rosidl_typesupport_cpp
[ 64%] [34m[1mGenerating C type support for eProsima Fast-RTPS[0m
[35m[1mScanning dependencies of target lsm10_v2__rosidl_typesupport_fastrtps_c[0m
[ 67%] [32mBuilding CXX object CMakeFiles/lsm10_v2__rosidl_typesupport_fastrtps_c.dir/rosidl_typesupport_fastrtps_c/lsm10_v2/msg/detail/difop__type_support_c.cpp.o[0m
[ 70%] [32m[1mLinking CXX shared library liblsm10_v2__rosidl_typesupport_fastrtps_c.so[0m
[ 70%] Built target lsm10_v2__rosidl_typesupport_fastrtps_c
[35m[1mScanning dependencies of target lsm10_v2[0m
[ 70%] Built target lsm10_v2
[35m[1mScanning dependencies of target lsm10_v2__py[0m
[ 74%] [34m[1mGenerating Python code for ROS interfaces[0m
[ 74%] Built target lsm10_v2__py
[35m[1mScanning dependencies of target lsm10_v2__python[0m
[ 77%] [32mBuilding C object CMakeFiles/lsm10_v2__python.dir/rosidl_generator_py/lsm10_v2/msg/_difop_s.c.o[0m
[ 80%] [32m[1mLinking C shared library rosidl_generator_py/lsm10_v2/liblsm10_v2__python.so[0m
[ 80%] Built target lsm10_v2__python
[35m[1mScanning dependencies of target lsm10_v2__rosidl_typesupport_c__pyext[0m
[ 83%] [32mBuilding C object CMakeFiles/lsm10_v2__rosidl_typesupport_c__pyext.dir/rosidl_generator_py/lsm10_v2/_lsm10_v2_s.ep.rosidl_typesupport_c.c.o[0m
[ 87%] [32m[1mLinking C shared library rosidl_generator_py/lsm10_v2/lsm10_v2_s__rosidl_typesupport_c.cpython-38-aarch64-linux-gnu.so[0m
[ 87%] Built target lsm10_v2__rosidl_typesupport_c__pyext
[35m[1mScanning dependencies of target lsm10_v2__rosidl_typesupport_fastrtps_c__pyext[0m
[ 90%] [32mBuilding C object CMakeFiles/lsm10_v2__rosidl_typesupport_fastrtps_c__pyext.dir/rosidl_generator_py/lsm10_v2/_lsm10_v2_s.ep.rosidl_typesupport_fastrtps_c.c.o[0m
[ 93%] [32m[1mLinking CXX shared library rosidl_generator_py/lsm10_v2/lsm10_v2_s__rosidl_typesupport_fastrtps_c.cpython-38-aarch64-linux-gnu.so[0m
[ 93%] Built target lsm10_v2__rosidl_typesupport_fastrtps_c__pyext
[35m[1mScanning dependencies of target lsm10_v2__rosidl_typesupport_introspection_c__pyext[0m
[ 96%] [32mBuilding C object CMakeFiles/lsm10_v2__rosidl_typesupport_introspection_c__pyext.dir/rosidl_generator_py/lsm10_v2/_lsm10_v2_s.ep.rosidl_typesupport_introspection_c.c.o[0m
[100%] [32m[1mLinking C shared library rosidl_generator_py/lsm10_v2/lsm10_v2_s__rosidl_typesupport_introspection_c.cpython-38-aarch64-linux-gnu.so[0m
[100%] Built target lsm10_v2__rosidl_typesupport_introspection_c__pyext
-- Install configuration: ""
-- Installing: /home/wheeltec/wheeltec_ros2/install/lsm10_v2/share/ament_index/resource_index/rosidl_interfaces/lsm10_v2
-- Installing: /home/wheeltec/wheeltec_ros2/install/lsm10_v2/include/lsm10_v2
-- Installing: /home/wheeltec/wheeltec_ros2/install/lsm10_v2/include/lsm10_v2/msg
-- Installing: /home/wheeltec/wheeltec_ros2/install/lsm10_v2/include/lsm10_v2/msg/detail
-- Installing: /home/wheeltec/wheeltec_ros2/install/lsm10_v2/include/lsm10_v2/msg/detail/difop__struct.h
-- Installing: /home/wheeltec/wheeltec_ros2/install/lsm10_v2/include/lsm10_v2/msg/detail/difop__functions.c
-- Installing: /home/wheeltec/wheeltec_ros2/install/lsm10_v2/include/lsm10_v2/msg/detail/difop__functions.h
-- Installing: /home/wheeltec/wheeltec_ros2/install/lsm10_v2/include/lsm10_v2/msg/detail/difop__type_support.h
-- Installing: /home/wheeltec/wheeltec_ros2/install/lsm10_v2/include/lsm10_v2/msg/difop.h
-- Installing: /home/wheeltec/wheeltec_ros2/install/lsm10_v2/include/lsm10_v2/msg/rosidl_generator_c__visibility_control.h
-- Installing: /home/wheeltec/wheeltec_ros2/install/lsm10_v2/share/lsm10_v2/environment/library_path.sh
-- Installing: /home/wheeltec/wheeltec_ros2/install/lsm10_v2/share/lsm10_v2/environment/library_path.dsv
-- Installing: /home/wheeltec/wheeltec_ros2/install/lsm10_v2/lib/liblsm10_v2__rosidl_generator_c.so
-- Set runtime path of "/home/wheeltec/wheeltec_ros2/install/lsm10_v2/lib/liblsm10_v2__rosidl_generator_c.so" to ""
-- Up-to-date: /home/wheeltec/wheeltec_ros2/install/lsm10_v2/include/lsm10_v2
-- Up-to-date: /home/wheeltec/wheeltec_ros2/install/lsm10_v2/include/lsm10_v2/msg
-- Installing: /home/wheeltec/wheeltec_ros2/install/lsm10_v2/include/lsm10_v2/msg/rosidl_typesupport_fastrtps_c__visibility_control.h
-- Up-to-date: /home/wheeltec/wheeltec_ros2/install/lsm10_v2/include/lsm10_v2/msg/detail
-- Installing: /home/wheeltec/wheeltec_ros2/install/lsm10_v2/include/lsm10_v2/msg/detail/difop__rosidl_typesupport_fastrtps_c.h
-- Installing: /home/wheeltec/wheeltec_ros2/install/lsm10_v2/lib/liblsm10_v2__rosidl_typesupport_fastrtps_c.so
-- Set runtime path of "/home/wheeltec/wheeltec_ros2/install/lsm10_v2/lib/liblsm10_v2__rosidl_typesupport_fastrtps_c.so" to ""
-- Up-to-date: /home/wheeltec/wheeltec_ros2/install/lsm10_v2/include/lsm10_v2
-- Up-to-date: /home/wheeltec/wheeltec_ros2/install/lsm10_v2/include/lsm10_v2/msg
-- Up-to-date: /home/wheeltec/wheeltec_ros2/install/lsm10_v2/include/lsm10_v2/msg/detail
-- Installing: /home/wheeltec/wheeltec_ros2/install/lsm10_v2/include/lsm10_v2/msg/detail/dds_fastrtps
-- Installing: /home/wheeltec/wheeltec_ros2/install/lsm10_v2/include/lsm10_v2/msg/detail/difop__rosidl_typesupport_fastrtps_cpp.hpp
-- Installing: /home/wheeltec/wheeltec_ros2/install/lsm10_v2/include/lsm10_v2/msg/rosidl_typesupport_fastrtps_cpp__visibility_control.h
-- Installing: /home/wheeltec/wheeltec_ros2/install/lsm10_v2/lib/liblsm10_v2__rosidl_typesupport_fastrtps_cpp.so
-- Set runtime path of "/home/wheeltec/wheeltec_ros2/install/lsm10_v2/lib/liblsm10_v2__rosidl_typesupport_fastrtps_cpp.so" to ""
-- Up-to-date: /home/wheeltec/wheeltec_ros2/install/lsm10_v2/include/lsm10_v2
-- Up-to-date: /home/wheeltec/wheeltec_ros2/install/lsm10_v2/include/lsm10_v2/msg
-- Installing: /home/wheeltec/wheeltec_ros2/install/lsm10_v2/include/lsm10_v2/msg/rosidl_typesupport_introspection_c__visibility_control.h
-- Up-to-date: /home/wheeltec/wheeltec_ros2/install/lsm10_v2/include/lsm10_v2/msg/detail
-- Installing: /home/wheeltec/wheeltec_ros2/install/lsm10_v2/include/lsm10_v2/msg/detail/difop__rosidl_typesupport_introspection_c.h
-- Installing: /home/wheeltec/wheeltec_ros2/install/lsm10_v2/include/lsm10_v2/msg/detail/difop__type_support.c
-- Installing: /home/wheeltec/wheeltec_ros2/install/lsm10_v2/lib/liblsm10_v2__rosidl_typesupport_introspection_c.so
-- Set runtime path of "/home/wheeltec/wheeltec_ros2/install/lsm10_v2/lib/liblsm10_v2__rosidl_typesupport_introspection_c.so" to ""
-- Installing: /home/wheeltec/wheeltec_ros2/install/lsm10_v2/lib/liblsm10_v2__rosidl_typesupport_c.so
-- Set runtime path of "/home/wheeltec/wheeltec_ros2/install/lsm10_v2/lib/liblsm10_v2__rosidl_typesupport_c.so" to ""
-- Up-to-date: /home/wheeltec/wheeltec_ros2/install/lsm10_v2/include/lsm10_v2
-- Up-to-date: /home/wheeltec/wheeltec_ros2/install/lsm10_v2/include/lsm10_v2/msg
-- Installing: /home/wheeltec/wheeltec_ros2/install/lsm10_v2/include/lsm10_v2/msg/difop.hpp
-- Up-to-date: /home/wheeltec/wheeltec_ros2/install/lsm10_v2/include/lsm10_v2/msg/detail
-- Installing: /home/wheeltec/wheeltec_ros2/install/lsm10_v2/include/lsm10_v2/msg/detail/difop__traits.hpp
-- Installing: /home/wheeltec/wheeltec_ros2/install/lsm10_v2/include/lsm10_v2/msg/detail/difop__builder.hpp
-- Installing: /home/wheeltec/wheeltec_ros2/install/lsm10_v2/include/lsm10_v2/msg/detail/difop__struct.hpp
-- Up-to-date: /home/wheeltec/wheeltec_ros2/install/lsm10_v2/include/lsm10_v2
-- Up-to-date: /home/wheeltec/wheeltec_ros2/install/lsm10_v2/include/lsm10_v2/msg
-- Up-to-date: /home/wheeltec/wheeltec_ros2/install/lsm10_v2/include/lsm10_v2/msg/detail
-- Installing: /home/wheeltec/wheeltec_ros2/install/lsm10_v2/include/lsm10_v2/msg/detail/difop__rosidl_typesupport_introspection_cpp.hpp
-- Installing: /home/wheeltec/wheeltec_ros2/install/lsm10_v2/include/lsm10_v2/msg/detail/difop__type_support.cpp
-- Installing: /home/wheeltec/wheeltec_ros2/install/lsm10_v2/lib/liblsm10_v2__rosidl_typesupport_introspection_cpp.so
-- Set runtime path of "/home/wheeltec/wheeltec_ros2/install/lsm10_v2/lib/liblsm10_v2__rosidl_typesupport_introspection_cpp.so" to ""
-- Installing: /home/wheeltec/wheeltec_ros2/install/lsm10_v2/lib/liblsm10_v2__rosidl_typesupport_cpp.so
-- Set runtime path of "/home/wheeltec/wheeltec_ros2/install/lsm10_v2/lib/liblsm10_v2__rosidl_typesupport_cpp.so" to ""
-- Installing: /home/wheeltec/wheeltec_ros2/install/lsm10_v2/share/lsm10_v2/environment/pythonpath.sh
-- Installing: /home/wheeltec/wheeltec_ros2/install/lsm10_v2/share/lsm10_v2/environment/pythonpath.dsv
-- Installing: /home/wheeltec/wheeltec_ros2/install/lsm10_v2/lib/python3.8/site-packages/lsm10_v2/__init__.py
Compiling '/home/wheeltec/wheeltec_ros2/install/lsm10_v2/lib/python3.8/site-packages/lsm10_v2/__init__.py'...
-- Installing: /home/wheeltec/wheeltec_ros2/install/lsm10_v2/lib/python3.8/site-packages/lsm10_v2/msg
-- Installing: /home/wheeltec/wheeltec_ros2/install/lsm10_v2/lib/python3.8/site-packages/lsm10_v2/msg/_difop_s.c
-- Installing: /home/wheeltec/wheeltec_ros2/install/lsm10_v2/lib/python3.8/site-packages/lsm10_v2/msg/__init__.py
-- Installing: /home/wheeltec/wheeltec_ros2/install/lsm10_v2/lib/python3.8/site-packages/lsm10_v2/msg/_difop.py
-- Installing: /home/wheeltec/wheeltec_ros2/install/lsm10_v2/lib/python3.8/site-packages/lsm10_v2/lsm10_v2_s__rosidl_typesupport_fastrtps_c.cpython-38-aarch64-linux-gnu.so
-- Set runtime path of "/home/wheeltec/wheeltec_ros2/install/lsm10_v2/lib/python3.8/site-packages/lsm10_v2/lsm10_v2_s__rosidl_typesupport_fastrtps_c.cpython-38-aarch64-linux-gnu.so" to ""
-- Installing: /home/wheeltec/wheeltec_ros2/install/lsm10_v2/lib/python3.8/site-packages/lsm10_v2/lsm10_v2_s__rosidl_typesupport_introspection_c.cpython-38-aarch64-linux-gnu.so
-- Set runtime path of "/home/wheeltec/wheeltec_ros2/install/lsm10_v2/lib/python3.8/site-packages/lsm10_v2/lsm10_v2_s__rosidl_typesupport_introspection_c.cpython-38-aarch64-linux-gnu.so" to ""
-- Installing: /home/wheeltec/wheeltec_ros2/install/lsm10_v2/lib/python3.8/site-packages/lsm10_v2/lsm10_v2_s__rosidl_typesupport_c.cpython-38-aarch64-linux-gnu.so
-- Set runtime path of "/home/wheeltec/wheeltec_ros2/install/lsm10_v2/lib/python3.8/site-packages/lsm10_v2/lsm10_v2_s__rosidl_typesupport_c.cpython-38-aarch64-linux-gnu.so" to ""
-- Installing: /home/wheeltec/wheeltec_ros2/install/lsm10_v2/lib/liblsm10_v2__python.so
-- Set runtime path of "/home/wheeltec/wheeltec_ros2/install/lsm10_v2/lib/liblsm10_v2__python.so" to ""
-- Installing: /home/wheeltec/wheeltec_ros2/install/lsm10_v2/share/lsm10_v2/msg/Difop.idl
-- Installing: /home/wheeltec/wheeltec_ros2/install/lsm10_v2/share/lsm10_v2/msg/Difop.msg
-- Installing: /home/wheeltec/wheeltec_ros2/install/lsm10_v2/share/ament_index/resource_index/package_run_dependencies/lsm10_v2
-- Installing: /home/wheeltec/wheeltec_ros2/install/lsm10_v2/share/ament_index/resource_index/parent_prefix_path/lsm10_v2
-- Installing: /home/wheeltec/wheeltec_ros2/install/lsm10_v2/share/lsm10_v2/environment/ament_prefix_path.sh
-- Installing: /home/wheeltec/wheeltec_ros2/install/lsm10_v2/share/lsm10_v2/environment/ament_prefix_path.dsv
-- Installing: /home/wheeltec/wheeltec_ros2/install/lsm10_v2/share/lsm10_v2/environment/path.sh
-- Installing: /home/wheeltec/wheeltec_ros2/install/lsm10_v2/share/lsm10_v2/environment/path.dsv
-- Installing: /home/wheeltec/wheeltec_ros2/install/lsm10_v2/share/lsm10_v2/local_setup.bash
-- Installing: /home/wheeltec/wheeltec_ros2/install/lsm10_v2/share/lsm10_v2/local_setup.sh
-- Installing: /home/wheeltec/wheeltec_ros2/install/lsm10_v2/share/lsm10_v2/local_setup.zsh
-- Installing: /home/wheeltec/wheeltec_ros2/install/lsm10_v2/share/lsm10_v2/local_setup.dsv
-- Installing: /home/wheeltec/wheeltec_ros2/install/lsm10_v2/share/lsm10_v2/package.dsv
-- Installing: /home/wheeltec/wheeltec_ros2/install/lsm10_v2/share/ament_index/resource_index/packages/lsm10_v2
-- Installing: /home/wheeltec/wheeltec_ros2/install/lsm10_v2/share/lsm10_v2/cmake/lsm10_v2__rosidl_generator_cExport.cmake
-- Installing: /home/wheeltec/wheeltec_ros2/install/lsm10_v2/share/lsm10_v2/cmake/lsm10_v2__rosidl_generator_cExport-noconfig.cmake
-- Installing: /home/wheeltec/wheeltec_ros2/install/lsm10_v2/share/lsm10_v2/cmake/lsm10_v2__rosidl_typesupport_introspection_cExport.cmake
-- Installing: /home/wheeltec/wheeltec_ros2/install/lsm10_v2/share/lsm10_v2/cmake/lsm10_v2__rosidl_typesupport_introspection_cExport-noconfig.cmake
-- Installing: /home/wheeltec/wheeltec_ros2/install/lsm10_v2/share/lsm10_v2/cmake/lsm10_v2__rosidl_typesupport_cExport.cmake
-- Installing: /home/wheeltec/wheeltec_ros2/install/lsm10_v2/share/lsm10_v2/cmake/lsm10_v2__rosidl_typesupport_cExport-noconfig.cmake
-- Installing: /home/wheeltec/wheeltec_ros2/install/lsm10_v2/share/lsm10_v2/cmake/lsm10_v2__rosidl_generator_cppExport.cmake
-- Installing: /home/wheeltec/wheeltec_ros2/install/lsm10_v2/share/lsm10_v2/cmake/lsm10_v2__rosidl_typesupport_introspection_cppExport.cmake
-- Installing: /home/wheeltec/wheeltec_ros2/install/lsm10_v2/share/lsm10_v2/cmake/lsm10_v2__rosidl_typesupport_introspection_cppExport-noconfig.cmake
-- Installing: /home/wheeltec/wheeltec_ros2/install/lsm10_v2/share/lsm10_v2/cmake/lsm10_v2__rosidl_typesupport_cppExport.cmake
-- Installing: /home/wheeltec/wheeltec_ros2/install/lsm10_v2/share/lsm10_v2/cmake/lsm10_v2__rosidl_typesupport_cppExport-noconfig.cmake
-- Installing: /home/wheeltec/wheeltec_ros2/install/lsm10_v2/share/lsm10_v2/cmake/rosidl_cmake-extras.cmake
-- Installing: /home/wheeltec/wheeltec_ros2/install/lsm10_v2/share/lsm10_v2/cmake/ament_cmake_export_dependencies-extras.cmake
-- Installing: /home/wheeltec/wheeltec_ros2/install/lsm10_v2/share/lsm10_v2/cmake/ament_cmake_export_libraries-extras.cmake
-- Installing: /home/wheeltec/wheeltec_ros2/install/lsm10_v2/share/lsm10_v2/cmake/ament_cmake_export_targets-extras.cmake
-- Installing: /home/wheeltec/wheeltec_ros2/install/lsm10_v2/share/lsm10_v2/cmake/ament_cmake_export_include_directories-extras.cmake
-- Installing: /home/wheeltec/wheeltec_ros2/install/lsm10_v2/share/lsm10_v2/cmake/rosidl_cmake_export_typesupport_libraries-extras.cmake
-- Installing: /home/wheeltec/wheeltec_ros2/install/lsm10_v2/share/lsm10_v2/cmake/rosidl_cmake_export_typesupport_targets-extras.cmake
-- Installing: /home/wheeltec/wheeltec_ros2/install/lsm10_v2/share/lsm10_v2/cmake/lsm10_v2Config.cmake
-- Installing: /home/wheeltec/wheeltec_ros2/install/lsm10_v2/share/lsm10_v2/cmake/lsm10_v2Config-version.cmake
-- Installing: /home/wheeltec/wheeltec_ros2/install/lsm10_v2/share/lsm10_v2/package.xml
