[0.230s] Invoking command in '/home/wheeltec/wheeltec_ros2/build/dwb_msgs': CMAKE_PREFIX_PATH=/home/wheeltec/wheeltec_ros2/install/nav_2d_msgs:/home/wheeltec/wheeltec_ros2/install/wheeltec_slam_toolbox:/home/wheeltec/wheeltec_ros2/install/wheeltec_rrt_msg:/home/wheeltec/wheeltec_ros2/install/wheeltec_robot_urdf:/home/wheeltec/wheeltec_ros2/install/wheeltec_robot_rtab:/home/wheeltec/wheeltec_ros2/install/wheeltec_robot_rrt:/home/wheeltec/wheeltec_ros2/install/turn_on_wheeltec_robot:/home/wheeltec/wheeltec_ros2/install/wheeltec_robot_msg:/home/wheeltec/wheeltec_ros2/install/wheeltec_nav2:/home/wheeltec/wheeltec_ros2/install/wheeltec_joy:/home/wheeltec/wheeltec_ros2/install/wheeltec_cartographer:/home/wheeltec/wheeltec_ros2/install/web_video_server:/home/wheeltec/wheeltec_ros2/install/usb_cam:/home/wheeltec/wheeltec_ros2/install/slam_gmapping:/home/wheeltec/wheeltec_ros2/install/serial:/home/wheeltec/wheeltec_ros2/install/rplidar_ros2:/home/wheeltec/wheeltec_ros2/install/ros2_astra_camera:/home/wheeltec/wheeltec_ros2/install/ar_track_alvar:/home/wheeltec/wheeltec_ros2/install/perception_pcl:/home/wheeltec/wheeltec_ros2/install/pcl_ros:/home/wheeltec/wheeltec_ros2/install/lslidar_driver:/home/wheeltec/wheeltec_ros2/install/pcl_conversions:/home/wheeltec/wheeltec_ros2/install/openslam_gmapping:/home/wheeltec/wheeltec_ros2/install/nav2_system_tests:/home/wheeltec/wheeltec_ros2/install/nav2_bringup:/home/wheeltec/wheeltec_ros2/install/navigation2:/home/wheeltec/wheeltec_ros2/install/nav2_dwb_controller:/home/wheeltec/wheeltec_ros2/install/nav2_controller:/home/wheeltec/wheeltec_ros2/install/dwb_plugins:/home/wheeltec/wheeltec_ros2/install/dwb_critics:/home/wheeltec/wheeltec_ros2/install/dwb_core:/home/wheeltec/wheeltec_ros2/install/nav_2d_utils:/home/wheeltec/wheeltec_ros2/install/dwb_msgs:/home/wheeltec/wheeltec_ros2/install/nav2_waypoint_follower:/home/wheeltec/wheeltec_ros2/install/nav2_theta_star_planner:/home/wheeltec/wheeltec_ros2/install/nav2_smac_planner:/home/wheeltec/wheeltec_ros2/install/nav2_rotation_shim_controller:/home/wheeltec/wheeltec_ros2/install/nav2_regulated_pure_pursuit_controller:/home/wheeltec/wheeltec_ros2/install/nav2_recoveries:/home/wheeltec/wheeltec_ros2/install/nav2_planner:/home/wheeltec/wheeltec_ros2/install/nav2_navfn_planner:/home/wheeltec/wheeltec_ros2/install/nav2_bt_navigator:/home/wheeltec/wheeltec_ros2/install/nav2_core:/home/wheeltec/wheeltec_ros2/install/costmap_queue:/home/wheeltec/wheeltec_ros2/install/nav2_costmap_2d:/home/wheeltec/wheeltec_ros2/install/nav2_voxel_grid:/home/wheeltec/wheeltec_ros2/install/nav2_rviz_plugins:/home/wheeltec/wheeltec_ros2/install/nav2_map_server:/home/wheeltec/wheeltec_ros2/install/nav2_lifecycle_manager:/home/wheeltec/wheeltec_ros2/install/nav2_behavior_tree:/home/wheeltec/wheeltec_ros2/install/nav2_amcl:/home/wheeltec/wheeltec_ros2/install/nav2_util:/home/wheeltec/wheeltec_ros2/install/nav2_msgs:/home/wheeltec/wheeltec_ros2/install/nav2_common:/home/wheeltec/wheeltec_ros2/install/lsn10:/home/wheeltec/wheeltec_ros2/install/lsm10_v2:/home/wheeltec/wheeltec_ros2/install/lslidar_msgs:/home/wheeltec/wheeltec_ros2/install/lidar_ros2:/home/wheeltec/wheeltec_ros2/install/ldlidar_stl_ros2:/home/wheeltec/wheeltec_ros2/install/ldlidar_sl_ros2:/home/wheeltec/wheeltec_ros2/install/astra_msgs:/home/wheeltec/wheeltec_ros2/install/astra_camera:/home/wheeltec/wheeltec_ros2/install/astra_camera_msgs:/home/wheeltec/wheeltec_ros2/install/ar_track_alvar_msgs:/home/wheeltec/wheeltec_ros2/install/ackermann_msgs:/home/wheeltec/wheeltec_ros2/install/simple_follower_ros2:/home/wheeltec/wheeltec_ros2/install/wheeltec_robot_keyboard:/home/wheeltec/wheeltec_ros2/install/tf2_tools:/home/wheeltec/wheeltec_ros2/install/nav2_simple_commander:/home/wheeltec/wheeltec_ros2/install/nav2_gazebo_spawner:/opt/ros/galactic LD_LIBRARY_PATH=/home/wheeltec/wheeltec_ros2/install/nav_2d_msgs/lib:/home/wheeltec/wheeltec_ros2/install/wheeltec_rrt_msg/lib:/home/wheeltec/wheeltec_ros2/install/wheeltec_robot_rrt/lib:/home/wheeltec/wheeltec_ros2/install/turn_on_wheeltec_robot/lib:/home/wheeltec/wheeltec_ros2/install/wheeltec_robot_msg/lib:/home/wheeltec/wheeltec_ros2/install/usb_cam/lib:/home/wheeltec/wheeltec_ros2/install/serial/lib:/home/wheeltec/wheeltec_ros2/install/ros2_astra_camera/lib:/home/wheeltec/wheeltec_ros2/install/ar_track_alvar/lib:/home/wheeltec/wheeltec_ros2/install/pcl_ros/lib:/home/wheeltec/wheeltec_ros2/install/openslam_gmapping/lib:/home/wheeltec/wheeltec_ros2/install/nav2_controller/lib:/home/wheeltec/wheeltec_ros2/install/dwb_plugins/lib:/home/wheeltec/wheeltec_ros2/install/dwb_critics/lib:/home/wheeltec/wheeltec_ros2/install/dwb_core/lib:/home/wheeltec/wheeltec_ros2/install/nav_2d_utils/lib:/home/wheeltec/wheeltec_ros2/install/dwb_msgs/lib:/home/wheeltec/wheeltec_ros2/install/nav2_waypoint_follower/lib:/home/wheeltec/wheeltec_ros2/install/nav2_theta_star_planner/lib:/home/wheeltec/wheeltec_ros2/install/nav2_smac_planner/lib:/home/wheeltec/wheeltec_ros2/install/nav2_rotation_shim_controller/lib:/home/wheeltec/wheeltec_ros2/install/nav2_regulated_pure_pursuit_controller/lib:/home/wheeltec/wheeltec_ros2/install/nav2_recoveries/lib:/home/wheeltec/wheeltec_ros2/install/nav2_planner/lib:/home/wheeltec/wheeltec_ros2/install/nav2_navfn_planner/lib:/home/wheeltec/wheeltec_ros2/install/nav2_bt_navigator/lib:/home/wheeltec/wheeltec_ros2/install/costmap_queue/lib:/home/wheeltec/wheeltec_ros2/install/nav2_costmap_2d/lib:/home/wheeltec/wheeltec_ros2/install/nav2_voxel_grid/lib:/home/wheeltec/wheeltec_ros2/install/nav2_rviz_plugins/lib:/home/wheeltec/wheeltec_ros2/install/nav2_map_server/lib:/home/wheeltec/wheeltec_ros2/install/nav2_lifecycle_manager/lib:/home/wheeltec/wheeltec_ros2/install/nav2_behavior_tree/lib:/home/wheeltec/wheeltec_ros2/install/nav2_amcl/lib:/home/wheeltec/wheeltec_ros2/install/nav2_util/lib:/home/wheeltec/wheeltec_ros2/install/nav2_msgs/lib:/home/wheeltec/wheeltec_ros2/install/lsm10_v2/lib:/home/wheeltec/wheeltec_ros2/install/lslidar_msgs/lib:/home/wheeltec/wheeltec_ros2/install/astra_msgs/lib:/home/wheeltec/wheeltec_ros2/install/astra_camera/lib:/home/wheeltec/wheeltec_ros2/install/astra_camera_msgs/lib:/home/wheeltec/wheeltec_ros2/install/ar_track_alvar_msgs/lib:/home/wheeltec/wheeltec_ros2/install/ackermann_msgs/lib:/usr/lib/aarch64-linux-gnu/gazebo-11/plugins:/opt/ros/galactic/opt/yaml_cpp_vendor/lib:/opt/ros/galactic/opt/rviz_ogre_vendor/lib:/opt/ros/galactic/lib/aarch64-linux-gnu:/opt/ros/galactic/lib:/home/wheeltec/wheeltec_ros2/src/ros2_astra_camera-main/ros2_astra_camera/lib/openni2_redist/x64 PYTHONPATH=/home/wheeltec/wheeltec_ros2/install/nav_2d_msgs/lib/python3.8/site-packages:/home/wheeltec/wheeltec_ros2/install/wheeltec_rrt_msg/lib/python3.8/site-packages:/home/wheeltec/wheeltec_ros2/install/simple_follower_ros2/lib/python3.8/site-packages:/home/wheeltec/wheeltec_ros2/install/turn_on_wheeltec_robot/lib/python3.8/site-packages:/home/wheeltec/wheeltec_ros2/install/wheeltec_robot_msg/lib/python3.8/site-packages:/home/wheeltec/wheeltec_ros2/install/wheeltec_robot_keyboard/lib/python3.8/site-packages:/home/wheeltec/wheeltec_ros2/install/tf2_tools/lib/python3.8/site-packages:/home/wheeltec/wheeltec_ros2/install/dwb_msgs/lib/python3.8/site-packages:/home/wheeltec/wheeltec_ros2/install/nav2_simple_commander/lib/python3.8/site-packages:/home/wheeltec/wheeltec_ros2/install/nav2_msgs/lib/python3.8/site-packages:/home/wheeltec/wheeltec_ros2/install/nav2_gazebo_spawner/lib/python3.8/site-packages:/home/wheeltec/wheeltec_ros2/install/nav2_common/lib/python3.8/site-packages:/home/wheeltec/wheeltec_ros2/install/lsm10_v2/lib/python3.8/site-packages:/home/wheeltec/wheeltec_ros2/install/lslidar_msgs/lib/python3.8/site-packages:/home/wheeltec/wheeltec_ros2/install/astra_msgs/lib/python3.8/site-packages:/home/wheeltec/wheeltec_ros2/install/astra_camera_msgs/lib/python3.8/site-packages:/home/wheeltec/wheeltec_ros2/install/ar_track_alvar_msgs/lib/python3.8/site-packages:/home/wheeltec/wheeltec_ros2/install/ackermann_msgs/lib/python3.8/site-packages:/opt/ros/galactic/lib/python3.8/site-packages /usr/bin/cmake --build /home/wheeltec/wheeltec_ros2/build/dwb_msgs -- -j4 -l4
[0.718s] [  1%] Built target dwb_msgs__cpp
[0.760s] [ 12%] Built target dwb_msgs__rosidl_generator_c
[0.941s] [ 24%] Built target dwb_msgs__rosidl_typesupport_cpp
[0.947s] [ 35%] Built target dwb_msgs__rosidl_typesupport_introspection_cpp
[1.012s] [ 47%] Built target dwb_msgs__rosidl_typesupport_fastrtps_cpp
[1.024s] [ 58%] Built target dwb_msgs__rosidl_typesupport_introspection_c
[1.181s] [ 70%] Built target dwb_msgs__rosidl_typesupport_c
[1.278s] [ 82%] Built target dwb_msgs__rosidl_typesupport_fastrtps_c
[1.497s] [ 82%] Built target dwb_msgs
[1.683s] [ 83%] Built target dwb_msgs__py
[1.932s] [ 93%] Built target dwb_msgs__python
[2.333s] [ 95%] Built target dwb_msgs__rosidl_typesupport_c__pyext
[2.348s] [ 97%] Built target dwb_msgs__rosidl_typesupport_introspection_c__pyext
[2.371s] [100%] Built target dwb_msgs__rosidl_typesupport_fastrtps_c__pyext
[2.476s] Invoked command in '/home/wheeltec/wheeltec_ros2/build/dwb_msgs' returned '0': CMAKE_PREFIX_PATH=/home/wheeltec/wheeltec_ros2/install/nav_2d_msgs:/home/wheeltec/wheeltec_ros2/install/wheeltec_slam_toolbox:/home/wheeltec/wheeltec_ros2/install/wheeltec_rrt_msg:/home/wheeltec/wheeltec_ros2/install/wheeltec_robot_urdf:/home/wheeltec/wheeltec_ros2/install/wheeltec_robot_rtab:/home/wheeltec/wheeltec_ros2/install/wheeltec_robot_rrt:/home/wheeltec/wheeltec_ros2/install/turn_on_wheeltec_robot:/home/wheeltec/wheeltec_ros2/install/wheeltec_robot_msg:/home/wheeltec/wheeltec_ros2/install/wheeltec_nav2:/home/wheeltec/wheeltec_ros2/install/wheeltec_joy:/home/wheeltec/wheeltec_ros2/install/wheeltec_cartographer:/home/wheeltec/wheeltec_ros2/install/web_video_server:/home/wheeltec/wheeltec_ros2/install/usb_cam:/home/wheeltec/wheeltec_ros2/install/slam_gmapping:/home/wheeltec/wheeltec_ros2/install/serial:/home/wheeltec/wheeltec_ros2/install/rplidar_ros2:/home/wheeltec/wheeltec_ros2/install/ros2_astra_camera:/home/wheeltec/wheeltec_ros2/install/ar_track_alvar:/home/wheeltec/wheeltec_ros2/install/perception_pcl:/home/wheeltec/wheeltec_ros2/install/pcl_ros:/home/wheeltec/wheeltec_ros2/install/lslidar_driver:/home/wheeltec/wheeltec_ros2/install/pcl_conversions:/home/wheeltec/wheeltec_ros2/install/openslam_gmapping:/home/wheeltec/wheeltec_ros2/install/nav2_system_tests:/home/wheeltec/wheeltec_ros2/install/nav2_bringup:/home/wheeltec/wheeltec_ros2/install/navigation2:/home/wheeltec/wheeltec_ros2/install/nav2_dwb_controller:/home/wheeltec/wheeltec_ros2/install/nav2_controller:/home/wheeltec/wheeltec_ros2/install/dwb_plugins:/home/wheeltec/wheeltec_ros2/install/dwb_critics:/home/wheeltec/wheeltec_ros2/install/dwb_core:/home/wheeltec/wheeltec_ros2/install/nav_2d_utils:/home/wheeltec/wheeltec_ros2/install/dwb_msgs:/home/wheeltec/wheeltec_ros2/install/nav2_waypoint_follower:/home/wheeltec/wheeltec_ros2/install/nav2_theta_star_planner:/home/wheeltec/wheeltec_ros2/install/nav2_smac_planner:/home/wheeltec/wheeltec_ros2/install/nav2_rotation_shim_controller:/home/wheeltec/wheeltec_ros2/install/nav2_regulated_pure_pursuit_controller:/home/wheeltec/wheeltec_ros2/install/nav2_recoveries:/home/wheeltec/wheeltec_ros2/install/nav2_planner:/home/wheeltec/wheeltec_ros2/install/nav2_navfn_planner:/home/wheeltec/wheeltec_ros2/install/nav2_bt_navigator:/home/wheeltec/wheeltec_ros2/install/nav2_core:/home/wheeltec/wheeltec_ros2/install/costmap_queue:/home/wheeltec/wheeltec_ros2/install/nav2_costmap_2d:/home/wheeltec/wheeltec_ros2/install/nav2_voxel_grid:/home/wheeltec/wheeltec_ros2/install/nav2_rviz_plugins:/home/wheeltec/wheeltec_ros2/install/nav2_map_server:/home/wheeltec/wheeltec_ros2/install/nav2_lifecycle_manager:/home/wheeltec/wheeltec_ros2/install/nav2_behavior_tree:/home/wheeltec/wheeltec_ros2/install/nav2_amcl:/home/wheeltec/wheeltec_ros2/install/nav2_util:/home/wheeltec/wheeltec_ros2/install/nav2_msgs:/home/wheeltec/wheeltec_ros2/install/nav2_common:/home/wheeltec/wheeltec_ros2/install/lsn10:/home/wheeltec/wheeltec_ros2/install/lsm10_v2:/home/wheeltec/wheeltec_ros2/install/lslidar_msgs:/home/wheeltec/wheeltec_ros2/install/lidar_ros2:/home/wheeltec/wheeltec_ros2/install/ldlidar_stl_ros2:/home/wheeltec/wheeltec_ros2/install/ldlidar_sl_ros2:/home/wheeltec/wheeltec_ros2/install/astra_msgs:/home/wheeltec/wheeltec_ros2/install/astra_camera:/home/wheeltec/wheeltec_ros2/install/astra_camera_msgs:/home/wheeltec/wheeltec_ros2/install/ar_track_alvar_msgs:/home/wheeltec/wheeltec_ros2/install/ackermann_msgs:/home/wheeltec/wheeltec_ros2/install/simple_follower_ros2:/home/wheeltec/wheeltec_ros2/install/wheeltec_robot_keyboard:/home/wheeltec/wheeltec_ros2/install/tf2_tools:/home/wheeltec/wheeltec_ros2/install/nav2_simple_commander:/home/wheeltec/wheeltec_ros2/install/nav2_gazebo_spawner:/opt/ros/galactic LD_LIBRARY_PATH=/home/wheeltec/wheeltec_ros2/install/nav_2d_msgs/lib:/home/wheeltec/wheeltec_ros2/install/wheeltec_rrt_msg/lib:/home/wheeltec/wheeltec_ros2/install/wheeltec_robot_rrt/lib:/home/wheeltec/wheeltec_ros2/install/turn_on_wheeltec_robot/lib:/home/wheeltec/wheeltec_ros2/install/wheeltec_robot_msg/lib:/home/wheeltec/wheeltec_ros2/install/usb_cam/lib:/home/wheeltec/wheeltec_ros2/install/serial/lib:/home/wheeltec/wheeltec_ros2/install/ros2_astra_camera/lib:/home/wheeltec/wheeltec_ros2/install/ar_track_alvar/lib:/home/wheeltec/wheeltec_ros2/install/pcl_ros/lib:/home/wheeltec/wheeltec_ros2/install/openslam_gmapping/lib:/home/wheeltec/wheeltec_ros2/install/nav2_controller/lib:/home/wheeltec/wheeltec_ros2/install/dwb_plugins/lib:/home/wheeltec/wheeltec_ros2/install/dwb_critics/lib:/home/wheeltec/wheeltec_ros2/install/dwb_core/lib:/home/wheeltec/wheeltec_ros2/install/nav_2d_utils/lib:/home/wheeltec/wheeltec_ros2/install/dwb_msgs/lib:/home/wheeltec/wheeltec_ros2/install/nav2_waypoint_follower/lib:/home/wheeltec/wheeltec_ros2/install/nav2_theta_star_planner/lib:/home/wheeltec/wheeltec_ros2/install/nav2_smac_planner/lib:/home/wheeltec/wheeltec_ros2/install/nav2_rotation_shim_controller/lib:/home/wheeltec/wheeltec_ros2/install/nav2_regulated_pure_pursuit_controller/lib:/home/wheeltec/wheeltec_ros2/install/nav2_recoveries/lib:/home/wheeltec/wheeltec_ros2/install/nav2_planner/lib:/home/wheeltec/wheeltec_ros2/install/nav2_navfn_planner/lib:/home/wheeltec/wheeltec_ros2/install/nav2_bt_navigator/lib:/home/wheeltec/wheeltec_ros2/install/costmap_queue/lib:/home/wheeltec/wheeltec_ros2/install/nav2_costmap_2d/lib:/home/wheeltec/wheeltec_ros2/install/nav2_voxel_grid/lib:/home/wheeltec/wheeltec_ros2/install/nav2_rviz_plugins/lib:/home/wheeltec/wheeltec_ros2/install/nav2_map_server/lib:/home/wheeltec/wheeltec_ros2/install/nav2_lifecycle_manager/lib:/home/wheeltec/wheeltec_ros2/install/nav2_behavior_tree/lib:/home/wheeltec/wheeltec_ros2/install/nav2_amcl/lib:/home/wheeltec/wheeltec_ros2/install/nav2_util/lib:/home/wheeltec/wheeltec_ros2/install/nav2_msgs/lib:/home/wheeltec/wheeltec_ros2/install/lsm10_v2/lib:/home/wheeltec/wheeltec_ros2/install/lslidar_msgs/lib:/home/wheeltec/wheeltec_ros2/install/astra_msgs/lib:/home/wheeltec/wheeltec_ros2/install/astra_camera/lib:/home/wheeltec/wheeltec_ros2/install/astra_camera_msgs/lib:/home/wheeltec/wheeltec_ros2/install/ar_track_alvar_msgs/lib:/home/wheeltec/wheeltec_ros2/install/ackermann_msgs/lib:/usr/lib/aarch64-linux-gnu/gazebo-11/plugins:/opt/ros/galactic/opt/yaml_cpp_vendor/lib:/opt/ros/galactic/opt/rviz_ogre_vendor/lib:/opt/ros/galactic/lib/aarch64-linux-gnu:/opt/ros/galactic/lib:/home/wheeltec/wheeltec_ros2/src/ros2_astra_camera-main/ros2_astra_camera/lib/openni2_redist/x64 PYTHONPATH=/home/wheeltec/wheeltec_ros2/install/nav_2d_msgs/lib/python3.8/site-packages:/home/wheeltec/wheeltec_ros2/install/wheeltec_rrt_msg/lib/python3.8/site-packages:/home/wheeltec/wheeltec_ros2/install/simple_follower_ros2/lib/python3.8/site-packages:/home/wheeltec/wheeltec_ros2/install/turn_on_wheeltec_robot/lib/python3.8/site-packages:/home/wheeltec/wheeltec_ros2/install/wheeltec_robot_msg/lib/python3.8/site-packages:/home/wheeltec/wheeltec_ros2/install/wheeltec_robot_keyboard/lib/python3.8/site-packages:/home/wheeltec/wheeltec_ros2/install/tf2_tools/lib/python3.8/site-packages:/home/wheeltec/wheeltec_ros2/install/dwb_msgs/lib/python3.8/site-packages:/home/wheeltec/wheeltec_ros2/install/nav2_simple_commander/lib/python3.8/site-packages:/home/wheeltec/wheeltec_ros2/install/nav2_msgs/lib/python3.8/site-packages:/home/wheeltec/wheeltec_ros2/install/nav2_gazebo_spawner/lib/python3.8/site-packages:/home/wheeltec/wheeltec_ros2/install/nav2_common/lib/python3.8/site-packages:/home/wheeltec/wheeltec_ros2/install/lsm10_v2/lib/python3.8/site-packages:/home/wheeltec/wheeltec_ros2/install/lslidar_msgs/lib/python3.8/site-packages:/home/wheeltec/wheeltec_ros2/install/astra_msgs/lib/python3.8/site-packages:/home/wheeltec/wheeltec_ros2/install/astra_camera_msgs/lib/python3.8/site-packages:/home/wheeltec/wheeltec_ros2/install/ar_track_alvar_msgs/lib/python3.8/site-packages:/home/wheeltec/wheeltec_ros2/install/ackermann_msgs/lib/python3.8/site-packages:/opt/ros/galactic/lib/python3.8/site-packages /usr/bin/cmake --build /home/wheeltec/wheeltec_ros2/build/dwb_msgs -- -j4 -l4
[4.313s] Invoking command in '/home/wheeltec/wheeltec_ros2/build/dwb_msgs': CMAKE_PREFIX_PATH=/home/wheeltec/wheeltec_ros2/install/nav_2d_msgs:/home/wheeltec/wheeltec_ros2/install/wheeltec_slam_toolbox:/home/wheeltec/wheeltec_ros2/install/wheeltec_rrt_msg:/home/wheeltec/wheeltec_ros2/install/wheeltec_robot_urdf:/home/wheeltec/wheeltec_ros2/install/wheeltec_robot_rtab:/home/wheeltec/wheeltec_ros2/install/wheeltec_robot_rrt:/home/wheeltec/wheeltec_ros2/install/turn_on_wheeltec_robot:/home/wheeltec/wheeltec_ros2/install/wheeltec_robot_msg:/home/wheeltec/wheeltec_ros2/install/wheeltec_nav2:/home/wheeltec/wheeltec_ros2/install/wheeltec_joy:/home/wheeltec/wheeltec_ros2/install/wheeltec_cartographer:/home/wheeltec/wheeltec_ros2/install/web_video_server:/home/wheeltec/wheeltec_ros2/install/usb_cam:/home/wheeltec/wheeltec_ros2/install/slam_gmapping:/home/wheeltec/wheeltec_ros2/install/serial:/home/wheeltec/wheeltec_ros2/install/rplidar_ros2:/home/wheeltec/wheeltec_ros2/install/ros2_astra_camera:/home/wheeltec/wheeltec_ros2/install/ar_track_alvar:/home/wheeltec/wheeltec_ros2/install/perception_pcl:/home/wheeltec/wheeltec_ros2/install/pcl_ros:/home/wheeltec/wheeltec_ros2/install/lslidar_driver:/home/wheeltec/wheeltec_ros2/install/pcl_conversions:/home/wheeltec/wheeltec_ros2/install/openslam_gmapping:/home/wheeltec/wheeltec_ros2/install/nav2_system_tests:/home/wheeltec/wheeltec_ros2/install/nav2_bringup:/home/wheeltec/wheeltec_ros2/install/navigation2:/home/wheeltec/wheeltec_ros2/install/nav2_dwb_controller:/home/wheeltec/wheeltec_ros2/install/nav2_controller:/home/wheeltec/wheeltec_ros2/install/dwb_plugins:/home/wheeltec/wheeltec_ros2/install/dwb_critics:/home/wheeltec/wheeltec_ros2/install/dwb_core:/home/wheeltec/wheeltec_ros2/install/nav_2d_utils:/home/wheeltec/wheeltec_ros2/install/dwb_msgs:/home/wheeltec/wheeltec_ros2/install/nav2_waypoint_follower:/home/wheeltec/wheeltec_ros2/install/nav2_theta_star_planner:/home/wheeltec/wheeltec_ros2/install/nav2_smac_planner:/home/wheeltec/wheeltec_ros2/install/nav2_rotation_shim_controller:/home/wheeltec/wheeltec_ros2/install/nav2_regulated_pure_pursuit_controller:/home/wheeltec/wheeltec_ros2/install/nav2_recoveries:/home/wheeltec/wheeltec_ros2/install/nav2_planner:/home/wheeltec/wheeltec_ros2/install/nav2_navfn_planner:/home/wheeltec/wheeltec_ros2/install/nav2_bt_navigator:/home/wheeltec/wheeltec_ros2/install/nav2_core:/home/wheeltec/wheeltec_ros2/install/costmap_queue:/home/wheeltec/wheeltec_ros2/install/nav2_costmap_2d:/home/wheeltec/wheeltec_ros2/install/nav2_voxel_grid:/home/wheeltec/wheeltec_ros2/install/nav2_rviz_plugins:/home/wheeltec/wheeltec_ros2/install/nav2_map_server:/home/wheeltec/wheeltec_ros2/install/nav2_lifecycle_manager:/home/wheeltec/wheeltec_ros2/install/nav2_behavior_tree:/home/wheeltec/wheeltec_ros2/install/nav2_amcl:/home/wheeltec/wheeltec_ros2/install/nav2_util:/home/wheeltec/wheeltec_ros2/install/nav2_msgs:/home/wheeltec/wheeltec_ros2/install/nav2_common:/home/wheeltec/wheeltec_ros2/install/lsn10:/home/wheeltec/wheeltec_ros2/install/lsm10_v2:/home/wheeltec/wheeltec_ros2/install/lslidar_msgs:/home/wheeltec/wheeltec_ros2/install/lidar_ros2:/home/wheeltec/wheeltec_ros2/install/ldlidar_stl_ros2:/home/wheeltec/wheeltec_ros2/install/ldlidar_sl_ros2:/home/wheeltec/wheeltec_ros2/install/astra_msgs:/home/wheeltec/wheeltec_ros2/install/astra_camera:/home/wheeltec/wheeltec_ros2/install/astra_camera_msgs:/home/wheeltec/wheeltec_ros2/install/ar_track_alvar_msgs:/home/wheeltec/wheeltec_ros2/install/ackermann_msgs:/home/wheeltec/wheeltec_ros2/install/simple_follower_ros2:/home/wheeltec/wheeltec_ros2/install/wheeltec_robot_keyboard:/home/wheeltec/wheeltec_ros2/install/tf2_tools:/home/wheeltec/wheeltec_ros2/install/nav2_simple_commander:/home/wheeltec/wheeltec_ros2/install/nav2_gazebo_spawner:/opt/ros/galactic LD_LIBRARY_PATH=/home/wheeltec/wheeltec_ros2/install/nav_2d_msgs/lib:/home/wheeltec/wheeltec_ros2/install/wheeltec_rrt_msg/lib:/home/wheeltec/wheeltec_ros2/install/wheeltec_robot_rrt/lib:/home/wheeltec/wheeltec_ros2/install/turn_on_wheeltec_robot/lib:/home/wheeltec/wheeltec_ros2/install/wheeltec_robot_msg/lib:/home/wheeltec/wheeltec_ros2/install/usb_cam/lib:/home/wheeltec/wheeltec_ros2/install/serial/lib:/home/wheeltec/wheeltec_ros2/install/ros2_astra_camera/lib:/home/wheeltec/wheeltec_ros2/install/ar_track_alvar/lib:/home/wheeltec/wheeltec_ros2/install/pcl_ros/lib:/home/wheeltec/wheeltec_ros2/install/openslam_gmapping/lib:/home/wheeltec/wheeltec_ros2/install/nav2_controller/lib:/home/wheeltec/wheeltec_ros2/install/dwb_plugins/lib:/home/wheeltec/wheeltec_ros2/install/dwb_critics/lib:/home/wheeltec/wheeltec_ros2/install/dwb_core/lib:/home/wheeltec/wheeltec_ros2/install/nav_2d_utils/lib:/home/wheeltec/wheeltec_ros2/install/dwb_msgs/lib:/home/wheeltec/wheeltec_ros2/install/nav2_waypoint_follower/lib:/home/wheeltec/wheeltec_ros2/install/nav2_theta_star_planner/lib:/home/wheeltec/wheeltec_ros2/install/nav2_smac_planner/lib:/home/wheeltec/wheeltec_ros2/install/nav2_rotation_shim_controller/lib:/home/wheeltec/wheeltec_ros2/install/nav2_regulated_pure_pursuit_controller/lib:/home/wheeltec/wheeltec_ros2/install/nav2_recoveries/lib:/home/wheeltec/wheeltec_ros2/install/nav2_planner/lib:/home/wheeltec/wheeltec_ros2/install/nav2_navfn_planner/lib:/home/wheeltec/wheeltec_ros2/install/nav2_bt_navigator/lib:/home/wheeltec/wheeltec_ros2/install/costmap_queue/lib:/home/wheeltec/wheeltec_ros2/install/nav2_costmap_2d/lib:/home/wheeltec/wheeltec_ros2/install/nav2_voxel_grid/lib:/home/wheeltec/wheeltec_ros2/install/nav2_rviz_plugins/lib:/home/wheeltec/wheeltec_ros2/install/nav2_map_server/lib:/home/wheeltec/wheeltec_ros2/install/nav2_lifecycle_manager/lib:/home/wheeltec/wheeltec_ros2/install/nav2_behavior_tree/lib:/home/wheeltec/wheeltec_ros2/install/nav2_amcl/lib:/home/wheeltec/wheeltec_ros2/install/nav2_util/lib:/home/wheeltec/wheeltec_ros2/install/nav2_msgs/lib:/home/wheeltec/wheeltec_ros2/install/lsm10_v2/lib:/home/wheeltec/wheeltec_ros2/install/lslidar_msgs/lib:/home/wheeltec/wheeltec_ros2/install/astra_msgs/lib:/home/wheeltec/wheeltec_ros2/install/astra_camera/lib:/home/wheeltec/wheeltec_ros2/install/astra_camera_msgs/lib:/home/wheeltec/wheeltec_ros2/install/ar_track_alvar_msgs/lib:/home/wheeltec/wheeltec_ros2/install/ackermann_msgs/lib:/usr/lib/aarch64-linux-gnu/gazebo-11/plugins:/opt/ros/galactic/opt/yaml_cpp_vendor/lib:/opt/ros/galactic/opt/rviz_ogre_vendor/lib:/opt/ros/galactic/lib/aarch64-linux-gnu:/opt/ros/galactic/lib:/home/wheeltec/wheeltec_ros2/src/ros2_astra_camera-main/ros2_astra_camera/lib/openni2_redist/x64 PYTHONPATH=/home/wheeltec/wheeltec_ros2/install/nav_2d_msgs/lib/python3.8/site-packages:/home/wheeltec/wheeltec_ros2/install/wheeltec_rrt_msg/lib/python3.8/site-packages:/home/wheeltec/wheeltec_ros2/install/simple_follower_ros2/lib/python3.8/site-packages:/home/wheeltec/wheeltec_ros2/install/turn_on_wheeltec_robot/lib/python3.8/site-packages:/home/wheeltec/wheeltec_ros2/install/wheeltec_robot_msg/lib/python3.8/site-packages:/home/wheeltec/wheeltec_ros2/install/wheeltec_robot_keyboard/lib/python3.8/site-packages:/home/wheeltec/wheeltec_ros2/install/tf2_tools/lib/python3.8/site-packages:/home/wheeltec/wheeltec_ros2/install/dwb_msgs/lib/python3.8/site-packages:/home/wheeltec/wheeltec_ros2/install/nav2_simple_commander/lib/python3.8/site-packages:/home/wheeltec/wheeltec_ros2/install/nav2_msgs/lib/python3.8/site-packages:/home/wheeltec/wheeltec_ros2/install/nav2_gazebo_spawner/lib/python3.8/site-packages:/home/wheeltec/wheeltec_ros2/install/nav2_common/lib/python3.8/site-packages:/home/wheeltec/wheeltec_ros2/install/lsm10_v2/lib/python3.8/site-packages:/home/wheeltec/wheeltec_ros2/install/lslidar_msgs/lib/python3.8/site-packages:/home/wheeltec/wheeltec_ros2/install/astra_msgs/lib/python3.8/site-packages:/home/wheeltec/wheeltec_ros2/install/astra_camera_msgs/lib/python3.8/site-packages:/home/wheeltec/wheeltec_ros2/install/ar_track_alvar_msgs/lib/python3.8/site-packages:/home/wheeltec/wheeltec_ros2/install/ackermann_msgs/lib/python3.8/site-packages:/opt/ros/galactic/lib/python3.8/site-packages /usr/bin/cmake --install /home/wheeltec/wheeltec_ros2/build/dwb_msgs
[4.374s] -- Install configuration: ""
[4.376s] -- Up-to-date: /home/wheeltec/wheeltec_ros2/install/dwb_msgs/share/ament_index/resource_index/rosidl_interfaces/dwb_msgs
[4.377s] -- Up-to-date: /home/wheeltec/wheeltec_ros2/install/dwb_msgs/include/dwb_msgs
[4.378s] -- Up-to-date: /home/wheeltec/wheeltec_ros2/install/dwb_msgs/include/dwb_msgs/msg
[4.381s] -- Up-to-date: /home/wheeltec/wheeltec_ros2/install/dwb_msgs/include/dwb_msgs/msg/local_plan_evaluation.h
[4.381s] -- Up-to-date: /home/wheeltec/wheeltec_ros2/install/dwb_msgs/include/dwb_msgs/msg/detail
[4.386s] -- Up-to-date: /home/wheeltec/wheeltec_ros2/install/dwb_msgs/include/dwb_msgs/msg/detail/trajectory_score__type_support.h
[4.387s] -- Up-to-date: /home/wheeltec/wheeltec_ros2/install/dwb_msgs/include/dwb_msgs/msg/detail/trajectory2_d__functions.c
[4.387s] -- Up-to-date: /home/wheeltec/wheeltec_ros2/install/dwb_msgs/include/dwb_msgs/msg/detail/trajectory_score__functions.h
[4.388s] -- Up-to-date: /home/wheeltec/wheeltec_ros2/install/dwb_msgs/include/dwb_msgs/msg/detail/critic_score__struct.h
[4.388s] -- Up-to-date: /home/wheeltec/wheeltec_ros2/install/dwb_msgs/include/dwb_msgs/msg/detail/trajectory_score__struct.h
[4.389s] -- Up-to-date: /home/wheeltec/wheeltec_ros2/install/dwb_msgs/include/dwb_msgs/msg/detail/critic_score__functions.h
[4.390s] -- Up-to-date: /home/wheeltec/wheeltec_ros2/install/dwb_msgs/include/dwb_msgs/msg/detail/critic_score__functions.c
[4.390s] -- Up-to-date: /home/wheeltec/wheeltec_ros2/install/dwb_msgs/include/dwb_msgs/msg/detail/local_plan_evaluation__functions.c
[4.395s] -- Up-to-date: /home/wheeltec/wheeltec_ros2/install/dwb_msgs/include/dwb_msgs/msg/detail/trajectory2_d__struct.h
[4.396s] -- Up-to-date: /home/wheeltec/wheeltec_ros2/install/dwb_msgs/include/dwb_msgs/msg/detail/critic_score__type_support.h
[4.397s] -- Up-to-date: /home/wheeltec/wheeltec_ros2/install/dwb_msgs/include/dwb_msgs/msg/detail/trajectory2_d__functions.h
[4.397s] -- Up-to-date: /home/wheeltec/wheeltec_ros2/install/dwb_msgs/include/dwb_msgs/msg/detail/trajectory2_d__type_support.h
[4.398s] -- Up-to-date: /home/wheeltec/wheeltec_ros2/install/dwb_msgs/include/dwb_msgs/msg/detail/trajectory_score__functions.c
[4.398s] -- Up-to-date: /home/wheeltec/wheeltec_ros2/install/dwb_msgs/include/dwb_msgs/msg/detail/local_plan_evaluation__functions.h
[4.398s] -- Up-to-date: /home/wheeltec/wheeltec_ros2/install/dwb_msgs/include/dwb_msgs/msg/detail/local_plan_evaluation__type_support.h
[4.399s] -- Up-to-date: /home/wheeltec/wheeltec_ros2/install/dwb_msgs/include/dwb_msgs/msg/detail/local_plan_evaluation__struct.h
[4.400s] -- Up-to-date: /home/wheeltec/wheeltec_ros2/install/dwb_msgs/include/dwb_msgs/msg/trajectory2_d.h
[4.401s] -- Up-to-date: /home/wheeltec/wheeltec_ros2/install/dwb_msgs/include/dwb_msgs/msg/rosidl_generator_c__visibility_control.h
[4.402s] -- Up-to-date: /home/wheeltec/wheeltec_ros2/install/dwb_msgs/include/dwb_msgs/msg/critic_score.h
[4.402s] -- Up-to-date: /home/wheeltec/wheeltec_ros2/install/dwb_msgs/include/dwb_msgs/msg/trajectory_score.h
[4.402s] -- Up-to-date: /home/wheeltec/wheeltec_ros2/install/dwb_msgs/include/dwb_msgs/srv
[4.403s] -- Up-to-date: /home/wheeltec/wheeltec_ros2/install/dwb_msgs/include/dwb_msgs/srv/generate_trajectory.h
[4.403s] -- Up-to-date: /home/wheeltec/wheeltec_ros2/install/dwb_msgs/include/dwb_msgs/srv/detail
[4.404s] -- Up-to-date: /home/wheeltec/wheeltec_ros2/install/dwb_msgs/include/dwb_msgs/srv/detail/score_trajectory__struct.h
[4.404s] -- Up-to-date: /home/wheeltec/wheeltec_ros2/install/dwb_msgs/include/dwb_msgs/srv/detail/generate_trajectory__functions.h
[4.407s] -- Up-to-date: /home/wheeltec/wheeltec_ros2/install/dwb_msgs/include/dwb_msgs/srv/detail/get_critic_score__type_support.h
[4.407s] -- Up-to-date: /home/wheeltec/wheeltec_ros2/install/dwb_msgs/include/dwb_msgs/srv/detail/debug_local_plan__functions.c
[4.408s] -- Up-to-date: /home/wheeltec/wheeltec_ros2/install/dwb_msgs/include/dwb_msgs/srv/detail/score_trajectory__functions.h
[4.409s] -- Up-to-date: /home/wheeltec/wheeltec_ros2/install/dwb_msgs/include/dwb_msgs/srv/detail/debug_local_plan__struct.h
[4.409s] -- Up-to-date: /home/wheeltec/wheeltec_ros2/install/dwb_msgs/include/dwb_msgs/srv/detail/generate_twists__type_support.h
[4.409s] -- Up-to-date: /home/wheeltec/wheeltec_ros2/install/dwb_msgs/include/dwb_msgs/srv/detail/debug_local_plan__functions.h
[4.410s] -- Up-to-date: /home/wheeltec/wheeltec_ros2/install/dwb_msgs/include/dwb_msgs/srv/detail/get_critic_score__struct.h
[4.410s] -- Up-to-date: /home/wheeltec/wheeltec_ros2/install/dwb_msgs/include/dwb_msgs/srv/detail/generate_trajectory__struct.h
[4.410s] -- Up-to-date: /home/wheeltec/wheeltec_ros2/install/dwb_msgs/include/dwb_msgs/srv/detail/generate_twists__functions.h
[4.410s] -- Up-to-date: /home/wheeltec/wheeltec_ros2/install/dwb_msgs/include/dwb_msgs/srv/detail/debug_local_plan__type_support.h
[4.411s] -- Up-to-date: /home/wheeltec/wheeltec_ros2/install/dwb_msgs/include/dwb_msgs/srv/detail/get_critic_score__functions.c
[4.411s] -- Up-to-date: /home/wheeltec/wheeltec_ros2/install/dwb_msgs/include/dwb_msgs/srv/detail/generate_trajectory__functions.c
[4.413s] -- Up-to-date: /home/wheeltec/wheeltec_ros2/install/dwb_msgs/include/dwb_msgs/srv/detail/score_trajectory__functions.c
[4.414s] -- Up-to-date: /home/wheeltec/wheeltec_ros2/install/dwb_msgs/include/dwb_msgs/srv/detail/generate_twists__functions.c
[4.414s] -- Up-to-date: /home/wheeltec/wheeltec_ros2/install/dwb_msgs/include/dwb_msgs/srv/detail/generate_trajectory__type_support.h
[4.414s] -- Up-to-date: /home/wheeltec/wheeltec_ros2/install/dwb_msgs/include/dwb_msgs/srv/detail/generate_twists__struct.h
[4.415s] -- Up-to-date: /home/wheeltec/wheeltec_ros2/install/dwb_msgs/include/dwb_msgs/srv/detail/score_trajectory__type_support.h
[4.415s] -- Up-to-date: /home/wheeltec/wheeltec_ros2/install/dwb_msgs/include/dwb_msgs/srv/detail/get_critic_score__functions.h
[4.415s] -- Up-to-date: /home/wheeltec/wheeltec_ros2/install/dwb_msgs/include/dwb_msgs/srv/generate_twists.h
[4.416s] -- Up-to-date: /home/wheeltec/wheeltec_ros2/install/dwb_msgs/include/dwb_msgs/srv/debug_local_plan.h
[4.416s] -- Up-to-date: /home/wheeltec/wheeltec_ros2/install/dwb_msgs/include/dwb_msgs/srv/get_critic_score.h
[4.416s] -- Up-to-date: /home/wheeltec/wheeltec_ros2/install/dwb_msgs/include/dwb_msgs/srv/score_trajectory.h
[4.417s] -- Up-to-date: /home/wheeltec/wheeltec_ros2/install/dwb_msgs/share/dwb_msgs/environment/library_path.sh
[4.417s] -- Up-to-date: /home/wheeltec/wheeltec_ros2/install/dwb_msgs/share/dwb_msgs/environment/library_path.dsv
[4.418s] -- Up-to-date: /home/wheeltec/wheeltec_ros2/install/dwb_msgs/lib/libdwb_msgs__rosidl_generator_c.so
[4.419s] -- Up-to-date: /home/wheeltec/wheeltec_ros2/install/dwb_msgs/include/dwb_msgs
[4.419s] -- Up-to-date: /home/wheeltec/wheeltec_ros2/install/dwb_msgs/include/dwb_msgs/msg
[4.419s] -- Up-to-date: /home/wheeltec/wheeltec_ros2/install/dwb_msgs/include/dwb_msgs/msg/detail
[4.420s] -- Up-to-date: /home/wheeltec/wheeltec_ros2/install/dwb_msgs/include/dwb_msgs/msg/detail/trajectory_score__rosidl_typesupport_fastrtps_c.h
[4.420s] -- Up-to-date: /home/wheeltec/wheeltec_ros2/install/dwb_msgs/include/dwb_msgs/msg/detail/critic_score__rosidl_typesupport_fastrtps_c.h
[4.420s] -- Up-to-date: /home/wheeltec/wheeltec_ros2/install/dwb_msgs/include/dwb_msgs/msg/detail/trajectory2_d__rosidl_typesupport_fastrtps_c.h
[4.421s] -- Up-to-date: /home/wheeltec/wheeltec_ros2/install/dwb_msgs/include/dwb_msgs/msg/detail/local_plan_evaluation__rosidl_typesupport_fastrtps_c.h
[4.421s] -- Up-to-date: /home/wheeltec/wheeltec_ros2/install/dwb_msgs/include/dwb_msgs/msg/rosidl_typesupport_fastrtps_c__visibility_control.h
[4.425s] -- Up-to-date: /home/wheeltec/wheeltec_ros2/install/dwb_msgs/include/dwb_msgs/srv
[4.426s] -- Up-to-date: /home/wheeltec/wheeltec_ros2/install/dwb_msgs/include/dwb_msgs/srv/detail
[4.426s] -- Up-to-date: /home/wheeltec/wheeltec_ros2/install/dwb_msgs/include/dwb_msgs/srv/detail/generate_twists__rosidl_typesupport_fastrtps_c.h
[4.427s] -- Up-to-date: /home/wheeltec/wheeltec_ros2/install/dwb_msgs/include/dwb_msgs/srv/detail/debug_local_plan__rosidl_typesupport_fastrtps_c.h
[4.427s] -- Up-to-date: /home/wheeltec/wheeltec_ros2/install/dwb_msgs/include/dwb_msgs/srv/detail/score_trajectory__rosidl_typesupport_fastrtps_c.h
[4.427s] -- Up-to-date: /home/wheeltec/wheeltec_ros2/install/dwb_msgs/include/dwb_msgs/srv/detail/get_critic_score__rosidl_typesupport_fastrtps_c.h
[4.427s] -- Up-to-date: /home/wheeltec/wheeltec_ros2/install/dwb_msgs/include/dwb_msgs/srv/detail/generate_trajectory__rosidl_typesupport_fastrtps_c.h
[4.428s] -- Up-to-date: /home/wheeltec/wheeltec_ros2/install/dwb_msgs/lib/libdwb_msgs__rosidl_typesupport_fastrtps_c.so
[4.430s] -- Up-to-date: /home/wheeltec/wheeltec_ros2/install/dwb_msgs/include/dwb_msgs
[4.430s] -- Up-to-date: /home/wheeltec/wheeltec_ros2/install/dwb_msgs/include/dwb_msgs/msg
[4.430s] -- Up-to-date: /home/wheeltec/wheeltec_ros2/install/dwb_msgs/include/dwb_msgs/msg/rosidl_typesupport_fastrtps_cpp__visibility_control.h
[4.431s] -- Up-to-date: /home/wheeltec/wheeltec_ros2/install/dwb_msgs/include/dwb_msgs/msg/detail
[4.431s] -- Up-to-date: /home/wheeltec/wheeltec_ros2/install/dwb_msgs/include/dwb_msgs/msg/detail/trajectory_score__rosidl_typesupport_fastrtps_cpp.hpp
[4.431s] -- Up-to-date: /home/wheeltec/wheeltec_ros2/install/dwb_msgs/include/dwb_msgs/msg/detail/local_plan_evaluation__rosidl_typesupport_fastrtps_cpp.hpp
[4.432s] -- Up-to-date: /home/wheeltec/wheeltec_ros2/install/dwb_msgs/include/dwb_msgs/msg/detail/trajectory2_d__rosidl_typesupport_fastrtps_cpp.hpp
[4.432s] -- Up-to-date: /home/wheeltec/wheeltec_ros2/install/dwb_msgs/include/dwb_msgs/msg/detail/dds_fastrtps
[4.432s] -- Up-to-date: /home/wheeltec/wheeltec_ros2/install/dwb_msgs/include/dwb_msgs/msg/detail/critic_score__rosidl_typesupport_fastrtps_cpp.hpp
[4.433s] -- Up-to-date: /home/wheeltec/wheeltec_ros2/install/dwb_msgs/include/dwb_msgs/srv
[4.433s] -- Up-to-date: /home/wheeltec/wheeltec_ros2/install/dwb_msgs/include/dwb_msgs/srv/detail
[4.433s] -- Up-to-date: /home/wheeltec/wheeltec_ros2/install/dwb_msgs/include/dwb_msgs/srv/detail/score_trajectory__rosidl_typesupport_fastrtps_cpp.hpp
[4.433s] -- Up-to-date: /home/wheeltec/wheeltec_ros2/install/dwb_msgs/include/dwb_msgs/srv/detail/get_critic_score__rosidl_typesupport_fastrtps_cpp.hpp
[4.434s] -- Up-to-date: /home/wheeltec/wheeltec_ros2/install/dwb_msgs/include/dwb_msgs/srv/detail/dds_fastrtps
[4.435s] -- Up-to-date: /home/wheeltec/wheeltec_ros2/install/dwb_msgs/include/dwb_msgs/srv/detail/debug_local_plan__rosidl_typesupport_fastrtps_cpp.hpp
[4.435s] -- Up-to-date: /home/wheeltec/wheeltec_ros2/install/dwb_msgs/include/dwb_msgs/srv/detail/generate_trajectory__rosidl_typesupport_fastrtps_cpp.hpp
[4.436s] -- Up-to-date: /home/wheeltec/wheeltec_ros2/install/dwb_msgs/include/dwb_msgs/srv/detail/generate_twists__rosidl_typesupport_fastrtps_cpp.hpp
[4.437s] -- Up-to-date: /home/wheeltec/wheeltec_ros2/install/dwb_msgs/lib/libdwb_msgs__rosidl_typesupport_fastrtps_cpp.so
[4.437s] -- Up-to-date: /home/wheeltec/wheeltec_ros2/install/dwb_msgs/include/dwb_msgs
[4.438s] -- Up-to-date: /home/wheeltec/wheeltec_ros2/install/dwb_msgs/include/dwb_msgs/msg
[4.438s] -- Up-to-date: /home/wheeltec/wheeltec_ros2/install/dwb_msgs/include/dwb_msgs/msg/detail
[4.439s] -- Up-to-date: /home/wheeltec/wheeltec_ros2/install/dwb_msgs/include/dwb_msgs/msg/detail/local_plan_evaluation__type_support.c
[4.440s] -- Up-to-date: /home/wheeltec/wheeltec_ros2/install/dwb_msgs/include/dwb_msgs/msg/detail/trajectory_score__rosidl_typesupport_introspection_c.h
[4.440s] -- Up-to-date: /home/wheeltec/wheeltec_ros2/install/dwb_msgs/include/dwb_msgs/msg/detail/local_plan_evaluation__rosidl_typesupport_introspection_c.h
[4.441s] -- Up-to-date: /home/wheeltec/wheeltec_ros2/install/dwb_msgs/include/dwb_msgs/msg/detail/critic_score__type_support.c
[4.441s] -- Up-to-date: /home/wheeltec/wheeltec_ros2/install/dwb_msgs/include/dwb_msgs/msg/detail/trajectory2_d__rosidl_typesupport_introspection_c.h
[4.441s] -- Up-to-date: /home/wheeltec/wheeltec_ros2/install/dwb_msgs/include/dwb_msgs/msg/detail/trajectory_score__type_support.c
[4.442s] -- Up-to-date: /home/wheeltec/wheeltec_ros2/install/dwb_msgs/include/dwb_msgs/msg/detail/trajectory2_d__type_support.c
[4.442s] -- Up-to-date: /home/wheeltec/wheeltec_ros2/install/dwb_msgs/include/dwb_msgs/msg/detail/critic_score__rosidl_typesupport_introspection_c.h
[4.442s] -- Up-to-date: /home/wheeltec/wheeltec_ros2/install/dwb_msgs/include/dwb_msgs/msg/rosidl_typesupport_introspection_c__visibility_control.h
[4.442s] -- Up-to-date: /home/wheeltec/wheeltec_ros2/install/dwb_msgs/include/dwb_msgs/srv
[4.443s] -- Up-to-date: /home/wheeltec/wheeltec_ros2/install/dwb_msgs/include/dwb_msgs/srv/detail
[4.443s] -- Up-to-date: /home/wheeltec/wheeltec_ros2/install/dwb_msgs/include/dwb_msgs/srv/detail/get_critic_score__type_support.c
[4.443s] -- Up-to-date: /home/wheeltec/wheeltec_ros2/install/dwb_msgs/include/dwb_msgs/srv/detail/debug_local_plan__rosidl_typesupport_introspection_c.h
[4.444s] -- Up-to-date: /home/wheeltec/wheeltec_ros2/install/dwb_msgs/include/dwb_msgs/srv/detail/generate_twists__type_support.c
[4.445s] -- Up-to-date: /home/wheeltec/wheeltec_ros2/install/dwb_msgs/include/dwb_msgs/srv/detail/score_trajectory__rosidl_typesupport_introspection_c.h
[4.445s] -- Up-to-date: /home/wheeltec/wheeltec_ros2/install/dwb_msgs/include/dwb_msgs/srv/detail/debug_local_plan__type_support.c
[4.447s] -- Up-to-date: /home/wheeltec/wheeltec_ros2/install/dwb_msgs/include/dwb_msgs/srv/detail/get_critic_score__rosidl_typesupport_introspection_c.h
[4.447s] -- Up-to-date: /home/wheeltec/wheeltec_ros2/install/dwb_msgs/include/dwb_msgs/srv/detail/generate_trajectory__type_support.c
[4.447s] -- Up-to-date: /home/wheeltec/wheeltec_ros2/install/dwb_msgs/include/dwb_msgs/srv/detail/generate_trajectory__rosidl_typesupport_introspection_c.h
[4.448s] -- Up-to-date: /home/wheeltec/wheeltec_ros2/install/dwb_msgs/include/dwb_msgs/srv/detail/generate_twists__rosidl_typesupport_introspection_c.h
[4.448s] -- Up-to-date: /home/wheeltec/wheeltec_ros2/install/dwb_msgs/include/dwb_msgs/srv/detail/score_trajectory__type_support.c
[4.449s] -- Up-to-date: /home/wheeltec/wheeltec_ros2/install/dwb_msgs/lib/libdwb_msgs__rosidl_typesupport_introspection_c.so
[4.450s] -- Up-to-date: /home/wheeltec/wheeltec_ros2/install/dwb_msgs/lib/libdwb_msgs__rosidl_typesupport_c.so
[4.450s] -- Up-to-date: /home/wheeltec/wheeltec_ros2/install/dwb_msgs/include/dwb_msgs
[4.451s] -- Up-to-date: /home/wheeltec/wheeltec_ros2/install/dwb_msgs/include/dwb_msgs/msg
[4.451s] -- Up-to-date: /home/wheeltec/wheeltec_ros2/install/dwb_msgs/include/dwb_msgs/msg/trajectory_score.hpp
[4.451s] -- Up-to-date: /home/wheeltec/wheeltec_ros2/install/dwb_msgs/include/dwb_msgs/msg/detail
[4.452s] -- Up-to-date: /home/wheeltec/wheeltec_ros2/install/dwb_msgs/include/dwb_msgs/msg/detail/critic_score__traits.hpp
[4.452s] -- Up-to-date: /home/wheeltec/wheeltec_ros2/install/dwb_msgs/include/dwb_msgs/msg/detail/trajectory_score__builder.hpp
[4.453s] -- Up-to-date: /home/wheeltec/wheeltec_ros2/install/dwb_msgs/include/dwb_msgs/msg/detail/local_plan_evaluation__struct.hpp
[4.453s] -- Up-to-date: /home/wheeltec/wheeltec_ros2/install/dwb_msgs/include/dwb_msgs/msg/detail/trajectory2_d__builder.hpp
[4.453s] -- Up-to-date: /home/wheeltec/wheeltec_ros2/install/dwb_msgs/include/dwb_msgs/msg/detail/trajectory2_d__struct.hpp
[4.454s] -- Up-to-date: /home/wheeltec/wheeltec_ros2/install/dwb_msgs/include/dwb_msgs/msg/detail/trajectory2_d__traits.hpp
[4.455s] -- Up-to-date: /home/wheeltec/wheeltec_ros2/install/dwb_msgs/include/dwb_msgs/msg/detail/critic_score__builder.hpp
[4.455s] -- Up-to-date: /home/wheeltec/wheeltec_ros2/install/dwb_msgs/include/dwb_msgs/msg/detail/local_plan_evaluation__builder.hpp
[4.455s] -- Up-to-date: /home/wheeltec/wheeltec_ros2/install/dwb_msgs/include/dwb_msgs/msg/detail/local_plan_evaluation__traits.hpp
[4.456s] -- Up-to-date: /home/wheeltec/wheeltec_ros2/install/dwb_msgs/include/dwb_msgs/msg/detail/trajectory_score__struct.hpp
[4.456s] -- Up-to-date: /home/wheeltec/wheeltec_ros2/install/dwb_msgs/include/dwb_msgs/msg/detail/critic_score__struct.hpp
[4.457s] -- Up-to-date: /home/wheeltec/wheeltec_ros2/install/dwb_msgs/include/dwb_msgs/msg/detail/trajectory_score__traits.hpp
[4.457s] -- Up-to-date: /home/wheeltec/wheeltec_ros2/install/dwb_msgs/include/dwb_msgs/msg/trajectory2_d.hpp
[4.457s] -- Up-to-date: /home/wheeltec/wheeltec_ros2/install/dwb_msgs/include/dwb_msgs/msg/critic_score.hpp
[4.458s] -- Up-to-date: /home/wheeltec/wheeltec_ros2/install/dwb_msgs/include/dwb_msgs/msg/local_plan_evaluation.hpp
[4.458s] -- Up-to-date: /home/wheeltec/wheeltec_ros2/install/dwb_msgs/include/dwb_msgs/srv
[4.458s] -- Up-to-date: /home/wheeltec/wheeltec_ros2/install/dwb_msgs/include/dwb_msgs/srv/generate_twists.hpp
[4.459s] -- Up-to-date: /home/wheeltec/wheeltec_ros2/install/dwb_msgs/include/dwb_msgs/srv/detail
[4.459s] -- Up-to-date: /home/wheeltec/wheeltec_ros2/install/dwb_msgs/include/dwb_msgs/srv/detail/debug_local_plan__traits.hpp
[4.459s] -- Up-to-date: /home/wheeltec/wheeltec_ros2/install/dwb_msgs/include/dwb_msgs/srv/detail/get_critic_score__struct.hpp
[4.460s] -- Up-to-date: /home/wheeltec/wheeltec_ros2/install/dwb_msgs/include/dwb_msgs/srv/detail/generate_trajectory__builder.hpp
[4.460s] -- Up-to-date: /home/wheeltec/wheeltec_ros2/install/dwb_msgs/include/dwb_msgs/srv/detail/get_critic_score__traits.hpp
[4.461s] -- Up-to-date: /home/wheeltec/wheeltec_ros2/install/dwb_msgs/include/dwb_msgs/srv/detail/score_trajectory__struct.hpp
[4.461s] -- Up-to-date: /home/wheeltec/wheeltec_ros2/install/dwb_msgs/include/dwb_msgs/srv/detail/score_trajectory__traits.hpp
[4.461s] -- Up-to-date: /home/wheeltec/wheeltec_ros2/install/dwb_msgs/include/dwb_msgs/srv/detail/score_trajectory__builder.hpp
[4.462s] -- Up-to-date: /home/wheeltec/wheeltec_ros2/install/dwb_msgs/include/dwb_msgs/srv/detail/generate_twists__traits.hpp
[4.462s] -- Up-to-date: /home/wheeltec/wheeltec_ros2/install/dwb_msgs/include/dwb_msgs/srv/detail/debug_local_plan__builder.hpp
[4.463s] -- Up-to-date: /home/wheeltec/wheeltec_ros2/install/dwb_msgs/include/dwb_msgs/srv/detail/generate_trajectory__traits.hpp
[4.463s] -- Up-to-date: /home/wheeltec/wheeltec_ros2/install/dwb_msgs/include/dwb_msgs/srv/detail/generate_trajectory__struct.hpp
[4.463s] -- Up-to-date: /home/wheeltec/wheeltec_ros2/install/dwb_msgs/include/dwb_msgs/srv/detail/get_critic_score__builder.hpp
[4.463s] -- Up-to-date: /home/wheeltec/wheeltec_ros2/install/dwb_msgs/include/dwb_msgs/srv/detail/debug_local_plan__struct.hpp
[4.464s] -- Up-to-date: /home/wheeltec/wheeltec_ros2/install/dwb_msgs/include/dwb_msgs/srv/detail/generate_twists__builder.hpp
[4.464s] -- Up-to-date: /home/wheeltec/wheeltec_ros2/install/dwb_msgs/include/dwb_msgs/srv/detail/generate_twists__struct.hpp
[4.465s] -- Up-to-date: /home/wheeltec/wheeltec_ros2/install/dwb_msgs/include/dwb_msgs/srv/get_critic_score.hpp
[4.465s] -- Up-to-date: /home/wheeltec/wheeltec_ros2/install/dwb_msgs/include/dwb_msgs/srv/debug_local_plan.hpp
[4.465s] -- Up-to-date: /home/wheeltec/wheeltec_ros2/install/dwb_msgs/include/dwb_msgs/srv/generate_trajectory.hpp
[4.466s] -- Up-to-date: /home/wheeltec/wheeltec_ros2/install/dwb_msgs/include/dwb_msgs/srv/score_trajectory.hpp
[4.466s] -- Up-to-date: /home/wheeltec/wheeltec_ros2/install/dwb_msgs/include/dwb_msgs
[4.466s] -- Up-to-date: /home/wheeltec/wheeltec_ros2/install/dwb_msgs/include/dwb_msgs/msg
[4.467s] -- Up-to-date: /home/wheeltec/wheeltec_ros2/install/dwb_msgs/include/dwb_msgs/msg/detail
[4.467s] -- Up-to-date: /home/wheeltec/wheeltec_ros2/install/dwb_msgs/include/dwb_msgs/msg/detail/trajectory2_d__rosidl_typesupport_introspection_cpp.hpp
[4.467s] -- Up-to-date: /home/wheeltec/wheeltec_ros2/install/dwb_msgs/include/dwb_msgs/msg/detail/trajectory2_d__type_support.cpp
[4.468s] -- Up-to-date: /home/wheeltec/wheeltec_ros2/install/dwb_msgs/include/dwb_msgs/msg/detail/local_plan_evaluation__type_support.cpp
[4.468s] -- Up-to-date: /home/wheeltec/wheeltec_ros2/install/dwb_msgs/include/dwb_msgs/msg/detail/trajectory_score__rosidl_typesupport_introspection_cpp.hpp
[4.469s] -- Up-to-date: /home/wheeltec/wheeltec_ros2/install/dwb_msgs/include/dwb_msgs/msg/detail/critic_score__type_support.cpp
[4.469s] -- Up-to-date: /home/wheeltec/wheeltec_ros2/install/dwb_msgs/include/dwb_msgs/msg/detail/trajectory_score__type_support.cpp
[4.470s] -- Up-to-date: /home/wheeltec/wheeltec_ros2/install/dwb_msgs/include/dwb_msgs/msg/detail/critic_score__rosidl_typesupport_introspection_cpp.hpp
[4.470s] -- Up-to-date: /home/wheeltec/wheeltec_ros2/install/dwb_msgs/include/dwb_msgs/msg/detail/local_plan_evaluation__rosidl_typesupport_introspection_cpp.hpp
[4.471s] -- Up-to-date: /home/wheeltec/wheeltec_ros2/install/dwb_msgs/include/dwb_msgs/srv
[4.471s] -- Up-to-date: /home/wheeltec/wheeltec_ros2/install/dwb_msgs/include/dwb_msgs/srv/detail
[4.472s] -- Up-to-date: /home/wheeltec/wheeltec_ros2/install/dwb_msgs/include/dwb_msgs/srv/detail/get_critic_score__type_support.cpp
[4.472s] -- Up-to-date: /home/wheeltec/wheeltec_ros2/install/dwb_msgs/include/dwb_msgs/srv/detail/score_trajectory__rosidl_typesupport_introspection_cpp.hpp
[4.473s] -- Up-to-date: /home/wheeltec/wheeltec_ros2/install/dwb_msgs/include/dwb_msgs/srv/detail/generate_trajectory__rosidl_typesupport_introspection_cpp.hpp
[4.473s] -- Up-to-date: /home/wheeltec/wheeltec_ros2/install/dwb_msgs/include/dwb_msgs/srv/detail/score_trajectory__type_support.cpp
[4.474s] -- Up-to-date: /home/wheeltec/wheeltec_ros2/install/dwb_msgs/include/dwb_msgs/srv/detail/debug_local_plan__type_support.cpp
[4.475s] -- Up-to-date: /home/wheeltec/wheeltec_ros2/install/dwb_msgs/include/dwb_msgs/srv/detail/debug_local_plan__rosidl_typesupport_introspection_cpp.hpp
[4.475s] -- Up-to-date: /home/wheeltec/wheeltec_ros2/install/dwb_msgs/include/dwb_msgs/srv/detail/get_critic_score__rosidl_typesupport_introspection_cpp.hpp
[4.475s] -- Up-to-date: /home/wheeltec/wheeltec_ros2/install/dwb_msgs/include/dwb_msgs/srv/detail/generate_twists__type_support.cpp
[4.476s] -- Up-to-date: /home/wheeltec/wheeltec_ros2/install/dwb_msgs/include/dwb_msgs/srv/detail/generate_twists__rosidl_typesupport_introspection_cpp.hpp
[4.476s] -- Up-to-date: /home/wheeltec/wheeltec_ros2/install/dwb_msgs/include/dwb_msgs/srv/detail/generate_trajectory__type_support.cpp
[4.477s] -- Up-to-date: /home/wheeltec/wheeltec_ros2/install/dwb_msgs/lib/libdwb_msgs__rosidl_typesupport_introspection_cpp.so
[4.477s] -- Up-to-date: /home/wheeltec/wheeltec_ros2/install/dwb_msgs/lib/libdwb_msgs__rosidl_typesupport_cpp.so
[4.477s] -- Up-to-date: /home/wheeltec/wheeltec_ros2/install/dwb_msgs/share/dwb_msgs/environment/pythonpath.sh
[4.478s] -- Up-to-date: /home/wheeltec/wheeltec_ros2/install/dwb_msgs/share/dwb_msgs/environment/pythonpath.dsv
[4.478s] -- Up-to-date: /home/wheeltec/wheeltec_ros2/install/dwb_msgs/lib/python3.8/site-packages/dwb_msgs/__init__.py
[4.651s] -- Up-to-date: /home/wheeltec/wheeltec_ros2/install/dwb_msgs/lib/python3.8/site-packages/dwb_msgs/msg
[4.653s] -- Up-to-date: /home/wheeltec/wheeltec_ros2/install/dwb_msgs/lib/python3.8/site-packages/dwb_msgs/msg/__init__.py
[4.654s] -- Up-to-date: /home/wheeltec/wheeltec_ros2/install/dwb_msgs/lib/python3.8/site-packages/dwb_msgs/msg/_trajectory_score.py
[4.656s] -- Up-to-date: /home/wheeltec/wheeltec_ros2/install/dwb_msgs/lib/python3.8/site-packages/dwb_msgs/msg/_critic_score.py
[4.657s] -- Up-to-date: /home/wheeltec/wheeltec_ros2/install/dwb_msgs/lib/python3.8/site-packages/dwb_msgs/msg/_critic_score_s.c
[4.657s] -- Up-to-date: /home/wheeltec/wheeltec_ros2/install/dwb_msgs/lib/python3.8/site-packages/dwb_msgs/msg/_trajectory2_d_s.c
[4.659s] -- Up-to-date: /home/wheeltec/wheeltec_ros2/install/dwb_msgs/lib/python3.8/site-packages/dwb_msgs/msg/_local_plan_evaluation.py
[4.661s] -- Up-to-date: /home/wheeltec/wheeltec_ros2/install/dwb_msgs/lib/python3.8/site-packages/dwb_msgs/msg/_trajectory_score_s.c
[4.662s] -- Up-to-date: /home/wheeltec/wheeltec_ros2/install/dwb_msgs/lib/python3.8/site-packages/dwb_msgs/msg/_trajectory2_d.py
[4.663s] -- Up-to-date: /home/wheeltec/wheeltec_ros2/install/dwb_msgs/lib/python3.8/site-packages/dwb_msgs/msg/_local_plan_evaluation_s.c
[4.663s] -- Up-to-date: /home/wheeltec/wheeltec_ros2/install/dwb_msgs/lib/python3.8/site-packages/dwb_msgs/srv
[4.663s] -- Up-to-date: /home/wheeltec/wheeltec_ros2/install/dwb_msgs/lib/python3.8/site-packages/dwb_msgs/srv/__init__.py
[4.664s] -- Up-to-date: /home/wheeltec/wheeltec_ros2/install/dwb_msgs/lib/python3.8/site-packages/dwb_msgs/srv/_score_trajectory.py
[4.665s] -- Up-to-date: /home/wheeltec/wheeltec_ros2/install/dwb_msgs/lib/python3.8/site-packages/dwb_msgs/srv/_score_trajectory_s.c
[4.665s] -- Up-to-date: /home/wheeltec/wheeltec_ros2/install/dwb_msgs/lib/python3.8/site-packages/dwb_msgs/srv/_generate_twists.py
[4.665s] -- Up-to-date: /home/wheeltec/wheeltec_ros2/install/dwb_msgs/lib/python3.8/site-packages/dwb_msgs/srv/_generate_trajectory_s.c
[4.666s] -- Up-to-date: /home/wheeltec/wheeltec_ros2/install/dwb_msgs/lib/python3.8/site-packages/dwb_msgs/srv/_get_critic_score.py
[4.666s] -- Up-to-date: /home/wheeltec/wheeltec_ros2/install/dwb_msgs/lib/python3.8/site-packages/dwb_msgs/srv/_debug_local_plan.py
[4.666s] -- Up-to-date: /home/wheeltec/wheeltec_ros2/install/dwb_msgs/lib/python3.8/site-packages/dwb_msgs/srv/_generate_trajectory.py
[4.667s] -- Up-to-date: /home/wheeltec/wheeltec_ros2/install/dwb_msgs/lib/python3.8/site-packages/dwb_msgs/srv/_get_critic_score_s.c
[4.667s] -- Up-to-date: /home/wheeltec/wheeltec_ros2/install/dwb_msgs/lib/python3.8/site-packages/dwb_msgs/srv/_debug_local_plan_s.c
[4.667s] -- Up-to-date: /home/wheeltec/wheeltec_ros2/install/dwb_msgs/lib/python3.8/site-packages/dwb_msgs/srv/_generate_twists_s.c
[4.668s] -- Up-to-date: /home/wheeltec/wheeltec_ros2/install/dwb_msgs/lib/python3.8/site-packages/dwb_msgs/dwb_msgs_s__rosidl_typesupport_fastrtps_c.cpython-38-aarch64-linux-gnu.so
[4.670s] -- Up-to-date: /home/wheeltec/wheeltec_ros2/install/dwb_msgs/lib/python3.8/site-packages/dwb_msgs/dwb_msgs_s__rosidl_typesupport_introspection_c.cpython-38-aarch64-linux-gnu.so
[4.673s] -- Up-to-date: /home/wheeltec/wheeltec_ros2/install/dwb_msgs/lib/python3.8/site-packages/dwb_msgs/dwb_msgs_s__rosidl_typesupport_c.cpython-38-aarch64-linux-gnu.so
[4.678s] -- Up-to-date: /home/wheeltec/wheeltec_ros2/install/dwb_msgs/lib/libdwb_msgs__python.so
[4.680s] -- Up-to-date: /home/wheeltec/wheeltec_ros2/install/dwb_msgs/share/dwb_msgs/msg/CriticScore.idl
[4.682s] -- Up-to-date: /home/wheeltec/wheeltec_ros2/install/dwb_msgs/share/dwb_msgs/msg/LocalPlanEvaluation.idl
[4.683s] -- Up-to-date: /home/wheeltec/wheeltec_ros2/install/dwb_msgs/share/dwb_msgs/msg/Trajectory2D.idl
[4.684s] -- Up-to-date: /home/wheeltec/wheeltec_ros2/install/dwb_msgs/share/dwb_msgs/msg/TrajectoryScore.idl
[4.685s] -- Up-to-date: /home/wheeltec/wheeltec_ros2/install/dwb_msgs/share/dwb_msgs/srv/DebugLocalPlan.idl
[4.687s] -- Up-to-date: /home/wheeltec/wheeltec_ros2/install/dwb_msgs/share/dwb_msgs/srv/GenerateTrajectory.idl
[4.688s] -- Up-to-date: /home/wheeltec/wheeltec_ros2/install/dwb_msgs/share/dwb_msgs/srv/GenerateTwists.idl
[4.688s] -- Up-to-date: /home/wheeltec/wheeltec_ros2/install/dwb_msgs/share/dwb_msgs/srv/GetCriticScore.idl
[4.689s] -- Up-to-date: /home/wheeltec/wheeltec_ros2/install/dwb_msgs/share/dwb_msgs/srv/ScoreTrajectory.idl
[4.689s] -- Up-to-date: /home/wheeltec/wheeltec_ros2/install/dwb_msgs/share/dwb_msgs/msg/CriticScore.msg
[4.690s] -- Up-to-date: /home/wheeltec/wheeltec_ros2/install/dwb_msgs/share/dwb_msgs/msg/LocalPlanEvaluation.msg
[4.691s] -- Up-to-date: /home/wheeltec/wheeltec_ros2/install/dwb_msgs/share/dwb_msgs/msg/Trajectory2D.msg
[4.691s] -- Up-to-date: /home/wheeltec/wheeltec_ros2/install/dwb_msgs/share/dwb_msgs/msg/TrajectoryScore.msg
[4.693s] -- Up-to-date: /home/wheeltec/wheeltec_ros2/install/dwb_msgs/share/dwb_msgs/srv/DebugLocalPlan.srv
[4.693s] -- Up-to-date: /home/wheeltec/wheeltec_ros2/install/dwb_msgs/share/dwb_msgs/srv/DebugLocalPlan_Request.msg
[4.694s] -- Up-to-date: /home/wheeltec/wheeltec_ros2/install/dwb_msgs/share/dwb_msgs/srv/DebugLocalPlan_Response.msg
[4.694s] -- Up-to-date: /home/wheeltec/wheeltec_ros2/install/dwb_msgs/share/dwb_msgs/srv/GenerateTrajectory.srv
[4.694s] -- Up-to-date: /home/wheeltec/wheeltec_ros2/install/dwb_msgs/share/dwb_msgs/srv/GenerateTrajectory_Request.msg
[4.695s] -- Up-to-date: /home/wheeltec/wheeltec_ros2/install/dwb_msgs/share/dwb_msgs/srv/GenerateTrajectory_Response.msg
[4.695s] -- Up-to-date: /home/wheeltec/wheeltec_ros2/install/dwb_msgs/share/dwb_msgs/srv/GenerateTwists.srv
[4.696s] -- Up-to-date: /home/wheeltec/wheeltec_ros2/install/dwb_msgs/share/dwb_msgs/srv/GenerateTwists_Request.msg
[4.697s] -- Up-to-date: /home/wheeltec/wheeltec_ros2/install/dwb_msgs/share/dwb_msgs/srv/GenerateTwists_Response.msg
[4.698s] -- Up-to-date: /home/wheeltec/wheeltec_ros2/install/dwb_msgs/share/dwb_msgs/srv/GetCriticScore.srv
[4.699s] -- Up-to-date: /home/wheeltec/wheeltec_ros2/install/dwb_msgs/share/dwb_msgs/srv/GetCriticScore_Request.msg
[4.700s] -- Up-to-date: /home/wheeltec/wheeltec_ros2/install/dwb_msgs/share/dwb_msgs/srv/GetCriticScore_Response.msg
[4.701s] -- Up-to-date: /home/wheeltec/wheeltec_ros2/install/dwb_msgs/share/dwb_msgs/srv/ScoreTrajectory.srv
[4.701s] -- Up-to-date: /home/wheeltec/wheeltec_ros2/install/dwb_msgs/share/dwb_msgs/srv/ScoreTrajectory_Request.msg
[4.702s] -- Up-to-date: /home/wheeltec/wheeltec_ros2/install/dwb_msgs/share/dwb_msgs/srv/ScoreTrajectory_Response.msg
[4.703s] -- Up-to-date: /home/wheeltec/wheeltec_ros2/install/dwb_msgs/share/ament_index/resource_index/package_run_dependencies/dwb_msgs
[4.704s] -- Up-to-date: /home/wheeltec/wheeltec_ros2/install/dwb_msgs/share/ament_index/resource_index/parent_prefix_path/dwb_msgs
[4.704s] -- Up-to-date: /home/wheeltec/wheeltec_ros2/install/dwb_msgs/share/dwb_msgs/environment/ament_prefix_path.sh
[4.705s] -- Up-to-date: /home/wheeltec/wheeltec_ros2/install/dwb_msgs/share/dwb_msgs/environment/ament_prefix_path.dsv
[4.705s] -- Up-to-date: /home/wheeltec/wheeltec_ros2/install/dwb_msgs/share/dwb_msgs/environment/path.sh
[4.705s] -- Up-to-date: /home/wheeltec/wheeltec_ros2/install/dwb_msgs/share/dwb_msgs/environment/path.dsv
[4.706s] -- Up-to-date: /home/wheeltec/wheeltec_ros2/install/dwb_msgs/share/dwb_msgs/local_setup.bash
[4.707s] -- Up-to-date: /home/wheeltec/wheeltec_ros2/install/dwb_msgs/share/dwb_msgs/local_setup.sh
[4.707s] -- Up-to-date: /home/wheeltec/wheeltec_ros2/install/dwb_msgs/share/dwb_msgs/local_setup.zsh
[4.708s] -- Up-to-date: /home/wheeltec/wheeltec_ros2/install/dwb_msgs/share/dwb_msgs/local_setup.dsv
[4.709s] -- Installing: /home/wheeltec/wheeltec_ros2/install/dwb_msgs/share/dwb_msgs/package.dsv
[4.709s] -- Up-to-date: /home/wheeltec/wheeltec_ros2/install/dwb_msgs/share/ament_index/resource_index/packages/dwb_msgs
[4.710s] -- Up-to-date: /home/wheeltec/wheeltec_ros2/install/dwb_msgs/share/dwb_msgs/cmake/dwb_msgs__rosidl_generator_cExport.cmake
[4.711s] -- Up-to-date: /home/wheeltec/wheeltec_ros2/install/dwb_msgs/share/dwb_msgs/cmake/dwb_msgs__rosidl_generator_cExport-noconfig.cmake
[4.712s] -- Up-to-date: /home/wheeltec/wheeltec_ros2/install/dwb_msgs/share/dwb_msgs/cmake/dwb_msgs__rosidl_typesupport_introspection_cExport.cmake
[4.713s] -- Up-to-date: /home/wheeltec/wheeltec_ros2/install/dwb_msgs/share/dwb_msgs/cmake/dwb_msgs__rosidl_typesupport_introspection_cExport-noconfig.cmake
[4.714s] -- Up-to-date: /home/wheeltec/wheeltec_ros2/install/dwb_msgs/share/dwb_msgs/cmake/dwb_msgs__rosidl_typesupport_cExport.cmake
[4.714s] -- Up-to-date: /home/wheeltec/wheeltec_ros2/install/dwb_msgs/share/dwb_msgs/cmake/dwb_msgs__rosidl_typesupport_cExport-noconfig.cmake
[4.715s] -- Up-to-date: /home/wheeltec/wheeltec_ros2/install/dwb_msgs/share/dwb_msgs/cmake/dwb_msgs__rosidl_generator_cppExport.cmake
[4.715s] -- Up-to-date: /home/wheeltec/wheeltec_ros2/install/dwb_msgs/share/dwb_msgs/cmake/dwb_msgs__rosidl_typesupport_introspection_cppExport.cmake
[4.716s] -- Up-to-date: /home/wheeltec/wheeltec_ros2/install/dwb_msgs/share/dwb_msgs/cmake/dwb_msgs__rosidl_typesupport_introspection_cppExport-noconfig.cmake
[4.717s] -- Up-to-date: /home/wheeltec/wheeltec_ros2/install/dwb_msgs/share/dwb_msgs/cmake/dwb_msgs__rosidl_typesupport_cppExport.cmake
[4.718s] -- Up-to-date: /home/wheeltec/wheeltec_ros2/install/dwb_msgs/share/dwb_msgs/cmake/dwb_msgs__rosidl_typesupport_cppExport-noconfig.cmake
[4.718s] -- Up-to-date: /home/wheeltec/wheeltec_ros2/install/dwb_msgs/share/dwb_msgs/cmake/rosidl_cmake-extras.cmake
[4.718s] -- Up-to-date: /home/wheeltec/wheeltec_ros2/install/dwb_msgs/share/dwb_msgs/cmake/ament_cmake_export_dependencies-extras.cmake
[4.719s] -- Up-to-date: /home/wheeltec/wheeltec_ros2/install/dwb_msgs/share/dwb_msgs/cmake/ament_cmake_export_libraries-extras.cmake
[4.719s] -- Up-to-date: /home/wheeltec/wheeltec_ros2/install/dwb_msgs/share/dwb_msgs/cmake/ament_cmake_export_targets-extras.cmake
[4.720s] -- Up-to-date: /home/wheeltec/wheeltec_ros2/install/dwb_msgs/share/dwb_msgs/cmake/ament_cmake_export_include_directories-extras.cmake
[4.721s] -- Up-to-date: /home/wheeltec/wheeltec_ros2/install/dwb_msgs/share/dwb_msgs/cmake/rosidl_cmake_export_typesupport_libraries-extras.cmake
[4.721s] -- Up-to-date: /home/wheeltec/wheeltec_ros2/install/dwb_msgs/share/dwb_msgs/cmake/rosidl_cmake_export_typesupport_targets-extras.cmake
[4.722s] -- Up-to-date: /home/wheeltec/wheeltec_ros2/install/dwb_msgs/share/dwb_msgs/cmake/dwb_msgsConfig.cmake
[4.730s] -- Up-to-date: /home/wheeltec/wheeltec_ros2/install/dwb_msgs/share/dwb_msgs/cmake/dwb_msgsConfig-version.cmake
[4.731s] -- Up-to-date: /home/wheeltec/wheeltec_ros2/install/dwb_msgs/share/dwb_msgs/package.xml
[4.732s] Invoked command in '/home/wheeltec/wheeltec_ros2/build/dwb_msgs' returned '0': CMAKE_PREFIX_PATH=/home/wheeltec/wheeltec_ros2/install/nav_2d_msgs:/home/wheeltec/wheeltec_ros2/install/wheeltec_slam_toolbox:/home/wheeltec/wheeltec_ros2/install/wheeltec_rrt_msg:/home/wheeltec/wheeltec_ros2/install/wheeltec_robot_urdf:/home/wheeltec/wheeltec_ros2/install/wheeltec_robot_rtab:/home/wheeltec/wheeltec_ros2/install/wheeltec_robot_rrt:/home/wheeltec/wheeltec_ros2/install/turn_on_wheeltec_robot:/home/wheeltec/wheeltec_ros2/install/wheeltec_robot_msg:/home/wheeltec/wheeltec_ros2/install/wheeltec_nav2:/home/wheeltec/wheeltec_ros2/install/wheeltec_joy:/home/wheeltec/wheeltec_ros2/install/wheeltec_cartographer:/home/wheeltec/wheeltec_ros2/install/web_video_server:/home/wheeltec/wheeltec_ros2/install/usb_cam:/home/wheeltec/wheeltec_ros2/install/slam_gmapping:/home/wheeltec/wheeltec_ros2/install/serial:/home/wheeltec/wheeltec_ros2/install/rplidar_ros2:/home/wheeltec/wheeltec_ros2/install/ros2_astra_camera:/home/wheeltec/wheeltec_ros2/install/ar_track_alvar:/home/wheeltec/wheeltec_ros2/install/perception_pcl:/home/wheeltec/wheeltec_ros2/install/pcl_ros:/home/wheeltec/wheeltec_ros2/install/lslidar_driver:/home/wheeltec/wheeltec_ros2/install/pcl_conversions:/home/wheeltec/wheeltec_ros2/install/openslam_gmapping:/home/wheeltec/wheeltec_ros2/install/nav2_system_tests:/home/wheeltec/wheeltec_ros2/install/nav2_bringup:/home/wheeltec/wheeltec_ros2/install/navigation2:/home/wheeltec/wheeltec_ros2/install/nav2_dwb_controller:/home/wheeltec/wheeltec_ros2/install/nav2_controller:/home/wheeltec/wheeltec_ros2/install/dwb_plugins:/home/wheeltec/wheeltec_ros2/install/dwb_critics:/home/wheeltec/wheeltec_ros2/install/dwb_core:/home/wheeltec/wheeltec_ros2/install/nav_2d_utils:/home/wheeltec/wheeltec_ros2/install/dwb_msgs:/home/wheeltec/wheeltec_ros2/install/nav2_waypoint_follower:/home/wheeltec/wheeltec_ros2/install/nav2_theta_star_planner:/home/wheeltec/wheeltec_ros2/install/nav2_smac_planner:/home/wheeltec/wheeltec_ros2/install/nav2_rotation_shim_controller:/home/wheeltec/wheeltec_ros2/install/nav2_regulated_pure_pursuit_controller:/home/wheeltec/wheeltec_ros2/install/nav2_recoveries:/home/wheeltec/wheeltec_ros2/install/nav2_planner:/home/wheeltec/wheeltec_ros2/install/nav2_navfn_planner:/home/wheeltec/wheeltec_ros2/install/nav2_bt_navigator:/home/wheeltec/wheeltec_ros2/install/nav2_core:/home/wheeltec/wheeltec_ros2/install/costmap_queue:/home/wheeltec/wheeltec_ros2/install/nav2_costmap_2d:/home/wheeltec/wheeltec_ros2/install/nav2_voxel_grid:/home/wheeltec/wheeltec_ros2/install/nav2_rviz_plugins:/home/wheeltec/wheeltec_ros2/install/nav2_map_server:/home/wheeltec/wheeltec_ros2/install/nav2_lifecycle_manager:/home/wheeltec/wheeltec_ros2/install/nav2_behavior_tree:/home/wheeltec/wheeltec_ros2/install/nav2_amcl:/home/wheeltec/wheeltec_ros2/install/nav2_util:/home/wheeltec/wheeltec_ros2/install/nav2_msgs:/home/wheeltec/wheeltec_ros2/install/nav2_common:/home/wheeltec/wheeltec_ros2/install/lsn10:/home/wheeltec/wheeltec_ros2/install/lsm10_v2:/home/wheeltec/wheeltec_ros2/install/lslidar_msgs:/home/wheeltec/wheeltec_ros2/install/lidar_ros2:/home/wheeltec/wheeltec_ros2/install/ldlidar_stl_ros2:/home/wheeltec/wheeltec_ros2/install/ldlidar_sl_ros2:/home/wheeltec/wheeltec_ros2/install/astra_msgs:/home/wheeltec/wheeltec_ros2/install/astra_camera:/home/wheeltec/wheeltec_ros2/install/astra_camera_msgs:/home/wheeltec/wheeltec_ros2/install/ar_track_alvar_msgs:/home/wheeltec/wheeltec_ros2/install/ackermann_msgs:/home/wheeltec/wheeltec_ros2/install/simple_follower_ros2:/home/wheeltec/wheeltec_ros2/install/wheeltec_robot_keyboard:/home/wheeltec/wheeltec_ros2/install/tf2_tools:/home/wheeltec/wheeltec_ros2/install/nav2_simple_commander:/home/wheeltec/wheeltec_ros2/install/nav2_gazebo_spawner:/opt/ros/galactic LD_LIBRARY_PATH=/home/wheeltec/wheeltec_ros2/install/nav_2d_msgs/lib:/home/wheeltec/wheeltec_ros2/install/wheeltec_rrt_msg/lib:/home/wheeltec/wheeltec_ros2/install/wheeltec_robot_rrt/lib:/home/wheeltec/wheeltec_ros2/install/turn_on_wheeltec_robot/lib:/home/wheeltec/wheeltec_ros2/install/wheeltec_robot_msg/lib:/home/wheeltec/wheeltec_ros2/install/usb_cam/lib:/home/wheeltec/wheeltec_ros2/install/serial/lib:/home/wheeltec/wheeltec_ros2/install/ros2_astra_camera/lib:/home/wheeltec/wheeltec_ros2/install/ar_track_alvar/lib:/home/wheeltec/wheeltec_ros2/install/pcl_ros/lib:/home/wheeltec/wheeltec_ros2/install/openslam_gmapping/lib:/home/wheeltec/wheeltec_ros2/install/nav2_controller/lib:/home/wheeltec/wheeltec_ros2/install/dwb_plugins/lib:/home/wheeltec/wheeltec_ros2/install/dwb_critics/lib:/home/wheeltec/wheeltec_ros2/install/dwb_core/lib:/home/wheeltec/wheeltec_ros2/install/nav_2d_utils/lib:/home/wheeltec/wheeltec_ros2/install/dwb_msgs/lib:/home/wheeltec/wheeltec_ros2/install/nav2_waypoint_follower/lib:/home/wheeltec/wheeltec_ros2/install/nav2_theta_star_planner/lib:/home/wheeltec/wheeltec_ros2/install/nav2_smac_planner/lib:/home/wheeltec/wheeltec_ros2/install/nav2_rotation_shim_controller/lib:/home/wheeltec/wheeltec_ros2/install/nav2_regulated_pure_pursuit_controller/lib:/home/wheeltec/wheeltec_ros2/install/nav2_recoveries/lib:/home/wheeltec/wheeltec_ros2/install/nav2_planner/lib:/home/wheeltec/wheeltec_ros2/install/nav2_navfn_planner/lib:/home/wheeltec/wheeltec_ros2/install/nav2_bt_navigator/lib:/home/wheeltec/wheeltec_ros2/install/costmap_queue/lib:/home/wheeltec/wheeltec_ros2/install/nav2_costmap_2d/lib:/home/wheeltec/wheeltec_ros2/install/nav2_voxel_grid/lib:/home/wheeltec/wheeltec_ros2/install/nav2_rviz_plugins/lib:/home/wheeltec/wheeltec_ros2/install/nav2_map_server/lib:/home/wheeltec/wheeltec_ros2/install/nav2_lifecycle_manager/lib:/home/wheeltec/wheeltec_ros2/install/nav2_behavior_tree/lib:/home/wheeltec/wheeltec_ros2/install/nav2_amcl/lib:/home/wheeltec/wheeltec_ros2/install/nav2_util/lib:/home/wheeltec/wheeltec_ros2/install/nav2_msgs/lib:/home/wheeltec/wheeltec_ros2/install/lsm10_v2/lib:/home/wheeltec/wheeltec_ros2/install/lslidar_msgs/lib:/home/wheeltec/wheeltec_ros2/install/astra_msgs/lib:/home/wheeltec/wheeltec_ros2/install/astra_camera/lib:/home/wheeltec/wheeltec_ros2/install/astra_camera_msgs/lib:/home/wheeltec/wheeltec_ros2/install/ar_track_alvar_msgs/lib:/home/wheeltec/wheeltec_ros2/install/ackermann_msgs/lib:/usr/lib/aarch64-linux-gnu/gazebo-11/plugins:/opt/ros/galactic/opt/yaml_cpp_vendor/lib:/opt/ros/galactic/opt/rviz_ogre_vendor/lib:/opt/ros/galactic/lib/aarch64-linux-gnu:/opt/ros/galactic/lib:/home/wheeltec/wheeltec_ros2/src/ros2_astra_camera-main/ros2_astra_camera/lib/openni2_redist/x64 PYTHONPATH=/home/wheeltec/wheeltec_ros2/install/nav_2d_msgs/lib/python3.8/site-packages:/home/wheeltec/wheeltec_ros2/install/wheeltec_rrt_msg/lib/python3.8/site-packages:/home/wheeltec/wheeltec_ros2/install/simple_follower_ros2/lib/python3.8/site-packages:/home/wheeltec/wheeltec_ros2/install/turn_on_wheeltec_robot/lib/python3.8/site-packages:/home/wheeltec/wheeltec_ros2/install/wheeltec_robot_msg/lib/python3.8/site-packages:/home/wheeltec/wheeltec_ros2/install/wheeltec_robot_keyboard/lib/python3.8/site-packages:/home/wheeltec/wheeltec_ros2/install/tf2_tools/lib/python3.8/site-packages:/home/wheeltec/wheeltec_ros2/install/dwb_msgs/lib/python3.8/site-packages:/home/wheeltec/wheeltec_ros2/install/nav2_simple_commander/lib/python3.8/site-packages:/home/wheeltec/wheeltec_ros2/install/nav2_msgs/lib/python3.8/site-packages:/home/wheeltec/wheeltec_ros2/install/nav2_gazebo_spawner/lib/python3.8/site-packages:/home/wheeltec/wheeltec_ros2/install/nav2_common/lib/python3.8/site-packages:/home/wheeltec/wheeltec_ros2/install/lsm10_v2/lib/python3.8/site-packages:/home/wheeltec/wheeltec_ros2/install/lslidar_msgs/lib/python3.8/site-packages:/home/wheeltec/wheeltec_ros2/install/astra_msgs/lib/python3.8/site-packages:/home/wheeltec/wheeltec_ros2/install/astra_camera_msgs/lib/python3.8/site-packages:/home/wheeltec/wheeltec_ros2/install/ar_track_alvar_msgs/lib/python3.8/site-packages:/home/wheeltec/wheeltec_ros2/install/ackermann_msgs/lib/python3.8/site-packages:/opt/ros/galactic/lib/python3.8/site-packages /usr/bin/cmake --install /home/wheeltec/wheeltec_ros2/build/dwb_msgs
