[5.714s] Invoking command in '/home/wheeltec/wheeltec_ros2/src/depend/tf2_tools': PYTHONPATH=/home/wheeltec/wheeltec_ros2/install/tf2_tools/lib/python3.8/site-packages:${PYTHONPATH} /usr/bin/python3 setup.py egg_info --egg-base ../../../build/tf2_tools build --build-base /home/wheeltec/wheeltec_ros2/build/tf2_tools/build install --prefix /home/wheeltec/wheeltec_ros2/install/tf2_tools --record /home/wheeltec/wheeltec_ros2/build/tf2_tools/install.log --single-version-externally-managed
[7.719s] running egg_info
[7.803s] writing ../../../build/tf2_tools/tf2_tools.egg-info/PKG-INFO
[7.807s] writing dependency_links to ../../../build/tf2_tools/tf2_tools.egg-info/dependency_links.txt
[7.809s] writing entry points to ../../../build/tf2_tools/tf2_tools.egg-info/entry_points.txt
[7.811s] writing requirements to ../../../build/tf2_tools/tf2_tools.egg-info/requires.txt
[7.812s] writing top-level names to ../../../build/tf2_tools/tf2_tools.egg-info/top_level.txt
[7.983s] reading manifest file '../../../build/tf2_tools/tf2_tools.egg-info/SOURCES.txt'
[7.988s] writing manifest file '../../../build/tf2_tools/tf2_tools.egg-info/SOURCES.txt'
[7.990s] running build
[7.991s] running build_py
[7.994s] running install
[7.995s] /home/wheeltec/.local/lib/python3.8/site-packages/setuptools/command/install.py:34: SetuptoolsDeprecationWarning: setup.py install is deprecated. Use build and pip and other standards-based tools.
[7.996s]   warnings.warn(
[8.026s] running install_lib
[8.120s] running install_data
[8.217s] running install_egg_info
[8.305s] removing '/home/wheeltec/wheeltec_ros2/install/tf2_tools/lib/python3.8/site-packages/tf2_tools-0.17.1-py3.8.egg-info' (and everything under it)
[8.306s] Copying ../../../build/tf2_tools/tf2_tools.egg-info to /home/wheeltec/wheeltec_ros2/install/tf2_tools/lib/python3.8/site-packages/tf2_tools-0.17.1-py3.8.egg-info
[8.311s] running install_scripts
[8.756s] Installing view_frames script to /home/wheeltec/wheeltec_ros2/install/tf2_tools/lib/tf2_tools
[8.759s] writing list of installed files to '/home/wheeltec/wheeltec_ros2/build/tf2_tools/install.log'
[8.933s] Invoked command in '/home/wheeltec/wheeltec_ros2/src/depend/tf2_tools' returned '0': PYTHONPATH=/home/wheeltec/wheeltec_ros2/install/tf2_tools/lib/python3.8/site-packages:${PYTHONPATH} /usr/bin/python3 setup.py egg_info --egg-base ../../../build/tf2_tools build --build-base /home/wheeltec/wheeltec_ros2/build/tf2_tools/build install --prefix /home/wheeltec/wheeltec_ros2/install/tf2_tools --record /home/wheeltec/wheeltec_ros2/build/tf2_tools/install.log --single-version-externally-managed
