-- Found ament_cmake: 1.1.6 (/opt/ros/galactic/share/ament_cmake/cmake)
-- Using PYTHON_EXECUTABLE: /usr/bin/python3
-- Found nav2_common: 1.0.12 (/home/wheeltec/wheeltec_ros2/install/nav2_common/share/nav2_common/cmake)
-- Found geometry_msgs: 2.2.4 (/opt/ros/galactic/share/geometry_msgs/cmake)
-- Using all available rosidl_typesupport_c: rosidl_typesupport_fastrtps_c;rosidl_typesupport_introspection_c
-- Found rosidl_adapter: 2.2.3 (/opt/ros/galactic/share/rosidl_adapter/cmake)
-- Using all available rosidl_typesupport_cpp: rosidl_typesupport_fastrtps_cpp;rosidl_typesupport_introspection_cpp
-- Found nav_2d_msgs: 1.0.12 (/home/wheeltec/wheeltec_ros2/install/nav_2d_msgs/share/nav_2d_msgs/cmake)
-- Found nav_msgs: 2.2.4 (/opt/ros/galactic/share/nav_msgs/cmake)
-- Found rclcpp: 9.2.2 (/opt/ros/galactic/share/rclcpp/cmake)
-- Found rmw_implementation_cmake: 3.3.1 (/opt/ros/galactic/share/rmw_implementation_cmake/cmake)
-- Found rmw_cyclonedds_cpp: 0.22.6 (/opt/ros/galactic/share/rmw_cyclonedds_cpp/cmake)
-- Using RMW implementation 'rmw_cyclonedds_cpp' as default
-- Found tf2: 0.17.5 (/opt/ros/galactic/share/tf2/cmake)
-- Found tf2_geometry_msgs: 0.17.5 (/opt/ros/galactic/share/tf2_geometry_msgs/cmake)
-- Found eigen3_cmake_module: 0.1.1 (/opt/ros/galactic/share/eigen3_cmake_module/cmake)
-- Found nav2_msgs: 1.0.12 (/home/wheeltec/wheeltec_ros2/install/nav2_msgs/share/nav2_msgs/cmake)
-- Found nav2_util: 1.0.12 (/home/wheeltec/wheeltec_ros2/install/nav2_util/share/nav2_util/cmake)
-- Found ament_lint_auto: 0.10.7 (/opt/ros/galactic/share/ament_lint_auto/cmake)
-- Found gtest sources under '/opt/ros/galactic/src/gtest_vendor': C++ tests using 'Google Test' will be built
-- Added test 'cppcheck' to perform static code analysis on C / C++ code
-- Configured cppcheck include dirs: /home/wheeltec/wheeltec_ros2/src/navigation2-galactic/nav2_dwb_controller/nav_2d_utils/include
-- Configured cppcheck exclude dirs and/or files: 
-- Added test 'cpplint' to check C / C++ code against the Google style
-- Configured cpplint exclude dirs and/or files: 
-- Added test 'lint_cmake' to check CMake code style
-- Added test 'uncrustify' to check C / C++ code style
-- Configured uncrustify additional arguments: 
-- Added test 'xmllint' to check XML markup files
-- Configuring done
-- Generating done
-- Build files have been written to: /home/wheeltec/wheeltec_ros2/build/nav_2d_utils
[35m[1mScanning dependencies of target conversions[0m
[  6%] [32mBuilding CXX object CMakeFiles/conversions.dir/src/conversions.cpp.o[0m
[ 12%] [32m[1mLinking CXX shared library libconversions.so[0m
[ 12%] Built target conversions
[ 25%] Built target gtest_main
[35m[1mScanning dependencies of target tf_help[0m
[ 31%] [32mBuilding CXX object CMakeFiles/tf_help.dir/src/tf_help.cpp.o[0m
[ 37%] [32m[1mLinking CXX shared library libtf_help.so[0m
[ 37%] Built target tf_help
[ 50%] Built target gtest
[35m[1mScanning dependencies of target path_ops[0m
[ 56%] [32mBuilding CXX object CMakeFiles/path_ops.dir/src/path_ops.cpp.o[0m
[ 62%] [32m[1mLinking CXX shared library libpath_ops.so[0m
[ 62%] Built target path_ops
[35m[1mScanning dependencies of target 2d_utils_tests[0m
[ 68%] [32mBuilding CXX object test/CMakeFiles/2d_utils_tests.dir/2d_utils_test.cpp.o[0m
[ 75%] [32m[1mLinking CXX executable 2d_utils_tests[0m
[ 75%] Built target 2d_utils_tests
[35m[1mScanning dependencies of target path_ops_tests[0m
[ 81%] [32mBuilding CXX object test/CMakeFiles/path_ops_tests.dir/path_ops_test.cpp.o[0m
[ 87%] [32m[1mLinking CXX executable path_ops_tests[0m
[ 87%] Built target path_ops_tests
[35m[1mScanning dependencies of target tf_help_tests[0m
[ 93%] [32mBuilding CXX object test/CMakeFiles/tf_help_tests.dir/tf_help_test.cpp.o[0m
[100%] [32m[1mLinking CXX executable tf_help_tests[0m
[100%] Built target tf_help_tests
-- Install configuration: "Release"
-- Installing: /home/wheeltec/wheeltec_ros2/install/nav_2d_utils/lib/libconversions.so
-- Set runtime path of "/home/wheeltec/wheeltec_ros2/install/nav_2d_utils/lib/libconversions.so" to ""
-- Installing: /home/wheeltec/wheeltec_ros2/install/nav_2d_utils/lib/libpath_ops.so
-- Set runtime path of "/home/wheeltec/wheeltec_ros2/install/nav_2d_utils/lib/libpath_ops.so" to ""
-- Installing: /home/wheeltec/wheeltec_ros2/install/nav_2d_utils/lib/libtf_help.so
-- Set runtime path of "/home/wheeltec/wheeltec_ros2/install/nav_2d_utils/lib/libtf_help.so" to ""
-- Up-to-date: /home/wheeltec/wheeltec_ros2/install/nav_2d_utils/include/
-- Up-to-date: /home/wheeltec/wheeltec_ros2/install/nav_2d_utils/include//nav_2d_utils
-- Up-to-date: /home/wheeltec/wheeltec_ros2/install/nav_2d_utils/include//nav_2d_utils/tf_help.hpp
-- Up-to-date: /home/wheeltec/wheeltec_ros2/install/nav_2d_utils/include//nav_2d_utils/odom_subscriber.hpp
-- Up-to-date: /home/wheeltec/wheeltec_ros2/install/nav_2d_utils/include//nav_2d_utils/path_ops.hpp
-- Up-to-date: /home/wheeltec/wheeltec_ros2/install/nav_2d_utils/include//nav_2d_utils/conversions.hpp
-- Up-to-date: /home/wheeltec/wheeltec_ros2/install/nav_2d_utils/include//nav_2d_utils/parameters.hpp
-- Up-to-date: /home/wheeltec/wheeltec_ros2/install/nav_2d_utils/share/nav_2d_utils/environment/library_path.sh
-- Installing: /home/wheeltec/wheeltec_ros2/install/nav_2d_utils/share/nav_2d_utils/environment/library_path.dsv
-- Up-to-date: /home/wheeltec/wheeltec_ros2/install/nav_2d_utils/share/ament_index/resource_index/package_run_dependencies/nav_2d_utils
-- Installing: /home/wheeltec/wheeltec_ros2/install/nav_2d_utils/share/ament_index/resource_index/parent_prefix_path/nav_2d_utils
-- Installing: /home/wheeltec/wheeltec_ros2/install/nav_2d_utils/share/nav_2d_utils/environment/ament_prefix_path.sh
-- Installing: /home/wheeltec/wheeltec_ros2/install/nav_2d_utils/share/nav_2d_utils/environment/ament_prefix_path.dsv
-- Installing: /home/wheeltec/wheeltec_ros2/install/nav_2d_utils/share/nav_2d_utils/environment/path.sh
-- Installing: /home/wheeltec/wheeltec_ros2/install/nav_2d_utils/share/nav_2d_utils/environment/path.dsv
-- Up-to-date: /home/wheeltec/wheeltec_ros2/install/nav_2d_utils/share/nav_2d_utils/local_setup.bash
-- Up-to-date: /home/wheeltec/wheeltec_ros2/install/nav_2d_utils/share/nav_2d_utils/local_setup.sh
-- Up-to-date: /home/wheeltec/wheeltec_ros2/install/nav_2d_utils/share/nav_2d_utils/local_setup.zsh
-- Installing: /home/wheeltec/wheeltec_ros2/install/nav_2d_utils/share/nav_2d_utils/local_setup.dsv
-- Installing: /home/wheeltec/wheeltec_ros2/install/nav_2d_utils/share/nav_2d_utils/package.dsv
-- Up-to-date: /home/wheeltec/wheeltec_ros2/install/nav_2d_utils/share/ament_index/resource_index/packages/nav_2d_utils
-- Up-to-date: /home/wheeltec/wheeltec_ros2/install/nav_2d_utils/share/nav_2d_utils/cmake/ament_cmake_export_include_directories-extras.cmake
-- Up-to-date: /home/wheeltec/wheeltec_ros2/install/nav_2d_utils/share/nav_2d_utils/cmake/ament_cmake_export_libraries-extras.cmake
-- Up-to-date: /home/wheeltec/wheeltec_ros2/install/nav_2d_utils/share/nav_2d_utils/cmake/ament_cmake_export_dependencies-extras.cmake
-- Up-to-date: /home/wheeltec/wheeltec_ros2/install/nav_2d_utils/share/nav_2d_utils/cmake/nav_2d_utilsConfig.cmake
-- Up-to-date: /home/wheeltec/wheeltec_ros2/install/nav_2d_utils/share/nav_2d_utils/cmake/nav_2d_utilsConfig-version.cmake
-- Up-to-date: /home/wheeltec/wheeltec_ros2/install/nav_2d_utils/share/nav_2d_utils/package.xml
