-- Found ament_cmake: 1.1.6 (/opt/ros/galactic/share/ament_cmake/cmake)
-- Using PYTHON_EXECUTABLE: /usr/bin/python3
-- Configuring done
-- Generating done
-- Build files have been written to: /home/wheeltec/wheeltec_ros2/build/navigation2
-- Install configuration: ""
-- Up-to-date: /home/wheeltec/wheeltec_ros2/install/navigation2/share/ament_index/resource_index/package_run_dependencies/navigation2
-- Installing: /home/wheeltec/wheeltec_ros2/install/navigation2/share/ament_index/resource_index/parent_prefix_path/navigation2
-- Installing: /home/wheeltec/wheeltec_ros2/install/navigation2/share/navigation2/environment/ament_prefix_path.sh
-- Installing: /home/wheeltec/wheeltec_ros2/install/navigation2/share/navigation2/environment/ament_prefix_path.dsv
-- Installing: /home/wheeltec/wheeltec_ros2/install/navigation2/share/navigation2/environment/path.sh
-- Installing: /home/wheeltec/wheeltec_ros2/install/navigation2/share/navigation2/environment/path.dsv
-- Up-to-date: /home/wheeltec/wheeltec_ros2/install/navigation2/share/navigation2/local_setup.bash
-- Up-to-date: /home/wheeltec/wheeltec_ros2/install/navigation2/share/navigation2/local_setup.sh
-- Up-to-date: /home/wheeltec/wheeltec_ros2/install/navigation2/share/navigation2/local_setup.zsh
-- Installing: /home/wheeltec/wheeltec_ros2/install/navigation2/share/navigation2/local_setup.dsv
-- Installing: /home/wheeltec/wheeltec_ros2/install/navigation2/share/navigation2/package.dsv
-- Up-to-date: /home/wheeltec/wheeltec_ros2/install/navigation2/share/ament_index/resource_index/packages/navigation2
-- Up-to-date: /home/wheeltec/wheeltec_ros2/install/navigation2/share/navigation2/cmake/navigation2Config.cmake
-- Up-to-date: /home/wheeltec/wheeltec_ros2/install/navigation2/share/navigation2/cmake/navigation2Config-version.cmake
-- Up-to-date: /home/wheeltec/wheeltec_ros2/install/navigation2/share/navigation2/package.xml
