[0.106s] Invoking command in '/home/wheeltec/wheeltec_ros2/build/pcl_conversions': CMAKE_PREFIX_PATH=/opt/ros/galactic /usr/bin/cmake --build /home/wheeltec/wheeltec_ros2/build/pcl_conversions -- -j4 -l4
[0.461s] [ 33%] Built target gtest_main
[0.489s] [ 66%] Built target gtest
[0.747s] [100%] Built target pcl_conversions-test
[0.799s] Invoked command in '/home/wheeltec/wheeltec_ros2/build/pcl_conversions' returned '0': CMAKE_PREFIX_PATH=/opt/ros/galactic /usr/bin/cmake --build /home/wheeltec/wheeltec_ros2/build/pcl_conversions -- -j4 -l4
[0.956s] Invoking command in '/home/wheeltec/wheeltec_ros2/build/pcl_conversions': CMAKE_PREFIX_PATH=/opt/ros/galactic /usr/bin/cmake --install /home/wheeltec/wheeltec_ros2/build/pcl_conversions
[0.997s] -- Install configuration: ""
[1.000s] -- Execute custom install script
[1.002s] -- Up-to-date symlink: /home/wheeltec/wheeltec_ros2/install/pcl_conversions/include/pcl_conversions//pcl_conversions.h
[1.005s] -- Up-to-date symlink: /home/wheeltec/wheeltec_ros2/install/pcl_conversions/share/ament_index/resource_index/package_run_dependencies/pcl_conversions
[1.007s] -- Up-to-date symlink: /home/wheeltec/wheeltec_ros2/install/pcl_conversions/share/ament_index/resource_index/parent_prefix_path/pcl_conversions
[1.009s] -- Up-to-date symlink: /home/wheeltec/wheeltec_ros2/install/pcl_conversions/share/pcl_conversions/environment/ament_prefix_path.sh
[1.011s] -- Up-to-date symlink: /home/wheeltec/wheeltec_ros2/install/pcl_conversions/share/pcl_conversions/environment/ament_prefix_path.dsv
[1.013s] -- Up-to-date symlink: /home/wheeltec/wheeltec_ros2/install/pcl_conversions/share/pcl_conversions/environment/path.sh
[1.015s] -- Up-to-date symlink: /home/wheeltec/wheeltec_ros2/install/pcl_conversions/share/pcl_conversions/environment/path.dsv
[1.017s] -- Up-to-date symlink: /home/wheeltec/wheeltec_ros2/install/pcl_conversions/share/pcl_conversions/local_setup.bash
[1.019s] -- Up-to-date symlink: /home/wheeltec/wheeltec_ros2/install/pcl_conversions/share/pcl_conversions/local_setup.sh
[1.021s] -- Up-to-date symlink: /home/wheeltec/wheeltec_ros2/install/pcl_conversions/share/pcl_conversions/local_setup.zsh
[1.023s] -- Up-to-date symlink: /home/wheeltec/wheeltec_ros2/install/pcl_conversions/share/pcl_conversions/local_setup.dsv
[1.025s] -- Symlinking: /home/wheeltec/wheeltec_ros2/install/pcl_conversions/share/pcl_conversions/package.dsv
[1.105s] -- Up-to-date symlink: /home/wheeltec/wheeltec_ros2/install/pcl_conversions/share/ament_index/resource_index/packages/pcl_conversions
[1.108s] -- Up-to-date symlink: /home/wheeltec/wheeltec_ros2/install/pcl_conversions/share/pcl_conversions/cmake/ament_cmake_export_include_directories-extras.cmake
[1.110s] -- Up-to-date symlink: /home/wheeltec/wheeltec_ros2/install/pcl_conversions/share/pcl_conversions/cmake/ament_cmake_export_dependencies-extras.cmake
[1.112s] -- Up-to-date symlink: /home/wheeltec/wheeltec_ros2/install/pcl_conversions/share/pcl_conversions/cmake/pcl_conversionsConfig.cmake
[1.113s] -- Up-to-date symlink: /home/wheeltec/wheeltec_ros2/install/pcl_conversions/share/pcl_conversions/cmake/pcl_conversionsConfig-version.cmake
[1.115s] -- Up-to-date symlink: /home/wheeltec/wheeltec_ros2/install/pcl_conversions/share/pcl_conversions/package.xml
[1.130s] Invoked command in '/home/wheeltec/wheeltec_ros2/build/pcl_conversions' returned '0': CMAKE_PREFIX_PATH=/opt/ros/galactic /usr/bin/cmake --install /home/wheeltec/wheeltec_ros2/build/pcl_conversions
