[0.089s] Invoking command in '/home/wheeltec/wheeltec_ros2/build/ar_track_alvar_msgs': CMAKE_PREFIX_PATH=${CMAKE_PREFIX_PATH}:/home/wheeltec/wheeltec_ros2/install/wheeltec_robot_keyboard:/home/wheeltec/wheeltec_ros2/install/tf2_tools:/home/wheeltec/wheeltec_ros2/install/nav2_gazebo_spawner:/opt/ros/galactic /usr/bin/cmake --build /home/wheeltec/wheeltec_ros2/build/ar_track_alvar_msgs -- -j4 -l4
[0.390s] [  2%] Built target ar_track_alvar_msgs__cpp
[0.522s] [ 12%] Built target ar_track_alvar_msgs__rosidl_generator_c
[0.646s] [ 23%] Built target ar_track_alvar_msgs__rosidl_typesupport_cpp
[0.854s] [ 33%] Built target ar_track_alvar_msgs__rosidl_typesupport_introspection_c
[0.957s] [ 43%] Built target ar_track_alvar_msgs__rosidl_typesupport_c
[1.094s] [ 53%] Built target ar_track_alvar_msgs__rosidl_typesupport_introspection_cpp
[1.267s] [ 64%] Built target ar_track_alvar_msgs__rosidl_typesupport_fastrtps_cpp
[1.434s] [ 74%] Built target ar_track_alvar_msgs__rosidl_typesupport_fastrtps_c
[1.565s] [ 74%] Built target ar_track_alvar_msgs
[1.683s] [ 76%] Built target ar_track_alvar_msgs__py
[1.841s] [ 84%] Built target ar_track_alvar_msgs__python
[1.992s] [ 89%] Built target ar_track_alvar_msgs__rosidl_typesupport_c__pyext
[2.133s] [ 94%] Built target ar_track_alvar_msgs__rosidl_typesupport_fastrtps_c__pyext
[2.279s] [100%] Built target ar_track_alvar_msgs__rosidl_typesupport_introspection_c__pyext
[2.330s] Invoked command in '/home/wheeltec/wheeltec_ros2/build/ar_track_alvar_msgs' returned '0': CMAKE_PREFIX_PATH=${CMAKE_PREFIX_PATH}:/home/wheeltec/wheeltec_ros2/install/wheeltec_robot_keyboard:/home/wheeltec/wheeltec_ros2/install/tf2_tools:/home/wheeltec/wheeltec_ros2/install/nav2_gazebo_spawner:/opt/ros/galactic /usr/bin/cmake --build /home/wheeltec/wheeltec_ros2/build/ar_track_alvar_msgs -- -j4 -l4
[2.723s] Invoking command in '/home/wheeltec/wheeltec_ros2/build/ar_track_alvar_msgs': CMAKE_PREFIX_PATH=${CMAKE_PREFIX_PATH}:/home/wheeltec/wheeltec_ros2/install/wheeltec_robot_keyboard:/home/wheeltec/wheeltec_ros2/install/tf2_tools:/home/wheeltec/wheeltec_ros2/install/nav2_gazebo_spawner:/opt/ros/galactic /usr/bin/cmake --install /home/wheeltec/wheeltec_ros2/build/ar_track_alvar_msgs
[2.765s] -- Install configuration: ""
[2.767s] -- Up-to-date: /home/wheeltec/wheeltec_ros2/install/ar_track_alvar_msgs/share/ament_index/resource_index/rosidl_interfaces/ar_track_alvar_msgs
[2.767s] -- Up-to-date: /home/wheeltec/wheeltec_ros2/install/ar_track_alvar_msgs/include/ar_track_alvar_msgs
[2.768s] -- Up-to-date: /home/wheeltec/wheeltec_ros2/install/ar_track_alvar_msgs/include/ar_track_alvar_msgs/msg
[2.769s] -- Up-to-date: /home/wheeltec/wheeltec_ros2/install/ar_track_alvar_msgs/include/ar_track_alvar_msgs/msg/alvar_marker.h
[2.770s] -- Up-to-date: /home/wheeltec/wheeltec_ros2/install/ar_track_alvar_msgs/include/ar_track_alvar_msgs/msg/alvar_markers.h
[2.770s] -- Up-to-date: /home/wheeltec/wheeltec_ros2/install/ar_track_alvar_msgs/include/ar_track_alvar_msgs/msg/detail
[2.771s] -- Up-to-date: /home/wheeltec/wheeltec_ros2/install/ar_track_alvar_msgs/include/ar_track_alvar_msgs/msg/detail/alvar_markers__functions.h
[2.772s] -- Up-to-date: /home/wheeltec/wheeltec_ros2/install/ar_track_alvar_msgs/include/ar_track_alvar_msgs/msg/detail/alvar_markers__struct.h
[2.772s] -- Up-to-date: /home/wheeltec/wheeltec_ros2/install/ar_track_alvar_msgs/include/ar_track_alvar_msgs/msg/detail/alvar_markers__functions.c
[2.773s] -- Up-to-date: /home/wheeltec/wheeltec_ros2/install/ar_track_alvar_msgs/include/ar_track_alvar_msgs/msg/detail/alvar_markers__type_support.h
[2.774s] -- Up-to-date: /home/wheeltec/wheeltec_ros2/install/ar_track_alvar_msgs/include/ar_track_alvar_msgs/msg/detail/alvar_marker__type_support.h
[2.774s] -- Up-to-date: /home/wheeltec/wheeltec_ros2/install/ar_track_alvar_msgs/include/ar_track_alvar_msgs/msg/detail/alvar_marker__functions.h
[2.775s] -- Up-to-date: /home/wheeltec/wheeltec_ros2/install/ar_track_alvar_msgs/include/ar_track_alvar_msgs/msg/detail/alvar_marker__functions.c
[2.775s] -- Up-to-date: /home/wheeltec/wheeltec_ros2/install/ar_track_alvar_msgs/include/ar_track_alvar_msgs/msg/detail/alvar_marker__struct.h
[2.776s] -- Up-to-date: /home/wheeltec/wheeltec_ros2/install/ar_track_alvar_msgs/include/ar_track_alvar_msgs/msg/rosidl_generator_c__visibility_control.h
[2.777s] -- Up-to-date: /home/wheeltec/wheeltec_ros2/install/ar_track_alvar_msgs/share/ar_track_alvar_msgs/environment/library_path.sh
[2.778s] -- Up-to-date: /home/wheeltec/wheeltec_ros2/install/ar_track_alvar_msgs/share/ar_track_alvar_msgs/environment/library_path.dsv
[2.779s] -- Up-to-date: /home/wheeltec/wheeltec_ros2/install/ar_track_alvar_msgs/lib/libar_track_alvar_msgs__rosidl_generator_c.so
[2.779s] -- Up-to-date: /home/wheeltec/wheeltec_ros2/install/ar_track_alvar_msgs/include/ar_track_alvar_msgs
[2.780s] -- Up-to-date: /home/wheeltec/wheeltec_ros2/install/ar_track_alvar_msgs/include/ar_track_alvar_msgs/msg
[2.780s] -- Up-to-date: /home/wheeltec/wheeltec_ros2/install/ar_track_alvar_msgs/include/ar_track_alvar_msgs/msg/rosidl_typesupport_fastrtps_c__visibility_control.h
[2.781s] -- Up-to-date: /home/wheeltec/wheeltec_ros2/install/ar_track_alvar_msgs/include/ar_track_alvar_msgs/msg/detail
[2.782s] -- Up-to-date: /home/wheeltec/wheeltec_ros2/install/ar_track_alvar_msgs/include/ar_track_alvar_msgs/msg/detail/alvar_markers__rosidl_typesupport_fastrtps_c.h
[2.782s] -- Up-to-date: /home/wheeltec/wheeltec_ros2/install/ar_track_alvar_msgs/include/ar_track_alvar_msgs/msg/detail/alvar_marker__rosidl_typesupport_fastrtps_c.h
[2.783s] -- Up-to-date: /home/wheeltec/wheeltec_ros2/install/ar_track_alvar_msgs/lib/libar_track_alvar_msgs__rosidl_typesupport_fastrtps_c.so
[2.783s] -- Up-to-date: /home/wheeltec/wheeltec_ros2/install/ar_track_alvar_msgs/include/ar_track_alvar_msgs
[2.784s] -- Up-to-date: /home/wheeltec/wheeltec_ros2/install/ar_track_alvar_msgs/include/ar_track_alvar_msgs/msg
[2.785s] -- Up-to-date: /home/wheeltec/wheeltec_ros2/install/ar_track_alvar_msgs/include/ar_track_alvar_msgs/msg/detail
[2.786s] -- Up-to-date: /home/wheeltec/wheeltec_ros2/install/ar_track_alvar_msgs/include/ar_track_alvar_msgs/msg/detail/dds_fastrtps
[2.787s] -- Up-to-date: /home/wheeltec/wheeltec_ros2/install/ar_track_alvar_msgs/include/ar_track_alvar_msgs/msg/detail/alvar_markers__rosidl_typesupport_fastrtps_cpp.hpp
[2.787s] -- Up-to-date: /home/wheeltec/wheeltec_ros2/install/ar_track_alvar_msgs/include/ar_track_alvar_msgs/msg/detail/alvar_marker__rosidl_typesupport_fastrtps_cpp.hpp
[2.788s] -- Up-to-date: /home/wheeltec/wheeltec_ros2/install/ar_track_alvar_msgs/include/ar_track_alvar_msgs/msg/rosidl_typesupport_fastrtps_cpp__visibility_control.h
[2.788s] -- Up-to-date: /home/wheeltec/wheeltec_ros2/install/ar_track_alvar_msgs/lib/libar_track_alvar_msgs__rosidl_typesupport_fastrtps_cpp.so
[2.789s] -- Up-to-date: /home/wheeltec/wheeltec_ros2/install/ar_track_alvar_msgs/include/ar_track_alvar_msgs
[2.790s] -- Up-to-date: /home/wheeltec/wheeltec_ros2/install/ar_track_alvar_msgs/include/ar_track_alvar_msgs/msg
[2.790s] -- Up-to-date: /home/wheeltec/wheeltec_ros2/install/ar_track_alvar_msgs/include/ar_track_alvar_msgs/msg/rosidl_typesupport_introspection_c__visibility_control.h
[2.791s] -- Up-to-date: /home/wheeltec/wheeltec_ros2/install/ar_track_alvar_msgs/include/ar_track_alvar_msgs/msg/detail
[2.791s] -- Up-to-date: /home/wheeltec/wheeltec_ros2/install/ar_track_alvar_msgs/include/ar_track_alvar_msgs/msg/detail/alvar_markers__type_support.c
[2.792s] -- Up-to-date: /home/wheeltec/wheeltec_ros2/install/ar_track_alvar_msgs/include/ar_track_alvar_msgs/msg/detail/alvar_marker__type_support.c
[2.793s] -- Up-to-date: /home/wheeltec/wheeltec_ros2/install/ar_track_alvar_msgs/include/ar_track_alvar_msgs/msg/detail/alvar_markers__rosidl_typesupport_introspection_c.h
[2.793s] -- Up-to-date: /home/wheeltec/wheeltec_ros2/install/ar_track_alvar_msgs/include/ar_track_alvar_msgs/msg/detail/alvar_marker__rosidl_typesupport_introspection_c.h
[2.797s] -- Up-to-date: /home/wheeltec/wheeltec_ros2/install/ar_track_alvar_msgs/lib/libar_track_alvar_msgs__rosidl_typesupport_introspection_c.so
[2.797s] -- Up-to-date: /home/wheeltec/wheeltec_ros2/install/ar_track_alvar_msgs/lib/libar_track_alvar_msgs__rosidl_typesupport_c.so
[2.798s] -- Up-to-date: /home/wheeltec/wheeltec_ros2/install/ar_track_alvar_msgs/include/ar_track_alvar_msgs
[2.798s] -- Up-to-date: /home/wheeltec/wheeltec_ros2/install/ar_track_alvar_msgs/include/ar_track_alvar_msgs/msg
[2.799s] -- Up-to-date: /home/wheeltec/wheeltec_ros2/install/ar_track_alvar_msgs/include/ar_track_alvar_msgs/msg/alvar_markers.hpp
[2.799s] -- Up-to-date: /home/wheeltec/wheeltec_ros2/install/ar_track_alvar_msgs/include/ar_track_alvar_msgs/msg/detail
[2.800s] -- Up-to-date: /home/wheeltec/wheeltec_ros2/install/ar_track_alvar_msgs/include/ar_track_alvar_msgs/msg/detail/alvar_marker__struct.hpp
[2.801s] -- Up-to-date: /home/wheeltec/wheeltec_ros2/install/ar_track_alvar_msgs/include/ar_track_alvar_msgs/msg/detail/alvar_marker__builder.hpp
[2.801s] -- Up-to-date: /home/wheeltec/wheeltec_ros2/install/ar_track_alvar_msgs/include/ar_track_alvar_msgs/msg/detail/alvar_marker__traits.hpp
[2.801s] -- Up-to-date: /home/wheeltec/wheeltec_ros2/install/ar_track_alvar_msgs/include/ar_track_alvar_msgs/msg/detail/alvar_markers__struct.hpp
[2.802s] -- Up-to-date: /home/wheeltec/wheeltec_ros2/install/ar_track_alvar_msgs/include/ar_track_alvar_msgs/msg/detail/alvar_markers__traits.hpp
[2.802s] -- Up-to-date: /home/wheeltec/wheeltec_ros2/install/ar_track_alvar_msgs/include/ar_track_alvar_msgs/msg/detail/alvar_markers__builder.hpp
[2.802s] -- Up-to-date: /home/wheeltec/wheeltec_ros2/install/ar_track_alvar_msgs/include/ar_track_alvar_msgs/msg/alvar_marker.hpp
[2.803s] -- Up-to-date: /home/wheeltec/wheeltec_ros2/install/ar_track_alvar_msgs/include/ar_track_alvar_msgs
[2.804s] -- Up-to-date: /home/wheeltec/wheeltec_ros2/install/ar_track_alvar_msgs/include/ar_track_alvar_msgs/msg
[2.804s] -- Up-to-date: /home/wheeltec/wheeltec_ros2/install/ar_track_alvar_msgs/include/ar_track_alvar_msgs/msg/detail
[2.804s] -- Up-to-date: /home/wheeltec/wheeltec_ros2/install/ar_track_alvar_msgs/include/ar_track_alvar_msgs/msg/detail/alvar_markers__rosidl_typesupport_introspection_cpp.hpp
[2.805s] -- Up-to-date: /home/wheeltec/wheeltec_ros2/install/ar_track_alvar_msgs/include/ar_track_alvar_msgs/msg/detail/alvar_marker__rosidl_typesupport_introspection_cpp.hpp
[2.805s] -- Up-to-date: /home/wheeltec/wheeltec_ros2/install/ar_track_alvar_msgs/include/ar_track_alvar_msgs/msg/detail/alvar_markers__type_support.cpp
[2.806s] -- Up-to-date: /home/wheeltec/wheeltec_ros2/install/ar_track_alvar_msgs/include/ar_track_alvar_msgs/msg/detail/alvar_marker__type_support.cpp
[2.806s] -- Up-to-date: /home/wheeltec/wheeltec_ros2/install/ar_track_alvar_msgs/lib/libar_track_alvar_msgs__rosidl_typesupport_introspection_cpp.so
[2.806s] -- Up-to-date: /home/wheeltec/wheeltec_ros2/install/ar_track_alvar_msgs/lib/libar_track_alvar_msgs__rosidl_typesupport_cpp.so
[2.807s] -- Up-to-date: /home/wheeltec/wheeltec_ros2/install/ar_track_alvar_msgs/share/ar_track_alvar_msgs/environment/pythonpath.sh
[2.807s] -- Up-to-date: /home/wheeltec/wheeltec_ros2/install/ar_track_alvar_msgs/share/ar_track_alvar_msgs/environment/pythonpath.dsv
[2.807s] -- Up-to-date: /home/wheeltec/wheeltec_ros2/install/ar_track_alvar_msgs/lib/python3.8/site-packages/ar_track_alvar_msgs/__init__.py
[2.995s] -- Up-to-date: /home/wheeltec/wheeltec_ros2/install/ar_track_alvar_msgs/lib/python3.8/site-packages/ar_track_alvar_msgs/msg
[2.996s] -- Up-to-date: /home/wheeltec/wheeltec_ros2/install/ar_track_alvar_msgs/lib/python3.8/site-packages/ar_track_alvar_msgs/msg/__init__.py
[2.998s] -- Up-to-date: /home/wheeltec/wheeltec_ros2/install/ar_track_alvar_msgs/lib/python3.8/site-packages/ar_track_alvar_msgs/msg/_alvar_markers.py
[2.998s] -- Up-to-date: /home/wheeltec/wheeltec_ros2/install/ar_track_alvar_msgs/lib/python3.8/site-packages/ar_track_alvar_msgs/msg/_alvar_markers_s.c
[2.999s] -- Up-to-date: /home/wheeltec/wheeltec_ros2/install/ar_track_alvar_msgs/lib/python3.8/site-packages/ar_track_alvar_msgs/msg/_alvar_marker.py
[2.999s] -- Up-to-date: /home/wheeltec/wheeltec_ros2/install/ar_track_alvar_msgs/lib/python3.8/site-packages/ar_track_alvar_msgs/msg/_alvar_marker_s.c
[3.003s] -- Up-to-date: /home/wheeltec/wheeltec_ros2/install/ar_track_alvar_msgs/lib/python3.8/site-packages/ar_track_alvar_msgs/ar_track_alvar_msgs_s__rosidl_typesupport_fastrtps_c.cpython-38-aarch64-linux-gnu.so
[3.007s] -- Up-to-date: /home/wheeltec/wheeltec_ros2/install/ar_track_alvar_msgs/lib/python3.8/site-packages/ar_track_alvar_msgs/ar_track_alvar_msgs_s__rosidl_typesupport_introspection_c.cpython-38-aarch64-linux-gnu.so
[3.019s] -- Up-to-date: /home/wheeltec/wheeltec_ros2/install/ar_track_alvar_msgs/lib/python3.8/site-packages/ar_track_alvar_msgs/ar_track_alvar_msgs_s__rosidl_typesupport_c.cpython-38-aarch64-linux-gnu.so
[3.022s] -- Up-to-date: /home/wheeltec/wheeltec_ros2/install/ar_track_alvar_msgs/lib/libar_track_alvar_msgs__python.so
[3.023s] -- Up-to-date: /home/wheeltec/wheeltec_ros2/install/ar_track_alvar_msgs/share/ar_track_alvar_msgs/msg/AlvarMarkers.idl
[3.023s] -- Up-to-date: /home/wheeltec/wheeltec_ros2/install/ar_track_alvar_msgs/share/ar_track_alvar_msgs/msg/AlvarMarker.idl
[3.024s] -- Up-to-date: /home/wheeltec/wheeltec_ros2/install/ar_track_alvar_msgs/share/ar_track_alvar_msgs/msg/AlvarMarkers.msg
[3.024s] -- Up-to-date: /home/wheeltec/wheeltec_ros2/install/ar_track_alvar_msgs/share/ar_track_alvar_msgs/msg/AlvarMarker.msg
[3.025s] -- Up-to-date: /home/wheeltec/wheeltec_ros2/install/ar_track_alvar_msgs/share/ament_index/resource_index/package_run_dependencies/ar_track_alvar_msgs
[3.026s] -- Up-to-date: /home/wheeltec/wheeltec_ros2/install/ar_track_alvar_msgs/share/ament_index/resource_index/parent_prefix_path/ar_track_alvar_msgs
[3.026s] -- Up-to-date: /home/wheeltec/wheeltec_ros2/install/ar_track_alvar_msgs/share/ar_track_alvar_msgs/environment/ament_prefix_path.sh
[3.027s] -- Up-to-date: /home/wheeltec/wheeltec_ros2/install/ar_track_alvar_msgs/share/ar_track_alvar_msgs/environment/ament_prefix_path.dsv
[3.027s] -- Up-to-date: /home/wheeltec/wheeltec_ros2/install/ar_track_alvar_msgs/share/ar_track_alvar_msgs/environment/path.sh
[3.028s] -- Up-to-date: /home/wheeltec/wheeltec_ros2/install/ar_track_alvar_msgs/share/ar_track_alvar_msgs/environment/path.dsv
[3.029s] -- Up-to-date: /home/wheeltec/wheeltec_ros2/install/ar_track_alvar_msgs/share/ar_track_alvar_msgs/local_setup.bash
[3.031s] -- Up-to-date: /home/wheeltec/wheeltec_ros2/install/ar_track_alvar_msgs/share/ar_track_alvar_msgs/local_setup.sh
[3.032s] -- Up-to-date: /home/wheeltec/wheeltec_ros2/install/ar_track_alvar_msgs/share/ar_track_alvar_msgs/local_setup.zsh
[3.034s] -- Up-to-date: /home/wheeltec/wheeltec_ros2/install/ar_track_alvar_msgs/share/ar_track_alvar_msgs/local_setup.dsv
[3.037s] -- Installing: /home/wheeltec/wheeltec_ros2/install/ar_track_alvar_msgs/share/ar_track_alvar_msgs/package.dsv
[3.038s] -- Up-to-date: /home/wheeltec/wheeltec_ros2/install/ar_track_alvar_msgs/share/ament_index/resource_index/packages/ar_track_alvar_msgs
[3.039s] -- Up-to-date: /home/wheeltec/wheeltec_ros2/install/ar_track_alvar_msgs/share/ar_track_alvar_msgs/cmake/ar_track_alvar_msgs__rosidl_generator_cExport.cmake
[3.039s] -- Up-to-date: /home/wheeltec/wheeltec_ros2/install/ar_track_alvar_msgs/share/ar_track_alvar_msgs/cmake/ar_track_alvar_msgs__rosidl_generator_cExport-noconfig.cmake
[3.040s] -- Up-to-date: /home/wheeltec/wheeltec_ros2/install/ar_track_alvar_msgs/share/ar_track_alvar_msgs/cmake/ar_track_alvar_msgs__rosidl_typesupport_introspection_cExport.cmake
[3.040s] -- Up-to-date: /home/wheeltec/wheeltec_ros2/install/ar_track_alvar_msgs/share/ar_track_alvar_msgs/cmake/ar_track_alvar_msgs__rosidl_typesupport_introspection_cExport-noconfig.cmake
[3.041s] -- Up-to-date: /home/wheeltec/wheeltec_ros2/install/ar_track_alvar_msgs/share/ar_track_alvar_msgs/cmake/ar_track_alvar_msgs__rosidl_typesupport_cExport.cmake
[3.059s] -- Up-to-date: /home/wheeltec/wheeltec_ros2/install/ar_track_alvar_msgs/share/ar_track_alvar_msgs/cmake/ar_track_alvar_msgs__rosidl_typesupport_cExport-noconfig.cmake
[3.070s] -- Up-to-date: /home/wheeltec/wheeltec_ros2/install/ar_track_alvar_msgs/share/ar_track_alvar_msgs/cmake/ar_track_alvar_msgs__rosidl_generator_cppExport.cmake
[3.078s] -- Up-to-date: /home/wheeltec/wheeltec_ros2/install/ar_track_alvar_msgs/share/ar_track_alvar_msgs/cmake/ar_track_alvar_msgs__rosidl_typesupport_introspection_cppExport.cmake
[3.079s] -- Up-to-date: /home/wheeltec/wheeltec_ros2/install/ar_track_alvar_msgs/share/ar_track_alvar_msgs/cmake/ar_track_alvar_msgs__rosidl_typesupport_introspection_cppExport-noconfig.cmake
[3.079s] -- Up-to-date: /home/wheeltec/wheeltec_ros2/install/ar_track_alvar_msgs/share/ar_track_alvar_msgs/cmake/ar_track_alvar_msgs__rosidl_typesupport_cppExport.cmake
[3.080s] -- Up-to-date: /home/wheeltec/wheeltec_ros2/install/ar_track_alvar_msgs/share/ar_track_alvar_msgs/cmake/ar_track_alvar_msgs__rosidl_typesupport_cppExport-noconfig.cmake
[3.080s] -- Up-to-date: /home/wheeltec/wheeltec_ros2/install/ar_track_alvar_msgs/share/ar_track_alvar_msgs/cmake/rosidl_cmake-extras.cmake
[3.081s] -- Up-to-date: /home/wheeltec/wheeltec_ros2/install/ar_track_alvar_msgs/share/ar_track_alvar_msgs/cmake/ament_cmake_export_dependencies-extras.cmake
[3.081s] -- Up-to-date: /home/wheeltec/wheeltec_ros2/install/ar_track_alvar_msgs/share/ar_track_alvar_msgs/cmake/ament_cmake_export_libraries-extras.cmake
[3.082s] -- Up-to-date: /home/wheeltec/wheeltec_ros2/install/ar_track_alvar_msgs/share/ar_track_alvar_msgs/cmake/ament_cmake_export_targets-extras.cmake
[3.082s] -- Up-to-date: /home/wheeltec/wheeltec_ros2/install/ar_track_alvar_msgs/share/ar_track_alvar_msgs/cmake/ament_cmake_export_include_directories-extras.cmake
[3.083s] -- Up-to-date: /home/wheeltec/wheeltec_ros2/install/ar_track_alvar_msgs/share/ar_track_alvar_msgs/cmake/rosidl_cmake_export_typesupport_libraries-extras.cmake
[3.084s] -- Up-to-date: /home/wheeltec/wheeltec_ros2/install/ar_track_alvar_msgs/share/ar_track_alvar_msgs/cmake/rosidl_cmake_export_typesupport_targets-extras.cmake
[3.085s] -- Up-to-date: /home/wheeltec/wheeltec_ros2/install/ar_track_alvar_msgs/share/ar_track_alvar_msgs/cmake/ar_track_alvar_msgsConfig.cmake
[3.086s] -- Up-to-date: /home/wheeltec/wheeltec_ros2/install/ar_track_alvar_msgs/share/ar_track_alvar_msgs/cmake/ar_track_alvar_msgsConfig-version.cmake
[3.086s] -- Up-to-date: /home/wheeltec/wheeltec_ros2/install/ar_track_alvar_msgs/share/ar_track_alvar_msgs/package.xml
[3.087s] Invoked command in '/home/wheeltec/wheeltec_ros2/build/ar_track_alvar_msgs' returned '0': CMAKE_PREFIX_PATH=${CMAKE_PREFIX_PATH}:/home/wheeltec/wheeltec_ros2/install/wheeltec_robot_keyboard:/home/wheeltec/wheeltec_ros2/install/tf2_tools:/home/wheeltec/wheeltec_ros2/install/nav2_gazebo_spawner:/opt/ros/galactic /usr/bin/cmake --install /home/wheeltec/wheeltec_ros2/build/ar_track_alvar_msgs
