[9.429s] Invoking command in '/home/wheeltec/wheeltec_ros2/src/navigation2-galactic/nav2_bringup/nav2_gazebo_spawner': PYTHONPATH=/home/wheeltec/wheeltec_ros2/build/nav2_gazebo_spawner/prefix_override:/usr/lib/python3/dist-packages/colcon_core/task/python/colcon_distutils_commands:/home/wheeltec/wheeltec_ros2/install/nav2_gazebo_spawner/lib/python3.8/site-packages:${PYTHONPATH} /usr/bin/python3 -W ignore:setup.py install is deprecated setup.py egg_info --egg-base ../../../../build/nav2_gazebo_spawner build --build-base /home/wheeltec/wheeltec_ros2/build/nav2_gazebo_spawner/build install --record /home/wheeltec/wheeltec_ros2/build/nav2_gazebo_spawner/install.log --install-scripts $base/lib/nav2_gazebo_spawner --single-version-externally-managed install_data
[12.595s] /home/wheeltec/.local/lib/python3.8/site-packages/setuptools/dist.py:771: UserWarning: Usage of dash-separated 'script-dir' will not be supported in future versions. Please use the underscore name 'script_dir' instead
[12.595s]   warnings.warn(
[13.202s] running egg_info
[13.286s] writing ../../../../build/nav2_gazebo_spawner/nav2_gazebo_spawner.egg-info/PKG-INFO
[13.288s] writing dependency_links to ../../../../build/nav2_gazebo_spawner/nav2_gazebo_spawner.egg-info/dependency_links.txt
[13.290s] writing entry points to ../../../../build/nav2_gazebo_spawner/nav2_gazebo_spawner.egg-info/entry_points.txt
[13.292s] writing requirements to ../../../../build/nav2_gazebo_spawner/nav2_gazebo_spawner.egg-info/requires.txt
[13.293s] writing top-level names to ../../../../build/nav2_gazebo_spawner/nav2_gazebo_spawner.egg-info/top_level.txt
[13.472s] reading manifest file '../../../../build/nav2_gazebo_spawner/nav2_gazebo_spawner.egg-info/SOURCES.txt'
[13.477s] writing manifest file '../../../../build/nav2_gazebo_spawner/nav2_gazebo_spawner.egg-info/SOURCES.txt'
[13.478s] running build
[13.478s] running build_py
[13.481s] running install
[13.509s] running install_lib
[13.607s] running install_data
[13.607s] running install_egg_info
[13.695s] removing '/home/wheeltec/wheeltec_ros2/install/nav2_gazebo_spawner/lib/python3.8/site-packages/nav2_gazebo_spawner-0.3.0-py3.8.egg-info' (and everything under it)
[13.697s] Copying ../../../../build/nav2_gazebo_spawner/nav2_gazebo_spawner.egg-info to /home/wheeltec/wheeltec_ros2/install/nav2_gazebo_spawner/lib/python3.8/site-packages/nav2_gazebo_spawner-0.3.0-py3.8.egg-info
[13.704s] running install_scripts
[14.159s] Installing nav2_gazebo_spawner script to /home/wheeltec/wheeltec_ros2/install/nav2_gazebo_spawner/lib/nav2_gazebo_spawner
[14.167s] writing list of installed files to '/home/wheeltec/wheeltec_ros2/build/nav2_gazebo_spawner/install.log'
[14.514s] Invoked command in '/home/wheeltec/wheeltec_ros2/src/navigation2-galactic/nav2_bringup/nav2_gazebo_spawner' returned '0': PYTHONPATH=/home/wheeltec/wheeltec_ros2/build/nav2_gazebo_spawner/prefix_override:/usr/lib/python3/dist-packages/colcon_core/task/python/colcon_distutils_commands:/home/wheeltec/wheeltec_ros2/install/nav2_gazebo_spawner/lib/python3.8/site-packages:${PYTHONPATH} /usr/bin/python3 -W ignore:setup.py install is deprecated setup.py egg_info --egg-base ../../../../build/nav2_gazebo_spawner build --build-base /home/wheeltec/wheeltec_ros2/build/nav2_gazebo_spawner/build install --record /home/wheeltec/wheeltec_ros2/build/nav2_gazebo_spawner/install.log --install-scripts $base/lib/nav2_gazebo_spawner --single-version-externally-managed install_data
