[0.234s] Invoking command in '/home/wheeltec/wheeltec_ros2/build/nav2_waypoint_follower': AMENT_PREFIX_PATH=/home/wheeltec/wheeltec_ros2/install/nav2_core:/home/wheeltec/wheeltec_ros2/install/nav2_costmap_2d:/home/wheeltec/wheeltec_ros2/install/nav2_map_server:/home/wheeltec/wheeltec_ros2/install/nav2_lifecycle_manager:/home/wheeltec/wheeltec_ros2/install/nav2_util:/home/wheeltec/wheeltec_ros2/install/nav2_voxel_grid:/home/wheeltec/wheeltec_ros2/install/nav2_msgs:/home/wheeltec/wheeltec_ros2/install/nav2_common:${AMENT_PREFIX_PATH} CMAKE_PREFIX_PATH=/home/wheeltec/wheeltec_ros2/install/nav2_core:/home/wheeltec/wheeltec_ros2/install/nav2_costmap_2d:/home/wheeltec/wheeltec_ros2/install/nav2_map_server:/home/wheeltec/wheeltec_ros2/install/nav2_lifecycle_manager:/home/wheeltec/wheeltec_ros2/install/nav2_util:/home/wheeltec/wheeltec_ros2/install/nav2_voxel_grid:/home/wheeltec/wheeltec_ros2/install/nav2_msgs:/home/wheeltec/wheeltec_ros2/install/nav2_common:/opt/ros/galactic LD_LIBRARY_PATH=/home/wheeltec/wheeltec_ros2/install/nav2_costmap_2d/lib:/home/wheeltec/wheeltec_ros2/install/nav2_map_server/lib:/home/wheeltec/wheeltec_ros2/install/nav2_lifecycle_manager/lib:/home/wheeltec/wheeltec_ros2/install/nav2_util/lib:/home/wheeltec/wheeltec_ros2/install/nav2_voxel_grid/lib:/home/wheeltec/wheeltec_ros2/install/nav2_msgs/lib:${LD_LIBRARY_PATH} PYTHONPATH=/home/wheeltec/wheeltec_ros2/install/nav2_msgs/lib/python3.8/site-packages:/home/wheeltec/wheeltec_ros2/install/nav2_common/lib/python3.8/site-packages:${PYTHONPATH} /usr/bin/cmake --build /home/wheeltec/wheeltec_ros2/build/nav2_waypoint_follower -- -j4 -l4
[0.723s] [ 12%] Built target input_at_waypoint
[0.945s] [ 37%] Built target gtest
[0.949s] [ 37%] Built target photo_at_waypoint
[0.954s] [ 50%] Built target waypoint_follower_core
[0.964s] [ 62%] Built target wait_at_waypoint
[1.040s] [ 75%] Built target gtest_main
[1.187s] [ 87%] Built target waypoint_follower
[1.250s] [100%] Built target test_task_executors
[1.295s] Invoked command in '/home/wheeltec/wheeltec_ros2/build/nav2_waypoint_follower' returned '0': AMENT_PREFIX_PATH=/home/wheeltec/wheeltec_ros2/install/nav2_core:/home/wheeltec/wheeltec_ros2/install/nav2_costmap_2d:/home/wheeltec/wheeltec_ros2/install/nav2_map_server:/home/wheeltec/wheeltec_ros2/install/nav2_lifecycle_manager:/home/wheeltec/wheeltec_ros2/install/nav2_util:/home/wheeltec/wheeltec_ros2/install/nav2_voxel_grid:/home/wheeltec/wheeltec_ros2/install/nav2_msgs:/home/wheeltec/wheeltec_ros2/install/nav2_common:${AMENT_PREFIX_PATH} CMAKE_PREFIX_PATH=/home/wheeltec/wheeltec_ros2/install/nav2_core:/home/wheeltec/wheeltec_ros2/install/nav2_costmap_2d:/home/wheeltec/wheeltec_ros2/install/nav2_map_server:/home/wheeltec/wheeltec_ros2/install/nav2_lifecycle_manager:/home/wheeltec/wheeltec_ros2/install/nav2_util:/home/wheeltec/wheeltec_ros2/install/nav2_voxel_grid:/home/wheeltec/wheeltec_ros2/install/nav2_msgs:/home/wheeltec/wheeltec_ros2/install/nav2_common:/opt/ros/galactic LD_LIBRARY_PATH=/home/wheeltec/wheeltec_ros2/install/nav2_costmap_2d/lib:/home/wheeltec/wheeltec_ros2/install/nav2_map_server/lib:/home/wheeltec/wheeltec_ros2/install/nav2_lifecycle_manager/lib:/home/wheeltec/wheeltec_ros2/install/nav2_util/lib:/home/wheeltec/wheeltec_ros2/install/nav2_voxel_grid/lib:/home/wheeltec/wheeltec_ros2/install/nav2_msgs/lib:${LD_LIBRARY_PATH} PYTHONPATH=/home/wheeltec/wheeltec_ros2/install/nav2_msgs/lib/python3.8/site-packages:/home/wheeltec/wheeltec_ros2/install/nav2_common/lib/python3.8/site-packages:${PYTHONPATH} /usr/bin/cmake --build /home/wheeltec/wheeltec_ros2/build/nav2_waypoint_follower -- -j4 -l4
[1.503s] Invoking command in '/home/wheeltec/wheeltec_ros2/build/nav2_waypoint_follower': AMENT_PREFIX_PATH=/home/wheeltec/wheeltec_ros2/install/nav2_core:/home/wheeltec/wheeltec_ros2/install/nav2_costmap_2d:/home/wheeltec/wheeltec_ros2/install/nav2_map_server:/home/wheeltec/wheeltec_ros2/install/nav2_lifecycle_manager:/home/wheeltec/wheeltec_ros2/install/nav2_util:/home/wheeltec/wheeltec_ros2/install/nav2_voxel_grid:/home/wheeltec/wheeltec_ros2/install/nav2_msgs:/home/wheeltec/wheeltec_ros2/install/nav2_common:${AMENT_PREFIX_PATH} CMAKE_PREFIX_PATH=/home/wheeltec/wheeltec_ros2/install/nav2_core:/home/wheeltec/wheeltec_ros2/install/nav2_costmap_2d:/home/wheeltec/wheeltec_ros2/install/nav2_map_server:/home/wheeltec/wheeltec_ros2/install/nav2_lifecycle_manager:/home/wheeltec/wheeltec_ros2/install/nav2_util:/home/wheeltec/wheeltec_ros2/install/nav2_voxel_grid:/home/wheeltec/wheeltec_ros2/install/nav2_msgs:/home/wheeltec/wheeltec_ros2/install/nav2_common:/opt/ros/galactic LD_LIBRARY_PATH=/home/wheeltec/wheeltec_ros2/install/nav2_costmap_2d/lib:/home/wheeltec/wheeltec_ros2/install/nav2_map_server/lib:/home/wheeltec/wheeltec_ros2/install/nav2_lifecycle_manager/lib:/home/wheeltec/wheeltec_ros2/install/nav2_util/lib:/home/wheeltec/wheeltec_ros2/install/nav2_voxel_grid/lib:/home/wheeltec/wheeltec_ros2/install/nav2_msgs/lib:${LD_LIBRARY_PATH} PYTHONPATH=/home/wheeltec/wheeltec_ros2/install/nav2_msgs/lib/python3.8/site-packages:/home/wheeltec/wheeltec_ros2/install/nav2_common/lib/python3.8/site-packages:${PYTHONPATH} /usr/bin/cmake --install /home/wheeltec/wheeltec_ros2/build/nav2_waypoint_follower
[1.552s] -- Install configuration: "Release"
[1.558s] -- Up-to-date: /home/wheeltec/wheeltec_ros2/install/nav2_waypoint_follower/lib/libwaypoint_follower_core.so
[1.562s] -- Up-to-date: /home/wheeltec/wheeltec_ros2/install/nav2_waypoint_follower/lib/libwait_at_waypoint.so
[1.563s] -- Up-to-date: /home/wheeltec/wheeltec_ros2/install/nav2_waypoint_follower/lib/libphoto_at_waypoint.so
[1.571s] -- Up-to-date: /home/wheeltec/wheeltec_ros2/install/nav2_waypoint_follower/lib/libinput_at_waypoint.so
[1.980s] -- Up-to-date: /home/wheeltec/wheeltec_ros2/install/nav2_waypoint_follower/lib/nav2_waypoint_follower/waypoint_follower
[1.980s] -- Up-to-date: /home/wheeltec/wheeltec_ros2/install/nav2_waypoint_follower/include/
[1.985s] -- Up-to-date: /home/wheeltec/wheeltec_ros2/install/nav2_waypoint_follower/include//nav2_waypoint_follower
[1.992s] -- Up-to-date: /home/wheeltec/wheeltec_ros2/install/nav2_waypoint_follower/include//nav2_waypoint_follower/plugins
[1.998s] -- Up-to-date: /home/wheeltec/wheeltec_ros2/install/nav2_waypoint_follower/include//nav2_waypoint_follower/plugins/wait_at_waypoint.hpp
[1.998s] -- Up-to-date: /home/wheeltec/wheeltec_ros2/install/nav2_waypoint_follower/include//nav2_waypoint_follower/plugins/photo_at_waypoint.hpp
[1.999s] -- Up-to-date: /home/wheeltec/wheeltec_ros2/install/nav2_waypoint_follower/include//nav2_waypoint_follower/plugins/input_at_waypoint.hpp
[1.999s] -- Up-to-date: /home/wheeltec/wheeltec_ros2/install/nav2_waypoint_follower/include//nav2_waypoint_follower/waypoint_follower.hpp
[2.011s] -- Up-to-date: /home/wheeltec/wheeltec_ros2/install/nav2_waypoint_follower/share/nav2_waypoint_follower/environment/library_path.sh
[2.011s] -- Up-to-date: /home/wheeltec/wheeltec_ros2/install/nav2_waypoint_follower/share/nav2_waypoint_follower/environment/library_path.dsv
[2.012s] -- Up-to-date: /home/wheeltec/wheeltec_ros2/install/nav2_waypoint_follower/share/nav2_waypoint_follower/plugins.xml
[2.025s] -- Up-to-date: /home/wheeltec/wheeltec_ros2/install/nav2_waypoint_follower/share/ament_index/resource_index/package_run_dependencies/nav2_waypoint_follower
[2.027s] -- Up-to-date: /home/wheeltec/wheeltec_ros2/install/nav2_waypoint_follower/share/ament_index/resource_index/parent_prefix_path/nav2_waypoint_follower
[2.028s] -- Up-to-date: /home/wheeltec/wheeltec_ros2/install/nav2_waypoint_follower/share/nav2_waypoint_follower/environment/ament_prefix_path.sh
[2.029s] -- Up-to-date: /home/wheeltec/wheeltec_ros2/install/nav2_waypoint_follower/share/nav2_waypoint_follower/environment/ament_prefix_path.dsv
[2.029s] -- Up-to-date: /home/wheeltec/wheeltec_ros2/install/nav2_waypoint_follower/share/nav2_waypoint_follower/environment/path.sh
[2.030s] -- Up-to-date: /home/wheeltec/wheeltec_ros2/install/nav2_waypoint_follower/share/nav2_waypoint_follower/environment/path.dsv
[2.030s] -- Up-to-date: /home/wheeltec/wheeltec_ros2/install/nav2_waypoint_follower/share/nav2_waypoint_follower/local_setup.bash
[2.031s] -- Up-to-date: /home/wheeltec/wheeltec_ros2/install/nav2_waypoint_follower/share/nav2_waypoint_follower/local_setup.sh
[2.031s] -- Up-to-date: /home/wheeltec/wheeltec_ros2/install/nav2_waypoint_follower/share/nav2_waypoint_follower/local_setup.zsh
[2.032s] -- Up-to-date: /home/wheeltec/wheeltec_ros2/install/nav2_waypoint_follower/share/nav2_waypoint_follower/local_setup.dsv
[2.032s] -- Installing: /home/wheeltec/wheeltec_ros2/install/nav2_waypoint_follower/share/nav2_waypoint_follower/package.dsv
[2.035s] -- Up-to-date: /home/wheeltec/wheeltec_ros2/install/nav2_waypoint_follower/share/ament_index/resource_index/packages/nav2_waypoint_follower
[2.039s] -- Up-to-date: /home/wheeltec/wheeltec_ros2/install/nav2_waypoint_follower/share/ament_index/resource_index/nav2_waypoint_follower__pluginlib__plugin/nav2_waypoint_follower
[2.056s] -- Up-to-date: /home/wheeltec/wheeltec_ros2/install/nav2_waypoint_follower/share/nav2_waypoint_follower/cmake/ament_cmake_export_include_directories-extras.cmake
[2.057s] -- Up-to-date: /home/wheeltec/wheeltec_ros2/install/nav2_waypoint_follower/share/nav2_waypoint_follower/cmake/ament_cmake_export_libraries-extras.cmake
[2.058s] -- Up-to-date: /home/wheeltec/wheeltec_ros2/install/nav2_waypoint_follower/share/nav2_waypoint_follower/cmake/ament_cmake_export_dependencies-extras.cmake
[2.059s] -- Up-to-date: /home/wheeltec/wheeltec_ros2/install/nav2_waypoint_follower/share/nav2_waypoint_follower/cmake/nav2_waypoint_followerConfig.cmake
[2.060s] -- Up-to-date: /home/wheeltec/wheeltec_ros2/install/nav2_waypoint_follower/share/nav2_waypoint_follower/cmake/nav2_waypoint_followerConfig-version.cmake
[2.062s] -- Up-to-date: /home/wheeltec/wheeltec_ros2/install/nav2_waypoint_follower/share/nav2_waypoint_follower/package.xml
[2.123s] Invoked command in '/home/wheeltec/wheeltec_ros2/build/nav2_waypoint_follower' returned '0': AMENT_PREFIX_PATH=/home/wheeltec/wheeltec_ros2/install/nav2_core:/home/wheeltec/wheeltec_ros2/install/nav2_costmap_2d:/home/wheeltec/wheeltec_ros2/install/nav2_map_server:/home/wheeltec/wheeltec_ros2/install/nav2_lifecycle_manager:/home/wheeltec/wheeltec_ros2/install/nav2_util:/home/wheeltec/wheeltec_ros2/install/nav2_voxel_grid:/home/wheeltec/wheeltec_ros2/install/nav2_msgs:/home/wheeltec/wheeltec_ros2/install/nav2_common:${AMENT_PREFIX_PATH} CMAKE_PREFIX_PATH=/home/wheeltec/wheeltec_ros2/install/nav2_core:/home/wheeltec/wheeltec_ros2/install/nav2_costmap_2d:/home/wheeltec/wheeltec_ros2/install/nav2_map_server:/home/wheeltec/wheeltec_ros2/install/nav2_lifecycle_manager:/home/wheeltec/wheeltec_ros2/install/nav2_util:/home/wheeltec/wheeltec_ros2/install/nav2_voxel_grid:/home/wheeltec/wheeltec_ros2/install/nav2_msgs:/home/wheeltec/wheeltec_ros2/install/nav2_common:/opt/ros/galactic LD_LIBRARY_PATH=/home/wheeltec/wheeltec_ros2/install/nav2_costmap_2d/lib:/home/wheeltec/wheeltec_ros2/install/nav2_map_server/lib:/home/wheeltec/wheeltec_ros2/install/nav2_lifecycle_manager/lib:/home/wheeltec/wheeltec_ros2/install/nav2_util/lib:/home/wheeltec/wheeltec_ros2/install/nav2_voxel_grid/lib:/home/wheeltec/wheeltec_ros2/install/nav2_msgs/lib:${LD_LIBRARY_PATH} PYTHONPATH=/home/wheeltec/wheeltec_ros2/install/nav2_msgs/lib/python3.8/site-packages:/home/wheeltec/wheeltec_ros2/install/nav2_common/lib/python3.8/site-packages:${PYTHONPATH} /usr/bin/cmake --install /home/wheeltec/wheeltec_ros2/build/nav2_waypoint_follower
