[0.074s] Invoking command in '/home/wheeltec/wheeltec_ros2/build/nav2_msgs': AMENT_PREFIX_PATH=/home/wheeltec/wheeltec_ros2/install/nav2_common:${AMENT_PREFIX_PATH} CMAKE_PREFIX_PATH=/home/wheeltec/wheeltec_ros2/install/nav2_common:/opt/ros/galactic PYTHONPATH=/home/wheeltec/wheeltec_ros2/install/nav2_common/lib/python3.8/site-packages:${PYTHONPATH} /usr/bin/cmake --build /home/wheeltec/wheeltec_ros2/build/nav2_msgs -- -j4 -l4
[0.399s] [  0%] Built target nav2_msgs__cpp
[0.442s] [ 12%] Built target nav2_msgs__rosidl_generator_c
[0.616s] [ 25%] Built target nav2_msgs__rosidl_typesupport_introspection_cpp
[0.647s] [ 37%] Built target nav2_msgs__rosidl_typesupport_cpp
[0.693s] [ 49%] Built target nav2_msgs__rosidl_typesupport_c
[0.696s] [ 61%] Built target nav2_msgs__rosidl_typesupport_fastrtps_cpp
[0.893s] [ 74%] Built target nav2_msgs__rosidl_typesupport_introspection_c
[1.007s] [ 86%] Built target nav2_msgs__rosidl_typesupport_fastrtps_c
[1.096s] [ 86%] Built target nav2_msgs
[1.244s] [ 86%] Built target nav2_msgs__py
[1.542s] [ 98%] Built target nav2_msgs__python
[1.735s] [ 99%] Built target nav2_msgs__rosidl_typesupport_fastrtps_c__pyext
[1.744s] [100%] Built target nav2_msgs__rosidl_typesupport_c__pyext
[1.748s] [100%] Built target nav2_msgs__rosidl_typesupport_introspection_c__pyext
[1.820s] Invoked command in '/home/wheeltec/wheeltec_ros2/build/nav2_msgs' returned '0': AMENT_PREFIX_PATH=/home/wheeltec/wheeltec_ros2/install/nav2_common:${AMENT_PREFIX_PATH} CMAKE_PREFIX_PATH=/home/wheeltec/wheeltec_ros2/install/nav2_common:/opt/ros/galactic PYTHONPATH=/home/wheeltec/wheeltec_ros2/install/nav2_common/lib/python3.8/site-packages:${PYTHONPATH} /usr/bin/cmake --build /home/wheeltec/wheeltec_ros2/build/nav2_msgs -- -j4 -l4
[4.689s] Invoking command in '/home/wheeltec/wheeltec_ros2/build/nav2_msgs': AMENT_PREFIX_PATH=/home/wheeltec/wheeltec_ros2/install/nav2_common:${AMENT_PREFIX_PATH} CMAKE_PREFIX_PATH=/home/wheeltec/wheeltec_ros2/install/nav2_common:/opt/ros/galactic PYTHONPATH=/home/wheeltec/wheeltec_ros2/install/nav2_common/lib/python3.8/site-packages:${PYTHONPATH} /usr/bin/cmake --install /home/wheeltec/wheeltec_ros2/build/nav2_msgs
[4.728s] -- Install configuration: "Release"
[4.733s] -- Up-to-date: /home/wheeltec/wheeltec_ros2/install/nav2_msgs/share/ament_index/resource_index/rosidl_interfaces/nav2_msgs
[4.735s] -- Up-to-date: /home/wheeltec/wheeltec_ros2/install/nav2_msgs/include/nav2_msgs
[4.735s] -- Up-to-date: /home/wheeltec/wheeltec_ros2/install/nav2_msgs/include/nav2_msgs/action
[4.736s] -- Up-to-date: /home/wheeltec/wheeltec_ros2/install/nav2_msgs/include/nav2_msgs/action/navigate_to_pose.h
[4.737s] -- Up-to-date: /home/wheeltec/wheeltec_ros2/install/nav2_msgs/include/nav2_msgs/action/spin.h
[4.738s] -- Up-to-date: /home/wheeltec/wheeltec_ros2/install/nav2_msgs/include/nav2_msgs/action/compute_path_to_pose.h
[4.738s] -- Up-to-date: /home/wheeltec/wheeltec_ros2/install/nav2_msgs/include/nav2_msgs/action/wait.h
[4.740s] -- Up-to-date: /home/wheeltec/wheeltec_ros2/install/nav2_msgs/include/nav2_msgs/action/detail
[4.740s] -- Up-to-date: /home/wheeltec/wheeltec_ros2/install/nav2_msgs/include/nav2_msgs/action/detail/dummy_recovery__functions.c
[4.741s] -- Up-to-date: /home/wheeltec/wheeltec_ros2/install/nav2_msgs/include/nav2_msgs/action/detail/back_up__functions.c
[4.741s] -- Up-to-date: /home/wheeltec/wheeltec_ros2/install/nav2_msgs/include/nav2_msgs/action/detail/navigate_to_pose__struct.h
[4.741s] -- Up-to-date: /home/wheeltec/wheeltec_ros2/install/nav2_msgs/include/nav2_msgs/action/detail/wait__functions.c
[4.742s] -- Up-to-date: /home/wheeltec/wheeltec_ros2/install/nav2_msgs/include/nav2_msgs/action/detail/spin__struct.h
[4.742s] -- Up-to-date: /home/wheeltec/wheeltec_ros2/install/nav2_msgs/include/nav2_msgs/action/detail/compute_path_to_pose__functions.c
[4.743s] -- Up-to-date: /home/wheeltec/wheeltec_ros2/install/nav2_msgs/include/nav2_msgs/action/detail/spin__functions.h
[4.743s] -- Up-to-date: /home/wheeltec/wheeltec_ros2/install/nav2_msgs/include/nav2_msgs/action/detail/follow_path__functions.h
[4.744s] -- Up-to-date: /home/wheeltec/wheeltec_ros2/install/nav2_msgs/include/nav2_msgs/action/detail/back_up__struct.h
[4.744s] -- Up-to-date: /home/wheeltec/wheeltec_ros2/install/nav2_msgs/include/nav2_msgs/action/detail/compute_path_through_poses__functions.c
[4.745s] -- Up-to-date: /home/wheeltec/wheeltec_ros2/install/nav2_msgs/include/nav2_msgs/action/detail/compute_path_through_poses__struct.h
[4.746s] -- Up-to-date: /home/wheeltec/wheeltec_ros2/install/nav2_msgs/include/nav2_msgs/action/detail/navigate_to_pose__functions.c
[4.746s] -- Up-to-date: /home/wheeltec/wheeltec_ros2/install/nav2_msgs/include/nav2_msgs/action/detail/back_up__type_support.h
[4.747s] -- Up-to-date: /home/wheeltec/wheeltec_ros2/install/nav2_msgs/include/nav2_msgs/action/detail/navigate_to_pose__functions.h
[4.749s] -- Up-to-date: /home/wheeltec/wheeltec_ros2/install/nav2_msgs/include/nav2_msgs/action/detail/spin__type_support.h
[4.750s] -- Up-to-date: /home/wheeltec/wheeltec_ros2/install/nav2_msgs/include/nav2_msgs/action/detail/navigate_through_poses__functions.c
[4.751s] -- Up-to-date: /home/wheeltec/wheeltec_ros2/install/nav2_msgs/include/nav2_msgs/action/detail/wait__type_support.h
[4.751s] -- Up-to-date: /home/wheeltec/wheeltec_ros2/install/nav2_msgs/include/nav2_msgs/action/detail/navigate_through_poses__functions.h
[4.752s] -- Up-to-date: /home/wheeltec/wheeltec_ros2/install/nav2_msgs/include/nav2_msgs/action/detail/wait__struct.h
[4.754s] -- Up-to-date: /home/wheeltec/wheeltec_ros2/install/nav2_msgs/include/nav2_msgs/action/detail/follow_waypoints__functions.c
[4.754s] -- Up-to-date: /home/wheeltec/wheeltec_ros2/install/nav2_msgs/include/nav2_msgs/action/detail/follow_waypoints__struct.h
[4.755s] -- Up-to-date: /home/wheeltec/wheeltec_ros2/install/nav2_msgs/include/nav2_msgs/action/detail/follow_path__type_support.h
[4.756s] -- Up-to-date: /home/wheeltec/wheeltec_ros2/install/nav2_msgs/include/nav2_msgs/action/detail/dummy_recovery__functions.h
[4.756s] -- Up-to-date: /home/wheeltec/wheeltec_ros2/install/nav2_msgs/include/nav2_msgs/action/detail/compute_path_to_pose__struct.h
[4.757s] -- Up-to-date: /home/wheeltec/wheeltec_ros2/install/nav2_msgs/include/nav2_msgs/action/detail/spin__functions.c
[4.758s] -- Up-to-date: /home/wheeltec/wheeltec_ros2/install/nav2_msgs/include/nav2_msgs/action/detail/wait__functions.h
[4.759s] -- Up-to-date: /home/wheeltec/wheeltec_ros2/install/nav2_msgs/include/nav2_msgs/action/detail/follow_waypoints__type_support.h
[4.759s] -- Up-to-date: /home/wheeltec/wheeltec_ros2/install/nav2_msgs/include/nav2_msgs/action/detail/compute_path_through_poses__functions.h
[4.760s] -- Up-to-date: /home/wheeltec/wheeltec_ros2/install/nav2_msgs/include/nav2_msgs/action/detail/follow_path__struct.h
[4.760s] -- Up-to-date: /home/wheeltec/wheeltec_ros2/install/nav2_msgs/include/nav2_msgs/action/detail/navigate_to_pose__type_support.h
[4.760s] -- Up-to-date: /home/wheeltec/wheeltec_ros2/install/nav2_msgs/include/nav2_msgs/action/detail/navigate_through_poses__type_support.h
[4.761s] -- Up-to-date: /home/wheeltec/wheeltec_ros2/install/nav2_msgs/include/nav2_msgs/action/detail/compute_path_to_pose__functions.h
[4.761s] -- Up-to-date: /home/wheeltec/wheeltec_ros2/install/nav2_msgs/include/nav2_msgs/action/detail/back_up__functions.h
[4.761s] -- Up-to-date: /home/wheeltec/wheeltec_ros2/install/nav2_msgs/include/nav2_msgs/action/detail/follow_waypoints__functions.h
[4.762s] -- Up-to-date: /home/wheeltec/wheeltec_ros2/install/nav2_msgs/include/nav2_msgs/action/detail/dummy_recovery__type_support.h
[4.762s] -- Up-to-date: /home/wheeltec/wheeltec_ros2/install/nav2_msgs/include/nav2_msgs/action/detail/navigate_through_poses__struct.h
[4.762s] -- Up-to-date: /home/wheeltec/wheeltec_ros2/install/nav2_msgs/include/nav2_msgs/action/detail/compute_path_through_poses__type_support.h
[4.763s] -- Up-to-date: /home/wheeltec/wheeltec_ros2/install/nav2_msgs/include/nav2_msgs/action/detail/follow_path__functions.c
[4.764s] -- Up-to-date: /home/wheeltec/wheeltec_ros2/install/nav2_msgs/include/nav2_msgs/action/detail/compute_path_to_pose__type_support.h
[4.764s] -- Up-to-date: /home/wheeltec/wheeltec_ros2/install/nav2_msgs/include/nav2_msgs/action/detail/dummy_recovery__struct.h
[4.764s] -- Up-to-date: /home/wheeltec/wheeltec_ros2/install/nav2_msgs/include/nav2_msgs/action/back_up.h
[4.765s] -- Up-to-date: /home/wheeltec/wheeltec_ros2/install/nav2_msgs/include/nav2_msgs/action/compute_path_through_poses.h
[4.765s] -- Up-to-date: /home/wheeltec/wheeltec_ros2/install/nav2_msgs/include/nav2_msgs/action/dummy_recovery.h
[4.765s] -- Up-to-date: /home/wheeltec/wheeltec_ros2/install/nav2_msgs/include/nav2_msgs/action/follow_waypoints.h
[4.766s] -- Up-to-date: /home/wheeltec/wheeltec_ros2/install/nav2_msgs/include/nav2_msgs/action/follow_path.h
[4.766s] -- Up-to-date: /home/wheeltec/wheeltec_ros2/install/nav2_msgs/include/nav2_msgs/action/navigate_through_poses.h
[4.766s] -- Up-to-date: /home/wheeltec/wheeltec_ros2/install/nav2_msgs/include/nav2_msgs/msg
[4.767s] -- Up-to-date: /home/wheeltec/wheeltec_ros2/install/nav2_msgs/include/nav2_msgs/msg/detail
[4.769s] -- Up-to-date: /home/wheeltec/wheeltec_ros2/install/nav2_msgs/include/nav2_msgs/msg/detail/speed_limit__type_support.h
[4.769s] -- Up-to-date: /home/wheeltec/wheeltec_ros2/install/nav2_msgs/include/nav2_msgs/msg/detail/particle__struct.h
[4.770s] -- Up-to-date: /home/wheeltec/wheeltec_ros2/install/nav2_msgs/include/nav2_msgs/msg/detail/behavior_tree_log__type_support.h
[4.771s] -- Up-to-date: /home/wheeltec/wheeltec_ros2/install/nav2_msgs/include/nav2_msgs/msg/detail/behavior_tree_status_change__functions.h
[4.772s] -- Up-to-date: /home/wheeltec/wheeltec_ros2/install/nav2_msgs/include/nav2_msgs/msg/detail/particle__type_support.h
[4.772s] -- Up-to-date: /home/wheeltec/wheeltec_ros2/install/nav2_msgs/include/nav2_msgs/msg/detail/costmap_filter_info__functions.c
[4.780s] -- Up-to-date: /home/wheeltec/wheeltec_ros2/install/nav2_msgs/include/nav2_msgs/msg/detail/particle_cloud__type_support.h
[4.781s] -- Up-to-date: /home/wheeltec/wheeltec_ros2/install/nav2_msgs/include/nav2_msgs/msg/detail/costmap__struct.h
[4.781s] -- Up-to-date: /home/wheeltec/wheeltec_ros2/install/nav2_msgs/include/nav2_msgs/msg/detail/behavior_tree_log__struct.h
[4.782s] -- Up-to-date: /home/wheeltec/wheeltec_ros2/install/nav2_msgs/include/nav2_msgs/msg/detail/voxel_grid__functions.h
[4.782s] -- Up-to-date: /home/wheeltec/wheeltec_ros2/install/nav2_msgs/include/nav2_msgs/msg/detail/behavior_tree_log__functions.c
[4.782s] -- Up-to-date: /home/wheeltec/wheeltec_ros2/install/nav2_msgs/include/nav2_msgs/msg/detail/costmap__functions.c
[4.783s] -- Up-to-date: /home/wheeltec/wheeltec_ros2/install/nav2_msgs/include/nav2_msgs/msg/detail/speed_limit__struct.h
[4.783s] -- Up-to-date: /home/wheeltec/wheeltec_ros2/install/nav2_msgs/include/nav2_msgs/msg/detail/voxel_grid__type_support.h
[4.783s] -- Up-to-date: /home/wheeltec/wheeltec_ros2/install/nav2_msgs/include/nav2_msgs/msg/detail/particle__functions.c
[4.784s] -- Up-to-date: /home/wheeltec/wheeltec_ros2/install/nav2_msgs/include/nav2_msgs/msg/detail/costmap_meta_data__functions.h
[4.784s] -- Up-to-date: /home/wheeltec/wheeltec_ros2/install/nav2_msgs/include/nav2_msgs/msg/detail/particle__functions.h
[4.785s] -- Up-to-date: /home/wheeltec/wheeltec_ros2/install/nav2_msgs/include/nav2_msgs/msg/detail/costmap_filter_info__type_support.h
[4.785s] -- Up-to-date: /home/wheeltec/wheeltec_ros2/install/nav2_msgs/include/nav2_msgs/msg/detail/costmap_meta_data__struct.h
[4.786s] -- Up-to-date: /home/wheeltec/wheeltec_ros2/install/nav2_msgs/include/nav2_msgs/msg/detail/behavior_tree_status_change__functions.c
[4.787s] -- Up-to-date: /home/wheeltec/wheeltec_ros2/install/nav2_msgs/include/nav2_msgs/msg/detail/particle_cloud__functions.c
[4.788s] -- Up-to-date: /home/wheeltec/wheeltec_ros2/install/nav2_msgs/include/nav2_msgs/msg/detail/particle_cloud__functions.h
[4.789s] -- Up-to-date: /home/wheeltec/wheeltec_ros2/install/nav2_msgs/include/nav2_msgs/msg/detail/costmap_meta_data__functions.c
[4.790s] -- Up-to-date: /home/wheeltec/wheeltec_ros2/install/nav2_msgs/include/nav2_msgs/msg/detail/speed_limit__functions.c
[4.791s] -- Up-to-date: /home/wheeltec/wheeltec_ros2/install/nav2_msgs/include/nav2_msgs/msg/detail/behavior_tree_status_change__struct.h
[4.793s] -- Up-to-date: /home/wheeltec/wheeltec_ros2/install/nav2_msgs/include/nav2_msgs/msg/detail/costmap_filter_info__functions.h
[4.795s] -- Up-to-date: /home/wheeltec/wheeltec_ros2/install/nav2_msgs/include/nav2_msgs/msg/detail/behavior_tree_status_change__type_support.h
[4.796s] -- Up-to-date: /home/wheeltec/wheeltec_ros2/install/nav2_msgs/include/nav2_msgs/msg/detail/costmap_filter_info__struct.h
[4.797s] -- Up-to-date: /home/wheeltec/wheeltec_ros2/install/nav2_msgs/include/nav2_msgs/msg/detail/costmap__functions.h
[4.797s] -- Up-to-date: /home/wheeltec/wheeltec_ros2/install/nav2_msgs/include/nav2_msgs/msg/detail/costmap__type_support.h
[4.798s] -- Up-to-date: /home/wheeltec/wheeltec_ros2/install/nav2_msgs/include/nav2_msgs/msg/detail/speed_limit__functions.h
[4.800s] -- Up-to-date: /home/wheeltec/wheeltec_ros2/install/nav2_msgs/include/nav2_msgs/msg/detail/particle_cloud__struct.h
[4.800s] -- Up-to-date: /home/wheeltec/wheeltec_ros2/install/nav2_msgs/include/nav2_msgs/msg/detail/costmap_meta_data__type_support.h
[4.801s] -- Up-to-date: /home/wheeltec/wheeltec_ros2/install/nav2_msgs/include/nav2_msgs/msg/detail/voxel_grid__struct.h
[4.802s] -- Up-to-date: /home/wheeltec/wheeltec_ros2/install/nav2_msgs/include/nav2_msgs/msg/detail/voxel_grid__functions.c
[4.803s] -- Up-to-date: /home/wheeltec/wheeltec_ros2/install/nav2_msgs/include/nav2_msgs/msg/detail/behavior_tree_log__functions.h
[4.804s] -- Up-to-date: /home/wheeltec/wheeltec_ros2/install/nav2_msgs/include/nav2_msgs/msg/costmap_filter_info.h
[4.805s] -- Up-to-date: /home/wheeltec/wheeltec_ros2/install/nav2_msgs/include/nav2_msgs/msg/rosidl_generator_c__visibility_control.h
[4.805s] -- Up-to-date: /home/wheeltec/wheeltec_ros2/install/nav2_msgs/include/nav2_msgs/msg/particle.h
[4.806s] -- Up-to-date: /home/wheeltec/wheeltec_ros2/install/nav2_msgs/include/nav2_msgs/msg/costmap.h
[4.807s] -- Up-to-date: /home/wheeltec/wheeltec_ros2/install/nav2_msgs/include/nav2_msgs/msg/costmap_meta_data.h
[4.808s] -- Up-to-date: /home/wheeltec/wheeltec_ros2/install/nav2_msgs/include/nav2_msgs/msg/behavior_tree_status_change.h
[4.811s] -- Up-to-date: /home/wheeltec/wheeltec_ros2/install/nav2_msgs/include/nav2_msgs/msg/behavior_tree_log.h
[4.812s] -- Up-to-date: /home/wheeltec/wheeltec_ros2/install/nav2_msgs/include/nav2_msgs/msg/voxel_grid.h
[4.813s] -- Up-to-date: /home/wheeltec/wheeltec_ros2/install/nav2_msgs/include/nav2_msgs/msg/speed_limit.h
[4.813s] -- Up-to-date: /home/wheeltec/wheeltec_ros2/install/nav2_msgs/include/nav2_msgs/msg/particle_cloud.h
[4.814s] -- Up-to-date: /home/wheeltec/wheeltec_ros2/install/nav2_msgs/include/nav2_msgs/srv
[4.815s] -- Up-to-date: /home/wheeltec/wheeltec_ros2/install/nav2_msgs/include/nav2_msgs/srv/detail
[4.815s] -- Up-to-date: /home/wheeltec/wheeltec_ros2/install/nav2_msgs/include/nav2_msgs/srv/detail/save_map__functions.c
[4.816s] -- Up-to-date: /home/wheeltec/wheeltec_ros2/install/nav2_msgs/include/nav2_msgs/srv/detail/manage_lifecycle_nodes__functions.h
[4.817s] -- Up-to-date: /home/wheeltec/wheeltec_ros2/install/nav2_msgs/include/nav2_msgs/srv/detail/clear_costmap_except_region__functions.c
[4.818s] -- Up-to-date: /home/wheeltec/wheeltec_ros2/install/nav2_msgs/include/nav2_msgs/srv/detail/clear_entire_costmap__type_support.h
[4.819s] -- Up-to-date: /home/wheeltec/wheeltec_ros2/install/nav2_msgs/include/nav2_msgs/srv/detail/clear_costmap_around_robot__functions.h
[4.820s] -- Up-to-date: /home/wheeltec/wheeltec_ros2/install/nav2_msgs/include/nav2_msgs/srv/detail/get_costmap__functions.h
[4.821s] -- Up-to-date: /home/wheeltec/wheeltec_ros2/install/nav2_msgs/include/nav2_msgs/srv/detail/get_costmap__struct.h
[4.822s] -- Up-to-date: /home/wheeltec/wheeltec_ros2/install/nav2_msgs/include/nav2_msgs/srv/detail/clear_costmap_except_region__type_support.h
[4.823s] -- Up-to-date: /home/wheeltec/wheeltec_ros2/install/nav2_msgs/include/nav2_msgs/srv/detail/load_map__functions.c
[4.824s] -- Up-to-date: /home/wheeltec/wheeltec_ros2/install/nav2_msgs/include/nav2_msgs/srv/detail/clear_costmap_around_robot__functions.c
[4.824s] -- Up-to-date: /home/wheeltec/wheeltec_ros2/install/nav2_msgs/include/nav2_msgs/srv/detail/clear_entire_costmap__struct.h
[4.825s] -- Up-to-date: /home/wheeltec/wheeltec_ros2/install/nav2_msgs/include/nav2_msgs/srv/detail/manage_lifecycle_nodes__struct.h
[4.825s] -- Up-to-date: /home/wheeltec/wheeltec_ros2/install/nav2_msgs/include/nav2_msgs/srv/detail/get_costmap__type_support.h
[4.825s] -- Up-to-date: /home/wheeltec/wheeltec_ros2/install/nav2_msgs/include/nav2_msgs/srv/detail/clear_costmap_around_robot__struct.h
[4.826s] -- Up-to-date: /home/wheeltec/wheeltec_ros2/install/nav2_msgs/include/nav2_msgs/srv/detail/save_map__type_support.h
[4.826s] -- Up-to-date: /home/wheeltec/wheeltec_ros2/install/nav2_msgs/include/nav2_msgs/srv/detail/save_map__functions.h
[4.826s] -- Up-to-date: /home/wheeltec/wheeltec_ros2/install/nav2_msgs/include/nav2_msgs/srv/detail/load_map__type_support.h
[4.826s] -- Up-to-date: /home/wheeltec/wheeltec_ros2/install/nav2_msgs/include/nav2_msgs/srv/detail/clear_entire_costmap__functions.c
[4.827s] -- Up-to-date: /home/wheeltec/wheeltec_ros2/install/nav2_msgs/include/nav2_msgs/srv/detail/clear_costmap_except_region__struct.h
[4.827s] -- Up-to-date: /home/wheeltec/wheeltec_ros2/install/nav2_msgs/include/nav2_msgs/srv/detail/clear_entire_costmap__functions.h
[4.828s] -- Up-to-date: /home/wheeltec/wheeltec_ros2/install/nav2_msgs/include/nav2_msgs/srv/detail/manage_lifecycle_nodes__functions.c
[4.828s] -- Up-to-date: /home/wheeltec/wheeltec_ros2/install/nav2_msgs/include/nav2_msgs/srv/detail/save_map__struct.h
[4.829s] -- Up-to-date: /home/wheeltec/wheeltec_ros2/install/nav2_msgs/include/nav2_msgs/srv/detail/get_costmap__functions.c
[4.831s] -- Up-to-date: /home/wheeltec/wheeltec_ros2/install/nav2_msgs/include/nav2_msgs/srv/detail/clear_costmap_except_region__functions.h
[4.831s] -- Up-to-date: /home/wheeltec/wheeltec_ros2/install/nav2_msgs/include/nav2_msgs/srv/detail/manage_lifecycle_nodes__type_support.h
[4.833s] -- Up-to-date: /home/wheeltec/wheeltec_ros2/install/nav2_msgs/include/nav2_msgs/srv/detail/load_map__struct.h
[4.834s] -- Up-to-date: /home/wheeltec/wheeltec_ros2/install/nav2_msgs/include/nav2_msgs/srv/detail/load_map__functions.h
[4.835s] -- Up-to-date: /home/wheeltec/wheeltec_ros2/install/nav2_msgs/include/nav2_msgs/srv/detail/clear_costmap_around_robot__type_support.h
[4.836s] -- Up-to-date: /home/wheeltec/wheeltec_ros2/install/nav2_msgs/include/nav2_msgs/srv/load_map.h
[4.836s] -- Up-to-date: /home/wheeltec/wheeltec_ros2/install/nav2_msgs/include/nav2_msgs/srv/clear_costmap_around_robot.h
[4.836s] -- Up-to-date: /home/wheeltec/wheeltec_ros2/install/nav2_msgs/include/nav2_msgs/srv/clear_costmap_except_region.h
[4.837s] -- Up-to-date: /home/wheeltec/wheeltec_ros2/install/nav2_msgs/include/nav2_msgs/srv/save_map.h
[4.837s] -- Up-to-date: /home/wheeltec/wheeltec_ros2/install/nav2_msgs/include/nav2_msgs/srv/get_costmap.h
[4.838s] -- Up-to-date: /home/wheeltec/wheeltec_ros2/install/nav2_msgs/include/nav2_msgs/srv/clear_entire_costmap.h
[4.838s] -- Up-to-date: /home/wheeltec/wheeltec_ros2/install/nav2_msgs/include/nav2_msgs/srv/manage_lifecycle_nodes.h
[4.839s] -- Up-to-date: /home/wheeltec/wheeltec_ros2/install/nav2_msgs/share/nav2_msgs/environment/library_path.sh
[4.839s] -- Up-to-date: /home/wheeltec/wheeltec_ros2/install/nav2_msgs/share/nav2_msgs/environment/library_path.dsv
[4.840s] -- Up-to-date: /home/wheeltec/wheeltec_ros2/install/nav2_msgs/lib/libnav2_msgs__rosidl_generator_c.so
[4.840s] -- Up-to-date: /home/wheeltec/wheeltec_ros2/install/nav2_msgs/include/nav2_msgs
[4.841s] -- Up-to-date: /home/wheeltec/wheeltec_ros2/install/nav2_msgs/include/nav2_msgs/action
[4.841s] -- Up-to-date: /home/wheeltec/wheeltec_ros2/install/nav2_msgs/include/nav2_msgs/action/detail
[4.842s] -- Up-to-date: /home/wheeltec/wheeltec_ros2/install/nav2_msgs/include/nav2_msgs/action/detail/spin__rosidl_typesupport_fastrtps_c.h
[4.842s] -- Up-to-date: /home/wheeltec/wheeltec_ros2/install/nav2_msgs/include/nav2_msgs/action/detail/wait__rosidl_typesupport_fastrtps_c.h
[4.843s] -- Up-to-date: /home/wheeltec/wheeltec_ros2/install/nav2_msgs/include/nav2_msgs/action/detail/follow_path__rosidl_typesupport_fastrtps_c.h
[4.843s] -- Up-to-date: /home/wheeltec/wheeltec_ros2/install/nav2_msgs/include/nav2_msgs/action/detail/navigate_to_pose__rosidl_typesupport_fastrtps_c.h
[4.844s] -- Up-to-date: /home/wheeltec/wheeltec_ros2/install/nav2_msgs/include/nav2_msgs/action/detail/navigate_through_poses__rosidl_typesupport_fastrtps_c.h
[4.845s] -- Up-to-date: /home/wheeltec/wheeltec_ros2/install/nav2_msgs/include/nav2_msgs/action/detail/back_up__rosidl_typesupport_fastrtps_c.h
[4.845s] -- Up-to-date: /home/wheeltec/wheeltec_ros2/install/nav2_msgs/include/nav2_msgs/action/detail/follow_waypoints__rosidl_typesupport_fastrtps_c.h
[4.846s] -- Up-to-date: /home/wheeltec/wheeltec_ros2/install/nav2_msgs/include/nav2_msgs/action/detail/compute_path_to_pose__rosidl_typesupport_fastrtps_c.h
[4.846s] -- Up-to-date: /home/wheeltec/wheeltec_ros2/install/nav2_msgs/include/nav2_msgs/action/detail/dummy_recovery__rosidl_typesupport_fastrtps_c.h
[4.847s] -- Up-to-date: /home/wheeltec/wheeltec_ros2/install/nav2_msgs/include/nav2_msgs/action/detail/compute_path_through_poses__rosidl_typesupport_fastrtps_c.h
[4.848s] -- Up-to-date: /home/wheeltec/wheeltec_ros2/install/nav2_msgs/include/nav2_msgs/msg
[4.849s] -- Up-to-date: /home/wheeltec/wheeltec_ros2/install/nav2_msgs/include/nav2_msgs/msg/detail
[4.849s] -- Up-to-date: /home/wheeltec/wheeltec_ros2/install/nav2_msgs/include/nav2_msgs/msg/detail/costmap_filter_info__rosidl_typesupport_fastrtps_c.h
[4.849s] -- Up-to-date: /home/wheeltec/wheeltec_ros2/install/nav2_msgs/include/nav2_msgs/msg/detail/voxel_grid__rosidl_typesupport_fastrtps_c.h
[4.850s] -- Up-to-date: /home/wheeltec/wheeltec_ros2/install/nav2_msgs/include/nav2_msgs/msg/detail/speed_limit__rosidl_typesupport_fastrtps_c.h
[4.850s] -- Up-to-date: /home/wheeltec/wheeltec_ros2/install/nav2_msgs/include/nav2_msgs/msg/detail/behavior_tree_status_change__rosidl_typesupport_fastrtps_c.h
[4.850s] -- Up-to-date: /home/wheeltec/wheeltec_ros2/install/nav2_msgs/include/nav2_msgs/msg/detail/particle__rosidl_typesupport_fastrtps_c.h
[4.851s] -- Up-to-date: /home/wheeltec/wheeltec_ros2/install/nav2_msgs/include/nav2_msgs/msg/detail/behavior_tree_log__rosidl_typesupport_fastrtps_c.h
[4.851s] -- Up-to-date: /home/wheeltec/wheeltec_ros2/install/nav2_msgs/include/nav2_msgs/msg/detail/costmap__rosidl_typesupport_fastrtps_c.h
[4.851s] -- Up-to-date: /home/wheeltec/wheeltec_ros2/install/nav2_msgs/include/nav2_msgs/msg/detail/costmap_meta_data__rosidl_typesupport_fastrtps_c.h
[4.852s] -- Up-to-date: /home/wheeltec/wheeltec_ros2/install/nav2_msgs/include/nav2_msgs/msg/detail/particle_cloud__rosidl_typesupport_fastrtps_c.h
[4.853s] -- Up-to-date: /home/wheeltec/wheeltec_ros2/install/nav2_msgs/include/nav2_msgs/msg/rosidl_typesupport_fastrtps_c__visibility_control.h
[4.853s] -- Up-to-date: /home/wheeltec/wheeltec_ros2/install/nav2_msgs/include/nav2_msgs/srv
[4.853s] -- Up-to-date: /home/wheeltec/wheeltec_ros2/install/nav2_msgs/include/nav2_msgs/srv/detail
[4.854s] -- Up-to-date: /home/wheeltec/wheeltec_ros2/install/nav2_msgs/include/nav2_msgs/srv/detail/clear_entire_costmap__rosidl_typesupport_fastrtps_c.h
[4.854s] -- Up-to-date: /home/wheeltec/wheeltec_ros2/install/nav2_msgs/include/nav2_msgs/srv/detail/save_map__rosidl_typesupport_fastrtps_c.h
[4.854s] -- Up-to-date: /home/wheeltec/wheeltec_ros2/install/nav2_msgs/include/nav2_msgs/srv/detail/get_costmap__rosidl_typesupport_fastrtps_c.h
[4.855s] -- Up-to-date: /home/wheeltec/wheeltec_ros2/install/nav2_msgs/include/nav2_msgs/srv/detail/clear_costmap_around_robot__rosidl_typesupport_fastrtps_c.h
[4.855s] -- Up-to-date: /home/wheeltec/wheeltec_ros2/install/nav2_msgs/include/nav2_msgs/srv/detail/clear_costmap_except_region__rosidl_typesupport_fastrtps_c.h
[4.855s] -- Up-to-date: /home/wheeltec/wheeltec_ros2/install/nav2_msgs/include/nav2_msgs/srv/detail/manage_lifecycle_nodes__rosidl_typesupport_fastrtps_c.h
[4.856s] -- Up-to-date: /home/wheeltec/wheeltec_ros2/install/nav2_msgs/include/nav2_msgs/srv/detail/load_map__rosidl_typesupport_fastrtps_c.h
[4.856s] -- Up-to-date: /home/wheeltec/wheeltec_ros2/install/nav2_msgs/lib/libnav2_msgs__rosidl_typesupport_fastrtps_c.so
[4.857s] -- Up-to-date: /home/wheeltec/wheeltec_ros2/install/nav2_msgs/include/nav2_msgs
[4.857s] -- Up-to-date: /home/wheeltec/wheeltec_ros2/install/nav2_msgs/include/nav2_msgs/action
[4.858s] -- Up-to-date: /home/wheeltec/wheeltec_ros2/install/nav2_msgs/include/nav2_msgs/action/detail
[4.858s] -- Up-to-date: /home/wheeltec/wheeltec_ros2/install/nav2_msgs/include/nav2_msgs/action/detail/navigate_through_poses__rosidl_typesupport_fastrtps_cpp.hpp
[4.859s] -- Up-to-date: /home/wheeltec/wheeltec_ros2/install/nav2_msgs/include/nav2_msgs/action/detail/wait__rosidl_typesupport_fastrtps_cpp.hpp
[4.859s] -- Up-to-date: /home/wheeltec/wheeltec_ros2/install/nav2_msgs/include/nav2_msgs/action/detail/follow_waypoints__rosidl_typesupport_fastrtps_cpp.hpp
[4.860s] -- Up-to-date: /home/wheeltec/wheeltec_ros2/install/nav2_msgs/include/nav2_msgs/action/detail/compute_path_to_pose__rosidl_typesupport_fastrtps_cpp.hpp
[4.860s] -- Up-to-date: /home/wheeltec/wheeltec_ros2/install/nav2_msgs/include/nav2_msgs/action/detail/dds_fastrtps
[4.861s] -- Up-to-date: /home/wheeltec/wheeltec_ros2/install/nav2_msgs/include/nav2_msgs/action/detail/compute_path_through_poses__rosidl_typesupport_fastrtps_cpp.hpp
[4.861s] -- Up-to-date: /home/wheeltec/wheeltec_ros2/install/nav2_msgs/include/nav2_msgs/action/detail/dummy_recovery__rosidl_typesupport_fastrtps_cpp.hpp
[4.861s] -- Up-to-date: /home/wheeltec/wheeltec_ros2/install/nav2_msgs/include/nav2_msgs/action/detail/navigate_to_pose__rosidl_typesupport_fastrtps_cpp.hpp
[4.862s] -- Up-to-date: /home/wheeltec/wheeltec_ros2/install/nav2_msgs/include/nav2_msgs/action/detail/back_up__rosidl_typesupport_fastrtps_cpp.hpp
[4.862s] -- Up-to-date: /home/wheeltec/wheeltec_ros2/install/nav2_msgs/include/nav2_msgs/action/detail/spin__rosidl_typesupport_fastrtps_cpp.hpp
[4.862s] -- Up-to-date: /home/wheeltec/wheeltec_ros2/install/nav2_msgs/include/nav2_msgs/action/detail/follow_path__rosidl_typesupport_fastrtps_cpp.hpp
[4.863s] -- Up-to-date: /home/wheeltec/wheeltec_ros2/install/nav2_msgs/include/nav2_msgs/msg
[4.863s] -- Up-to-date: /home/wheeltec/wheeltec_ros2/install/nav2_msgs/include/nav2_msgs/msg/rosidl_typesupport_fastrtps_cpp__visibility_control.h
[4.863s] -- Up-to-date: /home/wheeltec/wheeltec_ros2/install/nav2_msgs/include/nav2_msgs/msg/detail
[4.863s] -- Up-to-date: /home/wheeltec/wheeltec_ros2/install/nav2_msgs/include/nav2_msgs/msg/detail/behavior_tree_status_change__rosidl_typesupport_fastrtps_cpp.hpp
[4.864s] -- Up-to-date: /home/wheeltec/wheeltec_ros2/install/nav2_msgs/include/nav2_msgs/msg/detail/costmap__rosidl_typesupport_fastrtps_cpp.hpp
[4.864s] -- Up-to-date: /home/wheeltec/wheeltec_ros2/install/nav2_msgs/include/nav2_msgs/msg/detail/voxel_grid__rosidl_typesupport_fastrtps_cpp.hpp
[4.864s] -- Up-to-date: /home/wheeltec/wheeltec_ros2/install/nav2_msgs/include/nav2_msgs/msg/detail/costmap_meta_data__rosidl_typesupport_fastrtps_cpp.hpp
[4.865s] -- Up-to-date: /home/wheeltec/wheeltec_ros2/install/nav2_msgs/include/nav2_msgs/msg/detail/particle_cloud__rosidl_typesupport_fastrtps_cpp.hpp
[4.866s] -- Up-to-date: /home/wheeltec/wheeltec_ros2/install/nav2_msgs/include/nav2_msgs/msg/detail/costmap_filter_info__rosidl_typesupport_fastrtps_cpp.hpp
[4.866s] -- Up-to-date: /home/wheeltec/wheeltec_ros2/install/nav2_msgs/include/nav2_msgs/msg/detail/behavior_tree_log__rosidl_typesupport_fastrtps_cpp.hpp
[4.866s] -- Up-to-date: /home/wheeltec/wheeltec_ros2/install/nav2_msgs/include/nav2_msgs/msg/detail/dds_fastrtps
[4.867s] -- Up-to-date: /home/wheeltec/wheeltec_ros2/install/nav2_msgs/include/nav2_msgs/msg/detail/speed_limit__rosidl_typesupport_fastrtps_cpp.hpp
[4.867s] -- Up-to-date: /home/wheeltec/wheeltec_ros2/install/nav2_msgs/include/nav2_msgs/msg/detail/particle__rosidl_typesupport_fastrtps_cpp.hpp
[4.867s] -- Up-to-date: /home/wheeltec/wheeltec_ros2/install/nav2_msgs/include/nav2_msgs/srv
[4.868s] -- Up-to-date: /home/wheeltec/wheeltec_ros2/install/nav2_msgs/include/nav2_msgs/srv/detail
[4.868s] -- Up-to-date: /home/wheeltec/wheeltec_ros2/install/nav2_msgs/include/nav2_msgs/srv/detail/load_map__rosidl_typesupport_fastrtps_cpp.hpp
[4.869s] -- Up-to-date: /home/wheeltec/wheeltec_ros2/install/nav2_msgs/include/nav2_msgs/srv/detail/clear_costmap_around_robot__rosidl_typesupport_fastrtps_cpp.hpp
[4.869s] -- Up-to-date: /home/wheeltec/wheeltec_ros2/install/nav2_msgs/include/nav2_msgs/srv/detail/clear_costmap_except_region__rosidl_typesupport_fastrtps_cpp.hpp
[4.870s] -- Up-to-date: /home/wheeltec/wheeltec_ros2/install/nav2_msgs/include/nav2_msgs/srv/detail/manage_lifecycle_nodes__rosidl_typesupport_fastrtps_cpp.hpp
[4.871s] -- Up-to-date: /home/wheeltec/wheeltec_ros2/install/nav2_msgs/include/nav2_msgs/srv/detail/dds_fastrtps
[4.871s] -- Up-to-date: /home/wheeltec/wheeltec_ros2/install/nav2_msgs/include/nav2_msgs/srv/detail/save_map__rosidl_typesupport_fastrtps_cpp.hpp
[4.871s] -- Up-to-date: /home/wheeltec/wheeltec_ros2/install/nav2_msgs/include/nav2_msgs/srv/detail/get_costmap__rosidl_typesupport_fastrtps_cpp.hpp
[4.872s] -- Up-to-date: /home/wheeltec/wheeltec_ros2/install/nav2_msgs/include/nav2_msgs/srv/detail/clear_entire_costmap__rosidl_typesupport_fastrtps_cpp.hpp
[4.873s] -- Up-to-date: /home/wheeltec/wheeltec_ros2/install/nav2_msgs/lib/libnav2_msgs__rosidl_typesupport_fastrtps_cpp.so
[4.873s] -- Up-to-date: /home/wheeltec/wheeltec_ros2/install/nav2_msgs/include/nav2_msgs
[4.873s] -- Up-to-date: /home/wheeltec/wheeltec_ros2/install/nav2_msgs/include/nav2_msgs/action
[4.874s] -- Up-to-date: /home/wheeltec/wheeltec_ros2/install/nav2_msgs/include/nav2_msgs/action/detail
[4.874s] -- Up-to-date: /home/wheeltec/wheeltec_ros2/install/nav2_msgs/include/nav2_msgs/action/detail/navigate_to_pose__rosidl_typesupport_introspection_c.h
[4.874s] -- Up-to-date: /home/wheeltec/wheeltec_ros2/install/nav2_msgs/include/nav2_msgs/action/detail/follow_path__rosidl_typesupport_introspection_c.h
[4.875s] -- Up-to-date: /home/wheeltec/wheeltec_ros2/install/nav2_msgs/include/nav2_msgs/action/detail/navigate_to_pose__type_support.c
[4.875s] -- Up-to-date: /home/wheeltec/wheeltec_ros2/install/nav2_msgs/include/nav2_msgs/action/detail/follow_waypoints__rosidl_typesupport_introspection_c.h
[4.875s] -- Up-to-date: /home/wheeltec/wheeltec_ros2/install/nav2_msgs/include/nav2_msgs/action/detail/back_up__type_support.c
[4.876s] -- Up-to-date: /home/wheeltec/wheeltec_ros2/install/nav2_msgs/include/nav2_msgs/action/detail/wait__type_support.c
[4.876s] -- Up-to-date: /home/wheeltec/wheeltec_ros2/install/nav2_msgs/include/nav2_msgs/action/detail/wait__rosidl_typesupport_introspection_c.h
[4.877s] -- Up-to-date: /home/wheeltec/wheeltec_ros2/install/nav2_msgs/include/nav2_msgs/action/detail/follow_path__type_support.c
[4.877s] -- Up-to-date: /home/wheeltec/wheeltec_ros2/install/nav2_msgs/include/nav2_msgs/action/detail/navigate_through_poses__type_support.c
[4.878s] -- Up-to-date: /home/wheeltec/wheeltec_ros2/install/nav2_msgs/include/nav2_msgs/action/detail/compute_path_to_pose__type_support.c
[4.878s] -- Up-to-date: /home/wheeltec/wheeltec_ros2/install/nav2_msgs/include/nav2_msgs/action/detail/compute_path_to_pose__rosidl_typesupport_introspection_c.h
[4.879s] -- Up-to-date: /home/wheeltec/wheeltec_ros2/install/nav2_msgs/include/nav2_msgs/action/detail/back_up__rosidl_typesupport_introspection_c.h
[4.879s] -- Up-to-date: /home/wheeltec/wheeltec_ros2/install/nav2_msgs/include/nav2_msgs/action/detail/spin__rosidl_typesupport_introspection_c.h
[4.879s] -- Up-to-date: /home/wheeltec/wheeltec_ros2/install/nav2_msgs/include/nav2_msgs/action/detail/compute_path_through_poses__type_support.c
[4.880s] -- Up-to-date: /home/wheeltec/wheeltec_ros2/install/nav2_msgs/include/nav2_msgs/action/detail/follow_waypoints__type_support.c
[4.880s] -- Up-to-date: /home/wheeltec/wheeltec_ros2/install/nav2_msgs/include/nav2_msgs/action/detail/dummy_recovery__type_support.c
[4.881s] -- Up-to-date: /home/wheeltec/wheeltec_ros2/install/nav2_msgs/include/nav2_msgs/action/detail/compute_path_through_poses__rosidl_typesupport_introspection_c.h
[4.881s] -- Up-to-date: /home/wheeltec/wheeltec_ros2/install/nav2_msgs/include/nav2_msgs/action/detail/spin__type_support.c
[4.882s] -- Up-to-date: /home/wheeltec/wheeltec_ros2/install/nav2_msgs/include/nav2_msgs/action/detail/navigate_through_poses__rosidl_typesupport_introspection_c.h
[4.882s] -- Up-to-date: /home/wheeltec/wheeltec_ros2/install/nav2_msgs/include/nav2_msgs/action/detail/dummy_recovery__rosidl_typesupport_introspection_c.h
[4.883s] -- Up-to-date: /home/wheeltec/wheeltec_ros2/install/nav2_msgs/include/nav2_msgs/msg
[4.883s] -- Up-to-date: /home/wheeltec/wheeltec_ros2/install/nav2_msgs/include/nav2_msgs/msg/detail
[4.884s] -- Up-to-date: /home/wheeltec/wheeltec_ros2/install/nav2_msgs/include/nav2_msgs/msg/detail/particle_cloud__type_support.c
[4.885s] -- Up-to-date: /home/wheeltec/wheeltec_ros2/install/nav2_msgs/include/nav2_msgs/msg/detail/voxel_grid__type_support.c
[4.885s] -- Up-to-date: /home/wheeltec/wheeltec_ros2/install/nav2_msgs/include/nav2_msgs/msg/detail/particle__rosidl_typesupport_introspection_c.h
[4.885s] -- Up-to-date: /home/wheeltec/wheeltec_ros2/install/nav2_msgs/include/nav2_msgs/msg/detail/behavior_tree_log__type_support.c
[4.886s] -- Up-to-date: /home/wheeltec/wheeltec_ros2/install/nav2_msgs/include/nav2_msgs/msg/detail/voxel_grid__rosidl_typesupport_introspection_c.h
[4.886s] -- Up-to-date: /home/wheeltec/wheeltec_ros2/install/nav2_msgs/include/nav2_msgs/msg/detail/behavior_tree_log__rosidl_typesupport_introspection_c.h
[4.887s] -- Up-to-date: /home/wheeltec/wheeltec_ros2/install/nav2_msgs/include/nav2_msgs/msg/detail/behavior_tree_status_change__rosidl_typesupport_introspection_c.h
[4.887s] -- Up-to-date: /home/wheeltec/wheeltec_ros2/install/nav2_msgs/include/nav2_msgs/msg/detail/speed_limit__rosidl_typesupport_introspection_c.h
[4.888s] -- Up-to-date: /home/wheeltec/wheeltec_ros2/install/nav2_msgs/include/nav2_msgs/msg/detail/behavior_tree_status_change__type_support.c
[4.888s] -- Up-to-date: /home/wheeltec/wheeltec_ros2/install/nav2_msgs/include/nav2_msgs/msg/detail/speed_limit__type_support.c
[4.888s] -- Up-to-date: /home/wheeltec/wheeltec_ros2/install/nav2_msgs/include/nav2_msgs/msg/detail/costmap__rosidl_typesupport_introspection_c.h
[4.889s] -- Up-to-date: /home/wheeltec/wheeltec_ros2/install/nav2_msgs/include/nav2_msgs/msg/detail/costmap_meta_data__rosidl_typesupport_introspection_c.h
[4.890s] -- Up-to-date: /home/wheeltec/wheeltec_ros2/install/nav2_msgs/include/nav2_msgs/msg/detail/costmap__type_support.c
[4.890s] -- Up-to-date: /home/wheeltec/wheeltec_ros2/install/nav2_msgs/include/nav2_msgs/msg/detail/particle__type_support.c
[4.890s] -- Up-to-date: /home/wheeltec/wheeltec_ros2/install/nav2_msgs/include/nav2_msgs/msg/detail/costmap_meta_data__type_support.c
[4.891s] -- Up-to-date: /home/wheeltec/wheeltec_ros2/install/nav2_msgs/include/nav2_msgs/msg/detail/costmap_filter_info__type_support.c
[4.891s] -- Up-to-date: /home/wheeltec/wheeltec_ros2/install/nav2_msgs/include/nav2_msgs/msg/detail/particle_cloud__rosidl_typesupport_introspection_c.h
[4.892s] -- Up-to-date: /home/wheeltec/wheeltec_ros2/install/nav2_msgs/include/nav2_msgs/msg/detail/costmap_filter_info__rosidl_typesupport_introspection_c.h
[4.892s] -- Up-to-date: /home/wheeltec/wheeltec_ros2/install/nav2_msgs/include/nav2_msgs/msg/rosidl_typesupport_introspection_c__visibility_control.h
[4.892s] -- Up-to-date: /home/wheeltec/wheeltec_ros2/install/nav2_msgs/include/nav2_msgs/srv
[4.893s] -- Up-to-date: /home/wheeltec/wheeltec_ros2/install/nav2_msgs/include/nav2_msgs/srv/detail
[4.894s] -- Up-to-date: /home/wheeltec/wheeltec_ros2/install/nav2_msgs/include/nav2_msgs/srv/detail/get_costmap__type_support.c
[4.895s] -- Up-to-date: /home/wheeltec/wheeltec_ros2/install/nav2_msgs/include/nav2_msgs/srv/detail/save_map__rosidl_typesupport_introspection_c.h
[4.895s] -- Up-to-date: /home/wheeltec/wheeltec_ros2/install/nav2_msgs/include/nav2_msgs/srv/detail/clear_entire_costmap__type_support.c
[4.895s] -- Up-to-date: /home/wheeltec/wheeltec_ros2/install/nav2_msgs/include/nav2_msgs/srv/detail/load_map__rosidl_typesupport_introspection_c.h
[4.896s] -- Up-to-date: /home/wheeltec/wheeltec_ros2/install/nav2_msgs/include/nav2_msgs/srv/detail/manage_lifecycle_nodes__type_support.c
[4.897s] -- Up-to-date: /home/wheeltec/wheeltec_ros2/install/nav2_msgs/include/nav2_msgs/srv/detail/save_map__type_support.c
[4.897s] -- Up-to-date: /home/wheeltec/wheeltec_ros2/install/nav2_msgs/include/nav2_msgs/srv/detail/get_costmap__rosidl_typesupport_introspection_c.h
[4.898s] -- Up-to-date: /home/wheeltec/wheeltec_ros2/install/nav2_msgs/include/nav2_msgs/srv/detail/manage_lifecycle_nodes__rosidl_typesupport_introspection_c.h
[4.898s] -- Up-to-date: /home/wheeltec/wheeltec_ros2/install/nav2_msgs/include/nav2_msgs/srv/detail/clear_costmap_around_robot__rosidl_typesupport_introspection_c.h
[4.899s] -- Up-to-date: /home/wheeltec/wheeltec_ros2/install/nav2_msgs/include/nav2_msgs/srv/detail/clear_costmap_around_robot__type_support.c
[4.899s] -- Up-to-date: /home/wheeltec/wheeltec_ros2/install/nav2_msgs/include/nav2_msgs/srv/detail/load_map__type_support.c
[4.900s] -- Up-to-date: /home/wheeltec/wheeltec_ros2/install/nav2_msgs/include/nav2_msgs/srv/detail/clear_costmap_except_region__rosidl_typesupport_introspection_c.h
[4.900s] -- Up-to-date: /home/wheeltec/wheeltec_ros2/install/nav2_msgs/include/nav2_msgs/srv/detail/clear_costmap_except_region__type_support.c
[4.901s] -- Up-to-date: /home/wheeltec/wheeltec_ros2/install/nav2_msgs/include/nav2_msgs/srv/detail/clear_entire_costmap__rosidl_typesupport_introspection_c.h
[4.901s] -- Up-to-date: /home/wheeltec/wheeltec_ros2/install/nav2_msgs/lib/libnav2_msgs__rosidl_typesupport_introspection_c.so
[4.902s] -- Up-to-date: /home/wheeltec/wheeltec_ros2/install/nav2_msgs/lib/libnav2_msgs__rosidl_typesupport_c.so
[4.902s] -- Up-to-date: /home/wheeltec/wheeltec_ros2/install/nav2_msgs/include/nav2_msgs
[4.903s] -- Up-to-date: /home/wheeltec/wheeltec_ros2/install/nav2_msgs/include/nav2_msgs/action
[4.904s] -- Up-to-date: /home/wheeltec/wheeltec_ros2/install/nav2_msgs/include/nav2_msgs/action/wait.hpp
[4.904s] -- Up-to-date: /home/wheeltec/wheeltec_ros2/install/nav2_msgs/include/nav2_msgs/action/detail
[4.905s] -- Up-to-date: /home/wheeltec/wheeltec_ros2/install/nav2_msgs/include/nav2_msgs/action/detail/back_up__traits.hpp
[4.905s] -- Up-to-date: /home/wheeltec/wheeltec_ros2/install/nav2_msgs/include/nav2_msgs/action/detail/dummy_recovery__struct.hpp
[4.906s] -- Up-to-date: /home/wheeltec/wheeltec_ros2/install/nav2_msgs/include/nav2_msgs/action/detail/wait__struct.hpp
[4.906s] -- Up-to-date: /home/wheeltec/wheeltec_ros2/install/nav2_msgs/include/nav2_msgs/action/detail/compute_path_to_pose__traits.hpp
[4.907s] -- Up-to-date: /home/wheeltec/wheeltec_ros2/install/nav2_msgs/include/nav2_msgs/action/detail/spin__struct.hpp
[4.907s] -- Up-to-date: /home/wheeltec/wheeltec_ros2/install/nav2_msgs/include/nav2_msgs/action/detail/compute_path_through_poses__traits.hpp
[4.908s] -- Up-to-date: /home/wheeltec/wheeltec_ros2/install/nav2_msgs/include/nav2_msgs/action/detail/compute_path_to_pose__struct.hpp
[4.909s] -- Up-to-date: /home/wheeltec/wheeltec_ros2/install/nav2_msgs/include/nav2_msgs/action/detail/spin__builder.hpp
[4.909s] -- Up-to-date: /home/wheeltec/wheeltec_ros2/install/nav2_msgs/include/nav2_msgs/action/detail/navigate_through_poses__struct.hpp
[4.910s] -- Up-to-date: /home/wheeltec/wheeltec_ros2/install/nav2_msgs/include/nav2_msgs/action/detail/navigate_through_poses__traits.hpp
[4.910s] -- Up-to-date: /home/wheeltec/wheeltec_ros2/install/nav2_msgs/include/nav2_msgs/action/detail/navigate_to_pose__traits.hpp
[4.911s] -- Up-to-date: /home/wheeltec/wheeltec_ros2/install/nav2_msgs/include/nav2_msgs/action/detail/compute_path_through_poses__struct.hpp
[4.911s] -- Up-to-date: /home/wheeltec/wheeltec_ros2/install/nav2_msgs/include/nav2_msgs/action/detail/dummy_recovery__builder.hpp
[4.912s] -- Up-to-date: /home/wheeltec/wheeltec_ros2/install/nav2_msgs/include/nav2_msgs/action/detail/navigate_to_pose__builder.hpp
[4.912s] -- Up-to-date: /home/wheeltec/wheeltec_ros2/install/nav2_msgs/include/nav2_msgs/action/detail/dummy_recovery__traits.hpp
[4.913s] -- Up-to-date: /home/wheeltec/wheeltec_ros2/install/nav2_msgs/include/nav2_msgs/action/detail/wait__traits.hpp
[4.913s] -- Up-to-date: /home/wheeltec/wheeltec_ros2/install/nav2_msgs/include/nav2_msgs/action/detail/navigate_to_pose__struct.hpp
[4.915s] -- Up-to-date: /home/wheeltec/wheeltec_ros2/install/nav2_msgs/include/nav2_msgs/action/detail/follow_waypoints__traits.hpp
[4.918s] -- Up-to-date: /home/wheeltec/wheeltec_ros2/install/nav2_msgs/include/nav2_msgs/action/detail/follow_path__traits.hpp
[4.920s] -- Up-to-date: /home/wheeltec/wheeltec_ros2/install/nav2_msgs/include/nav2_msgs/action/detail/wait__builder.hpp
[4.921s] -- Up-to-date: /home/wheeltec/wheeltec_ros2/install/nav2_msgs/include/nav2_msgs/action/detail/compute_path_through_poses__builder.hpp
[4.923s] -- Up-to-date: /home/wheeltec/wheeltec_ros2/install/nav2_msgs/include/nav2_msgs/action/detail/back_up__struct.hpp
[4.926s] -- Up-to-date: /home/wheeltec/wheeltec_ros2/install/nav2_msgs/include/nav2_msgs/action/detail/compute_path_to_pose__builder.hpp
[4.927s] -- Up-to-date: /home/wheeltec/wheeltec_ros2/install/nav2_msgs/include/nav2_msgs/action/detail/back_up__builder.hpp
[4.927s] -- Up-to-date: /home/wheeltec/wheeltec_ros2/install/nav2_msgs/include/nav2_msgs/action/detail/follow_waypoints__builder.hpp
[4.928s] -- Up-to-date: /home/wheeltec/wheeltec_ros2/install/nav2_msgs/include/nav2_msgs/action/detail/navigate_through_poses__builder.hpp
[4.929s] -- Up-to-date: /home/wheeltec/wheeltec_ros2/install/nav2_msgs/include/nav2_msgs/action/detail/follow_path__struct.hpp
[4.929s] -- Up-to-date: /home/wheeltec/wheeltec_ros2/install/nav2_msgs/include/nav2_msgs/action/detail/spin__traits.hpp
[4.930s] -- Up-to-date: /home/wheeltec/wheeltec_ros2/install/nav2_msgs/include/nav2_msgs/action/detail/follow_waypoints__struct.hpp
[4.930s] -- Up-to-date: /home/wheeltec/wheeltec_ros2/install/nav2_msgs/include/nav2_msgs/action/detail/follow_path__builder.hpp
[4.930s] -- Up-to-date: /home/wheeltec/wheeltec_ros2/install/nav2_msgs/include/nav2_msgs/action/follow_waypoints.hpp
[4.931s] -- Up-to-date: /home/wheeltec/wheeltec_ros2/install/nav2_msgs/include/nav2_msgs/action/compute_path_to_pose.hpp
[4.932s] -- Up-to-date: /home/wheeltec/wheeltec_ros2/install/nav2_msgs/include/nav2_msgs/action/compute_path_through_poses.hpp
[4.934s] -- Up-to-date: /home/wheeltec/wheeltec_ros2/install/nav2_msgs/include/nav2_msgs/action/navigate_through_poses.hpp
[4.935s] -- Up-to-date: /home/wheeltec/wheeltec_ros2/install/nav2_msgs/include/nav2_msgs/action/dummy_recovery.hpp
[4.935s] -- Up-to-date: /home/wheeltec/wheeltec_ros2/install/nav2_msgs/include/nav2_msgs/action/back_up.hpp
[4.935s] -- Up-to-date: /home/wheeltec/wheeltec_ros2/install/nav2_msgs/include/nav2_msgs/action/spin.hpp
[4.936s] -- Up-to-date: /home/wheeltec/wheeltec_ros2/install/nav2_msgs/include/nav2_msgs/action/navigate_to_pose.hpp
[4.937s] -- Up-to-date: /home/wheeltec/wheeltec_ros2/install/nav2_msgs/include/nav2_msgs/action/follow_path.hpp
[4.937s] -- Up-to-date: /home/wheeltec/wheeltec_ros2/install/nav2_msgs/include/nav2_msgs/msg
[4.938s] -- Up-to-date: /home/wheeltec/wheeltec_ros2/install/nav2_msgs/include/nav2_msgs/msg/particle.hpp
[4.938s] -- Up-to-date: /home/wheeltec/wheeltec_ros2/install/nav2_msgs/include/nav2_msgs/msg/detail
[4.939s] -- Up-to-date: /home/wheeltec/wheeltec_ros2/install/nav2_msgs/include/nav2_msgs/msg/detail/behavior_tree_log__traits.hpp
[4.939s] -- Up-to-date: /home/wheeltec/wheeltec_ros2/install/nav2_msgs/include/nav2_msgs/msg/detail/voxel_grid__traits.hpp
[4.940s] -- Up-to-date: /home/wheeltec/wheeltec_ros2/install/nav2_msgs/include/nav2_msgs/msg/detail/behavior_tree_log__struct.hpp
[4.940s] -- Up-to-date: /home/wheeltec/wheeltec_ros2/install/nav2_msgs/include/nav2_msgs/msg/detail/speed_limit__struct.hpp
[4.941s] -- Up-to-date: /home/wheeltec/wheeltec_ros2/install/nav2_msgs/include/nav2_msgs/msg/detail/costmap__builder.hpp
[4.941s] -- Up-to-date: /home/wheeltec/wheeltec_ros2/install/nav2_msgs/include/nav2_msgs/msg/detail/speed_limit__traits.hpp
[4.942s] -- Up-to-date: /home/wheeltec/wheeltec_ros2/install/nav2_msgs/include/nav2_msgs/msg/detail/costmap_filter_info__struct.hpp
[4.942s] -- Up-to-date: /home/wheeltec/wheeltec_ros2/install/nav2_msgs/include/nav2_msgs/msg/detail/costmap_filter_info__traits.hpp
[4.942s] -- Up-to-date: /home/wheeltec/wheeltec_ros2/install/nav2_msgs/include/nav2_msgs/msg/detail/costmap__traits.hpp
[4.943s] -- Up-to-date: /home/wheeltec/wheeltec_ros2/install/nav2_msgs/include/nav2_msgs/msg/detail/particle__struct.hpp
[4.943s] -- Up-to-date: /home/wheeltec/wheeltec_ros2/install/nav2_msgs/include/nav2_msgs/msg/detail/behavior_tree_log__builder.hpp
[4.944s] -- Up-to-date: /home/wheeltec/wheeltec_ros2/install/nav2_msgs/include/nav2_msgs/msg/detail/costmap_meta_data__traits.hpp
[4.944s] -- Up-to-date: /home/wheeltec/wheeltec_ros2/install/nav2_msgs/include/nav2_msgs/msg/detail/costmap__struct.hpp
[4.945s] -- Up-to-date: /home/wheeltec/wheeltec_ros2/install/nav2_msgs/include/nav2_msgs/msg/detail/costmap_filter_info__builder.hpp
[4.945s] -- Up-to-date: /home/wheeltec/wheeltec_ros2/install/nav2_msgs/include/nav2_msgs/msg/detail/voxel_grid__struct.hpp
[4.945s] -- Up-to-date: /home/wheeltec/wheeltec_ros2/install/nav2_msgs/include/nav2_msgs/msg/detail/particle_cloud__builder.hpp
[4.946s] -- Up-to-date: /home/wheeltec/wheeltec_ros2/install/nav2_msgs/include/nav2_msgs/msg/detail/particle__traits.hpp
[4.946s] -- Up-to-date: /home/wheeltec/wheeltec_ros2/install/nav2_msgs/include/nav2_msgs/msg/detail/particle__builder.hpp
[4.947s] -- Up-to-date: /home/wheeltec/wheeltec_ros2/install/nav2_msgs/include/nav2_msgs/msg/detail/voxel_grid__builder.hpp
[4.947s] -- Up-to-date: /home/wheeltec/wheeltec_ros2/install/nav2_msgs/include/nav2_msgs/msg/detail/particle_cloud__traits.hpp
[4.947s] -- Up-to-date: /home/wheeltec/wheeltec_ros2/install/nav2_msgs/include/nav2_msgs/msg/detail/behavior_tree_status_change__builder.hpp
[4.948s] -- Up-to-date: /home/wheeltec/wheeltec_ros2/install/nav2_msgs/include/nav2_msgs/msg/detail/speed_limit__builder.hpp
[4.948s] -- Up-to-date: /home/wheeltec/wheeltec_ros2/install/nav2_msgs/include/nav2_msgs/msg/detail/behavior_tree_status_change__struct.hpp
[4.949s] -- Up-to-date: /home/wheeltec/wheeltec_ros2/install/nav2_msgs/include/nav2_msgs/msg/detail/costmap_meta_data__struct.hpp
[4.949s] -- Up-to-date: /home/wheeltec/wheeltec_ros2/install/nav2_msgs/include/nav2_msgs/msg/detail/behavior_tree_status_change__traits.hpp
[4.950s] -- Up-to-date: /home/wheeltec/wheeltec_ros2/install/nav2_msgs/include/nav2_msgs/msg/detail/costmap_meta_data__builder.hpp
[4.950s] -- Up-to-date: /home/wheeltec/wheeltec_ros2/install/nav2_msgs/include/nav2_msgs/msg/detail/particle_cloud__struct.hpp
[4.950s] -- Up-to-date: /home/wheeltec/wheeltec_ros2/install/nav2_msgs/include/nav2_msgs/msg/behavior_tree_status_change.hpp
[4.951s] -- Up-to-date: /home/wheeltec/wheeltec_ros2/install/nav2_msgs/include/nav2_msgs/msg/speed_limit.hpp
[4.951s] -- Up-to-date: /home/wheeltec/wheeltec_ros2/install/nav2_msgs/include/nav2_msgs/msg/particle_cloud.hpp
[4.951s] -- Up-to-date: /home/wheeltec/wheeltec_ros2/install/nav2_msgs/include/nav2_msgs/msg/voxel_grid.hpp
[4.952s] -- Up-to-date: /home/wheeltec/wheeltec_ros2/install/nav2_msgs/include/nav2_msgs/msg/costmap.hpp
[4.953s] -- Up-to-date: /home/wheeltec/wheeltec_ros2/install/nav2_msgs/include/nav2_msgs/msg/costmap_meta_data.hpp
[4.953s] -- Up-to-date: /home/wheeltec/wheeltec_ros2/install/nav2_msgs/include/nav2_msgs/msg/behavior_tree_log.hpp
[4.954s] -- Up-to-date: /home/wheeltec/wheeltec_ros2/install/nav2_msgs/include/nav2_msgs/msg/costmap_filter_info.hpp
[4.954s] -- Up-to-date: /home/wheeltec/wheeltec_ros2/install/nav2_msgs/include/nav2_msgs/srv
[4.954s] -- Up-to-date: /home/wheeltec/wheeltec_ros2/install/nav2_msgs/include/nav2_msgs/srv/detail
[4.955s] -- Up-to-date: /home/wheeltec/wheeltec_ros2/install/nav2_msgs/include/nav2_msgs/srv/detail/save_map__builder.hpp
[4.955s] -- Up-to-date: /home/wheeltec/wheeltec_ros2/install/nav2_msgs/include/nav2_msgs/srv/detail/get_costmap__traits.hpp
[4.956s] -- Up-to-date: /home/wheeltec/wheeltec_ros2/install/nav2_msgs/include/nav2_msgs/srv/detail/get_costmap__struct.hpp
[4.956s] -- Up-to-date: /home/wheeltec/wheeltec_ros2/install/nav2_msgs/include/nav2_msgs/srv/detail/clear_costmap_around_robot__builder.hpp
[4.957s] -- Up-to-date: /home/wheeltec/wheeltec_ros2/install/nav2_msgs/include/nav2_msgs/srv/detail/save_map__traits.hpp
[4.957s] -- Up-to-date: /home/wheeltec/wheeltec_ros2/install/nav2_msgs/include/nav2_msgs/srv/detail/clear_entire_costmap__traits.hpp
[4.958s] -- Up-to-date: /home/wheeltec/wheeltec_ros2/install/nav2_msgs/include/nav2_msgs/srv/detail/clear_costmap_except_region__builder.hpp
[4.958s] -- Up-to-date: /home/wheeltec/wheeltec_ros2/install/nav2_msgs/include/nav2_msgs/srv/detail/clear_costmap_except_region__traits.hpp
[4.958s] -- Up-to-date: /home/wheeltec/wheeltec_ros2/install/nav2_msgs/include/nav2_msgs/srv/detail/clear_costmap_except_region__struct.hpp
[4.959s] -- Up-to-date: /home/wheeltec/wheeltec_ros2/install/nav2_msgs/include/nav2_msgs/srv/detail/manage_lifecycle_nodes__traits.hpp
[4.959s] -- Up-to-date: /home/wheeltec/wheeltec_ros2/install/nav2_msgs/include/nav2_msgs/srv/detail/load_map__struct.hpp
[4.960s] -- Up-to-date: /home/wheeltec/wheeltec_ros2/install/nav2_msgs/include/nav2_msgs/srv/detail/manage_lifecycle_nodes__builder.hpp
[4.960s] -- Up-to-date: /home/wheeltec/wheeltec_ros2/install/nav2_msgs/include/nav2_msgs/srv/detail/clear_entire_costmap__builder.hpp
[4.960s] -- Up-to-date: /home/wheeltec/wheeltec_ros2/install/nav2_msgs/include/nav2_msgs/srv/detail/get_costmap__builder.hpp
[4.961s] -- Up-to-date: /home/wheeltec/wheeltec_ros2/install/nav2_msgs/include/nav2_msgs/srv/detail/clear_entire_costmap__struct.hpp
[4.961s] -- Up-to-date: /home/wheeltec/wheeltec_ros2/install/nav2_msgs/include/nav2_msgs/srv/detail/clear_costmap_around_robot__struct.hpp
[4.962s] -- Up-to-date: /home/wheeltec/wheeltec_ros2/install/nav2_msgs/include/nav2_msgs/srv/detail/save_map__struct.hpp
[4.962s] -- Up-to-date: /home/wheeltec/wheeltec_ros2/install/nav2_msgs/include/nav2_msgs/srv/detail/load_map__builder.hpp
[4.962s] -- Up-to-date: /home/wheeltec/wheeltec_ros2/install/nav2_msgs/include/nav2_msgs/srv/detail/clear_costmap_around_robot__traits.hpp
[4.963s] -- Up-to-date: /home/wheeltec/wheeltec_ros2/install/nav2_msgs/include/nav2_msgs/srv/detail/load_map__traits.hpp
[4.963s] -- Up-to-date: /home/wheeltec/wheeltec_ros2/install/nav2_msgs/include/nav2_msgs/srv/detail/manage_lifecycle_nodes__struct.hpp
[4.964s] -- Up-to-date: /home/wheeltec/wheeltec_ros2/install/nav2_msgs/include/nav2_msgs/srv/clear_entire_costmap.hpp
[4.964s] -- Up-to-date: /home/wheeltec/wheeltec_ros2/install/nav2_msgs/include/nav2_msgs/srv/get_costmap.hpp
[4.965s] -- Up-to-date: /home/wheeltec/wheeltec_ros2/install/nav2_msgs/include/nav2_msgs/srv/clear_costmap_around_robot.hpp
[4.965s] -- Up-to-date: /home/wheeltec/wheeltec_ros2/install/nav2_msgs/include/nav2_msgs/srv/manage_lifecycle_nodes.hpp
[4.965s] -- Up-to-date: /home/wheeltec/wheeltec_ros2/install/nav2_msgs/include/nav2_msgs/srv/save_map.hpp
[4.966s] -- Up-to-date: /home/wheeltec/wheeltec_ros2/install/nav2_msgs/include/nav2_msgs/srv/clear_costmap_except_region.hpp
[4.966s] -- Up-to-date: /home/wheeltec/wheeltec_ros2/install/nav2_msgs/include/nav2_msgs/srv/load_map.hpp
[4.967s] -- Up-to-date: /home/wheeltec/wheeltec_ros2/install/nav2_msgs/include/nav2_msgs
[4.967s] -- Up-to-date: /home/wheeltec/wheeltec_ros2/install/nav2_msgs/include/nav2_msgs/action
[4.967s] -- Up-to-date: /home/wheeltec/wheeltec_ros2/install/nav2_msgs/include/nav2_msgs/action/detail
[4.968s] -- Up-to-date: /home/wheeltec/wheeltec_ros2/install/nav2_msgs/include/nav2_msgs/action/detail/follow_waypoints__type_support.cpp
[4.968s] -- Up-to-date: /home/wheeltec/wheeltec_ros2/install/nav2_msgs/include/nav2_msgs/action/detail/navigate_to_pose__type_support.cpp
[4.969s] -- Up-to-date: /home/wheeltec/wheeltec_ros2/install/nav2_msgs/include/nav2_msgs/action/detail/compute_path_to_pose__type_support.cpp
[4.970s] -- Up-to-date: /home/wheeltec/wheeltec_ros2/install/nav2_msgs/include/nav2_msgs/action/detail/follow_waypoints__rosidl_typesupport_introspection_cpp.hpp
[4.970s] -- Up-to-date: /home/wheeltec/wheeltec_ros2/install/nav2_msgs/include/nav2_msgs/action/detail/compute_path_through_poses__rosidl_typesupport_introspection_cpp.hpp
[4.971s] -- Up-to-date: /home/wheeltec/wheeltec_ros2/install/nav2_msgs/include/nav2_msgs/action/detail/follow_path__rosidl_typesupport_introspection_cpp.hpp
[4.971s] -- Up-to-date: /home/wheeltec/wheeltec_ros2/install/nav2_msgs/include/nav2_msgs/action/detail/compute_path_through_poses__type_support.cpp
[4.972s] -- Up-to-date: /home/wheeltec/wheeltec_ros2/install/nav2_msgs/include/nav2_msgs/action/detail/back_up__type_support.cpp
[4.973s] -- Up-to-date: /home/wheeltec/wheeltec_ros2/install/nav2_msgs/include/nav2_msgs/action/detail/spin__rosidl_typesupport_introspection_cpp.hpp
[4.973s] -- Up-to-date: /home/wheeltec/wheeltec_ros2/install/nav2_msgs/include/nav2_msgs/action/detail/spin__type_support.cpp
[4.974s] -- Up-to-date: /home/wheeltec/wheeltec_ros2/install/nav2_msgs/include/nav2_msgs/action/detail/wait__rosidl_typesupport_introspection_cpp.hpp
[4.974s] -- Up-to-date: /home/wheeltec/wheeltec_ros2/install/nav2_msgs/include/nav2_msgs/action/detail/navigate_to_pose__rosidl_typesupport_introspection_cpp.hpp
[4.975s] -- Up-to-date: /home/wheeltec/wheeltec_ros2/install/nav2_msgs/include/nav2_msgs/action/detail/compute_path_to_pose__rosidl_typesupport_introspection_cpp.hpp
[4.975s] -- Up-to-date: /home/wheeltec/wheeltec_ros2/install/nav2_msgs/include/nav2_msgs/action/detail/back_up__rosidl_typesupport_introspection_cpp.hpp
[4.976s] -- Up-to-date: /home/wheeltec/wheeltec_ros2/install/nav2_msgs/include/nav2_msgs/action/detail/navigate_through_poses__rosidl_typesupport_introspection_cpp.hpp
[4.977s] -- Up-to-date: /home/wheeltec/wheeltec_ros2/install/nav2_msgs/include/nav2_msgs/action/detail/dummy_recovery__type_support.cpp
[4.977s] -- Up-to-date: /home/wheeltec/wheeltec_ros2/install/nav2_msgs/include/nav2_msgs/action/detail/navigate_through_poses__type_support.cpp
[4.978s] -- Up-to-date: /home/wheeltec/wheeltec_ros2/install/nav2_msgs/include/nav2_msgs/action/detail/follow_path__type_support.cpp
[4.979s] -- Up-to-date: /home/wheeltec/wheeltec_ros2/install/nav2_msgs/include/nav2_msgs/action/detail/dummy_recovery__rosidl_typesupport_introspection_cpp.hpp
[4.979s] -- Up-to-date: /home/wheeltec/wheeltec_ros2/install/nav2_msgs/include/nav2_msgs/action/detail/wait__type_support.cpp
[4.980s] -- Up-to-date: /home/wheeltec/wheeltec_ros2/install/nav2_msgs/include/nav2_msgs/msg
[4.981s] -- Up-to-date: /home/wheeltec/wheeltec_ros2/install/nav2_msgs/include/nav2_msgs/msg/detail
[4.981s] -- Up-to-date: /home/wheeltec/wheeltec_ros2/install/nav2_msgs/include/nav2_msgs/msg/detail/particle_cloud__rosidl_typesupport_introspection_cpp.hpp
[4.982s] -- Up-to-date: /home/wheeltec/wheeltec_ros2/install/nav2_msgs/include/nav2_msgs/msg/detail/voxel_grid__rosidl_typesupport_introspection_cpp.hpp
[4.983s] -- Up-to-date: /home/wheeltec/wheeltec_ros2/install/nav2_msgs/include/nav2_msgs/msg/detail/costmap__type_support.cpp
[4.988s] -- Up-to-date: /home/wheeltec/wheeltec_ros2/install/nav2_msgs/include/nav2_msgs/msg/detail/behavior_tree_log__rosidl_typesupport_introspection_cpp.hpp
[4.989s] -- Up-to-date: /home/wheeltec/wheeltec_ros2/install/nav2_msgs/include/nav2_msgs/msg/detail/costmap_meta_data__type_support.cpp
[4.989s] -- Up-to-date: /home/wheeltec/wheeltec_ros2/install/nav2_msgs/include/nav2_msgs/msg/detail/costmap_filter_info__rosidl_typesupport_introspection_cpp.hpp
[4.990s] -- Up-to-date: /home/wheeltec/wheeltec_ros2/install/nav2_msgs/include/nav2_msgs/msg/detail/particle__type_support.cpp
[4.990s] -- Up-to-date: /home/wheeltec/wheeltec_ros2/install/nav2_msgs/include/nav2_msgs/msg/detail/speed_limit__type_support.cpp
[4.991s] -- Up-to-date: /home/wheeltec/wheeltec_ros2/install/nav2_msgs/include/nav2_msgs/msg/detail/particle__rosidl_typesupport_introspection_cpp.hpp
[4.991s] -- Up-to-date: /home/wheeltec/wheeltec_ros2/install/nav2_msgs/include/nav2_msgs/msg/detail/behavior_tree_status_change__type_support.cpp
[4.992s] -- Up-to-date: /home/wheeltec/wheeltec_ros2/install/nav2_msgs/include/nav2_msgs/msg/detail/speed_limit__rosidl_typesupport_introspection_cpp.hpp
[4.993s] -- Up-to-date: /home/wheeltec/wheeltec_ros2/install/nav2_msgs/include/nav2_msgs/msg/detail/behavior_tree_status_change__rosidl_typesupport_introspection_cpp.hpp
[4.993s] -- Up-to-date: /home/wheeltec/wheeltec_ros2/install/nav2_msgs/include/nav2_msgs/msg/detail/costmap__rosidl_typesupport_introspection_cpp.hpp
[4.994s] -- Up-to-date: /home/wheeltec/wheeltec_ros2/install/nav2_msgs/include/nav2_msgs/msg/detail/costmap_meta_data__rosidl_typesupport_introspection_cpp.hpp
[5.000s] -- Up-to-date: /home/wheeltec/wheeltec_ros2/install/nav2_msgs/include/nav2_msgs/msg/detail/particle_cloud__type_support.cpp
[5.000s] -- Up-to-date: /home/wheeltec/wheeltec_ros2/install/nav2_msgs/include/nav2_msgs/msg/detail/voxel_grid__type_support.cpp
[5.001s] -- Up-to-date: /home/wheeltec/wheeltec_ros2/install/nav2_msgs/include/nav2_msgs/msg/detail/costmap_filter_info__type_support.cpp
[5.002s] -- Up-to-date: /home/wheeltec/wheeltec_ros2/install/nav2_msgs/include/nav2_msgs/msg/detail/behavior_tree_log__type_support.cpp
[5.008s] -- Up-to-date: /home/wheeltec/wheeltec_ros2/install/nav2_msgs/include/nav2_msgs/srv
[5.008s] -- Up-to-date: /home/wheeltec/wheeltec_ros2/install/nav2_msgs/include/nav2_msgs/srv/detail
[5.009s] -- Up-to-date: /home/wheeltec/wheeltec_ros2/install/nav2_msgs/include/nav2_msgs/srv/detail/get_costmap__rosidl_typesupport_introspection_cpp.hpp
[5.009s] -- Up-to-date: /home/wheeltec/wheeltec_ros2/install/nav2_msgs/include/nav2_msgs/srv/detail/clear_costmap_around_robot__rosidl_typesupport_introspection_cpp.hpp
[5.009s] -- Up-to-date: /home/wheeltec/wheeltec_ros2/install/nav2_msgs/include/nav2_msgs/srv/detail/save_map__type_support.cpp
[5.010s] -- Up-to-date: /home/wheeltec/wheeltec_ros2/install/nav2_msgs/include/nav2_msgs/srv/detail/clear_costmap_except_region__rosidl_typesupport_introspection_cpp.hpp
[5.010s] -- Up-to-date: /home/wheeltec/wheeltec_ros2/install/nav2_msgs/include/nav2_msgs/srv/detail/clear_costmap_around_robot__type_support.cpp
[5.010s] -- Up-to-date: /home/wheeltec/wheeltec_ros2/install/nav2_msgs/include/nav2_msgs/srv/detail/save_map__rosidl_typesupport_introspection_cpp.hpp
[5.011s] -- Up-to-date: /home/wheeltec/wheeltec_ros2/install/nav2_msgs/include/nav2_msgs/srv/detail/clear_entire_costmap__rosidl_typesupport_introspection_cpp.hpp
[5.011s] -- Up-to-date: /home/wheeltec/wheeltec_ros2/install/nav2_msgs/include/nav2_msgs/srv/detail/clear_entire_costmap__type_support.cpp
[5.011s] -- Up-to-date: /home/wheeltec/wheeltec_ros2/install/nav2_msgs/include/nav2_msgs/srv/detail/get_costmap__type_support.cpp
[5.012s] -- Up-to-date: /home/wheeltec/wheeltec_ros2/install/nav2_msgs/include/nav2_msgs/srv/detail/manage_lifecycle_nodes__rosidl_typesupport_introspection_cpp.hpp
[5.012s] -- Up-to-date: /home/wheeltec/wheeltec_ros2/install/nav2_msgs/include/nav2_msgs/srv/detail/manage_lifecycle_nodes__type_support.cpp
[5.013s] -- Up-to-date: /home/wheeltec/wheeltec_ros2/install/nav2_msgs/include/nav2_msgs/srv/detail/load_map__type_support.cpp
[5.013s] -- Up-to-date: /home/wheeltec/wheeltec_ros2/install/nav2_msgs/include/nav2_msgs/srv/detail/load_map__rosidl_typesupport_introspection_cpp.hpp
[5.014s] -- Up-to-date: /home/wheeltec/wheeltec_ros2/install/nav2_msgs/include/nav2_msgs/srv/detail/clear_costmap_except_region__type_support.cpp
[5.014s] -- Up-to-date: /home/wheeltec/wheeltec_ros2/install/nav2_msgs/lib/libnav2_msgs__rosidl_typesupport_introspection_cpp.so
[5.015s] -- Up-to-date: /home/wheeltec/wheeltec_ros2/install/nav2_msgs/lib/libnav2_msgs__rosidl_typesupport_cpp.so
[5.015s] -- Up-to-date: /home/wheeltec/wheeltec_ros2/install/nav2_msgs/share/nav2_msgs/environment/pythonpath.sh
[5.015s] -- Up-to-date: /home/wheeltec/wheeltec_ros2/install/nav2_msgs/share/nav2_msgs/environment/pythonpath.dsv
[5.016s] -- Up-to-date: /home/wheeltec/wheeltec_ros2/install/nav2_msgs/lib/python3.8/site-packages/nav2_msgs/__init__.py
[5.016s] -- Up-to-date: /home/wheeltec/wheeltec_ros2/install/nav2_msgs/lib/python3.8/site-packages/nav2_msgs/msg
[5.017s] -- Up-to-date: /home/wheeltec/wheeltec_ros2/install/nav2_msgs/lib/python3.8/site-packages/nav2_msgs/msg/__init__.py
[5.017s] -- Up-to-date: /home/wheeltec/wheeltec_ros2/install/nav2_msgs/lib/python3.8/site-packages/nav2_msgs/msg/_costmap_filter_info.py
[5.018s] -- Up-to-date: /home/wheeltec/wheeltec_ros2/install/nav2_msgs/lib/python3.8/site-packages/nav2_msgs/msg/_costmap_meta_data_s.c
[5.018s] -- Up-to-date: /home/wheeltec/wheeltec_ros2/install/nav2_msgs/lib/python3.8/site-packages/nav2_msgs/msg/_speed_limit_s.c
[5.019s] -- Up-to-date: /home/wheeltec/wheeltec_ros2/install/nav2_msgs/lib/python3.8/site-packages/nav2_msgs/msg/_particle_cloud_s.c
[5.019s] -- Up-to-date: /home/wheeltec/wheeltec_ros2/install/nav2_msgs/lib/python3.8/site-packages/nav2_msgs/msg/_particle.py
[5.020s] -- Up-to-date: /home/wheeltec/wheeltec_ros2/install/nav2_msgs/lib/python3.8/site-packages/nav2_msgs/msg/_behavior_tree_log.py
[5.020s] -- Up-to-date: /home/wheeltec/wheeltec_ros2/install/nav2_msgs/lib/python3.8/site-packages/nav2_msgs/msg/_voxel_grid.py
[5.020s] -- Up-to-date: /home/wheeltec/wheeltec_ros2/install/nav2_msgs/lib/python3.8/site-packages/nav2_msgs/msg/_speed_limit.py
[5.021s] -- Up-to-date: /home/wheeltec/wheeltec_ros2/install/nav2_msgs/lib/python3.8/site-packages/nav2_msgs/msg/_behavior_tree_status_change_s.c
[5.023s] -- Up-to-date: /home/wheeltec/wheeltec_ros2/install/nav2_msgs/lib/python3.8/site-packages/nav2_msgs/msg/_costmap_s.c
[5.024s] -- Up-to-date: /home/wheeltec/wheeltec_ros2/install/nav2_msgs/lib/python3.8/site-packages/nav2_msgs/msg/_behavior_tree_log_s.c
[5.024s] -- Up-to-date: /home/wheeltec/wheeltec_ros2/install/nav2_msgs/lib/python3.8/site-packages/nav2_msgs/msg/_voxel_grid_s.c
[5.026s] -- Up-to-date: /home/wheeltec/wheeltec_ros2/install/nav2_msgs/lib/python3.8/site-packages/nav2_msgs/msg/_particle_s.c
[5.027s] -- Up-to-date: /home/wheeltec/wheeltec_ros2/install/nav2_msgs/lib/python3.8/site-packages/nav2_msgs/msg/_particle_cloud.py
[5.027s] -- Up-to-date: /home/wheeltec/wheeltec_ros2/install/nav2_msgs/lib/python3.8/site-packages/nav2_msgs/msg/_behavior_tree_status_change.py
[5.028s] -- Up-to-date: /home/wheeltec/wheeltec_ros2/install/nav2_msgs/lib/python3.8/site-packages/nav2_msgs/msg/_costmap.py
[5.028s] -- Up-to-date: /home/wheeltec/wheeltec_ros2/install/nav2_msgs/lib/python3.8/site-packages/nav2_msgs/msg/_costmap_filter_info_s.c
[5.029s] -- Up-to-date: /home/wheeltec/wheeltec_ros2/install/nav2_msgs/lib/python3.8/site-packages/nav2_msgs/msg/_costmap_meta_data.py
[5.029s] -- Up-to-date: /home/wheeltec/wheeltec_ros2/install/nav2_msgs/lib/python3.8/site-packages/nav2_msgs/srv
[5.030s] -- Up-to-date: /home/wheeltec/wheeltec_ros2/install/nav2_msgs/lib/python3.8/site-packages/nav2_msgs/srv/__init__.py
[5.030s] -- Up-to-date: /home/wheeltec/wheeltec_ros2/install/nav2_msgs/lib/python3.8/site-packages/nav2_msgs/srv/_get_costmap.py
[5.031s] -- Up-to-date: /home/wheeltec/wheeltec_ros2/install/nav2_msgs/lib/python3.8/site-packages/nav2_msgs/srv/_load_map_s.c
[5.031s] -- Up-to-date: /home/wheeltec/wheeltec_ros2/install/nav2_msgs/lib/python3.8/site-packages/nav2_msgs/srv/_save_map_s.c
[5.032s] -- Up-to-date: /home/wheeltec/wheeltec_ros2/install/nav2_msgs/lib/python3.8/site-packages/nav2_msgs/srv/_clear_costmap_except_region.py
[5.032s] -- Up-to-date: /home/wheeltec/wheeltec_ros2/install/nav2_msgs/lib/python3.8/site-packages/nav2_msgs/srv/_clear_entire_costmap_s.c
[5.034s] -- Up-to-date: /home/wheeltec/wheeltec_ros2/install/nav2_msgs/lib/python3.8/site-packages/nav2_msgs/srv/_load_map.py
[5.034s] -- Up-to-date: /home/wheeltec/wheeltec_ros2/install/nav2_msgs/lib/python3.8/site-packages/nav2_msgs/srv/_manage_lifecycle_nodes_s.c
[5.035s] -- Up-to-date: /home/wheeltec/wheeltec_ros2/install/nav2_msgs/lib/python3.8/site-packages/nav2_msgs/srv/_manage_lifecycle_nodes.py
[5.036s] -- Up-to-date: /home/wheeltec/wheeltec_ros2/install/nav2_msgs/lib/python3.8/site-packages/nav2_msgs/srv/_get_costmap_s.c
[5.039s] -- Up-to-date: /home/wheeltec/wheeltec_ros2/install/nav2_msgs/lib/python3.8/site-packages/nav2_msgs/srv/_save_map.py
[5.040s] -- Up-to-date: /home/wheeltec/wheeltec_ros2/install/nav2_msgs/lib/python3.8/site-packages/nav2_msgs/srv/_clear_costmap_around_robot_s.c
[5.040s] -- Up-to-date: /home/wheeltec/wheeltec_ros2/install/nav2_msgs/lib/python3.8/site-packages/nav2_msgs/srv/_clear_entire_costmap.py
[5.040s] -- Up-to-date: /home/wheeltec/wheeltec_ros2/install/nav2_msgs/lib/python3.8/site-packages/nav2_msgs/srv/_clear_costmap_around_robot.py
[5.042s] -- Up-to-date: /home/wheeltec/wheeltec_ros2/install/nav2_msgs/lib/python3.8/site-packages/nav2_msgs/srv/_clear_costmap_except_region_s.c
[5.043s] -- Up-to-date: /home/wheeltec/wheeltec_ros2/install/nav2_msgs/lib/python3.8/site-packages/nav2_msgs/action
[5.045s] -- Up-to-date: /home/wheeltec/wheeltec_ros2/install/nav2_msgs/lib/python3.8/site-packages/nav2_msgs/action/_dummy_recovery.py
[5.046s] -- Up-to-date: /home/wheeltec/wheeltec_ros2/install/nav2_msgs/lib/python3.8/site-packages/nav2_msgs/action/_back_up.py
[5.046s] -- Up-to-date: /home/wheeltec/wheeltec_ros2/install/nav2_msgs/lib/python3.8/site-packages/nav2_msgs/action/__init__.py
[5.047s] -- Up-to-date: /home/wheeltec/wheeltec_ros2/install/nav2_msgs/lib/python3.8/site-packages/nav2_msgs/action/_compute_path_to_pose_s.c
[5.047s] -- Up-to-date: /home/wheeltec/wheeltec_ros2/install/nav2_msgs/lib/python3.8/site-packages/nav2_msgs/action/_spin.py
[5.048s] -- Up-to-date: /home/wheeltec/wheeltec_ros2/install/nav2_msgs/lib/python3.8/site-packages/nav2_msgs/action/_wait_s.c
[5.048s] -- Up-to-date: /home/wheeltec/wheeltec_ros2/install/nav2_msgs/lib/python3.8/site-packages/nav2_msgs/action/_back_up_s.c
[5.049s] -- Up-to-date: /home/wheeltec/wheeltec_ros2/install/nav2_msgs/lib/python3.8/site-packages/nav2_msgs/action/_follow_path_s.c
[5.049s] -- Up-to-date: /home/wheeltec/wheeltec_ros2/install/nav2_msgs/lib/python3.8/site-packages/nav2_msgs/action/_follow_waypoints.py
[5.049s] -- Up-to-date: /home/wheeltec/wheeltec_ros2/install/nav2_msgs/lib/python3.8/site-packages/nav2_msgs/action/_navigate_to_pose.py
[5.050s] -- Up-to-date: /home/wheeltec/wheeltec_ros2/install/nav2_msgs/lib/python3.8/site-packages/nav2_msgs/action/_navigate_to_pose_s.c
[5.051s] -- Up-to-date: /home/wheeltec/wheeltec_ros2/install/nav2_msgs/lib/python3.8/site-packages/nav2_msgs/action/_dummy_recovery_s.c
[5.052s] -- Up-to-date: /home/wheeltec/wheeltec_ros2/install/nav2_msgs/lib/python3.8/site-packages/nav2_msgs/action/_follow_path.py
[5.052s] -- Up-to-date: /home/wheeltec/wheeltec_ros2/install/nav2_msgs/lib/python3.8/site-packages/nav2_msgs/action/_compute_path_to_pose.py
[5.053s] -- Up-to-date: /home/wheeltec/wheeltec_ros2/install/nav2_msgs/lib/python3.8/site-packages/nav2_msgs/action/_follow_waypoints_s.c
[5.053s] -- Up-to-date: /home/wheeltec/wheeltec_ros2/install/nav2_msgs/lib/python3.8/site-packages/nav2_msgs/action/_navigate_through_poses.py
[5.054s] -- Up-to-date: /home/wheeltec/wheeltec_ros2/install/nav2_msgs/lib/python3.8/site-packages/nav2_msgs/action/_compute_path_through_poses.py
[5.055s] -- Up-to-date: /home/wheeltec/wheeltec_ros2/install/nav2_msgs/lib/python3.8/site-packages/nav2_msgs/action/_navigate_through_poses_s.c
[5.056s] -- Up-to-date: /home/wheeltec/wheeltec_ros2/install/nav2_msgs/lib/python3.8/site-packages/nav2_msgs/action/_wait.py
[5.056s] -- Up-to-date: /home/wheeltec/wheeltec_ros2/install/nav2_msgs/lib/python3.8/site-packages/nav2_msgs/action/_spin_s.c
[5.057s] -- Up-to-date: /home/wheeltec/wheeltec_ros2/install/nav2_msgs/lib/python3.8/site-packages/nav2_msgs/action/_compute_path_through_poses_s.c
[5.057s] -- Up-to-date: /home/wheeltec/wheeltec_ros2/install/nav2_msgs/lib/python3.8/site-packages/nav2_msgs/nav2_msgs_s__rosidl_typesupport_fastrtps_c.cpython-38-aarch64-linux-gnu.so
[5.058s] -- Up-to-date: /home/wheeltec/wheeltec_ros2/install/nav2_msgs/lib/python3.8/site-packages/nav2_msgs/nav2_msgs_s__rosidl_typesupport_introspection_c.cpython-38-aarch64-linux-gnu.so
[5.058s] -- Up-to-date: /home/wheeltec/wheeltec_ros2/install/nav2_msgs/lib/python3.8/site-packages/nav2_msgs/nav2_msgs_s__rosidl_typesupport_c.cpython-38-aarch64-linux-gnu.so
[5.059s] -- Up-to-date: /home/wheeltec/wheeltec_ros2/install/nav2_msgs/lib/libnav2_msgs__python.so
[5.059s] -- Up-to-date: /home/wheeltec/wheeltec_ros2/install/nav2_msgs/share/nav2_msgs/msg/Costmap.idl
[5.059s] -- Up-to-date: /home/wheeltec/wheeltec_ros2/install/nav2_msgs/share/nav2_msgs/msg/CostmapMetaData.idl
[5.060s] -- Up-to-date: /home/wheeltec/wheeltec_ros2/install/nav2_msgs/share/nav2_msgs/msg/CostmapFilterInfo.idl
[5.060s] -- Up-to-date: /home/wheeltec/wheeltec_ros2/install/nav2_msgs/share/nav2_msgs/msg/SpeedLimit.idl
[5.060s] -- Up-to-date: /home/wheeltec/wheeltec_ros2/install/nav2_msgs/share/nav2_msgs/msg/VoxelGrid.idl
[5.061s] -- Up-to-date: /home/wheeltec/wheeltec_ros2/install/nav2_msgs/share/nav2_msgs/msg/BehaviorTreeStatusChange.idl
[5.061s] -- Up-to-date: /home/wheeltec/wheeltec_ros2/install/nav2_msgs/share/nav2_msgs/msg/BehaviorTreeLog.idl
[5.061s] -- Up-to-date: /home/wheeltec/wheeltec_ros2/install/nav2_msgs/share/nav2_msgs/msg/Particle.idl
[5.062s] -- Up-to-date: /home/wheeltec/wheeltec_ros2/install/nav2_msgs/share/nav2_msgs/msg/ParticleCloud.idl
[5.062s] -- Up-to-date: /home/wheeltec/wheeltec_ros2/install/nav2_msgs/share/nav2_msgs/srv/GetCostmap.idl
[5.063s] -- Up-to-date: /home/wheeltec/wheeltec_ros2/install/nav2_msgs/share/nav2_msgs/srv/ClearCostmapExceptRegion.idl
[5.063s] -- Up-to-date: /home/wheeltec/wheeltec_ros2/install/nav2_msgs/share/nav2_msgs/srv/ClearCostmapAroundRobot.idl
[5.064s] -- Up-to-date: /home/wheeltec/wheeltec_ros2/install/nav2_msgs/share/nav2_msgs/srv/ClearEntireCostmap.idl
[5.072s] -- Up-to-date: /home/wheeltec/wheeltec_ros2/install/nav2_msgs/share/nav2_msgs/srv/ManageLifecycleNodes.idl
[5.074s] -- Up-to-date: /home/wheeltec/wheeltec_ros2/install/nav2_msgs/share/nav2_msgs/srv/LoadMap.idl
[5.074s] -- Up-to-date: /home/wheeltec/wheeltec_ros2/install/nav2_msgs/share/nav2_msgs/srv/SaveMap.idl
[5.078s] -- Up-to-date: /home/wheeltec/wheeltec_ros2/install/nav2_msgs/share/nav2_msgs/action/BackUp.idl
[5.080s] -- Up-to-date: /home/wheeltec/wheeltec_ros2/install/nav2_msgs/share/nav2_msgs/action/ComputePathToPose.idl
[5.082s] -- Up-to-date: /home/wheeltec/wheeltec_ros2/install/nav2_msgs/share/nav2_msgs/action/ComputePathThroughPoses.idl
[5.082s] -- Up-to-date: /home/wheeltec/wheeltec_ros2/install/nav2_msgs/share/nav2_msgs/action/FollowPath.idl
[5.083s] -- Up-to-date: /home/wheeltec/wheeltec_ros2/install/nav2_msgs/share/nav2_msgs/action/NavigateToPose.idl
[5.084s] -- Up-to-date: /home/wheeltec/wheeltec_ros2/install/nav2_msgs/share/nav2_msgs/action/NavigateThroughPoses.idl
[5.085s] -- Up-to-date: /home/wheeltec/wheeltec_ros2/install/nav2_msgs/share/nav2_msgs/action/Wait.idl
[5.086s] -- Up-to-date: /home/wheeltec/wheeltec_ros2/install/nav2_msgs/share/nav2_msgs/action/Spin.idl
[5.087s] -- Up-to-date: /home/wheeltec/wheeltec_ros2/install/nav2_msgs/share/nav2_msgs/action/DummyRecovery.idl
[5.088s] -- Up-to-date: /home/wheeltec/wheeltec_ros2/install/nav2_msgs/share/nav2_msgs/action/FollowWaypoints.idl
[5.089s] -- Up-to-date: /home/wheeltec/wheeltec_ros2/install/nav2_msgs/share/nav2_msgs/msg/Costmap.msg
[5.092s] -- Up-to-date: /home/wheeltec/wheeltec_ros2/install/nav2_msgs/share/nav2_msgs/msg/CostmapMetaData.msg
[5.093s] -- Up-to-date: /home/wheeltec/wheeltec_ros2/install/nav2_msgs/share/nav2_msgs/msg/CostmapFilterInfo.msg
[5.097s] -- Up-to-date: /home/wheeltec/wheeltec_ros2/install/nav2_msgs/share/nav2_msgs/msg/SpeedLimit.msg
[5.106s] -- Up-to-date: /home/wheeltec/wheeltec_ros2/install/nav2_msgs/share/nav2_msgs/msg/VoxelGrid.msg
[5.106s] -- Up-to-date: /home/wheeltec/wheeltec_ros2/install/nav2_msgs/share/nav2_msgs/msg/BehaviorTreeStatusChange.msg
[5.107s] -- Up-to-date: /home/wheeltec/wheeltec_ros2/install/nav2_msgs/share/nav2_msgs/msg/BehaviorTreeLog.msg
[5.107s] -- Up-to-date: /home/wheeltec/wheeltec_ros2/install/nav2_msgs/share/nav2_msgs/msg/Particle.msg
[5.108s] -- Up-to-date: /home/wheeltec/wheeltec_ros2/install/nav2_msgs/share/nav2_msgs/msg/ParticleCloud.msg
[5.108s] -- Up-to-date: /home/wheeltec/wheeltec_ros2/install/nav2_msgs/share/nav2_msgs/srv/GetCostmap.srv
[5.109s] -- Up-to-date: /home/wheeltec/wheeltec_ros2/install/nav2_msgs/share/nav2_msgs/srv/GetCostmap_Request.msg
[5.110s] -- Up-to-date: /home/wheeltec/wheeltec_ros2/install/nav2_msgs/share/nav2_msgs/srv/GetCostmap_Response.msg
[5.110s] -- Up-to-date: /home/wheeltec/wheeltec_ros2/install/nav2_msgs/share/nav2_msgs/srv/ClearCostmapExceptRegion.srv
[5.111s] -- Up-to-date: /home/wheeltec/wheeltec_ros2/install/nav2_msgs/share/nav2_msgs/srv/ClearCostmapExceptRegion_Request.msg
[5.112s] -- Up-to-date: /home/wheeltec/wheeltec_ros2/install/nav2_msgs/share/nav2_msgs/srv/ClearCostmapExceptRegion_Response.msg
[5.112s] -- Up-to-date: /home/wheeltec/wheeltec_ros2/install/nav2_msgs/share/nav2_msgs/srv/ClearCostmapAroundRobot.srv
[5.112s] -- Up-to-date: /home/wheeltec/wheeltec_ros2/install/nav2_msgs/share/nav2_msgs/srv/ClearCostmapAroundRobot_Request.msg
[5.113s] -- Up-to-date: /home/wheeltec/wheeltec_ros2/install/nav2_msgs/share/nav2_msgs/srv/ClearCostmapAroundRobot_Response.msg
[5.113s] -- Up-to-date: /home/wheeltec/wheeltec_ros2/install/nav2_msgs/share/nav2_msgs/srv/ClearEntireCostmap.srv
[5.114s] -- Up-to-date: /home/wheeltec/wheeltec_ros2/install/nav2_msgs/share/nav2_msgs/srv/ClearEntireCostmap_Request.msg
[5.114s] -- Up-to-date: /home/wheeltec/wheeltec_ros2/install/nav2_msgs/share/nav2_msgs/srv/ClearEntireCostmap_Response.msg
[5.114s] -- Up-to-date: /home/wheeltec/wheeltec_ros2/install/nav2_msgs/share/nav2_msgs/srv/ManageLifecycleNodes.srv
[5.115s] -- Up-to-date: /home/wheeltec/wheeltec_ros2/install/nav2_msgs/share/nav2_msgs/srv/ManageLifecycleNodes_Request.msg
[5.115s] -- Up-to-date: /home/wheeltec/wheeltec_ros2/install/nav2_msgs/share/nav2_msgs/srv/ManageLifecycleNodes_Response.msg
[5.116s] -- Up-to-date: /home/wheeltec/wheeltec_ros2/install/nav2_msgs/share/nav2_msgs/srv/LoadMap.srv
[5.116s] -- Up-to-date: /home/wheeltec/wheeltec_ros2/install/nav2_msgs/share/nav2_msgs/srv/LoadMap_Request.msg
[5.117s] -- Up-to-date: /home/wheeltec/wheeltec_ros2/install/nav2_msgs/share/nav2_msgs/srv/LoadMap_Response.msg
[5.117s] -- Up-to-date: /home/wheeltec/wheeltec_ros2/install/nav2_msgs/share/nav2_msgs/srv/SaveMap.srv
[5.117s] -- Up-to-date: /home/wheeltec/wheeltec_ros2/install/nav2_msgs/share/nav2_msgs/srv/SaveMap_Request.msg
[5.118s] -- Up-to-date: /home/wheeltec/wheeltec_ros2/install/nav2_msgs/share/nav2_msgs/srv/SaveMap_Response.msg
[5.119s] -- Up-to-date: /home/wheeltec/wheeltec_ros2/install/nav2_msgs/share/nav2_msgs/action/BackUp.action
[5.120s] -- Up-to-date: /home/wheeltec/wheeltec_ros2/install/nav2_msgs/share/nav2_msgs/action/ComputePathToPose.action
[5.121s] -- Up-to-date: /home/wheeltec/wheeltec_ros2/install/nav2_msgs/share/nav2_msgs/action/ComputePathThroughPoses.action
[5.122s] -- Up-to-date: /home/wheeltec/wheeltec_ros2/install/nav2_msgs/share/nav2_msgs/action/FollowPath.action
[5.124s] -- Up-to-date: /home/wheeltec/wheeltec_ros2/install/nav2_msgs/share/nav2_msgs/action/NavigateToPose.action
[5.125s] -- Up-to-date: /home/wheeltec/wheeltec_ros2/install/nav2_msgs/share/nav2_msgs/action/NavigateThroughPoses.action
[5.126s] -- Up-to-date: /home/wheeltec/wheeltec_ros2/install/nav2_msgs/share/nav2_msgs/action/Wait.action
[5.126s] -- Up-to-date: /home/wheeltec/wheeltec_ros2/install/nav2_msgs/share/nav2_msgs/action/Spin.action
[5.127s] -- Up-to-date: /home/wheeltec/wheeltec_ros2/install/nav2_msgs/share/nav2_msgs/action/DummyRecovery.action
[5.128s] -- Up-to-date: /home/wheeltec/wheeltec_ros2/install/nav2_msgs/share/nav2_msgs/action/FollowWaypoints.action
[5.129s] -- Up-to-date: /home/wheeltec/wheeltec_ros2/install/nav2_msgs/share/ament_index/resource_index/package_run_dependencies/nav2_msgs
[5.130s] -- Up-to-date: /home/wheeltec/wheeltec_ros2/install/nav2_msgs/share/ament_index/resource_index/parent_prefix_path/nav2_msgs
[5.131s] -- Up-to-date: /home/wheeltec/wheeltec_ros2/install/nav2_msgs/share/nav2_msgs/environment/ament_prefix_path.sh
[5.132s] -- Up-to-date: /home/wheeltec/wheeltec_ros2/install/nav2_msgs/share/nav2_msgs/environment/ament_prefix_path.dsv
[5.133s] -- Up-to-date: /home/wheeltec/wheeltec_ros2/install/nav2_msgs/share/nav2_msgs/environment/path.sh
[5.133s] -- Up-to-date: /home/wheeltec/wheeltec_ros2/install/nav2_msgs/share/nav2_msgs/environment/path.dsv
[5.134s] -- Up-to-date: /home/wheeltec/wheeltec_ros2/install/nav2_msgs/share/nav2_msgs/local_setup.bash
[5.135s] -- Up-to-date: /home/wheeltec/wheeltec_ros2/install/nav2_msgs/share/nav2_msgs/local_setup.sh
[5.138s] -- Up-to-date: /home/wheeltec/wheeltec_ros2/install/nav2_msgs/share/nav2_msgs/local_setup.zsh
[5.140s] -- Up-to-date: /home/wheeltec/wheeltec_ros2/install/nav2_msgs/share/nav2_msgs/local_setup.dsv
[5.141s] -- Installing: /home/wheeltec/wheeltec_ros2/install/nav2_msgs/share/nav2_msgs/package.dsv
[5.143s] -- Up-to-date: /home/wheeltec/wheeltec_ros2/install/nav2_msgs/share/ament_index/resource_index/packages/nav2_msgs
[5.143s] -- Up-to-date: /home/wheeltec/wheeltec_ros2/install/nav2_msgs/share/nav2_msgs/cmake/nav2_msgs__rosidl_generator_cExport.cmake
[5.144s] -- Up-to-date: /home/wheeltec/wheeltec_ros2/install/nav2_msgs/share/nav2_msgs/cmake/nav2_msgs__rosidl_generator_cExport-release.cmake
[5.145s] -- Up-to-date: /home/wheeltec/wheeltec_ros2/install/nav2_msgs/share/nav2_msgs/cmake/nav2_msgs__rosidl_typesupport_introspection_cExport.cmake
[5.146s] -- Up-to-date: /home/wheeltec/wheeltec_ros2/install/nav2_msgs/share/nav2_msgs/cmake/nav2_msgs__rosidl_typesupport_introspection_cExport-release.cmake
[5.147s] -- Up-to-date: /home/wheeltec/wheeltec_ros2/install/nav2_msgs/share/nav2_msgs/cmake/nav2_msgs__rosidl_typesupport_cExport.cmake
[5.148s] -- Up-to-date: /home/wheeltec/wheeltec_ros2/install/nav2_msgs/share/nav2_msgs/cmake/nav2_msgs__rosidl_typesupport_cExport-release.cmake
[5.148s] -- Up-to-date: /home/wheeltec/wheeltec_ros2/install/nav2_msgs/share/nav2_msgs/cmake/nav2_msgs__rosidl_generator_cppExport.cmake
[5.152s] -- Up-to-date: /home/wheeltec/wheeltec_ros2/install/nav2_msgs/share/nav2_msgs/cmake/nav2_msgs__rosidl_typesupport_introspection_cppExport.cmake
[5.154s] -- Up-to-date: /home/wheeltec/wheeltec_ros2/install/nav2_msgs/share/nav2_msgs/cmake/nav2_msgs__rosidl_typesupport_introspection_cppExport-release.cmake
[5.155s] -- Up-to-date: /home/wheeltec/wheeltec_ros2/install/nav2_msgs/share/nav2_msgs/cmake/nav2_msgs__rosidl_typesupport_cppExport.cmake
[5.157s] -- Up-to-date: /home/wheeltec/wheeltec_ros2/install/nav2_msgs/share/nav2_msgs/cmake/nav2_msgs__rosidl_typesupport_cppExport-release.cmake
[5.157s] -- Up-to-date: /home/wheeltec/wheeltec_ros2/install/nav2_msgs/share/nav2_msgs/cmake/rosidl_cmake-extras.cmake
[5.158s] -- Up-to-date: /home/wheeltec/wheeltec_ros2/install/nav2_msgs/share/nav2_msgs/cmake/ament_cmake_export_dependencies-extras.cmake
[5.158s] -- Up-to-date: /home/wheeltec/wheeltec_ros2/install/nav2_msgs/share/nav2_msgs/cmake/ament_cmake_export_libraries-extras.cmake
[5.158s] -- Up-to-date: /home/wheeltec/wheeltec_ros2/install/nav2_msgs/share/nav2_msgs/cmake/ament_cmake_export_targets-extras.cmake
[5.159s] -- Up-to-date: /home/wheeltec/wheeltec_ros2/install/nav2_msgs/share/nav2_msgs/cmake/ament_cmake_export_include_directories-extras.cmake
[5.161s] -- Up-to-date: /home/wheeltec/wheeltec_ros2/install/nav2_msgs/share/nav2_msgs/cmake/rosidl_cmake_export_typesupport_libraries-extras.cmake
[5.161s] -- Up-to-date: /home/wheeltec/wheeltec_ros2/install/nav2_msgs/share/nav2_msgs/cmake/rosidl_cmake_export_typesupport_targets-extras.cmake
[5.162s] -- Up-to-date: /home/wheeltec/wheeltec_ros2/install/nav2_msgs/share/nav2_msgs/cmake/nav2_msgsConfig.cmake
[5.163s] -- Up-to-date: /home/wheeltec/wheeltec_ros2/install/nav2_msgs/share/nav2_msgs/cmake/nav2_msgsConfig-version.cmake
[5.165s] -- Up-to-date: /home/wheeltec/wheeltec_ros2/install/nav2_msgs/share/nav2_msgs/package.xml
[5.207s] Invoked command in '/home/wheeltec/wheeltec_ros2/build/nav2_msgs' returned '0': AMENT_PREFIX_PATH=/home/wheeltec/wheeltec_ros2/install/nav2_common:${AMENT_PREFIX_PATH} CMAKE_PREFIX_PATH=/home/wheeltec/wheeltec_ros2/install/nav2_common:/opt/ros/galactic PYTHONPATH=/home/wheeltec/wheeltec_ros2/install/nav2_common/lib/python3.8/site-packages:${PYTHONPATH} /usr/bin/cmake --install /home/wheeltec/wheeltec_ros2/build/nav2_msgs
