[5.537s] Invoking command in '/home/wheeltec/wheeltec_ros2/src/depend/tf2_tools': PYTHONPATH=/home/wheeltec/wheeltec_ros2/install/tf2_tools/lib/python3.8/site-packages:${PYTHONPATH} /usr/bin/python3 setup.py egg_info --egg-base ../../../build/tf2_tools build --build-base /home/wheeltec/wheeltec_ros2/build/tf2_tools/build install --prefix /home/wheeltec/wheeltec_ros2/install/tf2_tools --record /home/wheeltec/wheeltec_ros2/build/tf2_tools/install.log --single-version-externally-managed
[7.514s] running egg_info
[7.517s] creating ../../../build/tf2_tools/tf2_tools.egg-info
[7.606s] writing ../../../build/tf2_tools/tf2_tools.egg-info/PKG-INFO
[7.607s] writing dependency_links to ../../../build/tf2_tools/tf2_tools.egg-info/dependency_links.txt
[7.608s] writing entry points to ../../../build/tf2_tools/tf2_tools.egg-info/entry_points.txt
[7.609s] writing requirements to ../../../build/tf2_tools/tf2_tools.egg-info/requires.txt
[7.609s] writing top-level names to ../../../build/tf2_tools/tf2_tools.egg-info/top_level.txt
[7.614s] writing manifest file '../../../build/tf2_tools/tf2_tools.egg-info/SOURCES.txt'
[7.789s] reading manifest file '../../../build/tf2_tools/tf2_tools.egg-info/SOURCES.txt'
[7.792s] writing manifest file '../../../build/tf2_tools/tf2_tools.egg-info/SOURCES.txt'
[7.792s] running build
[7.793s] running build_py
[7.794s] creating /home/wheeltec/wheeltec_ros2/build/tf2_tools/build
[7.794s] creating /home/wheeltec/wheeltec_ros2/build/tf2_tools/build/lib
[7.794s] creating /home/wheeltec/wheeltec_ros2/build/tf2_tools/build/lib/tf2_tools
[7.795s] copying tf2_tools/__init__.py -> /home/wheeltec/wheeltec_ros2/build/tf2_tools/build/lib/tf2_tools
[7.795s] copying tf2_tools/view_frames.py -> /home/wheeltec/wheeltec_ros2/build/tf2_tools/build/lib/tf2_tools
[7.836s] running install
[7.837s] /home/wheeltec/.local/lib/python3.8/site-packages/setuptools/command/install.py:34: SetuptoolsDeprecationWarning: setup.py install is deprecated. Use build and pip and other standards-based tools.
[7.837s]   warnings.warn(
[7.859s] running install_lib
[7.938s] creating /home/wheeltec/wheeltec_ros2/install/tf2_tools/lib/python3.8/site-packages/tf2_tools
[7.940s] copying /home/wheeltec/wheeltec_ros2/build/tf2_tools/build/lib/tf2_tools/__init__.py -> /home/wheeltec/wheeltec_ros2/install/tf2_tools/lib/python3.8/site-packages/tf2_tools
[7.942s] copying /home/wheeltec/wheeltec_ros2/build/tf2_tools/build/lib/tf2_tools/view_frames.py -> /home/wheeltec/wheeltec_ros2/install/tf2_tools/lib/python3.8/site-packages/tf2_tools
[7.945s] byte-compiling /home/wheeltec/wheeltec_ros2/install/tf2_tools/lib/python3.8/site-packages/tf2_tools/__init__.py to __init__.cpython-38.pyc
[7.948s] byte-compiling /home/wheeltec/wheeltec_ros2/install/tf2_tools/lib/python3.8/site-packages/tf2_tools/view_frames.py to view_frames.cpython-38.pyc
[7.951s] running install_data
[8.032s] creating /home/wheeltec/wheeltec_ros2/install/tf2_tools/share/ament_index
[8.032s] creating /home/wheeltec/wheeltec_ros2/install/tf2_tools/share/ament_index/resource_index
[8.033s] creating /home/wheeltec/wheeltec_ros2/install/tf2_tools/share/ament_index/resource_index/packages
[8.033s] copying resource/tf2_tools -> /home/wheeltec/wheeltec_ros2/install/tf2_tools/share/ament_index/resource_index/packages
[8.034s] copying package.xml -> /home/wheeltec/wheeltec_ros2/install/tf2_tools/share/tf2_tools
[8.058s] running install_egg_info
[8.144s] Copying ../../../build/tf2_tools/tf2_tools.egg-info to /home/wheeltec/wheeltec_ros2/install/tf2_tools/lib/python3.8/site-packages/tf2_tools-0.17.1-py3.8.egg-info
[8.148s] running install_scripts
[8.571s] Installing view_frames script to /home/wheeltec/wheeltec_ros2/install/tf2_tools/lib/tf2_tools
[8.572s] writing list of installed files to '/home/wheeltec/wheeltec_ros2/build/tf2_tools/install.log'
[8.754s] Invoked command in '/home/wheeltec/wheeltec_ros2/src/depend/tf2_tools' returned '0': PYTHONPATH=/home/wheeltec/wheeltec_ros2/install/tf2_tools/lib/python3.8/site-packages:${PYTHONPATH} /usr/bin/python3 setup.py egg_info --egg-base ../../../build/tf2_tools build --build-base /home/wheeltec/wheeltec_ros2/build/tf2_tools/build install --prefix /home/wheeltec/wheeltec_ros2/install/tf2_tools --record /home/wheeltec/wheeltec_ros2/build/tf2_tools/install.log --single-version-externally-managed
