[0.157s] Invoking command in '/home/wheeltec/wheeltec_ros2/build/nav2_common': CMAKE_PREFIX_PATH=/opt/ros/galactic /usr/bin/cmake /home/wheeltec/wheeltec_ros2/src/navigation2-galactic/nav2_common -DCMAKE_INSTALL_PREFIX=/home/wheeltec/wheeltec_ros2/install/nav2_common
[0.331s] -- Found ament_cmake_core: 1.1.5 (/opt/ros/galactic/share/ament_cmake_core/cmake)
[0.431s] -- Found PythonInterp: /usr/bin/python3 (found suitable version "3.8.10", minimum required is "3") 
[0.431s] -- Using PYTHON_EXECUTABLE: /usr/bin/python3
[0.866s] -- Found ament_cmake_python: 1.1.5 (/opt/ros/galactic/share/ament_cmake_python/cmake)
[2.787s] -- Configuring done
[2.796s] -- Generating done
[2.800s] -- Build files have been written to: /home/wheeltec/wheeltec_ros2/build/nav2_common
[2.814s] Invoked command in '/home/wheeltec/wheeltec_ros2/build/nav2_common' returned '0': CMAKE_PREFIX_PATH=/opt/ros/galactic /usr/bin/cmake /home/wheeltec/wheeltec_ros2/src/navigation2-galactic/nav2_common -DCMAKE_INSTALL_PREFIX=/home/wheeltec/wheeltec_ros2/install/nav2_common
[2.817s] Invoking command in '/home/wheeltec/wheeltec_ros2/build/nav2_common': CMAKE_PREFIX_PATH=/opt/ros/galactic /usr/bin/cmake --build /home/wheeltec/wheeltec_ros2/build/nav2_common -- -j4 -l4
[2.963s] [35m[1mScanning dependencies of target ament_cmake_python_copy_nav2_common[0m
[3.037s] Built target ament_cmake_python_copy_nav2_common
[3.084s] [35m[1mScanning dependencies of target ament_cmake_python_build_nav2_common_egg[0m
[4.517s] running egg_info
[4.520s] creating nav2_common.egg-info
[4.588s] writing nav2_common.egg-info/PKG-INFO
[4.590s] writing dependency_links to nav2_common.egg-info/dependency_links.txt
[4.592s] writing top-level names to nav2_common.egg-info/top_level.txt
[4.596s] writing manifest file 'nav2_common.egg-info/SOURCES.txt'
[4.814s] reading manifest file 'nav2_common.egg-info/SOURCES.txt'
[4.817s] writing manifest file 'nav2_common.egg-info/SOURCES.txt'
[4.991s] Built target ament_cmake_python_build_nav2_common_egg
[5.039s] Invoked command in '/home/wheeltec/wheeltec_ros2/build/nav2_common' returned '0': CMAKE_PREFIX_PATH=/opt/ros/galactic /usr/bin/cmake --build /home/wheeltec/wheeltec_ros2/build/nav2_common -- -j4 -l4
[5.168s] Invoking command in '/home/wheeltec/wheeltec_ros2/build/nav2_common': CMAKE_PREFIX_PATH=/opt/ros/galactic /usr/bin/cmake --install /home/wheeltec/wheeltec_ros2/build/nav2_common
[5.207s] -- Install configuration: ""
[5.209s] -- Installing: /home/wheeltec/wheeltec_ros2/install/nav2_common/share/nav2_common/environment/pythonpath.sh
[5.210s] -- Installing: /home/wheeltec/wheeltec_ros2/install/nav2_common/share/nav2_common/environment/pythonpath.dsv
[5.211s] -- Installing: /home/wheeltec/wheeltec_ros2/install/nav2_common/lib/python3.8/site-packages//nav2_common.egg-info
[5.213s] -- Installing: /home/wheeltec/wheeltec_ros2/install/nav2_common/lib/python3.8/site-packages//nav2_common.egg-info/dependency_links.txt
[5.214s] -- Installing: /home/wheeltec/wheeltec_ros2/install/nav2_common/lib/python3.8/site-packages//nav2_common.egg-info/top_level.txt
[5.215s] -- Installing: /home/wheeltec/wheeltec_ros2/install/nav2_common/lib/python3.8/site-packages//nav2_common.egg-info/SOURCES.txt
[5.217s] -- Installing: /home/wheeltec/wheeltec_ros2/install/nav2_common/lib/python3.8/site-packages//nav2_common.egg-info/PKG-INFO
[5.219s] -- Installing: /home/wheeltec/wheeltec_ros2/install/nav2_common/lib/python3.8/site-packages/nav2_common
[5.220s] -- Installing: /home/wheeltec/wheeltec_ros2/install/nav2_common/lib/python3.8/site-packages/nav2_common/__init__.py
[5.221s] -- Installing: /home/wheeltec/wheeltec_ros2/install/nav2_common/lib/python3.8/site-packages/nav2_common/launch
[5.222s] -- Installing: /home/wheeltec/wheeltec_ros2/install/nav2_common/lib/python3.8/site-packages/nav2_common/launch/__init__.py
[5.223s] -- Installing: /home/wheeltec/wheeltec_ros2/install/nav2_common/lib/python3.8/site-packages/nav2_common/launch/rewritten_yaml.py
[5.225s] -- Installing: /home/wheeltec/wheeltec_ros2/install/nav2_common/lib/python3.8/site-packages/nav2_common/launch/has_node_params.py
[5.226s] -- Installing: /home/wheeltec/wheeltec_ros2/install/nav2_common/lib/python3.8/site-packages/nav2_common/launch/replace_string.py
[5.374s] Listing '/home/wheeltec/wheeltec_ros2/install/nav2_common/lib/python3.8/site-packages/nav2_common'...
[5.375s] Compiling '/home/wheeltec/wheeltec_ros2/install/nav2_common/lib/python3.8/site-packages/nav2_common/__init__.py'...
[5.376s] Listing '/home/wheeltec/wheeltec_ros2/install/nav2_common/lib/python3.8/site-packages/nav2_common/launch'...
[5.377s] Compiling '/home/wheeltec/wheeltec_ros2/install/nav2_common/lib/python3.8/site-packages/nav2_common/launch/__init__.py'...
[5.377s] Compiling '/home/wheeltec/wheeltec_ros2/install/nav2_common/lib/python3.8/site-packages/nav2_common/launch/has_node_params.py'...
[5.378s] Compiling '/home/wheeltec/wheeltec_ros2/install/nav2_common/lib/python3.8/site-packages/nav2_common/launch/replace_string.py'...
[5.378s] Compiling '/home/wheeltec/wheeltec_ros2/install/nav2_common/lib/python3.8/site-packages/nav2_common/launch/rewritten_yaml.py'...
[5.403s] -- Installing: /home/wheeltec/wheeltec_ros2/install/nav2_common/share/ament_index/resource_index/package_run_dependencies/nav2_common
[5.403s] -- Installing: /home/wheeltec/wheeltec_ros2/install/nav2_common/share/ament_index/resource_index/parent_prefix_path/nav2_common
[5.404s] -- Installing: /home/wheeltec/wheeltec_ros2/install/nav2_common/share/nav2_common/environment/ament_prefix_path.sh
[5.405s] -- Installing: /home/wheeltec/wheeltec_ros2/install/nav2_common/share/nav2_common/environment/ament_prefix_path.dsv
[5.406s] -- Installing: /home/wheeltec/wheeltec_ros2/install/nav2_common/share/nav2_common/environment/path.sh
[5.406s] -- Installing: /home/wheeltec/wheeltec_ros2/install/nav2_common/share/nav2_common/environment/path.dsv
[5.417s] -- Installing: /home/wheeltec/wheeltec_ros2/install/nav2_common/share/nav2_common/local_setup.bash
[5.418s] -- Installing: /home/wheeltec/wheeltec_ros2/install/nav2_common/share/nav2_common/local_setup.sh
[5.419s] -- Installing: /home/wheeltec/wheeltec_ros2/install/nav2_common/share/nav2_common/local_setup.zsh
[5.430s] -- Installing: /home/wheeltec/wheeltec_ros2/install/nav2_common/share/nav2_common/local_setup.dsv
[5.430s] -- Installing: /home/wheeltec/wheeltec_ros2/install/nav2_common/share/nav2_common/package.dsv
[5.431s] -- Installing: /home/wheeltec/wheeltec_ros2/install/nav2_common/share/ament_index/resource_index/packages/nav2_common
[5.431s] -- Installing: /home/wheeltec/wheeltec_ros2/install/nav2_common/share/nav2_common/cmake/nav2_common-extras.cmake
[5.432s] -- Installing: /home/wheeltec/wheeltec_ros2/install/nav2_common/share/nav2_common/cmake/nav2_commonConfig.cmake
[5.432s] -- Installing: /home/wheeltec/wheeltec_ros2/install/nav2_common/share/nav2_common/cmake/nav2_commonConfig-version.cmake
[5.432s] -- Installing: /home/wheeltec/wheeltec_ros2/install/nav2_common/share/nav2_common/package.xml
[5.433s] -- Up-to-date: /home/wheeltec/wheeltec_ros2/install/nav2_common/share/nav2_common/cmake
[5.433s] -- Installing: /home/wheeltec/wheeltec_ros2/install/nav2_common/share/nav2_common/cmake/nav2_package.cmake
[5.443s] Invoked command in '/home/wheeltec/wheeltec_ros2/build/nav2_common' returned '0': CMAKE_PREFIX_PATH=/opt/ros/galactic /usr/bin/cmake --install /home/wheeltec/wheeltec_ros2/build/nav2_common
