[0.111s] Invoking command in '/home/wheeltec/wheeltec_ros2/build/wheeltec_cartographer': CMAKE_PREFIX_PATH=${CMAKE_PREFIX_PATH}:/home/wheeltec/wheeltec_ros2/install/simple_follower_ros2:/home/wheeltec/wheeltec_ros2/install/wheeltec_robot_keyboard:/home/wheeltec/wheeltec_ros2/install/tf2_tools:/home/wheeltec/wheeltec_ros2/install/nav2_simple_commander:/home/wheeltec/wheeltec_ros2/install/nav2_gazebo_spawner:/opt/ros/galactic /usr/bin/cmake --build /home/wheeltec/wheeltec_ros2/build/wheeltec_cartographer -- -j4 -l4
[0.290s] -- Found ament_cmake: 1.1.6 (/opt/ros/galactic/share/ament_cmake/cmake)
[0.430s] -- Using PYTHON_EXECUTABLE: /usr/bin/python3
[0.801s] -- Found ament_lint_auto: 0.10.7 (/opt/ros/galactic/share/ament_lint_auto/cmake)
[1.199s] -- Added test 'copyright' to check source files copyright and LICENSE
[1.215s] -- Added test 'flake8' to check Python code syntax and style conventions
[1.222s] -- Added test 'lint_cmake' to check CMake code style
[1.225s] -- Added test 'pep257' to check Python code against some of the style conventions in PEP 257
[1.231s] -- Added test 'xmllint' to check XML markup files
[1.247s] -- Configuring done
[1.269s] -- Generating done
[1.275s] -- Build files have been written to: /home/wheeltec/wheeltec_ros2/build/wheeltec_cartographer
[1.416s] Invoked command in '/home/wheeltec/wheeltec_ros2/build/wheeltec_cartographer' returned '0': CMAKE_PREFIX_PATH=${CMAKE_PREFIX_PATH}:/home/wheeltec/wheeltec_ros2/install/simple_follower_ros2:/home/wheeltec/wheeltec_ros2/install/wheeltec_robot_keyboard:/home/wheeltec/wheeltec_ros2/install/tf2_tools:/home/wheeltec/wheeltec_ros2/install/nav2_simple_commander:/home/wheeltec/wheeltec_ros2/install/nav2_gazebo_spawner:/opt/ros/galactic /usr/bin/cmake --build /home/wheeltec/wheeltec_ros2/build/wheeltec_cartographer -- -j4 -l4
[1.591s] Invoking command in '/home/wheeltec/wheeltec_ros2/build/wheeltec_cartographer': CMAKE_PREFIX_PATH=${CMAKE_PREFIX_PATH}:/home/wheeltec/wheeltec_ros2/install/simple_follower_ros2:/home/wheeltec/wheeltec_ros2/install/wheeltec_robot_keyboard:/home/wheeltec/wheeltec_ros2/install/tf2_tools:/home/wheeltec/wheeltec_ros2/install/nav2_simple_commander:/home/wheeltec/wheeltec_ros2/install/nav2_gazebo_spawner:/opt/ros/galactic /usr/bin/cmake --install /home/wheeltec/wheeltec_ros2/build/wheeltec_cartographer
[1.664s] -- Install configuration: ""
[1.666s] -- Up-to-date: /home/wheeltec/wheeltec_ros2/install/wheeltec_cartographer/share/wheeltec_cartographer/launch
[1.668s] -- Installing: /home/wheeltec/wheeltec_ros2/install/wheeltec_cartographer/share/wheeltec_cartographer/launch/turtlebot3_scan.launch.py
[1.670s] -- Installing: /home/wheeltec/wheeltec_ros2/install/wheeltec_cartographer/share/wheeltec_cartographer/launch/realsense_d400.launch.py
[1.672s] -- Installing: /home/wheeltec/wheeltec_ros2/install/wheeltec_cartographer/share/wheeltec_cartographer/launch/cartographer.launch.py
[1.674s] -- Installing: /home/wheeltec/wheeltec_ros2/install/wheeltec_cartographer/share/wheeltec_cartographer/launch/slam_rtabmap.launch.py
[1.676s] -- Up-to-date: /home/wheeltec/wheeltec_ros2/install/wheeltec_cartographer/share/wheeltec_cartographer/config
[1.678s] -- Installing: /home/wheeltec/wheeltec_ros2/install/wheeltec_cartographer/share/wheeltec_cartographer/config/cartographer.lua
[1.680s] -- Up-to-date: /home/wheeltec/wheeltec_ros2/install/wheeltec_cartographer/share/ament_index/resource_index/package_run_dependencies/wheeltec_cartographer
[1.682s] -- Installing: /home/wheeltec/wheeltec_ros2/install/wheeltec_cartographer/share/ament_index/resource_index/parent_prefix_path/wheeltec_cartographer
[1.684s] -- Installing: /home/wheeltec/wheeltec_ros2/install/wheeltec_cartographer/share/wheeltec_cartographer/environment/ament_prefix_path.sh
[1.686s] -- Installing: /home/wheeltec/wheeltec_ros2/install/wheeltec_cartographer/share/wheeltec_cartographer/environment/ament_prefix_path.dsv
[1.687s] -- Installing: /home/wheeltec/wheeltec_ros2/install/wheeltec_cartographer/share/wheeltec_cartographer/environment/path.sh
[1.689s] -- Installing: /home/wheeltec/wheeltec_ros2/install/wheeltec_cartographer/share/wheeltec_cartographer/environment/path.dsv
[1.691s] -- Up-to-date: /home/wheeltec/wheeltec_ros2/install/wheeltec_cartographer/share/wheeltec_cartographer/local_setup.bash
[1.692s] -- Up-to-date: /home/wheeltec/wheeltec_ros2/install/wheeltec_cartographer/share/wheeltec_cartographer/local_setup.sh
[1.693s] -- Up-to-date: /home/wheeltec/wheeltec_ros2/install/wheeltec_cartographer/share/wheeltec_cartographer/local_setup.zsh
[1.695s] -- Installing: /home/wheeltec/wheeltec_ros2/install/wheeltec_cartographer/share/wheeltec_cartographer/local_setup.dsv
[1.696s] -- Installing: /home/wheeltec/wheeltec_ros2/install/wheeltec_cartographer/share/wheeltec_cartographer/package.dsv
[1.698s] -- Up-to-date: /home/wheeltec/wheeltec_ros2/install/wheeltec_cartographer/share/ament_index/resource_index/packages/wheeltec_cartographer
[1.700s] -- Up-to-date: /home/wheeltec/wheeltec_ros2/install/wheeltec_cartographer/share/wheeltec_cartographer/cmake/wheeltec_cartographerConfig.cmake
[1.701s] -- Up-to-date: /home/wheeltec/wheeltec_ros2/install/wheeltec_cartographer/share/wheeltec_cartographer/cmake/wheeltec_cartographerConfig-version.cmake
[1.702s] -- Installing: /home/wheeltec/wheeltec_ros2/install/wheeltec_cartographer/share/wheeltec_cartographer/package.xml
[1.714s] Invoked command in '/home/wheeltec/wheeltec_ros2/build/wheeltec_cartographer' returned '0': CMAKE_PREFIX_PATH=${CMAKE_PREFIX_PATH}:/home/wheeltec/wheeltec_ros2/install/simple_follower_ros2:/home/wheeltec/wheeltec_ros2/install/wheeltec_robot_keyboard:/home/wheeltec/wheeltec_ros2/install/tf2_tools:/home/wheeltec/wheeltec_ros2/install/nav2_simple_commander:/home/wheeltec/wheeltec_ros2/install/nav2_gazebo_spawner:/opt/ros/galactic /usr/bin/cmake --install /home/wheeltec/wheeltec_ros2/build/wheeltec_cartographer
