[0.072s] Invoking command in '/home/wheeltec/wheeltec_ros2/build/serial': CMAKE_PREFIX_PATH=/opt/ros/galactic /usr/bin/cmake /home/wheeltec/wheeltec_ros2/src/depend/serial_ros2 -DCMAKE_INSTALL_PREFIX=/home/wheeltec/wheeltec_ros2/install/serial
[0.398s] -- The C compiler identification is GNU 9.4.0
[0.618s] -- The CXX compiler identification is GNU 9.4.0
[0.648s] -- Check for working C compiler: /usr/bin/cc
[0.912s] -- Check for working C compiler: /usr/bin/cc -- works
[0.916s] -- Detecting C compiler ABI info
[1.173s] -- Detecting C compiler ABI info - done
[1.230s] -- Detecting C compile features
[1.232s] -- Detecting C compile features - done
[1.248s] -- Check for working CXX compiler: /usr/bin/c++
[1.559s] -- Check for working CXX compiler: /usr/bin/c++ -- works
[1.563s] -- Detecting CXX compiler ABI info
[1.871s] -- Detecting CXX compiler ABI info - done
[1.932s] -- Detecting CXX compile features
[1.935s] -- Detecting CXX compile features - done
[1.951s] -- Found rosidl_default_generators: 1.1.1 (/opt/ros/galactic/share/rosidl_default_generators/cmake)
[1.966s] -- Found ament_cmake_core: 1.1.5 (/opt/ros/galactic/share/ament_cmake_core/cmake)
[2.082s] -- Found PythonInterp: /usr/bin/python3 (found suitable version "3.8.10", minimum required is "3") 
[2.083s] -- Using PYTHON_EXECUTABLE: /usr/bin/python3
[2.419s] -- Using all available rosidl_typesupport_c: rosidl_typesupport_fastrtps_c;rosidl_typesupport_introspection_c
[2.468s] -- Found rosidl_adapter: 2.2.2 (/opt/ros/galactic/share/rosidl_adapter/cmake)
[3.121s] -- Found OpenSSL: /usr/lib/aarch64-linux-gnu/libcrypto.so (found version "1.1.1f")  
[3.230s] -- Found FastRTPS: /opt/ros/galactic/include  
[3.596s] -- Using all available rosidl_typesupport_cpp: rosidl_typesupport_fastrtps_cpp;rosidl_typesupport_introspection_cpp
[4.039s] -- Configuring done
[4.068s] -- Generating done
[4.076s] -- Build files have been written to: /home/wheeltec/wheeltec_ros2/build/serial
[4.136s] Invoked command in '/home/wheeltec/wheeltec_ros2/build/serial' returned '0': CMAKE_PREFIX_PATH=/opt/ros/galactic /usr/bin/cmake /home/wheeltec/wheeltec_ros2/src/depend/serial_ros2 -DCMAKE_INSTALL_PREFIX=/home/wheeltec/wheeltec_ros2/install/serial
[4.139s] Invoking command in '/home/wheeltec/wheeltec_ros2/build/serial': CMAKE_PREFIX_PATH=/opt/ros/galactic /usr/bin/cmake --build /home/wheeltec/wheeltec_ros2/build/serial -- -j4 -l4
[4.333s] [35m[1mScanning dependencies of target serial[0m
[4.405s] [ 25%] [32mBuilding CXX object CMakeFiles/serial.dir/src/serial.cc.o[0m
[6.888s] [ 50%] [32mBuilding CXX object CMakeFiles/serial.dir/src/impl/list_ports/list_ports_linux.cc.o[0m
[8.261s] [01m[K/home/wheeltec/wheeltec_ros2/src/depend/serial_ros2/src/impl/list_ports/list_ports_linux.cc:[m[K In function ‘[01m[Kstd::vector<std::__cxx11::basic_string<char> > glob(const std::vector<std::__cxx11::basic_string<char> >&)[m[K’:
[8.262s] [01m[K/home/wheeltec/wheeltec_ros2/src/depend/serial_ros2/src/impl/list_ports/list_ports_linux.cc:66:40:[m[K [01;35m[Kwarning: [m[Kcomparison of integer expressions of different signedness: ‘[01m[Kint[m[K’ and ‘[01m[Ksize_t[m[K’ {aka ‘[01m[Klong unsigned int[m[K’} [[01;35m[K-Wsign-compare[m[K]
[8.263s]    66 |     for(int path_index = 0; [01;35m[Kpath_index < glob_results.gl_pathc[m[K; path_index++)
[8.263s]       |                             [01;35m[K~~~~~~~~~~~^~~~~~~~~~~~~~~~~~~~~~~[m[K
[8.265s] [01m[K/home/wheeltec/wheeltec_ros2/src/depend/serial_ros2/src/impl/list_ports/list_ports_linux.cc:57:9:[m[K [01;35m[Kwarning: [m[Kvariable ‘[01m[Kglob_retval[m[K’ set but not used [[01;35m[K-Wunused-but-set-variable[m[K]
[8.265s]    57 |     int [01;35m[Kglob_retval[m[K = glob(patterns[0].c_str(), 0, NULL, &glob_results);
[8.266s]       |         [01;35m[K^~~~~~~~~~~[m[K
[8.283s] [01m[K/home/wheeltec/wheeltec_ros2/src/depend/serial_ros2/src/impl/list_ports/list_ports_linux.cc:[m[K In function ‘[01m[Kstd::string format(const char*, ...)[m[K’:
[8.284s] [01m[K/home/wheeltec/wheeltec_ros2/src/depend/serial_ros2/src/impl/list_ports/list_ports_linux.cc:246:31:[m[K [01;35m[Kwarning: [m[Kcomparison of integer expressions of different signedness: ‘[01m[Kint[m[K’ and ‘[01m[Ksize_t[m[K’ {aka ‘[01m[Klong unsigned int[m[K’} [[01;35m[K-Wsign-compare[m[K]
[8.285s]   246 |         else if( [01;35m[Kreturn_value >= buffer_size_bytes[m[K )
[8.285s]       |                  [01;35m[K~~~~~~~~~~~~~^~~~~~~~~~~~~~~~~~~~[m[K
[9.208s] [ 75%] [32mBuilding CXX object CMakeFiles/serial.dir/src/impl/unix.cc.o[0m
[11.204s] [100%] [32m[1mLinking CXX static library libserial.a[0m
[11.486s] [100%] Built target serial
[11.579s] Invoked command in '/home/wheeltec/wheeltec_ros2/build/serial' returned '0': CMAKE_PREFIX_PATH=/opt/ros/galactic /usr/bin/cmake --build /home/wheeltec/wheeltec_ros2/build/serial -- -j4 -l4
[12.049s] Invoking command in '/home/wheeltec/wheeltec_ros2/build/serial': CMAKE_PREFIX_PATH=/opt/ros/galactic /usr/bin/cmake --install /home/wheeltec/wheeltec_ros2/build/serial
[12.103s] -- Install configuration: ""
[12.105s] -- Installing: /home/wheeltec/wheeltec_ros2/install/serial/lib/libserial.a
[12.111s] -- Installing: /home/wheeltec/wheeltec_ros2/install/serial/share/serial/environment/library_path.sh
[12.113s] -- Installing: /home/wheeltec/wheeltec_ros2/install/serial/share/serial/environment/library_path.dsv
[12.114s] -- Installing: /home/wheeltec/wheeltec_ros2/install/serial/include/serial
[12.115s] -- Installing: /home/wheeltec/wheeltec_ros2/install/serial/include/serial/v8stdint.h
[12.117s] -- Installing: /home/wheeltec/wheeltec_ros2/install/serial/include/serial/impl
[12.118s] -- Installing: /home/wheeltec/wheeltec_ros2/install/serial/include/serial/impl/unix.h
[12.119s] -- Installing: /home/wheeltec/wheeltec_ros2/install/serial/include/serial/impl/win.h
[12.121s] -- Installing: /home/wheeltec/wheeltec_ros2/install/serial/include/serial/serial.h
[12.125s] -- Installing: /home/wheeltec/wheeltec_ros2/install/serial/share/ament_index/resource_index/package_run_dependencies/serial
[12.127s] -- Installing: /home/wheeltec/wheeltec_ros2/install/serial/share/ament_index/resource_index/parent_prefix_path/serial
[12.129s] -- Installing: /home/wheeltec/wheeltec_ros2/install/serial/share/serial/environment/ament_prefix_path.sh
[12.131s] -- Installing: /home/wheeltec/wheeltec_ros2/install/serial/share/serial/environment/ament_prefix_path.dsv
[12.132s] -- Installing: /home/wheeltec/wheeltec_ros2/install/serial/share/serial/environment/path.sh
[12.134s] -- Installing: /home/wheeltec/wheeltec_ros2/install/serial/share/serial/environment/path.dsv
[12.136s] -- Installing: /home/wheeltec/wheeltec_ros2/install/serial/share/serial/local_setup.bash
[12.137s] -- Installing: /home/wheeltec/wheeltec_ros2/install/serial/share/serial/local_setup.sh
[12.141s] -- Installing: /home/wheeltec/wheeltec_ros2/install/serial/share/serial/local_setup.zsh
[12.143s] -- Installing: /home/wheeltec/wheeltec_ros2/install/serial/share/serial/local_setup.dsv
[12.145s] -- Installing: /home/wheeltec/wheeltec_ros2/install/serial/share/serial/package.dsv
[12.147s] -- Installing: /home/wheeltec/wheeltec_ros2/install/serial/share/ament_index/resource_index/packages/serial
[12.149s] -- Installing: /home/wheeltec/wheeltec_ros2/install/serial/share/serial/cmake/ament_cmake_export_include_directories-extras.cmake
[12.153s] -- Installing: /home/wheeltec/wheeltec_ros2/install/serial/share/serial/cmake/ament_cmake_export_libraries-extras.cmake
[12.161s] -- Installing: /home/wheeltec/wheeltec_ros2/install/serial/share/serial/cmake/ament_cmake_export_dependencies-extras.cmake
[12.163s] -- Installing: /home/wheeltec/wheeltec_ros2/install/serial/share/serial/cmake/serialConfig.cmake
[12.164s] -- Installing: /home/wheeltec/wheeltec_ros2/install/serial/share/serial/cmake/serialConfig-version.cmake
[12.165s] -- Installing: /home/wheeltec/wheeltec_ros2/install/serial/share/serial/package.xml
[12.179s] Invoked command in '/home/wheeltec/wheeltec_ros2/build/serial' returned '0': CMAKE_PREFIX_PATH=/opt/ros/galactic /usr/bin/cmake --install /home/wheeltec/wheeltec_ros2/build/serial
