[0.162s] Invoking command in '/home/wheeltec/wheeltec_ros2/build/ackermann_msgs': CMAKE_PREFIX_PATH=${CMAKE_PREFIX_PATH}:/home/wheeltec/wheeltec_ros2/install/simple_follower_ros2:/home/wheeltec/wheeltec_ros2/install/wheeltec_robot_keyboard:/home/wheeltec/wheeltec_ros2/install/tf2_tools:/home/wheeltec/wheeltec_ros2/install/nav2_simple_commander:/home/wheeltec/wheeltec_ros2/install/nav2_gazebo_spawner:/opt/ros/galactic /usr/bin/cmake --build /home/wheeltec/wheeltec_ros2/build/ackermann_msgs -- -j4 -l4
[0.614s] [  2%] Built target ackermann_msgs__cpp
[0.697s] [ 12%] Built target ackermann_msgs__rosidl_generator_c
[0.935s] [ 23%] Built target ackermann_msgs__rosidl_typesupport_cpp
[0.956s] [ 33%] Built target ackermann_msgs__rosidl_typesupport_fastrtps_cpp
[1.017s] [ 43%] Built target ackermann_msgs__rosidl_typesupport_introspection_c
[1.027s] [ 53%] Built target ackermann_msgs__rosidl_typesupport_introspection_cpp
[1.217s] [ 64%] Built target ackermann_msgs__rosidl_typesupport_c
[1.265s] [ 74%] Built target ackermann_msgs__rosidl_typesupport_fastrtps_c
[1.439s] [ 74%] Built target ackermann_msgs
[1.594s] [ 76%] Built target ackermann_msgs__py
[1.789s] [ 84%] Built target ackermann_msgs__python
[2.021s] [ 89%] Built target ackermann_msgs__rosidl_typesupport_fastrtps_c__pyext
[2.059s] [ 94%] Built target ackermann_msgs__rosidl_typesupport_c__pyext
[2.103s] [100%] Built target ackermann_msgs__rosidl_typesupport_introspection_c__pyext
[2.182s] Invoked command in '/home/wheeltec/wheeltec_ros2/build/ackermann_msgs' returned '0': CMAKE_PREFIX_PATH=${CMAKE_PREFIX_PATH}:/home/wheeltec/wheeltec_ros2/install/simple_follower_ros2:/home/wheeltec/wheeltec_ros2/install/wheeltec_robot_keyboard:/home/wheeltec/wheeltec_ros2/install/tf2_tools:/home/wheeltec/wheeltec_ros2/install/nav2_simple_commander:/home/wheeltec/wheeltec_ros2/install/nav2_gazebo_spawner:/opt/ros/galactic /usr/bin/cmake --build /home/wheeltec/wheeltec_ros2/build/ackermann_msgs -- -j4 -l4
[2.861s] Invoking command in '/home/wheeltec/wheeltec_ros2/build/ackermann_msgs': CMAKE_PREFIX_PATH=${CMAKE_PREFIX_PATH}:/home/wheeltec/wheeltec_ros2/install/simple_follower_ros2:/home/wheeltec/wheeltec_ros2/install/wheeltec_robot_keyboard:/home/wheeltec/wheeltec_ros2/install/tf2_tools:/home/wheeltec/wheeltec_ros2/install/nav2_simple_commander:/home/wheeltec/wheeltec_ros2/install/nav2_gazebo_spawner:/opt/ros/galactic /usr/bin/cmake --install /home/wheeltec/wheeltec_ros2/build/ackermann_msgs
[2.921s] -- Install configuration: ""
[2.924s] -- Execute custom install script
[2.926s] -- Up-to-date symlink: /home/wheeltec/wheeltec_ros2/install/ackermann_msgs/share/ament_index/resource_index/rosidl_interfaces/ackermann_msgs
[2.931s] -- Up-to-date symlink: /home/wheeltec/wheeltec_ros2/install/ackermann_msgs/include/ackermann_msgs/msg/ackermann_drive.h
[2.932s] -- Up-to-date symlink: /home/wheeltec/wheeltec_ros2/install/ackermann_msgs/include/ackermann_msgs/msg/ackermann_drive_stamped.h
[2.934s] -- Up-to-date symlink: /home/wheeltec/wheeltec_ros2/install/ackermann_msgs/include/ackermann_msgs/msg/detail/ackermann_drive__functions.h
[2.936s] -- Up-to-date symlink: /home/wheeltec/wheeltec_ros2/install/ackermann_msgs/include/ackermann_msgs/msg/detail/ackermann_drive__struct.h
[2.937s] -- Up-to-date symlink: /home/wheeltec/wheeltec_ros2/install/ackermann_msgs/include/ackermann_msgs/msg/detail/ackermann_drive__type_support.h
[2.940s] -- Up-to-date symlink: /home/wheeltec/wheeltec_ros2/install/ackermann_msgs/include/ackermann_msgs/msg/detail/ackermann_drive_stamped__functions.h
[2.941s] -- Up-to-date symlink: /home/wheeltec/wheeltec_ros2/install/ackermann_msgs/include/ackermann_msgs/msg/detail/ackermann_drive_stamped__struct.h
[2.943s] -- Up-to-date symlink: /home/wheeltec/wheeltec_ros2/install/ackermann_msgs/include/ackermann_msgs/msg/detail/ackermann_drive_stamped__type_support.h
[2.944s] -- Up-to-date symlink: /home/wheeltec/wheeltec_ros2/install/ackermann_msgs/include/ackermann_msgs/msg/rosidl_generator_c__visibility_control.h
[2.946s] -- Up-to-date symlink: /home/wheeltec/wheeltec_ros2/install/ackermann_msgs/share/ackermann_msgs/environment/library_path.sh
[2.947s] -- Up-to-date symlink: /home/wheeltec/wheeltec_ros2/install/ackermann_msgs/share/ackermann_msgs/environment/library_path.dsv
[2.950s] -- Up-to-date symlink: /home/wheeltec/wheeltec_ros2/install/ackermann_msgs/include/ackermann_msgs/msg/detail/ackermann_drive__rosidl_typesupport_fastrtps_c.h
[2.951s] -- Up-to-date symlink: /home/wheeltec/wheeltec_ros2/install/ackermann_msgs/include/ackermann_msgs/msg/detail/ackermann_drive_stamped__rosidl_typesupport_fastrtps_c.h
[2.952s] -- Up-to-date symlink: /home/wheeltec/wheeltec_ros2/install/ackermann_msgs/include/ackermann_msgs/msg/rosidl_typesupport_fastrtps_c__visibility_control.h
[2.955s] -- Up-to-date symlink: /home/wheeltec/wheeltec_ros2/install/ackermann_msgs/lib/libackermann_msgs__rosidl_typesupport_fastrtps_c.so
[2.958s] -- Up-to-date symlink: /home/wheeltec/wheeltec_ros2/install/ackermann_msgs/include/ackermann_msgs/msg/detail/ackermann_drive__rosidl_typesupport_fastrtps_cpp.hpp
[2.959s] -- Up-to-date symlink: /home/wheeltec/wheeltec_ros2/install/ackermann_msgs/include/ackermann_msgs/msg/detail/ackermann_drive_stamped__rosidl_typesupport_fastrtps_cpp.hpp
[2.960s] -- Up-to-date symlink: /home/wheeltec/wheeltec_ros2/install/ackermann_msgs/include/ackermann_msgs/msg/rosidl_typesupport_fastrtps_cpp__visibility_control.h
[2.962s] -- Up-to-date symlink: /home/wheeltec/wheeltec_ros2/install/ackermann_msgs/lib/libackermann_msgs__rosidl_typesupport_fastrtps_cpp.so
[2.965s] -- Up-to-date symlink: /home/wheeltec/wheeltec_ros2/install/ackermann_msgs/include/ackermann_msgs/msg/detail/ackermann_drive__rosidl_typesupport_introspection_c.h
[2.966s] -- Up-to-date symlink: /home/wheeltec/wheeltec_ros2/install/ackermann_msgs/include/ackermann_msgs/msg/detail/ackermann_drive_stamped__rosidl_typesupport_introspection_c.h
[2.967s] -- Up-to-date symlink: /home/wheeltec/wheeltec_ros2/install/ackermann_msgs/include/ackermann_msgs/msg/rosidl_typesupport_introspection_c__visibility_control.h
[2.969s] -- Up-to-date symlink: /home/wheeltec/wheeltec_ros2/install/ackermann_msgs/include/ackermann_msgs/msg/ackermann_drive.hpp
[2.970s] -- Up-to-date symlink: /home/wheeltec/wheeltec_ros2/install/ackermann_msgs/include/ackermann_msgs/msg/ackermann_drive_stamped.hpp
[2.972s] -- Up-to-date symlink: /home/wheeltec/wheeltec_ros2/install/ackermann_msgs/include/ackermann_msgs/msg/detail/ackermann_drive__builder.hpp
[2.973s] -- Up-to-date symlink: /home/wheeltec/wheeltec_ros2/install/ackermann_msgs/include/ackermann_msgs/msg/detail/ackermann_drive__struct.hpp
[2.974s] -- Up-to-date symlink: /home/wheeltec/wheeltec_ros2/install/ackermann_msgs/include/ackermann_msgs/msg/detail/ackermann_drive__traits.hpp
[2.975s] -- Up-to-date symlink: /home/wheeltec/wheeltec_ros2/install/ackermann_msgs/include/ackermann_msgs/msg/detail/ackermann_drive_stamped__builder.hpp
[2.976s] -- Up-to-date symlink: /home/wheeltec/wheeltec_ros2/install/ackermann_msgs/include/ackermann_msgs/msg/detail/ackermann_drive_stamped__struct.hpp
[2.977s] -- Up-to-date symlink: /home/wheeltec/wheeltec_ros2/install/ackermann_msgs/include/ackermann_msgs/msg/detail/ackermann_drive_stamped__traits.hpp
[2.980s] -- Up-to-date symlink: /home/wheeltec/wheeltec_ros2/install/ackermann_msgs/include/ackermann_msgs/msg/detail/ackermann_drive__rosidl_typesupport_introspection_cpp.hpp
[2.980s] -- Up-to-date symlink: /home/wheeltec/wheeltec_ros2/install/ackermann_msgs/include/ackermann_msgs/msg/detail/ackermann_drive_stamped__rosidl_typesupport_introspection_cpp.hpp
[2.982s] -- Up-to-date symlink: /home/wheeltec/wheeltec_ros2/install/ackermann_msgs/share/ackermann_msgs/environment/pythonpath.sh
[2.986s] -- Up-to-date symlink: /home/wheeltec/wheeltec_ros2/install/ackermann_msgs/share/ackermann_msgs/environment/pythonpath.dsv
[2.990s] -- Up-to-date symlink: /home/wheeltec/wheeltec_ros2/install/ackermann_msgs/lib/python3.8/site-packages/ackermann_msgs/__init__.py
[2.993s] -- Up-to-date symlink: /home/wheeltec/wheeltec_ros2/install/ackermann_msgs/lib/python3.8/site-packages/ackermann_msgs/msg/__init__.py
[2.995s] -- Up-to-date symlink: /home/wheeltec/wheeltec_ros2/install/ackermann_msgs/lib/python3.8/site-packages/ackermann_msgs/msg/_ackermann_drive.py
[2.997s] -- Up-to-date symlink: /home/wheeltec/wheeltec_ros2/install/ackermann_msgs/lib/python3.8/site-packages/ackermann_msgs/msg/_ackermann_drive_stamped.py
[3.000s] -- Up-to-date symlink: /home/wheeltec/wheeltec_ros2/install/ackermann_msgs/lib/python3.8/site-packages/ackermann_msgs/ackermann_msgs_s__rosidl_typesupport_fastrtps_c.cpython-38-aarch64-linux-gnu.so
[3.004s] -- Up-to-date symlink: /home/wheeltec/wheeltec_ros2/install/ackermann_msgs/lib/python3.8/site-packages/ackermann_msgs/ackermann_msgs_s__rosidl_typesupport_introspection_c.cpython-38-aarch64-linux-gnu.so
[3.007s] -- Up-to-date symlink: /home/wheeltec/wheeltec_ros2/install/ackermann_msgs/lib/python3.8/site-packages/ackermann_msgs/ackermann_msgs_s__rosidl_typesupport_c.cpython-38-aarch64-linux-gnu.so
[3.010s] -- Up-to-date symlink: /home/wheeltec/wheeltec_ros2/install/ackermann_msgs/lib/libackermann_msgs__python.so
[3.013s] -- Up-to-date symlink: /home/wheeltec/wheeltec_ros2/install/ackermann_msgs/share/ackermann_msgs/msg/AckermannDrive.idl
[3.014s] -- Up-to-date symlink: /home/wheeltec/wheeltec_ros2/install/ackermann_msgs/share/ackermann_msgs/msg/AckermannDriveStamped.idl
[3.016s] -- Up-to-date symlink: /home/wheeltec/wheeltec_ros2/install/ackermann_msgs/share/ackermann_msgs/msg/AckermannDrive.msg
[3.019s] -- Up-to-date symlink: /home/wheeltec/wheeltec_ros2/install/ackermann_msgs/share/ackermann_msgs/msg/AckermannDriveStamped.msg
[3.021s] -- Up-to-date symlink: /home/wheeltec/wheeltec_ros2/install/ackermann_msgs/share/ament_index/resource_index/package_run_dependencies/ackermann_msgs
[3.024s] -- Up-to-date symlink: /home/wheeltec/wheeltec_ros2/install/ackermann_msgs/share/ament_index/resource_index/parent_prefix_path/ackermann_msgs
[3.026s] -- Up-to-date symlink: /home/wheeltec/wheeltec_ros2/install/ackermann_msgs/share/ackermann_msgs/environment/ament_prefix_path.sh
[3.027s] -- Up-to-date symlink: /home/wheeltec/wheeltec_ros2/install/ackermann_msgs/share/ackermann_msgs/environment/ament_prefix_path.dsv
[3.028s] -- Up-to-date symlink: /home/wheeltec/wheeltec_ros2/install/ackermann_msgs/share/ackermann_msgs/environment/path.sh
[3.031s] -- Up-to-date symlink: /home/wheeltec/wheeltec_ros2/install/ackermann_msgs/share/ackermann_msgs/environment/path.dsv
[3.033s] -- Up-to-date symlink: /home/wheeltec/wheeltec_ros2/install/ackermann_msgs/share/ackermann_msgs/local_setup.bash
[3.034s] -- Up-to-date symlink: /home/wheeltec/wheeltec_ros2/install/ackermann_msgs/share/ackermann_msgs/local_setup.sh
[3.035s] -- Up-to-date symlink: /home/wheeltec/wheeltec_ros2/install/ackermann_msgs/share/ackermann_msgs/local_setup.zsh
[3.037s] -- Up-to-date symlink: /home/wheeltec/wheeltec_ros2/install/ackermann_msgs/share/ackermann_msgs/local_setup.dsv
[3.038s] -- Symlinking: /home/wheeltec/wheeltec_ros2/install/ackermann_msgs/share/ackermann_msgs/package.dsv
[3.098s] -- Up-to-date symlink: /home/wheeltec/wheeltec_ros2/install/ackermann_msgs/share/ament_index/resource_index/packages/ackermann_msgs
[3.101s] -- Up-to-date symlink: /home/wheeltec/wheeltec_ros2/install/ackermann_msgs/share/ackermann_msgs/cmake/rosidl_cmake-extras.cmake
[3.105s] -- Up-to-date symlink: /home/wheeltec/wheeltec_ros2/install/ackermann_msgs/share/ackermann_msgs/cmake/ament_cmake_export_dependencies-extras.cmake
[3.106s] -- Up-to-date symlink: /home/wheeltec/wheeltec_ros2/install/ackermann_msgs/share/ackermann_msgs/cmake/ament_cmake_export_libraries-extras.cmake
[3.108s] -- Up-to-date symlink: /home/wheeltec/wheeltec_ros2/install/ackermann_msgs/share/ackermann_msgs/cmake/ament_cmake_export_targets-extras.cmake
[3.111s] -- Up-to-date symlink: /home/wheeltec/wheeltec_ros2/install/ackermann_msgs/share/ackermann_msgs/cmake/ament_cmake_export_include_directories-extras.cmake
[3.113s] -- Up-to-date symlink: /home/wheeltec/wheeltec_ros2/install/ackermann_msgs/share/ackermann_msgs/cmake/rosidl_cmake_export_typesupport_libraries-extras.cmake
[3.116s] -- Up-to-date symlink: /home/wheeltec/wheeltec_ros2/install/ackermann_msgs/share/ackermann_msgs/cmake/rosidl_cmake_export_typesupport_targets-extras.cmake
[3.119s] -- Up-to-date symlink: /home/wheeltec/wheeltec_ros2/install/ackermann_msgs/share/ackermann_msgs/cmake/ackermann_msgsConfig.cmake
[3.122s] -- Up-to-date symlink: /home/wheeltec/wheeltec_ros2/install/ackermann_msgs/share/ackermann_msgs/cmake/ackermann_msgsConfig-version.cmake
[3.152s] -- Up-to-date symlink: /home/wheeltec/wheeltec_ros2/install/ackermann_msgs/share/ackermann_msgs/package.xml
[3.153s] -- Up-to-date: /home/wheeltec/wheeltec_ros2/install/ackermann_msgs/lib/libackermann_msgs__rosidl_generator_c.so
[3.156s] -- Up-to-date: /home/wheeltec/wheeltec_ros2/install/ackermann_msgs/lib/libackermann_msgs__rosidl_typesupport_introspection_c.so
[3.157s] -- Up-to-date: /home/wheeltec/wheeltec_ros2/install/ackermann_msgs/lib/libackermann_msgs__rosidl_typesupport_c.so
[3.157s] -- Up-to-date: /home/wheeltec/wheeltec_ros2/install/ackermann_msgs/lib/libackermann_msgs__rosidl_typesupport_introspection_cpp.so
[3.158s] -- Up-to-date: /home/wheeltec/wheeltec_ros2/install/ackermann_msgs/lib/libackermann_msgs__rosidl_typesupport_cpp.so
[3.363s] -- Up-to-date: /home/wheeltec/wheeltec_ros2/install/ackermann_msgs/share/ackermann_msgs/cmake/ackermann_msgs__rosidl_generator_cExport.cmake
[3.365s] -- Up-to-date: /home/wheeltec/wheeltec_ros2/install/ackermann_msgs/share/ackermann_msgs/cmake/ackermann_msgs__rosidl_generator_cExport-noconfig.cmake
[3.366s] -- Up-to-date: /home/wheeltec/wheeltec_ros2/install/ackermann_msgs/share/ackermann_msgs/cmake/ackermann_msgs__rosidl_typesupport_introspection_cExport.cmake
[3.367s] -- Up-to-date: /home/wheeltec/wheeltec_ros2/install/ackermann_msgs/share/ackermann_msgs/cmake/ackermann_msgs__rosidl_typesupport_introspection_cExport-noconfig.cmake
[3.370s] -- Up-to-date: /home/wheeltec/wheeltec_ros2/install/ackermann_msgs/share/ackermann_msgs/cmake/ackermann_msgs__rosidl_typesupport_cExport.cmake
[3.371s] -- Up-to-date: /home/wheeltec/wheeltec_ros2/install/ackermann_msgs/share/ackermann_msgs/cmake/ackermann_msgs__rosidl_typesupport_cExport-noconfig.cmake
[3.372s] -- Up-to-date: /home/wheeltec/wheeltec_ros2/install/ackermann_msgs/share/ackermann_msgs/cmake/ackermann_msgs__rosidl_generator_cppExport.cmake
[3.374s] -- Up-to-date: /home/wheeltec/wheeltec_ros2/install/ackermann_msgs/share/ackermann_msgs/cmake/ackermann_msgs__rosidl_typesupport_introspection_cppExport.cmake
[3.376s] -- Up-to-date: /home/wheeltec/wheeltec_ros2/install/ackermann_msgs/share/ackermann_msgs/cmake/ackermann_msgs__rosidl_typesupport_introspection_cppExport-noconfig.cmake
[3.378s] -- Up-to-date: /home/wheeltec/wheeltec_ros2/install/ackermann_msgs/share/ackermann_msgs/cmake/ackermann_msgs__rosidl_typesupport_cppExport.cmake
[3.379s] -- Up-to-date: /home/wheeltec/wheeltec_ros2/install/ackermann_msgs/share/ackermann_msgs/cmake/ackermann_msgs__rosidl_typesupport_cppExport-noconfig.cmake
[3.389s] Invoked command in '/home/wheeltec/wheeltec_ros2/build/ackermann_msgs' returned '0': CMAKE_PREFIX_PATH=${CMAKE_PREFIX_PATH}:/home/wheeltec/wheeltec_ros2/install/simple_follower_ros2:/home/wheeltec/wheeltec_ros2/install/wheeltec_robot_keyboard:/home/wheeltec/wheeltec_ros2/install/tf2_tools:/home/wheeltec/wheeltec_ros2/install/nav2_simple_commander:/home/wheeltec/wheeltec_ros2/install/nav2_gazebo_spawner:/opt/ros/galactic /usr/bin/cmake --install /home/wheeltec/wheeltec_ros2/build/ackermann_msgs
