/home/wheeltec/.local/lib/python3.8/site-packages/setuptools/dist.py:771: UserWarning: Usage of dash-separated 'script-dir' will not be supported in future versions. Please use the underscore name 'script_dir' instead
  warnings.warn(
/home/wheeltec/.local/lib/python3.8/site-packages/setuptools/dist.py:771: UserWarning: Usage of dash-separated 'install-scripts' will not be supported in future versions. Please use the underscore name 'install_scripts' instead
  warnings.warn(
running egg_info
writing ../../build/simple_follower_ros2/simple_follower_ros2.egg-info/PKG-INFO
writing dependency_links to ../../build/simple_follower_ros2/simple_follower_ros2.egg-info/dependency_links.txt
writing entry points to ../../build/simple_follower_ros2/simple_follower_ros2.egg-info/entry_points.txt
writing requirements to ../../build/simple_follower_ros2/simple_follower_ros2.egg-info/requires.txt
writing top-level names to ../../build/simple_follower_ros2/simple_follower_ros2.egg-info/top_level.txt
reading manifest file '../../build/simple_follower_ros2/simple_follower_ros2.egg-info/SOURCES.txt'
writing manifest file '../../build/simple_follower_ros2/simple_follower_ros2.egg-info/SOURCES.txt'
running build
running build_py
copying simple_follower_ros2/laserTracker.py -> /home/wheeltec/wheeltec_ros2/build/simple_follower_ros2/build/lib/simple_follower_ros2
copying simple_follower_ros2/visualTracker.py -> /home/wheeltec/wheeltec_ros2/build/simple_follower_ros2/build/lib/simple_follower_ros2
copying simple_follower_ros2/visualFollower.py -> /home/wheeltec/wheeltec_ros2/build/simple_follower_ros2/build/lib/simple_follower_ros2
copying simple_follower_ros2/laserfollower.py -> /home/wheeltec/wheeltec_ros2/build/simple_follower_ros2/build/lib/simple_follower_ros2
copying simple_follower_ros2/__init__.py -> /home/wheeltec/wheeltec_ros2/build/simple_follower_ros2/build/lib/simple_follower_ros2
copying simple_follower_ros2/line_follow.py -> /home/wheeltec/wheeltec_ros2/build/simple_follower_ros2/build/lib/simple_follower_ros2
copying simple_follower_ros2/adjust_hsv.py -> /home/wheeltec/wheeltec_ros2/build/simple_follower_ros2/build/lib/simple_follower_ros2
running install
/home/wheeltec/.local/lib/python3.8/site-packages/setuptools/command/install.py:34: SetuptoolsDeprecationWarning: setup.py install is deprecated. Use build and pip and other standards-based tools.
  warnings.warn(
running install_lib
copying /home/wheeltec/wheeltec_ros2/build/simple_follower_ros2/build/lib/simple_follower_ros2/laserTracker.py -> /home/wheeltec/wheeltec_ros2/install/simple_follower_ros2/lib/python3.8/site-packages/simple_follower_ros2
copying /home/wheeltec/wheeltec_ros2/build/simple_follower_ros2/build/lib/simple_follower_ros2/visualTracker.py -> /home/wheeltec/wheeltec_ros2/install/simple_follower_ros2/lib/python3.8/site-packages/simple_follower_ros2
copying /home/wheeltec/wheeltec_ros2/build/simple_follower_ros2/build/lib/simple_follower_ros2/visualFollower.py -> /home/wheeltec/wheeltec_ros2/install/simple_follower_ros2/lib/python3.8/site-packages/simple_follower_ros2
copying /home/wheeltec/wheeltec_ros2/build/simple_follower_ros2/build/lib/simple_follower_ros2/laserfollower.py -> /home/wheeltec/wheeltec_ros2/install/simple_follower_ros2/lib/python3.8/site-packages/simple_follower_ros2
copying /home/wheeltec/wheeltec_ros2/build/simple_follower_ros2/build/lib/simple_follower_ros2/__init__.py -> /home/wheeltec/wheeltec_ros2/install/simple_follower_ros2/lib/python3.8/site-packages/simple_follower_ros2
copying /home/wheeltec/wheeltec_ros2/build/simple_follower_ros2/build/lib/simple_follower_ros2/line_follow.py -> /home/wheeltec/wheeltec_ros2/install/simple_follower_ros2/lib/python3.8/site-packages/simple_follower_ros2
copying /home/wheeltec/wheeltec_ros2/build/simple_follower_ros2/build/lib/simple_follower_ros2/adjust_hsv.py -> /home/wheeltec/wheeltec_ros2/install/simple_follower_ros2/lib/python3.8/site-packages/simple_follower_ros2
byte-compiling /home/wheeltec/wheeltec_ros2/install/simple_follower_ros2/lib/python3.8/site-packages/simple_follower_ros2/laserTracker.py to laserTracker.cpython-38.pyc
byte-compiling /home/wheeltec/wheeltec_ros2/install/simple_follower_ros2/lib/python3.8/site-packages/simple_follower_ros2/visualTracker.py to visualTracker.cpython-38.pyc
byte-compiling /home/wheeltec/wheeltec_ros2/install/simple_follower_ros2/lib/python3.8/site-packages/simple_follower_ros2/visualFollower.py to visualFollower.cpython-38.pyc
byte-compiling /home/wheeltec/wheeltec_ros2/install/simple_follower_ros2/lib/python3.8/site-packages/simple_follower_ros2/laserfollower.py to laserfollower.cpython-38.pyc
byte-compiling /home/wheeltec/wheeltec_ros2/install/simple_follower_ros2/lib/python3.8/site-packages/simple_follower_ros2/__init__.py to __init__.cpython-38.pyc
byte-compiling /home/wheeltec/wheeltec_ros2/install/simple_follower_ros2/lib/python3.8/site-packages/simple_follower_ros2/line_follow.py to line_follow.cpython-38.pyc
byte-compiling /home/wheeltec/wheeltec_ros2/install/simple_follower_ros2/lib/python3.8/site-packages/simple_follower_ros2/adjust_hsv.py to adjust_hsv.cpython-38.pyc
running install_data
copying resource/simple_follower_ros2 -> /home/wheeltec/wheeltec_ros2/install/simple_follower_ros2/share/ament_index/resource_index/packages
copying launch/line_follower.launch.py -> /home/wheeltec/wheeltec_ros2/install/simple_follower_ros2/share/simple_follower_ros2
copying launch/laser_follower.launch.py -> /home/wheeltec/wheeltec_ros2/install/simple_follower_ros2/share/simple_follower_ros2
copying launch/visual_follower.launch.py -> /home/wheeltec/wheeltec_ros2/install/simple_follower_ros2/share/simple_follower_ros2
copying launch/adjust_hsv.launch.py -> /home/wheeltec/wheeltec_ros2/install/simple_follower_ros2/share/simple_follower_ros2
copying package.xml -> /home/wheeltec/wheeltec_ros2/install/simple_follower_ros2/share/simple_follower_ros2
running install_egg_info
removing '/home/wheeltec/wheeltec_ros2/install/simple_follower_ros2/lib/python3.8/site-packages/simple_follower_ros2-0.0.0-py3.8.egg-info' (and everything under it)
Copying ../../build/simple_follower_ros2/simple_follower_ros2.egg-info to /home/wheeltec/wheeltec_ros2/install/simple_follower_ros2/lib/python3.8/site-packages/simple_follower_ros2-0.0.0-py3.8.egg-info
running install_scripts
Installing adjust_hsv script to /home/wheeltec/wheeltec_ros2/install/simple_follower_ros2/lib/simple_follower_ros2
Installing laserfollower script to /home/wheeltec/wheeltec_ros2/install/simple_follower_ros2/lib/simple_follower_ros2
Installing lasertracker script to /home/wheeltec/wheeltec_ros2/install/simple_follower_ros2/lib/simple_follower_ros2
Installing line_follow script to /home/wheeltec/wheeltec_ros2/install/simple_follower_ros2/lib/simple_follower_ros2
Installing visualfollow script to /home/wheeltec/wheeltec_ros2/install/simple_follower_ros2/lib/simple_follower_ros2
Installing visualtracker script to /home/wheeltec/wheeltec_ros2/install/simple_follower_ros2/lib/simple_follower_ros2
writing list of installed files to '/home/wheeltec/wheeltec_ros2/build/simple_follower_ros2/install.log'
