[0.287s] Invoking command in '/home/wheeltec/wheeltec_ros2/build/nav2_amcl': AMENT_PREFIX_PATH=/home/wheeltec/wheeltec_ros2/install/nav2_util:/home/wheeltec/wheeltec_ros2/install/nav2_msgs:/home/wheeltec/wheeltec_ros2/install/nav2_common:${AMENT_PREFIX_PATH} CMAKE_PREFIX_PATH=/home/wheeltec/wheeltec_ros2/install/nav2_util:/home/wheeltec/wheeltec_ros2/install/nav2_msgs:/home/wheeltec/wheeltec_ros2/install/nav2_common:/opt/ros/galactic LD_LIBRARY_PATH=/home/wheeltec/wheeltec_ros2/install/nav2_util/lib:/home/wheeltec/wheeltec_ros2/install/nav2_msgs/lib:${LD_LIBRARY_PATH} PYTHONPATH=/home/wheeltec/wheeltec_ros2/install/nav2_msgs/lib/python3.8/site-packages:/home/wheeltec/wheeltec_ros2/install/nav2_common/lib/python3.8/site-packages:${PYTHONPATH} /usr/bin/cmake --build /home/wheeltec/wheeltec_ros2/build/nav2_amcl -- -j4 -l4
[0.830s] [ 28%] Built target pf_lib
[0.860s] [ 48%] Built target map_lib
[1.026s] [ 68%] Built target sensors_lib
[1.042s] [ 84%] Built target motions_lib
[1.284s] [ 92%] Built target amcl_core
[1.548s] [100%] Built target amcl
[1.645s] Invoked command in '/home/wheeltec/wheeltec_ros2/build/nav2_amcl' returned '0': AMENT_PREFIX_PATH=/home/wheeltec/wheeltec_ros2/install/nav2_util:/home/wheeltec/wheeltec_ros2/install/nav2_msgs:/home/wheeltec/wheeltec_ros2/install/nav2_common:${AMENT_PREFIX_PATH} CMAKE_PREFIX_PATH=/home/wheeltec/wheeltec_ros2/install/nav2_util:/home/wheeltec/wheeltec_ros2/install/nav2_msgs:/home/wheeltec/wheeltec_ros2/install/nav2_common:/opt/ros/galactic LD_LIBRARY_PATH=/home/wheeltec/wheeltec_ros2/install/nav2_util/lib:/home/wheeltec/wheeltec_ros2/install/nav2_msgs/lib:${LD_LIBRARY_PATH} PYTHONPATH=/home/wheeltec/wheeltec_ros2/install/nav2_msgs/lib/python3.8/site-packages:/home/wheeltec/wheeltec_ros2/install/nav2_common/lib/python3.8/site-packages:${PYTHONPATH} /usr/bin/cmake --build /home/wheeltec/wheeltec_ros2/build/nav2_amcl -- -j4 -l4
[1.918s] Invoking command in '/home/wheeltec/wheeltec_ros2/build/nav2_amcl': AMENT_PREFIX_PATH=/home/wheeltec/wheeltec_ros2/install/nav2_util:/home/wheeltec/wheeltec_ros2/install/nav2_msgs:/home/wheeltec/wheeltec_ros2/install/nav2_common:${AMENT_PREFIX_PATH} CMAKE_PREFIX_PATH=/home/wheeltec/wheeltec_ros2/install/nav2_util:/home/wheeltec/wheeltec_ros2/install/nav2_msgs:/home/wheeltec/wheeltec_ros2/install/nav2_common:/opt/ros/galactic LD_LIBRARY_PATH=/home/wheeltec/wheeltec_ros2/install/nav2_util/lib:/home/wheeltec/wheeltec_ros2/install/nav2_msgs/lib:${LD_LIBRARY_PATH} PYTHONPATH=/home/wheeltec/wheeltec_ros2/install/nav2_msgs/lib/python3.8/site-packages:/home/wheeltec/wheeltec_ros2/install/nav2_common/lib/python3.8/site-packages:${PYTHONPATH} /usr/bin/cmake --install /home/wheeltec/wheeltec_ros2/build/nav2_amcl
[1.975s] -- Install configuration: "Release"
[1.976s] -- Up-to-date: /home/wheeltec/wheeltec_ros2/install/nav2_amcl/lib/libamcl_core.so
[1.977s] -- Up-to-date: /home/wheeltec/wheeltec_ros2/install/nav2_amcl/lib/nav2_amcl/amcl
[1.978s] -- Up-to-date: /home/wheeltec/wheeltec_ros2/install/nav2_amcl/include/
[1.978s] -- Up-to-date: /home/wheeltec/wheeltec_ros2/install/nav2_amcl/include//nav2_amcl
[1.979s] -- Up-to-date: /home/wheeltec/wheeltec_ros2/install/nav2_amcl/include//nav2_amcl/map
[1.979s] -- Up-to-date: /home/wheeltec/wheeltec_ros2/install/nav2_amcl/include//nav2_amcl/map/map.hpp
[1.980s] -- Up-to-date: /home/wheeltec/wheeltec_ros2/install/nav2_amcl/include//nav2_amcl/angleutils.hpp
[1.980s] -- Up-to-date: /home/wheeltec/wheeltec_ros2/install/nav2_amcl/include//nav2_amcl/motion_model
[1.981s] -- Up-to-date: /home/wheeltec/wheeltec_ros2/install/nav2_amcl/include//nav2_amcl/motion_model/motion_model.hpp
[1.982s] -- Up-to-date: /home/wheeltec/wheeltec_ros2/install/nav2_amcl/include//nav2_amcl/sensors
[1.982s] -- Up-to-date: /home/wheeltec/wheeltec_ros2/install/nav2_amcl/include//nav2_amcl/sensors/laser
[1.983s] -- Up-to-date: /home/wheeltec/wheeltec_ros2/install/nav2_amcl/include//nav2_amcl/sensors/laser/laser.hpp
[1.983s] -- Up-to-date: /home/wheeltec/wheeltec_ros2/install/nav2_amcl/include//nav2_amcl/amcl_node.hpp
[1.983s] -- Up-to-date: /home/wheeltec/wheeltec_ros2/install/nav2_amcl/include//nav2_amcl/pf
[1.984s] -- Up-to-date: /home/wheeltec/wheeltec_ros2/install/nav2_amcl/include//nav2_amcl/pf/pf_vector.hpp
[1.984s] -- Up-to-date: /home/wheeltec/wheeltec_ros2/install/nav2_amcl/include//nav2_amcl/pf/pf_pdf.hpp
[1.984s] -- Up-to-date: /home/wheeltec/wheeltec_ros2/install/nav2_amcl/include//nav2_amcl/pf/pf.hpp
[1.985s] -- Up-to-date: /home/wheeltec/wheeltec_ros2/install/nav2_amcl/include//nav2_amcl/pf/pf_kdtree.hpp
[1.985s] -- Up-to-date: /home/wheeltec/wheeltec_ros2/install/nav2_amcl/include//nav2_amcl/pf/eig3.hpp
[1.986s] -- Up-to-date: /home/wheeltec/wheeltec_ros2/install/nav2_amcl/share/nav2_amcl/environment/library_path.sh
[1.986s] -- Up-to-date: /home/wheeltec/wheeltec_ros2/install/nav2_amcl/share/nav2_amcl/environment/library_path.dsv
[1.987s] -- Up-to-date: /home/wheeltec/wheeltec_ros2/install/nav2_amcl/share/ament_index/resource_index/package_run_dependencies/nav2_amcl
[1.987s] -- Up-to-date: /home/wheeltec/wheeltec_ros2/install/nav2_amcl/share/ament_index/resource_index/parent_prefix_path/nav2_amcl
[1.987s] -- Up-to-date: /home/wheeltec/wheeltec_ros2/install/nav2_amcl/share/nav2_amcl/environment/ament_prefix_path.sh
[1.994s] -- Up-to-date: /home/wheeltec/wheeltec_ros2/install/nav2_amcl/share/nav2_amcl/environment/ament_prefix_path.dsv
[1.994s] -- Up-to-date: /home/wheeltec/wheeltec_ros2/install/nav2_amcl/share/nav2_amcl/environment/path.sh
[1.995s] -- Up-to-date: /home/wheeltec/wheeltec_ros2/install/nav2_amcl/share/nav2_amcl/environment/path.dsv
[1.995s] -- Up-to-date: /home/wheeltec/wheeltec_ros2/install/nav2_amcl/share/nav2_amcl/local_setup.bash
[1.996s] -- Up-to-date: /home/wheeltec/wheeltec_ros2/install/nav2_amcl/share/nav2_amcl/local_setup.sh
[1.996s] -- Up-to-date: /home/wheeltec/wheeltec_ros2/install/nav2_amcl/share/nav2_amcl/local_setup.zsh
[2.006s] -- Up-to-date: /home/wheeltec/wheeltec_ros2/install/nav2_amcl/share/nav2_amcl/local_setup.dsv
[2.006s] -- Installing: /home/wheeltec/wheeltec_ros2/install/nav2_amcl/share/nav2_amcl/package.dsv
[2.006s] -- Up-to-date: /home/wheeltec/wheeltec_ros2/install/nav2_amcl/share/ament_index/resource_index/packages/nav2_amcl
[2.007s] -- Up-to-date: /home/wheeltec/wheeltec_ros2/install/nav2_amcl/share/nav2_amcl/cmake/ament_cmake_export_include_directories-extras.cmake
[2.007s] -- Up-to-date: /home/wheeltec/wheeltec_ros2/install/nav2_amcl/share/nav2_amcl/cmake/ament_cmake_export_libraries-extras.cmake
[2.008s] -- Up-to-date: /home/wheeltec/wheeltec_ros2/install/nav2_amcl/share/nav2_amcl/cmake/ament_cmake_export_dependencies-extras.cmake
[2.008s] -- Up-to-date: /home/wheeltec/wheeltec_ros2/install/nav2_amcl/share/nav2_amcl/cmake/nav2_amclConfig.cmake
[2.008s] -- Up-to-date: /home/wheeltec/wheeltec_ros2/install/nav2_amcl/share/nav2_amcl/cmake/nav2_amclConfig-version.cmake
[2.009s] -- Up-to-date: /home/wheeltec/wheeltec_ros2/install/nav2_amcl/share/nav2_amcl/package.xml
[2.010s] -- Up-to-date: /home/wheeltec/wheeltec_ros2/install/nav2_amcl/lib/libpf_lib.so
[2.010s] -- Up-to-date: /home/wheeltec/wheeltec_ros2/install/nav2_amcl/lib/libmap_lib.so
[2.010s] -- Up-to-date: /home/wheeltec/wheeltec_ros2/install/nav2_amcl/lib/libmotions_lib.so
[2.011s] -- Up-to-date: /home/wheeltec/wheeltec_ros2/install/nav2_amcl/lib/libsensors_lib.so
[2.012s] Invoked command in '/home/wheeltec/wheeltec_ros2/build/nav2_amcl' returned '0': AMENT_PREFIX_PATH=/home/wheeltec/wheeltec_ros2/install/nav2_util:/home/wheeltec/wheeltec_ros2/install/nav2_msgs:/home/wheeltec/wheeltec_ros2/install/nav2_common:${AMENT_PREFIX_PATH} CMAKE_PREFIX_PATH=/home/wheeltec/wheeltec_ros2/install/nav2_util:/home/wheeltec/wheeltec_ros2/install/nav2_msgs:/home/wheeltec/wheeltec_ros2/install/nav2_common:/opt/ros/galactic LD_LIBRARY_PATH=/home/wheeltec/wheeltec_ros2/install/nav2_util/lib:/home/wheeltec/wheeltec_ros2/install/nav2_msgs/lib:${LD_LIBRARY_PATH} PYTHONPATH=/home/wheeltec/wheeltec_ros2/install/nav2_msgs/lib/python3.8/site-packages:/home/wheeltec/wheeltec_ros2/install/nav2_common/lib/python3.8/site-packages:${PYTHONPATH} /usr/bin/cmake --install /home/wheeltec/wheeltec_ros2/build/nav2_amcl
