-- Found ament_cmake: 1.1.6 (/opt/ros/galactic/share/ament_cmake/cmake)
-- Found PythonInterp: /usr/bin/python3 (found suitable version "3.8.10", minimum required is "3") 
-- Using PYTHON_EXECUTABLE: /usr/bin/python3
-- Found rosidl_default_generators: 1.1.1 (/opt/ros/galactic/share/rosidl_default_generators/cmake)
-- Using all available rosidl_typesupport_c: rosidl_typesupport_fastrtps_c;rosidl_typesupport_introspection_c
-- Found rosidl_adapter: 2.2.3 (/opt/ros/galactic/share/rosidl_adapter/cmake)
-- Using all available rosidl_typesupport_cpp: rosidl_typesupport_fastrtps_cpp;rosidl_typesupport_introspection_cpp
-- Found std_msgs: 2.2.4 (/opt/ros/galactic/share/std_msgs/cmake)
-- Found PythonInterp: /usr/bin/python3 (found version "3.8.10") 
-- Found ament_cmake_cppcheck: 0.10.7 (/opt/ros/galactic/share/ament_cmake_cppcheck/cmake)
-- Found ament_cmake_cpplint: 0.10.7 (/opt/ros/galactic/share/ament_cmake_cpplint/cmake)
-- Found ament_cmake_uncrustify: 0.10.7 (/opt/ros/galactic/share/ament_cmake_uncrustify/cmake)
-- Found ament_cmake_ros: 0.9.2 (/opt/ros/galactic/share/ament_cmake_ros/cmake)
-- Using all available rosidl_typesupport_c: rosidl_typesupport_fastrtps_c;rosidl_typesupport_introspection_c
-- Using all available rosidl_typesupport_cpp: rosidl_typesupport_fastrtps_cpp;rosidl_typesupport_introspection_cpp
-- Found PythonInterp: /usr/bin/python3 (found suitable version "3.8.10", minimum required is "3.5") 
-- Found python_cmake_module: 0.8.1 (/opt/ros/galactic/share/python_cmake_module/cmake)
-- Using PYTHON_EXECUTABLE: /usr/bin/python3
-- Using PYTHON_INCLUDE_DIRS: /usr/include/python3.8
-- Using PYTHON_LIBRARIES: /usr/lib/aarch64-linux-gnu/libpython3.8.so
-- Found ament_cmake_flake8: 0.10.7 (/opt/ros/galactic/share/ament_cmake_flake8/cmake)
-- Found ament_cmake_pep257: 0.10.7 (/opt/ros/galactic/share/ament_cmake_pep257/cmake)
-- Configuring done
-- Generating done
-- Build files have been written to: /home/wheeltec/wheeltec_ros2/build/wheeltec_robot_msg
[  3%] [34m[1mGenerating C code for ROS interfaces[0m
[  6%] [34m[1mGenerating C++ code for ROS interfaces[0m
[35m[1mScanning dependencies of target wheeltec_robot_msg__rosidl_generator_c[0m
[  9%] [32mBuilding C object CMakeFiles/wheeltec_robot_msg__rosidl_generator_c.dir/rosidl_generator_c/wheeltec_robot_msg/msg/detail/data__functions.c.o[0m
[  9%] Built target wheeltec_robot_msg__cpp
[ 12%] [34m[1mGenerating C++ type support for eProsima Fast-RTPS[0m
[ 16%] [34m[1mGenerating C++ introspection for ROS interfaces[0m
[ 19%] [34m[1mGenerating C++ type support dispatch for ROS interfaces[0m
[ 22%] [32m[1mLinking C shared library libwheeltec_robot_msg__rosidl_generator_c.so[0m
[ 22%] Built target wheeltec_robot_msg__rosidl_generator_c
[ 25%] [34m[1mGenerating C introspection for ROS interfaces[0m
[35m[1mScanning dependencies of target wheeltec_robot_msg__rosidl_typesupport_introspection_cpp[0m
[35m[1mScanning dependencies of target wheeltec_robot_msg__rosidl_typesupport_cpp[0m
[35m[1mScanning dependencies of target wheeltec_robot_msg__rosidl_typesupport_fastrtps_cpp[0m
[ 29%] [32mBuilding CXX object CMakeFiles/wheeltec_robot_msg__rosidl_typesupport_introspection_cpp.dir/rosidl_typesupport_introspection_cpp/wheeltec_robot_msg/msg/detail/data__type_support.cpp.o[0m
[ 32%] [32mBuilding CXX object CMakeFiles/wheeltec_robot_msg__rosidl_typesupport_cpp.dir/rosidl_typesupport_cpp/wheeltec_robot_msg/msg/data__type_support.cpp.o[0m
[ 35%] [32mBuilding CXX object CMakeFiles/wheeltec_robot_msg__rosidl_typesupport_fastrtps_cpp.dir/rosidl_typesupport_fastrtps_cpp/wheeltec_robot_msg/msg/detail/dds_fastrtps/data__type_support.cpp.o[0m
[35m[1mScanning dependencies of target wheeltec_robot_msg__rosidl_typesupport_introspection_c[0m
[ 38%] [32mBuilding C object CMakeFiles/wheeltec_robot_msg__rosidl_typesupport_introspection_c.dir/rosidl_typesupport_introspection_c/wheeltec_robot_msg/msg/detail/data__type_support.c.o[0m
[ 41%] [32m[1mLinking C shared library libwheeltec_robot_msg__rosidl_typesupport_introspection_c.so[0m
[ 41%] Built target wheeltec_robot_msg__rosidl_typesupport_introspection_c
[ 45%] [34m[1mGenerating C type support dispatch for ROS interfaces[0m
[ 48%] [32m[1mLinking CXX shared library libwheeltec_robot_msg__rosidl_typesupport_introspection_cpp.so[0m
[ 51%] [32m[1mLinking CXX shared library libwheeltec_robot_msg__rosidl_typesupport_cpp.so[0m
[ 51%] Built target wheeltec_robot_msg__rosidl_typesupport_introspection_cpp
[ 51%] Built target wheeltec_robot_msg__rosidl_typesupport_cpp
[35m[1mScanning dependencies of target wheeltec_robot_msg__rosidl_typesupport_c[0m
[ 54%] [32mBuilding CXX object CMakeFiles/wheeltec_robot_msg__rosidl_typesupport_c.dir/rosidl_typesupport_c/wheeltec_robot_msg/msg/data__type_support.cpp.o[0m
[ 58%] [32m[1mLinking CXX shared library libwheeltec_robot_msg__rosidl_typesupport_fastrtps_cpp.so[0m
[ 61%] [32m[1mLinking CXX shared library libwheeltec_robot_msg__rosidl_typesupport_c.so[0m
[ 61%] Built target wheeltec_robot_msg__rosidl_typesupport_c
[ 61%] Built target wheeltec_robot_msg__rosidl_typesupport_fastrtps_cpp
[ 64%] [34m[1mGenerating C type support for eProsima Fast-RTPS[0m
[35m[1mScanning dependencies of target wheeltec_robot_msg__rosidl_typesupport_fastrtps_c[0m
[ 67%] [32mBuilding CXX object CMakeFiles/wheeltec_robot_msg__rosidl_typesupport_fastrtps_c.dir/rosidl_typesupport_fastrtps_c/wheeltec_robot_msg/msg/detail/data__type_support_c.cpp.o[0m
[ 70%] [32m[1mLinking CXX shared library libwheeltec_robot_msg__rosidl_typesupport_fastrtps_c.so[0m
[ 70%] Built target wheeltec_robot_msg__rosidl_typesupport_fastrtps_c
[ 70%] Built target wheeltec_robot_msg
[ 74%] [34m[1mGenerating Python code for ROS interfaces[0m
[ 74%] Built target wheeltec_robot_msg__py
[35m[1mScanning dependencies of target wheeltec_robot_msg__python[0m
[ 77%] [32mBuilding C object CMakeFiles/wheeltec_robot_msg__python.dir/rosidl_generator_py/wheeltec_robot_msg/msg/_data_s.c.o[0m
[ 80%] [32m[1mLinking C shared library rosidl_generator_py/wheeltec_robot_msg/libwheeltec_robot_msg__python.so[0m
[ 80%] Built target wheeltec_robot_msg__python
[35m[1mScanning dependencies of target wheeltec_robot_msg__rosidl_typesupport_c__pyext[0m
[35m[1mScanning dependencies of target wheeltec_robot_msg__rosidl_typesupport_introspection_c__pyext[0m
[35m[1mScanning dependencies of target wheeltec_robot_msg__rosidl_typesupport_fastrtps_c__pyext[0m
[ 83%] [32mBuilding C object CMakeFiles/wheeltec_robot_msg__rosidl_typesupport_c__pyext.dir/rosidl_generator_py/wheeltec_robot_msg/_wheeltec_robot_msg_s.ep.rosidl_typesupport_c.c.o[0m
[ 87%] [32mBuilding C object CMakeFiles/wheeltec_robot_msg__rosidl_typesupport_introspection_c__pyext.dir/rosidl_generator_py/wheeltec_robot_msg/_wheeltec_robot_msg_s.ep.rosidl_typesupport_introspection_c.c.o[0m
[ 90%] [32mBuilding C object CMakeFiles/wheeltec_robot_msg__rosidl_typesupport_fastrtps_c__pyext.dir/rosidl_generator_py/wheeltec_robot_msg/_wheeltec_robot_msg_s.ep.rosidl_typesupport_fastrtps_c.c.o[0m
[ 93%] [32m[1mLinking C shared library rosidl_generator_py/wheeltec_robot_msg/wheeltec_robot_msg_s__rosidl_typesupport_introspection_c.cpython-38-aarch64-linux-gnu.so[0m
[ 96%] [32m[1mLinking C shared library rosidl_generator_py/wheeltec_robot_msg/wheeltec_robot_msg_s__rosidl_typesupport_c.cpython-38-aarch64-linux-gnu.so[0m
[100%] [32m[1mLinking CXX shared library rosidl_generator_py/wheeltec_robot_msg/wheeltec_robot_msg_s__rosidl_typesupport_fastrtps_c.cpython-38-aarch64-linux-gnu.so[0m
[100%] Built target wheeltec_robot_msg__rosidl_typesupport_introspection_c__pyext
[100%] Built target wheeltec_robot_msg__rosidl_typesupport_c__pyext
[100%] Built target wheeltec_robot_msg__rosidl_typesupport_fastrtps_c__pyext
-- Install configuration: ""
-- Up-to-date: /home/wheeltec/wheeltec_ros2/install/wheeltec_robot_msg/share/ament_index/resource_index/rosidl_interfaces/wheeltec_robot_msg
-- Up-to-date: /home/wheeltec/wheeltec_ros2/install/wheeltec_robot_msg/include/wheeltec_robot_msg
-- Up-to-date: /home/wheeltec/wheeltec_ros2/install/wheeltec_robot_msg/include/wheeltec_robot_msg/msg
-- Up-to-date: /home/wheeltec/wheeltec_ros2/install/wheeltec_robot_msg/include/wheeltec_robot_msg/msg/detail
-- Installing: /home/wheeltec/wheeltec_ros2/install/wheeltec_robot_msg/include/wheeltec_robot_msg/msg/detail/data__functions.c
-- Installing: /home/wheeltec/wheeltec_ros2/install/wheeltec_robot_msg/include/wheeltec_robot_msg/msg/detail/data__struct.h
-- Installing: /home/wheeltec/wheeltec_ros2/install/wheeltec_robot_msg/include/wheeltec_robot_msg/msg/detail/data__type_support.h
-- Installing: /home/wheeltec/wheeltec_ros2/install/wheeltec_robot_msg/include/wheeltec_robot_msg/msg/detail/data__functions.h
-- Installing: /home/wheeltec/wheeltec_ros2/install/wheeltec_robot_msg/include/wheeltec_robot_msg/msg/data.h
-- Up-to-date: /home/wheeltec/wheeltec_ros2/install/wheeltec_robot_msg/include/wheeltec_robot_msg/msg/rosidl_generator_c__visibility_control.h
-- Up-to-date: /home/wheeltec/wheeltec_ros2/install/wheeltec_robot_msg/share/wheeltec_robot_msg/environment/library_path.sh
-- Installing: /home/wheeltec/wheeltec_ros2/install/wheeltec_robot_msg/share/wheeltec_robot_msg/environment/library_path.dsv
-- Installing: /home/wheeltec/wheeltec_ros2/install/wheeltec_robot_msg/lib/libwheeltec_robot_msg__rosidl_generator_c.so
-- Set runtime path of "/home/wheeltec/wheeltec_ros2/install/wheeltec_robot_msg/lib/libwheeltec_robot_msg__rosidl_generator_c.so" to ""
-- Up-to-date: /home/wheeltec/wheeltec_ros2/install/wheeltec_robot_msg/include/wheeltec_robot_msg
-- Up-to-date: /home/wheeltec/wheeltec_ros2/install/wheeltec_robot_msg/include/wheeltec_robot_msg/msg
-- Up-to-date: /home/wheeltec/wheeltec_ros2/install/wheeltec_robot_msg/include/wheeltec_robot_msg/msg/detail
-- Installing: /home/wheeltec/wheeltec_ros2/install/wheeltec_robot_msg/include/wheeltec_robot_msg/msg/detail/data__rosidl_typesupport_fastrtps_c.h
-- Up-to-date: /home/wheeltec/wheeltec_ros2/install/wheeltec_robot_msg/include/wheeltec_robot_msg/msg/rosidl_typesupport_fastrtps_c__visibility_control.h
-- Installing: /home/wheeltec/wheeltec_ros2/install/wheeltec_robot_msg/lib/libwheeltec_robot_msg__rosidl_typesupport_fastrtps_c.so
-- Set runtime path of "/home/wheeltec/wheeltec_ros2/install/wheeltec_robot_msg/lib/libwheeltec_robot_msg__rosidl_typesupport_fastrtps_c.so" to ""
-- Up-to-date: /home/wheeltec/wheeltec_ros2/install/wheeltec_robot_msg/include/wheeltec_robot_msg
-- Up-to-date: /home/wheeltec/wheeltec_ros2/install/wheeltec_robot_msg/include/wheeltec_robot_msg/msg
-- Up-to-date: /home/wheeltec/wheeltec_ros2/install/wheeltec_robot_msg/include/wheeltec_robot_msg/msg/rosidl_typesupport_fastrtps_cpp__visibility_control.h
-- Up-to-date: /home/wheeltec/wheeltec_ros2/install/wheeltec_robot_msg/include/wheeltec_robot_msg/msg/detail
-- Installing: /home/wheeltec/wheeltec_ros2/install/wheeltec_robot_msg/include/wheeltec_robot_msg/msg/detail/data__rosidl_typesupport_fastrtps_cpp.hpp
-- Up-to-date: /home/wheeltec/wheeltec_ros2/install/wheeltec_robot_msg/include/wheeltec_robot_msg/msg/detail/dds_fastrtps
-- Installing: /home/wheeltec/wheeltec_ros2/install/wheeltec_robot_msg/lib/libwheeltec_robot_msg__rosidl_typesupport_fastrtps_cpp.so
-- Set runtime path of "/home/wheeltec/wheeltec_ros2/install/wheeltec_robot_msg/lib/libwheeltec_robot_msg__rosidl_typesupport_fastrtps_cpp.so" to ""
-- Up-to-date: /home/wheeltec/wheeltec_ros2/install/wheeltec_robot_msg/include/wheeltec_robot_msg
-- Up-to-date: /home/wheeltec/wheeltec_ros2/install/wheeltec_robot_msg/include/wheeltec_robot_msg/msg
-- Up-to-date: /home/wheeltec/wheeltec_ros2/install/wheeltec_robot_msg/include/wheeltec_robot_msg/msg/detail
-- Installing: /home/wheeltec/wheeltec_ros2/install/wheeltec_robot_msg/include/wheeltec_robot_msg/msg/detail/data__rosidl_typesupport_introspection_c.h
-- Installing: /home/wheeltec/wheeltec_ros2/install/wheeltec_robot_msg/include/wheeltec_robot_msg/msg/detail/data__type_support.c
-- Up-to-date: /home/wheeltec/wheeltec_ros2/install/wheeltec_robot_msg/include/wheeltec_robot_msg/msg/rosidl_typesupport_introspection_c__visibility_control.h
-- Installing: /home/wheeltec/wheeltec_ros2/install/wheeltec_robot_msg/lib/libwheeltec_robot_msg__rosidl_typesupport_introspection_c.so
-- Set runtime path of "/home/wheeltec/wheeltec_ros2/install/wheeltec_robot_msg/lib/libwheeltec_robot_msg__rosidl_typesupport_introspection_c.so" to ""
-- Installing: /home/wheeltec/wheeltec_ros2/install/wheeltec_robot_msg/lib/libwheeltec_robot_msg__rosidl_typesupport_c.so
-- Set runtime path of "/home/wheeltec/wheeltec_ros2/install/wheeltec_robot_msg/lib/libwheeltec_robot_msg__rosidl_typesupport_c.so" to ""
-- Up-to-date: /home/wheeltec/wheeltec_ros2/install/wheeltec_robot_msg/include/wheeltec_robot_msg
-- Up-to-date: /home/wheeltec/wheeltec_ros2/install/wheeltec_robot_msg/include/wheeltec_robot_msg/msg
-- Up-to-date: /home/wheeltec/wheeltec_ros2/install/wheeltec_robot_msg/include/wheeltec_robot_msg/msg/detail
-- Installing: /home/wheeltec/wheeltec_ros2/install/wheeltec_robot_msg/include/wheeltec_robot_msg/msg/detail/data__traits.hpp
-- Installing: /home/wheeltec/wheeltec_ros2/install/wheeltec_robot_msg/include/wheeltec_robot_msg/msg/detail/data__builder.hpp
-- Installing: /home/wheeltec/wheeltec_ros2/install/wheeltec_robot_msg/include/wheeltec_robot_msg/msg/detail/data__struct.hpp
-- Installing: /home/wheeltec/wheeltec_ros2/install/wheeltec_robot_msg/include/wheeltec_robot_msg/msg/data.hpp
-- Up-to-date: /home/wheeltec/wheeltec_ros2/install/wheeltec_robot_msg/include/wheeltec_robot_msg
-- Up-to-date: /home/wheeltec/wheeltec_ros2/install/wheeltec_robot_msg/include/wheeltec_robot_msg/msg
-- Up-to-date: /home/wheeltec/wheeltec_ros2/install/wheeltec_robot_msg/include/wheeltec_robot_msg/msg/detail
-- Installing: /home/wheeltec/wheeltec_ros2/install/wheeltec_robot_msg/include/wheeltec_robot_msg/msg/detail/data__rosidl_typesupport_introspection_cpp.hpp
-- Installing: /home/wheeltec/wheeltec_ros2/install/wheeltec_robot_msg/include/wheeltec_robot_msg/msg/detail/data__type_support.cpp
-- Installing: /home/wheeltec/wheeltec_ros2/install/wheeltec_robot_msg/lib/libwheeltec_robot_msg__rosidl_typesupport_introspection_cpp.so
-- Set runtime path of "/home/wheeltec/wheeltec_ros2/install/wheeltec_robot_msg/lib/libwheeltec_robot_msg__rosidl_typesupport_introspection_cpp.so" to ""
-- Installing: /home/wheeltec/wheeltec_ros2/install/wheeltec_robot_msg/lib/libwheeltec_robot_msg__rosidl_typesupport_cpp.so
-- Set runtime path of "/home/wheeltec/wheeltec_ros2/install/wheeltec_robot_msg/lib/libwheeltec_robot_msg__rosidl_typesupport_cpp.so" to ""
-- Up-to-date: /home/wheeltec/wheeltec_ros2/install/wheeltec_robot_msg/share/wheeltec_robot_msg/environment/pythonpath.sh
-- Installing: /home/wheeltec/wheeltec_ros2/install/wheeltec_robot_msg/share/wheeltec_robot_msg/environment/pythonpath.dsv
-- Installing: /home/wheeltec/wheeltec_ros2/install/wheeltec_robot_msg/lib/python3.8/site-packages/wheeltec_robot_msg/__init__.py
Compiling '/home/wheeltec/wheeltec_ros2/install/wheeltec_robot_msg/lib/python3.8/site-packages/wheeltec_robot_msg/__init__.py'...
-- Up-to-date: /home/wheeltec/wheeltec_ros2/install/wheeltec_robot_msg/lib/python3.8/site-packages/wheeltec_robot_msg/msg
-- Installing: /home/wheeltec/wheeltec_ros2/install/wheeltec_robot_msg/lib/python3.8/site-packages/wheeltec_robot_msg/msg/__init__.py
-- Installing: /home/wheeltec/wheeltec_ros2/install/wheeltec_robot_msg/lib/python3.8/site-packages/wheeltec_robot_msg/msg/_data_s.c
-- Installing: /home/wheeltec/wheeltec_ros2/install/wheeltec_robot_msg/lib/python3.8/site-packages/wheeltec_robot_msg/msg/_data.py
-- Installing: /home/wheeltec/wheeltec_ros2/install/wheeltec_robot_msg/lib/python3.8/site-packages/wheeltec_robot_msg/wheeltec_robot_msg_s__rosidl_typesupport_fastrtps_c.cpython-38-aarch64-linux-gnu.so
-- Set runtime path of "/home/wheeltec/wheeltec_ros2/install/wheeltec_robot_msg/lib/python3.8/site-packages/wheeltec_robot_msg/wheeltec_robot_msg_s__rosidl_typesupport_fastrtps_c.cpython-38-aarch64-linux-gnu.so" to ""
-- Installing: /home/wheeltec/wheeltec_ros2/install/wheeltec_robot_msg/lib/python3.8/site-packages/wheeltec_robot_msg/wheeltec_robot_msg_s__rosidl_typesupport_introspection_c.cpython-38-aarch64-linux-gnu.so
-- Set runtime path of "/home/wheeltec/wheeltec_ros2/install/wheeltec_robot_msg/lib/python3.8/site-packages/wheeltec_robot_msg/wheeltec_robot_msg_s__rosidl_typesupport_introspection_c.cpython-38-aarch64-linux-gnu.so" to ""
-- Installing: /home/wheeltec/wheeltec_ros2/install/wheeltec_robot_msg/lib/python3.8/site-packages/wheeltec_robot_msg/wheeltec_robot_msg_s__rosidl_typesupport_c.cpython-38-aarch64-linux-gnu.so
-- Set runtime path of "/home/wheeltec/wheeltec_ros2/install/wheeltec_robot_msg/lib/python3.8/site-packages/wheeltec_robot_msg/wheeltec_robot_msg_s__rosidl_typesupport_c.cpython-38-aarch64-linux-gnu.so" to ""
-- Installing: /home/wheeltec/wheeltec_ros2/install/wheeltec_robot_msg/lib/libwheeltec_robot_msg__python.so
-- Set runtime path of "/home/wheeltec/wheeltec_ros2/install/wheeltec_robot_msg/lib/libwheeltec_robot_msg__python.so" to ""
-- Up-to-date: /home/wheeltec/wheeltec_ros2/install/wheeltec_robot_msg/share/wheeltec_robot_msg/msg/Data.idl
-- Up-to-date: /home/wheeltec/wheeltec_ros2/install/wheeltec_robot_msg/share/wheeltec_robot_msg/msg/Data.msg
-- Up-to-date: /home/wheeltec/wheeltec_ros2/install/wheeltec_robot_msg/share/ament_index/resource_index/package_run_dependencies/wheeltec_robot_msg
-- Installing: /home/wheeltec/wheeltec_ros2/install/wheeltec_robot_msg/share/ament_index/resource_index/parent_prefix_path/wheeltec_robot_msg
-- Installing: /home/wheeltec/wheeltec_ros2/install/wheeltec_robot_msg/share/wheeltec_robot_msg/environment/ament_prefix_path.sh
-- Installing: /home/wheeltec/wheeltec_ros2/install/wheeltec_robot_msg/share/wheeltec_robot_msg/environment/ament_prefix_path.dsv
-- Installing: /home/wheeltec/wheeltec_ros2/install/wheeltec_robot_msg/share/wheeltec_robot_msg/environment/path.sh
-- Installing: /home/wheeltec/wheeltec_ros2/install/wheeltec_robot_msg/share/wheeltec_robot_msg/environment/path.dsv
-- Up-to-date: /home/wheeltec/wheeltec_ros2/install/wheeltec_robot_msg/share/wheeltec_robot_msg/local_setup.bash
-- Up-to-date: /home/wheeltec/wheeltec_ros2/install/wheeltec_robot_msg/share/wheeltec_robot_msg/local_setup.sh
-- Up-to-date: /home/wheeltec/wheeltec_ros2/install/wheeltec_robot_msg/share/wheeltec_robot_msg/local_setup.zsh
-- Installing: /home/wheeltec/wheeltec_ros2/install/wheeltec_robot_msg/share/wheeltec_robot_msg/local_setup.dsv
-- Installing: /home/wheeltec/wheeltec_ros2/install/wheeltec_robot_msg/share/wheeltec_robot_msg/package.dsv
-- Up-to-date: /home/wheeltec/wheeltec_ros2/install/wheeltec_robot_msg/share/ament_index/resource_index/packages/wheeltec_robot_msg
-- Up-to-date: /home/wheeltec/wheeltec_ros2/install/wheeltec_robot_msg/share/wheeltec_robot_msg/cmake/wheeltec_robot_msg__rosidl_generator_cExport.cmake
-- Installing: /home/wheeltec/wheeltec_ros2/install/wheeltec_robot_msg/share/wheeltec_robot_msg/cmake/wheeltec_robot_msg__rosidl_generator_cExport-noconfig.cmake
-- Up-to-date: /home/wheeltec/wheeltec_ros2/install/wheeltec_robot_msg/share/wheeltec_robot_msg/cmake/wheeltec_robot_msg__rosidl_typesupport_introspection_cExport.cmake
-- Installing: /home/wheeltec/wheeltec_ros2/install/wheeltec_robot_msg/share/wheeltec_robot_msg/cmake/wheeltec_robot_msg__rosidl_typesupport_introspection_cExport-noconfig.cmake
-- Up-to-date: /home/wheeltec/wheeltec_ros2/install/wheeltec_robot_msg/share/wheeltec_robot_msg/cmake/wheeltec_robot_msg__rosidl_typesupport_cExport.cmake
-- Installing: /home/wheeltec/wheeltec_ros2/install/wheeltec_robot_msg/share/wheeltec_robot_msg/cmake/wheeltec_robot_msg__rosidl_typesupport_cExport-noconfig.cmake
-- Up-to-date: /home/wheeltec/wheeltec_ros2/install/wheeltec_robot_msg/share/wheeltec_robot_msg/cmake/wheeltec_robot_msg__rosidl_generator_cppExport.cmake
-- Up-to-date: /home/wheeltec/wheeltec_ros2/install/wheeltec_robot_msg/share/wheeltec_robot_msg/cmake/wheeltec_robot_msg__rosidl_typesupport_introspection_cppExport.cmake
-- Installing: /home/wheeltec/wheeltec_ros2/install/wheeltec_robot_msg/share/wheeltec_robot_msg/cmake/wheeltec_robot_msg__rosidl_typesupport_introspection_cppExport-noconfig.cmake
-- Up-to-date: /home/wheeltec/wheeltec_ros2/install/wheeltec_robot_msg/share/wheeltec_robot_msg/cmake/wheeltec_robot_msg__rosidl_typesupport_cppExport.cmake
-- Installing: /home/wheeltec/wheeltec_ros2/install/wheeltec_robot_msg/share/wheeltec_robot_msg/cmake/wheeltec_robot_msg__rosidl_typesupport_cppExport-noconfig.cmake
-- Up-to-date: /home/wheeltec/wheeltec_ros2/install/wheeltec_robot_msg/share/wheeltec_robot_msg/cmake/rosidl_cmake-extras.cmake
-- Up-to-date: /home/wheeltec/wheeltec_ros2/install/wheeltec_robot_msg/share/wheeltec_robot_msg/cmake/ament_cmake_export_dependencies-extras.cmake
-- Up-to-date: /home/wheeltec/wheeltec_ros2/install/wheeltec_robot_msg/share/wheeltec_robot_msg/cmake/ament_cmake_export_libraries-extras.cmake
-- Installing: /home/wheeltec/wheeltec_ros2/install/wheeltec_robot_msg/share/wheeltec_robot_msg/cmake/ament_cmake_export_targets-extras.cmake
-- Up-to-date: /home/wheeltec/wheeltec_ros2/install/wheeltec_robot_msg/share/wheeltec_robot_msg/cmake/ament_cmake_export_include_directories-extras.cmake
-- Up-to-date: /home/wheeltec/wheeltec_ros2/install/wheeltec_robot_msg/share/wheeltec_robot_msg/cmake/rosidl_cmake_export_typesupport_libraries-extras.cmake
-- Up-to-date: /home/wheeltec/wheeltec_ros2/install/wheeltec_robot_msg/share/wheeltec_robot_msg/cmake/rosidl_cmake_export_typesupport_targets-extras.cmake
-- Up-to-date: /home/wheeltec/wheeltec_ros2/install/wheeltec_robot_msg/share/wheeltec_robot_msg/cmake/wheeltec_robot_msgConfig.cmake
-- Up-to-date: /home/wheeltec/wheeltec_ros2/install/wheeltec_robot_msg/share/wheeltec_robot_msg/cmake/wheeltec_robot_msgConfig-version.cmake
-- Up-to-date: /home/wheeltec/wheeltec_ros2/install/wheeltec_robot_msg/share/wheeltec_robot_msg/package.xml
