[ 12%] Built target astra_msgs__rosidl_generator_c
[ 12%] Built target astra_msgs__cpp
[ 24%] Built target astra_msgs__rosidl_typesupport_c
[ 36%] Built target astra_msgs__rosidl_typesupport_cpp
[ 48%] Built target astra_msgs__rosidl_typesupport_fastrtps_cpp
[ 61%] Built target astra_msgs__rosidl_typesupport_introspection_cpp
[ 73%] Built target astra_msgs__rosidl_typesupport_fastrtps_c
[ 86%] Built target astra_msgs__rosidl_typesupport_introspection_c
[ 86%] Built target astra_msgs
[ 86%] Built target astra_msgs__py
[ 98%] Built target astra_msgs__python
[ 99%] Built target astra_msgs__rosidl_typesupport_c__pyext
[100%] Built target astra_msgs__rosidl_typesupport_fastrtps_c__pyext
[100%] Built target astra_msgs__rosidl_typesupport_introspection_c__pyext
-- Install configuration: ""
-- Up-to-date: /home/wheeltec/wheeltec_ros2/install/astra_msgs/share/ament_index/resource_index/rosidl_interfaces/astra_msgs
-- Up-to-date: /home/wheeltec/wheeltec_ros2/install/astra_msgs/include/astra_msgs
-- Up-to-date: /home/wheeltec/wheeltec_ros2/install/astra_msgs/include/astra_msgs/msg
-- Up-to-date: /home/wheeltec/wheeltec_ros2/install/astra_msgs/include/astra_msgs/msg/rosidl_generator_c__visibility_control.h
-- Up-to-date: /home/wheeltec/wheeltec_ros2/install/astra_msgs/include/astra_msgs/srv
-- Up-to-date: /home/wheeltec/wheeltec_ros2/install/astra_msgs/include/astra_msgs/srv/set_auto_white_balance.h
-- Up-to-date: /home/wheeltec/wheeltec_ros2/install/astra_msgs/include/astra_msgs/srv/set_ae_enable.h
-- Up-to-date: /home/wheeltec/wheeltec_ros2/install/astra_msgs/include/astra_msgs/srv/reset_ir_gain.h
-- Up-to-date: /home/wheeltec/wheeltec_ros2/install/astra_msgs/include/astra_msgs/srv/get_uvc_gain.h
-- Up-to-date: /home/wheeltec/wheeltec_ros2/install/astra_msgs/include/astra_msgs/srv/get_uvc_white_balance.h
-- Up-to-date: /home/wheeltec/wheeltec_ros2/install/astra_msgs/include/astra_msgs/srv/set_mirror.h
-- Up-to-date: /home/wheeltec/wheeltec_ros2/install/astra_msgs/include/astra_msgs/srv/set_uvc_white_balance.h
-- Up-to-date: /home/wheeltec/wheeltec_ros2/install/astra_msgs/include/astra_msgs/srv/switch_ir_camera.h
-- Up-to-date: /home/wheeltec/wheeltec_ros2/install/astra_msgs/include/astra_msgs/srv/reset_ir_exposure.h
-- Up-to-date: /home/wheeltec/wheeltec_ros2/install/astra_msgs/include/astra_msgs/srv/set_uvc_gain.h
-- Up-to-date: /home/wheeltec/wheeltec_ros2/install/astra_msgs/include/astra_msgs/srv/get_serial.h
-- Up-to-date: /home/wheeltec/wheeltec_ros2/install/astra_msgs/include/astra_msgs/srv/set_auto_exposure.h
-- Up-to-date: /home/wheeltec/wheeltec_ros2/install/astra_msgs/include/astra_msgs/srv/get_uvc_exposure.h
-- Up-to-date: /home/wheeltec/wheeltec_ros2/install/astra_msgs/include/astra_msgs/srv/get_device_type.h
-- Up-to-date: /home/wheeltec/wheeltec_ros2/install/astra_msgs/include/astra_msgs/srv/set_ir_gain.h
-- Up-to-date: /home/wheeltec/wheeltec_ros2/install/astra_msgs/include/astra_msgs/srv/set_laser.h
-- Up-to-date: /home/wheeltec/wheeltec_ros2/install/astra_msgs/include/astra_msgs/srv/detail
-- Up-to-date: /home/wheeltec/wheeltec_ros2/install/astra_msgs/include/astra_msgs/srv/detail/set_mirror__functions.h
-- Up-to-date: /home/wheeltec/wheeltec_ros2/install/astra_msgs/include/astra_msgs/srv/detail/reset_ir_exposure__functions.c
-- Up-to-date: /home/wheeltec/wheeltec_ros2/install/astra_msgs/include/astra_msgs/srv/detail/set_fan__functions.h
-- Up-to-date: /home/wheeltec/wheeltec_ros2/install/astra_msgs/include/astra_msgs/srv/detail/set_ir_flood__functions.c
-- Up-to-date: /home/wheeltec/wheeltec_ros2/install/astra_msgs/include/astra_msgs/srv/detail/set_distortioncal__functions.h
-- Up-to-date: /home/wheeltec/wheeltec_ros2/install/astra_msgs/include/astra_msgs/srv/detail/set_uvc_white_balance__functions.c
-- Up-to-date: /home/wheeltec/wheeltec_ros2/install/astra_msgs/include/astra_msgs/srv/detail/reset_ir_gain__struct.h
-- Up-to-date: /home/wheeltec/wheeltec_ros2/install/astra_msgs/include/astra_msgs/srv/detail/get_camera_info__struct.h
-- Up-to-date: /home/wheeltec/wheeltec_ros2/install/astra_msgs/include/astra_msgs/srv/detail/get_uvc_exposure__struct.h
-- Up-to-date: /home/wheeltec/wheeltec_ros2/install/astra_msgs/include/astra_msgs/srv/detail/get_device_type__functions.h
-- Up-to-date: /home/wheeltec/wheeltec_ros2/install/astra_msgs/include/astra_msgs/srv/detail/set_ir_flood__functions.h
-- Up-to-date: /home/wheeltec/wheeltec_ros2/install/astra_msgs/include/astra_msgs/srv/detail/set_ir_exposure__functions.c
-- Up-to-date: /home/wheeltec/wheeltec_ros2/install/astra_msgs/include/astra_msgs/srv/detail/set_uvc_exposure__functions.h
-- Up-to-date: /home/wheeltec/wheeltec_ros2/install/astra_msgs/include/astra_msgs/srv/detail/set_mirror__type_support.h
-- Up-to-date: /home/wheeltec/wheeltec_ros2/install/astra_msgs/include/astra_msgs/srv/detail/set_ir_gain__type_support.h
-- Up-to-date: /home/wheeltec/wheeltec_ros2/install/astra_msgs/include/astra_msgs/srv/detail/get_version__functions.c
-- Up-to-date: /home/wheeltec/wheeltec_ros2/install/astra_msgs/include/astra_msgs/srv/detail/set_uvc_gain__functions.c
-- Up-to-date: /home/wheeltec/wheeltec_ros2/install/astra_msgs/include/astra_msgs/srv/detail/set_uvc_exposure__type_support.h
-- Up-to-date: /home/wheeltec/wheeltec_ros2/install/astra_msgs/include/astra_msgs/srv/detail/set_auto_exposure__functions.c
-- Up-to-date: /home/wheeltec/wheeltec_ros2/install/astra_msgs/include/astra_msgs/srv/detail/reset_ir_exposure__struct.h
-- Up-to-date: /home/wheeltec/wheeltec_ros2/install/astra_msgs/include/astra_msgs/srv/detail/set_uvc_exposure__struct.h
-- Up-to-date: /home/wheeltec/wheeltec_ros2/install/astra_msgs/include/astra_msgs/srv/detail/set_laser__struct.h
-- Up-to-date: /home/wheeltec/wheeltec_ros2/install/astra_msgs/include/astra_msgs/srv/detail/set_distortioncal__struct.h
-- Up-to-date: /home/wheeltec/wheeltec_ros2/install/astra_msgs/include/astra_msgs/srv/detail/get_device_type__struct.h
-- Up-to-date: /home/wheeltec/wheeltec_ros2/install/astra_msgs/include/astra_msgs/srv/detail/set_uvc_gain__struct.h
-- Up-to-date: /home/wheeltec/wheeltec_ros2/install/astra_msgs/include/astra_msgs/srv/detail/set_auto_white_balance__functions.c
-- Up-to-date: /home/wheeltec/wheeltec_ros2/install/astra_msgs/include/astra_msgs/srv/detail/get_uvc_white_balance__functions.c
-- Up-to-date: /home/wheeltec/wheeltec_ros2/install/astra_msgs/include/astra_msgs/srv/detail/get_version__type_support.h
-- Up-to-date: /home/wheeltec/wheeltec_ros2/install/astra_msgs/include/astra_msgs/srv/detail/set_fan__functions.c
-- Up-to-date: /home/wheeltec/wheeltec_ros2/install/astra_msgs/include/astra_msgs/srv/detail/reset_ir_exposure__functions.h
-- Up-to-date: /home/wheeltec/wheeltec_ros2/install/astra_msgs/include/astra_msgs/srv/detail/get_uvc_gain__functions.h
-- Up-to-date: /home/wheeltec/wheeltec_ros2/install/astra_msgs/include/astra_msgs/srv/detail/set_uvc_gain__type_support.h
-- Up-to-date: /home/wheeltec/wheeltec_ros2/install/astra_msgs/include/astra_msgs/srv/detail/get_ir_exposure__struct.h
-- Up-to-date: /home/wheeltec/wheeltec_ros2/install/astra_msgs/include/astra_msgs/srv/detail/set_ir_exposure__type_support.h
-- Up-to-date: /home/wheeltec/wheeltec_ros2/install/astra_msgs/include/astra_msgs/srv/detail/get_version__struct.h
-- Up-to-date: /home/wheeltec/wheeltec_ros2/install/astra_msgs/include/astra_msgs/srv/detail/set_uvc_white_balance__type_support.h
-- Up-to-date: /home/wheeltec/wheeltec_ros2/install/astra_msgs/include/astra_msgs/srv/detail/set_laser__functions.c
-- Up-to-date: /home/wheeltec/wheeltec_ros2/install/astra_msgs/include/astra_msgs/srv/detail/set_auto_white_balance__functions.h
-- Up-to-date: /home/wheeltec/wheeltec_ros2/install/astra_msgs/include/astra_msgs/srv/detail/get_ir_gain__struct.h
-- Up-to-date: /home/wheeltec/wheeltec_ros2/install/astra_msgs/include/astra_msgs/srv/detail/set_auto_exposure__struct.h
-- Up-to-date: /home/wheeltec/wheeltec_ros2/install/astra_msgs/include/astra_msgs/srv/detail/set_ir_exposure__functions.h
-- Up-to-date: /home/wheeltec/wheeltec_ros2/install/astra_msgs/include/astra_msgs/srv/detail/set_distortioncal__functions.c
-- Up-to-date: /home/wheeltec/wheeltec_ros2/install/astra_msgs/include/astra_msgs/srv/detail/get_uvc_white_balance__struct.h
-- Up-to-date: /home/wheeltec/wheeltec_ros2/install/astra_msgs/include/astra_msgs/srv/detail/set_uvc_exposure__functions.c
-- Up-to-date: /home/wheeltec/wheeltec_ros2/install/astra_msgs/include/astra_msgs/srv/detail/set_ldp__functions.h
-- Up-to-date: /home/wheeltec/wheeltec_ros2/install/astra_msgs/include/astra_msgs/srv/detail/get_camera_info__functions.c
-- Up-to-date: /home/wheeltec/wheeltec_ros2/install/astra_msgs/include/astra_msgs/srv/detail/get_ir_gain__functions.c
-- Up-to-date: /home/wheeltec/wheeltec_ros2/install/astra_msgs/include/astra_msgs/srv/detail/get_device_type__type_support.h
-- Up-to-date: /home/wheeltec/wheeltec_ros2/install/astra_msgs/include/astra_msgs/srv/detail/get_uvc_exposure__functions.c
-- Up-to-date: /home/wheeltec/wheeltec_ros2/install/astra_msgs/include/astra_msgs/srv/detail/set_ldp__functions.c
-- Up-to-date: /home/wheeltec/wheeltec_ros2/install/astra_msgs/include/astra_msgs/srv/detail/get_version__functions.h
-- Up-to-date: /home/wheeltec/wheeltec_ros2/install/astra_msgs/include/astra_msgs/srv/detail/set_ae_enable__functions.h
-- Up-to-date: /home/wheeltec/wheeltec_ros2/install/astra_msgs/include/astra_msgs/srv/detail/set_uvc_white_balance__struct.h
-- Up-to-date: /home/wheeltec/wheeltec_ros2/install/astra_msgs/include/astra_msgs/srv/detail/get_uvc_gain__struct.h
-- Up-to-date: /home/wheeltec/wheeltec_ros2/install/astra_msgs/include/astra_msgs/srv/detail/set_auto_exposure__functions.h
-- Up-to-date: /home/wheeltec/wheeltec_ros2/install/astra_msgs/include/astra_msgs/srv/detail/get_uvc_exposure__functions.h
-- Up-to-date: /home/wheeltec/wheeltec_ros2/install/astra_msgs/include/astra_msgs/srv/detail/set_ir_flood__struct.h
-- Up-to-date: /home/wheeltec/wheeltec_ros2/install/astra_msgs/include/astra_msgs/srv/detail/get_camera_info__functions.h
-- Up-to-date: /home/wheeltec/wheeltec_ros2/install/astra_msgs/include/astra_msgs/srv/detail/set_auto_white_balance__struct.h
-- Up-to-date: /home/wheeltec/wheeltec_ros2/install/astra_msgs/include/astra_msgs/srv/detail/set_laser__functions.h
-- Up-to-date: /home/wheeltec/wheeltec_ros2/install/astra_msgs/include/astra_msgs/srv/detail/reset_ir_gain__functions.c
-- Up-to-date: /home/wheeltec/wheeltec_ros2/install/astra_msgs/include/astra_msgs/srv/detail/switch_ir_camera__struct.h
-- Up-to-date: /home/wheeltec/wheeltec_ros2/install/astra_msgs/include/astra_msgs/srv/detail/get_device_type__functions.c
-- Up-to-date: /home/wheeltec/wheeltec_ros2/install/astra_msgs/include/astra_msgs/srv/detail/get_uvc_white_balance__functions.h
-- Up-to-date: /home/wheeltec/wheeltec_ros2/install/astra_msgs/include/astra_msgs/srv/detail/set_ir_gain__functions.c
-- Up-to-date: /home/wheeltec/wheeltec_ros2/install/astra_msgs/include/astra_msgs/srv/detail/reset_ir_gain__type_support.h
-- Up-to-date: /home/wheeltec/wheeltec_ros2/install/astra_msgs/include/astra_msgs/srv/detail/get_serial__type_support.h
-- Up-to-date: /home/wheeltec/wheeltec_ros2/install/astra_msgs/include/astra_msgs/srv/detail/set_ir_exposure__struct.h
-- Up-to-date: /home/wheeltec/wheeltec_ros2/install/astra_msgs/include/astra_msgs/srv/detail/set_ae_enable__type_support.h
-- Up-to-date: /home/wheeltec/wheeltec_ros2/install/astra_msgs/include/astra_msgs/srv/detail/get_uvc_gain__type_support.h
-- Up-to-date: /home/wheeltec/wheeltec_ros2/install/astra_msgs/include/astra_msgs/srv/detail/set_auto_white_balance__type_support.h
-- Up-to-date: /home/wheeltec/wheeltec_ros2/install/astra_msgs/include/astra_msgs/srv/detail/reset_ir_exposure__type_support.h
-- Up-to-date: /home/wheeltec/wheeltec_ros2/install/astra_msgs/include/astra_msgs/srv/detail/switch_ir_camera__functions.h
-- Up-to-date: /home/wheeltec/wheeltec_ros2/install/astra_msgs/include/astra_msgs/srv/detail/get_ir_exposure__type_support.h
-- Up-to-date: /home/wheeltec/wheeltec_ros2/install/astra_msgs/include/astra_msgs/srv/detail/set_ae_enable__struct.h
-- Up-to-date: /home/wheeltec/wheeltec_ros2/install/astra_msgs/include/astra_msgs/srv/detail/set_mirror__struct.h
-- Up-to-date: /home/wheeltec/wheeltec_ros2/install/astra_msgs/include/astra_msgs/srv/detail/set_fan__type_support.h
-- Up-to-date: /home/wheeltec/wheeltec_ros2/install/astra_msgs/include/astra_msgs/srv/detail/set_uvc_white_balance__functions.h
-- Up-to-date: /home/wheeltec/wheeltec_ros2/install/astra_msgs/include/astra_msgs/srv/detail/get_uvc_exposure__type_support.h
-- Up-to-date: /home/wheeltec/wheeltec_ros2/install/astra_msgs/include/astra_msgs/srv/detail/get_serial__struct.h
-- Up-to-date: /home/wheeltec/wheeltec_ros2/install/astra_msgs/include/astra_msgs/srv/detail/switch_ir_camera__type_support.h
-- Up-to-date: /home/wheeltec/wheeltec_ros2/install/astra_msgs/include/astra_msgs/srv/detail/set_ir_gain__struct.h
-- Up-to-date: /home/wheeltec/wheeltec_ros2/install/astra_msgs/include/astra_msgs/srv/detail/set_auto_exposure__type_support.h
-- Up-to-date: /home/wheeltec/wheeltec_ros2/install/astra_msgs/include/astra_msgs/srv/detail/switch_ir_camera__functions.c
-- Up-to-date: /home/wheeltec/wheeltec_ros2/install/astra_msgs/include/astra_msgs/srv/detail/set_fan__struct.h
-- Up-to-date: /home/wheeltec/wheeltec_ros2/install/astra_msgs/include/astra_msgs/srv/detail/set_mirror__functions.c
-- Up-to-date: /home/wheeltec/wheeltec_ros2/install/astra_msgs/include/astra_msgs/srv/detail/get_ir_gain__type_support.h
-- Up-to-date: /home/wheeltec/wheeltec_ros2/install/astra_msgs/include/astra_msgs/srv/detail/set_laser__type_support.h
-- Up-to-date: /home/wheeltec/wheeltec_ros2/install/astra_msgs/include/astra_msgs/srv/detail/get_uvc_white_balance__type_support.h
-- Up-to-date: /home/wheeltec/wheeltec_ros2/install/astra_msgs/include/astra_msgs/srv/detail/get_serial__functions.c
-- Up-to-date: /home/wheeltec/wheeltec_ros2/install/astra_msgs/include/astra_msgs/srv/detail/set_ir_flood__type_support.h
-- Up-to-date: /home/wheeltec/wheeltec_ros2/install/astra_msgs/include/astra_msgs/srv/detail/set_ldp__type_support.h
-- Up-to-date: /home/wheeltec/wheeltec_ros2/install/astra_msgs/include/astra_msgs/srv/detail/get_uvc_gain__functions.c
-- Up-to-date: /home/wheeltec/wheeltec_ros2/install/astra_msgs/include/astra_msgs/srv/detail/set_uvc_gain__functions.h
-- Up-to-date: /home/wheeltec/wheeltec_ros2/install/astra_msgs/include/astra_msgs/srv/detail/get_ir_gain__functions.h
-- Up-to-date: /home/wheeltec/wheeltec_ros2/install/astra_msgs/include/astra_msgs/srv/detail/set_ir_gain__functions.h
-- Up-to-date: /home/wheeltec/wheeltec_ros2/install/astra_msgs/include/astra_msgs/srv/detail/get_serial__functions.h
-- Up-to-date: /home/wheeltec/wheeltec_ros2/install/astra_msgs/include/astra_msgs/srv/detail/reset_ir_gain__functions.h
-- Up-to-date: /home/wheeltec/wheeltec_ros2/install/astra_msgs/include/astra_msgs/srv/detail/get_ir_exposure__functions.c
-- Up-to-date: /home/wheeltec/wheeltec_ros2/install/astra_msgs/include/astra_msgs/srv/detail/get_camera_info__type_support.h
-- Up-to-date: /home/wheeltec/wheeltec_ros2/install/astra_msgs/include/astra_msgs/srv/detail/set_distortioncal__type_support.h
-- Up-to-date: /home/wheeltec/wheeltec_ros2/install/astra_msgs/include/astra_msgs/srv/detail/set_ae_enable__functions.c
-- Up-to-date: /home/wheeltec/wheeltec_ros2/install/astra_msgs/include/astra_msgs/srv/detail/get_ir_exposure__functions.h
-- Up-to-date: /home/wheeltec/wheeltec_ros2/install/astra_msgs/include/astra_msgs/srv/detail/set_ldp__struct.h
-- Up-to-date: /home/wheeltec/wheeltec_ros2/install/astra_msgs/include/astra_msgs/srv/get_version.h
-- Up-to-date: /home/wheeltec/wheeltec_ros2/install/astra_msgs/include/astra_msgs/srv/set_fan.h
-- Up-to-date: /home/wheeltec/wheeltec_ros2/install/astra_msgs/include/astra_msgs/srv/get_camera_info.h
-- Up-to-date: /home/wheeltec/wheeltec_ros2/install/astra_msgs/include/astra_msgs/srv/set_ir_flood.h
-- Up-to-date: /home/wheeltec/wheeltec_ros2/install/astra_msgs/include/astra_msgs/srv/set_ir_exposure.h
-- Up-to-date: /home/wheeltec/wheeltec_ros2/install/astra_msgs/include/astra_msgs/srv/set_uvc_exposure.h
-- Up-to-date: /home/wheeltec/wheeltec_ros2/install/astra_msgs/include/astra_msgs/srv/get_ir_gain.h
-- Up-to-date: /home/wheeltec/wheeltec_ros2/install/astra_msgs/include/astra_msgs/srv/get_ir_exposure.h
-- Up-to-date: /home/wheeltec/wheeltec_ros2/install/astra_msgs/include/astra_msgs/srv/set_ldp.h
-- Up-to-date: /home/wheeltec/wheeltec_ros2/install/astra_msgs/include/astra_msgs/srv/set_distortioncal.h
-- Up-to-date: /home/wheeltec/wheeltec_ros2/install/astra_msgs/share/astra_msgs/environment/library_path.sh
-- Up-to-date: /home/wheeltec/wheeltec_ros2/install/astra_msgs/share/astra_msgs/environment/library_path.dsv
-- Up-to-date: /home/wheeltec/wheeltec_ros2/install/astra_msgs/lib/libastra_msgs__rosidl_generator_c.so
-- Up-to-date: /home/wheeltec/wheeltec_ros2/install/astra_msgs/include/astra_msgs
-- Up-to-date: /home/wheeltec/wheeltec_ros2/install/astra_msgs/include/astra_msgs/msg
-- Up-to-date: /home/wheeltec/wheeltec_ros2/install/astra_msgs/include/astra_msgs/msg/rosidl_typesupport_fastrtps_c__visibility_control.h
-- Up-to-date: /home/wheeltec/wheeltec_ros2/install/astra_msgs/include/astra_msgs/srv
-- Up-to-date: /home/wheeltec/wheeltec_ros2/install/astra_msgs/include/astra_msgs/srv/detail
-- Up-to-date: /home/wheeltec/wheeltec_ros2/install/astra_msgs/include/astra_msgs/srv/detail/set_ir_flood__rosidl_typesupport_fastrtps_c.h
-- Up-to-date: /home/wheeltec/wheeltec_ros2/install/astra_msgs/include/astra_msgs/srv/detail/set_distortioncal__rosidl_typesupport_fastrtps_c.h
-- Up-to-date: /home/wheeltec/wheeltec_ros2/install/astra_msgs/include/astra_msgs/srv/detail/set_auto_exposure__rosidl_typesupport_fastrtps_c.h
-- Up-to-date: /home/wheeltec/wheeltec_ros2/install/astra_msgs/include/astra_msgs/srv/detail/reset_ir_gain__rosidl_typesupport_fastrtps_c.h
-- Up-to-date: /home/wheeltec/wheeltec_ros2/install/astra_msgs/include/astra_msgs/srv/detail/get_uvc_gain__rosidl_typesupport_fastrtps_c.h
-- Up-to-date: /home/wheeltec/wheeltec_ros2/install/astra_msgs/include/astra_msgs/srv/detail/set_ir_gain__rosidl_typesupport_fastrtps_c.h
-- Up-to-date: /home/wheeltec/wheeltec_ros2/install/astra_msgs/include/astra_msgs/srv/detail/get_ir_gain__rosidl_typesupport_fastrtps_c.h
-- Up-to-date: /home/wheeltec/wheeltec_ros2/install/astra_msgs/include/astra_msgs/srv/detail/get_device_type__rosidl_typesupport_fastrtps_c.h
-- Up-to-date: /home/wheeltec/wheeltec_ros2/install/astra_msgs/include/astra_msgs/srv/detail/get_version__rosidl_typesupport_fastrtps_c.h
-- Up-to-date: /home/wheeltec/wheeltec_ros2/install/astra_msgs/include/astra_msgs/srv/detail/set_ldp__rosidl_typesupport_fastrtps_c.h
-- Up-to-date: /home/wheeltec/wheeltec_ros2/install/astra_msgs/include/astra_msgs/srv/detail/set_laser__rosidl_typesupport_fastrtps_c.h
-- Up-to-date: /home/wheeltec/wheeltec_ros2/install/astra_msgs/include/astra_msgs/srv/detail/set_auto_white_balance__rosidl_typesupport_fastrtps_c.h
-- Up-to-date: /home/wheeltec/wheeltec_ros2/install/astra_msgs/include/astra_msgs/srv/detail/set_mirror__rosidl_typesupport_fastrtps_c.h
-- Up-to-date: /home/wheeltec/wheeltec_ros2/install/astra_msgs/include/astra_msgs/srv/detail/switch_ir_camera__rosidl_typesupport_fastrtps_c.h
-- Up-to-date: /home/wheeltec/wheeltec_ros2/install/astra_msgs/include/astra_msgs/srv/detail/get_serial__rosidl_typesupport_fastrtps_c.h
-- Up-to-date: /home/wheeltec/wheeltec_ros2/install/astra_msgs/include/astra_msgs/srv/detail/get_camera_info__rosidl_typesupport_fastrtps_c.h
-- Up-to-date: /home/wheeltec/wheeltec_ros2/install/astra_msgs/include/astra_msgs/srv/detail/set_uvc_exposure__rosidl_typesupport_fastrtps_c.h
-- Up-to-date: /home/wheeltec/wheeltec_ros2/install/astra_msgs/include/astra_msgs/srv/detail/get_ir_exposure__rosidl_typesupport_fastrtps_c.h
-- Up-to-date: /home/wheeltec/wheeltec_ros2/install/astra_msgs/include/astra_msgs/srv/detail/get_uvc_white_balance__rosidl_typesupport_fastrtps_c.h
-- Up-to-date: /home/wheeltec/wheeltec_ros2/install/astra_msgs/include/astra_msgs/srv/detail/reset_ir_exposure__rosidl_typesupport_fastrtps_c.h
-- Up-to-date: /home/wheeltec/wheeltec_ros2/install/astra_msgs/include/astra_msgs/srv/detail/set_uvc_gain__rosidl_typesupport_fastrtps_c.h
-- Up-to-date: /home/wheeltec/wheeltec_ros2/install/astra_msgs/include/astra_msgs/srv/detail/set_ir_exposure__rosidl_typesupport_fastrtps_c.h
-- Up-to-date: /home/wheeltec/wheeltec_ros2/install/astra_msgs/include/astra_msgs/srv/detail/set_fan__rosidl_typesupport_fastrtps_c.h
-- Up-to-date: /home/wheeltec/wheeltec_ros2/install/astra_msgs/include/astra_msgs/srv/detail/set_ae_enable__rosidl_typesupport_fastrtps_c.h
-- Up-to-date: /home/wheeltec/wheeltec_ros2/install/astra_msgs/include/astra_msgs/srv/detail/set_uvc_white_balance__rosidl_typesupport_fastrtps_c.h
-- Up-to-date: /home/wheeltec/wheeltec_ros2/install/astra_msgs/include/astra_msgs/srv/detail/get_uvc_exposure__rosidl_typesupport_fastrtps_c.h
-- Up-to-date: /home/wheeltec/wheeltec_ros2/install/astra_msgs/lib/libastra_msgs__rosidl_typesupport_fastrtps_c.so
-- Up-to-date: /home/wheeltec/wheeltec_ros2/install/astra_msgs/include/astra_msgs
-- Up-to-date: /home/wheeltec/wheeltec_ros2/install/astra_msgs/include/astra_msgs/msg
-- Up-to-date: /home/wheeltec/wheeltec_ros2/install/astra_msgs/include/astra_msgs/msg/rosidl_typesupport_fastrtps_cpp__visibility_control.h
-- Up-to-date: /home/wheeltec/wheeltec_ros2/install/astra_msgs/include/astra_msgs/srv
-- Up-to-date: /home/wheeltec/wheeltec_ros2/install/astra_msgs/include/astra_msgs/srv/detail
-- Up-to-date: /home/wheeltec/wheeltec_ros2/install/astra_msgs/include/astra_msgs/srv/detail/dds_fastrtps
-- Up-to-date: /home/wheeltec/wheeltec_ros2/install/astra_msgs/include/astra_msgs/srv/detail/set_ldp__rosidl_typesupport_fastrtps_cpp.hpp
-- Up-to-date: /home/wheeltec/wheeltec_ros2/install/astra_msgs/include/astra_msgs/srv/detail/get_ir_exposure__rosidl_typesupport_fastrtps_cpp.hpp
-- Up-to-date: /home/wheeltec/wheeltec_ros2/install/astra_msgs/include/astra_msgs/srv/detail/set_uvc_exposure__rosidl_typesupport_fastrtps_cpp.hpp
-- Up-to-date: /home/wheeltec/wheeltec_ros2/install/astra_msgs/include/astra_msgs/srv/detail/get_serial__rosidl_typesupport_fastrtps_cpp.hpp
-- Up-to-date: /home/wheeltec/wheeltec_ros2/install/astra_msgs/include/astra_msgs/srv/detail/get_uvc_gain__rosidl_typesupport_fastrtps_cpp.hpp
-- Up-to-date: /home/wheeltec/wheeltec_ros2/install/astra_msgs/include/astra_msgs/srv/detail/get_uvc_exposure__rosidl_typesupport_fastrtps_cpp.hpp
-- Up-to-date: /home/wheeltec/wheeltec_ros2/install/astra_msgs/include/astra_msgs/srv/detail/set_fan__rosidl_typesupport_fastrtps_cpp.hpp
-- Up-to-date: /home/wheeltec/wheeltec_ros2/install/astra_msgs/include/astra_msgs/srv/detail/get_version__rosidl_typesupport_fastrtps_cpp.hpp
-- Up-to-date: /home/wheeltec/wheeltec_ros2/install/astra_msgs/include/astra_msgs/srv/detail/set_uvc_white_balance__rosidl_typesupport_fastrtps_cpp.hpp
-- Up-to-date: /home/wheeltec/wheeltec_ros2/install/astra_msgs/include/astra_msgs/srv/detail/reset_ir_exposure__rosidl_typesupport_fastrtps_cpp.hpp
-- Up-to-date: /home/wheeltec/wheeltec_ros2/install/astra_msgs/include/astra_msgs/srv/detail/set_ir_gain__rosidl_typesupport_fastrtps_cpp.hpp
-- Up-to-date: /home/wheeltec/wheeltec_ros2/install/astra_msgs/include/astra_msgs/srv/detail/set_mirror__rosidl_typesupport_fastrtps_cpp.hpp
-- Up-to-date: /home/wheeltec/wheeltec_ros2/install/astra_msgs/include/astra_msgs/srv/detail/set_laser__rosidl_typesupport_fastrtps_cpp.hpp
-- Up-to-date: /home/wheeltec/wheeltec_ros2/install/astra_msgs/include/astra_msgs/srv/detail/set_auto_exposure__rosidl_typesupport_fastrtps_cpp.hpp
-- Up-to-date: /home/wheeltec/wheeltec_ros2/install/astra_msgs/include/astra_msgs/srv/detail/set_ae_enable__rosidl_typesupport_fastrtps_cpp.hpp
-- Up-to-date: /home/wheeltec/wheeltec_ros2/install/astra_msgs/include/astra_msgs/srv/detail/set_auto_white_balance__rosidl_typesupport_fastrtps_cpp.hpp
-- Up-to-date: /home/wheeltec/wheeltec_ros2/install/astra_msgs/include/astra_msgs/srv/detail/get_uvc_white_balance__rosidl_typesupport_fastrtps_cpp.hpp
-- Up-to-date: /home/wheeltec/wheeltec_ros2/install/astra_msgs/include/astra_msgs/srv/detail/switch_ir_camera__rosidl_typesupport_fastrtps_cpp.hpp
-- Up-to-date: /home/wheeltec/wheeltec_ros2/install/astra_msgs/include/astra_msgs/srv/detail/reset_ir_gain__rosidl_typesupport_fastrtps_cpp.hpp
-- Up-to-date: /home/wheeltec/wheeltec_ros2/install/astra_msgs/include/astra_msgs/srv/detail/get_device_type__rosidl_typesupport_fastrtps_cpp.hpp
-- Up-to-date: /home/wheeltec/wheeltec_ros2/install/astra_msgs/include/astra_msgs/srv/detail/set_distortioncal__rosidl_typesupport_fastrtps_cpp.hpp
-- Up-to-date: /home/wheeltec/wheeltec_ros2/install/astra_msgs/include/astra_msgs/srv/detail/set_uvc_gain__rosidl_typesupport_fastrtps_cpp.hpp
-- Up-to-date: /home/wheeltec/wheeltec_ros2/install/astra_msgs/include/astra_msgs/srv/detail/set_ir_flood__rosidl_typesupport_fastrtps_cpp.hpp
-- Up-to-date: /home/wheeltec/wheeltec_ros2/install/astra_msgs/include/astra_msgs/srv/detail/set_ir_exposure__rosidl_typesupport_fastrtps_cpp.hpp
-- Up-to-date: /home/wheeltec/wheeltec_ros2/install/astra_msgs/include/astra_msgs/srv/detail/get_camera_info__rosidl_typesupport_fastrtps_cpp.hpp
-- Up-to-date: /home/wheeltec/wheeltec_ros2/install/astra_msgs/include/astra_msgs/srv/detail/get_ir_gain__rosidl_typesupport_fastrtps_cpp.hpp
-- Up-to-date: /home/wheeltec/wheeltec_ros2/install/astra_msgs/lib/libastra_msgs__rosidl_typesupport_fastrtps_cpp.so
-- Up-to-date: /home/wheeltec/wheeltec_ros2/install/astra_msgs/include/astra_msgs
-- Up-to-date: /home/wheeltec/wheeltec_ros2/install/astra_msgs/include/astra_msgs/msg
-- Up-to-date: /home/wheeltec/wheeltec_ros2/install/astra_msgs/include/astra_msgs/msg/rosidl_typesupport_introspection_c__visibility_control.h
-- Up-to-date: /home/wheeltec/wheeltec_ros2/install/astra_msgs/include/astra_msgs/srv
-- Up-to-date: /home/wheeltec/wheeltec_ros2/install/astra_msgs/include/astra_msgs/srv/detail
-- Up-to-date: /home/wheeltec/wheeltec_ros2/install/astra_msgs/include/astra_msgs/srv/detail/set_uvc_white_balance__type_support.c
-- Up-to-date: /home/wheeltec/wheeltec_ros2/install/astra_msgs/include/astra_msgs/srv/detail/set_laser__rosidl_typesupport_introspection_c.h
-- Up-to-date: /home/wheeltec/wheeltec_ros2/install/astra_msgs/include/astra_msgs/srv/detail/set_ir_exposure__rosidl_typesupport_introspection_c.h
-- Up-to-date: /home/wheeltec/wheeltec_ros2/install/astra_msgs/include/astra_msgs/srv/detail/set_distortioncal__rosidl_typesupport_introspection_c.h
-- Up-to-date: /home/wheeltec/wheeltec_ros2/install/astra_msgs/include/astra_msgs/srv/detail/set_auto_exposure__type_support.c
-- Up-to-date: /home/wheeltec/wheeltec_ros2/install/astra_msgs/include/astra_msgs/srv/detail/get_uvc_white_balance__rosidl_typesupport_introspection_c.h
-- Up-to-date: /home/wheeltec/wheeltec_ros2/install/astra_msgs/include/astra_msgs/srv/detail/set_uvc_white_balance__rosidl_typesupport_introspection_c.h
-- Up-to-date: /home/wheeltec/wheeltec_ros2/install/astra_msgs/include/astra_msgs/srv/detail/get_camera_info__type_support.c
-- Up-to-date: /home/wheeltec/wheeltec_ros2/install/astra_msgs/include/astra_msgs/srv/detail/reset_ir_exposure__type_support.c
-- Up-to-date: /home/wheeltec/wheeltec_ros2/install/astra_msgs/include/astra_msgs/srv/detail/get_device_type__rosidl_typesupport_introspection_c.h
-- Up-to-date: /home/wheeltec/wheeltec_ros2/install/astra_msgs/include/astra_msgs/srv/detail/set_laser__type_support.c
-- Up-to-date: /home/wheeltec/wheeltec_ros2/install/astra_msgs/include/astra_msgs/srv/detail/set_ae_enable__rosidl_typesupport_introspection_c.h
-- Up-to-date: /home/wheeltec/wheeltec_ros2/install/astra_msgs/include/astra_msgs/srv/detail/set_mirror__type_support.c
-- Up-to-date: /home/wheeltec/wheeltec_ros2/install/astra_msgs/include/astra_msgs/srv/detail/get_uvc_white_balance__type_support.c
-- Up-to-date: /home/wheeltec/wheeltec_ros2/install/astra_msgs/include/astra_msgs/srv/detail/get_serial__rosidl_typesupport_introspection_c.h
-- Up-to-date: /home/wheeltec/wheeltec_ros2/install/astra_msgs/include/astra_msgs/srv/detail/switch_ir_camera__rosidl_typesupport_introspection_c.h
-- Up-to-date: /home/wheeltec/wheeltec_ros2/install/astra_msgs/include/astra_msgs/srv/detail/reset_ir_exposure__rosidl_typesupport_introspection_c.h
-- Up-to-date: /home/wheeltec/wheeltec_ros2/install/astra_msgs/include/astra_msgs/srv/detail/get_uvc_exposure__type_support.c
-- Up-to-date: /home/wheeltec/wheeltec_ros2/install/astra_msgs/include/astra_msgs/srv/detail/reset_ir_gain__type_support.c
-- Up-to-date: /home/wheeltec/wheeltec_ros2/install/astra_msgs/include/astra_msgs/srv/detail/set_auto_white_balance__type_support.c
-- Up-to-date: /home/wheeltec/wheeltec_ros2/install/astra_msgs/include/astra_msgs/srv/detail/set_distortioncal__type_support.c
-- Up-to-date: /home/wheeltec/wheeltec_ros2/install/astra_msgs/include/astra_msgs/srv/detail/get_uvc_gain__rosidl_typesupport_introspection_c.h
-- Up-to-date: /home/wheeltec/wheeltec_ros2/install/astra_msgs/include/astra_msgs/srv/detail/get_device_type__type_support.c
-- Up-to-date: /home/wheeltec/wheeltec_ros2/install/astra_msgs/include/astra_msgs/srv/detail/get_version__rosidl_typesupport_introspection_c.h
-- Up-to-date: /home/wheeltec/wheeltec_ros2/install/astra_msgs/include/astra_msgs/srv/detail/set_auto_white_balance__rosidl_typesupport_introspection_c.h
-- Up-to-date: /home/wheeltec/wheeltec_ros2/install/astra_msgs/include/astra_msgs/srv/detail/get_uvc_gain__type_support.c
-- Up-to-date: /home/wheeltec/wheeltec_ros2/install/astra_msgs/include/astra_msgs/srv/detail/set_ir_gain__type_support.c
-- Up-to-date: /home/wheeltec/wheeltec_ros2/install/astra_msgs/include/astra_msgs/srv/detail/set_ir_flood__rosidl_typesupport_introspection_c.h
-- Up-to-date: /home/wheeltec/wheeltec_ros2/install/astra_msgs/include/astra_msgs/srv/detail/set_uvc_gain__rosidl_typesupport_introspection_c.h
-- Up-to-date: /home/wheeltec/wheeltec_ros2/install/astra_msgs/include/astra_msgs/srv/detail/get_serial__type_support.c
-- Up-to-date: /home/wheeltec/wheeltec_ros2/install/astra_msgs/include/astra_msgs/srv/detail/set_fan__rosidl_typesupport_introspection_c.h
-- Up-to-date: /home/wheeltec/wheeltec_ros2/install/astra_msgs/include/astra_msgs/srv/detail/reset_ir_gain__rosidl_typesupport_introspection_c.h
-- Up-to-date: /home/wheeltec/wheeltec_ros2/install/astra_msgs/include/astra_msgs/srv/detail/set_ae_enable__type_support.c
-- Up-to-date: /home/wheeltec/wheeltec_ros2/install/astra_msgs/include/astra_msgs/srv/detail/switch_ir_camera__type_support.c
-- Up-to-date: /home/wheeltec/wheeltec_ros2/install/astra_msgs/include/astra_msgs/srv/detail/set_ldp__type_support.c
-- Up-to-date: /home/wheeltec/wheeltec_ros2/install/astra_msgs/include/astra_msgs/srv/detail/set_ir_flood__type_support.c
-- Up-to-date: /home/wheeltec/wheeltec_ros2/install/astra_msgs/include/astra_msgs/srv/detail/get_camera_info__rosidl_typesupport_introspection_c.h
-- Up-to-date: /home/wheeltec/wheeltec_ros2/install/astra_msgs/include/astra_msgs/srv/detail/set_fan__type_support.c
-- Up-to-date: /home/wheeltec/wheeltec_ros2/install/astra_msgs/include/astra_msgs/srv/detail/set_uvc_exposure__type_support.c
-- Up-to-date: /home/wheeltec/wheeltec_ros2/install/astra_msgs/include/astra_msgs/srv/detail/set_mirror__rosidl_typesupport_introspection_c.h
-- Up-to-date: /home/wheeltec/wheeltec_ros2/install/astra_msgs/include/astra_msgs/srv/detail/get_ir_exposure__rosidl_typesupport_introspection_c.h
-- Up-to-date: /home/wheeltec/wheeltec_ros2/install/astra_msgs/include/astra_msgs/srv/detail/set_auto_exposure__rosidl_typesupport_introspection_c.h
-- Up-to-date: /home/wheeltec/wheeltec_ros2/install/astra_msgs/include/astra_msgs/srv/detail/get_ir_gain__rosidl_typesupport_introspection_c.h
-- Up-to-date: /home/wheeltec/wheeltec_ros2/install/astra_msgs/include/astra_msgs/srv/detail/set_ldp__rosidl_typesupport_introspection_c.h
-- Up-to-date: /home/wheeltec/wheeltec_ros2/install/astra_msgs/include/astra_msgs/srv/detail/set_uvc_gain__type_support.c
-- Up-to-date: /home/wheeltec/wheeltec_ros2/install/astra_msgs/include/astra_msgs/srv/detail/get_version__type_support.c
-- Up-to-date: /home/wheeltec/wheeltec_ros2/install/astra_msgs/include/astra_msgs/srv/detail/get_ir_gain__type_support.c
-- Up-to-date: /home/wheeltec/wheeltec_ros2/install/astra_msgs/include/astra_msgs/srv/detail/set_ir_exposure__type_support.c
-- Up-to-date: /home/wheeltec/wheeltec_ros2/install/astra_msgs/include/astra_msgs/srv/detail/get_ir_exposure__type_support.c
-- Up-to-date: /home/wheeltec/wheeltec_ros2/install/astra_msgs/include/astra_msgs/srv/detail/get_uvc_exposure__rosidl_typesupport_introspection_c.h
-- Up-to-date: /home/wheeltec/wheeltec_ros2/install/astra_msgs/include/astra_msgs/srv/detail/set_ir_gain__rosidl_typesupport_introspection_c.h
-- Up-to-date: /home/wheeltec/wheeltec_ros2/install/astra_msgs/include/astra_msgs/srv/detail/set_uvc_exposure__rosidl_typesupport_introspection_c.h
-- Up-to-date: /home/wheeltec/wheeltec_ros2/install/astra_msgs/lib/libastra_msgs__rosidl_typesupport_introspection_c.so
-- Up-to-date: /home/wheeltec/wheeltec_ros2/install/astra_msgs/lib/libastra_msgs__rosidl_typesupport_c.so
-- Up-to-date: /home/wheeltec/wheeltec_ros2/install/astra_msgs/include/astra_msgs
-- Up-to-date: /home/wheeltec/wheeltec_ros2/install/astra_msgs/include/astra_msgs/srv
-- Up-to-date: /home/wheeltec/wheeltec_ros2/install/astra_msgs/include/astra_msgs/srv/set_auto_exposure.hpp
-- Up-to-date: /home/wheeltec/wheeltec_ros2/install/astra_msgs/include/astra_msgs/srv/set_uvc_gain.hpp
-- Up-to-date: /home/wheeltec/wheeltec_ros2/install/astra_msgs/include/astra_msgs/srv/set_ae_enable.hpp
-- Up-to-date: /home/wheeltec/wheeltec_ros2/install/astra_msgs/include/astra_msgs/srv/switch_ir_camera.hpp
-- Up-to-date: /home/wheeltec/wheeltec_ros2/install/astra_msgs/include/astra_msgs/srv/get_serial.hpp
-- Up-to-date: /home/wheeltec/wheeltec_ros2/install/astra_msgs/include/astra_msgs/srv/get_uvc_white_balance.hpp
-- Up-to-date: /home/wheeltec/wheeltec_ros2/install/astra_msgs/include/astra_msgs/srv/reset_ir_exposure.hpp
-- Up-to-date: /home/wheeltec/wheeltec_ros2/install/astra_msgs/include/astra_msgs/srv/set_uvc_white_balance.hpp
-- Up-to-date: /home/wheeltec/wheeltec_ros2/install/astra_msgs/include/astra_msgs/srv/set_ir_gain.hpp
-- Up-to-date: /home/wheeltec/wheeltec_ros2/install/astra_msgs/include/astra_msgs/srv/set_auto_white_balance.hpp
-- Up-to-date: /home/wheeltec/wheeltec_ros2/install/astra_msgs/include/astra_msgs/srv/get_camera_info.hpp
-- Up-to-date: /home/wheeltec/wheeltec_ros2/install/astra_msgs/include/astra_msgs/srv/set_uvc_exposure.hpp
-- Up-to-date: /home/wheeltec/wheeltec_ros2/install/astra_msgs/include/astra_msgs/srv/set_fan.hpp
-- Up-to-date: /home/wheeltec/wheeltec_ros2/install/astra_msgs/include/astra_msgs/srv/get_ir_exposure.hpp
-- Up-to-date: /home/wheeltec/wheeltec_ros2/install/astra_msgs/include/astra_msgs/srv/set_mirror.hpp
-- Up-to-date: /home/wheeltec/wheeltec_ros2/install/astra_msgs/include/astra_msgs/srv/detail
-- Up-to-date: /home/wheeltec/wheeltec_ros2/install/astra_msgs/include/astra_msgs/srv/detail/get_uvc_exposure__builder.hpp
-- Up-to-date: /home/wheeltec/wheeltec_ros2/install/astra_msgs/include/astra_msgs/srv/detail/set_laser__struct.hpp
-- Up-to-date: /home/wheeltec/wheeltec_ros2/install/astra_msgs/include/astra_msgs/srv/detail/set_fan__struct.hpp
-- Up-to-date: /home/wheeltec/wheeltec_ros2/install/astra_msgs/include/astra_msgs/srv/detail/set_uvc_white_balance__builder.hpp
-- Up-to-date: /home/wheeltec/wheeltec_ros2/install/astra_msgs/include/astra_msgs/srv/detail/set_uvc_white_balance__traits.hpp
-- Up-to-date: /home/wheeltec/wheeltec_ros2/install/astra_msgs/include/astra_msgs/srv/detail/get_serial__builder.hpp
-- Up-to-date: /home/wheeltec/wheeltec_ros2/install/astra_msgs/include/astra_msgs/srv/detail/get_ir_exposure__builder.hpp
-- Up-to-date: /home/wheeltec/wheeltec_ros2/install/astra_msgs/include/astra_msgs/srv/detail/set_ir_exposure__traits.hpp
-- Up-to-date: /home/wheeltec/wheeltec_ros2/install/astra_msgs/include/astra_msgs/srv/detail/reset_ir_exposure__traits.hpp
-- Up-to-date: /home/wheeltec/wheeltec_ros2/install/astra_msgs/include/astra_msgs/srv/detail/set_ae_enable__struct.hpp
-- Up-to-date: /home/wheeltec/wheeltec_ros2/install/astra_msgs/include/astra_msgs/srv/detail/set_distortioncal__struct.hpp
-- Up-to-date: /home/wheeltec/wheeltec_ros2/install/astra_msgs/include/astra_msgs/srv/detail/set_ir_exposure__struct.hpp
-- Up-to-date: /home/wheeltec/wheeltec_ros2/install/astra_msgs/include/astra_msgs/srv/detail/set_mirror__builder.hpp
-- Up-to-date: /home/wheeltec/wheeltec_ros2/install/astra_msgs/include/astra_msgs/srv/detail/switch_ir_camera__builder.hpp
-- Up-to-date: /home/wheeltec/wheeltec_ros2/install/astra_msgs/include/astra_msgs/srv/detail/set_fan__builder.hpp
-- Up-to-date: /home/wheeltec/wheeltec_ros2/install/astra_msgs/include/astra_msgs/srv/detail/set_distortioncal__builder.hpp
-- Up-to-date: /home/wheeltec/wheeltec_ros2/install/astra_msgs/include/astra_msgs/srv/detail/set_uvc_exposure__traits.hpp
-- Up-to-date: /home/wheeltec/wheeltec_ros2/install/astra_msgs/include/astra_msgs/srv/detail/get_ir_gain__builder.hpp
-- Up-to-date: /home/wheeltec/wheeltec_ros2/install/astra_msgs/include/astra_msgs/srv/detail/set_ir_gain__struct.hpp
-- Up-to-date: /home/wheeltec/wheeltec_ros2/install/astra_msgs/include/astra_msgs/srv/detail/set_ae_enable__builder.hpp
-- Up-to-date: /home/wheeltec/wheeltec_ros2/install/astra_msgs/include/astra_msgs/srv/detail/reset_ir_exposure__struct.hpp
-- Up-to-date: /home/wheeltec/wheeltec_ros2/install/astra_msgs/include/astra_msgs/srv/detail/set_uvc_gain__builder.hpp
-- Up-to-date: /home/wheeltec/wheeltec_ros2/install/astra_msgs/include/astra_msgs/srv/detail/set_ir_flood__traits.hpp
-- Up-to-date: /home/wheeltec/wheeltec_ros2/install/astra_msgs/include/astra_msgs/srv/detail/reset_ir_gain__struct.hpp
-- Up-to-date: /home/wheeltec/wheeltec_ros2/install/astra_msgs/include/astra_msgs/srv/detail/reset_ir_gain__builder.hpp
-- Up-to-date: /home/wheeltec/wheeltec_ros2/install/astra_msgs/include/astra_msgs/srv/detail/get_uvc_gain__traits.hpp
-- Up-to-date: /home/wheeltec/wheeltec_ros2/install/astra_msgs/include/astra_msgs/srv/detail/switch_ir_camera__struct.hpp
-- Up-to-date: /home/wheeltec/wheeltec_ros2/install/astra_msgs/include/astra_msgs/srv/detail/get_version__struct.hpp
-- Up-to-date: /home/wheeltec/wheeltec_ros2/install/astra_msgs/include/astra_msgs/srv/detail/get_camera_info__struct.hpp
-- Up-to-date: /home/wheeltec/wheeltec_ros2/install/astra_msgs/include/astra_msgs/srv/detail/set_auto_white_balance__builder.hpp
-- Up-to-date: /home/wheeltec/wheeltec_ros2/install/astra_msgs/include/astra_msgs/srv/detail/set_uvc_gain__struct.hpp
-- Up-to-date: /home/wheeltec/wheeltec_ros2/install/astra_msgs/include/astra_msgs/srv/detail/set_auto_white_balance__struct.hpp
-- Up-to-date: /home/wheeltec/wheeltec_ros2/install/astra_msgs/include/astra_msgs/srv/detail/set_auto_exposure__traits.hpp
-- Up-to-date: /home/wheeltec/wheeltec_ros2/install/astra_msgs/include/astra_msgs/srv/detail/set_ir_exposure__builder.hpp
-- Up-to-date: /home/wheeltec/wheeltec_ros2/install/astra_msgs/include/astra_msgs/srv/detail/get_ir_exposure__traits.hpp
-- Up-to-date: /home/wheeltec/wheeltec_ros2/install/astra_msgs/include/astra_msgs/srv/detail/set_ir_gain__builder.hpp
-- Up-to-date: /home/wheeltec/wheeltec_ros2/install/astra_msgs/include/astra_msgs/srv/detail/set_uvc_exposure__struct.hpp
-- Up-to-date: /home/wheeltec/wheeltec_ros2/install/astra_msgs/include/astra_msgs/srv/detail/get_serial__struct.hpp
-- Up-to-date: /home/wheeltec/wheeltec_ros2/install/astra_msgs/include/astra_msgs/srv/detail/get_device_type__traits.hpp
-- Up-to-date: /home/wheeltec/wheeltec_ros2/install/astra_msgs/include/astra_msgs/srv/detail/get_uvc_gain__builder.hpp
-- Up-to-date: /home/wheeltec/wheeltec_ros2/install/astra_msgs/include/astra_msgs/srv/detail/get_camera_info__builder.hpp
-- Up-to-date: /home/wheeltec/wheeltec_ros2/install/astra_msgs/include/astra_msgs/srv/detail/set_ldp__struct.hpp
-- Up-to-date: /home/wheeltec/wheeltec_ros2/install/astra_msgs/include/astra_msgs/srv/detail/get_uvc_exposure__traits.hpp
-- Up-to-date: /home/wheeltec/wheeltec_ros2/install/astra_msgs/include/astra_msgs/srv/detail/set_ir_flood__builder.hpp
-- Up-to-date: /home/wheeltec/wheeltec_ros2/install/astra_msgs/include/astra_msgs/srv/detail/set_ldp__builder.hpp
-- Up-to-date: /home/wheeltec/wheeltec_ros2/install/astra_msgs/include/astra_msgs/srv/detail/get_camera_info__traits.hpp
-- Up-to-date: /home/wheeltec/wheeltec_ros2/install/astra_msgs/include/astra_msgs/srv/detail/switch_ir_camera__traits.hpp
-- Up-to-date: /home/wheeltec/wheeltec_ros2/install/astra_msgs/include/astra_msgs/srv/detail/get_uvc_white_balance__traits.hpp
-- Up-to-date: /home/wheeltec/wheeltec_ros2/install/astra_msgs/include/astra_msgs/srv/detail/get_ir_gain__traits.hpp
-- Up-to-date: /home/wheeltec/wheeltec_ros2/install/astra_msgs/include/astra_msgs/srv/detail/set_ir_gain__traits.hpp
-- Up-to-date: /home/wheeltec/wheeltec_ros2/install/astra_msgs/include/astra_msgs/srv/detail/set_auto_exposure__builder.hpp
-- Up-to-date: /home/wheeltec/wheeltec_ros2/install/astra_msgs/include/astra_msgs/srv/detail/get_uvc_white_balance__struct.hpp
-- Up-to-date: /home/wheeltec/wheeltec_ros2/install/astra_msgs/include/astra_msgs/srv/detail/set_uvc_gain__traits.hpp
-- Up-to-date: /home/wheeltec/wheeltec_ros2/install/astra_msgs/include/astra_msgs/srv/detail/set_mirror__struct.hpp
-- Up-to-date: /home/wheeltec/wheeltec_ros2/install/astra_msgs/include/astra_msgs/srv/detail/set_ldp__traits.hpp
-- Up-to-date: /home/wheeltec/wheeltec_ros2/install/astra_msgs/include/astra_msgs/srv/detail/reset_ir_gain__traits.hpp
-- Up-to-date: /home/wheeltec/wheeltec_ros2/install/astra_msgs/include/astra_msgs/srv/detail/set_distortioncal__traits.hpp
-- Up-to-date: /home/wheeltec/wheeltec_ros2/install/astra_msgs/include/astra_msgs/srv/detail/get_version__builder.hpp
-- Up-to-date: /home/wheeltec/wheeltec_ros2/install/astra_msgs/include/astra_msgs/srv/detail/set_uvc_exposure__builder.hpp
-- Up-to-date: /home/wheeltec/wheeltec_ros2/install/astra_msgs/include/astra_msgs/srv/detail/get_device_type__struct.hpp
-- Up-to-date: /home/wheeltec/wheeltec_ros2/install/astra_msgs/include/astra_msgs/srv/detail/get_uvc_gain__struct.hpp
-- Up-to-date: /home/wheeltec/wheeltec_ros2/install/astra_msgs/include/astra_msgs/srv/detail/get_serial__traits.hpp
-- Up-to-date: /home/wheeltec/wheeltec_ros2/install/astra_msgs/include/astra_msgs/srv/detail/set_auto_white_balance__traits.hpp
-- Up-to-date: /home/wheeltec/wheeltec_ros2/install/astra_msgs/include/astra_msgs/srv/detail/set_mirror__traits.hpp
-- Up-to-date: /home/wheeltec/wheeltec_ros2/install/astra_msgs/include/astra_msgs/srv/detail/get_ir_gain__struct.hpp
-- Up-to-date: /home/wheeltec/wheeltec_ros2/install/astra_msgs/include/astra_msgs/srv/detail/reset_ir_exposure__builder.hpp
-- Up-to-date: /home/wheeltec/wheeltec_ros2/install/astra_msgs/include/astra_msgs/srv/detail/get_device_type__builder.hpp
-- Up-to-date: /home/wheeltec/wheeltec_ros2/install/astra_msgs/include/astra_msgs/srv/detail/set_uvc_white_balance__struct.hpp
-- Up-to-date: /home/wheeltec/wheeltec_ros2/install/astra_msgs/include/astra_msgs/srv/detail/set_ae_enable__traits.hpp
-- Up-to-date: /home/wheeltec/wheeltec_ros2/install/astra_msgs/include/astra_msgs/srv/detail/set_ir_flood__struct.hpp
-- Up-to-date: /home/wheeltec/wheeltec_ros2/install/astra_msgs/include/astra_msgs/srv/detail/get_uvc_exposure__struct.hpp
-- Up-to-date: /home/wheeltec/wheeltec_ros2/install/astra_msgs/include/astra_msgs/srv/detail/set_laser__traits.hpp
-- Up-to-date: /home/wheeltec/wheeltec_ros2/install/astra_msgs/include/astra_msgs/srv/detail/set_fan__traits.hpp
-- Up-to-date: /home/wheeltec/wheeltec_ros2/install/astra_msgs/include/astra_msgs/srv/detail/set_auto_exposure__struct.hpp
-- Up-to-date: /home/wheeltec/wheeltec_ros2/install/astra_msgs/include/astra_msgs/srv/detail/get_ir_exposure__struct.hpp
-- Up-to-date: /home/wheeltec/wheeltec_ros2/install/astra_msgs/include/astra_msgs/srv/detail/get_uvc_white_balance__builder.hpp
-- Up-to-date: /home/wheeltec/wheeltec_ros2/install/astra_msgs/include/astra_msgs/srv/detail/set_laser__builder.hpp
-- Up-to-date: /home/wheeltec/wheeltec_ros2/install/astra_msgs/include/astra_msgs/srv/detail/get_version__traits.hpp
-- Up-to-date: /home/wheeltec/wheeltec_ros2/install/astra_msgs/include/astra_msgs/srv/get_uvc_gain.hpp
-- Up-to-date: /home/wheeltec/wheeltec_ros2/install/astra_msgs/include/astra_msgs/srv/set_ir_flood.hpp
-- Up-to-date: /home/wheeltec/wheeltec_ros2/install/astra_msgs/include/astra_msgs/srv/get_ir_gain.hpp
-- Up-to-date: /home/wheeltec/wheeltec_ros2/install/astra_msgs/include/astra_msgs/srv/reset_ir_gain.hpp
-- Up-to-date: /home/wheeltec/wheeltec_ros2/install/astra_msgs/include/astra_msgs/srv/get_uvc_exposure.hpp
-- Up-to-date: /home/wheeltec/wheeltec_ros2/install/astra_msgs/include/astra_msgs/srv/set_ir_exposure.hpp
-- Up-to-date: /home/wheeltec/wheeltec_ros2/install/astra_msgs/include/astra_msgs/srv/get_version.hpp
-- Up-to-date: /home/wheeltec/wheeltec_ros2/install/astra_msgs/include/astra_msgs/srv/set_distortioncal.hpp
-- Up-to-date: /home/wheeltec/wheeltec_ros2/install/astra_msgs/include/astra_msgs/srv/set_laser.hpp
-- Up-to-date: /home/wheeltec/wheeltec_ros2/install/astra_msgs/include/astra_msgs/srv/get_device_type.hpp
-- Up-to-date: /home/wheeltec/wheeltec_ros2/install/astra_msgs/include/astra_msgs/srv/set_ldp.hpp
-- Up-to-date: /home/wheeltec/wheeltec_ros2/install/astra_msgs/include/astra_msgs
-- Up-to-date: /home/wheeltec/wheeltec_ros2/install/astra_msgs/include/astra_msgs/srv
-- Up-to-date: /home/wheeltec/wheeltec_ros2/install/astra_msgs/include/astra_msgs/srv/detail
-- Up-to-date: /home/wheeltec/wheeltec_ros2/install/astra_msgs/include/astra_msgs/srv/detail/set_ir_exposure__type_support.cpp
-- Up-to-date: /home/wheeltec/wheeltec_ros2/install/astra_msgs/include/astra_msgs/srv/detail/set_ir_flood__rosidl_typesupport_introspection_cpp.hpp
-- Up-to-date: /home/wheeltec/wheeltec_ros2/install/astra_msgs/include/astra_msgs/srv/detail/get_uvc_exposure__rosidl_typesupport_introspection_cpp.hpp
-- Up-to-date: /home/wheeltec/wheeltec_ros2/install/astra_msgs/include/astra_msgs/srv/detail/get_serial__type_support.cpp
-- Up-to-date: /home/wheeltec/wheeltec_ros2/install/astra_msgs/include/astra_msgs/srv/detail/reset_ir_exposure__rosidl_typesupport_introspection_cpp.hpp
-- Up-to-date: /home/wheeltec/wheeltec_ros2/install/astra_msgs/include/astra_msgs/srv/detail/set_distortioncal__rosidl_typesupport_introspection_cpp.hpp
-- Up-to-date: /home/wheeltec/wheeltec_ros2/install/astra_msgs/include/astra_msgs/srv/detail/get_uvc_gain__rosidl_typesupport_introspection_cpp.hpp
-- Up-to-date: /home/wheeltec/wheeltec_ros2/install/astra_msgs/include/astra_msgs/srv/detail/get_uvc_white_balance__rosidl_typesupport_introspection_cpp.hpp
-- Up-to-date: /home/wheeltec/wheeltec_ros2/install/astra_msgs/include/astra_msgs/srv/detail/get_device_type__rosidl_typesupport_introspection_cpp.hpp
-- Up-to-date: /home/wheeltec/wheeltec_ros2/install/astra_msgs/include/astra_msgs/srv/detail/set_uvc_white_balance__type_support.cpp
-- Up-to-date: /home/wheeltec/wheeltec_ros2/install/astra_msgs/include/astra_msgs/srv/detail/set_laser__type_support.cpp
-- Up-to-date: /home/wheeltec/wheeltec_ros2/install/astra_msgs/include/astra_msgs/srv/detail/set_ldp__type_support.cpp
-- Up-to-date: /home/wheeltec/wheeltec_ros2/install/astra_msgs/include/astra_msgs/srv/detail/set_laser__rosidl_typesupport_introspection_cpp.hpp
-- Up-to-date: /home/wheeltec/wheeltec_ros2/install/astra_msgs/include/astra_msgs/srv/detail/set_distortioncal__type_support.cpp
-- Up-to-date: /home/wheeltec/wheeltec_ros2/install/astra_msgs/include/astra_msgs/srv/detail/reset_ir_exposure__type_support.cpp
-- Up-to-date: /home/wheeltec/wheeltec_ros2/install/astra_msgs/include/astra_msgs/srv/detail/set_uvc_exposure__rosidl_typesupport_introspection_cpp.hpp
-- Up-to-date: /home/wheeltec/wheeltec_ros2/install/astra_msgs/include/astra_msgs/srv/detail/get_version__type_support.cpp
-- Up-to-date: /home/wheeltec/wheeltec_ros2/install/astra_msgs/include/astra_msgs/srv/detail/get_device_type__type_support.cpp
-- Up-to-date: /home/wheeltec/wheeltec_ros2/install/astra_msgs/include/astra_msgs/srv/detail/set_mirror__type_support.cpp
-- Up-to-date: /home/wheeltec/wheeltec_ros2/install/astra_msgs/include/astra_msgs/srv/detail/switch_ir_camera__rosidl_typesupport_introspection_cpp.hpp
-- Up-to-date: /home/wheeltec/wheeltec_ros2/install/astra_msgs/include/astra_msgs/srv/detail/set_uvc_exposure__type_support.cpp
-- Up-to-date: /home/wheeltec/wheeltec_ros2/install/astra_msgs/include/astra_msgs/srv/detail/set_auto_exposure__type_support.cpp
-- Up-to-date: /home/wheeltec/wheeltec_ros2/install/astra_msgs/include/astra_msgs/srv/detail/set_auto_white_balance__rosidl_typesupport_introspection_cpp.hpp
-- Up-to-date: /home/wheeltec/wheeltec_ros2/install/astra_msgs/include/astra_msgs/srv/detail/get_ir_exposure__type_support.cpp
-- Up-to-date: /home/wheeltec/wheeltec_ros2/install/astra_msgs/include/astra_msgs/srv/detail/switch_ir_camera__type_support.cpp
-- Up-to-date: /home/wheeltec/wheeltec_ros2/install/astra_msgs/include/astra_msgs/srv/detail/set_ldp__rosidl_typesupport_introspection_cpp.hpp
-- Up-to-date: /home/wheeltec/wheeltec_ros2/install/astra_msgs/include/astra_msgs/srv/detail/get_uvc_exposure__type_support.cpp
-- Up-to-date: /home/wheeltec/wheeltec_ros2/install/astra_msgs/include/astra_msgs/srv/detail/get_uvc_gain__type_support.cpp
-- Up-to-date: /home/wheeltec/wheeltec_ros2/install/astra_msgs/include/astra_msgs/srv/detail/get_serial__rosidl_typesupport_introspection_cpp.hpp
-- Up-to-date: /home/wheeltec/wheeltec_ros2/install/astra_msgs/include/astra_msgs/srv/detail/set_uvc_gain__type_support.cpp
-- Up-to-date: /home/wheeltec/wheeltec_ros2/install/astra_msgs/include/astra_msgs/srv/detail/set_fan__type_support.cpp
-- Up-to-date: /home/wheeltec/wheeltec_ros2/install/astra_msgs/include/astra_msgs/srv/detail/set_ae_enable__type_support.cpp
-- Up-to-date: /home/wheeltec/wheeltec_ros2/install/astra_msgs/include/astra_msgs/srv/detail/set_uvc_white_balance__rosidl_typesupport_introspection_cpp.hpp
-- Up-to-date: /home/wheeltec/wheeltec_ros2/install/astra_msgs/include/astra_msgs/srv/detail/set_ir_gain__rosidl_typesupport_introspection_cpp.hpp
-- Up-to-date: /home/wheeltec/wheeltec_ros2/install/astra_msgs/include/astra_msgs/srv/detail/get_camera_info__rosidl_typesupport_introspection_cpp.hpp
-- Up-to-date: /home/wheeltec/wheeltec_ros2/install/astra_msgs/include/astra_msgs/srv/detail/get_ir_gain__rosidl_typesupport_introspection_cpp.hpp
-- Up-to-date: /home/wheeltec/wheeltec_ros2/install/astra_msgs/include/astra_msgs/srv/detail/get_ir_exposure__rosidl_typesupport_introspection_cpp.hpp
-- Up-to-date: /home/wheeltec/wheeltec_ros2/install/astra_msgs/include/astra_msgs/srv/detail/get_uvc_white_balance__type_support.cpp
-- Up-to-date: /home/wheeltec/wheeltec_ros2/install/astra_msgs/include/astra_msgs/srv/detail/set_mirror__rosidl_typesupport_introspection_cpp.hpp
-- Up-to-date: /home/wheeltec/wheeltec_ros2/install/astra_msgs/include/astra_msgs/srv/detail/reset_ir_gain__rosidl_typesupport_introspection_cpp.hpp
-- Up-to-date: /home/wheeltec/wheeltec_ros2/install/astra_msgs/include/astra_msgs/srv/detail/set_ir_flood__type_support.cpp
-- Up-to-date: /home/wheeltec/wheeltec_ros2/install/astra_msgs/include/astra_msgs/srv/detail/set_auto_white_balance__type_support.cpp
-- Up-to-date: /home/wheeltec/wheeltec_ros2/install/astra_msgs/include/astra_msgs/srv/detail/set_fan__rosidl_typesupport_introspection_cpp.hpp
-- Up-to-date: /home/wheeltec/wheeltec_ros2/install/astra_msgs/include/astra_msgs/srv/detail/set_ir_gain__type_support.cpp
-- Up-to-date: /home/wheeltec/wheeltec_ros2/install/astra_msgs/include/astra_msgs/srv/detail/get_ir_gain__type_support.cpp
-- Up-to-date: /home/wheeltec/wheeltec_ros2/install/astra_msgs/include/astra_msgs/srv/detail/reset_ir_gain__type_support.cpp
-- Up-to-date: /home/wheeltec/wheeltec_ros2/install/astra_msgs/include/astra_msgs/srv/detail/set_ir_exposure__rosidl_typesupport_introspection_cpp.hpp
-- Up-to-date: /home/wheeltec/wheeltec_ros2/install/astra_msgs/include/astra_msgs/srv/detail/set_ae_enable__rosidl_typesupport_introspection_cpp.hpp
-- Up-to-date: /home/wheeltec/wheeltec_ros2/install/astra_msgs/include/astra_msgs/srv/detail/get_camera_info__type_support.cpp
-- Up-to-date: /home/wheeltec/wheeltec_ros2/install/astra_msgs/include/astra_msgs/srv/detail/set_auto_exposure__rosidl_typesupport_introspection_cpp.hpp
-- Up-to-date: /home/wheeltec/wheeltec_ros2/install/astra_msgs/include/astra_msgs/srv/detail/get_version__rosidl_typesupport_introspection_cpp.hpp
-- Up-to-date: /home/wheeltec/wheeltec_ros2/install/astra_msgs/include/astra_msgs/srv/detail/set_uvc_gain__rosidl_typesupport_introspection_cpp.hpp
-- Up-to-date: /home/wheeltec/wheeltec_ros2/install/astra_msgs/lib/libastra_msgs__rosidl_typesupport_introspection_cpp.so
-- Up-to-date: /home/wheeltec/wheeltec_ros2/install/astra_msgs/lib/libastra_msgs__rosidl_typesupport_cpp.so
-- Up-to-date: /home/wheeltec/wheeltec_ros2/install/astra_msgs/share/astra_msgs/environment/pythonpath.sh
-- Up-to-date: /home/wheeltec/wheeltec_ros2/install/astra_msgs/share/astra_msgs/environment/pythonpath.dsv
-- Up-to-date: /home/wheeltec/wheeltec_ros2/install/astra_msgs/lib/python3.8/site-packages/astra_msgs/__init__.py
-- Up-to-date: /home/wheeltec/wheeltec_ros2/install/astra_msgs/lib/python3.8/site-packages/astra_msgs/srv
-- Up-to-date: /home/wheeltec/wheeltec_ros2/install/astra_msgs/lib/python3.8/site-packages/astra_msgs/srv/_set_auto_exposure_s.c
-- Up-to-date: /home/wheeltec/wheeltec_ros2/install/astra_msgs/lib/python3.8/site-packages/astra_msgs/srv/_reset_ir_exposure_s.c
-- Up-to-date: /home/wheeltec/wheeltec_ros2/install/astra_msgs/lib/python3.8/site-packages/astra_msgs/srv/_set_distortioncal.py
-- Up-to-date: /home/wheeltec/wheeltec_ros2/install/astra_msgs/lib/python3.8/site-packages/astra_msgs/srv/_set_mirror.py
-- Up-to-date: /home/wheeltec/wheeltec_ros2/install/astra_msgs/lib/python3.8/site-packages/astra_msgs/srv/_get_device_type.py
-- Up-to-date: /home/wheeltec/wheeltec_ros2/install/astra_msgs/lib/python3.8/site-packages/astra_msgs/srv/_set_uvc_white_balance_s.c
-- Up-to-date: /home/wheeltec/wheeltec_ros2/install/astra_msgs/lib/python3.8/site-packages/astra_msgs/srv/_switch_ir_camera_s.c
-- Up-to-date: /home/wheeltec/wheeltec_ros2/install/astra_msgs/lib/python3.8/site-packages/astra_msgs/srv/_get_serial.py
-- Up-to-date: /home/wheeltec/wheeltec_ros2/install/astra_msgs/lib/python3.8/site-packages/astra_msgs/srv/__init__.py
-- Up-to-date: /home/wheeltec/wheeltec_ros2/install/astra_msgs/lib/python3.8/site-packages/astra_msgs/srv/_set_uvc_exposure.py
-- Up-to-date: /home/wheeltec/wheeltec_ros2/install/astra_msgs/lib/python3.8/site-packages/astra_msgs/srv/_reset_ir_exposure.py
-- Up-to-date: /home/wheeltec/wheeltec_ros2/install/astra_msgs/lib/python3.8/site-packages/astra_msgs/srv/_get_uvc_white_balance.py
-- Up-to-date: /home/wheeltec/wheeltec_ros2/install/astra_msgs/lib/python3.8/site-packages/astra_msgs/srv/_set_uvc_exposure_s.c
-- Up-to-date: /home/wheeltec/wheeltec_ros2/install/astra_msgs/lib/python3.8/site-packages/astra_msgs/srv/_set_mirror_s.c
-- Up-to-date: /home/wheeltec/wheeltec_ros2/install/astra_msgs/lib/python3.8/site-packages/astra_msgs/srv/_get_ir_gain.py
-- Up-to-date: /home/wheeltec/wheeltec_ros2/install/astra_msgs/lib/python3.8/site-packages/astra_msgs/srv/_get_serial_s.c
-- Up-to-date: /home/wheeltec/wheeltec_ros2/install/astra_msgs/lib/python3.8/site-packages/astra_msgs/srv/_set_ae_enable.py
-- Up-to-date: /home/wheeltec/wheeltec_ros2/install/astra_msgs/lib/python3.8/site-packages/astra_msgs/srv/_set_ir_gain_s.c
-- Up-to-date: /home/wheeltec/wheeltec_ros2/install/astra_msgs/lib/python3.8/site-packages/astra_msgs/srv/_set_uvc_gain_s.c
-- Up-to-date: /home/wheeltec/wheeltec_ros2/install/astra_msgs/lib/python3.8/site-packages/astra_msgs/srv/_set_auto_exposure.py
-- Up-to-date: /home/wheeltec/wheeltec_ros2/install/astra_msgs/lib/python3.8/site-packages/astra_msgs/srv/_set_ldp_s.c
-- Up-to-date: /home/wheeltec/wheeltec_ros2/install/astra_msgs/lib/python3.8/site-packages/astra_msgs/srv/_set_laser.py
-- Up-to-date: /home/wheeltec/wheeltec_ros2/install/astra_msgs/lib/python3.8/site-packages/astra_msgs/srv/_get_uvc_gain.py
-- Up-to-date: /home/wheeltec/wheeltec_ros2/install/astra_msgs/lib/python3.8/site-packages/astra_msgs/srv/_get_uvc_exposure.py
-- Up-to-date: /home/wheeltec/wheeltec_ros2/install/astra_msgs/lib/python3.8/site-packages/astra_msgs/srv/_reset_ir_gain.py
-- Up-to-date: /home/wheeltec/wheeltec_ros2/install/astra_msgs/lib/python3.8/site-packages/astra_msgs/srv/_get_version_s.c
-- Up-to-date: /home/wheeltec/wheeltec_ros2/install/astra_msgs/lib/python3.8/site-packages/astra_msgs/srv/_set_ldp.py
-- Up-to-date: /home/wheeltec/wheeltec_ros2/install/astra_msgs/lib/python3.8/site-packages/astra_msgs/srv/_switch_ir_camera.py
-- Up-to-date: /home/wheeltec/wheeltec_ros2/install/astra_msgs/lib/python3.8/site-packages/astra_msgs/srv/_get_uvc_exposure_s.c
-- Up-to-date: /home/wheeltec/wheeltec_ros2/install/astra_msgs/lib/python3.8/site-packages/astra_msgs/srv/_get_uvc_white_balance_s.c
-- Up-to-date: /home/wheeltec/wheeltec_ros2/install/astra_msgs/lib/python3.8/site-packages/astra_msgs/srv/_get_ir_exposure.py
-- Up-to-date: /home/wheeltec/wheeltec_ros2/install/astra_msgs/lib/python3.8/site-packages/astra_msgs/srv/_set_laser_s.c
-- Up-to-date: /home/wheeltec/wheeltec_ros2/install/astra_msgs/lib/python3.8/site-packages/astra_msgs/srv/_set_ir_exposure_s.c
-- Up-to-date: /home/wheeltec/wheeltec_ros2/install/astra_msgs/lib/python3.8/site-packages/astra_msgs/srv/_set_ir_flood_s.c
-- Up-to-date: /home/wheeltec/wheeltec_ros2/install/astra_msgs/lib/python3.8/site-packages/astra_msgs/srv/_get_camera_info_s.c
-- Up-to-date: /home/wheeltec/wheeltec_ros2/install/astra_msgs/lib/python3.8/site-packages/astra_msgs/srv/_set_fan.py
-- Up-to-date: /home/wheeltec/wheeltec_ros2/install/astra_msgs/lib/python3.8/site-packages/astra_msgs/srv/_get_camera_info.py
-- Up-to-date: /home/wheeltec/wheeltec_ros2/install/astra_msgs/lib/python3.8/site-packages/astra_msgs/srv/_set_fan_s.c
-- Up-to-date: /home/wheeltec/wheeltec_ros2/install/astra_msgs/lib/python3.8/site-packages/astra_msgs/srv/_set_uvc_white_balance.py
-- Up-to-date: /home/wheeltec/wheeltec_ros2/install/astra_msgs/lib/python3.8/site-packages/astra_msgs/srv/_set_ir_flood.py
-- Up-to-date: /home/wheeltec/wheeltec_ros2/install/astra_msgs/lib/python3.8/site-packages/astra_msgs/srv/_set_ae_enable_s.c
-- Up-to-date: /home/wheeltec/wheeltec_ros2/install/astra_msgs/lib/python3.8/site-packages/astra_msgs/srv/_set_distortioncal_s.c
-- Up-to-date: /home/wheeltec/wheeltec_ros2/install/astra_msgs/lib/python3.8/site-packages/astra_msgs/srv/_set_auto_white_balance_s.c
-- Up-to-date: /home/wheeltec/wheeltec_ros2/install/astra_msgs/lib/python3.8/site-packages/astra_msgs/srv/_get_ir_gain_s.c
-- Up-to-date: /home/wheeltec/wheeltec_ros2/install/astra_msgs/lib/python3.8/site-packages/astra_msgs/srv/_reset_ir_gain_s.c
-- Up-to-date: /home/wheeltec/wheeltec_ros2/install/astra_msgs/lib/python3.8/site-packages/astra_msgs/srv/_set_uvc_gain.py
-- Up-to-date: /home/wheeltec/wheeltec_ros2/install/astra_msgs/lib/python3.8/site-packages/astra_msgs/srv/_get_device_type_s.c
-- Up-to-date: /home/wheeltec/wheeltec_ros2/install/astra_msgs/lib/python3.8/site-packages/astra_msgs/srv/_set_ir_exposure.py
-- Up-to-date: /home/wheeltec/wheeltec_ros2/install/astra_msgs/lib/python3.8/site-packages/astra_msgs/srv/_set_ir_gain.py
-- Up-to-date: /home/wheeltec/wheeltec_ros2/install/astra_msgs/lib/python3.8/site-packages/astra_msgs/srv/_get_version.py
-- Up-to-date: /home/wheeltec/wheeltec_ros2/install/astra_msgs/lib/python3.8/site-packages/astra_msgs/srv/_get_uvc_gain_s.c
-- Up-to-date: /home/wheeltec/wheeltec_ros2/install/astra_msgs/lib/python3.8/site-packages/astra_msgs/srv/_set_auto_white_balance.py
-- Up-to-date: /home/wheeltec/wheeltec_ros2/install/astra_msgs/lib/python3.8/site-packages/astra_msgs/srv/_get_ir_exposure_s.c
-- Up-to-date: /home/wheeltec/wheeltec_ros2/install/astra_msgs/lib/python3.8/site-packages/astra_msgs/astra_msgs_s__rosidl_typesupport_fastrtps_c.cpython-38-aarch64-linux-gnu.so
-- Up-to-date: /home/wheeltec/wheeltec_ros2/install/astra_msgs/lib/python3.8/site-packages/astra_msgs/astra_msgs_s__rosidl_typesupport_introspection_c.cpython-38-aarch64-linux-gnu.so
-- Up-to-date: /home/wheeltec/wheeltec_ros2/install/astra_msgs/lib/python3.8/site-packages/astra_msgs/astra_msgs_s__rosidl_typesupport_c.cpython-38-aarch64-linux-gnu.so
-- Up-to-date: /home/wheeltec/wheeltec_ros2/install/astra_msgs/lib/libastra_msgs__python.so
-- Up-to-date: /home/wheeltec/wheeltec_ros2/install/astra_msgs/share/astra_msgs/srv/GetCameraInfo.idl
-- Up-to-date: /home/wheeltec/wheeltec_ros2/install/astra_msgs/share/astra_msgs/srv/GetDeviceType.idl
-- Up-to-date: /home/wheeltec/wheeltec_ros2/install/astra_msgs/share/astra_msgs/srv/GetIRExposure.idl
-- Up-to-date: /home/wheeltec/wheeltec_ros2/install/astra_msgs/share/astra_msgs/srv/GetIRGain.idl
-- Up-to-date: /home/wheeltec/wheeltec_ros2/install/astra_msgs/share/astra_msgs/srv/GetSerial.idl
-- Up-to-date: /home/wheeltec/wheeltec_ros2/install/astra_msgs/share/astra_msgs/srv/GetUVCExposure.idl
-- Up-to-date: /home/wheeltec/wheeltec_ros2/install/astra_msgs/share/astra_msgs/srv/GetUVCGain.idl
-- Up-to-date: /home/wheeltec/wheeltec_ros2/install/astra_msgs/share/astra_msgs/srv/GetUVCWhiteBalance.idl
-- Up-to-date: /home/wheeltec/wheeltec_ros2/install/astra_msgs/share/astra_msgs/srv/GetVersion.idl
-- Up-to-date: /home/wheeltec/wheeltec_ros2/install/astra_msgs/share/astra_msgs/srv/ResetIRExposure.idl
-- Up-to-date: /home/wheeltec/wheeltec_ros2/install/astra_msgs/share/astra_msgs/srv/ResetIRGain.idl
-- Up-to-date: /home/wheeltec/wheeltec_ros2/install/astra_msgs/share/astra_msgs/srv/SetAeEnable.idl
-- Up-to-date: /home/wheeltec/wheeltec_ros2/install/astra_msgs/share/astra_msgs/srv/SetAutoExposure.idl
-- Up-to-date: /home/wheeltec/wheeltec_ros2/install/astra_msgs/share/astra_msgs/srv/SetAutoWhiteBalance.idl
-- Up-to-date: /home/wheeltec/wheeltec_ros2/install/astra_msgs/share/astra_msgs/srv/SetDistortioncal.idl
-- Up-to-date: /home/wheeltec/wheeltec_ros2/install/astra_msgs/share/astra_msgs/srv/SetFan.idl
-- Up-to-date: /home/wheeltec/wheeltec_ros2/install/astra_msgs/share/astra_msgs/srv/SetIRExposure.idl
-- Up-to-date: /home/wheeltec/wheeltec_ros2/install/astra_msgs/share/astra_msgs/srv/SetIRFlood.idl
-- Up-to-date: /home/wheeltec/wheeltec_ros2/install/astra_msgs/share/astra_msgs/srv/SetIRGain.idl
-- Up-to-date: /home/wheeltec/wheeltec_ros2/install/astra_msgs/share/astra_msgs/srv/SetLaser.idl
-- Up-to-date: /home/wheeltec/wheeltec_ros2/install/astra_msgs/share/astra_msgs/srv/SetLDP.idl
-- Up-to-date: /home/wheeltec/wheeltec_ros2/install/astra_msgs/share/astra_msgs/srv/SetMirror.idl
-- Up-to-date: /home/wheeltec/wheeltec_ros2/install/astra_msgs/share/astra_msgs/srv/SetUVCExposure.idl
-- Up-to-date: /home/wheeltec/wheeltec_ros2/install/astra_msgs/share/astra_msgs/srv/SetUVCGain.idl
-- Up-to-date: /home/wheeltec/wheeltec_ros2/install/astra_msgs/share/astra_msgs/srv/SetUVCWhiteBalance.idl
-- Up-to-date: /home/wheeltec/wheeltec_ros2/install/astra_msgs/share/astra_msgs/srv/SwitchIRCamera.idl
-- Up-to-date: /home/wheeltec/wheeltec_ros2/install/astra_msgs/share/astra_msgs/srv/GetCameraInfo.srv
-- Up-to-date: /home/wheeltec/wheeltec_ros2/install/astra_msgs/share/astra_msgs/srv/GetCameraInfo_Request.msg
-- Up-to-date: /home/wheeltec/wheeltec_ros2/install/astra_msgs/share/astra_msgs/srv/GetCameraInfo_Response.msg
-- Up-to-date: /home/wheeltec/wheeltec_ros2/install/astra_msgs/share/astra_msgs/srv/GetDeviceType.srv
-- Up-to-date: /home/wheeltec/wheeltec_ros2/install/astra_msgs/share/astra_msgs/srv/GetDeviceType_Request.msg
-- Up-to-date: /home/wheeltec/wheeltec_ros2/install/astra_msgs/share/astra_msgs/srv/GetDeviceType_Response.msg
-- Up-to-date: /home/wheeltec/wheeltec_ros2/install/astra_msgs/share/astra_msgs/srv/GetIRExposure.srv
-- Up-to-date: /home/wheeltec/wheeltec_ros2/install/astra_msgs/share/astra_msgs/srv/GetIRExposure_Request.msg
-- Up-to-date: /home/wheeltec/wheeltec_ros2/install/astra_msgs/share/astra_msgs/srv/GetIRExposure_Response.msg
-- Up-to-date: /home/wheeltec/wheeltec_ros2/install/astra_msgs/share/astra_msgs/srv/GetIRGain.srv
-- Up-to-date: /home/wheeltec/wheeltec_ros2/install/astra_msgs/share/astra_msgs/srv/GetIRGain_Request.msg
-- Up-to-date: /home/wheeltec/wheeltec_ros2/install/astra_msgs/share/astra_msgs/srv/GetIRGain_Response.msg
-- Up-to-date: /home/wheeltec/wheeltec_ros2/install/astra_msgs/share/astra_msgs/srv/GetSerial.srv
-- Up-to-date: /home/wheeltec/wheeltec_ros2/install/astra_msgs/share/astra_msgs/srv/GetSerial_Request.msg
-- Up-to-date: /home/wheeltec/wheeltec_ros2/install/astra_msgs/share/astra_msgs/srv/GetSerial_Response.msg
-- Up-to-date: /home/wheeltec/wheeltec_ros2/install/astra_msgs/share/astra_msgs/srv/GetUVCExposure.srv
-- Up-to-date: /home/wheeltec/wheeltec_ros2/install/astra_msgs/share/astra_msgs/srv/GetUVCExposure_Request.msg
-- Up-to-date: /home/wheeltec/wheeltec_ros2/install/astra_msgs/share/astra_msgs/srv/GetUVCExposure_Response.msg
-- Up-to-date: /home/wheeltec/wheeltec_ros2/install/astra_msgs/share/astra_msgs/srv/GetUVCGain.srv
-- Up-to-date: /home/wheeltec/wheeltec_ros2/install/astra_msgs/share/astra_msgs/srv/GetUVCGain_Request.msg
-- Up-to-date: /home/wheeltec/wheeltec_ros2/install/astra_msgs/share/astra_msgs/srv/GetUVCGain_Response.msg
-- Up-to-date: /home/wheeltec/wheeltec_ros2/install/astra_msgs/share/astra_msgs/srv/GetUVCWhiteBalance.srv
-- Up-to-date: /home/wheeltec/wheeltec_ros2/install/astra_msgs/share/astra_msgs/srv/GetUVCWhiteBalance_Request.msg
-- Up-to-date: /home/wheeltec/wheeltec_ros2/install/astra_msgs/share/astra_msgs/srv/GetUVCWhiteBalance_Response.msg
-- Up-to-date: /home/wheeltec/wheeltec_ros2/install/astra_msgs/share/astra_msgs/srv/GetVersion.srv
-- Up-to-date: /home/wheeltec/wheeltec_ros2/install/astra_msgs/share/astra_msgs/srv/GetVersion_Request.msg
-- Up-to-date: /home/wheeltec/wheeltec_ros2/install/astra_msgs/share/astra_msgs/srv/GetVersion_Response.msg
-- Up-to-date: /home/wheeltec/wheeltec_ros2/install/astra_msgs/share/astra_msgs/srv/ResetIRExposure.srv
-- Up-to-date: /home/wheeltec/wheeltec_ros2/install/astra_msgs/share/astra_msgs/srv/ResetIRExposure_Request.msg
-- Up-to-date: /home/wheeltec/wheeltec_ros2/install/astra_msgs/share/astra_msgs/srv/ResetIRExposure_Response.msg
-- Up-to-date: /home/wheeltec/wheeltec_ros2/install/astra_msgs/share/astra_msgs/srv/ResetIRGain.srv
-- Up-to-date: /home/wheeltec/wheeltec_ros2/install/astra_msgs/share/astra_msgs/srv/ResetIRGain_Request.msg
-- Up-to-date: /home/wheeltec/wheeltec_ros2/install/astra_msgs/share/astra_msgs/srv/ResetIRGain_Response.msg
-- Up-to-date: /home/wheeltec/wheeltec_ros2/install/astra_msgs/share/astra_msgs/srv/SetAeEnable.srv
-- Up-to-date: /home/wheeltec/wheeltec_ros2/install/astra_msgs/share/astra_msgs/srv/SetAeEnable_Request.msg
-- Up-to-date: /home/wheeltec/wheeltec_ros2/install/astra_msgs/share/astra_msgs/srv/SetAeEnable_Response.msg
-- Up-to-date: /home/wheeltec/wheeltec_ros2/install/astra_msgs/share/astra_msgs/srv/SetAutoExposure.srv
-- Up-to-date: /home/wheeltec/wheeltec_ros2/install/astra_msgs/share/astra_msgs/srv/SetAutoExposure_Request.msg
-- Up-to-date: /home/wheeltec/wheeltec_ros2/install/astra_msgs/share/astra_msgs/srv/SetAutoExposure_Response.msg
-- Up-to-date: /home/wheeltec/wheeltec_ros2/install/astra_msgs/share/astra_msgs/srv/SetAutoWhiteBalance.srv
-- Up-to-date: /home/wheeltec/wheeltec_ros2/install/astra_msgs/share/astra_msgs/srv/SetAutoWhiteBalance_Request.msg
-- Up-to-date: /home/wheeltec/wheeltec_ros2/install/astra_msgs/share/astra_msgs/srv/SetAutoWhiteBalance_Response.msg
-- Up-to-date: /home/wheeltec/wheeltec_ros2/install/astra_msgs/share/astra_msgs/srv/SetDistortioncal.srv
-- Up-to-date: /home/wheeltec/wheeltec_ros2/install/astra_msgs/share/astra_msgs/srv/SetDistortioncal_Request.msg
-- Up-to-date: /home/wheeltec/wheeltec_ros2/install/astra_msgs/share/astra_msgs/srv/SetDistortioncal_Response.msg
-- Up-to-date: /home/wheeltec/wheeltec_ros2/install/astra_msgs/share/astra_msgs/srv/SetFan.srv
-- Up-to-date: /home/wheeltec/wheeltec_ros2/install/astra_msgs/share/astra_msgs/srv/SetFan_Request.msg
-- Up-to-date: /home/wheeltec/wheeltec_ros2/install/astra_msgs/share/astra_msgs/srv/SetFan_Response.msg
-- Up-to-date: /home/wheeltec/wheeltec_ros2/install/astra_msgs/share/astra_msgs/srv/SetIRExposure.srv
-- Up-to-date: /home/wheeltec/wheeltec_ros2/install/astra_msgs/share/astra_msgs/srv/SetIRExposure_Request.msg
-- Up-to-date: /home/wheeltec/wheeltec_ros2/install/astra_msgs/share/astra_msgs/srv/SetIRExposure_Response.msg
-- Up-to-date: /home/wheeltec/wheeltec_ros2/install/astra_msgs/share/astra_msgs/srv/SetIRFlood.srv
-- Up-to-date: /home/wheeltec/wheeltec_ros2/install/astra_msgs/share/astra_msgs/srv/SetIRFlood_Request.msg
-- Up-to-date: /home/wheeltec/wheeltec_ros2/install/astra_msgs/share/astra_msgs/srv/SetIRFlood_Response.msg
-- Up-to-date: /home/wheeltec/wheeltec_ros2/install/astra_msgs/share/astra_msgs/srv/SetIRGain.srv
-- Up-to-date: /home/wheeltec/wheeltec_ros2/install/astra_msgs/share/astra_msgs/srv/SetIRGain_Request.msg
-- Up-to-date: /home/wheeltec/wheeltec_ros2/install/astra_msgs/share/astra_msgs/srv/SetIRGain_Response.msg
-- Up-to-date: /home/wheeltec/wheeltec_ros2/install/astra_msgs/share/astra_msgs/srv/SetLaser.srv
-- Up-to-date: /home/wheeltec/wheeltec_ros2/install/astra_msgs/share/astra_msgs/srv/SetLaser_Request.msg
-- Up-to-date: /home/wheeltec/wheeltec_ros2/install/astra_msgs/share/astra_msgs/srv/SetLaser_Response.msg
-- Up-to-date: /home/wheeltec/wheeltec_ros2/install/astra_msgs/share/astra_msgs/srv/SetLDP.srv
-- Up-to-date: /home/wheeltec/wheeltec_ros2/install/astra_msgs/share/astra_msgs/srv/SetLDP_Request.msg
-- Up-to-date: /home/wheeltec/wheeltec_ros2/install/astra_msgs/share/astra_msgs/srv/SetLDP_Response.msg
-- Up-to-date: /home/wheeltec/wheeltec_ros2/install/astra_msgs/share/astra_msgs/srv/SetMirror.srv
-- Up-to-date: /home/wheeltec/wheeltec_ros2/install/astra_msgs/share/astra_msgs/srv/SetMirror_Request.msg
-- Up-to-date: /home/wheeltec/wheeltec_ros2/install/astra_msgs/share/astra_msgs/srv/SetMirror_Response.msg
-- Up-to-date: /home/wheeltec/wheeltec_ros2/install/astra_msgs/share/astra_msgs/srv/SetUVCExposure.srv
-- Up-to-date: /home/wheeltec/wheeltec_ros2/install/astra_msgs/share/astra_msgs/srv/SetUVCExposure_Request.msg
-- Up-to-date: /home/wheeltec/wheeltec_ros2/install/astra_msgs/share/astra_msgs/srv/SetUVCExposure_Response.msg
-- Up-to-date: /home/wheeltec/wheeltec_ros2/install/astra_msgs/share/astra_msgs/srv/SetUVCGain.srv
-- Up-to-date: /home/wheeltec/wheeltec_ros2/install/astra_msgs/share/astra_msgs/srv/SetUVCGain_Request.msg
-- Up-to-date: /home/wheeltec/wheeltec_ros2/install/astra_msgs/share/astra_msgs/srv/SetUVCGain_Response.msg
-- Up-to-date: /home/wheeltec/wheeltec_ros2/install/astra_msgs/share/astra_msgs/srv/SetUVCWhiteBalance.srv
-- Up-to-date: /home/wheeltec/wheeltec_ros2/install/astra_msgs/share/astra_msgs/srv/SetUVCWhiteBalance_Request.msg
-- Up-to-date: /home/wheeltec/wheeltec_ros2/install/astra_msgs/share/astra_msgs/srv/SetUVCWhiteBalance_Response.msg
-- Up-to-date: /home/wheeltec/wheeltec_ros2/install/astra_msgs/share/astra_msgs/srv/SwitchIRCamera.srv
-- Up-to-date: /home/wheeltec/wheeltec_ros2/install/astra_msgs/share/astra_msgs/srv/SwitchIRCamera_Request.msg
-- Up-to-date: /home/wheeltec/wheeltec_ros2/install/astra_msgs/share/astra_msgs/srv/SwitchIRCamera_Response.msg
-- Up-to-date: /home/wheeltec/wheeltec_ros2/install/astra_msgs/share/ament_index/resource_index/package_run_dependencies/astra_msgs
-- Up-to-date: /home/wheeltec/wheeltec_ros2/install/astra_msgs/share/ament_index/resource_index/parent_prefix_path/astra_msgs
-- Up-to-date: /home/wheeltec/wheeltec_ros2/install/astra_msgs/share/astra_msgs/environment/ament_prefix_path.sh
-- Up-to-date: /home/wheeltec/wheeltec_ros2/install/astra_msgs/share/astra_msgs/environment/ament_prefix_path.dsv
-- Up-to-date: /home/wheeltec/wheeltec_ros2/install/astra_msgs/share/astra_msgs/environment/path.sh
-- Up-to-date: /home/wheeltec/wheeltec_ros2/install/astra_msgs/share/astra_msgs/environment/path.dsv
-- Up-to-date: /home/wheeltec/wheeltec_ros2/install/astra_msgs/share/astra_msgs/local_setup.bash
-- Up-to-date: /home/wheeltec/wheeltec_ros2/install/astra_msgs/share/astra_msgs/local_setup.sh
-- Up-to-date: /home/wheeltec/wheeltec_ros2/install/astra_msgs/share/astra_msgs/local_setup.zsh
-- Up-to-date: /home/wheeltec/wheeltec_ros2/install/astra_msgs/share/astra_msgs/local_setup.dsv
-- Installing: /home/wheeltec/wheeltec_ros2/install/astra_msgs/share/astra_msgs/package.dsv
-- Up-to-date: /home/wheeltec/wheeltec_ros2/install/astra_msgs/share/ament_index/resource_index/packages/astra_msgs
-- Up-to-date: /home/wheeltec/wheeltec_ros2/install/astra_msgs/share/astra_msgs/cmake/astra_msgs__rosidl_generator_cExport.cmake
-- Up-to-date: /home/wheeltec/wheeltec_ros2/install/astra_msgs/share/astra_msgs/cmake/astra_msgs__rosidl_generator_cExport-noconfig.cmake
-- Up-to-date: /home/wheeltec/wheeltec_ros2/install/astra_msgs/share/astra_msgs/cmake/astra_msgs__rosidl_typesupport_introspection_cExport.cmake
-- Up-to-date: /home/wheeltec/wheeltec_ros2/install/astra_msgs/share/astra_msgs/cmake/astra_msgs__rosidl_typesupport_introspection_cExport-noconfig.cmake
-- Up-to-date: /home/wheeltec/wheeltec_ros2/install/astra_msgs/share/astra_msgs/cmake/astra_msgs__rosidl_typesupport_cExport.cmake
-- Up-to-date: /home/wheeltec/wheeltec_ros2/install/astra_msgs/share/astra_msgs/cmake/astra_msgs__rosidl_typesupport_cExport-noconfig.cmake
-- Up-to-date: /home/wheeltec/wheeltec_ros2/install/astra_msgs/share/astra_msgs/cmake/astra_msgs__rosidl_generator_cppExport.cmake
-- Up-to-date: /home/wheeltec/wheeltec_ros2/install/astra_msgs/share/astra_msgs/cmake/astra_msgs__rosidl_typesupport_introspection_cppExport.cmake
-- Up-to-date: /home/wheeltec/wheeltec_ros2/install/astra_msgs/share/astra_msgs/cmake/astra_msgs__rosidl_typesupport_introspection_cppExport-noconfig.cmake
-- Up-to-date: /home/wheeltec/wheeltec_ros2/install/astra_msgs/share/astra_msgs/cmake/astra_msgs__rosidl_typesupport_cppExport.cmake
-- Up-to-date: /home/wheeltec/wheeltec_ros2/install/astra_msgs/share/astra_msgs/cmake/astra_msgs__rosidl_typesupport_cppExport-noconfig.cmake
-- Up-to-date: /home/wheeltec/wheeltec_ros2/install/astra_msgs/share/astra_msgs/cmake/rosidl_cmake-extras.cmake
-- Up-to-date: /home/wheeltec/wheeltec_ros2/install/astra_msgs/share/astra_msgs/cmake/ament_cmake_export_dependencies-extras.cmake
-- Up-to-date: /home/wheeltec/wheeltec_ros2/install/astra_msgs/share/astra_msgs/cmake/ament_cmake_export_libraries-extras.cmake
-- Up-to-date: /home/wheeltec/wheeltec_ros2/install/astra_msgs/share/astra_msgs/cmake/ament_cmake_export_targets-extras.cmake
-- Up-to-date: /home/wheeltec/wheeltec_ros2/install/astra_msgs/share/astra_msgs/cmake/ament_cmake_export_include_directories-extras.cmake
-- Up-to-date: /home/wheeltec/wheeltec_ros2/install/astra_msgs/share/astra_msgs/cmake/rosidl_cmake_export_typesupport_libraries-extras.cmake
-- Up-to-date: /home/wheeltec/wheeltec_ros2/install/astra_msgs/share/astra_msgs/cmake/rosidl_cmake_export_typesupport_targets-extras.cmake
-- Up-to-date: /home/wheeltec/wheeltec_ros2/install/astra_msgs/share/astra_msgs/cmake/astra_msgsConfig.cmake
-- Up-to-date: /home/wheeltec/wheeltec_ros2/install/astra_msgs/share/astra_msgs/cmake/astra_msgsConfig-version.cmake
-- Up-to-date: /home/wheeltec/wheeltec_ros2/install/astra_msgs/share/astra_msgs/package.xml
