[0.091s] Invoking command in '/home/wheeltec/wheeltec_ros2/build/astra_msgs': CMAKE_PREFIX_PATH=${CMAKE_PREFIX_PATH}:/home/wheeltec/wheeltec_ros2/install/wheeltec_robot_keyboard:/home/wheeltec/wheeltec_ros2/install/tf2_tools:/home/wheeltec/wheeltec_ros2/install/nav2_gazebo_spawner:/opt/ros/galactic /usr/bin/cmake --build /home/wheeltec/wheeltec_ros2/build/astra_msgs -- -j4 -l4
[0.483s] [ 12%] Built target astra_msgs__rosidl_generator_c
[0.601s] [ 12%] Built target astra_msgs__cpp
[0.741s] [ 24%] Built target astra_msgs__rosidl_typesupport_c
[0.886s] [ 36%] Built target astra_msgs__rosidl_typesupport_cpp
[1.097s] [ 48%] Built target astra_msgs__rosidl_typesupport_fastrtps_cpp
[1.261s] [ 61%] Built target astra_msgs__rosidl_typesupport_introspection_cpp
[1.466s] [ 73%] Built target astra_msgs__rosidl_typesupport_fastrtps_c
[1.625s] [ 86%] Built target astra_msgs__rosidl_typesupport_introspection_c
[1.734s] [ 86%] Built target astra_msgs
[1.896s] [ 86%] Built target astra_msgs__py
[2.084s] [ 98%] Built target astra_msgs__python
[2.254s] [ 99%] Built target astra_msgs__rosidl_typesupport_c__pyext
[2.407s] [100%] Built target astra_msgs__rosidl_typesupport_fastrtps_c__pyext
[2.589s] [100%] Built target astra_msgs__rosidl_typesupport_introspection_c__pyext
[2.681s] Invoked command in '/home/wheeltec/wheeltec_ros2/build/astra_msgs' returned '0': CMAKE_PREFIX_PATH=${CMAKE_PREFIX_PATH}:/home/wheeltec/wheeltec_ros2/install/wheeltec_robot_keyboard:/home/wheeltec/wheeltec_ros2/install/tf2_tools:/home/wheeltec/wheeltec_ros2/install/nav2_gazebo_spawner:/opt/ros/galactic /usr/bin/cmake --build /home/wheeltec/wheeltec_ros2/build/astra_msgs -- -j4 -l4
[5.584s] Invoking command in '/home/wheeltec/wheeltec_ros2/build/astra_msgs': CMAKE_PREFIX_PATH=${CMAKE_PREFIX_PATH}:/home/wheeltec/wheeltec_ros2/install/wheeltec_robot_keyboard:/home/wheeltec/wheeltec_ros2/install/tf2_tools:/home/wheeltec/wheeltec_ros2/install/nav2_gazebo_spawner:/opt/ros/galactic /usr/bin/cmake --install /home/wheeltec/wheeltec_ros2/build/astra_msgs
[5.648s] -- Install configuration: ""
[5.648s] -- Up-to-date: /home/wheeltec/wheeltec_ros2/install/astra_msgs/share/ament_index/resource_index/rosidl_interfaces/astra_msgs
[5.649s] -- Up-to-date: /home/wheeltec/wheeltec_ros2/install/astra_msgs/include/astra_msgs
[5.649s] -- Up-to-date: /home/wheeltec/wheeltec_ros2/install/astra_msgs/include/astra_msgs/msg
[5.649s] -- Up-to-date: /home/wheeltec/wheeltec_ros2/install/astra_msgs/include/astra_msgs/msg/rosidl_generator_c__visibility_control.h
[5.650s] -- Up-to-date: /home/wheeltec/wheeltec_ros2/install/astra_msgs/include/astra_msgs/srv
[5.673s] -- Up-to-date: /home/wheeltec/wheeltec_ros2/install/astra_msgs/include/astra_msgs/srv/set_auto_white_balance.h
[5.675s] -- Up-to-date: /home/wheeltec/wheeltec_ros2/install/astra_msgs/include/astra_msgs/srv/set_ae_enable.h
[5.676s] -- Up-to-date: /home/wheeltec/wheeltec_ros2/install/astra_msgs/include/astra_msgs/srv/reset_ir_gain.h
[5.676s] -- Up-to-date: /home/wheeltec/wheeltec_ros2/install/astra_msgs/include/astra_msgs/srv/get_uvc_gain.h
[5.677s] -- Up-to-date: /home/wheeltec/wheeltec_ros2/install/astra_msgs/include/astra_msgs/srv/get_uvc_white_balance.h
[5.677s] -- Up-to-date: /home/wheeltec/wheeltec_ros2/install/astra_msgs/include/astra_msgs/srv/set_mirror.h
[5.678s] -- Up-to-date: /home/wheeltec/wheeltec_ros2/install/astra_msgs/include/astra_msgs/srv/set_uvc_white_balance.h
[5.679s] -- Up-to-date: /home/wheeltec/wheeltec_ros2/install/astra_msgs/include/astra_msgs/srv/switch_ir_camera.h
[5.680s] -- Up-to-date: /home/wheeltec/wheeltec_ros2/install/astra_msgs/include/astra_msgs/srv/reset_ir_exposure.h
[5.680s] -- Up-to-date: /home/wheeltec/wheeltec_ros2/install/astra_msgs/include/astra_msgs/srv/set_uvc_gain.h
[5.681s] -- Up-to-date: /home/wheeltec/wheeltec_ros2/install/astra_msgs/include/astra_msgs/srv/get_serial.h
[5.682s] -- Up-to-date: /home/wheeltec/wheeltec_ros2/install/astra_msgs/include/astra_msgs/srv/set_auto_exposure.h
[5.683s] -- Up-to-date: /home/wheeltec/wheeltec_ros2/install/astra_msgs/include/astra_msgs/srv/get_uvc_exposure.h
[5.685s] -- Up-to-date: /home/wheeltec/wheeltec_ros2/install/astra_msgs/include/astra_msgs/srv/get_device_type.h
[5.686s] -- Up-to-date: /home/wheeltec/wheeltec_ros2/install/astra_msgs/include/astra_msgs/srv/set_ir_gain.h
[5.687s] -- Up-to-date: /home/wheeltec/wheeltec_ros2/install/astra_msgs/include/astra_msgs/srv/set_laser.h
[5.689s] -- Up-to-date: /home/wheeltec/wheeltec_ros2/install/astra_msgs/include/astra_msgs/srv/detail
[5.690s] -- Up-to-date: /home/wheeltec/wheeltec_ros2/install/astra_msgs/include/astra_msgs/srv/detail/set_mirror__functions.h
[5.690s] -- Up-to-date: /home/wheeltec/wheeltec_ros2/install/astra_msgs/include/astra_msgs/srv/detail/reset_ir_exposure__functions.c
[5.691s] -- Up-to-date: /home/wheeltec/wheeltec_ros2/install/astra_msgs/include/astra_msgs/srv/detail/set_fan__functions.h
[5.691s] -- Up-to-date: /home/wheeltec/wheeltec_ros2/install/astra_msgs/include/astra_msgs/srv/detail/set_ir_flood__functions.c
[5.692s] -- Up-to-date: /home/wheeltec/wheeltec_ros2/install/astra_msgs/include/astra_msgs/srv/detail/set_distortioncal__functions.h
[5.693s] -- Up-to-date: /home/wheeltec/wheeltec_ros2/install/astra_msgs/include/astra_msgs/srv/detail/set_uvc_white_balance__functions.c
[5.693s] -- Up-to-date: /home/wheeltec/wheeltec_ros2/install/astra_msgs/include/astra_msgs/srv/detail/reset_ir_gain__struct.h
[5.694s] -- Up-to-date: /home/wheeltec/wheeltec_ros2/install/astra_msgs/include/astra_msgs/srv/detail/get_camera_info__struct.h
[5.695s] -- Up-to-date: /home/wheeltec/wheeltec_ros2/install/astra_msgs/include/astra_msgs/srv/detail/get_uvc_exposure__struct.h
[5.707s] -- Up-to-date: /home/wheeltec/wheeltec_ros2/install/astra_msgs/include/astra_msgs/srv/detail/get_device_type__functions.h
[5.715s] -- Up-to-date: /home/wheeltec/wheeltec_ros2/install/astra_msgs/include/astra_msgs/srv/detail/set_ir_flood__functions.h
[5.715s] -- Up-to-date: /home/wheeltec/wheeltec_ros2/install/astra_msgs/include/astra_msgs/srv/detail/set_ir_exposure__functions.c
[5.715s] -- Up-to-date: /home/wheeltec/wheeltec_ros2/install/astra_msgs/include/astra_msgs/srv/detail/set_uvc_exposure__functions.h
[5.716s] -- Up-to-date: /home/wheeltec/wheeltec_ros2/install/astra_msgs/include/astra_msgs/srv/detail/set_mirror__type_support.h
[5.717s] -- Up-to-date: /home/wheeltec/wheeltec_ros2/install/astra_msgs/include/astra_msgs/srv/detail/set_ir_gain__type_support.h
[5.717s] -- Up-to-date: /home/wheeltec/wheeltec_ros2/install/astra_msgs/include/astra_msgs/srv/detail/get_version__functions.c
[5.718s] -- Up-to-date: /home/wheeltec/wheeltec_ros2/install/astra_msgs/include/astra_msgs/srv/detail/set_uvc_gain__functions.c
[5.718s] -- Up-to-date: /home/wheeltec/wheeltec_ros2/install/astra_msgs/include/astra_msgs/srv/detail/set_uvc_exposure__type_support.h
[5.718s] -- Up-to-date: /home/wheeltec/wheeltec_ros2/install/astra_msgs/include/astra_msgs/srv/detail/set_auto_exposure__functions.c
[5.719s] -- Up-to-date: /home/wheeltec/wheeltec_ros2/install/astra_msgs/include/astra_msgs/srv/detail/reset_ir_exposure__struct.h
[5.719s] -- Up-to-date: /home/wheeltec/wheeltec_ros2/install/astra_msgs/include/astra_msgs/srv/detail/set_uvc_exposure__struct.h
[5.720s] -- Up-to-date: /home/wheeltec/wheeltec_ros2/install/astra_msgs/include/astra_msgs/srv/detail/set_laser__struct.h
[5.720s] -- Up-to-date: /home/wheeltec/wheeltec_ros2/install/astra_msgs/include/astra_msgs/srv/detail/set_distortioncal__struct.h
[5.720s] -- Up-to-date: /home/wheeltec/wheeltec_ros2/install/astra_msgs/include/astra_msgs/srv/detail/get_device_type__struct.h
[5.721s] -- Up-to-date: /home/wheeltec/wheeltec_ros2/install/astra_msgs/include/astra_msgs/srv/detail/set_uvc_gain__struct.h
[5.721s] -- Up-to-date: /home/wheeltec/wheeltec_ros2/install/astra_msgs/include/astra_msgs/srv/detail/set_auto_white_balance__functions.c
[5.724s] -- Up-to-date: /home/wheeltec/wheeltec_ros2/install/astra_msgs/include/astra_msgs/srv/detail/get_uvc_white_balance__functions.c
[5.725s] -- Up-to-date: /home/wheeltec/wheeltec_ros2/install/astra_msgs/include/astra_msgs/srv/detail/get_version__type_support.h
[5.726s] -- Up-to-date: /home/wheeltec/wheeltec_ros2/install/astra_msgs/include/astra_msgs/srv/detail/set_fan__functions.c
[5.727s] -- Up-to-date: /home/wheeltec/wheeltec_ros2/install/astra_msgs/include/astra_msgs/srv/detail/reset_ir_exposure__functions.h
[5.728s] -- Up-to-date: /home/wheeltec/wheeltec_ros2/install/astra_msgs/include/astra_msgs/srv/detail/get_uvc_gain__functions.h
[5.729s] -- Up-to-date: /home/wheeltec/wheeltec_ros2/install/astra_msgs/include/astra_msgs/srv/detail/set_uvc_gain__type_support.h
[5.729s] -- Up-to-date: /home/wheeltec/wheeltec_ros2/install/astra_msgs/include/astra_msgs/srv/detail/get_ir_exposure__struct.h
[5.730s] -- Up-to-date: /home/wheeltec/wheeltec_ros2/install/astra_msgs/include/astra_msgs/srv/detail/set_ir_exposure__type_support.h
[5.730s] -- Up-to-date: /home/wheeltec/wheeltec_ros2/install/astra_msgs/include/astra_msgs/srv/detail/get_version__struct.h
[5.731s] -- Up-to-date: /home/wheeltec/wheeltec_ros2/install/astra_msgs/include/astra_msgs/srv/detail/set_uvc_white_balance__type_support.h
[5.733s] -- Up-to-date: /home/wheeltec/wheeltec_ros2/install/astra_msgs/include/astra_msgs/srv/detail/set_laser__functions.c
[5.733s] -- Up-to-date: /home/wheeltec/wheeltec_ros2/install/astra_msgs/include/astra_msgs/srv/detail/set_auto_white_balance__functions.h
[5.734s] -- Up-to-date: /home/wheeltec/wheeltec_ros2/install/astra_msgs/include/astra_msgs/srv/detail/get_ir_gain__struct.h
[5.735s] -- Up-to-date: /home/wheeltec/wheeltec_ros2/install/astra_msgs/include/astra_msgs/srv/detail/set_auto_exposure__struct.h
[5.736s] -- Up-to-date: /home/wheeltec/wheeltec_ros2/install/astra_msgs/include/astra_msgs/srv/detail/set_ir_exposure__functions.h
[5.737s] -- Up-to-date: /home/wheeltec/wheeltec_ros2/install/astra_msgs/include/astra_msgs/srv/detail/set_distortioncal__functions.c
[5.737s] -- Up-to-date: /home/wheeltec/wheeltec_ros2/install/astra_msgs/include/astra_msgs/srv/detail/get_uvc_white_balance__struct.h
[5.737s] -- Up-to-date: /home/wheeltec/wheeltec_ros2/install/astra_msgs/include/astra_msgs/srv/detail/set_uvc_exposure__functions.c
[5.738s] -- Up-to-date: /home/wheeltec/wheeltec_ros2/install/astra_msgs/include/astra_msgs/srv/detail/set_ldp__functions.h
[5.739s] -- Up-to-date: /home/wheeltec/wheeltec_ros2/install/astra_msgs/include/astra_msgs/srv/detail/get_camera_info__functions.c
[5.741s] -- Up-to-date: /home/wheeltec/wheeltec_ros2/install/astra_msgs/include/astra_msgs/srv/detail/get_ir_gain__functions.c
[5.752s] -- Up-to-date: /home/wheeltec/wheeltec_ros2/install/astra_msgs/include/astra_msgs/srv/detail/get_device_type__type_support.h
[5.760s] -- Up-to-date: /home/wheeltec/wheeltec_ros2/install/astra_msgs/include/astra_msgs/srv/detail/get_uvc_exposure__functions.c
[5.761s] -- Up-to-date: /home/wheeltec/wheeltec_ros2/install/astra_msgs/include/astra_msgs/srv/detail/set_ldp__functions.c
[5.761s] -- Up-to-date: /home/wheeltec/wheeltec_ros2/install/astra_msgs/include/astra_msgs/srv/detail/get_version__functions.h
[5.762s] -- Up-to-date: /home/wheeltec/wheeltec_ros2/install/astra_msgs/include/astra_msgs/srv/detail/set_ae_enable__functions.h
[5.762s] -- Up-to-date: /home/wheeltec/wheeltec_ros2/install/astra_msgs/include/astra_msgs/srv/detail/set_uvc_white_balance__struct.h
[5.762s] -- Up-to-date: /home/wheeltec/wheeltec_ros2/install/astra_msgs/include/astra_msgs/srv/detail/get_uvc_gain__struct.h
[5.763s] -- Up-to-date: /home/wheeltec/wheeltec_ros2/install/astra_msgs/include/astra_msgs/srv/detail/set_auto_exposure__functions.h
[5.763s] -- Up-to-date: /home/wheeltec/wheeltec_ros2/install/astra_msgs/include/astra_msgs/srv/detail/get_uvc_exposure__functions.h
[5.764s] -- Up-to-date: /home/wheeltec/wheeltec_ros2/install/astra_msgs/include/astra_msgs/srv/detail/set_ir_flood__struct.h
[5.764s] -- Up-to-date: /home/wheeltec/wheeltec_ros2/install/astra_msgs/include/astra_msgs/srv/detail/get_camera_info__functions.h
[5.764s] -- Up-to-date: /home/wheeltec/wheeltec_ros2/install/astra_msgs/include/astra_msgs/srv/detail/set_auto_white_balance__struct.h
[5.765s] -- Up-to-date: /home/wheeltec/wheeltec_ros2/install/astra_msgs/include/astra_msgs/srv/detail/set_laser__functions.h
[5.765s] -- Up-to-date: /home/wheeltec/wheeltec_ros2/install/astra_msgs/include/astra_msgs/srv/detail/reset_ir_gain__functions.c
[5.766s] -- Up-to-date: /home/wheeltec/wheeltec_ros2/install/astra_msgs/include/astra_msgs/srv/detail/switch_ir_camera__struct.h
[5.766s] -- Up-to-date: /home/wheeltec/wheeltec_ros2/install/astra_msgs/include/astra_msgs/srv/detail/get_device_type__functions.c
[5.766s] -- Up-to-date: /home/wheeltec/wheeltec_ros2/install/astra_msgs/include/astra_msgs/srv/detail/get_uvc_white_balance__functions.h
[5.767s] -- Up-to-date: /home/wheeltec/wheeltec_ros2/install/astra_msgs/include/astra_msgs/srv/detail/set_ir_gain__functions.c
[5.767s] -- Up-to-date: /home/wheeltec/wheeltec_ros2/install/astra_msgs/include/astra_msgs/srv/detail/reset_ir_gain__type_support.h
[5.768s] -- Up-to-date: /home/wheeltec/wheeltec_ros2/install/astra_msgs/include/astra_msgs/srv/detail/get_serial__type_support.h
[5.768s] -- Up-to-date: /home/wheeltec/wheeltec_ros2/install/astra_msgs/include/astra_msgs/srv/detail/set_ir_exposure__struct.h
[5.768s] -- Up-to-date: /home/wheeltec/wheeltec_ros2/install/astra_msgs/include/astra_msgs/srv/detail/set_ae_enable__type_support.h
[5.769s] -- Up-to-date: /home/wheeltec/wheeltec_ros2/install/astra_msgs/include/astra_msgs/srv/detail/get_uvc_gain__type_support.h
[5.769s] -- Up-to-date: /home/wheeltec/wheeltec_ros2/install/astra_msgs/include/astra_msgs/srv/detail/set_auto_white_balance__type_support.h
[5.769s] -- Up-to-date: /home/wheeltec/wheeltec_ros2/install/astra_msgs/include/astra_msgs/srv/detail/reset_ir_exposure__type_support.h
[5.770s] -- Up-to-date: /home/wheeltec/wheeltec_ros2/install/astra_msgs/include/astra_msgs/srv/detail/switch_ir_camera__functions.h
[5.770s] -- Up-to-date: /home/wheeltec/wheeltec_ros2/install/astra_msgs/include/astra_msgs/srv/detail/get_ir_exposure__type_support.h
[5.771s] -- Up-to-date: /home/wheeltec/wheeltec_ros2/install/astra_msgs/include/astra_msgs/srv/detail/set_ae_enable__struct.h
[5.771s] -- Up-to-date: /home/wheeltec/wheeltec_ros2/install/astra_msgs/include/astra_msgs/srv/detail/set_mirror__struct.h
[5.772s] -- Up-to-date: /home/wheeltec/wheeltec_ros2/install/astra_msgs/include/astra_msgs/srv/detail/set_fan__type_support.h
[5.772s] -- Up-to-date: /home/wheeltec/wheeltec_ros2/install/astra_msgs/include/astra_msgs/srv/detail/set_uvc_white_balance__functions.h
[5.772s] -- Up-to-date: /home/wheeltec/wheeltec_ros2/install/astra_msgs/include/astra_msgs/srv/detail/get_uvc_exposure__type_support.h
[5.773s] -- Up-to-date: /home/wheeltec/wheeltec_ros2/install/astra_msgs/include/astra_msgs/srv/detail/get_serial__struct.h
[5.773s] -- Up-to-date: /home/wheeltec/wheeltec_ros2/install/astra_msgs/include/astra_msgs/srv/detail/switch_ir_camera__type_support.h
[5.780s] -- Up-to-date: /home/wheeltec/wheeltec_ros2/install/astra_msgs/include/astra_msgs/srv/detail/set_ir_gain__struct.h
[5.781s] -- Up-to-date: /home/wheeltec/wheeltec_ros2/install/astra_msgs/include/astra_msgs/srv/detail/set_auto_exposure__type_support.h
[5.782s] -- Up-to-date: /home/wheeltec/wheeltec_ros2/install/astra_msgs/include/astra_msgs/srv/detail/switch_ir_camera__functions.c
[5.782s] -- Up-to-date: /home/wheeltec/wheeltec_ros2/install/astra_msgs/include/astra_msgs/srv/detail/set_fan__struct.h
[5.782s] -- Up-to-date: /home/wheeltec/wheeltec_ros2/install/astra_msgs/include/astra_msgs/srv/detail/set_mirror__functions.c
[5.783s] -- Up-to-date: /home/wheeltec/wheeltec_ros2/install/astra_msgs/include/astra_msgs/srv/detail/get_ir_gain__type_support.h
[5.783s] -- Up-to-date: /home/wheeltec/wheeltec_ros2/install/astra_msgs/include/astra_msgs/srv/detail/set_laser__type_support.h
[5.784s] -- Up-to-date: /home/wheeltec/wheeltec_ros2/install/astra_msgs/include/astra_msgs/srv/detail/get_uvc_white_balance__type_support.h
[5.784s] -- Up-to-date: /home/wheeltec/wheeltec_ros2/install/astra_msgs/include/astra_msgs/srv/detail/get_serial__functions.c
[5.784s] -- Up-to-date: /home/wheeltec/wheeltec_ros2/install/astra_msgs/include/astra_msgs/srv/detail/set_ir_flood__type_support.h
[5.785s] -- Up-to-date: /home/wheeltec/wheeltec_ros2/install/astra_msgs/include/astra_msgs/srv/detail/set_ldp__type_support.h
[5.785s] -- Up-to-date: /home/wheeltec/wheeltec_ros2/install/astra_msgs/include/astra_msgs/srv/detail/get_uvc_gain__functions.c
[5.786s] -- Up-to-date: /home/wheeltec/wheeltec_ros2/install/astra_msgs/include/astra_msgs/srv/detail/set_uvc_gain__functions.h
[5.786s] -- Up-to-date: /home/wheeltec/wheeltec_ros2/install/astra_msgs/include/astra_msgs/srv/detail/get_ir_gain__functions.h
[5.787s] -- Up-to-date: /home/wheeltec/wheeltec_ros2/install/astra_msgs/include/astra_msgs/srv/detail/set_ir_gain__functions.h
[5.787s] -- Up-to-date: /home/wheeltec/wheeltec_ros2/install/astra_msgs/include/astra_msgs/srv/detail/get_serial__functions.h
[5.787s] -- Up-to-date: /home/wheeltec/wheeltec_ros2/install/astra_msgs/include/astra_msgs/srv/detail/reset_ir_gain__functions.h
[5.788s] -- Up-to-date: /home/wheeltec/wheeltec_ros2/install/astra_msgs/include/astra_msgs/srv/detail/get_ir_exposure__functions.c
[5.788s] -- Up-to-date: /home/wheeltec/wheeltec_ros2/install/astra_msgs/include/astra_msgs/srv/detail/get_camera_info__type_support.h
[5.789s] -- Up-to-date: /home/wheeltec/wheeltec_ros2/install/astra_msgs/include/astra_msgs/srv/detail/set_distortioncal__type_support.h
[5.789s] -- Up-to-date: /home/wheeltec/wheeltec_ros2/install/astra_msgs/include/astra_msgs/srv/detail/set_ae_enable__functions.c
[5.789s] -- Up-to-date: /home/wheeltec/wheeltec_ros2/install/astra_msgs/include/astra_msgs/srv/detail/get_ir_exposure__functions.h
[5.794s] -- Up-to-date: /home/wheeltec/wheeltec_ros2/install/astra_msgs/include/astra_msgs/srv/detail/set_ldp__struct.h
[5.794s] -- Up-to-date: /home/wheeltec/wheeltec_ros2/install/astra_msgs/include/astra_msgs/srv/get_version.h
[5.795s] -- Up-to-date: /home/wheeltec/wheeltec_ros2/install/astra_msgs/include/astra_msgs/srv/set_fan.h
[5.795s] -- Up-to-date: /home/wheeltec/wheeltec_ros2/install/astra_msgs/include/astra_msgs/srv/get_camera_info.h
[5.796s] -- Up-to-date: /home/wheeltec/wheeltec_ros2/install/astra_msgs/include/astra_msgs/srv/set_ir_flood.h
[5.796s] -- Up-to-date: /home/wheeltec/wheeltec_ros2/install/astra_msgs/include/astra_msgs/srv/set_ir_exposure.h
[5.798s] -- Up-to-date: /home/wheeltec/wheeltec_ros2/install/astra_msgs/include/astra_msgs/srv/set_uvc_exposure.h
[5.803s] -- Up-to-date: /home/wheeltec/wheeltec_ros2/install/astra_msgs/include/astra_msgs/srv/get_ir_gain.h
[5.804s] -- Up-to-date: /home/wheeltec/wheeltec_ros2/install/astra_msgs/include/astra_msgs/srv/get_ir_exposure.h
[5.804s] -- Up-to-date: /home/wheeltec/wheeltec_ros2/install/astra_msgs/include/astra_msgs/srv/set_ldp.h
[5.805s] -- Up-to-date: /home/wheeltec/wheeltec_ros2/install/astra_msgs/include/astra_msgs/srv/set_distortioncal.h
[5.805s] -- Up-to-date: /home/wheeltec/wheeltec_ros2/install/astra_msgs/share/astra_msgs/environment/library_path.sh
[5.805s] -- Up-to-date: /home/wheeltec/wheeltec_ros2/install/astra_msgs/share/astra_msgs/environment/library_path.dsv
[5.806s] -- Up-to-date: /home/wheeltec/wheeltec_ros2/install/astra_msgs/lib/libastra_msgs__rosidl_generator_c.so
[5.806s] -- Up-to-date: /home/wheeltec/wheeltec_ros2/install/astra_msgs/include/astra_msgs
[5.806s] -- Up-to-date: /home/wheeltec/wheeltec_ros2/install/astra_msgs/include/astra_msgs/msg
[5.807s] -- Up-to-date: /home/wheeltec/wheeltec_ros2/install/astra_msgs/include/astra_msgs/msg/rosidl_typesupport_fastrtps_c__visibility_control.h
[5.807s] -- Up-to-date: /home/wheeltec/wheeltec_ros2/install/astra_msgs/include/astra_msgs/srv
[5.808s] -- Up-to-date: /home/wheeltec/wheeltec_ros2/install/astra_msgs/include/astra_msgs/srv/detail
[5.808s] -- Up-to-date: /home/wheeltec/wheeltec_ros2/install/astra_msgs/include/astra_msgs/srv/detail/set_ir_flood__rosidl_typesupport_fastrtps_c.h
[5.808s] -- Up-to-date: /home/wheeltec/wheeltec_ros2/install/astra_msgs/include/astra_msgs/srv/detail/set_distortioncal__rosidl_typesupport_fastrtps_c.h
[5.809s] -- Up-to-date: /home/wheeltec/wheeltec_ros2/install/astra_msgs/include/astra_msgs/srv/detail/set_auto_exposure__rosidl_typesupport_fastrtps_c.h
[5.809s] -- Up-to-date: /home/wheeltec/wheeltec_ros2/install/astra_msgs/include/astra_msgs/srv/detail/reset_ir_gain__rosidl_typesupport_fastrtps_c.h
[5.810s] -- Up-to-date: /home/wheeltec/wheeltec_ros2/install/astra_msgs/include/astra_msgs/srv/detail/get_uvc_gain__rosidl_typesupport_fastrtps_c.h
[5.810s] -- Up-to-date: /home/wheeltec/wheeltec_ros2/install/astra_msgs/include/astra_msgs/srv/detail/set_ir_gain__rosidl_typesupport_fastrtps_c.h
[5.811s] -- Up-to-date: /home/wheeltec/wheeltec_ros2/install/astra_msgs/include/astra_msgs/srv/detail/get_ir_gain__rosidl_typesupport_fastrtps_c.h
[5.811s] -- Up-to-date: /home/wheeltec/wheeltec_ros2/install/astra_msgs/include/astra_msgs/srv/detail/get_device_type__rosidl_typesupport_fastrtps_c.h
[5.812s] -- Up-to-date: /home/wheeltec/wheeltec_ros2/install/astra_msgs/include/astra_msgs/srv/detail/get_version__rosidl_typesupport_fastrtps_c.h
[5.812s] -- Up-to-date: /home/wheeltec/wheeltec_ros2/install/astra_msgs/include/astra_msgs/srv/detail/set_ldp__rosidl_typesupport_fastrtps_c.h
[5.812s] -- Up-to-date: /home/wheeltec/wheeltec_ros2/install/astra_msgs/include/astra_msgs/srv/detail/set_laser__rosidl_typesupport_fastrtps_c.h
[5.813s] -- Up-to-date: /home/wheeltec/wheeltec_ros2/install/astra_msgs/include/astra_msgs/srv/detail/set_auto_white_balance__rosidl_typesupport_fastrtps_c.h
[5.813s] -- Up-to-date: /home/wheeltec/wheeltec_ros2/install/astra_msgs/include/astra_msgs/srv/detail/set_mirror__rosidl_typesupport_fastrtps_c.h
[5.814s] -- Up-to-date: /home/wheeltec/wheeltec_ros2/install/astra_msgs/include/astra_msgs/srv/detail/switch_ir_camera__rosidl_typesupport_fastrtps_c.h
[5.814s] -- Up-to-date: /home/wheeltec/wheeltec_ros2/install/astra_msgs/include/astra_msgs/srv/detail/get_serial__rosidl_typesupport_fastrtps_c.h
[5.815s] -- Up-to-date: /home/wheeltec/wheeltec_ros2/install/astra_msgs/include/astra_msgs/srv/detail/get_camera_info__rosidl_typesupport_fastrtps_c.h
[5.815s] -- Up-to-date: /home/wheeltec/wheeltec_ros2/install/astra_msgs/include/astra_msgs/srv/detail/set_uvc_exposure__rosidl_typesupport_fastrtps_c.h
[5.816s] -- Up-to-date: /home/wheeltec/wheeltec_ros2/install/astra_msgs/include/astra_msgs/srv/detail/get_ir_exposure__rosidl_typesupport_fastrtps_c.h
[5.816s] -- Up-to-date: /home/wheeltec/wheeltec_ros2/install/astra_msgs/include/astra_msgs/srv/detail/get_uvc_white_balance__rosidl_typesupport_fastrtps_c.h
[5.818s] -- Up-to-date: /home/wheeltec/wheeltec_ros2/install/astra_msgs/include/astra_msgs/srv/detail/reset_ir_exposure__rosidl_typesupport_fastrtps_c.h
[5.818s] -- Up-to-date: /home/wheeltec/wheeltec_ros2/install/astra_msgs/include/astra_msgs/srv/detail/set_uvc_gain__rosidl_typesupport_fastrtps_c.h
[5.819s] -- Up-to-date: /home/wheeltec/wheeltec_ros2/install/astra_msgs/include/astra_msgs/srv/detail/set_ir_exposure__rosidl_typesupport_fastrtps_c.h
[5.819s] -- Up-to-date: /home/wheeltec/wheeltec_ros2/install/astra_msgs/include/astra_msgs/srv/detail/set_fan__rosidl_typesupport_fastrtps_c.h
[5.819s] -- Up-to-date: /home/wheeltec/wheeltec_ros2/install/astra_msgs/include/astra_msgs/srv/detail/set_ae_enable__rosidl_typesupport_fastrtps_c.h
[5.820s] -- Up-to-date: /home/wheeltec/wheeltec_ros2/install/astra_msgs/include/astra_msgs/srv/detail/set_uvc_white_balance__rosidl_typesupport_fastrtps_c.h
[5.820s] -- Up-to-date: /home/wheeltec/wheeltec_ros2/install/astra_msgs/include/astra_msgs/srv/detail/get_uvc_exposure__rosidl_typesupport_fastrtps_c.h
[5.820s] -- Up-to-date: /home/wheeltec/wheeltec_ros2/install/astra_msgs/lib/libastra_msgs__rosidl_typesupport_fastrtps_c.so
[5.821s] -- Up-to-date: /home/wheeltec/wheeltec_ros2/install/astra_msgs/include/astra_msgs
[5.821s] -- Up-to-date: /home/wheeltec/wheeltec_ros2/install/astra_msgs/include/astra_msgs/msg
[5.824s] -- Up-to-date: /home/wheeltec/wheeltec_ros2/install/astra_msgs/include/astra_msgs/msg/rosidl_typesupport_fastrtps_cpp__visibility_control.h
[5.824s] -- Up-to-date: /home/wheeltec/wheeltec_ros2/install/astra_msgs/include/astra_msgs/srv
[5.825s] -- Up-to-date: /home/wheeltec/wheeltec_ros2/install/astra_msgs/include/astra_msgs/srv/detail
[5.825s] -- Up-to-date: /home/wheeltec/wheeltec_ros2/install/astra_msgs/include/astra_msgs/srv/detail/dds_fastrtps
[5.825s] -- Up-to-date: /home/wheeltec/wheeltec_ros2/install/astra_msgs/include/astra_msgs/srv/detail/set_ldp__rosidl_typesupport_fastrtps_cpp.hpp
[5.826s] -- Up-to-date: /home/wheeltec/wheeltec_ros2/install/astra_msgs/include/astra_msgs/srv/detail/get_ir_exposure__rosidl_typesupport_fastrtps_cpp.hpp
[5.826s] -- Up-to-date: /home/wheeltec/wheeltec_ros2/install/astra_msgs/include/astra_msgs/srv/detail/set_uvc_exposure__rosidl_typesupport_fastrtps_cpp.hpp
[5.826s] -- Up-to-date: /home/wheeltec/wheeltec_ros2/install/astra_msgs/include/astra_msgs/srv/detail/get_serial__rosidl_typesupport_fastrtps_cpp.hpp
[5.827s] -- Up-to-date: /home/wheeltec/wheeltec_ros2/install/astra_msgs/include/astra_msgs/srv/detail/get_uvc_gain__rosidl_typesupport_fastrtps_cpp.hpp
[5.827s] -- Up-to-date: /home/wheeltec/wheeltec_ros2/install/astra_msgs/include/astra_msgs/srv/detail/get_uvc_exposure__rosidl_typesupport_fastrtps_cpp.hpp
[5.827s] -- Up-to-date: /home/wheeltec/wheeltec_ros2/install/astra_msgs/include/astra_msgs/srv/detail/set_fan__rosidl_typesupport_fastrtps_cpp.hpp
[5.828s] -- Up-to-date: /home/wheeltec/wheeltec_ros2/install/astra_msgs/include/astra_msgs/srv/detail/get_version__rosidl_typesupport_fastrtps_cpp.hpp
[5.828s] -- Up-to-date: /home/wheeltec/wheeltec_ros2/install/astra_msgs/include/astra_msgs/srv/detail/set_uvc_white_balance__rosidl_typesupport_fastrtps_cpp.hpp
[5.829s] -- Up-to-date: /home/wheeltec/wheeltec_ros2/install/astra_msgs/include/astra_msgs/srv/detail/reset_ir_exposure__rosidl_typesupport_fastrtps_cpp.hpp
[5.829s] -- Up-to-date: /home/wheeltec/wheeltec_ros2/install/astra_msgs/include/astra_msgs/srv/detail/set_ir_gain__rosidl_typesupport_fastrtps_cpp.hpp
[5.829s] -- Up-to-date: /home/wheeltec/wheeltec_ros2/install/astra_msgs/include/astra_msgs/srv/detail/set_mirror__rosidl_typesupport_fastrtps_cpp.hpp
[5.830s] -- Up-to-date: /home/wheeltec/wheeltec_ros2/install/astra_msgs/include/astra_msgs/srv/detail/set_laser__rosidl_typesupport_fastrtps_cpp.hpp
[5.830s] -- Up-to-date: /home/wheeltec/wheeltec_ros2/install/astra_msgs/include/astra_msgs/srv/detail/set_auto_exposure__rosidl_typesupport_fastrtps_cpp.hpp
[5.830s] -- Up-to-date: /home/wheeltec/wheeltec_ros2/install/astra_msgs/include/astra_msgs/srv/detail/set_ae_enable__rosidl_typesupport_fastrtps_cpp.hpp
[5.831s] -- Up-to-date: /home/wheeltec/wheeltec_ros2/install/astra_msgs/include/astra_msgs/srv/detail/set_auto_white_balance__rosidl_typesupport_fastrtps_cpp.hpp
[5.831s] -- Up-to-date: /home/wheeltec/wheeltec_ros2/install/astra_msgs/include/astra_msgs/srv/detail/get_uvc_white_balance__rosidl_typesupport_fastrtps_cpp.hpp
[5.831s] -- Up-to-date: /home/wheeltec/wheeltec_ros2/install/astra_msgs/include/astra_msgs/srv/detail/switch_ir_camera__rosidl_typesupport_fastrtps_cpp.hpp
[5.832s] -- Up-to-date: /home/wheeltec/wheeltec_ros2/install/astra_msgs/include/astra_msgs/srv/detail/reset_ir_gain__rosidl_typesupport_fastrtps_cpp.hpp
[5.832s] -- Up-to-date: /home/wheeltec/wheeltec_ros2/install/astra_msgs/include/astra_msgs/srv/detail/get_device_type__rosidl_typesupport_fastrtps_cpp.hpp
[5.833s] -- Up-to-date: /home/wheeltec/wheeltec_ros2/install/astra_msgs/include/astra_msgs/srv/detail/set_distortioncal__rosidl_typesupport_fastrtps_cpp.hpp
[5.833s] -- Up-to-date: /home/wheeltec/wheeltec_ros2/install/astra_msgs/include/astra_msgs/srv/detail/set_uvc_gain__rosidl_typesupport_fastrtps_cpp.hpp
[5.834s] -- Up-to-date: /home/wheeltec/wheeltec_ros2/install/astra_msgs/include/astra_msgs/srv/detail/set_ir_flood__rosidl_typesupport_fastrtps_cpp.hpp
[5.834s] -- Up-to-date: /home/wheeltec/wheeltec_ros2/install/astra_msgs/include/astra_msgs/srv/detail/set_ir_exposure__rosidl_typesupport_fastrtps_cpp.hpp
[5.835s] -- Up-to-date: /home/wheeltec/wheeltec_ros2/install/astra_msgs/include/astra_msgs/srv/detail/get_camera_info__rosidl_typesupport_fastrtps_cpp.hpp
[5.835s] -- Up-to-date: /home/wheeltec/wheeltec_ros2/install/astra_msgs/include/astra_msgs/srv/detail/get_ir_gain__rosidl_typesupport_fastrtps_cpp.hpp
[5.835s] -- Up-to-date: /home/wheeltec/wheeltec_ros2/install/astra_msgs/lib/libastra_msgs__rosidl_typesupport_fastrtps_cpp.so
[5.836s] -- Up-to-date: /home/wheeltec/wheeltec_ros2/install/astra_msgs/include/astra_msgs
[5.836s] -- Up-to-date: /home/wheeltec/wheeltec_ros2/install/astra_msgs/include/astra_msgs/msg
[5.836s] -- Up-to-date: /home/wheeltec/wheeltec_ros2/install/astra_msgs/include/astra_msgs/msg/rosidl_typesupport_introspection_c__visibility_control.h
[5.837s] -- Up-to-date: /home/wheeltec/wheeltec_ros2/install/astra_msgs/include/astra_msgs/srv
[5.837s] -- Up-to-date: /home/wheeltec/wheeltec_ros2/install/astra_msgs/include/astra_msgs/srv/detail
[5.838s] -- Up-to-date: /home/wheeltec/wheeltec_ros2/install/astra_msgs/include/astra_msgs/srv/detail/set_uvc_white_balance__type_support.c
[5.838s] -- Up-to-date: /home/wheeltec/wheeltec_ros2/install/astra_msgs/include/astra_msgs/srv/detail/set_laser__rosidl_typesupport_introspection_c.h
[5.839s] -- Up-to-date: /home/wheeltec/wheeltec_ros2/install/astra_msgs/include/astra_msgs/srv/detail/set_ir_exposure__rosidl_typesupport_introspection_c.h
[5.839s] -- Up-to-date: /home/wheeltec/wheeltec_ros2/install/astra_msgs/include/astra_msgs/srv/detail/set_distortioncal__rosidl_typesupport_introspection_c.h
[5.839s] -- Up-to-date: /home/wheeltec/wheeltec_ros2/install/astra_msgs/include/astra_msgs/srv/detail/set_auto_exposure__type_support.c
[5.840s] -- Up-to-date: /home/wheeltec/wheeltec_ros2/install/astra_msgs/include/astra_msgs/srv/detail/get_uvc_white_balance__rosidl_typesupport_introspection_c.h
[5.840s] -- Up-to-date: /home/wheeltec/wheeltec_ros2/install/astra_msgs/include/astra_msgs/srv/detail/set_uvc_white_balance__rosidl_typesupport_introspection_c.h
[5.840s] -- Up-to-date: /home/wheeltec/wheeltec_ros2/install/astra_msgs/include/astra_msgs/srv/detail/get_camera_info__type_support.c
[5.841s] -- Up-to-date: /home/wheeltec/wheeltec_ros2/install/astra_msgs/include/astra_msgs/srv/detail/reset_ir_exposure__type_support.c
[5.841s] -- Up-to-date: /home/wheeltec/wheeltec_ros2/install/astra_msgs/include/astra_msgs/srv/detail/get_device_type__rosidl_typesupport_introspection_c.h
[5.842s] -- Up-to-date: /home/wheeltec/wheeltec_ros2/install/astra_msgs/include/astra_msgs/srv/detail/set_laser__type_support.c
[5.842s] -- Up-to-date: /home/wheeltec/wheeltec_ros2/install/astra_msgs/include/astra_msgs/srv/detail/set_ae_enable__rosidl_typesupport_introspection_c.h
[5.843s] -- Up-to-date: /home/wheeltec/wheeltec_ros2/install/astra_msgs/include/astra_msgs/srv/detail/set_mirror__type_support.c
[5.843s] -- Up-to-date: /home/wheeltec/wheeltec_ros2/install/astra_msgs/include/astra_msgs/srv/detail/get_uvc_white_balance__type_support.c
[5.843s] -- Up-to-date: /home/wheeltec/wheeltec_ros2/install/astra_msgs/include/astra_msgs/srv/detail/get_serial__rosidl_typesupport_introspection_c.h
[5.844s] -- Up-to-date: /home/wheeltec/wheeltec_ros2/install/astra_msgs/include/astra_msgs/srv/detail/switch_ir_camera__rosidl_typesupport_introspection_c.h
[5.844s] -- Up-to-date: /home/wheeltec/wheeltec_ros2/install/astra_msgs/include/astra_msgs/srv/detail/reset_ir_exposure__rosidl_typesupport_introspection_c.h
[5.845s] -- Up-to-date: /home/wheeltec/wheeltec_ros2/install/astra_msgs/include/astra_msgs/srv/detail/get_uvc_exposure__type_support.c
[5.845s] -- Up-to-date: /home/wheeltec/wheeltec_ros2/install/astra_msgs/include/astra_msgs/srv/detail/reset_ir_gain__type_support.c
[5.846s] -- Up-to-date: /home/wheeltec/wheeltec_ros2/install/astra_msgs/include/astra_msgs/srv/detail/set_auto_white_balance__type_support.c
[5.846s] -- Up-to-date: /home/wheeltec/wheeltec_ros2/install/astra_msgs/include/astra_msgs/srv/detail/set_distortioncal__type_support.c
[5.846s] -- Up-to-date: /home/wheeltec/wheeltec_ros2/install/astra_msgs/include/astra_msgs/srv/detail/get_uvc_gain__rosidl_typesupport_introspection_c.h
[5.847s] -- Up-to-date: /home/wheeltec/wheeltec_ros2/install/astra_msgs/include/astra_msgs/srv/detail/get_device_type__type_support.c
[5.847s] -- Up-to-date: /home/wheeltec/wheeltec_ros2/install/astra_msgs/include/astra_msgs/srv/detail/get_version__rosidl_typesupport_introspection_c.h
[5.848s] -- Up-to-date: /home/wheeltec/wheeltec_ros2/install/astra_msgs/include/astra_msgs/srv/detail/set_auto_white_balance__rosidl_typesupport_introspection_c.h
[5.848s] -- Up-to-date: /home/wheeltec/wheeltec_ros2/install/astra_msgs/include/astra_msgs/srv/detail/get_uvc_gain__type_support.c
[5.848s] -- Up-to-date: /home/wheeltec/wheeltec_ros2/install/astra_msgs/include/astra_msgs/srv/detail/set_ir_gain__type_support.c
[5.849s] -- Up-to-date: /home/wheeltec/wheeltec_ros2/install/astra_msgs/include/astra_msgs/srv/detail/set_ir_flood__rosidl_typesupport_introspection_c.h
[5.849s] -- Up-to-date: /home/wheeltec/wheeltec_ros2/install/astra_msgs/include/astra_msgs/srv/detail/set_uvc_gain__rosidl_typesupport_introspection_c.h
[5.850s] -- Up-to-date: /home/wheeltec/wheeltec_ros2/install/astra_msgs/include/astra_msgs/srv/detail/get_serial__type_support.c
[5.850s] -- Up-to-date: /home/wheeltec/wheeltec_ros2/install/astra_msgs/include/astra_msgs/srv/detail/set_fan__rosidl_typesupport_introspection_c.h
[5.851s] -- Up-to-date: /home/wheeltec/wheeltec_ros2/install/astra_msgs/include/astra_msgs/srv/detail/reset_ir_gain__rosidl_typesupport_introspection_c.h
[5.851s] -- Up-to-date: /home/wheeltec/wheeltec_ros2/install/astra_msgs/include/astra_msgs/srv/detail/set_ae_enable__type_support.c
[5.851s] -- Up-to-date: /home/wheeltec/wheeltec_ros2/install/astra_msgs/include/astra_msgs/srv/detail/switch_ir_camera__type_support.c
[5.852s] -- Up-to-date: /home/wheeltec/wheeltec_ros2/install/astra_msgs/include/astra_msgs/srv/detail/set_ldp__type_support.c
[5.852s] -- Up-to-date: /home/wheeltec/wheeltec_ros2/install/astra_msgs/include/astra_msgs/srv/detail/set_ir_flood__type_support.c
[5.852s] -- Up-to-date: /home/wheeltec/wheeltec_ros2/install/astra_msgs/include/astra_msgs/srv/detail/get_camera_info__rosidl_typesupport_introspection_c.h
[5.853s] -- Up-to-date: /home/wheeltec/wheeltec_ros2/install/astra_msgs/include/astra_msgs/srv/detail/set_fan__type_support.c
[5.854s] -- Up-to-date: /home/wheeltec/wheeltec_ros2/install/astra_msgs/include/astra_msgs/srv/detail/set_uvc_exposure__type_support.c
[5.854s] -- Up-to-date: /home/wheeltec/wheeltec_ros2/install/astra_msgs/include/astra_msgs/srv/detail/set_mirror__rosidl_typesupport_introspection_c.h
[5.854s] -- Up-to-date: /home/wheeltec/wheeltec_ros2/install/astra_msgs/include/astra_msgs/srv/detail/get_ir_exposure__rosidl_typesupport_introspection_c.h
[5.855s] -- Up-to-date: /home/wheeltec/wheeltec_ros2/install/astra_msgs/include/astra_msgs/srv/detail/set_auto_exposure__rosidl_typesupport_introspection_c.h
[5.855s] -- Up-to-date: /home/wheeltec/wheeltec_ros2/install/astra_msgs/include/astra_msgs/srv/detail/get_ir_gain__rosidl_typesupport_introspection_c.h
[5.856s] -- Up-to-date: /home/wheeltec/wheeltec_ros2/install/astra_msgs/include/astra_msgs/srv/detail/set_ldp__rosidl_typesupport_introspection_c.h
[5.856s] -- Up-to-date: /home/wheeltec/wheeltec_ros2/install/astra_msgs/include/astra_msgs/srv/detail/set_uvc_gain__type_support.c
[5.856s] -- Up-to-date: /home/wheeltec/wheeltec_ros2/install/astra_msgs/include/astra_msgs/srv/detail/get_version__type_support.c
[5.857s] -- Up-to-date: /home/wheeltec/wheeltec_ros2/install/astra_msgs/include/astra_msgs/srv/detail/get_ir_gain__type_support.c
[5.857s] -- Up-to-date: /home/wheeltec/wheeltec_ros2/install/astra_msgs/include/astra_msgs/srv/detail/set_ir_exposure__type_support.c
[5.858s] -- Up-to-date: /home/wheeltec/wheeltec_ros2/install/astra_msgs/include/astra_msgs/srv/detail/get_ir_exposure__type_support.c
[5.859s] -- Up-to-date: /home/wheeltec/wheeltec_ros2/install/astra_msgs/include/astra_msgs/srv/detail/get_uvc_exposure__rosidl_typesupport_introspection_c.h
[5.860s] -- Up-to-date: /home/wheeltec/wheeltec_ros2/install/astra_msgs/include/astra_msgs/srv/detail/set_ir_gain__rosidl_typesupport_introspection_c.h
[5.860s] -- Up-to-date: /home/wheeltec/wheeltec_ros2/install/astra_msgs/include/astra_msgs/srv/detail/set_uvc_exposure__rosidl_typesupport_introspection_c.h
[5.861s] -- Up-to-date: /home/wheeltec/wheeltec_ros2/install/astra_msgs/lib/libastra_msgs__rosidl_typesupport_introspection_c.so
[5.861s] -- Up-to-date: /home/wheeltec/wheeltec_ros2/install/astra_msgs/lib/libastra_msgs__rosidl_typesupport_c.so
[5.862s] -- Up-to-date: /home/wheeltec/wheeltec_ros2/install/astra_msgs/include/astra_msgs
[5.876s] -- Up-to-date: /home/wheeltec/wheeltec_ros2/install/astra_msgs/include/astra_msgs/srv
[5.876s] -- Up-to-date: /home/wheeltec/wheeltec_ros2/install/astra_msgs/include/astra_msgs/srv/set_auto_exposure.hpp
[5.876s] -- Up-to-date: /home/wheeltec/wheeltec_ros2/install/astra_msgs/include/astra_msgs/srv/set_uvc_gain.hpp
[5.877s] -- Up-to-date: /home/wheeltec/wheeltec_ros2/install/astra_msgs/include/astra_msgs/srv/set_ae_enable.hpp
[5.877s] -- Up-to-date: /home/wheeltec/wheeltec_ros2/install/astra_msgs/include/astra_msgs/srv/switch_ir_camera.hpp
[5.878s] -- Up-to-date: /home/wheeltec/wheeltec_ros2/install/astra_msgs/include/astra_msgs/srv/get_serial.hpp
[5.878s] -- Up-to-date: /home/wheeltec/wheeltec_ros2/install/astra_msgs/include/astra_msgs/srv/get_uvc_white_balance.hpp
[5.878s] -- Up-to-date: /home/wheeltec/wheeltec_ros2/install/astra_msgs/include/astra_msgs/srv/reset_ir_exposure.hpp
[5.895s] -- Up-to-date: /home/wheeltec/wheeltec_ros2/install/astra_msgs/include/astra_msgs/srv/set_uvc_white_balance.hpp
[5.895s] -- Up-to-date: /home/wheeltec/wheeltec_ros2/install/astra_msgs/include/astra_msgs/srv/set_ir_gain.hpp
[5.895s] -- Up-to-date: /home/wheeltec/wheeltec_ros2/install/astra_msgs/include/astra_msgs/srv/set_auto_white_balance.hpp
[5.896s] -- Up-to-date: /home/wheeltec/wheeltec_ros2/install/astra_msgs/include/astra_msgs/srv/get_camera_info.hpp
[5.896s] -- Up-to-date: /home/wheeltec/wheeltec_ros2/install/astra_msgs/include/astra_msgs/srv/set_uvc_exposure.hpp
[5.897s] -- Up-to-date: /home/wheeltec/wheeltec_ros2/install/astra_msgs/include/astra_msgs/srv/set_fan.hpp
[5.914s] -- Up-to-date: /home/wheeltec/wheeltec_ros2/install/astra_msgs/include/astra_msgs/srv/get_ir_exposure.hpp
[5.915s] -- Up-to-date: /home/wheeltec/wheeltec_ros2/install/astra_msgs/include/astra_msgs/srv/set_mirror.hpp
[5.915s] -- Up-to-date: /home/wheeltec/wheeltec_ros2/install/astra_msgs/include/astra_msgs/srv/detail
[5.916s] -- Up-to-date: /home/wheeltec/wheeltec_ros2/install/astra_msgs/include/astra_msgs/srv/detail/get_uvc_exposure__builder.hpp
[5.917s] -- Up-to-date: /home/wheeltec/wheeltec_ros2/install/astra_msgs/include/astra_msgs/srv/detail/set_laser__struct.hpp
[5.918s] -- Up-to-date: /home/wheeltec/wheeltec_ros2/install/astra_msgs/include/astra_msgs/srv/detail/set_fan__struct.hpp
[5.918s] -- Up-to-date: /home/wheeltec/wheeltec_ros2/install/astra_msgs/include/astra_msgs/srv/detail/set_uvc_white_balance__builder.hpp
[5.919s] -- Up-to-date: /home/wheeltec/wheeltec_ros2/install/astra_msgs/include/astra_msgs/srv/detail/set_uvc_white_balance__traits.hpp
[5.919s] -- Up-to-date: /home/wheeltec/wheeltec_ros2/install/astra_msgs/include/astra_msgs/srv/detail/get_serial__builder.hpp
[5.920s] -- Up-to-date: /home/wheeltec/wheeltec_ros2/install/astra_msgs/include/astra_msgs/srv/detail/get_ir_exposure__builder.hpp
[5.920s] -- Up-to-date: /home/wheeltec/wheeltec_ros2/install/astra_msgs/include/astra_msgs/srv/detail/set_ir_exposure__traits.hpp
[5.920s] -- Up-to-date: /home/wheeltec/wheeltec_ros2/install/astra_msgs/include/astra_msgs/srv/detail/reset_ir_exposure__traits.hpp
[5.921s] -- Up-to-date: /home/wheeltec/wheeltec_ros2/install/astra_msgs/include/astra_msgs/srv/detail/set_ae_enable__struct.hpp
[5.921s] -- Up-to-date: /home/wheeltec/wheeltec_ros2/install/astra_msgs/include/astra_msgs/srv/detail/set_distortioncal__struct.hpp
[5.922s] -- Up-to-date: /home/wheeltec/wheeltec_ros2/install/astra_msgs/include/astra_msgs/srv/detail/set_ir_exposure__struct.hpp
[5.922s] -- Up-to-date: /home/wheeltec/wheeltec_ros2/install/astra_msgs/include/astra_msgs/srv/detail/set_mirror__builder.hpp
[5.923s] -- Up-to-date: /home/wheeltec/wheeltec_ros2/install/astra_msgs/include/astra_msgs/srv/detail/switch_ir_camera__builder.hpp
[5.924s] -- Up-to-date: /home/wheeltec/wheeltec_ros2/install/astra_msgs/include/astra_msgs/srv/detail/set_fan__builder.hpp
[5.933s] -- Up-to-date: /home/wheeltec/wheeltec_ros2/install/astra_msgs/include/astra_msgs/srv/detail/set_distortioncal__builder.hpp
[5.933s] -- Up-to-date: /home/wheeltec/wheeltec_ros2/install/astra_msgs/include/astra_msgs/srv/detail/set_uvc_exposure__traits.hpp
[5.934s] -- Up-to-date: /home/wheeltec/wheeltec_ros2/install/astra_msgs/include/astra_msgs/srv/detail/get_ir_gain__builder.hpp
[5.934s] -- Up-to-date: /home/wheeltec/wheeltec_ros2/install/astra_msgs/include/astra_msgs/srv/detail/set_ir_gain__struct.hpp
[5.935s] -- Up-to-date: /home/wheeltec/wheeltec_ros2/install/astra_msgs/include/astra_msgs/srv/detail/set_ae_enable__builder.hpp
[5.938s] -- Up-to-date: /home/wheeltec/wheeltec_ros2/install/astra_msgs/include/astra_msgs/srv/detail/reset_ir_exposure__struct.hpp
[5.938s] -- Up-to-date: /home/wheeltec/wheeltec_ros2/install/astra_msgs/include/astra_msgs/srv/detail/set_uvc_gain__builder.hpp
[5.939s] -- Up-to-date: /home/wheeltec/wheeltec_ros2/install/astra_msgs/include/astra_msgs/srv/detail/set_ir_flood__traits.hpp
[5.939s] -- Up-to-date: /home/wheeltec/wheeltec_ros2/install/astra_msgs/include/astra_msgs/srv/detail/reset_ir_gain__struct.hpp
[5.940s] -- Up-to-date: /home/wheeltec/wheeltec_ros2/install/astra_msgs/include/astra_msgs/srv/detail/reset_ir_gain__builder.hpp
[5.940s] -- Up-to-date: /home/wheeltec/wheeltec_ros2/install/astra_msgs/include/astra_msgs/srv/detail/get_uvc_gain__traits.hpp
[5.941s] -- Up-to-date: /home/wheeltec/wheeltec_ros2/install/astra_msgs/include/astra_msgs/srv/detail/switch_ir_camera__struct.hpp
[5.941s] -- Up-to-date: /home/wheeltec/wheeltec_ros2/install/astra_msgs/include/astra_msgs/srv/detail/get_version__struct.hpp
[5.942s] -- Up-to-date: /home/wheeltec/wheeltec_ros2/install/astra_msgs/include/astra_msgs/srv/detail/get_camera_info__struct.hpp
[5.943s] -- Up-to-date: /home/wheeltec/wheeltec_ros2/install/astra_msgs/include/astra_msgs/srv/detail/set_auto_white_balance__builder.hpp
[5.943s] -- Up-to-date: /home/wheeltec/wheeltec_ros2/install/astra_msgs/include/astra_msgs/srv/detail/set_uvc_gain__struct.hpp
[5.946s] -- Up-to-date: /home/wheeltec/wheeltec_ros2/install/astra_msgs/include/astra_msgs/srv/detail/set_auto_white_balance__struct.hpp
[5.946s] -- Up-to-date: /home/wheeltec/wheeltec_ros2/install/astra_msgs/include/astra_msgs/srv/detail/set_auto_exposure__traits.hpp
[5.947s] -- Up-to-date: /home/wheeltec/wheeltec_ros2/install/astra_msgs/include/astra_msgs/srv/detail/set_ir_exposure__builder.hpp
[5.947s] -- Up-to-date: /home/wheeltec/wheeltec_ros2/install/astra_msgs/include/astra_msgs/srv/detail/get_ir_exposure__traits.hpp
[5.953s] -- Up-to-date: /home/wheeltec/wheeltec_ros2/install/astra_msgs/include/astra_msgs/srv/detail/set_ir_gain__builder.hpp
[5.954s] -- Up-to-date: /home/wheeltec/wheeltec_ros2/install/astra_msgs/include/astra_msgs/srv/detail/set_uvc_exposure__struct.hpp
[5.966s] -- Up-to-date: /home/wheeltec/wheeltec_ros2/install/astra_msgs/include/astra_msgs/srv/detail/get_serial__struct.hpp
[5.969s] -- Up-to-date: /home/wheeltec/wheeltec_ros2/install/astra_msgs/include/astra_msgs/srv/detail/get_device_type__traits.hpp
[5.970s] -- Up-to-date: /home/wheeltec/wheeltec_ros2/install/astra_msgs/include/astra_msgs/srv/detail/get_uvc_gain__builder.hpp
[5.971s] -- Up-to-date: /home/wheeltec/wheeltec_ros2/install/astra_msgs/include/astra_msgs/srv/detail/get_camera_info__builder.hpp
[5.971s] -- Up-to-date: /home/wheeltec/wheeltec_ros2/install/astra_msgs/include/astra_msgs/srv/detail/set_ldp__struct.hpp
[5.971s] -- Up-to-date: /home/wheeltec/wheeltec_ros2/install/astra_msgs/include/astra_msgs/srv/detail/get_uvc_exposure__traits.hpp
[5.972s] -- Up-to-date: /home/wheeltec/wheeltec_ros2/install/astra_msgs/include/astra_msgs/srv/detail/set_ir_flood__builder.hpp
[5.973s] -- Up-to-date: /home/wheeltec/wheeltec_ros2/install/astra_msgs/include/astra_msgs/srv/detail/set_ldp__builder.hpp
[5.974s] -- Up-to-date: /home/wheeltec/wheeltec_ros2/install/astra_msgs/include/astra_msgs/srv/detail/get_camera_info__traits.hpp
[5.974s] -- Up-to-date: /home/wheeltec/wheeltec_ros2/install/astra_msgs/include/astra_msgs/srv/detail/switch_ir_camera__traits.hpp
[5.975s] -- Up-to-date: /home/wheeltec/wheeltec_ros2/install/astra_msgs/include/astra_msgs/srv/detail/get_uvc_white_balance__traits.hpp
[5.975s] -- Up-to-date: /home/wheeltec/wheeltec_ros2/install/astra_msgs/include/astra_msgs/srv/detail/get_ir_gain__traits.hpp
[5.976s] -- Up-to-date: /home/wheeltec/wheeltec_ros2/install/astra_msgs/include/astra_msgs/srv/detail/set_ir_gain__traits.hpp
[5.979s] -- Up-to-date: /home/wheeltec/wheeltec_ros2/install/astra_msgs/include/astra_msgs/srv/detail/set_auto_exposure__builder.hpp
[5.981s] -- Up-to-date: /home/wheeltec/wheeltec_ros2/install/astra_msgs/include/astra_msgs/srv/detail/get_uvc_white_balance__struct.hpp
[5.982s] -- Up-to-date: /home/wheeltec/wheeltec_ros2/install/astra_msgs/include/astra_msgs/srv/detail/set_uvc_gain__traits.hpp
[5.983s] -- Up-to-date: /home/wheeltec/wheeltec_ros2/install/astra_msgs/include/astra_msgs/srv/detail/set_mirror__struct.hpp
[5.984s] -- Up-to-date: /home/wheeltec/wheeltec_ros2/install/astra_msgs/include/astra_msgs/srv/detail/set_ldp__traits.hpp
[5.986s] -- Up-to-date: /home/wheeltec/wheeltec_ros2/install/astra_msgs/include/astra_msgs/srv/detail/reset_ir_gain__traits.hpp
[5.987s] -- Up-to-date: /home/wheeltec/wheeltec_ros2/install/astra_msgs/include/astra_msgs/srv/detail/set_distortioncal__traits.hpp
[5.989s] -- Up-to-date: /home/wheeltec/wheeltec_ros2/install/astra_msgs/include/astra_msgs/srv/detail/get_version__builder.hpp
[5.990s] -- Up-to-date: /home/wheeltec/wheeltec_ros2/install/astra_msgs/include/astra_msgs/srv/detail/set_uvc_exposure__builder.hpp
[5.991s] -- Up-to-date: /home/wheeltec/wheeltec_ros2/install/astra_msgs/include/astra_msgs/srv/detail/get_device_type__struct.hpp
[6.008s] -- Up-to-date: /home/wheeltec/wheeltec_ros2/install/astra_msgs/include/astra_msgs/srv/detail/get_uvc_gain__struct.hpp
[6.011s] -- Up-to-date: /home/wheeltec/wheeltec_ros2/install/astra_msgs/include/astra_msgs/srv/detail/get_serial__traits.hpp
[6.013s] -- Up-to-date: /home/wheeltec/wheeltec_ros2/install/astra_msgs/include/astra_msgs/srv/detail/set_auto_white_balance__traits.hpp
[6.013s] -- Up-to-date: /home/wheeltec/wheeltec_ros2/install/astra_msgs/include/astra_msgs/srv/detail/set_mirror__traits.hpp
[6.014s] -- Up-to-date: /home/wheeltec/wheeltec_ros2/install/astra_msgs/include/astra_msgs/srv/detail/get_ir_gain__struct.hpp
[6.015s] -- Up-to-date: /home/wheeltec/wheeltec_ros2/install/astra_msgs/include/astra_msgs/srv/detail/reset_ir_exposure__builder.hpp
[6.015s] -- Up-to-date: /home/wheeltec/wheeltec_ros2/install/astra_msgs/include/astra_msgs/srv/detail/get_device_type__builder.hpp
[6.017s] -- Up-to-date: /home/wheeltec/wheeltec_ros2/install/astra_msgs/include/astra_msgs/srv/detail/set_uvc_white_balance__struct.hpp
[6.019s] -- Up-to-date: /home/wheeltec/wheeltec_ros2/install/astra_msgs/include/astra_msgs/srv/detail/set_ae_enable__traits.hpp
[6.020s] -- Up-to-date: /home/wheeltec/wheeltec_ros2/install/astra_msgs/include/astra_msgs/srv/detail/set_ir_flood__struct.hpp
[6.021s] -- Up-to-date: /home/wheeltec/wheeltec_ros2/install/astra_msgs/include/astra_msgs/srv/detail/get_uvc_exposure__struct.hpp
[6.036s] -- Up-to-date: /home/wheeltec/wheeltec_ros2/install/astra_msgs/include/astra_msgs/srv/detail/set_laser__traits.hpp
[6.038s] -- Up-to-date: /home/wheeltec/wheeltec_ros2/install/astra_msgs/include/astra_msgs/srv/detail/set_fan__traits.hpp
[6.038s] -- Up-to-date: /home/wheeltec/wheeltec_ros2/install/astra_msgs/include/astra_msgs/srv/detail/set_auto_exposure__struct.hpp
[6.039s] -- Up-to-date: /home/wheeltec/wheeltec_ros2/install/astra_msgs/include/astra_msgs/srv/detail/get_ir_exposure__struct.hpp
[6.040s] -- Up-to-date: /home/wheeltec/wheeltec_ros2/install/astra_msgs/include/astra_msgs/srv/detail/get_uvc_white_balance__builder.hpp
[6.040s] -- Up-to-date: /home/wheeltec/wheeltec_ros2/install/astra_msgs/include/astra_msgs/srv/detail/set_laser__builder.hpp
[6.041s] -- Up-to-date: /home/wheeltec/wheeltec_ros2/install/astra_msgs/include/astra_msgs/srv/detail/get_version__traits.hpp
[6.042s] -- Up-to-date: /home/wheeltec/wheeltec_ros2/install/astra_msgs/include/astra_msgs/srv/get_uvc_gain.hpp
[6.043s] -- Up-to-date: /home/wheeltec/wheeltec_ros2/install/astra_msgs/include/astra_msgs/srv/set_ir_flood.hpp
[6.054s] -- Up-to-date: /home/wheeltec/wheeltec_ros2/install/astra_msgs/include/astra_msgs/srv/get_ir_gain.hpp
[6.060s] -- Up-to-date: /home/wheeltec/wheeltec_ros2/install/astra_msgs/include/astra_msgs/srv/reset_ir_gain.hpp
[6.061s] -- Up-to-date: /home/wheeltec/wheeltec_ros2/install/astra_msgs/include/astra_msgs/srv/get_uvc_exposure.hpp
[6.063s] -- Up-to-date: /home/wheeltec/wheeltec_ros2/install/astra_msgs/include/astra_msgs/srv/set_ir_exposure.hpp
[6.063s] -- Up-to-date: /home/wheeltec/wheeltec_ros2/install/astra_msgs/include/astra_msgs/srv/get_version.hpp
[6.063s] -- Up-to-date: /home/wheeltec/wheeltec_ros2/install/astra_msgs/include/astra_msgs/srv/set_distortioncal.hpp
[6.064s] -- Up-to-date: /home/wheeltec/wheeltec_ros2/install/astra_msgs/include/astra_msgs/srv/set_laser.hpp
[6.066s] -- Up-to-date: /home/wheeltec/wheeltec_ros2/install/astra_msgs/include/astra_msgs/srv/get_device_type.hpp
[6.066s] -- Up-to-date: /home/wheeltec/wheeltec_ros2/install/astra_msgs/include/astra_msgs/srv/set_ldp.hpp
[6.067s] -- Up-to-date: /home/wheeltec/wheeltec_ros2/install/astra_msgs/include/astra_msgs
[6.068s] -- Up-to-date: /home/wheeltec/wheeltec_ros2/install/astra_msgs/include/astra_msgs/srv
[6.069s] -- Up-to-date: /home/wheeltec/wheeltec_ros2/install/astra_msgs/include/astra_msgs/srv/detail
[6.069s] -- Up-to-date: /home/wheeltec/wheeltec_ros2/install/astra_msgs/include/astra_msgs/srv/detail/set_ir_exposure__type_support.cpp
[6.070s] -- Up-to-date: /home/wheeltec/wheeltec_ros2/install/astra_msgs/include/astra_msgs/srv/detail/set_ir_flood__rosidl_typesupport_introspection_cpp.hpp
[6.071s] -- Up-to-date: /home/wheeltec/wheeltec_ros2/install/astra_msgs/include/astra_msgs/srv/detail/get_uvc_exposure__rosidl_typesupport_introspection_cpp.hpp
[6.072s] -- Up-to-date: /home/wheeltec/wheeltec_ros2/install/astra_msgs/include/astra_msgs/srv/detail/get_serial__type_support.cpp
[6.072s] -- Up-to-date: /home/wheeltec/wheeltec_ros2/install/astra_msgs/include/astra_msgs/srv/detail/reset_ir_exposure__rosidl_typesupport_introspection_cpp.hpp
[6.073s] -- Up-to-date: /home/wheeltec/wheeltec_ros2/install/astra_msgs/include/astra_msgs/srv/detail/set_distortioncal__rosidl_typesupport_introspection_cpp.hpp
[6.073s] -- Up-to-date: /home/wheeltec/wheeltec_ros2/install/astra_msgs/include/astra_msgs/srv/detail/get_uvc_gain__rosidl_typesupport_introspection_cpp.hpp
[6.074s] -- Up-to-date: /home/wheeltec/wheeltec_ros2/install/astra_msgs/include/astra_msgs/srv/detail/get_uvc_white_balance__rosidl_typesupport_introspection_cpp.hpp
[6.076s] -- Up-to-date: /home/wheeltec/wheeltec_ros2/install/astra_msgs/include/astra_msgs/srv/detail/get_device_type__rosidl_typesupport_introspection_cpp.hpp
[6.078s] -- Up-to-date: /home/wheeltec/wheeltec_ros2/install/astra_msgs/include/astra_msgs/srv/detail/set_uvc_white_balance__type_support.cpp
[6.096s] -- Up-to-date: /home/wheeltec/wheeltec_ros2/install/astra_msgs/include/astra_msgs/srv/detail/set_laser__type_support.cpp
[6.096s] -- Up-to-date: /home/wheeltec/wheeltec_ros2/install/astra_msgs/include/astra_msgs/srv/detail/set_ldp__type_support.cpp
[6.097s] -- Up-to-date: /home/wheeltec/wheeltec_ros2/install/astra_msgs/include/astra_msgs/srv/detail/set_laser__rosidl_typesupport_introspection_cpp.hpp
[6.097s] -- Up-to-date: /home/wheeltec/wheeltec_ros2/install/astra_msgs/include/astra_msgs/srv/detail/set_distortioncal__type_support.cpp
[6.098s] -- Up-to-date: /home/wheeltec/wheeltec_ros2/install/astra_msgs/include/astra_msgs/srv/detail/reset_ir_exposure__type_support.cpp
[6.098s] -- Up-to-date: /home/wheeltec/wheeltec_ros2/install/astra_msgs/include/astra_msgs/srv/detail/set_uvc_exposure__rosidl_typesupport_introspection_cpp.hpp
[6.098s] -- Up-to-date: /home/wheeltec/wheeltec_ros2/install/astra_msgs/include/astra_msgs/srv/detail/get_version__type_support.cpp
[6.099s] -- Up-to-date: /home/wheeltec/wheeltec_ros2/install/astra_msgs/include/astra_msgs/srv/detail/get_device_type__type_support.cpp
[6.099s] -- Up-to-date: /home/wheeltec/wheeltec_ros2/install/astra_msgs/include/astra_msgs/srv/detail/set_mirror__type_support.cpp
[6.100s] -- Up-to-date: /home/wheeltec/wheeltec_ros2/install/astra_msgs/include/astra_msgs/srv/detail/switch_ir_camera__rosidl_typesupport_introspection_cpp.hpp
[6.100s] -- Up-to-date: /home/wheeltec/wheeltec_ros2/install/astra_msgs/include/astra_msgs/srv/detail/set_uvc_exposure__type_support.cpp
[6.100s] -- Up-to-date: /home/wheeltec/wheeltec_ros2/install/astra_msgs/include/astra_msgs/srv/detail/set_auto_exposure__type_support.cpp
[6.101s] -- Up-to-date: /home/wheeltec/wheeltec_ros2/install/astra_msgs/include/astra_msgs/srv/detail/set_auto_white_balance__rosidl_typesupport_introspection_cpp.hpp
[6.101s] -- Up-to-date: /home/wheeltec/wheeltec_ros2/install/astra_msgs/include/astra_msgs/srv/detail/get_ir_exposure__type_support.cpp
[6.102s] -- Up-to-date: /home/wheeltec/wheeltec_ros2/install/astra_msgs/include/astra_msgs/srv/detail/switch_ir_camera__type_support.cpp
[6.102s] -- Up-to-date: /home/wheeltec/wheeltec_ros2/install/astra_msgs/include/astra_msgs/srv/detail/set_ldp__rosidl_typesupport_introspection_cpp.hpp
[6.103s] -- Up-to-date: /home/wheeltec/wheeltec_ros2/install/astra_msgs/include/astra_msgs/srv/detail/get_uvc_exposure__type_support.cpp
[6.103s] -- Up-to-date: /home/wheeltec/wheeltec_ros2/install/astra_msgs/include/astra_msgs/srv/detail/get_uvc_gain__type_support.cpp
[6.103s] -- Up-to-date: /home/wheeltec/wheeltec_ros2/install/astra_msgs/include/astra_msgs/srv/detail/get_serial__rosidl_typesupport_introspection_cpp.hpp
[6.104s] -- Up-to-date: /home/wheeltec/wheeltec_ros2/install/astra_msgs/include/astra_msgs/srv/detail/set_uvc_gain__type_support.cpp
[6.104s] -- Up-to-date: /home/wheeltec/wheeltec_ros2/install/astra_msgs/include/astra_msgs/srv/detail/set_fan__type_support.cpp
[6.104s] -- Up-to-date: /home/wheeltec/wheeltec_ros2/install/astra_msgs/include/astra_msgs/srv/detail/set_ae_enable__type_support.cpp
[6.105s] -- Up-to-date: /home/wheeltec/wheeltec_ros2/install/astra_msgs/include/astra_msgs/srv/detail/set_uvc_white_balance__rosidl_typesupport_introspection_cpp.hpp
[6.105s] -- Up-to-date: /home/wheeltec/wheeltec_ros2/install/astra_msgs/include/astra_msgs/srv/detail/set_ir_gain__rosidl_typesupport_introspection_cpp.hpp
[6.106s] -- Up-to-date: /home/wheeltec/wheeltec_ros2/install/astra_msgs/include/astra_msgs/srv/detail/get_camera_info__rosidl_typesupport_introspection_cpp.hpp
[6.106s] -- Up-to-date: /home/wheeltec/wheeltec_ros2/install/astra_msgs/include/astra_msgs/srv/detail/get_ir_gain__rosidl_typesupport_introspection_cpp.hpp
[6.106s] -- Up-to-date: /home/wheeltec/wheeltec_ros2/install/astra_msgs/include/astra_msgs/srv/detail/get_ir_exposure__rosidl_typesupport_introspection_cpp.hpp
[6.107s] -- Up-to-date: /home/wheeltec/wheeltec_ros2/install/astra_msgs/include/astra_msgs/srv/detail/get_uvc_white_balance__type_support.cpp
[6.107s] -- Up-to-date: /home/wheeltec/wheeltec_ros2/install/astra_msgs/include/astra_msgs/srv/detail/set_mirror__rosidl_typesupport_introspection_cpp.hpp
[6.107s] -- Up-to-date: /home/wheeltec/wheeltec_ros2/install/astra_msgs/include/astra_msgs/srv/detail/reset_ir_gain__rosidl_typesupport_introspection_cpp.hpp
[6.108s] -- Up-to-date: /home/wheeltec/wheeltec_ros2/install/astra_msgs/include/astra_msgs/srv/detail/set_ir_flood__type_support.cpp
[6.108s] -- Up-to-date: /home/wheeltec/wheeltec_ros2/install/astra_msgs/include/astra_msgs/srv/detail/set_auto_white_balance__type_support.cpp
[6.108s] -- Up-to-date: /home/wheeltec/wheeltec_ros2/install/astra_msgs/include/astra_msgs/srv/detail/set_fan__rosidl_typesupport_introspection_cpp.hpp
[6.109s] -- Up-to-date: /home/wheeltec/wheeltec_ros2/install/astra_msgs/include/astra_msgs/srv/detail/set_ir_gain__type_support.cpp
[6.109s] -- Up-to-date: /home/wheeltec/wheeltec_ros2/install/astra_msgs/include/astra_msgs/srv/detail/get_ir_gain__type_support.cpp
[6.109s] -- Up-to-date: /home/wheeltec/wheeltec_ros2/install/astra_msgs/include/astra_msgs/srv/detail/reset_ir_gain__type_support.cpp
[6.110s] -- Up-to-date: /home/wheeltec/wheeltec_ros2/install/astra_msgs/include/astra_msgs/srv/detail/set_ir_exposure__rosidl_typesupport_introspection_cpp.hpp
[6.110s] -- Up-to-date: /home/wheeltec/wheeltec_ros2/install/astra_msgs/include/astra_msgs/srv/detail/set_ae_enable__rosidl_typesupport_introspection_cpp.hpp
[6.111s] -- Up-to-date: /home/wheeltec/wheeltec_ros2/install/astra_msgs/include/astra_msgs/srv/detail/get_camera_info__type_support.cpp
[6.111s] -- Up-to-date: /home/wheeltec/wheeltec_ros2/install/astra_msgs/include/astra_msgs/srv/detail/set_auto_exposure__rosidl_typesupport_introspection_cpp.hpp
[6.111s] -- Up-to-date: /home/wheeltec/wheeltec_ros2/install/astra_msgs/include/astra_msgs/srv/detail/get_version__rosidl_typesupport_introspection_cpp.hpp
[6.112s] -- Up-to-date: /home/wheeltec/wheeltec_ros2/install/astra_msgs/include/astra_msgs/srv/detail/set_uvc_gain__rosidl_typesupport_introspection_cpp.hpp
[6.112s] -- Up-to-date: /home/wheeltec/wheeltec_ros2/install/astra_msgs/lib/libastra_msgs__rosidl_typesupport_introspection_cpp.so
[6.112s] -- Up-to-date: /home/wheeltec/wheeltec_ros2/install/astra_msgs/lib/libastra_msgs__rosidl_typesupport_cpp.so
[6.113s] -- Up-to-date: /home/wheeltec/wheeltec_ros2/install/astra_msgs/share/astra_msgs/environment/pythonpath.sh
[6.113s] -- Up-to-date: /home/wheeltec/wheeltec_ros2/install/astra_msgs/share/astra_msgs/environment/pythonpath.dsv
[6.113s] -- Up-to-date: /home/wheeltec/wheeltec_ros2/install/astra_msgs/lib/python3.8/site-packages/astra_msgs/__init__.py
[6.114s] -- Up-to-date: /home/wheeltec/wheeltec_ros2/install/astra_msgs/lib/python3.8/site-packages/astra_msgs/srv
[6.114s] -- Up-to-date: /home/wheeltec/wheeltec_ros2/install/astra_msgs/lib/python3.8/site-packages/astra_msgs/srv/_set_auto_exposure_s.c
[6.115s] -- Up-to-date: /home/wheeltec/wheeltec_ros2/install/astra_msgs/lib/python3.8/site-packages/astra_msgs/srv/_reset_ir_exposure_s.c
[6.115s] -- Up-to-date: /home/wheeltec/wheeltec_ros2/install/astra_msgs/lib/python3.8/site-packages/astra_msgs/srv/_set_distortioncal.py
[6.115s] -- Up-to-date: /home/wheeltec/wheeltec_ros2/install/astra_msgs/lib/python3.8/site-packages/astra_msgs/srv/_set_mirror.py
[6.116s] -- Up-to-date: /home/wheeltec/wheeltec_ros2/install/astra_msgs/lib/python3.8/site-packages/astra_msgs/srv/_get_device_type.py
[6.116s] -- Up-to-date: /home/wheeltec/wheeltec_ros2/install/astra_msgs/lib/python3.8/site-packages/astra_msgs/srv/_set_uvc_white_balance_s.c
[6.116s] -- Up-to-date: /home/wheeltec/wheeltec_ros2/install/astra_msgs/lib/python3.8/site-packages/astra_msgs/srv/_switch_ir_camera_s.c
[6.117s] -- Up-to-date: /home/wheeltec/wheeltec_ros2/install/astra_msgs/lib/python3.8/site-packages/astra_msgs/srv/_get_serial.py
[6.118s] -- Up-to-date: /home/wheeltec/wheeltec_ros2/install/astra_msgs/lib/python3.8/site-packages/astra_msgs/srv/__init__.py
[6.118s] -- Up-to-date: /home/wheeltec/wheeltec_ros2/install/astra_msgs/lib/python3.8/site-packages/astra_msgs/srv/_set_uvc_exposure.py
[6.119s] -- Up-to-date: /home/wheeltec/wheeltec_ros2/install/astra_msgs/lib/python3.8/site-packages/astra_msgs/srv/_reset_ir_exposure.py
[6.119s] -- Up-to-date: /home/wheeltec/wheeltec_ros2/install/astra_msgs/lib/python3.8/site-packages/astra_msgs/srv/_get_uvc_white_balance.py
[6.119s] -- Up-to-date: /home/wheeltec/wheeltec_ros2/install/astra_msgs/lib/python3.8/site-packages/astra_msgs/srv/_set_uvc_exposure_s.c
[6.120s] -- Up-to-date: /home/wheeltec/wheeltec_ros2/install/astra_msgs/lib/python3.8/site-packages/astra_msgs/srv/_set_mirror_s.c
[6.120s] -- Up-to-date: /home/wheeltec/wheeltec_ros2/install/astra_msgs/lib/python3.8/site-packages/astra_msgs/srv/_get_ir_gain.py
[6.121s] -- Up-to-date: /home/wheeltec/wheeltec_ros2/install/astra_msgs/lib/python3.8/site-packages/astra_msgs/srv/_get_serial_s.c
[6.121s] -- Up-to-date: /home/wheeltec/wheeltec_ros2/install/astra_msgs/lib/python3.8/site-packages/astra_msgs/srv/_set_ae_enable.py
[6.121s] -- Up-to-date: /home/wheeltec/wheeltec_ros2/install/astra_msgs/lib/python3.8/site-packages/astra_msgs/srv/_set_ir_gain_s.c
[6.122s] -- Up-to-date: /home/wheeltec/wheeltec_ros2/install/astra_msgs/lib/python3.8/site-packages/astra_msgs/srv/_set_uvc_gain_s.c
[6.122s] -- Up-to-date: /home/wheeltec/wheeltec_ros2/install/astra_msgs/lib/python3.8/site-packages/astra_msgs/srv/_set_auto_exposure.py
[6.123s] -- Up-to-date: /home/wheeltec/wheeltec_ros2/install/astra_msgs/lib/python3.8/site-packages/astra_msgs/srv/_set_ldp_s.c
[6.123s] -- Up-to-date: /home/wheeltec/wheeltec_ros2/install/astra_msgs/lib/python3.8/site-packages/astra_msgs/srv/_set_laser.py
[6.130s] -- Up-to-date: /home/wheeltec/wheeltec_ros2/install/astra_msgs/lib/python3.8/site-packages/astra_msgs/srv/_get_uvc_gain.py
[6.130s] -- Up-to-date: /home/wheeltec/wheeltec_ros2/install/astra_msgs/lib/python3.8/site-packages/astra_msgs/srv/_get_uvc_exposure.py
[6.131s] -- Up-to-date: /home/wheeltec/wheeltec_ros2/install/astra_msgs/lib/python3.8/site-packages/astra_msgs/srv/_reset_ir_gain.py
[6.131s] -- Up-to-date: /home/wheeltec/wheeltec_ros2/install/astra_msgs/lib/python3.8/site-packages/astra_msgs/srv/_get_version_s.c
[6.132s] -- Up-to-date: /home/wheeltec/wheeltec_ros2/install/astra_msgs/lib/python3.8/site-packages/astra_msgs/srv/_set_ldp.py
[6.132s] -- Up-to-date: /home/wheeltec/wheeltec_ros2/install/astra_msgs/lib/python3.8/site-packages/astra_msgs/srv/_switch_ir_camera.py
[6.133s] -- Up-to-date: /home/wheeltec/wheeltec_ros2/install/astra_msgs/lib/python3.8/site-packages/astra_msgs/srv/_get_uvc_exposure_s.c
[6.133s] -- Up-to-date: /home/wheeltec/wheeltec_ros2/install/astra_msgs/lib/python3.8/site-packages/astra_msgs/srv/_get_uvc_white_balance_s.c
[6.134s] -- Up-to-date: /home/wheeltec/wheeltec_ros2/install/astra_msgs/lib/python3.8/site-packages/astra_msgs/srv/_get_ir_exposure.py
[6.134s] -- Up-to-date: /home/wheeltec/wheeltec_ros2/install/astra_msgs/lib/python3.8/site-packages/astra_msgs/srv/_set_laser_s.c
[6.135s] -- Up-to-date: /home/wheeltec/wheeltec_ros2/install/astra_msgs/lib/python3.8/site-packages/astra_msgs/srv/_set_ir_exposure_s.c
[6.136s] -- Up-to-date: /home/wheeltec/wheeltec_ros2/install/astra_msgs/lib/python3.8/site-packages/astra_msgs/srv/_set_ir_flood_s.c
[6.136s] -- Up-to-date: /home/wheeltec/wheeltec_ros2/install/astra_msgs/lib/python3.8/site-packages/astra_msgs/srv/_get_camera_info_s.c
[6.137s] -- Up-to-date: /home/wheeltec/wheeltec_ros2/install/astra_msgs/lib/python3.8/site-packages/astra_msgs/srv/_set_fan.py
[6.137s] -- Up-to-date: /home/wheeltec/wheeltec_ros2/install/astra_msgs/lib/python3.8/site-packages/astra_msgs/srv/_get_camera_info.py
[6.138s] -- Up-to-date: /home/wheeltec/wheeltec_ros2/install/astra_msgs/lib/python3.8/site-packages/astra_msgs/srv/_set_fan_s.c
[6.138s] -- Up-to-date: /home/wheeltec/wheeltec_ros2/install/astra_msgs/lib/python3.8/site-packages/astra_msgs/srv/_set_uvc_white_balance.py
[6.139s] -- Up-to-date: /home/wheeltec/wheeltec_ros2/install/astra_msgs/lib/python3.8/site-packages/astra_msgs/srv/_set_ir_flood.py
[6.139s] -- Up-to-date: /home/wheeltec/wheeltec_ros2/install/astra_msgs/lib/python3.8/site-packages/astra_msgs/srv/_set_ae_enable_s.c
[6.140s] -- Up-to-date: /home/wheeltec/wheeltec_ros2/install/astra_msgs/lib/python3.8/site-packages/astra_msgs/srv/_set_distortioncal_s.c
[6.140s] -- Up-to-date: /home/wheeltec/wheeltec_ros2/install/astra_msgs/lib/python3.8/site-packages/astra_msgs/srv/_set_auto_white_balance_s.c
[6.140s] -- Up-to-date: /home/wheeltec/wheeltec_ros2/install/astra_msgs/lib/python3.8/site-packages/astra_msgs/srv/_get_ir_gain_s.c
[6.141s] -- Up-to-date: /home/wheeltec/wheeltec_ros2/install/astra_msgs/lib/python3.8/site-packages/astra_msgs/srv/_reset_ir_gain_s.c
[6.141s] -- Up-to-date: /home/wheeltec/wheeltec_ros2/install/astra_msgs/lib/python3.8/site-packages/astra_msgs/srv/_set_uvc_gain.py
[6.142s] -- Up-to-date: /home/wheeltec/wheeltec_ros2/install/astra_msgs/lib/python3.8/site-packages/astra_msgs/srv/_get_device_type_s.c
[6.142s] -- Up-to-date: /home/wheeltec/wheeltec_ros2/install/astra_msgs/lib/python3.8/site-packages/astra_msgs/srv/_set_ir_exposure.py
[6.142s] -- Up-to-date: /home/wheeltec/wheeltec_ros2/install/astra_msgs/lib/python3.8/site-packages/astra_msgs/srv/_set_ir_gain.py
[6.143s] -- Up-to-date: /home/wheeltec/wheeltec_ros2/install/astra_msgs/lib/python3.8/site-packages/astra_msgs/srv/_get_version.py
[6.143s] -- Up-to-date: /home/wheeltec/wheeltec_ros2/install/astra_msgs/lib/python3.8/site-packages/astra_msgs/srv/_get_uvc_gain_s.c
[6.143s] -- Up-to-date: /home/wheeltec/wheeltec_ros2/install/astra_msgs/lib/python3.8/site-packages/astra_msgs/srv/_set_auto_white_balance.py
[6.144s] -- Up-to-date: /home/wheeltec/wheeltec_ros2/install/astra_msgs/lib/python3.8/site-packages/astra_msgs/srv/_get_ir_exposure_s.c
[6.149s] -- Up-to-date: /home/wheeltec/wheeltec_ros2/install/astra_msgs/lib/python3.8/site-packages/astra_msgs/astra_msgs_s__rosidl_typesupport_fastrtps_c.cpython-38-aarch64-linux-gnu.so
[6.150s] -- Up-to-date: /home/wheeltec/wheeltec_ros2/install/astra_msgs/lib/python3.8/site-packages/astra_msgs/astra_msgs_s__rosidl_typesupport_introspection_c.cpython-38-aarch64-linux-gnu.so
[6.151s] -- Up-to-date: /home/wheeltec/wheeltec_ros2/install/astra_msgs/lib/python3.8/site-packages/astra_msgs/astra_msgs_s__rosidl_typesupport_c.cpython-38-aarch64-linux-gnu.so
[6.151s] -- Up-to-date: /home/wheeltec/wheeltec_ros2/install/astra_msgs/lib/libastra_msgs__python.so
[6.151s] -- Up-to-date: /home/wheeltec/wheeltec_ros2/install/astra_msgs/share/astra_msgs/srv/GetCameraInfo.idl
[6.151s] -- Up-to-date: /home/wheeltec/wheeltec_ros2/install/astra_msgs/share/astra_msgs/srv/GetDeviceType.idl
[6.153s] -- Up-to-date: /home/wheeltec/wheeltec_ros2/install/astra_msgs/share/astra_msgs/srv/GetIRExposure.idl
[6.154s] -- Up-to-date: /home/wheeltec/wheeltec_ros2/install/astra_msgs/share/astra_msgs/srv/GetIRGain.idl
[6.156s] -- Up-to-date: /home/wheeltec/wheeltec_ros2/install/astra_msgs/share/astra_msgs/srv/GetSerial.idl
[6.158s] -- Up-to-date: /home/wheeltec/wheeltec_ros2/install/astra_msgs/share/astra_msgs/srv/GetUVCExposure.idl
[6.159s] -- Up-to-date: /home/wheeltec/wheeltec_ros2/install/astra_msgs/share/astra_msgs/srv/GetUVCGain.idl
[6.159s] -- Up-to-date: /home/wheeltec/wheeltec_ros2/install/astra_msgs/share/astra_msgs/srv/GetUVCWhiteBalance.idl
[6.159s] -- Up-to-date: /home/wheeltec/wheeltec_ros2/install/astra_msgs/share/astra_msgs/srv/GetVersion.idl
[6.160s] -- Up-to-date: /home/wheeltec/wheeltec_ros2/install/astra_msgs/share/astra_msgs/srv/ResetIRExposure.idl
[6.161s] -- Up-to-date: /home/wheeltec/wheeltec_ros2/install/astra_msgs/share/astra_msgs/srv/ResetIRGain.idl
[6.163s] -- Up-to-date: /home/wheeltec/wheeltec_ros2/install/astra_msgs/share/astra_msgs/srv/SetAeEnable.idl
[6.163s] -- Up-to-date: /home/wheeltec/wheeltec_ros2/install/astra_msgs/share/astra_msgs/srv/SetAutoExposure.idl
[6.164s] -- Up-to-date: /home/wheeltec/wheeltec_ros2/install/astra_msgs/share/astra_msgs/srv/SetAutoWhiteBalance.idl
[6.165s] -- Up-to-date: /home/wheeltec/wheeltec_ros2/install/astra_msgs/share/astra_msgs/srv/SetDistortioncal.idl
[6.166s] -- Up-to-date: /home/wheeltec/wheeltec_ros2/install/astra_msgs/share/astra_msgs/srv/SetFan.idl
[6.166s] -- Up-to-date: /home/wheeltec/wheeltec_ros2/install/astra_msgs/share/astra_msgs/srv/SetIRExposure.idl
[6.167s] -- Up-to-date: /home/wheeltec/wheeltec_ros2/install/astra_msgs/share/astra_msgs/srv/SetIRFlood.idl
[6.167s] -- Up-to-date: /home/wheeltec/wheeltec_ros2/install/astra_msgs/share/astra_msgs/srv/SetIRGain.idl
[6.168s] -- Up-to-date: /home/wheeltec/wheeltec_ros2/install/astra_msgs/share/astra_msgs/srv/SetLaser.idl
[6.168s] -- Up-to-date: /home/wheeltec/wheeltec_ros2/install/astra_msgs/share/astra_msgs/srv/SetLDP.idl
[6.168s] -- Up-to-date: /home/wheeltec/wheeltec_ros2/install/astra_msgs/share/astra_msgs/srv/SetMirror.idl
[6.169s] -- Up-to-date: /home/wheeltec/wheeltec_ros2/install/astra_msgs/share/astra_msgs/srv/SetUVCExposure.idl
[6.169s] -- Up-to-date: /home/wheeltec/wheeltec_ros2/install/astra_msgs/share/astra_msgs/srv/SetUVCGain.idl
[6.169s] -- Up-to-date: /home/wheeltec/wheeltec_ros2/install/astra_msgs/share/astra_msgs/srv/SetUVCWhiteBalance.idl
[6.170s] -- Up-to-date: /home/wheeltec/wheeltec_ros2/install/astra_msgs/share/astra_msgs/srv/SwitchIRCamera.idl
[6.170s] -- Up-to-date: /home/wheeltec/wheeltec_ros2/install/astra_msgs/share/astra_msgs/srv/GetCameraInfo.srv
[6.170s] -- Up-to-date: /home/wheeltec/wheeltec_ros2/install/astra_msgs/share/astra_msgs/srv/GetCameraInfo_Request.msg
[6.171s] -- Up-to-date: /home/wheeltec/wheeltec_ros2/install/astra_msgs/share/astra_msgs/srv/GetCameraInfo_Response.msg
[6.171s] -- Up-to-date: /home/wheeltec/wheeltec_ros2/install/astra_msgs/share/astra_msgs/srv/GetDeviceType.srv
[6.172s] -- Up-to-date: /home/wheeltec/wheeltec_ros2/install/astra_msgs/share/astra_msgs/srv/GetDeviceType_Request.msg
[6.172s] -- Up-to-date: /home/wheeltec/wheeltec_ros2/install/astra_msgs/share/astra_msgs/srv/GetDeviceType_Response.msg
[6.173s] -- Up-to-date: /home/wheeltec/wheeltec_ros2/install/astra_msgs/share/astra_msgs/srv/GetIRExposure.srv
[6.173s] -- Up-to-date: /home/wheeltec/wheeltec_ros2/install/astra_msgs/share/astra_msgs/srv/GetIRExposure_Request.msg
[6.173s] -- Up-to-date: /home/wheeltec/wheeltec_ros2/install/astra_msgs/share/astra_msgs/srv/GetIRExposure_Response.msg
[6.174s] -- Up-to-date: /home/wheeltec/wheeltec_ros2/install/astra_msgs/share/astra_msgs/srv/GetIRGain.srv
[6.174s] -- Up-to-date: /home/wheeltec/wheeltec_ros2/install/astra_msgs/share/astra_msgs/srv/GetIRGain_Request.msg
[6.174s] -- Up-to-date: /home/wheeltec/wheeltec_ros2/install/astra_msgs/share/astra_msgs/srv/GetIRGain_Response.msg
[6.175s] -- Up-to-date: /home/wheeltec/wheeltec_ros2/install/astra_msgs/share/astra_msgs/srv/GetSerial.srv
[6.175s] -- Up-to-date: /home/wheeltec/wheeltec_ros2/install/astra_msgs/share/astra_msgs/srv/GetSerial_Request.msg
[6.175s] -- Up-to-date: /home/wheeltec/wheeltec_ros2/install/astra_msgs/share/astra_msgs/srv/GetSerial_Response.msg
[6.176s] -- Up-to-date: /home/wheeltec/wheeltec_ros2/install/astra_msgs/share/astra_msgs/srv/GetUVCExposure.srv
[6.176s] -- Up-to-date: /home/wheeltec/wheeltec_ros2/install/astra_msgs/share/astra_msgs/srv/GetUVCExposure_Request.msg
[6.176s] -- Up-to-date: /home/wheeltec/wheeltec_ros2/install/astra_msgs/share/astra_msgs/srv/GetUVCExposure_Response.msg
[6.177s] -- Up-to-date: /home/wheeltec/wheeltec_ros2/install/astra_msgs/share/astra_msgs/srv/GetUVCGain.srv
[6.177s] -- Up-to-date: /home/wheeltec/wheeltec_ros2/install/astra_msgs/share/astra_msgs/srv/GetUVCGain_Request.msg
[6.177s] -- Up-to-date: /home/wheeltec/wheeltec_ros2/install/astra_msgs/share/astra_msgs/srv/GetUVCGain_Response.msg
[6.178s] -- Up-to-date: /home/wheeltec/wheeltec_ros2/install/astra_msgs/share/astra_msgs/srv/GetUVCWhiteBalance.srv
[6.178s] -- Up-to-date: /home/wheeltec/wheeltec_ros2/install/astra_msgs/share/astra_msgs/srv/GetUVCWhiteBalance_Request.msg
[6.179s] -- Up-to-date: /home/wheeltec/wheeltec_ros2/install/astra_msgs/share/astra_msgs/srv/GetUVCWhiteBalance_Response.msg
[6.179s] -- Up-to-date: /home/wheeltec/wheeltec_ros2/install/astra_msgs/share/astra_msgs/srv/GetVersion.srv
[6.179s] -- Up-to-date: /home/wheeltec/wheeltec_ros2/install/astra_msgs/share/astra_msgs/srv/GetVersion_Request.msg
[6.180s] -- Up-to-date: /home/wheeltec/wheeltec_ros2/install/astra_msgs/share/astra_msgs/srv/GetVersion_Response.msg
[6.180s] -- Up-to-date: /home/wheeltec/wheeltec_ros2/install/astra_msgs/share/astra_msgs/srv/ResetIRExposure.srv
[6.180s] -- Up-to-date: /home/wheeltec/wheeltec_ros2/install/astra_msgs/share/astra_msgs/srv/ResetIRExposure_Request.msg
[6.181s] -- Up-to-date: /home/wheeltec/wheeltec_ros2/install/astra_msgs/share/astra_msgs/srv/ResetIRExposure_Response.msg
[6.183s] -- Up-to-date: /home/wheeltec/wheeltec_ros2/install/astra_msgs/share/astra_msgs/srv/ResetIRGain.srv
[6.183s] -- Up-to-date: /home/wheeltec/wheeltec_ros2/install/astra_msgs/share/astra_msgs/srv/ResetIRGain_Request.msg
[6.183s] -- Up-to-date: /home/wheeltec/wheeltec_ros2/install/astra_msgs/share/astra_msgs/srv/ResetIRGain_Response.msg
[6.189s] -- Up-to-date: /home/wheeltec/wheeltec_ros2/install/astra_msgs/share/astra_msgs/srv/SetAeEnable.srv
[6.191s] -- Up-to-date: /home/wheeltec/wheeltec_ros2/install/astra_msgs/share/astra_msgs/srv/SetAeEnable_Request.msg
[6.191s] -- Up-to-date: /home/wheeltec/wheeltec_ros2/install/astra_msgs/share/astra_msgs/srv/SetAeEnable_Response.msg
[6.191s] -- Up-to-date: /home/wheeltec/wheeltec_ros2/install/astra_msgs/share/astra_msgs/srv/SetAutoExposure.srv
[6.192s] -- Up-to-date: /home/wheeltec/wheeltec_ros2/install/astra_msgs/share/astra_msgs/srv/SetAutoExposure_Request.msg
[6.192s] -- Up-to-date: /home/wheeltec/wheeltec_ros2/install/astra_msgs/share/astra_msgs/srv/SetAutoExposure_Response.msg
[6.192s] -- Up-to-date: /home/wheeltec/wheeltec_ros2/install/astra_msgs/share/astra_msgs/srv/SetAutoWhiteBalance.srv
[6.193s] -- Up-to-date: /home/wheeltec/wheeltec_ros2/install/astra_msgs/share/astra_msgs/srv/SetAutoWhiteBalance_Request.msg
[6.193s] -- Up-to-date: /home/wheeltec/wheeltec_ros2/install/astra_msgs/share/astra_msgs/srv/SetAutoWhiteBalance_Response.msg
[6.193s] -- Up-to-date: /home/wheeltec/wheeltec_ros2/install/astra_msgs/share/astra_msgs/srv/SetDistortioncal.srv
[6.194s] -- Up-to-date: /home/wheeltec/wheeltec_ros2/install/astra_msgs/share/astra_msgs/srv/SetDistortioncal_Request.msg
[6.195s] -- Up-to-date: /home/wheeltec/wheeltec_ros2/install/astra_msgs/share/astra_msgs/srv/SetDistortioncal_Response.msg
[6.197s] -- Up-to-date: /home/wheeltec/wheeltec_ros2/install/astra_msgs/share/astra_msgs/srv/SetFan.srv
[6.199s] -- Up-to-date: /home/wheeltec/wheeltec_ros2/install/astra_msgs/share/astra_msgs/srv/SetFan_Request.msg
[6.204s] -- Up-to-date: /home/wheeltec/wheeltec_ros2/install/astra_msgs/share/astra_msgs/srv/SetFan_Response.msg
[6.205s] -- Up-to-date: /home/wheeltec/wheeltec_ros2/install/astra_msgs/share/astra_msgs/srv/SetIRExposure.srv
[6.205s] -- Up-to-date: /home/wheeltec/wheeltec_ros2/install/astra_msgs/share/astra_msgs/srv/SetIRExposure_Request.msg
[6.206s] -- Up-to-date: /home/wheeltec/wheeltec_ros2/install/astra_msgs/share/astra_msgs/srv/SetIRExposure_Response.msg
[6.206s] -- Up-to-date: /home/wheeltec/wheeltec_ros2/install/astra_msgs/share/astra_msgs/srv/SetIRFlood.srv
[6.206s] -- Up-to-date: /home/wheeltec/wheeltec_ros2/install/astra_msgs/share/astra_msgs/srv/SetIRFlood_Request.msg
[6.207s] -- Up-to-date: /home/wheeltec/wheeltec_ros2/install/astra_msgs/share/astra_msgs/srv/SetIRFlood_Response.msg
[6.207s] -- Up-to-date: /home/wheeltec/wheeltec_ros2/install/astra_msgs/share/astra_msgs/srv/SetIRGain.srv
[6.207s] -- Up-to-date: /home/wheeltec/wheeltec_ros2/install/astra_msgs/share/astra_msgs/srv/SetIRGain_Request.msg
[6.208s] -- Up-to-date: /home/wheeltec/wheeltec_ros2/install/astra_msgs/share/astra_msgs/srv/SetIRGain_Response.msg
[6.208s] -- Up-to-date: /home/wheeltec/wheeltec_ros2/install/astra_msgs/share/astra_msgs/srv/SetLaser.srv
[6.209s] -- Up-to-date: /home/wheeltec/wheeltec_ros2/install/astra_msgs/share/astra_msgs/srv/SetLaser_Request.msg
[6.221s] -- Up-to-date: /home/wheeltec/wheeltec_ros2/install/astra_msgs/share/astra_msgs/srv/SetLaser_Response.msg
[6.236s] -- Up-to-date: /home/wheeltec/wheeltec_ros2/install/astra_msgs/share/astra_msgs/srv/SetLDP.srv
[6.237s] -- Up-to-date: /home/wheeltec/wheeltec_ros2/install/astra_msgs/share/astra_msgs/srv/SetLDP_Request.msg
[6.238s] -- Up-to-date: /home/wheeltec/wheeltec_ros2/install/astra_msgs/share/astra_msgs/srv/SetLDP_Response.msg
[6.238s] -- Up-to-date: /home/wheeltec/wheeltec_ros2/install/astra_msgs/share/astra_msgs/srv/SetMirror.srv
[6.239s] -- Up-to-date: /home/wheeltec/wheeltec_ros2/install/astra_msgs/share/astra_msgs/srv/SetMirror_Request.msg
[6.239s] -- Up-to-date: /home/wheeltec/wheeltec_ros2/install/astra_msgs/share/astra_msgs/srv/SetMirror_Response.msg
[6.240s] -- Up-to-date: /home/wheeltec/wheeltec_ros2/install/astra_msgs/share/astra_msgs/srv/SetUVCExposure.srv
[6.240s] -- Up-to-date: /home/wheeltec/wheeltec_ros2/install/astra_msgs/share/astra_msgs/srv/SetUVCExposure_Request.msg
[6.241s] -- Up-to-date: /home/wheeltec/wheeltec_ros2/install/astra_msgs/share/astra_msgs/srv/SetUVCExposure_Response.msg
[6.241s] -- Up-to-date: /home/wheeltec/wheeltec_ros2/install/astra_msgs/share/astra_msgs/srv/SetUVCGain.srv
[6.242s] -- Up-to-date: /home/wheeltec/wheeltec_ros2/install/astra_msgs/share/astra_msgs/srv/SetUVCGain_Request.msg
[6.242s] -- Up-to-date: /home/wheeltec/wheeltec_ros2/install/astra_msgs/share/astra_msgs/srv/SetUVCGain_Response.msg
[6.243s] -- Up-to-date: /home/wheeltec/wheeltec_ros2/install/astra_msgs/share/astra_msgs/srv/SetUVCWhiteBalance.srv
[6.244s] -- Up-to-date: /home/wheeltec/wheeltec_ros2/install/astra_msgs/share/astra_msgs/srv/SetUVCWhiteBalance_Request.msg
[6.244s] -- Up-to-date: /home/wheeltec/wheeltec_ros2/install/astra_msgs/share/astra_msgs/srv/SetUVCWhiteBalance_Response.msg
[6.245s] -- Up-to-date: /home/wheeltec/wheeltec_ros2/install/astra_msgs/share/astra_msgs/srv/SwitchIRCamera.srv
[6.245s] -- Up-to-date: /home/wheeltec/wheeltec_ros2/install/astra_msgs/share/astra_msgs/srv/SwitchIRCamera_Request.msg
[6.246s] -- Up-to-date: /home/wheeltec/wheeltec_ros2/install/astra_msgs/share/astra_msgs/srv/SwitchIRCamera_Response.msg
[6.246s] -- Up-to-date: /home/wheeltec/wheeltec_ros2/install/astra_msgs/share/ament_index/resource_index/package_run_dependencies/astra_msgs
[6.247s] -- Up-to-date: /home/wheeltec/wheeltec_ros2/install/astra_msgs/share/ament_index/resource_index/parent_prefix_path/astra_msgs
[6.248s] -- Up-to-date: /home/wheeltec/wheeltec_ros2/install/astra_msgs/share/astra_msgs/environment/ament_prefix_path.sh
[6.248s] -- Up-to-date: /home/wheeltec/wheeltec_ros2/install/astra_msgs/share/astra_msgs/environment/ament_prefix_path.dsv
[6.248s] -- Up-to-date: /home/wheeltec/wheeltec_ros2/install/astra_msgs/share/astra_msgs/environment/path.sh
[6.249s] -- Up-to-date: /home/wheeltec/wheeltec_ros2/install/astra_msgs/share/astra_msgs/environment/path.dsv
[6.249s] -- Up-to-date: /home/wheeltec/wheeltec_ros2/install/astra_msgs/share/astra_msgs/local_setup.bash
[6.250s] -- Up-to-date: /home/wheeltec/wheeltec_ros2/install/astra_msgs/share/astra_msgs/local_setup.sh
[6.250s] -- Up-to-date: /home/wheeltec/wheeltec_ros2/install/astra_msgs/share/astra_msgs/local_setup.zsh
[6.250s] -- Up-to-date: /home/wheeltec/wheeltec_ros2/install/astra_msgs/share/astra_msgs/local_setup.dsv
[6.251s] -- Installing: /home/wheeltec/wheeltec_ros2/install/astra_msgs/share/astra_msgs/package.dsv
[6.251s] -- Up-to-date: /home/wheeltec/wheeltec_ros2/install/astra_msgs/share/ament_index/resource_index/packages/astra_msgs
[6.252s] -- Up-to-date: /home/wheeltec/wheeltec_ros2/install/astra_msgs/share/astra_msgs/cmake/astra_msgs__rosidl_generator_cExport.cmake
[6.252s] -- Up-to-date: /home/wheeltec/wheeltec_ros2/install/astra_msgs/share/astra_msgs/cmake/astra_msgs__rosidl_generator_cExport-noconfig.cmake
[6.253s] -- Up-to-date: /home/wheeltec/wheeltec_ros2/install/astra_msgs/share/astra_msgs/cmake/astra_msgs__rosidl_typesupport_introspection_cExport.cmake
[6.253s] -- Up-to-date: /home/wheeltec/wheeltec_ros2/install/astra_msgs/share/astra_msgs/cmake/astra_msgs__rosidl_typesupport_introspection_cExport-noconfig.cmake
[6.254s] -- Up-to-date: /home/wheeltec/wheeltec_ros2/install/astra_msgs/share/astra_msgs/cmake/astra_msgs__rosidl_typesupport_cExport.cmake
[6.254s] -- Up-to-date: /home/wheeltec/wheeltec_ros2/install/astra_msgs/share/astra_msgs/cmake/astra_msgs__rosidl_typesupport_cExport-noconfig.cmake
[6.269s] -- Up-to-date: /home/wheeltec/wheeltec_ros2/install/astra_msgs/share/astra_msgs/cmake/astra_msgs__rosidl_generator_cppExport.cmake
[6.270s] -- Up-to-date: /home/wheeltec/wheeltec_ros2/install/astra_msgs/share/astra_msgs/cmake/astra_msgs__rosidl_typesupport_introspection_cppExport.cmake
[6.271s] -- Up-to-date: /home/wheeltec/wheeltec_ros2/install/astra_msgs/share/astra_msgs/cmake/astra_msgs__rosidl_typesupport_introspection_cppExport-noconfig.cmake
[6.272s] -- Up-to-date: /home/wheeltec/wheeltec_ros2/install/astra_msgs/share/astra_msgs/cmake/astra_msgs__rosidl_typesupport_cppExport.cmake
[6.273s] -- Up-to-date: /home/wheeltec/wheeltec_ros2/install/astra_msgs/share/astra_msgs/cmake/astra_msgs__rosidl_typesupport_cppExport-noconfig.cmake
[6.274s] -- Up-to-date: /home/wheeltec/wheeltec_ros2/install/astra_msgs/share/astra_msgs/cmake/rosidl_cmake-extras.cmake
[6.275s] -- Up-to-date: /home/wheeltec/wheeltec_ros2/install/astra_msgs/share/astra_msgs/cmake/ament_cmake_export_dependencies-extras.cmake
[6.276s] -- Up-to-date: /home/wheeltec/wheeltec_ros2/install/astra_msgs/share/astra_msgs/cmake/ament_cmake_export_libraries-extras.cmake
[6.277s] -- Up-to-date: /home/wheeltec/wheeltec_ros2/install/astra_msgs/share/astra_msgs/cmake/ament_cmake_export_targets-extras.cmake
[6.277s] -- Up-to-date: /home/wheeltec/wheeltec_ros2/install/astra_msgs/share/astra_msgs/cmake/ament_cmake_export_include_directories-extras.cmake
[6.278s] -- Up-to-date: /home/wheeltec/wheeltec_ros2/install/astra_msgs/share/astra_msgs/cmake/rosidl_cmake_export_typesupport_libraries-extras.cmake
[6.279s] -- Up-to-date: /home/wheeltec/wheeltec_ros2/install/astra_msgs/share/astra_msgs/cmake/rosidl_cmake_export_typesupport_targets-extras.cmake
[6.285s] -- Up-to-date: /home/wheeltec/wheeltec_ros2/install/astra_msgs/share/astra_msgs/cmake/astra_msgsConfig.cmake
[6.295s] -- Up-to-date: /home/wheeltec/wheeltec_ros2/install/astra_msgs/share/astra_msgs/cmake/astra_msgsConfig-version.cmake
[6.296s] -- Up-to-date: /home/wheeltec/wheeltec_ros2/install/astra_msgs/share/astra_msgs/package.xml
[6.305s] Invoked command in '/home/wheeltec/wheeltec_ros2/build/astra_msgs' returned '0': CMAKE_PREFIX_PATH=${CMAKE_PREFIX_PATH}:/home/wheeltec/wheeltec_ros2/install/wheeltec_robot_keyboard:/home/wheeltec/wheeltec_ros2/install/tf2_tools:/home/wheeltec/wheeltec_ros2/install/nav2_gazebo_spawner:/opt/ros/galactic /usr/bin/cmake --install /home/wheeltec/wheeltec_ros2/build/astra_msgs
