[0.229s] Invoking command in '/home/wheeltec/wheeltec_ros2/build/nav_2d_msgs': CMAKE_PREFIX_PATH=${CMAKE_PREFIX_PATH}:/home/wheeltec/wheeltec_ros2/install/wheeltec_robot_keyboard:/home/wheeltec/wheeltec_ros2/install/tf2_tools:/home/wheeltec/wheeltec_ros2/install/nav2_gazebo_spawner:/opt/ros/galactic /usr/bin/cmake --build /home/wheeltec/wheeltec_ros2/build/nav_2d_msgs -- -j4 -l4
[0.659s] [ 11%] Built target nav_2d_msgs__rosidl_generator_c
[0.766s] [ 12%] Built target nav_2d_msgs__cpp
[0.925s] [ 23%] Built target nav_2d_msgs__rosidl_typesupport_introspection_c
[1.094s] [ 35%] Built target nav_2d_msgs__rosidl_typesupport_introspection_cpp
[1.263s] [ 46%] Built target nav_2d_msgs__rosidl_typesupport_fastrtps_cpp
[1.398s] [ 57%] Built target nav_2d_msgs__rosidl_typesupport_cpp
[1.580s] [ 69%] Built target nav_2d_msgs__rosidl_typesupport_fastrtps_c
[1.723s] [ 80%] Built target nav_2d_msgs__rosidl_typesupport_c
[1.829s] [ 80%] Built target nav_2d_msgs
[1.949s] [ 81%] Built target nav_2d_msgs__py
[2.137s] [ 91%] Built target nav_2d_msgs__python
[2.321s] [ 94%] Built target nav_2d_msgs__rosidl_typesupport_introspection_c__pyext
[2.481s] [ 97%] Built target nav_2d_msgs__rosidl_typesupport_c__pyext
[2.644s] [100%] Built target nav_2d_msgs__rosidl_typesupport_fastrtps_c__pyext
[2.711s] Invoked command in '/home/wheeltec/wheeltec_ros2/build/nav_2d_msgs' returned '0': CMAKE_PREFIX_PATH=${CMAKE_PREFIX_PATH}:/home/wheeltec/wheeltec_ros2/install/wheeltec_robot_keyboard:/home/wheeltec/wheeltec_ros2/install/tf2_tools:/home/wheeltec/wheeltec_ros2/install/nav2_gazebo_spawner:/opt/ros/galactic /usr/bin/cmake --build /home/wheeltec/wheeltec_ros2/build/nav_2d_msgs -- -j4 -l4
[3.689s] Invoking command in '/home/wheeltec/wheeltec_ros2/build/nav_2d_msgs': CMAKE_PREFIX_PATH=${CMAKE_PREFIX_PATH}:/home/wheeltec/wheeltec_ros2/install/wheeltec_robot_keyboard:/home/wheeltec/wheeltec_ros2/install/tf2_tools:/home/wheeltec/wheeltec_ros2/install/nav2_gazebo_spawner:/opt/ros/galactic /usr/bin/cmake --install /home/wheeltec/wheeltec_ros2/build/nav_2d_msgs
[3.909s] -- Install configuration: ""
[3.910s] -- Up-to-date: /home/wheeltec/wheeltec_ros2/install/nav_2d_msgs/share/ament_index/resource_index/rosidl_interfaces/nav_2d_msgs
[3.910s] -- Up-to-date: /home/wheeltec/wheeltec_ros2/install/nav_2d_msgs/include/nav_2d_msgs
[3.911s] -- Up-to-date: /home/wheeltec/wheeltec_ros2/install/nav_2d_msgs/include/nav_2d_msgs/msg
[3.911s] -- Up-to-date: /home/wheeltec/wheeltec_ros2/install/nav_2d_msgs/include/nav_2d_msgs/msg/twist2_d.h
[3.911s] -- Up-to-date: /home/wheeltec/wheeltec_ros2/install/nav_2d_msgs/include/nav_2d_msgs/msg/pose2_d32.h
[3.912s] -- Up-to-date: /home/wheeltec/wheeltec_ros2/install/nav_2d_msgs/include/nav_2d_msgs/msg/twist2_d_stamped.h
[3.912s] -- Up-to-date: /home/wheeltec/wheeltec_ros2/install/nav_2d_msgs/include/nav_2d_msgs/msg/detail
[3.912s] -- Up-to-date: /home/wheeltec/wheeltec_ros2/install/nav_2d_msgs/include/nav_2d_msgs/msg/detail/twist2_d__struct.h
[3.919s] -- Up-to-date: /home/wheeltec/wheeltec_ros2/install/nav_2d_msgs/include/nav_2d_msgs/msg/detail/path2_d__struct.h
[3.920s] -- Up-to-date: /home/wheeltec/wheeltec_ros2/install/nav_2d_msgs/include/nav_2d_msgs/msg/detail/pose2_d_stamped__functions.h
[3.920s] -- Up-to-date: /home/wheeltec/wheeltec_ros2/install/nav_2d_msgs/include/nav_2d_msgs/msg/detail/twist2_d_stamped__functions.c
[3.921s] -- Up-to-date: /home/wheeltec/wheeltec_ros2/install/nav_2d_msgs/include/nav_2d_msgs/msg/detail/twist2_d32__functions.h
[3.921s] -- Up-to-date: /home/wheeltec/wheeltec_ros2/install/nav_2d_msgs/include/nav_2d_msgs/msg/detail/twist2_d32__struct.h
[3.922s] -- Up-to-date: /home/wheeltec/wheeltec_ros2/install/nav_2d_msgs/include/nav_2d_msgs/msg/detail/pose2_d32__struct.h
[3.922s] -- Up-to-date: /home/wheeltec/wheeltec_ros2/install/nav_2d_msgs/include/nav_2d_msgs/msg/detail/path2_d__functions.c
[3.923s] -- Up-to-date: /home/wheeltec/wheeltec_ros2/install/nav_2d_msgs/include/nav_2d_msgs/msg/detail/path2_d__type_support.h
[3.923s] -- Up-to-date: /home/wheeltec/wheeltec_ros2/install/nav_2d_msgs/include/nav_2d_msgs/msg/detail/pose2_d_stamped__type_support.h
[3.923s] -- Up-to-date: /home/wheeltec/wheeltec_ros2/install/nav_2d_msgs/include/nav_2d_msgs/msg/detail/twist2_d_stamped__functions.h
[3.924s] -- Up-to-date: /home/wheeltec/wheeltec_ros2/install/nav_2d_msgs/include/nav_2d_msgs/msg/detail/pose2_d_stamped__struct.h
[3.924s] -- Up-to-date: /home/wheeltec/wheeltec_ros2/install/nav_2d_msgs/include/nav_2d_msgs/msg/detail/twist2_d__functions.c
[3.925s] -- Up-to-date: /home/wheeltec/wheeltec_ros2/install/nav_2d_msgs/include/nav_2d_msgs/msg/detail/twist2_d_stamped__struct.h
[3.925s] -- Up-to-date: /home/wheeltec/wheeltec_ros2/install/nav_2d_msgs/include/nav_2d_msgs/msg/detail/twist2_d32__functions.c
[3.925s] -- Up-to-date: /home/wheeltec/wheeltec_ros2/install/nav_2d_msgs/include/nav_2d_msgs/msg/detail/twist2_d_stamped__type_support.h
[3.926s] -- Up-to-date: /home/wheeltec/wheeltec_ros2/install/nav_2d_msgs/include/nav_2d_msgs/msg/detail/pose2_d_stamped__functions.c
[3.926s] -- Up-to-date: /home/wheeltec/wheeltec_ros2/install/nav_2d_msgs/include/nav_2d_msgs/msg/detail/pose2_d32__type_support.h
[3.927s] -- Up-to-date: /home/wheeltec/wheeltec_ros2/install/nav_2d_msgs/include/nav_2d_msgs/msg/detail/pose2_d32__functions.c
[3.927s] -- Up-to-date: /home/wheeltec/wheeltec_ros2/install/nav_2d_msgs/include/nav_2d_msgs/msg/detail/path2_d__functions.h
[3.928s] -- Up-to-date: /home/wheeltec/wheeltec_ros2/install/nav_2d_msgs/include/nav_2d_msgs/msg/detail/pose2_d32__functions.h
[3.928s] -- Up-to-date: /home/wheeltec/wheeltec_ros2/install/nav_2d_msgs/include/nav_2d_msgs/msg/detail/twist2_d32__type_support.h
[3.928s] -- Up-to-date: /home/wheeltec/wheeltec_ros2/install/nav_2d_msgs/include/nav_2d_msgs/msg/detail/twist2_d__functions.h
[3.929s] -- Up-to-date: /home/wheeltec/wheeltec_ros2/install/nav_2d_msgs/include/nav_2d_msgs/msg/detail/twist2_d__type_support.h
[3.929s] -- Up-to-date: /home/wheeltec/wheeltec_ros2/install/nav_2d_msgs/include/nav_2d_msgs/msg/path2_d.h
[3.930s] -- Up-to-date: /home/wheeltec/wheeltec_ros2/install/nav_2d_msgs/include/nav_2d_msgs/msg/pose2_d_stamped.h
[3.930s] -- Up-to-date: /home/wheeltec/wheeltec_ros2/install/nav_2d_msgs/include/nav_2d_msgs/msg/rosidl_generator_c__visibility_control.h
[3.931s] -- Up-to-date: /home/wheeltec/wheeltec_ros2/install/nav_2d_msgs/include/nav_2d_msgs/msg/twist2_d32.h
[3.931s] -- Up-to-date: /home/wheeltec/wheeltec_ros2/install/nav_2d_msgs/share/nav_2d_msgs/environment/library_path.sh
[3.931s] -- Up-to-date: /home/wheeltec/wheeltec_ros2/install/nav_2d_msgs/share/nav_2d_msgs/environment/library_path.dsv
[3.932s] -- Up-to-date: /home/wheeltec/wheeltec_ros2/install/nav_2d_msgs/lib/libnav_2d_msgs__rosidl_generator_c.so
[3.932s] -- Up-to-date: /home/wheeltec/wheeltec_ros2/install/nav_2d_msgs/include/nav_2d_msgs
[3.933s] -- Up-to-date: /home/wheeltec/wheeltec_ros2/install/nav_2d_msgs/include/nav_2d_msgs/msg
[3.933s] -- Up-to-date: /home/wheeltec/wheeltec_ros2/install/nav_2d_msgs/include/nav_2d_msgs/msg/rosidl_typesupport_fastrtps_c__visibility_control.h
[3.933s] -- Up-to-date: /home/wheeltec/wheeltec_ros2/install/nav_2d_msgs/include/nav_2d_msgs/msg/detail
[3.934s] -- Up-to-date: /home/wheeltec/wheeltec_ros2/install/nav_2d_msgs/include/nav_2d_msgs/msg/detail/twist2_d__rosidl_typesupport_fastrtps_c.h
[3.934s] -- Up-to-date: /home/wheeltec/wheeltec_ros2/install/nav_2d_msgs/include/nav_2d_msgs/msg/detail/pose2_d_stamped__rosidl_typesupport_fastrtps_c.h
[3.935s] -- Up-to-date: /home/wheeltec/wheeltec_ros2/install/nav_2d_msgs/include/nav_2d_msgs/msg/detail/pose2_d32__rosidl_typesupport_fastrtps_c.h
[3.935s] -- Up-to-date: /home/wheeltec/wheeltec_ros2/install/nav_2d_msgs/include/nav_2d_msgs/msg/detail/twist2_d_stamped__rosidl_typesupport_fastrtps_c.h
[3.936s] -- Up-to-date: /home/wheeltec/wheeltec_ros2/install/nav_2d_msgs/include/nav_2d_msgs/msg/detail/path2_d__rosidl_typesupport_fastrtps_c.h
[3.941s] -- Up-to-date: /home/wheeltec/wheeltec_ros2/install/nav_2d_msgs/include/nav_2d_msgs/msg/detail/twist2_d32__rosidl_typesupport_fastrtps_c.h
[3.942s] -- Up-to-date: /home/wheeltec/wheeltec_ros2/install/nav_2d_msgs/lib/libnav_2d_msgs__rosidl_typesupport_fastrtps_c.so
[3.942s] -- Up-to-date: /home/wheeltec/wheeltec_ros2/install/nav_2d_msgs/include/nav_2d_msgs
[3.943s] -- Up-to-date: /home/wheeltec/wheeltec_ros2/install/nav_2d_msgs/include/nav_2d_msgs/msg
[3.944s] -- Up-to-date: /home/wheeltec/wheeltec_ros2/install/nav_2d_msgs/include/nav_2d_msgs/msg/detail
[3.944s] -- Up-to-date: /home/wheeltec/wheeltec_ros2/install/nav_2d_msgs/include/nav_2d_msgs/msg/detail/dds_fastrtps
[3.945s] -- Up-to-date: /home/wheeltec/wheeltec_ros2/install/nav_2d_msgs/include/nav_2d_msgs/msg/detail/twist2_d32__rosidl_typesupport_fastrtps_cpp.hpp
[3.953s] -- Up-to-date: /home/wheeltec/wheeltec_ros2/install/nav_2d_msgs/include/nav_2d_msgs/msg/detail/pose2_d32__rosidl_typesupport_fastrtps_cpp.hpp
[3.954s] -- Up-to-date: /home/wheeltec/wheeltec_ros2/install/nav_2d_msgs/include/nav_2d_msgs/msg/detail/twist2_d_stamped__rosidl_typesupport_fastrtps_cpp.hpp
[3.955s] -- Up-to-date: /home/wheeltec/wheeltec_ros2/install/nav_2d_msgs/include/nav_2d_msgs/msg/detail/twist2_d__rosidl_typesupport_fastrtps_cpp.hpp
[3.955s] -- Up-to-date: /home/wheeltec/wheeltec_ros2/install/nav_2d_msgs/include/nav_2d_msgs/msg/detail/pose2_d_stamped__rosidl_typesupport_fastrtps_cpp.hpp
[3.956s] -- Up-to-date: /home/wheeltec/wheeltec_ros2/install/nav_2d_msgs/include/nav_2d_msgs/msg/detail/path2_d__rosidl_typesupport_fastrtps_cpp.hpp
[3.964s] -- Up-to-date: /home/wheeltec/wheeltec_ros2/install/nav_2d_msgs/include/nav_2d_msgs/msg/rosidl_typesupport_fastrtps_cpp__visibility_control.h
[3.965s] -- Up-to-date: /home/wheeltec/wheeltec_ros2/install/nav_2d_msgs/lib/libnav_2d_msgs__rosidl_typesupport_fastrtps_cpp.so
[3.965s] -- Up-to-date: /home/wheeltec/wheeltec_ros2/install/nav_2d_msgs/include/nav_2d_msgs
[3.966s] -- Up-to-date: /home/wheeltec/wheeltec_ros2/install/nav_2d_msgs/include/nav_2d_msgs/msg
[3.967s] -- Up-to-date: /home/wheeltec/wheeltec_ros2/install/nav_2d_msgs/include/nav_2d_msgs/msg/rosidl_typesupport_introspection_c__visibility_control.h
[3.968s] -- Up-to-date: /home/wheeltec/wheeltec_ros2/install/nav_2d_msgs/include/nav_2d_msgs/msg/detail
[3.969s] -- Up-to-date: /home/wheeltec/wheeltec_ros2/install/nav_2d_msgs/include/nav_2d_msgs/msg/detail/path2_d__rosidl_typesupport_introspection_c.h
[3.972s] -- Up-to-date: /home/wheeltec/wheeltec_ros2/install/nav_2d_msgs/include/nav_2d_msgs/msg/detail/pose2_d_stamped__type_support.c
[3.973s] -- Up-to-date: /home/wheeltec/wheeltec_ros2/install/nav_2d_msgs/include/nav_2d_msgs/msg/detail/pose2_d32__type_support.c
[3.975s] -- Up-to-date: /home/wheeltec/wheeltec_ros2/install/nav_2d_msgs/include/nav_2d_msgs/msg/detail/path2_d__type_support.c
[3.977s] -- Up-to-date: /home/wheeltec/wheeltec_ros2/install/nav_2d_msgs/include/nav_2d_msgs/msg/detail/twist2_d__rosidl_typesupport_introspection_c.h
[3.978s] -- Up-to-date: /home/wheeltec/wheeltec_ros2/install/nav_2d_msgs/include/nav_2d_msgs/msg/detail/twist2_d32__type_support.c
[3.978s] -- Up-to-date: /home/wheeltec/wheeltec_ros2/install/nav_2d_msgs/include/nav_2d_msgs/msg/detail/pose2_d_stamped__rosidl_typesupport_introspection_c.h
[3.980s] -- Up-to-date: /home/wheeltec/wheeltec_ros2/install/nav_2d_msgs/include/nav_2d_msgs/msg/detail/twist2_d_stamped__rosidl_typesupport_introspection_c.h
[3.982s] -- Up-to-date: /home/wheeltec/wheeltec_ros2/install/nav_2d_msgs/include/nav_2d_msgs/msg/detail/twist2_d__type_support.c
[3.982s] -- Up-to-date: /home/wheeltec/wheeltec_ros2/install/nav_2d_msgs/include/nav_2d_msgs/msg/detail/twist2_d32__rosidl_typesupport_introspection_c.h
[3.983s] -- Up-to-date: /home/wheeltec/wheeltec_ros2/install/nav_2d_msgs/include/nav_2d_msgs/msg/detail/pose2_d32__rosidl_typesupport_introspection_c.h
[3.983s] -- Up-to-date: /home/wheeltec/wheeltec_ros2/install/nav_2d_msgs/include/nav_2d_msgs/msg/detail/twist2_d_stamped__type_support.c
[3.983s] -- Up-to-date: /home/wheeltec/wheeltec_ros2/install/nav_2d_msgs/lib/libnav_2d_msgs__rosidl_typesupport_introspection_c.so
[3.984s] -- Up-to-date: /home/wheeltec/wheeltec_ros2/install/nav_2d_msgs/lib/libnav_2d_msgs__rosidl_typesupport_c.so
[3.985s] -- Up-to-date: /home/wheeltec/wheeltec_ros2/install/nav_2d_msgs/include/nav_2d_msgs
[3.986s] -- Up-to-date: /home/wheeltec/wheeltec_ros2/install/nav_2d_msgs/include/nav_2d_msgs/msg
[3.987s] -- Up-to-date: /home/wheeltec/wheeltec_ros2/install/nav_2d_msgs/include/nav_2d_msgs/msg/pose2_d_stamped.hpp
[3.988s] -- Up-to-date: /home/wheeltec/wheeltec_ros2/install/nav_2d_msgs/include/nav_2d_msgs/msg/twist2_d32.hpp
[3.989s] -- Up-to-date: /home/wheeltec/wheeltec_ros2/install/nav_2d_msgs/include/nav_2d_msgs/msg/pose2_d32.hpp
[3.990s] -- Up-to-date: /home/wheeltec/wheeltec_ros2/install/nav_2d_msgs/include/nav_2d_msgs/msg/path2_d.hpp
[3.991s] -- Up-to-date: /home/wheeltec/wheeltec_ros2/install/nav_2d_msgs/include/nav_2d_msgs/msg/twist2_d_stamped.hpp
[3.991s] -- Up-to-date: /home/wheeltec/wheeltec_ros2/install/nav_2d_msgs/include/nav_2d_msgs/msg/detail
[3.992s] -- Up-to-date: /home/wheeltec/wheeltec_ros2/install/nav_2d_msgs/include/nav_2d_msgs/msg/detail/pose2_d32__struct.hpp
[3.992s] -- Up-to-date: /home/wheeltec/wheeltec_ros2/install/nav_2d_msgs/include/nav_2d_msgs/msg/detail/path2_d__struct.hpp
[3.993s] -- Up-to-date: /home/wheeltec/wheeltec_ros2/install/nav_2d_msgs/include/nav_2d_msgs/msg/detail/twist2_d32__struct.hpp
[3.994s] -- Up-to-date: /home/wheeltec/wheeltec_ros2/install/nav_2d_msgs/include/nav_2d_msgs/msg/detail/path2_d__builder.hpp
[3.995s] -- Up-to-date: /home/wheeltec/wheeltec_ros2/install/nav_2d_msgs/include/nav_2d_msgs/msg/detail/twist2_d__struct.hpp
[3.996s] -- Up-to-date: /home/wheeltec/wheeltec_ros2/install/nav_2d_msgs/include/nav_2d_msgs/msg/detail/pose2_d_stamped__traits.hpp
[3.997s] -- Up-to-date: /home/wheeltec/wheeltec_ros2/install/nav_2d_msgs/include/nav_2d_msgs/msg/detail/pose2_d_stamped__builder.hpp
[3.998s] -- Up-to-date: /home/wheeltec/wheeltec_ros2/install/nav_2d_msgs/include/nav_2d_msgs/msg/detail/twist2_d_stamped__builder.hpp
[3.999s] -- Up-to-date: /home/wheeltec/wheeltec_ros2/install/nav_2d_msgs/include/nav_2d_msgs/msg/detail/pose2_d32__builder.hpp
[4.000s] -- Up-to-date: /home/wheeltec/wheeltec_ros2/install/nav_2d_msgs/include/nav_2d_msgs/msg/detail/path2_d__traits.hpp
[4.000s] -- Up-to-date: /home/wheeltec/wheeltec_ros2/install/nav_2d_msgs/include/nav_2d_msgs/msg/detail/twist2_d_stamped__struct.hpp
[4.001s] -- Up-to-date: /home/wheeltec/wheeltec_ros2/install/nav_2d_msgs/include/nav_2d_msgs/msg/detail/twist2_d32__traits.hpp
[4.001s] -- Up-to-date: /home/wheeltec/wheeltec_ros2/install/nav_2d_msgs/include/nav_2d_msgs/msg/detail/twist2_d__builder.hpp
[4.002s] -- Up-to-date: /home/wheeltec/wheeltec_ros2/install/nav_2d_msgs/include/nav_2d_msgs/msg/detail/twist2_d_stamped__traits.hpp
[4.015s] -- Up-to-date: /home/wheeltec/wheeltec_ros2/install/nav_2d_msgs/include/nav_2d_msgs/msg/detail/pose2_d_stamped__struct.hpp
[4.015s] -- Up-to-date: /home/wheeltec/wheeltec_ros2/install/nav_2d_msgs/include/nav_2d_msgs/msg/detail/twist2_d__traits.hpp
[4.016s] -- Up-to-date: /home/wheeltec/wheeltec_ros2/install/nav_2d_msgs/include/nav_2d_msgs/msg/detail/twist2_d32__builder.hpp
[4.016s] -- Up-to-date: /home/wheeltec/wheeltec_ros2/install/nav_2d_msgs/include/nav_2d_msgs/msg/detail/pose2_d32__traits.hpp
[4.016s] -- Up-to-date: /home/wheeltec/wheeltec_ros2/install/nav_2d_msgs/include/nav_2d_msgs/msg/twist2_d.hpp
[4.017s] -- Up-to-date: /home/wheeltec/wheeltec_ros2/install/nav_2d_msgs/include/nav_2d_msgs
[4.018s] -- Up-to-date: /home/wheeltec/wheeltec_ros2/install/nav_2d_msgs/include/nav_2d_msgs/msg
[4.018s] -- Up-to-date: /home/wheeltec/wheeltec_ros2/install/nav_2d_msgs/include/nav_2d_msgs/msg/detail
[4.018s] -- Up-to-date: /home/wheeltec/wheeltec_ros2/install/nav_2d_msgs/include/nav_2d_msgs/msg/detail/path2_d__rosidl_typesupport_introspection_cpp.hpp
[4.019s] -- Up-to-date: /home/wheeltec/wheeltec_ros2/install/nav_2d_msgs/include/nav_2d_msgs/msg/detail/pose2_d32__type_support.cpp
[4.019s] -- Up-to-date: /home/wheeltec/wheeltec_ros2/install/nav_2d_msgs/include/nav_2d_msgs/msg/detail/pose2_d_stamped__rosidl_typesupport_introspection_cpp.hpp
[4.020s] -- Up-to-date: /home/wheeltec/wheeltec_ros2/install/nav_2d_msgs/include/nav_2d_msgs/msg/detail/twist2_d__rosidl_typesupport_introspection_cpp.hpp
[4.020s] -- Up-to-date: /home/wheeltec/wheeltec_ros2/install/nav_2d_msgs/include/nav_2d_msgs/msg/detail/twist2_d_stamped__rosidl_typesupport_introspection_cpp.hpp
[4.021s] -- Up-to-date: /home/wheeltec/wheeltec_ros2/install/nav_2d_msgs/include/nav_2d_msgs/msg/detail/twist2_d32__rosidl_typesupport_introspection_cpp.hpp
[4.021s] -- Up-to-date: /home/wheeltec/wheeltec_ros2/install/nav_2d_msgs/include/nav_2d_msgs/msg/detail/twist2_d__type_support.cpp
[4.022s] -- Up-to-date: /home/wheeltec/wheeltec_ros2/install/nav_2d_msgs/include/nav_2d_msgs/msg/detail/path2_d__type_support.cpp
[4.022s] -- Up-to-date: /home/wheeltec/wheeltec_ros2/install/nav_2d_msgs/include/nav_2d_msgs/msg/detail/twist2_d32__type_support.cpp
[4.023s] -- Up-to-date: /home/wheeltec/wheeltec_ros2/install/nav_2d_msgs/include/nav_2d_msgs/msg/detail/pose2_d32__rosidl_typesupport_introspection_cpp.hpp
[4.023s] -- Up-to-date: /home/wheeltec/wheeltec_ros2/install/nav_2d_msgs/include/nav_2d_msgs/msg/detail/pose2_d_stamped__type_support.cpp
[4.023s] -- Up-to-date: /home/wheeltec/wheeltec_ros2/install/nav_2d_msgs/include/nav_2d_msgs/msg/detail/twist2_d_stamped__type_support.cpp
[4.024s] -- Up-to-date: /home/wheeltec/wheeltec_ros2/install/nav_2d_msgs/lib/libnav_2d_msgs__rosidl_typesupport_introspection_cpp.so
[4.024s] -- Up-to-date: /home/wheeltec/wheeltec_ros2/install/nav_2d_msgs/lib/libnav_2d_msgs__rosidl_typesupport_cpp.so
[4.025s] -- Up-to-date: /home/wheeltec/wheeltec_ros2/install/nav_2d_msgs/share/nav_2d_msgs/environment/pythonpath.sh
[4.025s] -- Up-to-date: /home/wheeltec/wheeltec_ros2/install/nav_2d_msgs/share/nav_2d_msgs/environment/pythonpath.dsv
[4.025s] -- Up-to-date: /home/wheeltec/wheeltec_ros2/install/nav_2d_msgs/lib/python3.8/site-packages/nav_2d_msgs/__init__.py
[4.026s] -- Up-to-date: /home/wheeltec/wheeltec_ros2/install/nav_2d_msgs/lib/python3.8/site-packages/nav_2d_msgs/msg
[4.027s] -- Up-to-date: /home/wheeltec/wheeltec_ros2/install/nav_2d_msgs/lib/python3.8/site-packages/nav_2d_msgs/msg/__init__.py
[4.027s] -- Up-to-date: /home/wheeltec/wheeltec_ros2/install/nav_2d_msgs/lib/python3.8/site-packages/nav_2d_msgs/msg/_path2_d_s.c
[4.027s] -- Up-to-date: /home/wheeltec/wheeltec_ros2/install/nav_2d_msgs/lib/python3.8/site-packages/nav_2d_msgs/msg/_twist2_d32_s.c
[4.028s] -- Up-to-date: /home/wheeltec/wheeltec_ros2/install/nav_2d_msgs/lib/python3.8/site-packages/nav_2d_msgs/msg/_twist2_d_s.c
[4.028s] -- Up-to-date: /home/wheeltec/wheeltec_ros2/install/nav_2d_msgs/lib/python3.8/site-packages/nav_2d_msgs/msg/_pose2_d32.py
[4.029s] -- Up-to-date: /home/wheeltec/wheeltec_ros2/install/nav_2d_msgs/lib/python3.8/site-packages/nav_2d_msgs/msg/_pose2_d_stamped_s.c
[4.029s] -- Up-to-date: /home/wheeltec/wheeltec_ros2/install/nav_2d_msgs/lib/python3.8/site-packages/nav_2d_msgs/msg/_twist2_d32.py
[4.029s] -- Up-to-date: /home/wheeltec/wheeltec_ros2/install/nav_2d_msgs/lib/python3.8/site-packages/nav_2d_msgs/msg/_pose2_d32_s.c
[4.030s] -- Up-to-date: /home/wheeltec/wheeltec_ros2/install/nav_2d_msgs/lib/python3.8/site-packages/nav_2d_msgs/msg/_pose2_d_stamped.py
[4.030s] -- Up-to-date: /home/wheeltec/wheeltec_ros2/install/nav_2d_msgs/lib/python3.8/site-packages/nav_2d_msgs/msg/_path2_d.py
[4.031s] -- Up-to-date: /home/wheeltec/wheeltec_ros2/install/nav_2d_msgs/lib/python3.8/site-packages/nav_2d_msgs/msg/_twist2_d.py
[4.031s] -- Up-to-date: /home/wheeltec/wheeltec_ros2/install/nav_2d_msgs/lib/python3.8/site-packages/nav_2d_msgs/msg/_twist2_d_stamped.py
[4.031s] -- Up-to-date: /home/wheeltec/wheeltec_ros2/install/nav_2d_msgs/lib/python3.8/site-packages/nav_2d_msgs/msg/_twist2_d_stamped_s.c
[4.032s] -- Up-to-date: /home/wheeltec/wheeltec_ros2/install/nav_2d_msgs/lib/python3.8/site-packages/nav_2d_msgs/nav_2d_msgs_s__rosidl_typesupport_fastrtps_c.cpython-38-aarch64-linux-gnu.so
[4.032s] -- Up-to-date: /home/wheeltec/wheeltec_ros2/install/nav_2d_msgs/lib/python3.8/site-packages/nav_2d_msgs/nav_2d_msgs_s__rosidl_typesupport_introspection_c.cpython-38-aarch64-linux-gnu.so
[4.033s] -- Up-to-date: /home/wheeltec/wheeltec_ros2/install/nav_2d_msgs/lib/python3.8/site-packages/nav_2d_msgs/nav_2d_msgs_s__rosidl_typesupport_c.cpython-38-aarch64-linux-gnu.so
[4.033s] -- Up-to-date: /home/wheeltec/wheeltec_ros2/install/nav_2d_msgs/lib/libnav_2d_msgs__python.so
[4.034s] -- Up-to-date: /home/wheeltec/wheeltec_ros2/install/nav_2d_msgs/share/nav_2d_msgs/msg/Path2D.idl
[4.035s] -- Up-to-date: /home/wheeltec/wheeltec_ros2/install/nav_2d_msgs/share/nav_2d_msgs/msg/Pose2D32.idl
[4.035s] -- Up-to-date: /home/wheeltec/wheeltec_ros2/install/nav_2d_msgs/share/nav_2d_msgs/msg/Pose2DStamped.idl
[4.036s] -- Up-to-date: /home/wheeltec/wheeltec_ros2/install/nav_2d_msgs/share/nav_2d_msgs/msg/Twist2D.idl
[4.036s] -- Up-to-date: /home/wheeltec/wheeltec_ros2/install/nav_2d_msgs/share/nav_2d_msgs/msg/Twist2D32.idl
[4.037s] -- Up-to-date: /home/wheeltec/wheeltec_ros2/install/nav_2d_msgs/share/nav_2d_msgs/msg/Twist2DStamped.idl
[4.037s] -- Up-to-date: /home/wheeltec/wheeltec_ros2/install/nav_2d_msgs/share/nav_2d_msgs/msg/Path2D.msg
[4.038s] -- Up-to-date: /home/wheeltec/wheeltec_ros2/install/nav_2d_msgs/share/nav_2d_msgs/msg/Pose2D32.msg
[4.038s] -- Up-to-date: /home/wheeltec/wheeltec_ros2/install/nav_2d_msgs/share/nav_2d_msgs/msg/Pose2DStamped.msg
[4.038s] -- Up-to-date: /home/wheeltec/wheeltec_ros2/install/nav_2d_msgs/share/nav_2d_msgs/msg/Twist2D.msg
[4.039s] -- Up-to-date: /home/wheeltec/wheeltec_ros2/install/nav_2d_msgs/share/nav_2d_msgs/msg/Twist2D32.msg
[4.040s] -- Up-to-date: /home/wheeltec/wheeltec_ros2/install/nav_2d_msgs/share/nav_2d_msgs/msg/Twist2DStamped.msg
[4.040s] -- Up-to-date: /home/wheeltec/wheeltec_ros2/install/nav_2d_msgs/share/ament_index/resource_index/package_run_dependencies/nav_2d_msgs
[4.041s] -- Up-to-date: /home/wheeltec/wheeltec_ros2/install/nav_2d_msgs/share/ament_index/resource_index/parent_prefix_path/nav_2d_msgs
[4.041s] -- Up-to-date: /home/wheeltec/wheeltec_ros2/install/nav_2d_msgs/share/nav_2d_msgs/environment/ament_prefix_path.sh
[4.042s] -- Up-to-date: /home/wheeltec/wheeltec_ros2/install/nav_2d_msgs/share/nav_2d_msgs/environment/ament_prefix_path.dsv
[4.042s] -- Up-to-date: /home/wheeltec/wheeltec_ros2/install/nav_2d_msgs/share/nav_2d_msgs/environment/path.sh
[4.043s] -- Up-to-date: /home/wheeltec/wheeltec_ros2/install/nav_2d_msgs/share/nav_2d_msgs/environment/path.dsv
[4.043s] -- Up-to-date: /home/wheeltec/wheeltec_ros2/install/nav_2d_msgs/share/nav_2d_msgs/local_setup.bash
[4.044s] -- Up-to-date: /home/wheeltec/wheeltec_ros2/install/nav_2d_msgs/share/nav_2d_msgs/local_setup.sh
[4.045s] -- Up-to-date: /home/wheeltec/wheeltec_ros2/install/nav_2d_msgs/share/nav_2d_msgs/local_setup.zsh
[4.045s] -- Up-to-date: /home/wheeltec/wheeltec_ros2/install/nav_2d_msgs/share/nav_2d_msgs/local_setup.dsv
[4.046s] -- Installing: /home/wheeltec/wheeltec_ros2/install/nav_2d_msgs/share/nav_2d_msgs/package.dsv
[4.046s] -- Up-to-date: /home/wheeltec/wheeltec_ros2/install/nav_2d_msgs/share/ament_index/resource_index/packages/nav_2d_msgs
[4.047s] -- Up-to-date: /home/wheeltec/wheeltec_ros2/install/nav_2d_msgs/share/nav_2d_msgs/cmake/nav_2d_msgs__rosidl_generator_cExport.cmake
[4.047s] -- Up-to-date: /home/wheeltec/wheeltec_ros2/install/nav_2d_msgs/share/nav_2d_msgs/cmake/nav_2d_msgs__rosidl_generator_cExport-noconfig.cmake
[4.047s] -- Up-to-date: /home/wheeltec/wheeltec_ros2/install/nav_2d_msgs/share/nav_2d_msgs/cmake/nav_2d_msgs__rosidl_typesupport_introspection_cExport.cmake
[4.048s] -- Up-to-date: /home/wheeltec/wheeltec_ros2/install/nav_2d_msgs/share/nav_2d_msgs/cmake/nav_2d_msgs__rosidl_typesupport_introspection_cExport-noconfig.cmake
[4.048s] -- Up-to-date: /home/wheeltec/wheeltec_ros2/install/nav_2d_msgs/share/nav_2d_msgs/cmake/nav_2d_msgs__rosidl_typesupport_cExport.cmake
[4.048s] -- Up-to-date: /home/wheeltec/wheeltec_ros2/install/nav_2d_msgs/share/nav_2d_msgs/cmake/nav_2d_msgs__rosidl_typesupport_cExport-noconfig.cmake
[4.049s] -- Up-to-date: /home/wheeltec/wheeltec_ros2/install/nav_2d_msgs/share/nav_2d_msgs/cmake/nav_2d_msgs__rosidl_generator_cppExport.cmake
[4.050s] -- Up-to-date: /home/wheeltec/wheeltec_ros2/install/nav_2d_msgs/share/nav_2d_msgs/cmake/nav_2d_msgs__rosidl_typesupport_introspection_cppExport.cmake
[4.051s] -- Up-to-date: /home/wheeltec/wheeltec_ros2/install/nav_2d_msgs/share/nav_2d_msgs/cmake/nav_2d_msgs__rosidl_typesupport_introspection_cppExport-noconfig.cmake
[4.052s] -- Up-to-date: /home/wheeltec/wheeltec_ros2/install/nav_2d_msgs/share/nav_2d_msgs/cmake/nav_2d_msgs__rosidl_typesupport_cppExport.cmake
[4.057s] -- Up-to-date: /home/wheeltec/wheeltec_ros2/install/nav_2d_msgs/share/nav_2d_msgs/cmake/nav_2d_msgs__rosidl_typesupport_cppExport-noconfig.cmake
[4.058s] -- Up-to-date: /home/wheeltec/wheeltec_ros2/install/nav_2d_msgs/share/nav_2d_msgs/cmake/rosidl_cmake-extras.cmake
[4.059s] -- Up-to-date: /home/wheeltec/wheeltec_ros2/install/nav_2d_msgs/share/nav_2d_msgs/cmake/ament_cmake_export_dependencies-extras.cmake
[4.059s] -- Up-to-date: /home/wheeltec/wheeltec_ros2/install/nav_2d_msgs/share/nav_2d_msgs/cmake/ament_cmake_export_libraries-extras.cmake
[4.060s] -- Up-to-date: /home/wheeltec/wheeltec_ros2/install/nav_2d_msgs/share/nav_2d_msgs/cmake/ament_cmake_export_targets-extras.cmake
[4.060s] -- Up-to-date: /home/wheeltec/wheeltec_ros2/install/nav_2d_msgs/share/nav_2d_msgs/cmake/ament_cmake_export_include_directories-extras.cmake
[4.060s] -- Up-to-date: /home/wheeltec/wheeltec_ros2/install/nav_2d_msgs/share/nav_2d_msgs/cmake/rosidl_cmake_export_typesupport_libraries-extras.cmake
[4.061s] -- Up-to-date: /home/wheeltec/wheeltec_ros2/install/nav_2d_msgs/share/nav_2d_msgs/cmake/rosidl_cmake_export_typesupport_targets-extras.cmake
[4.061s] -- Up-to-date: /home/wheeltec/wheeltec_ros2/install/nav_2d_msgs/share/nav_2d_msgs/cmake/nav_2d_msgsConfig.cmake
[4.062s] -- Up-to-date: /home/wheeltec/wheeltec_ros2/install/nav_2d_msgs/share/nav_2d_msgs/cmake/nav_2d_msgsConfig-version.cmake
[4.063s] -- Up-to-date: /home/wheeltec/wheeltec_ros2/install/nav_2d_msgs/share/nav_2d_msgs/package.xml
[4.282s] Invoked command in '/home/wheeltec/wheeltec_ros2/build/nav_2d_msgs' returned '0': CMAKE_PREFIX_PATH=${CMAKE_PREFIX_PATH}:/home/wheeltec/wheeltec_ros2/install/wheeltec_robot_keyboard:/home/wheeltec/wheeltec_ros2/install/tf2_tools:/home/wheeltec/wheeltec_ros2/install/nav2_gazebo_spawner:/opt/ros/galactic /usr/bin/cmake --install /home/wheeltec/wheeltec_ros2/build/nav_2d_msgs
