[0.137s] Invoking command in '/home/wheeltec/wheeltec_ros2/build/astra_camera_msgs': CMAKE_PREFIX_PATH=/opt/ros/galactic /usr/bin/cmake --build /home/wheeltec/wheeltec_ros2/build/astra_camera_msgs -- -j4 -l4
[0.432s] [  1%] Built target astra_camera_msgs__cpp
[0.458s] [ 12%] Built target astra_camera_msgs__rosidl_generator_c
[0.584s] [ 24%] Built target astra_camera_msgs__rosidl_typesupport_cpp
[0.585s] [ 35%] Built target astra_camera_msgs__rosidl_typesupport_introspection_cpp
[0.622s] [ 47%] Built target astra_camera_msgs__rosidl_typesupport_introspection_c
[0.657s] [ 58%] Built target astra_camera_msgs__rosidl_typesupport_fastrtps_cpp
[0.691s] [ 70%] Built target astra_camera_msgs__rosidl_typesupport_c
[0.813s] [ 82%] Built target astra_camera_msgs__rosidl_typesupport_fastrtps_c
[0.892s] [ 82%] Built target astra_camera_msgs
[0.965s] [ 83%] Built target astra_camera_msgs__py
[1.101s] [ 93%] Built target astra_camera_msgs__python
[1.231s] [ 95%] Built target astra_camera_msgs__rosidl_typesupport_introspection_c__pyext
[1.234s] [ 97%] Built target astra_camera_msgs__rosidl_typesupport_c__pyext
[1.256s] [100%] Built target astra_camera_msgs__rosidl_typesupport_fastrtps_c__pyext
[1.301s] Invoked command in '/home/wheeltec/wheeltec_ros2/build/astra_camera_msgs' returned '0': CMAKE_PREFIX_PATH=/opt/ros/galactic /usr/bin/cmake --build /home/wheeltec/wheeltec_ros2/build/astra_camera_msgs -- -j4 -l4
[2.114s] Invoking command in '/home/wheeltec/wheeltec_ros2/build/astra_camera_msgs': CMAKE_PREFIX_PATH=/opt/ros/galactic /usr/bin/cmake --install /home/wheeltec/wheeltec_ros2/build/astra_camera_msgs
[2.161s] -- Install configuration: ""
[2.161s] -- Up-to-date: /home/wheeltec/wheeltec_ros2/install/astra_camera_msgs/share/ament_index/resource_index/rosidl_interfaces/astra_camera_msgs
[2.162s] -- Up-to-date: /home/wheeltec/wheeltec_ros2/install/astra_camera_msgs/include/astra_camera_msgs
[2.162s] -- Up-to-date: /home/wheeltec/wheeltec_ros2/install/astra_camera_msgs/include/astra_camera_msgs/msg
[2.162s] -- Up-to-date: /home/wheeltec/wheeltec_ros2/install/astra_camera_msgs/include/astra_camera_msgs/msg/detail
[2.163s] -- Up-to-date: /home/wheeltec/wheeltec_ros2/install/astra_camera_msgs/include/astra_camera_msgs/msg/detail/device_info__functions.c
[2.163s] -- Up-to-date: /home/wheeltec/wheeltec_ros2/install/astra_camera_msgs/include/astra_camera_msgs/msg/detail/extrinsics__type_support.h
[2.164s] -- Up-to-date: /home/wheeltec/wheeltec_ros2/install/astra_camera_msgs/include/astra_camera_msgs/msg/detail/device_info__struct.h
[2.165s] -- Up-to-date: /home/wheeltec/wheeltec_ros2/install/astra_camera_msgs/include/astra_camera_msgs/msg/detail/metadata__functions.c
[2.166s] -- Up-to-date: /home/wheeltec/wheeltec_ros2/install/astra_camera_msgs/include/astra_camera_msgs/msg/detail/device_info__type_support.h
[2.166s] -- Up-to-date: /home/wheeltec/wheeltec_ros2/install/astra_camera_msgs/include/astra_camera_msgs/msg/detail/metadata__struct.h
[2.166s] -- Up-to-date: /home/wheeltec/wheeltec_ros2/install/astra_camera_msgs/include/astra_camera_msgs/msg/detail/extrinsics__functions.h
[2.167s] -- Up-to-date: /home/wheeltec/wheeltec_ros2/install/astra_camera_msgs/include/astra_camera_msgs/msg/detail/extrinsics__struct.h
[2.167s] -- Up-to-date: /home/wheeltec/wheeltec_ros2/install/astra_camera_msgs/include/astra_camera_msgs/msg/detail/metadata__functions.h
[2.167s] -- Up-to-date: /home/wheeltec/wheeltec_ros2/install/astra_camera_msgs/include/astra_camera_msgs/msg/detail/metadata__type_support.h
[2.168s] -- Up-to-date: /home/wheeltec/wheeltec_ros2/install/astra_camera_msgs/include/astra_camera_msgs/msg/detail/device_info__functions.h
[2.168s] -- Up-to-date: /home/wheeltec/wheeltec_ros2/install/astra_camera_msgs/include/astra_camera_msgs/msg/detail/extrinsics__functions.c
[2.168s] -- Up-to-date: /home/wheeltec/wheeltec_ros2/install/astra_camera_msgs/include/astra_camera_msgs/msg/extrinsics.h
[2.169s] -- Up-to-date: /home/wheeltec/wheeltec_ros2/install/astra_camera_msgs/include/astra_camera_msgs/msg/rosidl_generator_c__visibility_control.h
[2.169s] -- Up-to-date: /home/wheeltec/wheeltec_ros2/install/astra_camera_msgs/include/astra_camera_msgs/msg/metadata.h
[2.169s] -- Up-to-date: /home/wheeltec/wheeltec_ros2/install/astra_camera_msgs/include/astra_camera_msgs/msg/device_info.h
[2.170s] -- Up-to-date: /home/wheeltec/wheeltec_ros2/install/astra_camera_msgs/include/astra_camera_msgs/srv
[2.170s] -- Up-to-date: /home/wheeltec/wheeltec_ros2/install/astra_camera_msgs/include/astra_camera_msgs/srv/get_string.h
[2.170s] -- Up-to-date: /home/wheeltec/wheeltec_ros2/install/astra_camera_msgs/include/astra_camera_msgs/srv/detail
[2.171s] -- Up-to-date: /home/wheeltec/wheeltec_ros2/install/astra_camera_msgs/include/astra_camera_msgs/srv/detail/set_int32__functions.c
[2.171s] -- Up-to-date: /home/wheeltec/wheeltec_ros2/install/astra_camera_msgs/include/astra_camera_msgs/srv/detail/set_int32__functions.h
[2.173s] -- Up-to-date: /home/wheeltec/wheeltec_ros2/install/astra_camera_msgs/include/astra_camera_msgs/srv/detail/get_int32__functions.h
[2.176s] -- Up-to-date: /home/wheeltec/wheeltec_ros2/install/astra_camera_msgs/include/astra_camera_msgs/srv/detail/get_device_info__functions.c
[2.176s] -- Up-to-date: /home/wheeltec/wheeltec_ros2/install/astra_camera_msgs/include/astra_camera_msgs/srv/detail/get_int32__functions.c
[2.177s] -- Up-to-date: /home/wheeltec/wheeltec_ros2/install/astra_camera_msgs/include/astra_camera_msgs/srv/detail/get_device_info__functions.h
[2.178s] -- Up-to-date: /home/wheeltec/wheeltec_ros2/install/astra_camera_msgs/include/astra_camera_msgs/srv/detail/get_camera_info__struct.h
[2.179s] -- Up-to-date: /home/wheeltec/wheeltec_ros2/install/astra_camera_msgs/include/astra_camera_msgs/srv/detail/get_string__struct.h
[2.181s] -- Up-to-date: /home/wheeltec/wheeltec_ros2/install/astra_camera_msgs/include/astra_camera_msgs/srv/detail/get_camera_info__functions.h
[2.182s] -- Up-to-date: /home/wheeltec/wheeltec_ros2/install/astra_camera_msgs/include/astra_camera_msgs/srv/detail/get_int32__type_support.h
[2.182s] -- Up-to-date: /home/wheeltec/wheeltec_ros2/install/astra_camera_msgs/include/astra_camera_msgs/srv/detail/get_device_info__type_support.h
[2.183s] -- Up-to-date: /home/wheeltec/wheeltec_ros2/install/astra_camera_msgs/include/astra_camera_msgs/srv/detail/get_string__functions.c
[2.183s] -- Up-to-date: /home/wheeltec/wheeltec_ros2/install/astra_camera_msgs/include/astra_camera_msgs/srv/detail/get_device_info__struct.h
[2.184s] -- Up-to-date: /home/wheeltec/wheeltec_ros2/install/astra_camera_msgs/include/astra_camera_msgs/srv/detail/get_string__type_support.h
[2.185s] -- Up-to-date: /home/wheeltec/wheeltec_ros2/install/astra_camera_msgs/include/astra_camera_msgs/srv/detail/get_camera_params__struct.h
[2.190s] -- Up-to-date: /home/wheeltec/wheeltec_ros2/install/astra_camera_msgs/include/astra_camera_msgs/srv/detail/set_int32__type_support.h
[2.190s] -- Up-to-date: /home/wheeltec/wheeltec_ros2/install/astra_camera_msgs/include/astra_camera_msgs/srv/detail/get_string__functions.h
[2.191s] -- Up-to-date: /home/wheeltec/wheeltec_ros2/install/astra_camera_msgs/include/astra_camera_msgs/srv/detail/get_camera_params__functions.h
[2.191s] -- Up-to-date: /home/wheeltec/wheeltec_ros2/install/astra_camera_msgs/include/astra_camera_msgs/srv/detail/get_camera_params__type_support.h
[2.192s] -- Up-to-date: /home/wheeltec/wheeltec_ros2/install/astra_camera_msgs/include/astra_camera_msgs/srv/detail/get_int32__struct.h
[2.193s] -- Up-to-date: /home/wheeltec/wheeltec_ros2/install/astra_camera_msgs/include/astra_camera_msgs/srv/detail/get_camera_params__functions.c
[2.194s] -- Up-to-date: /home/wheeltec/wheeltec_ros2/install/astra_camera_msgs/include/astra_camera_msgs/srv/detail/get_camera_info__type_support.h
[2.195s] -- Up-to-date: /home/wheeltec/wheeltec_ros2/install/astra_camera_msgs/include/astra_camera_msgs/srv/detail/set_int32__struct.h
[2.196s] -- Up-to-date: /home/wheeltec/wheeltec_ros2/install/astra_camera_msgs/include/astra_camera_msgs/srv/detail/get_camera_info__functions.c
[2.196s] -- Up-to-date: /home/wheeltec/wheeltec_ros2/install/astra_camera_msgs/include/astra_camera_msgs/srv/set_int32.h
[2.196s] -- Up-to-date: /home/wheeltec/wheeltec_ros2/install/astra_camera_msgs/include/astra_camera_msgs/srv/get_int32.h
[2.197s] -- Up-to-date: /home/wheeltec/wheeltec_ros2/install/astra_camera_msgs/include/astra_camera_msgs/srv/get_camera_params.h
[2.198s] -- Up-to-date: /home/wheeltec/wheeltec_ros2/install/astra_camera_msgs/include/astra_camera_msgs/srv/get_camera_info.h
[2.198s] -- Up-to-date: /home/wheeltec/wheeltec_ros2/install/astra_camera_msgs/include/astra_camera_msgs/srv/get_device_info.h
[2.199s] -- Up-to-date: /home/wheeltec/wheeltec_ros2/install/astra_camera_msgs/share/astra_camera_msgs/environment/library_path.sh
[2.199s] -- Up-to-date: /home/wheeltec/wheeltec_ros2/install/astra_camera_msgs/share/astra_camera_msgs/environment/library_path.dsv
[2.200s] -- Up-to-date: /home/wheeltec/wheeltec_ros2/install/astra_camera_msgs/lib/libastra_camera_msgs__rosidl_generator_c.so
[2.200s] -- Up-to-date: /home/wheeltec/wheeltec_ros2/install/astra_camera_msgs/include/astra_camera_msgs
[2.201s] -- Up-to-date: /home/wheeltec/wheeltec_ros2/install/astra_camera_msgs/include/astra_camera_msgs/msg
[2.201s] -- Up-to-date: /home/wheeltec/wheeltec_ros2/install/astra_camera_msgs/include/astra_camera_msgs/msg/detail
[2.202s] -- Up-to-date: /home/wheeltec/wheeltec_ros2/install/astra_camera_msgs/include/astra_camera_msgs/msg/detail/metadata__rosidl_typesupport_fastrtps_c.h
[2.202s] -- Up-to-date: /home/wheeltec/wheeltec_ros2/install/astra_camera_msgs/include/astra_camera_msgs/msg/detail/extrinsics__rosidl_typesupport_fastrtps_c.h
[2.202s] -- Up-to-date: /home/wheeltec/wheeltec_ros2/install/astra_camera_msgs/include/astra_camera_msgs/msg/detail/device_info__rosidl_typesupport_fastrtps_c.h
[2.203s] -- Up-to-date: /home/wheeltec/wheeltec_ros2/install/astra_camera_msgs/include/astra_camera_msgs/msg/rosidl_typesupport_fastrtps_c__visibility_control.h
[2.208s] -- Up-to-date: /home/wheeltec/wheeltec_ros2/install/astra_camera_msgs/include/astra_camera_msgs/srv
[2.208s] -- Up-to-date: /home/wheeltec/wheeltec_ros2/install/astra_camera_msgs/include/astra_camera_msgs/srv/detail
[2.208s] -- Up-to-date: /home/wheeltec/wheeltec_ros2/install/astra_camera_msgs/include/astra_camera_msgs/srv/detail/get_device_info__rosidl_typesupport_fastrtps_c.h
[2.209s] -- Up-to-date: /home/wheeltec/wheeltec_ros2/install/astra_camera_msgs/include/astra_camera_msgs/srv/detail/get_int32__rosidl_typesupport_fastrtps_c.h
[2.209s] -- Up-to-date: /home/wheeltec/wheeltec_ros2/install/astra_camera_msgs/include/astra_camera_msgs/srv/detail/get_string__rosidl_typesupport_fastrtps_c.h
[2.210s] -- Up-to-date: /home/wheeltec/wheeltec_ros2/install/astra_camera_msgs/include/astra_camera_msgs/srv/detail/set_int32__rosidl_typesupport_fastrtps_c.h
[2.210s] -- Up-to-date: /home/wheeltec/wheeltec_ros2/install/astra_camera_msgs/include/astra_camera_msgs/srv/detail/get_camera_params__rosidl_typesupport_fastrtps_c.h
[2.211s] -- Up-to-date: /home/wheeltec/wheeltec_ros2/install/astra_camera_msgs/include/astra_camera_msgs/srv/detail/get_camera_info__rosidl_typesupport_fastrtps_c.h
[2.211s] -- Up-to-date: /home/wheeltec/wheeltec_ros2/install/astra_camera_msgs/lib/libastra_camera_msgs__rosidl_typesupport_fastrtps_c.so
[2.212s] -- Up-to-date: /home/wheeltec/wheeltec_ros2/install/astra_camera_msgs/include/astra_camera_msgs
[2.212s] -- Up-to-date: /home/wheeltec/wheeltec_ros2/install/astra_camera_msgs/include/astra_camera_msgs/msg
[2.213s] -- Up-to-date: /home/wheeltec/wheeltec_ros2/install/astra_camera_msgs/include/astra_camera_msgs/msg/rosidl_typesupport_fastrtps_cpp__visibility_control.h
[2.213s] -- Up-to-date: /home/wheeltec/wheeltec_ros2/install/astra_camera_msgs/include/astra_camera_msgs/msg/detail
[2.213s] -- Up-to-date: /home/wheeltec/wheeltec_ros2/install/astra_camera_msgs/include/astra_camera_msgs/msg/detail/metadata__rosidl_typesupport_fastrtps_cpp.hpp
[2.214s] -- Up-to-date: /home/wheeltec/wheeltec_ros2/install/astra_camera_msgs/include/astra_camera_msgs/msg/detail/dds_fastrtps
[2.214s] -- Up-to-date: /home/wheeltec/wheeltec_ros2/install/astra_camera_msgs/include/astra_camera_msgs/msg/detail/extrinsics__rosidl_typesupport_fastrtps_cpp.hpp
[2.214s] -- Up-to-date: /home/wheeltec/wheeltec_ros2/install/astra_camera_msgs/include/astra_camera_msgs/msg/detail/device_info__rosidl_typesupport_fastrtps_cpp.hpp
[2.215s] -- Up-to-date: /home/wheeltec/wheeltec_ros2/install/astra_camera_msgs/include/astra_camera_msgs/srv
[2.215s] -- Up-to-date: /home/wheeltec/wheeltec_ros2/install/astra_camera_msgs/include/astra_camera_msgs/srv/detail
[2.216s] -- Up-to-date: /home/wheeltec/wheeltec_ros2/install/astra_camera_msgs/include/astra_camera_msgs/srv/detail/get_camera_info__rosidl_typesupport_fastrtps_cpp.hpp
[2.216s] -- Up-to-date: /home/wheeltec/wheeltec_ros2/install/astra_camera_msgs/include/astra_camera_msgs/srv/detail/get_camera_params__rosidl_typesupport_fastrtps_cpp.hpp
[2.216s] -- Up-to-date: /home/wheeltec/wheeltec_ros2/install/astra_camera_msgs/include/astra_camera_msgs/srv/detail/dds_fastrtps
[2.217s] -- Up-to-date: /home/wheeltec/wheeltec_ros2/install/astra_camera_msgs/include/astra_camera_msgs/srv/detail/get_string__rosidl_typesupport_fastrtps_cpp.hpp
[2.217s] -- Up-to-date: /home/wheeltec/wheeltec_ros2/install/astra_camera_msgs/include/astra_camera_msgs/srv/detail/get_device_info__rosidl_typesupport_fastrtps_cpp.hpp
[2.217s] -- Up-to-date: /home/wheeltec/wheeltec_ros2/install/astra_camera_msgs/include/astra_camera_msgs/srv/detail/set_int32__rosidl_typesupport_fastrtps_cpp.hpp
[2.218s] -- Up-to-date: /home/wheeltec/wheeltec_ros2/install/astra_camera_msgs/include/astra_camera_msgs/srv/detail/get_int32__rosidl_typesupport_fastrtps_cpp.hpp
[2.218s] -- Up-to-date: /home/wheeltec/wheeltec_ros2/install/astra_camera_msgs/lib/libastra_camera_msgs__rosidl_typesupport_fastrtps_cpp.so
[2.218s] -- Up-to-date: /home/wheeltec/wheeltec_ros2/install/astra_camera_msgs/include/astra_camera_msgs
[2.219s] -- Up-to-date: /home/wheeltec/wheeltec_ros2/install/astra_camera_msgs/include/astra_camera_msgs/msg
[2.219s] -- Up-to-date: /home/wheeltec/wheeltec_ros2/install/astra_camera_msgs/include/astra_camera_msgs/msg/detail
[2.220s] -- Up-to-date: /home/wheeltec/wheeltec_ros2/install/astra_camera_msgs/include/astra_camera_msgs/msg/detail/metadata__type_support.c
[2.220s] -- Up-to-date: /home/wheeltec/wheeltec_ros2/install/astra_camera_msgs/include/astra_camera_msgs/msg/detail/metadata__rosidl_typesupport_introspection_c.h
[2.221s] -- Up-to-date: /home/wheeltec/wheeltec_ros2/install/astra_camera_msgs/include/astra_camera_msgs/msg/detail/device_info__rosidl_typesupport_introspection_c.h
[2.221s] -- Up-to-date: /home/wheeltec/wheeltec_ros2/install/astra_camera_msgs/include/astra_camera_msgs/msg/detail/extrinsics__type_support.c
[2.222s] -- Up-to-date: /home/wheeltec/wheeltec_ros2/install/astra_camera_msgs/include/astra_camera_msgs/msg/detail/extrinsics__rosidl_typesupport_introspection_c.h
[2.222s] -- Up-to-date: /home/wheeltec/wheeltec_ros2/install/astra_camera_msgs/include/astra_camera_msgs/msg/detail/device_info__type_support.c
[2.223s] -- Up-to-date: /home/wheeltec/wheeltec_ros2/install/astra_camera_msgs/include/astra_camera_msgs/msg/rosidl_typesupport_introspection_c__visibility_control.h
[2.223s] -- Up-to-date: /home/wheeltec/wheeltec_ros2/install/astra_camera_msgs/include/astra_camera_msgs/srv
[2.224s] -- Up-to-date: /home/wheeltec/wheeltec_ros2/install/astra_camera_msgs/include/astra_camera_msgs/srv/detail
[2.224s] -- Up-to-date: /home/wheeltec/wheeltec_ros2/install/astra_camera_msgs/include/astra_camera_msgs/srv/detail/get_camera_info__type_support.c
[2.225s] -- Up-to-date: /home/wheeltec/wheeltec_ros2/install/astra_camera_msgs/include/astra_camera_msgs/srv/detail/get_string__rosidl_typesupport_introspection_c.h
[2.232s] -- Up-to-date: /home/wheeltec/wheeltec_ros2/install/astra_camera_msgs/include/astra_camera_msgs/srv/detail/get_int32__rosidl_typesupport_introspection_c.h
[2.233s] -- Up-to-date: /home/wheeltec/wheeltec_ros2/install/astra_camera_msgs/include/astra_camera_msgs/srv/detail/get_device_info__rosidl_typesupport_introspection_c.h
[2.233s] -- Up-to-date: /home/wheeltec/wheeltec_ros2/install/astra_camera_msgs/include/astra_camera_msgs/srv/detail/get_camera_params__rosidl_typesupport_introspection_c.h
[2.234s] -- Up-to-date: /home/wheeltec/wheeltec_ros2/install/astra_camera_msgs/include/astra_camera_msgs/srv/detail/set_int32__rosidl_typesupport_introspection_c.h
[2.234s] -- Up-to-date: /home/wheeltec/wheeltec_ros2/install/astra_camera_msgs/include/astra_camera_msgs/srv/detail/set_int32__type_support.c
[2.235s] -- Up-to-date: /home/wheeltec/wheeltec_ros2/install/astra_camera_msgs/include/astra_camera_msgs/srv/detail/get_int32__type_support.c
[2.235s] -- Up-to-date: /home/wheeltec/wheeltec_ros2/install/astra_camera_msgs/include/astra_camera_msgs/srv/detail/get_camera_info__rosidl_typesupport_introspection_c.h
[2.236s] -- Up-to-date: /home/wheeltec/wheeltec_ros2/install/astra_camera_msgs/include/astra_camera_msgs/srv/detail/get_camera_params__type_support.c
[2.236s] -- Up-to-date: /home/wheeltec/wheeltec_ros2/install/astra_camera_msgs/include/astra_camera_msgs/srv/detail/get_device_info__type_support.c
[2.237s] -- Up-to-date: /home/wheeltec/wheeltec_ros2/install/astra_camera_msgs/include/astra_camera_msgs/srv/detail/get_string__type_support.c
[2.237s] -- Up-to-date: /home/wheeltec/wheeltec_ros2/install/astra_camera_msgs/lib/libastra_camera_msgs__rosidl_typesupport_introspection_c.so
[2.238s] -- Up-to-date: /home/wheeltec/wheeltec_ros2/install/astra_camera_msgs/lib/libastra_camera_msgs__rosidl_typesupport_c.so
[2.239s] -- Up-to-date: /home/wheeltec/wheeltec_ros2/install/astra_camera_msgs/include/astra_camera_msgs
[2.239s] -- Up-to-date: /home/wheeltec/wheeltec_ros2/install/astra_camera_msgs/include/astra_camera_msgs/msg
[2.240s] -- Up-to-date: /home/wheeltec/wheeltec_ros2/install/astra_camera_msgs/include/astra_camera_msgs/msg/device_info.hpp
[2.240s] -- Up-to-date: /home/wheeltec/wheeltec_ros2/install/astra_camera_msgs/include/astra_camera_msgs/msg/detail
[2.240s] -- Up-to-date: /home/wheeltec/wheeltec_ros2/install/astra_camera_msgs/include/astra_camera_msgs/msg/detail/device_info__builder.hpp
[2.241s] -- Up-to-date: /home/wheeltec/wheeltec_ros2/install/astra_camera_msgs/include/astra_camera_msgs/msg/detail/device_info__traits.hpp
[2.241s] -- Up-to-date: /home/wheeltec/wheeltec_ros2/install/astra_camera_msgs/include/astra_camera_msgs/msg/detail/metadata__traits.hpp
[2.242s] -- Up-to-date: /home/wheeltec/wheeltec_ros2/install/astra_camera_msgs/include/astra_camera_msgs/msg/detail/extrinsics__struct.hpp
[2.243s] -- Up-to-date: /home/wheeltec/wheeltec_ros2/install/astra_camera_msgs/include/astra_camera_msgs/msg/detail/device_info__struct.hpp
[2.243s] -- Up-to-date: /home/wheeltec/wheeltec_ros2/install/astra_camera_msgs/include/astra_camera_msgs/msg/detail/extrinsics__builder.hpp
[2.243s] -- Up-to-date: /home/wheeltec/wheeltec_ros2/install/astra_camera_msgs/include/astra_camera_msgs/msg/detail/metadata__builder.hpp
[2.244s] -- Up-to-date: /home/wheeltec/wheeltec_ros2/install/astra_camera_msgs/include/astra_camera_msgs/msg/detail/metadata__struct.hpp
[2.244s] -- Up-to-date: /home/wheeltec/wheeltec_ros2/install/astra_camera_msgs/include/astra_camera_msgs/msg/detail/extrinsics__traits.hpp
[2.245s] -- Up-to-date: /home/wheeltec/wheeltec_ros2/install/astra_camera_msgs/include/astra_camera_msgs/msg/extrinsics.hpp
[2.245s] -- Up-to-date: /home/wheeltec/wheeltec_ros2/install/astra_camera_msgs/include/astra_camera_msgs/msg/metadata.hpp
[2.246s] -- Up-to-date: /home/wheeltec/wheeltec_ros2/install/astra_camera_msgs/include/astra_camera_msgs/srv
[2.246s] -- Up-to-date: /home/wheeltec/wheeltec_ros2/install/astra_camera_msgs/include/astra_camera_msgs/srv/get_device_info.hpp
[2.247s] -- Up-to-date: /home/wheeltec/wheeltec_ros2/install/astra_camera_msgs/include/astra_camera_msgs/srv/detail
[2.247s] -- Up-to-date: /home/wheeltec/wheeltec_ros2/install/astra_camera_msgs/include/astra_camera_msgs/srv/detail/get_device_info__traits.hpp
[2.247s] -- Up-to-date: /home/wheeltec/wheeltec_ros2/install/astra_camera_msgs/include/astra_camera_msgs/srv/detail/set_int32__traits.hpp
[2.248s] -- Up-to-date: /home/wheeltec/wheeltec_ros2/install/astra_camera_msgs/include/astra_camera_msgs/srv/detail/get_string__traits.hpp
[2.248s] -- Up-to-date: /home/wheeltec/wheeltec_ros2/install/astra_camera_msgs/include/astra_camera_msgs/srv/detail/get_int32__traits.hpp
[2.249s] -- Up-to-date: /home/wheeltec/wheeltec_ros2/install/astra_camera_msgs/include/astra_camera_msgs/srv/detail/get_camera_info__struct.hpp
[2.249s] -- Up-to-date: /home/wheeltec/wheeltec_ros2/install/astra_camera_msgs/include/astra_camera_msgs/srv/detail/get_int32__builder.hpp
[2.249s] -- Up-to-date: /home/wheeltec/wheeltec_ros2/install/astra_camera_msgs/include/astra_camera_msgs/srv/detail/get_camera_params__struct.hpp
[2.250s] -- Up-to-date: /home/wheeltec/wheeltec_ros2/install/astra_camera_msgs/include/astra_camera_msgs/srv/detail/set_int32__struct.hpp
[2.250s] -- Up-to-date: /home/wheeltec/wheeltec_ros2/install/astra_camera_msgs/include/astra_camera_msgs/srv/detail/get_camera_params__builder.hpp
[2.250s] -- Up-to-date: /home/wheeltec/wheeltec_ros2/install/astra_camera_msgs/include/astra_camera_msgs/srv/detail/get_camera_info__traits.hpp
[2.251s] -- Up-to-date: /home/wheeltec/wheeltec_ros2/install/astra_camera_msgs/include/astra_camera_msgs/srv/detail/get_string__builder.hpp
[2.251s] -- Up-to-date: /home/wheeltec/wheeltec_ros2/install/astra_camera_msgs/include/astra_camera_msgs/srv/detail/set_int32__builder.hpp
[2.252s] -- Up-to-date: /home/wheeltec/wheeltec_ros2/install/astra_camera_msgs/include/astra_camera_msgs/srv/detail/get_camera_info__builder.hpp
[2.252s] -- Up-to-date: /home/wheeltec/wheeltec_ros2/install/astra_camera_msgs/include/astra_camera_msgs/srv/detail/get_device_info__struct.hpp
[2.253s] -- Up-to-date: /home/wheeltec/wheeltec_ros2/install/astra_camera_msgs/include/astra_camera_msgs/srv/detail/get_int32__struct.hpp
[2.253s] -- Up-to-date: /home/wheeltec/wheeltec_ros2/install/astra_camera_msgs/include/astra_camera_msgs/srv/detail/get_device_info__builder.hpp
[2.254s] -- Up-to-date: /home/wheeltec/wheeltec_ros2/install/astra_camera_msgs/include/astra_camera_msgs/srv/detail/get_camera_params__traits.hpp
[2.254s] -- Up-to-date: /home/wheeltec/wheeltec_ros2/install/astra_camera_msgs/include/astra_camera_msgs/srv/detail/get_string__struct.hpp
[2.255s] -- Up-to-date: /home/wheeltec/wheeltec_ros2/install/astra_camera_msgs/include/astra_camera_msgs/srv/get_camera_params.hpp
[2.256s] -- Up-to-date: /home/wheeltec/wheeltec_ros2/install/astra_camera_msgs/include/astra_camera_msgs/srv/set_int32.hpp
[2.256s] -- Up-to-date: /home/wheeltec/wheeltec_ros2/install/astra_camera_msgs/include/astra_camera_msgs/srv/get_int32.hpp
[2.256s] -- Up-to-date: /home/wheeltec/wheeltec_ros2/install/astra_camera_msgs/include/astra_camera_msgs/srv/get_camera_info.hpp
[2.257s] -- Up-to-date: /home/wheeltec/wheeltec_ros2/install/astra_camera_msgs/include/astra_camera_msgs/srv/get_string.hpp
[2.257s] -- Up-to-date: /home/wheeltec/wheeltec_ros2/install/astra_camera_msgs/include/astra_camera_msgs
[2.257s] -- Up-to-date: /home/wheeltec/wheeltec_ros2/install/astra_camera_msgs/include/astra_camera_msgs/msg
[2.258s] -- Up-to-date: /home/wheeltec/wheeltec_ros2/install/astra_camera_msgs/include/astra_camera_msgs/msg/detail
[2.258s] -- Up-to-date: /home/wheeltec/wheeltec_ros2/install/astra_camera_msgs/include/astra_camera_msgs/msg/detail/metadata__type_support.cpp
[2.259s] -- Up-to-date: /home/wheeltec/wheeltec_ros2/install/astra_camera_msgs/include/astra_camera_msgs/msg/detail/extrinsics__rosidl_typesupport_introspection_cpp.hpp
[2.259s] -- Up-to-date: /home/wheeltec/wheeltec_ros2/install/astra_camera_msgs/include/astra_camera_msgs/msg/detail/metadata__rosidl_typesupport_introspection_cpp.hpp
[2.259s] -- Up-to-date: /home/wheeltec/wheeltec_ros2/install/astra_camera_msgs/include/astra_camera_msgs/msg/detail/device_info__type_support.cpp
[2.260s] -- Up-to-date: /home/wheeltec/wheeltec_ros2/install/astra_camera_msgs/include/astra_camera_msgs/msg/detail/extrinsics__type_support.cpp
[2.260s] -- Up-to-date: /home/wheeltec/wheeltec_ros2/install/astra_camera_msgs/include/astra_camera_msgs/msg/detail/device_info__rosidl_typesupport_introspection_cpp.hpp
[2.261s] -- Up-to-date: /home/wheeltec/wheeltec_ros2/install/astra_camera_msgs/include/astra_camera_msgs/srv
[2.261s] -- Up-to-date: /home/wheeltec/wheeltec_ros2/install/astra_camera_msgs/include/astra_camera_msgs/srv/detail
[2.262s] -- Up-to-date: /home/wheeltec/wheeltec_ros2/install/astra_camera_msgs/include/astra_camera_msgs/srv/detail/get_device_info__rosidl_typesupport_introspection_cpp.hpp
[2.262s] -- Up-to-date: /home/wheeltec/wheeltec_ros2/install/astra_camera_msgs/include/astra_camera_msgs/srv/detail/get_string__rosidl_typesupport_introspection_cpp.hpp
[2.262s] -- Up-to-date: /home/wheeltec/wheeltec_ros2/install/astra_camera_msgs/include/astra_camera_msgs/srv/detail/get_camera_params__type_support.cpp
[2.263s] -- Up-to-date: /home/wheeltec/wheeltec_ros2/install/astra_camera_msgs/include/astra_camera_msgs/srv/detail/set_int32__rosidl_typesupport_introspection_cpp.hpp
[2.263s] -- Up-to-date: /home/wheeltec/wheeltec_ros2/install/astra_camera_msgs/include/astra_camera_msgs/srv/detail/get_string__type_support.cpp
[2.264s] -- Up-to-date: /home/wheeltec/wheeltec_ros2/install/astra_camera_msgs/include/astra_camera_msgs/srv/detail/get_int32__rosidl_typesupport_introspection_cpp.hpp
[2.264s] -- Up-to-date: /home/wheeltec/wheeltec_ros2/install/astra_camera_msgs/include/astra_camera_msgs/srv/detail/set_int32__type_support.cpp
[2.265s] -- Up-to-date: /home/wheeltec/wheeltec_ros2/install/astra_camera_msgs/include/astra_camera_msgs/srv/detail/get_camera_info__type_support.cpp
[2.265s] -- Up-to-date: /home/wheeltec/wheeltec_ros2/install/astra_camera_msgs/include/astra_camera_msgs/srv/detail/get_int32__type_support.cpp
[2.266s] -- Up-to-date: /home/wheeltec/wheeltec_ros2/install/astra_camera_msgs/include/astra_camera_msgs/srv/detail/get_camera_info__rosidl_typesupport_introspection_cpp.hpp
[2.266s] -- Up-to-date: /home/wheeltec/wheeltec_ros2/install/astra_camera_msgs/include/astra_camera_msgs/srv/detail/get_device_info__type_support.cpp
[2.267s] -- Up-to-date: /home/wheeltec/wheeltec_ros2/install/astra_camera_msgs/include/astra_camera_msgs/srv/detail/get_camera_params__rosidl_typesupport_introspection_cpp.hpp
[2.267s] -- Up-to-date: /home/wheeltec/wheeltec_ros2/install/astra_camera_msgs/lib/libastra_camera_msgs__rosidl_typesupport_introspection_cpp.so
[2.268s] -- Up-to-date: /home/wheeltec/wheeltec_ros2/install/astra_camera_msgs/lib/libastra_camera_msgs__rosidl_typesupport_cpp.so
[2.269s] -- Up-to-date: /home/wheeltec/wheeltec_ros2/install/astra_camera_msgs/share/astra_camera_msgs/environment/pythonpath.sh
[2.270s] -- Up-to-date: /home/wheeltec/wheeltec_ros2/install/astra_camera_msgs/share/astra_camera_msgs/environment/pythonpath.dsv
[2.270s] -- Up-to-date: /home/wheeltec/wheeltec_ros2/install/astra_camera_msgs/lib/python3.8/site-packages/astra_camera_msgs/__init__.py
[2.384s] -- Up-to-date: /home/wheeltec/wheeltec_ros2/install/astra_camera_msgs/lib/python3.8/site-packages/astra_camera_msgs/msg
[2.385s] -- Up-to-date: /home/wheeltec/wheeltec_ros2/install/astra_camera_msgs/lib/python3.8/site-packages/astra_camera_msgs/msg/__init__.py
[2.385s] -- Up-to-date: /home/wheeltec/wheeltec_ros2/install/astra_camera_msgs/lib/python3.8/site-packages/astra_camera_msgs/msg/_extrinsics.py
[2.386s] -- Up-to-date: /home/wheeltec/wheeltec_ros2/install/astra_camera_msgs/lib/python3.8/site-packages/astra_camera_msgs/msg/_metadata_s.c
[2.386s] -- Up-to-date: /home/wheeltec/wheeltec_ros2/install/astra_camera_msgs/lib/python3.8/site-packages/astra_camera_msgs/msg/_metadata.py
[2.386s] -- Up-to-date: /home/wheeltec/wheeltec_ros2/install/astra_camera_msgs/lib/python3.8/site-packages/astra_camera_msgs/msg/_device_info.py
[2.387s] -- Up-to-date: /home/wheeltec/wheeltec_ros2/install/astra_camera_msgs/lib/python3.8/site-packages/astra_camera_msgs/msg/_device_info_s.c
[2.387s] -- Up-to-date: /home/wheeltec/wheeltec_ros2/install/astra_camera_msgs/lib/python3.8/site-packages/astra_camera_msgs/msg/_extrinsics_s.c
[2.388s] -- Up-to-date: /home/wheeltec/wheeltec_ros2/install/astra_camera_msgs/lib/python3.8/site-packages/astra_camera_msgs/srv
[2.390s] -- Up-to-date: /home/wheeltec/wheeltec_ros2/install/astra_camera_msgs/lib/python3.8/site-packages/astra_camera_msgs/srv/_get_camera_params.py
[2.391s] -- Up-to-date: /home/wheeltec/wheeltec_ros2/install/astra_camera_msgs/lib/python3.8/site-packages/astra_camera_msgs/srv/__init__.py
[2.392s] -- Up-to-date: /home/wheeltec/wheeltec_ros2/install/astra_camera_msgs/lib/python3.8/site-packages/astra_camera_msgs/srv/_get_string.py
[2.393s] -- Up-to-date: /home/wheeltec/wheeltec_ros2/install/astra_camera_msgs/lib/python3.8/site-packages/astra_camera_msgs/srv/_get_int32_s.c
[2.394s] -- Up-to-date: /home/wheeltec/wheeltec_ros2/install/astra_camera_msgs/lib/python3.8/site-packages/astra_camera_msgs/srv/_get_camera_info_s.c
[2.396s] -- Up-to-date: /home/wheeltec/wheeltec_ros2/install/astra_camera_msgs/lib/python3.8/site-packages/astra_camera_msgs/srv/_get_camera_info.py
[2.397s] -- Up-to-date: /home/wheeltec/wheeltec_ros2/install/astra_camera_msgs/lib/python3.8/site-packages/astra_camera_msgs/srv/_get_int32.py
[2.397s] -- Up-to-date: /home/wheeltec/wheeltec_ros2/install/astra_camera_msgs/lib/python3.8/site-packages/astra_camera_msgs/srv/_get_device_info.py
[2.398s] -- Up-to-date: /home/wheeltec/wheeltec_ros2/install/astra_camera_msgs/lib/python3.8/site-packages/astra_camera_msgs/srv/_set_int32.py
[2.398s] -- Up-to-date: /home/wheeltec/wheeltec_ros2/install/astra_camera_msgs/lib/python3.8/site-packages/astra_camera_msgs/srv/_get_camera_params_s.c
[2.398s] -- Up-to-date: /home/wheeltec/wheeltec_ros2/install/astra_camera_msgs/lib/python3.8/site-packages/astra_camera_msgs/srv/_get_string_s.c
[2.399s] -- Up-to-date: /home/wheeltec/wheeltec_ros2/install/astra_camera_msgs/lib/python3.8/site-packages/astra_camera_msgs/srv/_set_int32_s.c
[2.403s] -- Up-to-date: /home/wheeltec/wheeltec_ros2/install/astra_camera_msgs/lib/python3.8/site-packages/astra_camera_msgs/srv/_get_device_info_s.c
[2.403s] -- Up-to-date: /home/wheeltec/wheeltec_ros2/install/astra_camera_msgs/lib/python3.8/site-packages/astra_camera_msgs/astra_camera_msgs_s__rosidl_typesupport_fastrtps_c.cpython-38-aarch64-linux-gnu.so
[2.404s] -- Up-to-date: /home/wheeltec/wheeltec_ros2/install/astra_camera_msgs/lib/python3.8/site-packages/astra_camera_msgs/astra_camera_msgs_s__rosidl_typesupport_introspection_c.cpython-38-aarch64-linux-gnu.so
[2.404s] -- Up-to-date: /home/wheeltec/wheeltec_ros2/install/astra_camera_msgs/lib/python3.8/site-packages/astra_camera_msgs/astra_camera_msgs_s__rosidl_typesupport_c.cpython-38-aarch64-linux-gnu.so
[2.405s] -- Up-to-date: /home/wheeltec/wheeltec_ros2/install/astra_camera_msgs/lib/libastra_camera_msgs__python.so
[2.405s] -- Up-to-date: /home/wheeltec/wheeltec_ros2/install/astra_camera_msgs/share/astra_camera_msgs/msg/DeviceInfo.idl
[2.406s] -- Up-to-date: /home/wheeltec/wheeltec_ros2/install/astra_camera_msgs/share/astra_camera_msgs/msg/Extrinsics.idl
[2.406s] -- Up-to-date: /home/wheeltec/wheeltec_ros2/install/astra_camera_msgs/share/astra_camera_msgs/msg/Metadata.idl
[2.406s] -- Up-to-date: /home/wheeltec/wheeltec_ros2/install/astra_camera_msgs/share/astra_camera_msgs/srv/GetDeviceInfo.idl
[2.407s] -- Up-to-date: /home/wheeltec/wheeltec_ros2/install/astra_camera_msgs/share/astra_camera_msgs/srv/GetCameraInfo.idl
[2.407s] -- Up-to-date: /home/wheeltec/wheeltec_ros2/install/astra_camera_msgs/share/astra_camera_msgs/srv/GetCameraParams.idl
[2.407s] -- Up-to-date: /home/wheeltec/wheeltec_ros2/install/astra_camera_msgs/share/astra_camera_msgs/srv/GetInt32.idl
[2.408s] -- Up-to-date: /home/wheeltec/wheeltec_ros2/install/astra_camera_msgs/share/astra_camera_msgs/srv/GetString.idl
[2.408s] -- Up-to-date: /home/wheeltec/wheeltec_ros2/install/astra_camera_msgs/share/astra_camera_msgs/srv/SetInt32.idl
[2.408s] -- Up-to-date: /home/wheeltec/wheeltec_ros2/install/astra_camera_msgs/share/astra_camera_msgs/msg/DeviceInfo.msg
[2.409s] -- Up-to-date: /home/wheeltec/wheeltec_ros2/install/astra_camera_msgs/share/astra_camera_msgs/msg/Extrinsics.msg
[2.409s] -- Up-to-date: /home/wheeltec/wheeltec_ros2/install/astra_camera_msgs/share/astra_camera_msgs/msg/Metadata.msg
[2.416s] -- Up-to-date: /home/wheeltec/wheeltec_ros2/install/astra_camera_msgs/share/astra_camera_msgs/srv/GetDeviceInfo.srv
[2.416s] -- Up-to-date: /home/wheeltec/wheeltec_ros2/install/astra_camera_msgs/share/astra_camera_msgs/srv/GetDeviceInfo_Request.msg
[2.417s] -- Up-to-date: /home/wheeltec/wheeltec_ros2/install/astra_camera_msgs/share/astra_camera_msgs/srv/GetDeviceInfo_Response.msg
[2.417s] -- Up-to-date: /home/wheeltec/wheeltec_ros2/install/astra_camera_msgs/share/astra_camera_msgs/srv/GetCameraInfo.srv
[2.418s] -- Up-to-date: /home/wheeltec/wheeltec_ros2/install/astra_camera_msgs/share/astra_camera_msgs/srv/GetCameraInfo_Request.msg
[2.419s] -- Up-to-date: /home/wheeltec/wheeltec_ros2/install/astra_camera_msgs/share/astra_camera_msgs/srv/GetCameraInfo_Response.msg
[2.420s] -- Up-to-date: /home/wheeltec/wheeltec_ros2/install/astra_camera_msgs/share/astra_camera_msgs/srv/GetCameraParams.srv
[2.420s] -- Up-to-date: /home/wheeltec/wheeltec_ros2/install/astra_camera_msgs/share/astra_camera_msgs/srv/GetCameraParams_Request.msg
[2.421s] -- Up-to-date: /home/wheeltec/wheeltec_ros2/install/astra_camera_msgs/share/astra_camera_msgs/srv/GetCameraParams_Response.msg
[2.421s] -- Up-to-date: /home/wheeltec/wheeltec_ros2/install/astra_camera_msgs/share/astra_camera_msgs/srv/GetInt32.srv
[2.421s] -- Up-to-date: /home/wheeltec/wheeltec_ros2/install/astra_camera_msgs/share/astra_camera_msgs/srv/GetInt32_Request.msg
[2.422s] -- Up-to-date: /home/wheeltec/wheeltec_ros2/install/astra_camera_msgs/share/astra_camera_msgs/srv/GetInt32_Response.msg
[2.422s] -- Up-to-date: /home/wheeltec/wheeltec_ros2/install/astra_camera_msgs/share/astra_camera_msgs/srv/GetString.srv
[2.422s] -- Up-to-date: /home/wheeltec/wheeltec_ros2/install/astra_camera_msgs/share/astra_camera_msgs/srv/GetString_Request.msg
[2.423s] -- Up-to-date: /home/wheeltec/wheeltec_ros2/install/astra_camera_msgs/share/astra_camera_msgs/srv/GetString_Response.msg
[2.423s] -- Up-to-date: /home/wheeltec/wheeltec_ros2/install/astra_camera_msgs/share/astra_camera_msgs/srv/SetInt32.srv
[2.423s] -- Up-to-date: /home/wheeltec/wheeltec_ros2/install/astra_camera_msgs/share/astra_camera_msgs/srv/SetInt32_Request.msg
[2.424s] -- Up-to-date: /home/wheeltec/wheeltec_ros2/install/astra_camera_msgs/share/astra_camera_msgs/srv/SetInt32_Response.msg
[2.424s] -- Up-to-date: /home/wheeltec/wheeltec_ros2/install/astra_camera_msgs/share/ament_index/resource_index/package_run_dependencies/astra_camera_msgs
[2.424s] -- Up-to-date: /home/wheeltec/wheeltec_ros2/install/astra_camera_msgs/share/ament_index/resource_index/parent_prefix_path/astra_camera_msgs
[2.425s] -- Up-to-date: /home/wheeltec/wheeltec_ros2/install/astra_camera_msgs/share/astra_camera_msgs/environment/ament_prefix_path.sh
[2.425s] -- Up-to-date: /home/wheeltec/wheeltec_ros2/install/astra_camera_msgs/share/astra_camera_msgs/environment/ament_prefix_path.dsv
[2.426s] -- Up-to-date: /home/wheeltec/wheeltec_ros2/install/astra_camera_msgs/share/astra_camera_msgs/environment/path.sh
[2.426s] -- Up-to-date: /home/wheeltec/wheeltec_ros2/install/astra_camera_msgs/share/astra_camera_msgs/environment/path.dsv
[2.427s] -- Up-to-date: /home/wheeltec/wheeltec_ros2/install/astra_camera_msgs/share/astra_camera_msgs/local_setup.bash
[2.427s] -- Up-to-date: /home/wheeltec/wheeltec_ros2/install/astra_camera_msgs/share/astra_camera_msgs/local_setup.sh
[2.427s] -- Up-to-date: /home/wheeltec/wheeltec_ros2/install/astra_camera_msgs/share/astra_camera_msgs/local_setup.zsh
[2.428s] -- Up-to-date: /home/wheeltec/wheeltec_ros2/install/astra_camera_msgs/share/astra_camera_msgs/local_setup.dsv
[2.432s] -- Installing: /home/wheeltec/wheeltec_ros2/install/astra_camera_msgs/share/astra_camera_msgs/package.dsv
[2.432s] -- Up-to-date: /home/wheeltec/wheeltec_ros2/install/astra_camera_msgs/share/ament_index/resource_index/packages/astra_camera_msgs
[2.433s] -- Up-to-date: /home/wheeltec/wheeltec_ros2/install/astra_camera_msgs/share/astra_camera_msgs/cmake/astra_camera_msgs__rosidl_generator_cExport.cmake
[2.438s] -- Up-to-date: /home/wheeltec/wheeltec_ros2/install/astra_camera_msgs/share/astra_camera_msgs/cmake/astra_camera_msgs__rosidl_generator_cExport-noconfig.cmake
[2.439s] -- Up-to-date: /home/wheeltec/wheeltec_ros2/install/astra_camera_msgs/share/astra_camera_msgs/cmake/astra_camera_msgs__rosidl_typesupport_introspection_cExport.cmake
[2.440s] -- Up-to-date: /home/wheeltec/wheeltec_ros2/install/astra_camera_msgs/share/astra_camera_msgs/cmake/astra_camera_msgs__rosidl_typesupport_introspection_cExport-noconfig.cmake
[2.441s] -- Up-to-date: /home/wheeltec/wheeltec_ros2/install/astra_camera_msgs/share/astra_camera_msgs/cmake/astra_camera_msgs__rosidl_typesupport_cExport.cmake
[2.442s] -- Up-to-date: /home/wheeltec/wheeltec_ros2/install/astra_camera_msgs/share/astra_camera_msgs/cmake/astra_camera_msgs__rosidl_typesupport_cExport-noconfig.cmake
[2.442s] -- Up-to-date: /home/wheeltec/wheeltec_ros2/install/astra_camera_msgs/share/astra_camera_msgs/cmake/astra_camera_msgs__rosidl_generator_cppExport.cmake
[2.442s] -- Up-to-date: /home/wheeltec/wheeltec_ros2/install/astra_camera_msgs/share/astra_camera_msgs/cmake/astra_camera_msgs__rosidl_typesupport_introspection_cppExport.cmake
[2.443s] -- Up-to-date: /home/wheeltec/wheeltec_ros2/install/astra_camera_msgs/share/astra_camera_msgs/cmake/astra_camera_msgs__rosidl_typesupport_introspection_cppExport-noconfig.cmake
[2.443s] -- Up-to-date: /home/wheeltec/wheeltec_ros2/install/astra_camera_msgs/share/astra_camera_msgs/cmake/astra_camera_msgs__rosidl_typesupport_cppExport.cmake
[2.444s] -- Up-to-date: /home/wheeltec/wheeltec_ros2/install/astra_camera_msgs/share/astra_camera_msgs/cmake/astra_camera_msgs__rosidl_typesupport_cppExport-noconfig.cmake
[2.444s] -- Up-to-date: /home/wheeltec/wheeltec_ros2/install/astra_camera_msgs/share/astra_camera_msgs/cmake/rosidl_cmake-extras.cmake
[2.444s] -- Up-to-date: /home/wheeltec/wheeltec_ros2/install/astra_camera_msgs/share/astra_camera_msgs/cmake/ament_cmake_export_dependencies-extras.cmake
[2.445s] -- Up-to-date: /home/wheeltec/wheeltec_ros2/install/astra_camera_msgs/share/astra_camera_msgs/cmake/ament_cmake_export_libraries-extras.cmake
[2.445s] -- Up-to-date: /home/wheeltec/wheeltec_ros2/install/astra_camera_msgs/share/astra_camera_msgs/cmake/ament_cmake_export_targets-extras.cmake
[2.445s] -- Up-to-date: /home/wheeltec/wheeltec_ros2/install/astra_camera_msgs/share/astra_camera_msgs/cmake/ament_cmake_export_include_directories-extras.cmake
[2.446s] -- Up-to-date: /home/wheeltec/wheeltec_ros2/install/astra_camera_msgs/share/astra_camera_msgs/cmake/rosidl_cmake_export_typesupport_libraries-extras.cmake
[2.446s] -- Up-to-date: /home/wheeltec/wheeltec_ros2/install/astra_camera_msgs/share/astra_camera_msgs/cmake/rosidl_cmake_export_typesupport_targets-extras.cmake
[2.448s] -- Up-to-date: /home/wheeltec/wheeltec_ros2/install/astra_camera_msgs/share/astra_camera_msgs/cmake/astra_camera_msgsConfig.cmake
[2.457s] -- Up-to-date: /home/wheeltec/wheeltec_ros2/install/astra_camera_msgs/share/astra_camera_msgs/cmake/astra_camera_msgsConfig-version.cmake
[2.458s] -- Up-to-date: /home/wheeltec/wheeltec_ros2/install/astra_camera_msgs/share/astra_camera_msgs/package.xml
[2.459s] Invoked command in '/home/wheeltec/wheeltec_ros2/build/astra_camera_msgs' returned '0': CMAKE_PREFIX_PATH=/opt/ros/galactic /usr/bin/cmake --install /home/wheeltec/wheeltec_ros2/build/astra_camera_msgs
