-- Found ament_cmake: 1.1.5 (/opt/ros/galactic/share/ament_cmake/cmake)
-- Using PYTHON_EXECUTABLE: /usr/bin/python3
-- Found rclcpp: 9.2.1 (/opt/ros/galactic/share/rclcpp/cmake)
-- Using all available rosidl_typesupport_c: rosidl_typesupport_fastrtps_c;rosidl_typesupport_introspection_c
-- Found rosidl_adapter: 2.2.2 (/opt/ros/galactic/share/rosidl_adapter/cmake)
-- Using all available rosidl_typesupport_cpp: rosidl_typesupport_fastrtps_cpp;rosidl_typesupport_introspection_cpp
-- Found rmw_implementation_cmake: 3.3.1 (/opt/ros/galactic/share/rmw_implementation_cmake/cmake)
-- Found rmw_cyclonedds_cpp: 0.22.5 (/opt/ros/galactic/share/rmw_cyclonedds_cpp/cmake)
-- Using RMW implementation 'rmw_cyclonedds_cpp' as default
-- Found rclcpp_action: 9.2.1 (/opt/ros/galactic/share/rclcpp_action/cmake)
-- Found filters: 2.1.0 (/opt/ros/galactic/share/filters/cmake)
-- Found geometry_msgs: 2.2.4 (/opt/ros/galactic/share/geometry_msgs/cmake)
-- Found wheeltec_rrt_msg: 0.0.0 (/home/wheeltec/wheeltec_ros2/install/wheeltec_rrt_msg/share/wheeltec_rrt_msg/cmake)
-- Found tf2_ros: 0.17.3 (/opt/ros/galactic/share/tf2_ros/cmake)
-- Found tf2_geometry_msgs: 0.17.3 (/opt/ros/galactic/share/tf2_geometry_msgs/cmake)
-- Found eigen3_cmake_module: 0.1.1 (/opt/ros/galactic/share/eigen3_cmake_module/cmake)
-- Found Eigen3: TRUE (found version "3.3.7") 
-- Found visualization_msgs: 2.2.4 (/opt/ros/galactic/share/visualization_msgs/cmake)
-- Found nav2_msgs: 1.0.12 (/home/wheeltec/wheeltec_ros2/install/nav2_msgs/share/nav2_msgs/cmake)
-- Found laser_geometry: 2.2.1 (/opt/ros/galactic/share/laser_geometry/cmake)
-- Found sensor_msgs: 2.2.4 (/opt/ros/galactic/share/sensor_msgs/cmake)
-- Found OpenCV: /usr (found suitable version "4.2.0", minimum required is "4.2.0") 
-- Found cv_bridge: 2.2.1 (/opt/ros/galactic/share/cv_bridge/cmake)
-- Found behaviortree_cpp_v3: 3.6.0 (/opt/ros/galactic/share/behaviortree_cpp_v3/cmake)
-- Configuring incomplete, errors occurred!
See also "/home/wheeltec/wheeltec_ros2/build/wheeltec_robot_rrt/CMakeFiles/CMakeOutput.log".
See also "/home/wheeltec/wheeltec_ros2/build/wheeltec_robot_rrt/CMakeFiles/CMakeError.log".
