[0.106s] Invoking command in '/home/wheeltec/wheeltec_ros2/build/wheeltec_robot_rrt': CMAKE_PREFIX_PATH=${CMAKE_PREFIX_PATH}:/home/wheeltec/wheeltec_ros2/install/wheeltec_robot_keyboard:/home/wheeltec/wheeltec_ros2/install/tf2_tools:/home/wheeltec/wheeltec_ros2/install/nav2_gazebo_spawner:/opt/ros/galactic /usr/bin/cmake /home/wheeltec/wheeltec_ros2/src/wheeltec_robot_rrt2 -DCMAKE_INSTALL_PREFIX=/home/wheeltec/wheeltec_ros2/install/wheeltec_robot_rrt
[0.185s] -- Found ament_cmake: 1.1.5 (/opt/ros/galactic/share/ament_cmake/cmake)
[0.305s] -- Using PYTHON_EXECUTABLE: /usr/bin/python3
[0.637s] -- Found rclcpp: 9.2.1 (/opt/ros/galactic/share/rclcpp/cmake)
[0.814s] -- Using all available rosidl_typesupport_c: rosidl_typesupport_fastrtps_c;rosidl_typesupport_introspection_c
[0.830s] -- Found rosidl_adapter: 2.2.2 (/opt/ros/galactic/share/rosidl_adapter/cmake)
[1.432s] -- Using all available rosidl_typesupport_cpp: rosidl_typesupport_fastrtps_cpp;rosidl_typesupport_introspection_cpp
[1.658s] -- Found rmw_implementation_cmake: 3.3.1 (/opt/ros/galactic/share/rmw_implementation_cmake/cmake)
[1.671s] -- Found rmw_cyclonedds_cpp: 0.22.5 (/opt/ros/galactic/share/rmw_cyclonedds_cpp/cmake)
[1.756s] -- Using RMW implementation 'rmw_cyclonedds_cpp' as default
[2.362s] -- Found rclcpp_action: 9.2.1 (/opt/ros/galactic/share/rclcpp_action/cmake)
[2.688s] -- Found filters: 2.1.0 (/opt/ros/galactic/share/filters/cmake)
[2.695s] -- Found geometry_msgs: 2.2.4 (/opt/ros/galactic/share/geometry_msgs/cmake)
[2.844s] -- Found wheeltec_rrt_msg: 0.0.0 (/home/wheeltec/wheeltec_ros2/install/wheeltec_rrt_msg/share/wheeltec_rrt_msg/cmake)
[4.126s] -- Found tf2_ros: 0.17.3 (/opt/ros/galactic/share/tf2_ros/cmake)
[5.416s] -- Found tf2_geometry_msgs: 0.17.3 (/opt/ros/galactic/share/tf2_geometry_msgs/cmake)
[5.485s] -- Found eigen3_cmake_module: 0.1.1 (/opt/ros/galactic/share/eigen3_cmake_module/cmake)
[5.522s] -- Found Eigen3: TRUE (found version "3.3.7") 
[5.660s] -- Found visualization_msgs: 2.2.4 (/opt/ros/galactic/share/visualization_msgs/cmake)
[5.979s] -- Found nav2_msgs: 1.0.12 (/home/wheeltec/wheeltec_ros2/install/nav2_msgs/share/nav2_msgs/cmake)
[6.980s] -- Found laser_geometry: 2.2.1 (/opt/ros/galactic/share/laser_geometry/cmake)
[7.013s] -- Found sensor_msgs: 2.2.4 (/opt/ros/galactic/share/sensor_msgs/cmake)
[7.389s] -- Found OpenCV: /usr (found suitable version "4.2.0", minimum required is "4.2.0") 
[7.415s] -- Found cv_bridge: 2.2.1 (/opt/ros/galactic/share/cv_bridge/cmake)
[7.460s] -- Found behaviortree_cpp_v3: 3.6.0 (/opt/ros/galactic/share/behaviortree_cpp_v3/cmake)
[7.539s] CMake Error at CMakeLists.txt:36 (find_package):
[7.540s]   By not providing "Findnav2_behavior_tree.cmake" in CMAKE_MODULE_PATH this
[7.541s]   project has asked CMake to find a package configuration file provided by
[7.542s]   "nav2_behavior_tree", but CMake did not find one.
[7.542s] 
[7.543s]   Could not find a package configuration file provided by
[7.544s]   "nav2_behavior_tree" with any of the following names:
[7.545s] 
[7.545s]     nav2_behavior_treeConfig.cmake
[7.546s]     nav2_behavior_tree-config.cmake
[7.547s] 
[7.548s]   Add the installation prefix of "nav2_behavior_tree" to CMAKE_PREFIX_PATH or
[7.549s]   set "nav2_behavior_tree_DIR" to a directory containing one of the above
[7.550s]   files.  If "nav2_behavior_tree" provides a separate development package or
[7.551s]   SDK, be sure it has been installed.
[7.552s] 
[7.563s] 
[7.564s] -- Configuring incomplete, errors occurred!
[7.565s] See also "/home/wheeltec/wheeltec_ros2/build/wheeltec_robot_rrt/CMakeFiles/CMakeOutput.log".
[7.565s] See also "/home/wheeltec/wheeltec_ros2/build/wheeltec_robot_rrt/CMakeFiles/CMakeError.log".
[7.600s] Invoked command in '/home/wheeltec/wheeltec_ros2/build/wheeltec_robot_rrt' returned '1': CMAKE_PREFIX_PATH=${CMAKE_PREFIX_PATH}:/home/wheeltec/wheeltec_ros2/install/wheeltec_robot_keyboard:/home/wheeltec/wheeltec_ros2/install/tf2_tools:/home/wheeltec/wheeltec_ros2/install/nav2_gazebo_spawner:/opt/ros/galactic /usr/bin/cmake /home/wheeltec/wheeltec_ros2/src/wheeltec_robot_rrt2 -DCMAKE_INSTALL_PREFIX=/home/wheeltec/wheeltec_ros2/install/wheeltec_robot_rrt
