[5.535s] Invoking command in '/home/wheeltec/wheeltec_ros2/src/depend/tf2_tools': PYTHONPATH=/home/wheeltec/wheeltec_ros2/build/tf2_tools/prefix_override:/usr/lib/python3/dist-packages/colcon_core/task/python/colcon_distutils_commands:/home/wheeltec/wheeltec_ros2/install/tf2_tools/lib/python3.8/site-packages:${PYTHONPATH} /usr/bin/python3 -W ignore:setup.py install is deprecated setup.py egg_info --egg-base ../../../build/tf2_tools build --build-base /home/wheeltec/wheeltec_ros2/build/tf2_tools/build install --record /home/wheeltec/wheeltec_ros2/build/tf2_tools/install.log --single-version-externally-managed install_data
[7.502s] running egg_info
[7.579s] writing ../../../build/tf2_tools/tf2_tools.egg-info/PKG-INFO
[7.582s] writing dependency_links to ../../../build/tf2_tools/tf2_tools.egg-info/dependency_links.txt
[7.582s] writing entry points to ../../../build/tf2_tools/tf2_tools.egg-info/entry_points.txt
[7.583s] writing requirements to ../../../build/tf2_tools/tf2_tools.egg-info/requires.txt
[7.584s] writing top-level names to ../../../build/tf2_tools/tf2_tools.egg-info/top_level.txt
[7.739s] reading manifest file '../../../build/tf2_tools/tf2_tools.egg-info/SOURCES.txt'
[7.744s] writing manifest file '../../../build/tf2_tools/tf2_tools.egg-info/SOURCES.txt'
[7.744s] running build
[7.745s] running build_py
[7.748s] running install
[7.777s] running install_lib
[7.855s] running install_data
[7.855s] running install_egg_info
[7.929s] removing '/home/wheeltec/wheeltec_ros2/install/tf2_tools/lib/python3.8/site-packages/tf2_tools-0.17.1-py3.8.egg-info' (and everything under it)
[7.930s] Copying ../../../build/tf2_tools/tf2_tools.egg-info to /home/wheeltec/wheeltec_ros2/install/tf2_tools/lib/python3.8/site-packages/tf2_tools-0.17.1-py3.8.egg-info
[7.935s] running install_scripts
[8.377s] Installing view_frames script to /home/wheeltec/wheeltec_ros2/install/tf2_tools/lib/tf2_tools
[8.379s] writing list of installed files to '/home/wheeltec/wheeltec_ros2/build/tf2_tools/install.log'
[8.632s] Invoked command in '/home/wheeltec/wheeltec_ros2/src/depend/tf2_tools' returned '0': PYTHONPATH=/home/wheeltec/wheeltec_ros2/build/tf2_tools/prefix_override:/usr/lib/python3/dist-packages/colcon_core/task/python/colcon_distutils_commands:/home/wheeltec/wheeltec_ros2/install/tf2_tools/lib/python3.8/site-packages:${PYTHONPATH} /usr/bin/python3 -W ignore:setup.py install is deprecated setup.py egg_info --egg-base ../../../build/tf2_tools build --build-base /home/wheeltec/wheeltec_ros2/build/tf2_tools/build install --record /home/wheeltec/wheeltec_ros2/build/tf2_tools/install.log --single-version-externally-managed install_data
